19.0663 	WARNING 	Movie2 stim could not be imported and won't be available
19.9453 	WARNING 	TextBox stim could not be imported and won't be available.
19.9453 	WARNING 	TextBox Font Manager Found No Fonts.
22.4773 	WARNING 	Couldn't measure a consistent frame rate.
  - Is your graphics card set to sync to vertical blank?
  - Are you running other processes on your computer?

22.4813 	EXP 	Created window1 = Window(allowGUI=False, allowStencil=False, autoLog=True, bitsMode=UNKNOWN, blendMode='avg', color=array([-1., -1., -1.]), colorSpace='rgb', fullscr=UNKNOWN, gamma=None, lms=UNKNOWN, monitor=<psychopy.monitors.calibTools.Monitor instance at 0xfe81a08>, name='window1', pos=[0, 0], screen=0, size=array([1440,  900]), stereo=False, units=u'norm', useFBO=True, viewOri=0.0, viewPos=None, viewScale=None, waitBlanking=True, winType='pyglet')
22.4814 	EXP 	window1: recordFrameIntervals = False
22.6470 	EXP 	window1: recordFrameIntervals = True
22.7325 	WARNING 	t of last frame was 21.36ms (=1/46)
22.7987 	WARNING 	t of last frame was 21.07ms (=1/47)
22.9490 	WARNING 	t of last frame was 20.53ms (=1/48)
23.0156 	WARNING 	t of last frame was 20.58ms (=1/48)
23.0824 	WARNING 	Multiple dropped frames have occurred - I'll stop bothering you about them!
24.3135 	WARNING 	Couldn't measure a consistent frame rate.
  - Is your graphics card set to sync to vertical blank?
  - Are you running other processes on your computer?

24.4648 	EXP 	Created text_4 = TextStim(alignHoriz='center', alignVert='center', antialias=True, autoLog=True, bold=False, color='white', colorSpace='named', contrast=1.0, depth=0.0, flipHoriz=False, flipVert=False, font='Arial', fontFiles=[], height=0.1, italic=False, name='text_4', opacity=1.0, ori=0, pos=array([ 0.,  0.]), rgb=array([ 255.,  255.,  255.]), text=u'Instructions will go here.', units=u'norm', win=Window(...), wrapWidth=1)
25.5282 	EXP 	Created text = TextStim(alignHoriz='center', alignVert='center', antialias=True, autoLog=True, bold=False, color='white', colorSpace='named', contrast=1.0, depth=-1.0, flipHoriz=False, flipVert=False, font='Arial', fontFiles=[], height=0.1, italic=False, name='text', opacity=1.0, ori=0, pos=array([ 0.,  0.]), rgb=array([ 255.,  255.,  255.]), text=u'default text', units=u'norm', win=Window(...), wrapWidth=1)
25.5405 	EXP 	Created question = TextStim(alignHoriz='center', alignVert='center', antialias=True, autoLog=True, bold=False, color='white', colorSpace='named', contrast=1.0, depth=0.0, flipHoriz=False, flipVert=False, font='Arial', fontFiles=[], height=0.1, italic=False, name='question', opacity=1.0, ori=0, pos=array([ 0. ,  0.5]), rgb=array([ 255.,  255.,  255.]), text=u'Whose voice did you hear?', units=u'norm', win=Window(...), wrapWidth=2)
25.5415 	EXP 	<method-wrapper '__getattribute__' of attributeSetter object at 0xf13c9d0>: vertices = array([[-0.25,  0.25],
       [ 0.25,  0.25],
       [ 0.25, -0.25],
       [-0.25, -0.25]])
25.5439 	EXP 	Created self_box = Rect(autoDraw=False, autoLog=True, closeShape=True, contrast=1.0, depth=0, fillColor='#A6A9FF', fillColorSpace='hex', fillRGB=array([166, 169, 255]), interpolate=True, lineColor='#3E45FA', lineColorSpace='hex', lineRGB=array([ 62,  69, 250]), lineWidth=5, name='self_box', opacity=1.0, ori=array(0.0), pos=array([-0.5, -0.5]), size=array([ 1.,  1.]), units=u'norm', vertices=ndarray(...), win=Window(...))
25.5540 	EXP 	Created self_label = TextStim(alignHoriz='center', alignVert='center', antialias=True, autoLog=True, bold=False, color='black', colorSpace='named', contrast=1.0, depth=-2.0, flipHoriz=False, flipVert=False, font='Arial', fontFiles=[], height=0.1, italic=False, name='self_label', opacity=1.0, ori=0, pos=array([-0.5, -0.5]), rgb=array([ 0.,  0.,  0.]), text=u'Mine', units=u'norm', win=Window(...), wrapWidth=1)
25.5546 	EXP 	<method-wrapper '__getattribute__' of attributeSetter object at 0xf13c9d0>: vertices = array([[-0.25,  0.25],
       [ 0.25,  0.25],
       [ 0.25, -0.25],
       [-0.25, -0.25]])
25.5569 	EXP 	Created other_box = Rect(autoDraw=False, autoLog=True, closeShape=True, contrast=1.0, depth=0, fillColor='#FFFCA6', fillColorSpace='hex', fillRGB=array([255, 252, 166]), interpolate=True, lineColor='#FAF33E', lineColorSpace='hex', lineRGB=array([250, 243,  62]), lineWidth=5, name='other_box', opacity=1.0, ori=array(0.0), pos=array([ 0.5, -0.5]), size=array([ 1.,  1.]), units=u'norm', vertices=ndarray(...), win=Window(...))
25.5628 	EXP 	Created other_label = TextStim(alignHoriz='center', alignVert='center', antialias=True, autoLog=True, bold=False, color='black', colorSpace='named', contrast=1.0, depth=-4.0, flipHoriz=False, flipVert=False, font='Arial', fontFiles=[], height=0.1, italic=False, name='other_label', opacity=1.0, ori=0, pos=array([ 0.5, -0.5]), rgb=array([ 0.,  0.,  0.]), text=u'Other', units=u'norm', win=Window(...), wrapWidth=1)
25.5757 	EXP 	Created text_3 = TextStim(alignHoriz='center', alignVert='center', antialias=True, autoLog=True, bold=False, color='white', colorSpace='named', contrast=1.0, depth=0.0, flipHoriz=False, flipVert=False, font='Arial', fontFiles=[], height=0.1, italic=False, name='text_3', opacity=1.0, ori=0, pos=array([ 0.,  0.]), rgb=array([ 255.,  255.,  255.]), text=u'Thank you for participating!', units=u'norm', win=Window(...), wrapWidth=1)
25.5848 	EXP 	Created results_text = TextStim(alignHoriz='center', alignVert='center', antialias=True, autoLog=True, bold=False, color=u'white', colorSpace='named', contrast=1.0, depth=0.0, flipHoriz=False, flipVert=False, font=u'Arial', fontFiles=[], height=0.1, italic=False, name='results_text', opacity=1.0, ori=0, pos=array([ 0.,  0.]), rgb=array([ 255.,  255.,  255.]), text=u'default text', units=u'norm', win=Window(...), wrapWidth=2)
25.6036 	EXP 	text_4: autoDraw = True
30.5951 	EXP 	Imported /Volumes/Macintosh HD/Users/poppe076/Desktop/source_monitoring_task/data/1_source_monitoring_2015_Jun_16_2040_wordlist.csv as conditions, 9 conditions, 5 params
30.5975 	EXP 	Created sequence: sequential, trialTypes=9, nReps=1, seed=None
30.7052 	EXP 	New trial (rep=0, index=0): {'word': u'word8.1', 'amount': u'-1.5', 'list': u'list8', 'trialtype': u'pitch', 'trialtype_extended': u'pitch_lower_small'}
30.7296 	EXP 	text_4: autoDraw = False
30.7296 	EXP 	text: text = u'word8.1'
31.7309 	EXP 	text: autoDraw = True
41.6298 	EXP 	text: autoDraw = False
41.6298 	EXP 	question: autoDraw = True
41.6298 	EXP 	self_box: autoDraw = True
41.6298 	EXP 	self_label: autoDraw = True
41.6298 	EXP 	other_box: autoDraw = True
41.6298 	EXP 	other_label: autoDraw = True
41.6298 	EXP 	self_box: fillColor = '#A6A9FF'
41.6298 	EXP 	other_box: fillColor = '#FFFCA6'
41.6475 	EXP 	self_box: fillColor = '#A6A9FF'
41.6475 	EXP 	other_box: fillColor = '#FFFCA6'
41.6586 	EXP 	self_box: fillColor = '#A6A9FF'
41.6586 	EXP 	other_box: fillColor = '#FFFCA6'
41.6754 	EXP 	self_box: fillColor = '#A6A9FF'
41.6754 	EXP 	other_box: fillColor = '#FFFCA6'
41.6965 	EXP 	self_box: fillColor = '#A6A9FF'
41.6965 	EXP 	other_box: fillColor = '#FFFCA6'
41.7143 	EXP 	self_box: fillColor = '#A6A9FF'
41.7143 	EXP 	other_box: fillColor = '#FFFCA6'
41.7258 	EXP 	self_box: fillColor = '#A6A9FF'
41.7258 	EXP 	other_box: fillColor = '#FFFCA6'
41.7425 	EXP 	self_box: fillColor = '#A6A9FF'
41.7425 	EXP 	other_box: fillColor = '#FFFCA6'
41.7590 	EXP 	self_box: fillColor = '#A6A9FF'
41.7590 	EXP 	other_box: fillColor = '#FFFCA6'
41.7758 	EXP 	self_box: fillColor = '#A6A9FF'
41.7758 	EXP 	other_box: fillColor = '#FFFCA6'
41.7933 	EXP 	self_box: fillColor = '#A6A9FF'
41.7933 	EXP 	other_box: fillColor = '#FFFCA6'
41.8143 	EXP 	self_box: fillColor = '#A6A9FF'
41.8143 	EXP 	other_box: fillColor = '#FFFCA6'
41.8319 	EXP 	self_box: fillColor = '#A6A9FF'
41.8319 	EXP 	other_box: fillColor = '#FFFCA6'
41.8431 	EXP 	self_box: fillColor = '#A6A9FF'
41.8431 	EXP 	other_box: fillColor = '#FFFCA6'
41.8596 	EXP 	self_box: fillColor = '#A6A9FF'
41.8596 	EXP 	other_box: fillColor = '#FFFCA6'
41.8758 	EXP 	self_box: fillColor = '#A6A9FF'
41.8758 	EXP 	other_box: fillColor = '#FFFCA6'
41.8927 	EXP 	self_box: fillColor = '#A6A9FF'
41.8927 	EXP 	other_box: fillColor = '#FFFCA6'
41.9093 	EXP 	self_box: fillColor = '#A6A9FF'
41.9093 	EXP 	other_box: fillColor = '#FFFCA6'
41.9257 	EXP 	self_box: fillColor = '#A6A9FF'
41.9257 	EXP 	other_box: fillColor = '#FFFCA6'
41.9424 	EXP 	self_box: fillColor = '#A6A9FF'
41.9424 	EXP 	other_box: fillColor = '#FFFCA6'
41.9603 	EXP 	self_box: fillColor = '#A6A9FF'
41.9603 	EXP 	other_box: fillColor = '#FFFCA6'
41.9804 	EXP 	self_box: fillColor = '#A6A9FF'
41.9804 	EXP 	other_box: fillColor = '#FFFCA6'
41.9983 	EXP 	self_box: fillColor = '#A6A9FF'
41.9983 	EXP 	other_box: fillColor = '#FFFCA6'
42.0092 	EXP 	self_box: fillColor = '#A6A9FF'
42.0092 	EXP 	other_box: fillColor = '#FFFCA6'
42.0268 	EXP 	self_box: fillColor = '#A6A9FF'
42.0268 	EXP 	other_box: fillColor = '#FFFCA6'
42.0458 	EXP 	self_box: fillColor = '#A6A9FF'
42.0458 	EXP 	other_box: fillColor = '#FFFCA6'
42.0654 	EXP 	self_box: fillColor = '#A6A9FF'
42.0654 	EXP 	other_box: fillColor = '#FFFCA6'
42.0760 	EXP 	self_box: fillColor = '#A6A9FF'
42.0760 	EXP 	other_box: fillColor = '#FFFCA6'
42.0936 	EXP 	self_box: fillColor = '#A6A9FF'
42.0936 	EXP 	other_box: fillColor = '#FFFCA6'
42.1139 	EXP 	self_box: fillColor = '#A6A9FF'
42.1139 	EXP 	other_box: fillColor = '#FFFCA6'
42.1316 	EXP 	self_box: fillColor = '#A6A9FF'
42.1316 	EXP 	other_box: fillColor = '#FFFCA6'
42.1437 	EXP 	self_box: fillColor = '#A6A9FF'
42.1437 	EXP 	other_box: fillColor = '#FFFCA6'
42.1594 	EXP 	self_box: fillColor = '#A6A9FF'
42.1594 	EXP 	other_box: fillColor = '#FFFCA6'
42.1764 	EXP 	self_box: fillColor = '#A6A9FF'
42.1764 	EXP 	other_box: fillColor = '#FFFCA6'
42.1930 	EXP 	self_box: fillColor = '#A6A9FF'
42.1930 	EXP 	other_box: fillColor = '#FFFCA6'
42.2097 	EXP 	self_box: fillColor = '#A6A9FF'
42.2097 	EXP 	other_box: fillColor = '#FFFCA6'
42.2308 	EXP 	self_box: fillColor = '#A6A9FF'
42.2308 	EXP 	other_box: fillColor = '#FFFCA6'
42.2490 	EXP 	self_box: fillColor = '#A6A9FF'
42.2490 	EXP 	other_box: fillColor = '#FFFCA6'
42.2596 	EXP 	self_box: fillColor = '#A6A9FF'
42.2596 	EXP 	other_box: fillColor = '#FFFCA6'
42.2768 	EXP 	self_box: fillColor = '#A6A9FF'
42.2768 	EXP 	other_box: fillColor = '#FFFCA6'
42.2956 	EXP 	self_box: fillColor = '#A6A9FF'
42.2956 	EXP 	other_box: fillColor = '#FFFCA6'
42.3151 	EXP 	self_box: fillColor = '#A6A9FF'
42.3151 	EXP 	other_box: fillColor = '#FFFCA6'
42.3272 	EXP 	self_box: fillColor = '#A6A9FF'
42.3272 	EXP 	other_box: fillColor = '#FFFCA6'
42.3431 	EXP 	self_box: fillColor = '#A6A9FF'
42.3431 	EXP 	other_box: fillColor = '#FFFCA6'
42.3609 	EXP 	self_box: fillColor = '#A6A9FF'
42.3609 	EXP 	other_box: fillColor = '#FFFCA6'
42.3810 	EXP 	self_box: fillColor = '#A6A9FF'
42.3810 	EXP 	other_box: fillColor = '#FFFCA6'
42.3986 	EXP 	self_box: fillColor = '#A6A9FF'
42.3986 	EXP 	other_box: fillColor = '#FFFCA6'
42.4098 	EXP 	self_box: fillColor = '#A6A9FF'
42.4098 	EXP 	other_box: fillColor = '#FFFCA6'
42.4275 	EXP 	self_box: fillColor = '#A6A9FF'
42.4275 	EXP 	other_box: fillColor = '#FFFCA6'
42.4486 	EXP 	self_box: fillColor = '#A6A9FF'
42.4486 	EXP 	other_box: fillColor = '#FFFCA6'
42.4655 	EXP 	self_box: fillColor = '#A6A9FF'
42.4655 	EXP 	other_box: fillColor = '#FFFCA6'
42.4766 	EXP 	self_box: fillColor = '#A6A9FF'
42.4766 	EXP 	other_box: fillColor = '#FFFCA6'
42.4936 	EXP 	self_box: fillColor = '#A6A9FF'
42.4936 	EXP 	other_box: fillColor = '#FFFCA6'
42.5130 	EXP 	self_box: fillColor = '#A6A9FF'
42.5130 	EXP 	other_box: fillColor = '#FFFCA6'
42.5323 	EXP 	self_box: fillColor = '#A6A9FF'
42.5323 	EXP 	other_box: fillColor = '#FFFCA6'
42.5444 	EXP 	self_box: fillColor = '#A6A9FF'
42.5444 	EXP 	other_box: fillColor = '#FFFCA6'
42.5608 	EXP 	self_box: fillColor = '#A6A9FF'
42.5608 	EXP 	other_box: fillColor = '#FFFCA6'
42.5769 	EXP 	self_box: fillColor = '#A6A9FF'
42.5769 	EXP 	other_box: fillColor = '#FFFCA6'
42.5941 	EXP 	self_box: fillColor = '#A6A9FF'
42.5941 	EXP 	other_box: fillColor = '#FFFCA6'
42.6151 	EXP 	self_box: fillColor = '#A6A9FF'
42.6151 	EXP 	other_box: fillColor = '#FFFCA6'
42.6329 	EXP 	self_box: fillColor = '#A6A9FF'
42.6329 	EXP 	other_box: fillColor = '#FFFCA6'
42.6437 	EXP 	self_box: fillColor = '#A6A9FF'
42.6437 	EXP 	other_box: fillColor = '#FFFCA6'
42.6610 	EXP 	self_box: fillColor = '#A6A9FF'
42.6610 	EXP 	other_box: fillColor = '#FFFCA6'
42.6813 	EXP 	self_box: fillColor = '#A6A9FF'
42.6813 	EXP 	other_box: fillColor = '#FFFCA6'
42.6994 	EXP 	self_box: fillColor = '#A6A9FF'
42.6994 	EXP 	other_box: fillColor = '#FFFCA6'
42.7100 	EXP 	self_box: fillColor = '#A6A9FF'
42.7100 	EXP 	other_box: fillColor = '#FFFCA6'
42.7275 	EXP 	self_box: fillColor = '#A6A9FF'
42.7275 	EXP 	other_box: fillColor = '#FFFCA6'
42.7466 	EXP 	self_box: fillColor = '#A6A9FF'
42.7466 	EXP 	other_box: fillColor = '#FFFCA6'
42.7657 	EXP 	self_box: fillColor = '#A6A9FF'
42.7657 	EXP 	other_box: fillColor = '#FFFCA6'
42.7774 	EXP 	self_box: fillColor = '#A6A9FF'
42.7774 	EXP 	other_box: fillColor = '#FFFCA6'
42.7934 	EXP 	self_box: fillColor = '#A6A9FF'
42.7934 	EXP 	other_box: fillColor = '#FFFCA6'
42.8109 	EXP 	self_box: fillColor = '#A6A9FF'
42.8109 	EXP 	other_box: fillColor = '#FFFCA6'
42.8315 	EXP 	self_box: fillColor = '#A6A9FF'
42.8315 	EXP 	other_box: fillColor = '#FFFCA6'
42.8476 	EXP 	self_box: fillColor = '#A6A9FF'
42.8476 	EXP 	other_box: fillColor = '#FFFCA6'
42.8611 	EXP 	self_box: fillColor = '#A6A9FF'
42.8611 	EXP 	other_box: fillColor = '#FFFCA6'
42.8779 	EXP 	self_box: fillColor = '#3E45FA'
42.8779 	EXP 	other_box: fillColor = '#FFFCA6'
42.8936 	EXP 	self_box: fillColor = '#3E45FA'
42.8936 	EXP 	other_box: fillColor = '#FFFCA6'
42.9108 	EXP 	self_box: fillColor = '#3E45FA'
42.9108 	EXP 	other_box: fillColor = '#FFFCA6'
42.9300 	EXP 	self_box: fillColor = '#3E45FA'
42.9300 	EXP 	other_box: fillColor = '#FFFCA6'
42.9478 	EXP 	self_box: fillColor = '#3E45FA'
42.9478 	EXP 	other_box: fillColor = '#FFFCA6'
42.9612 	EXP 	self_box: fillColor = '#3E45FA'
42.9612 	EXP 	other_box: fillColor = '#FFFCA6'
42.9771 	EXP 	self_box: fillColor = '#3E45FA'
42.9771 	EXP 	other_box: fillColor = '#FFFCA6'
42.9946 	EXP 	self_box: fillColor = '#3E45FA'
42.9946 	EXP 	other_box: fillColor = '#FFFCA6'
43.0133 	EXP 	self_box: fillColor = '#3E45FA'
43.0133 	EXP 	other_box: fillColor = '#FFFCA6'
43.0311 	EXP 	self_box: fillColor = '#3E45FA'
43.0311 	EXP 	other_box: fillColor = '#FFFCA6'
43.0442 	EXP 	self_box: fillColor = '#3E45FA'
43.0442 	EXP 	other_box: fillColor = '#FFFCA6'
43.0612 	EXP 	self_box: fillColor = '#3E45FA'
43.0612 	EXP 	other_box: fillColor = '#FFFCA6'
43.0801 	EXP 	self_box: fillColor = '#3E45FA'
43.0801 	EXP 	other_box: fillColor = '#FFFCA6'
43.0999 	EXP 	self_box: fillColor = '#3E45FA'
43.0999 	EXP 	other_box: fillColor = '#FFFCA6'
43.1113 	EXP 	self_box: fillColor = '#3E45FA'
43.1113 	EXP 	other_box: fillColor = '#FFFCA6'
43.1283 	EXP 	self_box: fillColor = '#3E45FA'
43.1283 	EXP 	other_box: fillColor = '#FFFCA6'
43.1470 	EXP 	self_box: fillColor = '#3E45FA'
43.1470 	EXP 	other_box: fillColor = '#FFFCA6'
43.1664 	EXP 	self_box: fillColor = '#3E45FA'
43.1664 	EXP 	other_box: fillColor = '#FFFCA6'
43.1774 	EXP 	self_box: fillColor = '#3E45FA'
43.1774 	EXP 	other_box: fillColor = '#FFFCA6'
43.1942 	EXP 	self_box: fillColor = '#3E45FA'
43.1942 	EXP 	other_box: fillColor = '#FFFCA6'
43.2108 	EXP 	self_box: fillColor = '#3E45FA'
43.2108 	EXP 	other_box: fillColor = '#FFFCA6'
43.2274 	EXP 	self_box: fillColor = '#3E45FA'
43.2274 	EXP 	other_box: fillColor = '#FFFCA6'
43.2491 	EXP 	self_box: fillColor = '#3E45FA'
43.2491 	EXP 	other_box: fillColor = '#FFFCA6'
43.2671 	EXP 	self_box: fillColor = '#3E45FA'
43.2671 	EXP 	other_box: fillColor = '#FFFCA6'
43.2779 	EXP 	self_box: fillColor = '#3E45FA'
43.2779 	EXP 	other_box: fillColor = '#FFFCA6'
43.2955 	EXP 	self_box: fillColor = '#3E45FA'
43.2955 	EXP 	other_box: fillColor = '#FFFCA6'
43.3164 	EXP 	self_box: fillColor = '#3E45FA'
43.3164 	EXP 	other_box: fillColor = '#FFFCA6'
43.3319 	EXP 	self_box: fillColor = '#3E45FA'
43.3319 	EXP 	other_box: fillColor = '#FFFCA6'
43.3445 	EXP 	self_box: fillColor = '#3E45FA'
43.3445 	EXP 	other_box: fillColor = '#FFFCA6'
43.3615 	EXP 	self_box: fillColor = '#3E45FA'
43.3615 	EXP 	other_box: fillColor = '#FFFCA6'
43.3830 	EXP 	self_box: fillColor = '#3E45FA'
43.3830 	EXP 	other_box: fillColor = '#FFFCA6'
43.4007 	EXP 	self_box: fillColor = '#3E45FA'
43.4007 	EXP 	other_box: fillColor = '#FFFCA6'
43.4114 	EXP 	self_box: fillColor = '#3E45FA'
43.4114 	EXP 	other_box: fillColor = '#FFFCA6'
43.4280 	EXP 	self_box: fillColor = '#3E45FA'
43.4280 	EXP 	other_box: fillColor = '#FFFCA6'
43.4452 	EXP 	self_box: fillColor = '#3E45FA'
43.4452 	EXP 	other_box: fillColor = '#FFFCA6'
43.4646 	EXP 	self_box: fillColor = '#A6A9FF'
43.4646 	EXP 	other_box: fillColor = '#FFFCA6'
43.4823 	EXP 	self_box: fillColor = '#A6A9FF'
43.4823 	EXP 	other_box: fillColor = '#FFFCA6'
43.4957 	EXP 	self_box: fillColor = '#A6A9FF'
43.4957 	EXP 	other_box: fillColor = '#FFFCA6'
43.5125 	EXP 	self_box: fillColor = '#A6A9FF'
43.5125 	EXP 	other_box: fillColor = '#FFFCA6'
43.5286 	EXP 	self_box: fillColor = '#A6A9FF'
43.5286 	EXP 	other_box: fillColor = '#FFFCA6'
43.5458 	EXP 	self_box: fillColor = '#A6A9FF'
43.5458 	EXP 	other_box: fillColor = '#FFFCA6'
43.5664 	EXP 	self_box: fillColor = '#A6A9FF'
43.5664 	EXP 	other_box: fillColor = '#FFFCA6'
43.5846 	EXP 	self_box: fillColor = '#A6A9FF'
43.5846 	EXP 	other_box: fillColor = '#FFFCA6'
43.5953 	EXP 	self_box: fillColor = '#A6A9FF'
43.5953 	EXP 	other_box: fillColor = '#FFFCA6'
43.6124 	EXP 	self_box: fillColor = '#A6A9FF'
43.6124 	EXP 	other_box: fillColor = '#FFFCA6'
43.6317 	EXP 	self_box: fillColor = '#A6A9FF'
43.6317 	EXP 	other_box: fillColor = '#FFFCA6'
43.6513 	EXP 	self_box: fillColor = '#A6A9FF'
43.6513 	EXP 	other_box: fillColor = '#FFFCA6'
43.6622 	EXP 	self_box: fillColor = '#A6A9FF'
43.6622 	EXP 	other_box: fillColor = '#FFFCA6'
43.6792 	EXP 	self_box: fillColor = '#A6A9FF'
43.6792 	EXP 	other_box: fillColor = '#FFFCA6'
43.7005 	EXP 	self_box: fillColor = '#A6A9FF'
43.7005 	EXP 	other_box: fillColor = '#FFFCA6'
43.7187 	EXP 	self_box: fillColor = '#A6A9FF'
43.7187 	EXP 	other_box: fillColor = '#FFFCA6'
43.7290 	EXP 	self_box: fillColor = '#A6A9FF'
43.7290 	EXP 	other_box: fillColor = '#FFFCA6'
43.7454 	EXP 	self_box: fillColor = '#A6A9FF'
43.7454 	EXP 	other_box: fillColor = '#FFFCA6'
43.7677 	EXP 	self_box: fillColor = '#A6A9FF'
43.7677 	EXP 	other_box: fillColor = '#FFFCA6'
43.7861 	EXP 	self_box: fillColor = '#A6A9FF'
43.7861 	EXP 	other_box: fillColor = '#FFFCA6'
43.7962 	EXP 	self_box: fillColor = '#A6A9FF'
43.7962 	EXP 	other_box: fillColor = '#FFFCA6'
43.8129 	EXP 	self_box: fillColor = '#A6A9FF'
43.8129 	EXP 	other_box: fillColor = '#FFFCA6'
43.8291 	EXP 	self_box: fillColor = '#A6A9FF'
43.8291 	EXP 	other_box: fillColor = '#FFFCA6'
43.8462 	EXP 	self_box: fillColor = '#A6A9FF'
43.8462 	EXP 	other_box: fillColor = '#FFFCA6'
43.8648 	EXP 	self_box: fillColor = '#A6A9FF'
43.8648 	EXP 	other_box: fillColor = '#FFFCA6'
43.8830 	EXP 	self_box: fillColor = '#A6A9FF'
43.8830 	EXP 	other_box: fillColor = '#FAF33E'
43.8956 	EXP 	self_box: fillColor = '#A6A9FF'
43.8956 	EXP 	other_box: fillColor = '#FAF33E'
43.9127 	EXP 	self_box: fillColor = '#A6A9FF'
43.9127 	EXP 	other_box: fillColor = '#FAF33E'
43.9337 	EXP 	self_box: fillColor = '#A6A9FF'
43.9337 	EXP 	other_box: fillColor = '#FAF33E'
43.9637 	EXP 	self_box: fillColor = '#A6A9FF'
43.9637 	EXP 	other_box: fillColor = '#FAF33E'
43.9795 	EXP 	self_box: fillColor = '#A6A9FF'
43.9795 	EXP 	other_box: fillColor = '#FAF33E'
43.9963 	EXP 	self_box: fillColor = '#A6A9FF'
43.9963 	EXP 	other_box: fillColor = '#FAF33E'
44.0152 	EXP 	self_box: fillColor = '#A6A9FF'
44.0152 	EXP 	other_box: fillColor = '#FAF33E'
44.0352 	EXP 	self_box: fillColor = '#A6A9FF'
44.0352 	EXP 	other_box: fillColor = '#FAF33E'
44.0463 	EXP 	self_box: fillColor = '#A6A9FF'
44.0463 	EXP 	other_box: fillColor = '#FAF33E'
44.0627 	EXP 	self_box: fillColor = '#A6A9FF'
44.0627 	EXP 	other_box: fillColor = '#FAF33E'
44.0797 	EXP 	self_box: fillColor = '#A6A9FF'
44.0797 	EXP 	other_box: fillColor = '#FAF33E'
44.1013 	EXP 	self_box: fillColor = '#A6A9FF'
44.1013 	EXP 	other_box: fillColor = '#FAF33E'
44.1184 	EXP 	self_box: fillColor = '#A6A9FF'
44.1184 	EXP 	other_box: fillColor = '#FAF33E'
44.1297 	EXP 	self_box: fillColor = '#A6A9FF'
44.1297 	EXP 	other_box: fillColor = '#FAF33E'
44.1467 	EXP 	self_box: fillColor = '#A6A9FF'
44.1467 	EXP 	other_box: fillColor = '#FAF33E'
44.1656 	EXP 	self_box: fillColor = '#A6A9FF'
44.1656 	EXP 	other_box: fillColor = '#FAF33E'
44.1834 	EXP 	self_box: fillColor = '#A6A9FF'
44.1834 	EXP 	other_box: fillColor = '#FAF33E'
44.1962 	EXP 	self_box: fillColor = '#A6A9FF'
44.1962 	EXP 	other_box: fillColor = '#FAF33E'
44.2134 	EXP 	self_box: fillColor = '#A6A9FF'
44.2134 	EXP 	other_box: fillColor = '#FAF33E'
44.2348 	EXP 	self_box: fillColor = '#A6A9FF'
44.2348 	EXP 	other_box: fillColor = '#FAF33E'
44.2519 	EXP 	self_box: fillColor = '#A6A9FF'
44.2519 	EXP 	other_box: fillColor = '#FAF33E'
44.2631 	EXP 	self_box: fillColor = '#A6A9FF'
44.2631 	EXP 	other_box: fillColor = '#FAF33E'
44.2800 	EXP 	self_box: fillColor = '#A6A9FF'
44.2800 	EXP 	other_box: fillColor = '#FAF33E'
44.3012 	EXP 	self_box: fillColor = '#A6A9FF'
44.3012 	EXP 	other_box: fillColor = '#FAF33E'
44.3195 	EXP 	self_box: fillColor = '#A6A9FF'
44.3195 	EXP 	other_box: fillColor = '#FAF33E'
44.3303 	EXP 	self_box: fillColor = '#A6A9FF'
44.3303 	EXP 	other_box: fillColor = '#FFFCA6'
44.3462 	EXP 	self_box: fillColor = '#A6A9FF'
44.3462 	EXP 	other_box: fillColor = '#FFFCA6'
44.3634 	EXP 	self_box: fillColor = '#A6A9FF'
44.3634 	EXP 	other_box: fillColor = '#FFFCA6'
44.3801 	EXP 	self_box: fillColor = '#A6A9FF'
44.3801 	EXP 	other_box: fillColor = '#FFFCA6'
44.3971 	EXP 	self_box: fillColor = '#A6A9FF'
44.3971 	EXP 	other_box: fillColor = '#FFFCA6'
44.4180 	EXP 	self_box: fillColor = '#A6A9FF'
44.4180 	EXP 	other_box: fillColor = '#FFFCA6'
44.4357 	EXP 	self_box: fillColor = '#A6A9FF'
44.4357 	EXP 	other_box: fillColor = '#FFFCA6'
44.4473 	EXP 	self_box: fillColor = '#A6A9FF'
44.4473 	EXP 	other_box: fillColor = '#FFFCA6'
44.4633 	EXP 	self_box: fillColor = '#A6A9FF'
44.4633 	EXP 	other_box: fillColor = '#FFFCA6'
44.4809 	EXP 	self_box: fillColor = '#A6A9FF'
44.4809 	EXP 	other_box: fillColor = '#FFFCA6'
44.5018 	EXP 	self_box: fillColor = '#A6A9FF'
44.5018 	EXP 	other_box: fillColor = '#FFFCA6'
44.5199 	EXP 	self_box: fillColor = '#A6A9FF'
44.5199 	EXP 	other_box: fillColor = '#FFFCA6'
44.5305 	EXP 	self_box: fillColor = '#A6A9FF'
44.5305 	EXP 	other_box: fillColor = '#FFFCA6'
44.5468 	EXP 	self_box: fillColor = '#A6A9FF'
44.5468 	EXP 	other_box: fillColor = '#FFFCA6'
44.5645 	EXP 	self_box: fillColor = '#A6A9FF'
44.5645 	EXP 	other_box: fillColor = '#FFFCA6'
44.5833 	EXP 	self_box: fillColor = '#A6A9FF'
44.5833 	EXP 	other_box: fillColor = '#FFFCA6'
44.6023 	EXP 	self_box: fillColor = '#A6A9FF'
44.6023 	EXP 	other_box: fillColor = '#FFFCA6'
44.6144 	EXP 	self_box: fillColor = '#A6A9FF'
44.6144 	EXP 	other_box: fillColor = '#FFFCA6'
44.6308 	EXP 	self_box: fillColor = '#A6A9FF'
44.6308 	EXP 	other_box: fillColor = '#FFFCA6'
44.6480 	EXP 	self_box: fillColor = '#A6A9FF'
44.6480 	EXP 	other_box: fillColor = '#FFFCA6'
44.6666 	EXP 	self_box: fillColor = '#A6A9FF'
44.6666 	EXP 	other_box: fillColor = '#FFFCA6'
44.6861 	EXP 	self_box: fillColor = '#A6A9FF'
44.6861 	EXP 	other_box: fillColor = '#FFFCA6'
44.6971 	EXP 	self_box: fillColor = '#A6A9FF'
44.6971 	EXP 	other_box: fillColor = '#FFFCA6'
44.7141 	EXP 	self_box: fillColor = '#A6A9FF'
44.7141 	EXP 	other_box: fillColor = '#FFFCA6'
44.7335 	EXP 	self_box: fillColor = '#A6A9FF'
44.7335 	EXP 	other_box: fillColor = '#FFFCA6'
44.7525 	EXP 	self_box: fillColor = '#A6A9FF'
44.7525 	EXP 	other_box: fillColor = '#FFFCA6'
44.7638 	EXP 	self_box: fillColor = '#A6A9FF'
44.7638 	EXP 	other_box: fillColor = '#FFFCA6'
44.7810 	EXP 	self_box: fillColor = '#A6A9FF'
44.7810 	EXP 	other_box: fillColor = '#FFFCA6'
44.8017 	EXP 	self_box: fillColor = '#A6A9FF'
44.8017 	EXP 	other_box: fillColor = '#FFFCA6'
44.8195 	EXP 	self_box: fillColor = '#A6A9FF'
44.8195 	EXP 	other_box: fillColor = '#FFFCA6'
44.8306 	EXP 	self_box: fillColor = '#A6A9FF'
44.8306 	EXP 	other_box: fillColor = '#FFFCA6'
44.8478 	EXP 	self_box: fillColor = '#A6A9FF'
44.8478 	EXP 	other_box: fillColor = '#FFFCA6'
44.8697 	EXP 	self_box: fillColor = '#A6A9FF'
44.8697 	EXP 	other_box: fillColor = '#FFFCA6'
44.8873 	EXP 	self_box: fillColor = '#A6A9FF'
44.8873 	EXP 	other_box: fillColor = '#FFFCA6'
44.8975 	EXP 	self_box: fillColor = '#A6A9FF'
44.8975 	EXP 	other_box: fillColor = '#FFFCA6'
44.9141 	EXP 	self_box: fillColor = '#A6A9FF'
44.9141 	EXP 	other_box: fillColor = '#FFFCA6'
44.9352 	EXP 	self_box: fillColor = '#A6A9FF'
44.9352 	EXP 	other_box: fillColor = '#FFFCA6'
44.9538 	EXP 	self_box: fillColor = '#A6A9FF'
44.9538 	EXP 	other_box: fillColor = '#FFFCA6'
44.9648 	EXP 	self_box: fillColor = '#A6A9FF'
44.9648 	EXP 	other_box: fillColor = '#FFFCA6'
44.9819 	EXP 	self_box: fillColor = '#A6A9FF'
44.9819 	EXP 	other_box: fillColor = '#FFFCA6'
45.0006 	EXP 	self_box: fillColor = '#A6A9FF'
45.0006 	EXP 	other_box: fillColor = '#FFFCA6'
45.0199 	EXP 	self_box: fillColor = '#A6A9FF'
45.0199 	EXP 	other_box: fillColor = '#FFFCA6'
45.0316 	EXP 	self_box: fillColor = '#A6A9FF'
45.0316 	EXP 	other_box: fillColor = '#FFFCA6'
45.0485 	EXP 	self_box: fillColor = '#A6A9FF'
45.0485 	EXP 	other_box: fillColor = '#FFFCA6'
45.0644 	EXP 	self_box: fillColor = '#A6A9FF'
45.0644 	EXP 	other_box: fillColor = '#FFFCA6'
45.0811 	EXP 	self_box: fillColor = '#A6A9FF'
45.0811 	EXP 	other_box: fillColor = '#FFFCA6'
45.0982 	EXP 	self_box: fillColor = '#A6A9FF'
45.0982 	EXP 	other_box: fillColor = '#FFFCA6'
45.1174 	EXP 	self_box: fillColor = '#A6A9FF'
45.1174 	EXP 	other_box: fillColor = '#FFFCA6'
45.1365 	EXP 	self_box: fillColor = '#A6A9FF'
45.1365 	EXP 	other_box: fillColor = '#FFFCA6'
45.1477 	EXP 	self_box: fillColor = '#A6A9FF'
45.1477 	EXP 	other_box: fillColor = '#FFFCA6'
45.1650 	EXP 	self_box: fillColor = '#A6A9FF'
45.1650 	EXP 	other_box: fillColor = '#FFFCA6'
45.1841 	EXP 	self_box: fillColor = '#A6A9FF'
45.1841 	EXP 	other_box: fillColor = '#FFFCA6'
45.2039 	EXP 	self_box: fillColor = '#A6A9FF'
45.2039 	EXP 	other_box: fillColor = '#FFFCA6'
45.2147 	EXP 	self_box: fillColor = '#A6A9FF'
45.2147 	EXP 	other_box: fillColor = '#FFFCA6'
45.2314 	EXP 	self_box: fillColor = '#A6A9FF'
45.2314 	EXP 	other_box: fillColor = '#FFFCA6'
45.2533 	EXP 	self_box: fillColor = '#A6A9FF'
45.2533 	EXP 	other_box: fillColor = '#FFFCA6'
45.2713 	EXP 	self_box: fillColor = '#A6A9FF'
45.2713 	EXP 	other_box: fillColor = '#FFFCA6'
45.2817 	EXP 	self_box: fillColor = '#A6A9FF'
45.2817 	EXP 	other_box: fillColor = '#FFFCA6'
45.2985 	EXP 	self_box: fillColor = '#A6A9FF'
45.2985 	EXP 	other_box: fillColor = '#FFFCA6'
45.3194 	EXP 	self_box: fillColor = '#A6A9FF'
45.3194 	EXP 	other_box: fillColor = '#FFFCA6'
45.3372 	EXP 	self_box: fillColor = '#A6A9FF'
45.3372 	EXP 	other_box: fillColor = '#FFFCA6'
45.3481 	EXP 	self_box: fillColor = '#A6A9FF'
45.3481 	EXP 	other_box: fillColor = '#FFFCA6'
45.3658 	EXP 	self_box: fillColor = '#A6A9FF'
45.3658 	EXP 	other_box: fillColor = '#FFFCA6'
45.3844 	EXP 	self_box: fillColor = '#A6A9FF'
45.3844 	EXP 	other_box: fillColor = '#FFFCA6'
45.4035 	EXP 	self_box: fillColor = '#A6A9FF'
45.4035 	EXP 	other_box: fillColor = '#FFFCA6'
45.4150 	EXP 	self_box: fillColor = '#A6A9FF'
45.4150 	EXP 	other_box: fillColor = '#FFFCA6'
45.4317 	EXP 	self_box: fillColor = '#A6A9FF'
45.4317 	EXP 	other_box: fillColor = '#FFFCA6'
45.4510 	EXP 	self_box: fillColor = '#A6A9FF'
45.4510 	EXP 	other_box: fillColor = '#FFFCA6'
45.4706 	EXP 	self_box: fillColor = '#A6A9FF'
45.4706 	EXP 	other_box: fillColor = '#FFFCA6'
45.4815 	EXP 	self_box: fillColor = '#A6A9FF'
45.4815 	EXP 	other_box: fillColor = '#FFFCA6'
45.4988 	EXP 	self_box: fillColor = '#A6A9FF'
45.4988 	EXP 	other_box: fillColor = '#FFFCA6'
45.5195 	EXP 	self_box: fillColor = '#A6A9FF'
45.5195 	EXP 	other_box: fillColor = '#FFFCA6'
45.5379 	EXP 	self_box: fillColor = '#A6A9FF'
45.5379 	EXP 	other_box: fillColor = '#FFFCA6'
45.5492 	EXP 	self_box: fillColor = '#A6A9FF'
45.5492 	EXP 	other_box: fillColor = '#FFFCA6'
45.5656 	EXP 	self_box: fillColor = '#A6A9FF'
45.5656 	EXP 	other_box: fillColor = '#FFFCA6'
45.5820 	EXP 	self_box: fillColor = '#A6A9FF'
45.5820 	EXP 	other_box: fillColor = '#FFFCA6'
45.5991 	EXP 	self_box: fillColor = '#A6A9FF'
45.5991 	EXP 	other_box: fillColor = '#FFFCA6'
45.6164 	EXP 	self_box: fillColor = '#A6A9FF'
45.6164 	EXP 	other_box: fillColor = '#FFFCA6'
45.6350 	EXP 	self_box: fillColor = '#A6A9FF'
45.6350 	EXP 	other_box: fillColor = '#FFFCA6'
45.6545 	EXP 	self_box: fillColor = '#A6A9FF'
45.6545 	EXP 	other_box: fillColor = '#FFFCA6'
45.6653 	EXP 	self_box: fillColor = '#A6A9FF'
45.6653 	EXP 	other_box: fillColor = '#FFFCA6'
45.6825 	EXP 	self_box: fillColor = '#A6A9FF'
45.6825 	EXP 	other_box: fillColor = '#FFFCA6'
45.7018 	EXP 	self_box: fillColor = '#A6A9FF'
45.7018 	EXP 	other_box: fillColor = '#FFFCA6'
45.7208 	EXP 	self_box: fillColor = '#A6A9FF'
45.7208 	EXP 	other_box: fillColor = '#FFFCA6'
45.7320 	EXP 	self_box: fillColor = '#A6A9FF'
45.7320 	EXP 	other_box: fillColor = '#FFFCA6'
45.7499 	EXP 	self_box: fillColor = '#A6A9FF'
45.7499 	EXP 	other_box: fillColor = '#FFFCA6'
45.7710 	EXP 	self_box: fillColor = '#A6A9FF'
45.7710 	EXP 	other_box: fillColor = '#FFFCA6'
45.7888 	EXP 	self_box: fillColor = '#A6A9FF'
45.7888 	EXP 	other_box: fillColor = '#FFFCA6'
45.7990 	EXP 	self_box: fillColor = '#A6A9FF'
45.7990 	EXP 	other_box: fillColor = '#FFFCA6'
45.8161 	EXP 	self_box: fillColor = '#A6A9FF'
45.8161 	EXP 	other_box: fillColor = '#FFFCA6'
45.8352 	EXP 	self_box: fillColor = '#A6A9FF'
45.8352 	EXP 	other_box: fillColor = '#FFFCA6'
45.8544 	EXP 	self_box: fillColor = '#A6A9FF'
45.8544 	EXP 	other_box: fillColor = '#FFFCA6'
45.8663 	EXP 	self_box: fillColor = '#A6A9FF'
45.8663 	EXP 	other_box: fillColor = '#FFFCA6'
45.8829 	EXP 	self_box: fillColor = '#A6A9FF'
45.8829 	EXP 	other_box: fillColor = '#FFFCA6'
45.8992 	EXP 	self_box: fillColor = '#A6A9FF'
45.8992 	EXP 	other_box: fillColor = '#FFFCA6'
45.9156 	EXP 	self_box: fillColor = '#A6A9FF'
45.9156 	EXP 	other_box: fillColor = '#FFFCA6'
45.9323 	EXP 	self_box: fillColor = '#A6A9FF'
45.9323 	EXP 	other_box: fillColor = '#FFFCA6'
45.9537 	EXP 	self_box: fillColor = '#A6A9FF'
45.9537 	EXP 	other_box: fillColor = '#FFFCA6'
45.9719 	EXP 	self_box: fillColor = '#A6A9FF'
45.9719 	EXP 	other_box: fillColor = '#FFFCA6'
45.9829 	EXP 	self_box: fillColor = '#A6A9FF'
45.9829 	EXP 	other_box: fillColor = '#FFFCA6'
45.9997 	EXP 	self_box: fillColor = '#A6A9FF'
45.9997 	EXP 	other_box: fillColor = '#FFFCA6'
46.0167 	EXP 	self_box: fillColor = '#A6A9FF'
46.0167 	EXP 	other_box: fillColor = '#FFFCA6'
46.0370 	EXP 	self_box: fillColor = '#A6A9FF'
46.0370 	EXP 	other_box: fillColor = '#FFFCA6'
46.0554 	EXP 	self_box: fillColor = '#A6A9FF'
46.0554 	EXP 	other_box: fillColor = '#FFFCA6'
46.0670 	EXP 	self_box: fillColor = '#A6A9FF'
46.0670 	EXP 	other_box: fillColor = '#FFFCA6'
46.0831 	EXP 	self_box: fillColor = '#A6A9FF'
46.0831 	EXP 	other_box: fillColor = '#FFFCA6'
46.0993 	EXP 	self_box: fillColor = '#A6A9FF'
46.0993 	EXP 	other_box: fillColor = '#FFFCA6'
46.1162 	EXP 	self_box: fillColor = '#A6A9FF'
46.1162 	EXP 	other_box: fillColor = '#FFFCA6'
46.1355 	EXP 	self_box: fillColor = '#A6A9FF'
46.1355 	EXP 	other_box: fillColor = '#FFFCA6'
46.1555 	EXP 	self_box: fillColor = '#A6A9FF'
46.1555 	EXP 	other_box: fillColor = '#FFFCA6'
46.1660 	EXP 	self_box: fillColor = '#A6A9FF'
46.1660 	EXP 	other_box: fillColor = '#FFFCA6'
46.1831 	EXP 	self_box: fillColor = '#A6A9FF'
46.1831 	EXP 	other_box: fillColor = '#FFFCA6'
46.2042 	EXP 	self_box: fillColor = '#A6A9FF'
46.2042 	EXP 	other_box: fillColor = '#FFFCA6'
46.2219 	EXP 	self_box: fillColor = '#A6A9FF'
46.2219 	EXP 	other_box: fillColor = '#FFFCA6'
46.2334 	EXP 	self_box: fillColor = '#A6A9FF'
46.2334 	EXP 	other_box: fillColor = '#FFFCA6'
46.2496 	EXP 	self_box: fillColor = '#A6A9FF'
46.2496 	EXP 	other_box: fillColor = '#FFFCA6'
46.2671 	EXP 	self_box: fillColor = '#A6A9FF'
46.2671 	EXP 	other_box: fillColor = '#FFFCA6'
46.2857 	EXP 	self_box: fillColor = '#A6A9FF'
46.2857 	EXP 	other_box: fillColor = '#FFFCA6'
46.3060 	EXP 	self_box: fillColor = '#A6A9FF'
46.3060 	EXP 	other_box: fillColor = '#FFFCA6'
46.3163 	EXP 	self_box: fillColor = '#A6A9FF'
46.3163 	EXP 	other_box: fillColor = '#FFFCA6'
46.3334 	EXP 	self_box: fillColor = '#A6A9FF'
46.3334 	EXP 	other_box: fillColor = '#FFFCA6'
46.3525 	EXP 	self_box: fillColor = '#A6A9FF'
46.3525 	EXP 	other_box: fillColor = '#FFFCA6'
46.3724 	EXP 	self_box: fillColor = '#A6A9FF'
46.3724 	EXP 	other_box: fillColor = '#FFFCA6'
46.3831 	EXP 	self_box: fillColor = '#A6A9FF'
46.3831 	EXP 	other_box: fillColor = '#FFFCA6'
46.4000 	EXP 	self_box: fillColor = '#A6A9FF'
46.4000 	EXP 	other_box: fillColor = '#FFFCA6'
46.4196 	EXP 	self_box: fillColor = '#A6A9FF'
46.4196 	EXP 	other_box: fillColor = '#FFFCA6'
46.4386 	EXP 	self_box: fillColor = '#A6A9FF'
46.4386 	EXP 	other_box: fillColor = '#FFFCA6'
46.4507 	EXP 	self_box: fillColor = '#A6A9FF'
46.4507 	EXP 	other_box: fillColor = '#FFFCA6'
46.4664 	EXP 	self_box: fillColor = '#A6A9FF'
46.4664 	EXP 	other_box: fillColor = '#FFFCA6'
46.4833 	EXP 	self_box: fillColor = '#A6A9FF'
46.4833 	EXP 	other_box: fillColor = '#FFFCA6'
46.5005 	EXP 	self_box: fillColor = '#A6A9FF'
46.5005 	EXP 	other_box: fillColor = '#FFFCA6'
46.5195 	EXP 	self_box: fillColor = '#A6A9FF'
46.5195 	EXP 	other_box: fillColor = '#FFFCA6'
46.5388 	EXP 	self_box: fillColor = '#A6A9FF'
46.5388 	EXP 	other_box: fillColor = '#FFFCA6'
46.5499 	EXP 	self_box: fillColor = '#A6A9FF'
46.5499 	EXP 	other_box: fillColor = '#FFFCA6'
46.5673 	EXP 	self_box: fillColor = '#A6A9FF'
46.5673 	EXP 	other_box: fillColor = '#FFFCA6'
46.5866 	EXP 	self_box: fillColor = '#A6A9FF'
46.5866 	EXP 	other_box: fillColor = '#FFFCA6'
46.6056 	EXP 	self_box: fillColor = '#A6A9FF'
46.6056 	EXP 	other_box: fillColor = '#FFFCA6'
46.6168 	EXP 	self_box: fillColor = '#A6A9FF'
46.6168 	EXP 	other_box: fillColor = '#FFFCA6'
46.6343 	EXP 	self_box: fillColor = '#A6A9FF'
46.6343 	EXP 	other_box: fillColor = '#FFFCA6'
46.6530 	EXP 	self_box: fillColor = '#A6A9FF'
46.6530 	EXP 	other_box: fillColor = '#FFFCA6'
46.6709 	EXP 	self_box: fillColor = '#A6A9FF'
46.6709 	EXP 	other_box: fillColor = '#FFFCA6'
46.6837 	EXP 	self_box: fillColor = '#A6A9FF'
46.6837 	EXP 	other_box: fillColor = '#FFFCA6'
46.7009 	EXP 	self_box: fillColor = '#A6A9FF'
46.7009 	EXP 	other_box: fillColor = '#FFFCA6'
46.7200 	EXP 	self_box: fillColor = '#A6A9FF'
46.7200 	EXP 	other_box: fillColor = '#FFFCA6'
46.7392 	EXP 	self_box: fillColor = '#A6A9FF'
46.7392 	EXP 	other_box: fillColor = '#FFFCA6'
46.7508 	EXP 	self_box: fillColor = '#A6A9FF'
46.7508 	EXP 	other_box: fillColor = '#FFFCA6'
46.7677 	EXP 	self_box: fillColor = '#A6A9FF'
46.7677 	EXP 	other_box: fillColor = '#FFFCA6'
46.7869 	EXP 	self_box: fillColor = '#A6A9FF'
46.7869 	EXP 	other_box: fillColor = '#FFFCA6'
46.8059 	EXP 	self_box: fillColor = '#A6A9FF'
46.8059 	EXP 	other_box: fillColor = '#FFFCA6'
46.8170 	EXP 	self_box: fillColor = '#A6A9FF'
46.8170 	EXP 	other_box: fillColor = '#FFFCA6'
46.8339 	EXP 	self_box: fillColor = '#A6A9FF'
46.8339 	EXP 	other_box: fillColor = '#FFFCA6'
46.8554 	EXP 	self_box: fillColor = '#A6A9FF'
46.8554 	EXP 	other_box: fillColor = '#FFFCA6'
46.8732 	EXP 	self_box: fillColor = '#A6A9FF'
46.8732 	EXP 	other_box: fillColor = '#FFFCA6'
46.8841 	EXP 	self_box: fillColor = '#A6A9FF'
46.8841 	EXP 	other_box: fillColor = '#FFFCA6'
46.9009 	EXP 	self_box: fillColor = '#A6A9FF'
46.9009 	EXP 	other_box: fillColor = '#FFFCA6'
46.9203 	EXP 	self_box: fillColor = '#A6A9FF'
46.9203 	EXP 	other_box: fillColor = '#FFFCA6'
46.9379 	EXP 	self_box: fillColor = '#A6A9FF'
46.9379 	EXP 	other_box: fillColor = '#FFFCA6'
46.9514 	EXP 	self_box: fillColor = '#A6A9FF'
46.9514 	EXP 	other_box: fillColor = '#FFFCA6'
46.9685 	EXP 	self_box: fillColor = '#A6A9FF'
46.9685 	EXP 	other_box: fillColor = '#FFFCA6'
46.9843 	EXP 	self_box: fillColor = '#A6A9FF'
46.9843 	EXP 	other_box: fillColor = '#FFFCA6'
47.0015 	EXP 	self_box: fillColor = '#A6A9FF'
47.0015 	EXP 	other_box: fillColor = '#FFFCA6'
47.0204 	EXP 	self_box: fillColor = '#A6A9FF'
47.0204 	EXP 	other_box: fillColor = '#FFFCA6'
47.0402 	EXP 	self_box: fillColor = '#A6A9FF'
47.0402 	EXP 	other_box: fillColor = '#FFFCA6'
47.0506 	EXP 	self_box: fillColor = '#A6A9FF'
47.0506 	EXP 	other_box: fillColor = '#FFFCA6'
47.0677 	EXP 	self_box: fillColor = '#A6A9FF'
47.0677 	EXP 	other_box: fillColor = '#FFFCA6'
47.0892 	EXP 	self_box: fillColor = '#A6A9FF'
47.0892 	EXP 	other_box: fillColor = '#FFFCA6'
47.1069 	EXP 	self_box: fillColor = '#A6A9FF'
47.1069 	EXP 	other_box: fillColor = '#FFFCA6'
47.1178 	EXP 	self_box: fillColor = '#A6A9FF'
47.1178 	EXP 	other_box: fillColor = '#FFFCA6'
47.1344 	EXP 	self_box: fillColor = '#A6A9FF'
47.1344 	EXP 	other_box: fillColor = '#FFFCA6'
47.1564 	EXP 	self_box: fillColor = '#A6A9FF'
47.1564 	EXP 	other_box: fillColor = '#FFFCA6'
47.1740 	EXP 	self_box: fillColor = '#A6A9FF'
47.1740 	EXP 	other_box: fillColor = '#FFFCA6'
47.1853 	EXP 	self_box: fillColor = '#A6A9FF'
47.1853 	EXP 	other_box: fillColor = '#FFFCA6'
47.2023 	EXP 	self_box: fillColor = '#A6A9FF'
47.2023 	EXP 	other_box: fillColor = '#FFFCA6'
47.2226 	EXP 	self_box: fillColor = '#A6A9FF'
47.2226 	EXP 	other_box: fillColor = '#FFFCA6'
47.2406 	EXP 	self_box: fillColor = '#A6A9FF'
47.2406 	EXP 	other_box: fillColor = '#FFFCA6'
47.2518 	EXP 	self_box: fillColor = '#A6A9FF'
47.2518 	EXP 	other_box: fillColor = '#FFFCA6'
47.2677 	EXP 	self_box: fillColor = '#A6A9FF'
47.2677 	EXP 	other_box: fillColor = '#FFFCA6'
47.2854 	EXP 	self_box: fillColor = '#A6A9FF'
47.2854 	EXP 	other_box: fillColor = '#FFFCA6'
47.3041 	EXP 	self_box: fillColor = '#A6A9FF'
47.3041 	EXP 	other_box: fillColor = '#FFFCA6'
47.3237 	EXP 	self_box: fillColor = '#A6A9FF'
47.3237 	EXP 	other_box: fillColor = '#FFFCA6'
47.3350 	EXP 	self_box: fillColor = '#A6A9FF'
47.3350 	EXP 	other_box: fillColor = '#FFFCA6'
47.3516 	EXP 	self_box: fillColor = '#A6A9FF'
47.3516 	EXP 	other_box: fillColor = '#FFFCA6'
47.3708 	EXP 	self_box: fillColor = '#A6A9FF'
47.3708 	EXP 	other_box: fillColor = '#FFFCA6'
47.3902 	EXP 	self_box: fillColor = '#A6A9FF'
47.3902 	EXP 	other_box: fillColor = '#FFFCA6'
47.4013 	EXP 	self_box: fillColor = '#A6A9FF'
47.4013 	EXP 	other_box: fillColor = '#FFFCA6'
47.4192 	EXP 	self_box: fillColor = '#A6A9FF'
47.4192 	EXP 	other_box: fillColor = '#FFFCA6'
47.4397 	EXP 	self_box: fillColor = '#A6A9FF'
47.4397 	EXP 	other_box: fillColor = '#FFFCA6'
47.4574 	EXP 	self_box: fillColor = '#A6A9FF'
47.4574 	EXP 	other_box: fillColor = '#FFFCA6'
47.4683 	EXP 	self_box: fillColor = '#3E45FA'
47.4683 	EXP 	other_box: fillColor = '#FFFCA6'
47.4855 	EXP 	self_box: fillColor = '#3E45FA'
47.4855 	EXP 	other_box: fillColor = '#FFFCA6'
47.5073 	EXP 	self_box: fillColor = '#3E45FA'
47.5073 	EXP 	other_box: fillColor = '#FFFCA6'
47.5350 	EXP 	self_box: fillColor = '#3E45FA'
47.5350 	EXP 	other_box: fillColor = '#FFFCA6'
47.5522 	EXP 	self_box: fillColor = '#3E45FA'
47.5522 	EXP 	other_box: fillColor = '#FFFCA6'
47.5728 	EXP 	self_box: fillColor = '#3E45FA'
47.5728 	EXP 	other_box: fillColor = '#FFFCA6'
47.5907 	EXP 	self_box: fillColor = '#3E45FA'
47.5907 	EXP 	other_box: fillColor = '#FFFCA6'
47.6022 	EXP 	self_box: fillColor = '#3E45FA'
47.6022 	EXP 	other_box: fillColor = '#FFFCA6'
47.6193 	EXP 	self_box: fillColor = '#3E45FA'
47.6193 	EXP 	other_box: fillColor = '#FFFCA6'
47.6405 	EXP 	self_box: fillColor = '#3E45FA'
47.6405 	EXP 	other_box: fillColor = '#FFFCA6'
47.6580 	EXP 	self_box: fillColor = '#3E45FA'
47.6580 	EXP 	other_box: fillColor = '#FFFCA6'
47.6695 	EXP 	self_box: fillColor = '#3E45FA'
47.6695 	EXP 	other_box: fillColor = '#FFFCA6'
47.6853 	EXP 	self_box: fillColor = '#3E45FA'
47.6853 	EXP 	other_box: fillColor = '#FFFCA6'
47.7023 	EXP 	self_box: fillColor = '#3E45FA'
47.7023 	EXP 	other_box: fillColor = '#FFFCA6'
47.7233 	EXP 	self_box: fillColor = '#3E45FA'
47.7233 	EXP 	other_box: fillColor = '#FFFCA6'
47.7413 	EXP 	self_box: fillColor = '#3E45FA'
47.7413 	EXP 	other_box: fillColor = '#FFFCA6'
47.7735 	EXP 	self_box: fillColor = '#3E45FA'
47.7735 	EXP 	other_box: fillColor = '#FFFCA6'
47.7913 	EXP 	self_box: fillColor = '#3E45FA'
47.7913 	EXP 	other_box: fillColor = '#FFFCA6'
47.8025 	EXP 	self_box: fillColor = '#3E45FA'
47.8025 	EXP 	other_box: fillColor = '#FFFCA6'
47.8192 	EXP 	self_box: fillColor = '#3E45FA'
47.8192 	EXP 	other_box: fillColor = '#FFFCA6'
47.8359 	EXP 	self_box: fillColor = '#3E45FA'
47.8359 	EXP 	other_box: fillColor = '#FFFCA6'
47.8568 	EXP 	self_box: fillColor = '#3E45FA'
47.8568 	EXP 	other_box: fillColor = '#FFFCA6'
47.8752 	EXP 	self_box: fillColor = '#3E45FA'
47.8752 	EXP 	other_box: fillColor = '#FFFCA6'
47.8866 	EXP 	self_box: fillColor = '#3E45FA'
47.8866 	EXP 	other_box: fillColor = '#FFFCA6'
47.9022 	EXP 	self_box: fillColor = '#3E45FA'
47.9022 	EXP 	other_box: fillColor = '#FFFCA6'
47.9201 	EXP 	self_box: fillColor = '#3E45FA'
47.9201 	EXP 	other_box: fillColor = '#FFFCA6'
47.9386 	EXP 	self_box: fillColor = '#3E45FA'
47.9386 	EXP 	other_box: fillColor = '#FFFCA6'
47.9583 	EXP 	self_box: fillColor = '#3E45FA'
47.9583 	EXP 	other_box: fillColor = '#FFFCA6'
47.9694 	EXP 	self_box: fillColor = '#3E45FA'
47.9694 	EXP 	other_box: fillColor = '#FFFCA6'
47.9860 	EXP 	self_box: fillColor = '#3E45FA'
47.9860 	EXP 	other_box: fillColor = '#FFFCA6'
48.0071 	EXP 	self_box: fillColor = '#3E45FA'
48.0071 	EXP 	other_box: fillColor = '#FFFCA6'
48.0248 	EXP 	self_box: fillColor = '#3E45FA'
48.0248 	EXP 	other_box: fillColor = '#FFFCA6'
48.0366 	EXP 	self_box: fillColor = '#3E45FA'
48.0366 	EXP 	other_box: fillColor = '#FFFCA6'
48.0524 	EXP 	self_box: fillColor = '#3E45FA'
48.0524 	EXP 	other_box: fillColor = '#FFFCA6'
48.0695 	EXP 	self_box: fillColor = '#3E45FA'
48.0695 	EXP 	other_box: fillColor = '#FFFCA6'
48.0889 	EXP 	self_box: fillColor = '#3E45FA'
48.0889 	EXP 	other_box: fillColor = '#FFFCA6'
48.1080 	EXP 	self_box: fillColor = '#3E45FA'
48.1080 	EXP 	other_box: fillColor = '#FFFCA6'
48.1200 	EXP 	self_box: fillColor = '#3E45FA'
48.1200 	EXP 	other_box: fillColor = '#FFFCA6'
48.1360 	EXP 	self_box: fillColor = '#3E45FA'
48.1360 	EXP 	other_box: fillColor = '#FFFCA6'
48.1525 	EXP 	self_box: fillColor = '#3E45FA'
48.1525 	EXP 	other_box: fillColor = '#FFFCA6'
48.1692 	EXP 	self_box: fillColor = '#3E45FA'
48.1692 	EXP 	other_box: fillColor = '#FFFCA6'
48.1913 	EXP 	self_box: fillColor = '#3E45FA'
48.1913 	EXP 	other_box: fillColor = '#FFFCA6'
48.2090 	EXP 	self_box: fillColor = '#3E45FA'
48.2090 	EXP 	other_box: fillColor = '#FFFCA6'
48.2195 	EXP 	self_box: fillColor = '#3E45FA'
48.2195 	EXP 	other_box: fillColor = '#FFFCA6'
48.2365 	EXP 	self_box: fillColor = '#3E45FA'
48.2365 	EXP 	other_box: fillColor = '#FFFCA6'
48.2558 	EXP 	self_box: fillColor = '#3E45FA'
48.2558 	EXP 	other_box: fillColor = '#FFFCA6'
48.2734 	EXP 	self_box: fillColor = '#3E45FA'
48.2734 	EXP 	other_box: fillColor = '#FFFCA6'
48.2872 	EXP 	self_box: fillColor = '#3E45FA'
48.2872 	EXP 	other_box: fillColor = '#FFFCA6'
48.3028 	EXP 	self_box: fillColor = '#3E45FA'
48.3028 	EXP 	other_box: fillColor = '#FFFCA6'
48.3198 	EXP 	self_box: fillColor = '#3E45FA'
48.3198 	EXP 	other_box: fillColor = '#FFFCA6'
48.3367 	EXP 	self_box: fillColor = '#3E45FA'
48.3367 	EXP 	other_box: fillColor = '#FFFCA6'
48.3540 	EXP 	self_box: fillColor = '#3E45FA'
48.3540 	EXP 	other_box: fillColor = '#FFFCA6'
48.3698 	EXP 	self_box: fillColor = '#3E45FA'
48.3698 	EXP 	other_box: fillColor = '#FFFCA6'
48.3865 	EXP 	self_box: fillColor = '#3E45FA'
48.3865 	EXP 	other_box: fillColor = '#FFFCA6'
48.4034 	EXP 	self_box: fillColor = '#A6A9FF'
48.4034 	EXP 	other_box: fillColor = '#FFFCA6'
48.4243 	EXP 	self_box: fillColor = '#A6A9FF'
48.4243 	EXP 	other_box: fillColor = '#FFFCA6'
48.4425 	EXP 	self_box: fillColor = '#A6A9FF'
48.4425 	EXP 	other_box: fillColor = '#FFFCA6'
48.4541 	EXP 	self_box: fillColor = '#A6A9FF'
48.4541 	EXP 	other_box: fillColor = '#FFFCA6'
48.4706 	EXP 	self_box: fillColor = '#A6A9FF'
48.4706 	EXP 	other_box: fillColor = '#FFFCA6'
48.4876 	EXP 	self_box: fillColor = '#A6A9FF'
48.4876 	EXP 	other_box: fillColor = '#FFFCA6'
48.5063 	EXP 	self_box: fillColor = '#A6A9FF'
48.5063 	EXP 	other_box: fillColor = '#FAF33E'
48.5255 	EXP 	self_box: fillColor = '#A6A9FF'
48.5255 	EXP 	other_box: fillColor = '#FAF33E'
48.5365 	EXP 	self_box: fillColor = '#A6A9FF'
48.5365 	EXP 	other_box: fillColor = '#FAF33E'
48.5540 	EXP 	self_box: fillColor = '#A6A9FF'
48.5540 	EXP 	other_box: fillColor = '#FAF33E'
48.5746 	EXP 	self_box: fillColor = '#A6A9FF'
48.5746 	EXP 	other_box: fillColor = '#FAF33E'
48.5908 	EXP 	self_box: fillColor = '#A6A9FF'
48.5908 	EXP 	other_box: fillColor = '#FAF33E'
48.6037 	EXP 	self_box: fillColor = '#A6A9FF'
48.6037 	EXP 	other_box: fillColor = '#FAF33E'
48.6210 	EXP 	self_box: fillColor = '#A6A9FF'
48.6210 	EXP 	other_box: fillColor = '#FAF33E'
48.6400 	EXP 	self_box: fillColor = '#A6A9FF'
48.6400 	EXP 	other_box: fillColor = '#FAF33E'
48.6597 	EXP 	self_box: fillColor = '#A6A9FF'
48.6597 	EXP 	other_box: fillColor = '#FAF33E'
48.6711 	EXP 	self_box: fillColor = '#A6A9FF'
48.6711 	EXP 	other_box: fillColor = '#FAF33E'
48.6880 	EXP 	self_box: fillColor = '#A6A9FF'
48.6880 	EXP 	other_box: fillColor = '#FAF33E'
48.7037 	EXP 	self_box: fillColor = '#A6A9FF'
48.7037 	EXP 	other_box: fillColor = '#FAF33E'
48.7210 	EXP 	self_box: fillColor = '#A6A9FF'
48.7210 	EXP 	other_box: fillColor = '#FAF33E'
48.7400 	EXP 	self_box: fillColor = '#A6A9FF'
48.7400 	EXP 	other_box: fillColor = '#FAF33E'
48.7592 	EXP 	self_box: fillColor = '#A6A9FF'
48.7592 	EXP 	other_box: fillColor = '#FAF33E'
48.7703 	EXP 	self_box: fillColor = '#A6A9FF'
48.7703 	EXP 	other_box: fillColor = '#FAF33E'
48.7871 	EXP 	self_box: fillColor = '#A6A9FF'
48.7871 	EXP 	other_box: fillColor = '#FAF33E'
48.8064 	EXP 	self_box: fillColor = '#A6A9FF'
48.8064 	EXP 	other_box: fillColor = '#FAF33E'
48.8259 	EXP 	self_box: fillColor = '#A6A9FF'
48.8259 	EXP 	other_box: fillColor = '#FAF33E'
48.8368 	EXP 	self_box: fillColor = '#A6A9FF'
48.8368 	EXP 	other_box: fillColor = '#FAF33E'
48.8540 	EXP 	self_box: fillColor = '#A6A9FF'
48.8540 	EXP 	other_box: fillColor = '#FAF33E'
48.8752 	EXP 	self_box: fillColor = '#A6A9FF'
48.8752 	EXP 	other_box: fillColor = '#FAF33E'
48.8936 	EXP 	self_box: fillColor = '#A6A9FF'
48.8936 	EXP 	other_box: fillColor = '#FAF33E'
48.9041 	EXP 	self_box: fillColor = '#A6A9FF'
48.9041 	EXP 	other_box: fillColor = '#FAF33E'
48.9211 	EXP 	self_box: fillColor = '#A6A9FF'
48.9211 	EXP 	other_box: fillColor = '#FAF33E'
48.9418 	EXP 	self_box: fillColor = '#A6A9FF'
48.9418 	EXP 	other_box: fillColor = '#FAF33E'
48.9601 	EXP 	self_box: fillColor = '#A6A9FF'
48.9601 	EXP 	other_box: fillColor = '#FAF33E'
48.9706 	EXP 	self_box: fillColor = '#A6A9FF'
48.9706 	EXP 	other_box: fillColor = '#FAF33E'
48.9880 	EXP 	self_box: fillColor = '#A6A9FF'
48.9880 	EXP 	other_box: fillColor = '#FAF33E'
49.0092 	EXP 	self_box: fillColor = '#A6A9FF'
49.0092 	EXP 	other_box: fillColor = '#FAF33E'
49.0374 	EXP 	self_box: fillColor = '#A6A9FF'
49.0374 	EXP 	other_box: fillColor = '#FAF33E'
49.0539 	EXP 	self_box: fillColor = '#A6A9FF'
49.0539 	EXP 	other_box: fillColor = '#FAF33E'
49.0716 	EXP 	self_box: fillColor = '#A6A9FF'
49.0716 	EXP 	other_box: fillColor = '#FAF33E'
49.0931 	EXP 	self_box: fillColor = '#A6A9FF'
49.0931 	EXP 	other_box: fillColor = '#FAF33E'
49.1107 	EXP 	self_box: fillColor = '#A6A9FF'
49.1107 	EXP 	other_box: fillColor = '#FFFCA6'
49.1212 	EXP 	self_box: fillColor = '#A6A9FF'
49.1212 	EXP 	other_box: fillColor = '#FFFCA6'
49.1379 	EXP 	self_box: fillColor = '#A6A9FF'
49.1379 	EXP 	other_box: fillColor = '#FFFCA6'
49.1572 	EXP 	self_box: fillColor = '#A6A9FF'
49.1572 	EXP 	other_box: fillColor = '#FFFCA6'
49.1768 	EXP 	self_box: fillColor = '#A6A9FF'
49.1768 	EXP 	other_box: fillColor = '#FFFCA6'
49.1878 	EXP 	self_box: fillColor = '#A6A9FF'
49.1878 	EXP 	other_box: fillColor = '#FFFCA6'
49.2044 	EXP 	self_box: fillColor = '#A6A9FF'
49.2044 	EXP 	other_box: fillColor = '#FFFCA6'
49.2239 	EXP 	self_box: fillColor = '#A6A9FF'
49.2239 	EXP 	other_box: fillColor = '#FFFCA6'
49.2437 	EXP 	self_box: fillColor = '#A6A9FF'
49.2437 	EXP 	other_box: fillColor = '#FFFCA6'
49.2546 	EXP 	self_box: fillColor = '#A6A9FF'
49.2546 	EXP 	other_box: fillColor = '#FFFCA6'
49.2718 	EXP 	self_box: fillColor = '#A6A9FF'
49.2718 	EXP 	other_box: fillColor = '#FFFCA6'
49.2907 	EXP 	self_box: fillColor = '#A6A9FF'
49.2907 	EXP 	other_box: fillColor = '#FFFCA6'
49.3084 	EXP 	self_box: fillColor = '#A6A9FF'
49.3084 	EXP 	other_box: fillColor = '#FFFCA6'
49.3214 	EXP 	self_box: fillColor = '#A6A9FF'
49.3214 	EXP 	other_box: fillColor = '#FFFCA6'
49.3387 	EXP 	self_box: fillColor = '#A6A9FF'
49.3387 	EXP 	other_box: fillColor = '#FFFCA6'
49.3599 	EXP 	self_box: fillColor = '#A6A9FF'
49.3599 	EXP 	other_box: fillColor = '#FFFCA6'
49.3753 	EXP 	self_box: fillColor = '#A6A9FF'
49.3753 	EXP 	other_box: fillColor = '#FFFCA6'
49.3881 	EXP 	self_box: fillColor = '#A6A9FF'
49.3881 	EXP 	other_box: fillColor = '#FFFCA6'
49.4048 	EXP 	self_box: fillColor = '#A6A9FF'
49.4048 	EXP 	other_box: fillColor = '#FFFCA6'
49.4268 	EXP 	self_box: fillColor = '#A6A9FF'
49.4268 	EXP 	other_box: fillColor = '#FFFCA6'
49.4439 	EXP 	self_box: fillColor = '#A6A9FF'
49.4439 	EXP 	other_box: fillColor = '#FFFCA6'
49.4547 	EXP 	self_box: fillColor = '#A6A9FF'
49.4547 	EXP 	other_box: fillColor = '#FFFCA6'
49.4717 	EXP 	self_box: fillColor = '#A6A9FF'
49.4717 	EXP 	other_box: fillColor = '#FFFCA6'
49.4914 	EXP 	self_box: fillColor = '#A6A9FF'
49.4914 	EXP 	other_box: fillColor = '#FFFCA6'
49.5089 	EXP 	self_box: fillColor = '#A6A9FF'
49.5089 	EXP 	other_box: fillColor = '#FFFCA6'
49.5219 	EXP 	self_box: fillColor = '#A6A9FF'
49.5219 	EXP 	other_box: fillColor = '#FFFCA6'
49.5396 	EXP 	self_box: fillColor = '#A6A9FF'
49.5396 	EXP 	other_box: fillColor = '#FFFCA6'
49.5580 	EXP 	self_box: fillColor = '#A6A9FF'
49.5580 	EXP 	other_box: fillColor = '#FFFCA6'
49.5774 	EXP 	self_box: fillColor = '#A6A9FF'
49.5774 	EXP 	other_box: fillColor = '#FAF33E'
49.5891 	EXP 	self_box: fillColor = '#A6A9FF'
49.5891 	EXP 	other_box: fillColor = '#FAF33E'
49.6052 	EXP 	self_box: fillColor = '#A6A9FF'
49.6052 	EXP 	other_box: fillColor = '#FAF33E'
49.6224 	EXP 	self_box: fillColor = '#A6A9FF'
49.6224 	EXP 	other_box: fillColor = '#FAF33E'
49.6438 	EXP 	self_box: fillColor = '#A6A9FF'
49.6438 	EXP 	other_box: fillColor = '#FAF33E'
49.6610 	EXP 	self_box: fillColor = '#A6A9FF'
49.6610 	EXP 	other_box: fillColor = '#FAF33E'
49.6718 	EXP 	self_box: fillColor = '#A6A9FF'
49.6718 	EXP 	other_box: fillColor = '#FAF33E'
49.6895 	EXP 	self_box: fillColor = '#A6A9FF'
49.6895 	EXP 	other_box: fillColor = '#FAF33E'
49.7098 	EXP 	self_box: fillColor = '#A6A9FF'
49.7098 	EXP 	other_box: fillColor = '#FAF33E'
49.7278 	EXP 	self_box: fillColor = '#A6A9FF'
49.7278 	EXP 	other_box: fillColor = '#FAF33E'
49.7387 	EXP 	self_box: fillColor = '#A6A9FF'
49.7387 	EXP 	other_box: fillColor = '#FAF33E'
49.7555 	EXP 	self_box: fillColor = '#A6A9FF'
49.7555 	EXP 	other_box: fillColor = '#FAF33E'
49.7751 	EXP 	self_box: fillColor = '#A6A9FF'
49.7751 	EXP 	other_box: fillColor = '#FAF33E'
49.7945 	EXP 	self_box: fillColor = '#A6A9FF'
49.7945 	EXP 	other_box: fillColor = '#FAF33E'
49.8058 	EXP 	self_box: fillColor = '#A6A9FF'
49.8058 	EXP 	other_box: fillColor = '#FAF33E'
49.8228 	EXP 	self_box: fillColor = '#A6A9FF'
49.8228 	EXP 	other_box: fillColor = '#FAF33E'
49.8415 	EXP 	self_box: fillColor = '#A6A9FF'
49.8415 	EXP 	other_box: fillColor = '#FAF33E'
49.8610 	EXP 	self_box: fillColor = '#A6A9FF'
49.8610 	EXP 	other_box: fillColor = '#FAF33E'
49.8731 	EXP 	self_box: fillColor = '#A6A9FF'
49.8731 	EXP 	other_box: fillColor = '#FAF33E'
49.8887 	EXP 	self_box: fillColor = '#A6A9FF'
49.8887 	EXP 	other_box: fillColor = '#FAF33E'
49.9067 	EXP 	self_box: fillColor = '#A6A9FF'
49.9067 	EXP 	other_box: fillColor = '#FAF33E'
49.9272 	EXP 	self_box: fillColor = '#A6A9FF'
49.9272 	EXP 	other_box: fillColor = '#FAF33E'
49.9451 	EXP 	self_box: fillColor = '#A6A9FF'
49.9451 	EXP 	other_box: fillColor = '#FAF33E'
49.9559 	EXP 	self_box: fillColor = '#A6A9FF'
49.9559 	EXP 	other_box: fillColor = '#FAF33E'
49.9726 	EXP 	self_box: fillColor = '#A6A9FF'
49.9726 	EXP 	other_box: fillColor = '#FAF33E'
49.9939 	EXP 	self_box: fillColor = '#A6A9FF'
49.9939 	EXP 	other_box: fillColor = '#FFFCA6'
50.0117 	EXP 	self_box: fillColor = '#A6A9FF'
50.0117 	EXP 	other_box: fillColor = '#FFFCA6'
50.0231 	EXP 	self_box: fillColor = '#A6A9FF'
50.0231 	EXP 	other_box: fillColor = '#FFFCA6'
50.0402 	EXP 	self_box: fillColor = '#A6A9FF'
50.0402 	EXP 	other_box: fillColor = '#FFFCA6'
50.0567 	EXP 	self_box: fillColor = '#A6A9FF'
50.0567 	EXP 	other_box: fillColor = '#FFFCA6'
50.0732 	EXP 	self_box: fillColor = '#A6A9FF'
50.0732 	EXP 	other_box: fillColor = '#FFFCA6'
50.0938 	EXP 	self_box: fillColor = '#A6A9FF'
50.0938 	EXP 	other_box: fillColor = '#FFFCA6'
50.1117 	EXP 	self_box: fillColor = '#A6A9FF'
50.1117 	EXP 	other_box: fillColor = '#FFFCA6'
50.1235 	EXP 	self_box: fillColor = '#A6A9FF'
50.1235 	EXP 	other_box: fillColor = '#FFFCA6'
50.1395 	EXP 	self_box: fillColor = '#A6A9FF'
50.1395 	EXP 	other_box: fillColor = '#FFFCA6'
50.1566 	EXP 	self_box: fillColor = '#A6A9FF'
50.1566 	EXP 	other_box: fillColor = '#FFFCA6'
50.1757 	EXP 	self_box: fillColor = '#A6A9FF'
50.1757 	EXP 	other_box: fillColor = '#FFFCA6'
50.1949 	EXP 	self_box: fillColor = '#A6A9FF'
50.1949 	EXP 	other_box: fillColor = '#FFFCA6'
50.2062 	EXP 	self_box: fillColor = '#A6A9FF'
50.2062 	EXP 	other_box: fillColor = '#FFFCA6'
50.2229 	EXP 	self_box: fillColor = '#A6A9FF'
50.2229 	EXP 	other_box: fillColor = '#FFFCA6'
50.2449 	EXP 	self_box: fillColor = '#A6A9FF'
50.2449 	EXP 	other_box: fillColor = '#FFFCA6'
50.2624 	EXP 	self_box: fillColor = '#A6A9FF'
50.2624 	EXP 	other_box: fillColor = '#FFFCA6'
50.2735 	EXP 	self_box: fillColor = '#A6A9FF'
50.2735 	EXP 	other_box: fillColor = '#FFFCA6'
50.2893 	EXP 	self_box: fillColor = '#A6A9FF'
50.2893 	EXP 	other_box: fillColor = '#FFFCA6'
50.3060 	EXP 	self_box: fillColor = '#A6A9FF'
50.3060 	EXP 	other_box: fillColor = '#FFFCA6'
50.3235 	EXP 	self_box: fillColor = '#A6A9FF'
50.3235 	EXP 	other_box: fillColor = '#FFFCA6'
50.3423 	EXP 	self_box: fillColor = '#A6A9FF'
50.3423 	EXP 	other_box: fillColor = '#FFFCA6'
50.3605 	EXP 	self_box: fillColor = '#A6A9FF'
50.3605 	EXP 	other_box: fillColor = '#FFFCA6'
50.3729 	EXP 	self_box: fillColor = '#A6A9FF'
50.3729 	EXP 	other_box: fillColor = '#FFFCA6'
50.3905 	EXP 	self_box: fillColor = '#A6A9FF'
50.3905 	EXP 	other_box: fillColor = '#FAF33E'
50.4094 	EXP 	self_box: fillColor = '#A6A9FF'
50.4094 	EXP 	other_box: fillColor = '#FAF33E'
50.4286 	EXP 	self_box: fillColor = '#A6A9FF'
50.4286 	EXP 	other_box: fillColor = '#FAF33E'
50.4405 	EXP 	self_box: fillColor = '#A6A9FF'
50.4405 	EXP 	other_box: fillColor = '#FAF33E'
50.4572 	EXP 	self_box: fillColor = '#A6A9FF'
50.4572 	EXP 	other_box: fillColor = '#FAF33E'
50.4736 	EXP 	self_box: fillColor = '#A6A9FF'
50.4736 	EXP 	other_box: fillColor = '#FAF33E'
50.4951 	EXP 	self_box: fillColor = '#A6A9FF'
50.4951 	EXP 	other_box: fillColor = '#FAF33E'
50.5121 	EXP 	self_box: fillColor = '#A6A9FF'
50.5121 	EXP 	other_box: fillColor = '#FAF33E'
50.5234 	EXP 	self_box: fillColor = '#A6A9FF'
50.5234 	EXP 	other_box: fillColor = '#FAF33E'
50.5402 	EXP 	self_box: fillColor = '#A6A9FF'
50.5402 	EXP 	other_box: fillColor = '#FAF33E'
50.5618 	EXP 	self_box: fillColor = '#A6A9FF'
50.5618 	EXP 	other_box: fillColor = '#FAF33E'
50.5801 	EXP 	self_box: fillColor = '#A6A9FF'
50.5801 	EXP 	other_box: fillColor = '#FAF33E'
50.5907 	EXP 	self_box: fillColor = '#A6A9FF'
50.5907 	EXP 	other_box: fillColor = '#FAF33E'
50.6069 	EXP 	self_box: fillColor = '#A6A9FF'
50.6069 	EXP 	other_box: fillColor = '#FAF33E'
50.6237 	EXP 	self_box: fillColor = '#A6A9FF'
50.6237 	EXP 	other_box: fillColor = '#FAF33E'
50.6449 	EXP 	self_box: fillColor = '#A6A9FF'
50.6449 	EXP 	other_box: fillColor = '#FAF33E'
50.6609 	EXP 	self_box: fillColor = '#A6A9FF'
50.6609 	EXP 	other_box: fillColor = '#FAF33E'
50.6742 	EXP 	self_box: fillColor = '#A6A9FF'
50.6742 	EXP 	other_box: fillColor = '#FAF33E'
50.6907 	EXP 	self_box: fillColor = '#A6A9FF'
50.6907 	EXP 	other_box: fillColor = '#FAF33E'
50.7080 	EXP 	self_box: fillColor = '#A6A9FF'
50.7080 	EXP 	other_box: fillColor = '#FAF33E'
50.7286 	EXP 	self_box: fillColor = '#A6A9FF'
50.7286 	EXP 	other_box: fillColor = '#FAF33E'
50.7458 	EXP 	self_box: fillColor = '#A6A9FF'
50.7458 	EXP 	other_box: fillColor = '#FAF33E'
50.7579 	EXP 	self_box: fillColor = '#A6A9FF'
50.7579 	EXP 	other_box: fillColor = '#FAF33E'
50.7743 	EXP 	self_box: fillColor = '#A6A9FF'
50.7743 	EXP 	other_box: fillColor = '#FAF33E'
50.7911 	EXP 	self_box: fillColor = '#A6A9FF'
50.7911 	EXP 	other_box: fillColor = '#FAF33E'
50.8099 	EXP 	self_box: fillColor = '#A6A9FF'
50.8099 	EXP 	other_box: fillColor = '#FFFCA6'
50.8294 	EXP 	self_box: fillColor = '#A6A9FF'
50.8294 	EXP 	other_box: fillColor = '#FFFCA6'
50.8409 	EXP 	self_box: fillColor = '#A6A9FF'
50.8409 	EXP 	other_box: fillColor = '#FFFCA6'
50.8571 	EXP 	self_box: fillColor = '#A6A9FF'
50.8571 	EXP 	other_box: fillColor = '#FFFCA6'
50.8740 	EXP 	self_box: fillColor = '#A6A9FF'
50.8740 	EXP 	other_box: fillColor = '#FFFCA6'
50.8907 	EXP 	self_box: fillColor = '#A6A9FF'
50.8907 	EXP 	other_box: fillColor = '#FFFCA6'
50.9102 	EXP 	self_box: fillColor = '#A6A9FF'
50.9102 	EXP 	other_box: fillColor = '#FFFCA6'
50.9296 	EXP 	self_box: fillColor = '#A6A9FF'
50.9296 	EXP 	other_box: fillColor = '#FFFCA6'
50.9409 	EXP 	self_box: fillColor = '#A6A9FF'
50.9409 	EXP 	other_box: fillColor = '#FFFCA6'
50.9577 	EXP 	self_box: fillColor = '#A6A9FF'
50.9577 	EXP 	other_box: fillColor = '#FFFCA6'
50.9772 	EXP 	self_box: fillColor = '#A6A9FF'
50.9772 	EXP 	other_box: fillColor = '#FFFCA6'
50.9964 	EXP 	self_box: fillColor = '#A6A9FF'
50.9964 	EXP 	other_box: fillColor = '#FFFCA6'
51.0075 	EXP 	self_box: fillColor = '#A6A9FF'
51.0075 	EXP 	other_box: fillColor = '#FFFCA6'
51.0240 	EXP 	self_box: fillColor = '#A6A9FF'
51.0240 	EXP 	other_box: fillColor = '#FFFCA6'
51.0414 	EXP 	self_box: fillColor = '#A6A9FF'
51.0414 	EXP 	other_box: fillColor = '#FFFCA6'
51.0625 	EXP 	self_box: fillColor = '#A6A9FF'
51.0625 	EXP 	other_box: fillColor = '#FFFCA6'
51.0796 	EXP 	self_box: fillColor = '#A6A9FF'
51.0796 	EXP 	other_box: fillColor = '#FFFCA6'
51.0910 	EXP 	self_box: fillColor = '#A6A9FF'
51.0910 	EXP 	other_box: fillColor = '#FFFCA6'
51.1085 	EXP 	self_box: fillColor = '#A6A9FF'
51.1085 	EXP 	other_box: fillColor = '#FFFCA6'
51.1288 	EXP 	self_box: fillColor = '#A6A9FF'
51.1288 	EXP 	other_box: fillColor = '#FFFCA6'
51.1477 	EXP 	self_box: fillColor = '#A6A9FF'
51.1477 	EXP 	other_box: fillColor = '#FAF33E'
51.1583 	EXP 	self_box: fillColor = '#A6A9FF'
51.1583 	EXP 	other_box: fillColor = '#FAF33E'
51.1744 	EXP 	self_box: fillColor = '#A6A9FF'
51.1744 	EXP 	other_box: fillColor = '#FAF33E'
51.1916 	EXP 	self_box: fillColor = '#A6A9FF'
51.1916 	EXP 	other_box: fillColor = '#FAF33E'
51.2109 	EXP 	self_box: fillColor = '#A6A9FF'
51.2109 	EXP 	other_box: fillColor = '#FAF33E'
51.2300 	EXP 	self_box: fillColor = '#A6A9FF'
51.2300 	EXP 	other_box: fillColor = '#FAF33E'
51.2419 	EXP 	self_box: fillColor = '#A6A9FF'
51.2419 	EXP 	other_box: fillColor = '#FAF33E'
51.2578 	EXP 	self_box: fillColor = '#A6A9FF'
51.2578 	EXP 	other_box: fillColor = '#FAF33E'
51.2749 	EXP 	self_box: fillColor = '#A6A9FF'
51.2749 	EXP 	other_box: fillColor = '#FAF33E'
51.2962 	EXP 	self_box: fillColor = '#A6A9FF'
51.2962 	EXP 	other_box: fillColor = '#FAF33E'
51.3140 	EXP 	self_box: fillColor = '#A6A9FF'
51.3140 	EXP 	other_box: fillColor = '#FAF33E'
51.3248 	EXP 	self_box: fillColor = '#A6A9FF'
51.3248 	EXP 	other_box: fillColor = '#FAF33E'
51.3420 	EXP 	self_box: fillColor = '#A6A9FF'
51.3420 	EXP 	other_box: fillColor = '#FAF33E'
51.3611 	EXP 	self_box: fillColor = '#A6A9FF'
51.3611 	EXP 	other_box: fillColor = '#FAF33E'
51.3806 	EXP 	self_box: fillColor = '#A6A9FF'
51.3806 	EXP 	other_box: fillColor = '#FAF33E'
51.3912 	EXP 	self_box: fillColor = '#A6A9FF'
51.3912 	EXP 	other_box: fillColor = '#FAF33E'
51.4077 	EXP 	self_box: fillColor = '#A6A9FF'
51.4077 	EXP 	other_box: fillColor = '#FAF33E'
51.4258 	EXP 	self_box: fillColor = '#A6A9FF'
51.4258 	EXP 	other_box: fillColor = '#FAF33E'
51.4443 	EXP 	self_box: fillColor = '#A6A9FF'
51.4443 	EXP 	other_box: fillColor = '#FAF33E'
51.4637 	EXP 	self_box: fillColor = '#A6A9FF'
51.4637 	EXP 	other_box: fillColor = '#FAF33E'
51.4750 	EXP 	self_box: fillColor = '#A6A9FF'
51.4750 	EXP 	other_box: fillColor = '#FAF33E'
51.4917 	EXP 	self_box: fillColor = '#A6A9FF'
51.4917 	EXP 	other_box: fillColor = '#FAF33E'
51.5111 	EXP 	self_box: fillColor = '#A6A9FF'
51.5111 	EXP 	other_box: fillColor = '#FAF33E'
51.5310 	EXP 	self_box: fillColor = '#A6A9FF'
51.5310 	EXP 	other_box: fillColor = '#FAF33E'
51.5420 	EXP 	self_box: fillColor = '#A6A9FF'
51.5420 	EXP 	other_box: fillColor = '#FAF33E'
51.5581 	EXP 	self_box: fillColor = '#A6A9FF'
51.5581 	EXP 	other_box: fillColor = '#FAF33E'
51.5747 	EXP 	self_box: fillColor = '#A6A9FF'
51.5747 	EXP 	other_box: fillColor = '#FAF33E'
51.5919 	EXP 	self_box: fillColor = '#A6A9FF'
51.5919 	EXP 	other_box: fillColor = '#FAF33E'
51.6131 	EXP 	self_box: fillColor = '#A6A9FF'
51.6131 	EXP 	other_box: fillColor = '#FAF33E'
51.6288 	EXP 	self_box: fillColor = '#A6A9FF'
51.6288 	EXP 	other_box: fillColor = '#FAF33E'
51.6336 	DATA 	Mouse: Left button down, pos=(962,260)
51.6414 	EXP 	self_box: fillColor = '#A6A9FF'
51.6414 	EXP 	other_box: fillColor = '#FAF33E'
51.6450 	EXP 	New trial (rep=0, index=1): {'word': u'word5.1', 'amount': u'0.7', 'list': u'list5', 'trialtype': u'speed', 'trialtype_extended': u'slow_large'}
51.6609 	EXP 	self_box: fillColor = '#A6A9FF'
51.6609 	EXP 	other_box: fillColor = '#FAF33E'
51.6609 	EXP 	question: autoDraw = False
51.6609 	EXP 	self_box: autoDraw = False
51.6609 	EXP 	self_label: autoDraw = False
51.6609 	EXP 	other_box: autoDraw = False
51.6609 	EXP 	other_label: autoDraw = False
51.6609 	EXP 	text: text = u'word5.1'
51.7283 	DATA 	Mouse: Left button up, pos=(962,260)
52.6607 	EXP 	text: autoDraw = True
54.3703 	DATA 	Mouse: Left button down, pos=(962,260)
54.3860 	DATA 	Mouse: Left button up, pos=(962,260)
58.8230 	DATA 	Keypress: escape
