9.5484 	WARNING 	Movie2 stim could not be imported and won't be available
10.5686 	EXP 	Created window1 = Window(allowGUI=False, allowStencil=False, autoLog=True, bitsMode=UNKNOWN, blendMode='avg', color=array([-1., -1., -1.]), colorSpace='rgb', fullscr=UNKNOWN, gamma=None, lms=UNKNOWN, monitor=<psychopy.monitors.calibTools.Monitor instance at 0xf923bc0>, name='window1', pos=[0, 0], screen=0, size=array([1440,  900]), stereo=False, units=u'norm', useFBO=True, viewOri=0.0, viewPos=None, viewScale=None, waitBlanking=True, winType='pyglet')
10.5686 	EXP 	window1: recordFrameIntervals = False
10.7330 	EXP 	window1: recordFrameIntervals = True
10.9168 	EXP 	window1: recordFrameIntervals = False
11.0117 	EXP 	Created text_4 = TextStim(alignHoriz='center', alignVert='center', antialias=True, autoLog=True, bold=False, color='white', colorSpace='named', contrast=1.0, depth=0.0, flipHoriz=False, flipVert=False, font='Arial', fontFiles=[], height=0.1, italic=False, name='text_4', opacity=1.0, ori=0, pos=array([ 0.,  0.]), rgb=array([ 255.,  255.,  255.]), text=u'Instructions will go here.', units=u'norm', win=Window(...), wrapWidth=1)
12.0503 	EXP 	Created text = TextStim(alignHoriz='center', alignVert='center', antialias=True, autoLog=True, bold=False, color='white', colorSpace='named', contrast=1.0, depth=-1.0, flipHoriz=False, flipVert=False, font='Arial', fontFiles=[], height=0.1, italic=False, name='text', opacity=1.0, ori=0, pos=array([ 0.,  0.]), rgb=array([ 255.,  255.,  255.]), text=u'default text', units=u'norm', win=Window(...), wrapWidth=1)
12.0613 	EXP 	Created question = TextStim(alignHoriz='center', alignVert='center', antialias=True, autoLog=True, bold=False, color='white', colorSpace='named', contrast=1.0, depth=0.0, flipHoriz=False, flipVert=False, font='Arial', fontFiles=[], height=0.1, italic=False, name='question', opacity=1.0, ori=0, pos=array([ 0. ,  0.5]), rgb=array([ 255.,  255.,  255.]), text=u'Whose voice did you hear?', units=u'norm', win=Window(...), wrapWidth=2)
12.0619 	EXP 	<method-wrapper '__getattribute__' of attributeSetter object at 0xf64bd30>: vertices = array([[-0.25,  0.25],
       [ 0.25,  0.25],
       [ 0.25, -0.25],
       [-0.25, -0.25]])
12.0641 	EXP 	Created self_box = Rect(autoDraw=False, autoLog=True, closeShape=True, contrast=1.0, depth=0, fillColor='#A6A9FF', fillColorSpace='hex', fillRGB=array([166, 169, 255]), interpolate=True, lineColor='#3E45FA', lineColorSpace='hex', lineRGB=array([ 62,  69, 250]), lineWidth=5, name='self_box', opacity=1.0, ori=array(0.0), pos=array([-0.5, -0.5]), size=array([ 1.,  1.]), units=u'norm', vertices=ndarray(...), win=Window(...))
12.0694 	EXP 	Created self_label = TextStim(alignHoriz='center', alignVert='center', antialias=True, autoLog=True, bold=False, color='black', colorSpace='named', contrast=1.0, depth=-2.0, flipHoriz=False, flipVert=False, font='Arial', fontFiles=[], height=0.1, italic=False, name='self_label', opacity=1.0, ori=0, pos=array([-0.5, -0.5]), rgb=array([ 0.,  0.,  0.]), text=u'Mine', units=u'norm', win=Window(...), wrapWidth=1)
12.0700 	EXP 	<method-wrapper '__getattribute__' of attributeSetter object at 0xf64bd30>: vertices = array([[-0.25,  0.25],
       [ 0.25,  0.25],
       [ 0.25, -0.25],
       [-0.25, -0.25]])
12.0721 	EXP 	Created other_box = Rect(autoDraw=False, autoLog=True, closeShape=True, contrast=1.0, depth=0, fillColor='#FFFCA6', fillColorSpace='hex', fillRGB=array([255, 252, 166]), interpolate=True, lineColor='#FAF33E', lineColorSpace='hex', lineRGB=array([250, 243,  62]), lineWidth=5, name='other_box', opacity=1.0, ori=array(0.0), pos=array([ 0.5, -0.5]), size=array([ 1.,  1.]), units=u'norm', vertices=ndarray(...), win=Window(...))
12.0830 	EXP 	Created other_label = TextStim(alignHoriz='center', alignVert='center', antialias=True, autoLog=True, bold=False, color='black', colorSpace='named', contrast=1.0, depth=-4.0, flipHoriz=False, flipVert=False, font='Arial', fontFiles=[], height=0.1, italic=False, name='other_label', opacity=1.0, ori=0, pos=array([ 0.5, -0.5]), rgb=array([ 0.,  0.,  0.]), text=u'Other', units=u'norm', win=Window(...), wrapWidth=1)
12.0982 	EXP 	Created text_3 = TextStim(alignHoriz='center', alignVert='center', antialias=True, autoLog=True, bold=False, color='white', colorSpace='named', contrast=1.0, depth=0.0, flipHoriz=False, flipVert=False, font='Arial', fontFiles=[], height=0.1, italic=False, name='text_3', opacity=1.0, ori=0, pos=array([ 0.,  0.]), rgb=array([ 255.,  255.,  255.]), text=u'Thank you for participating!', units=u'norm', win=Window(...), wrapWidth=1)
12.1043 	EXP 	Created results_text = TextStim(alignHoriz='center', alignVert='center', antialias=True, autoLog=True, bold=False, color=u'white', colorSpace='named', contrast=1.0, depth=0.0, flipHoriz=False, flipVert=False, font=u'Arial', fontFiles=[], height=0.1, italic=False, name='results_text', opacity=1.0, ori=0, pos=array([ 0.,  0.]), rgb=array([ 255.,  255.,  255.]), text=u'default text', units=u'norm', win=Window(...), wrapWidth=2)
12.1186 	EXP 	text_4: autoDraw = True
17.0967 	EXP 	Imported /Volumes/Macintosh HD/Users/poppe076/Desktop/source_monitoring_task/data/andrew_source_monitoring_2015_Feb_05_1344_wordlist.csv as conditions, 9 conditions, 5 params
17.0977 	EXP 	Created sequence: sequential, trialTypes=9, nReps=1, seed=None
17.2029 	EXP 	New trial (rep=0, index=0): {'word': u'word9.1', 'amount': u'2', 'list': u'list9', 'trialtype': u'pitch', 'trialtype_extended': u'pitch_higher_large'}
17.2269 	EXP 	text_4: autoDraw = False
17.2269 	EXP 	text_4: autoDraw = False
17.2269 	EXP 	text: text = u'word9.1'
18.2284 	EXP 	text: autoDraw = True
21.3333 	EXP 	text: autoDraw = False
21.3333 	EXP 	question: autoDraw = True
21.3333 	EXP 	self_box: autoDraw = True
21.3333 	EXP 	self_label: autoDraw = True
21.3333 	EXP 	other_box: autoDraw = True
21.3333 	EXP 	other_label: autoDraw = True
21.3333 	EXP 	self_box: fillColor = '#A6A9FF'
21.3333 	EXP 	other_box: fillColor = '#FFFCA6'
21.3500 	EXP 	self_box: fillColor = '#A6A9FF'
21.3500 	EXP 	other_box: fillColor = '#FFFCA6'
21.3667 	EXP 	self_box: fillColor = '#A6A9FF'
21.3667 	EXP 	other_box: fillColor = '#FFFCA6'
21.3833 	EXP 	self_box: fillColor = '#A6A9FF'
21.3833 	EXP 	other_box: fillColor = '#FFFCA6'
21.4000 	EXP 	self_box: fillColor = '#A6A9FF'
21.4000 	EXP 	other_box: fillColor = '#FFFCA6'
21.4167 	EXP 	self_box: fillColor = '#A6A9FF'
21.4167 	EXP 	other_box: fillColor = '#FFFCA6'
21.4334 	EXP 	self_box: fillColor = '#A6A9FF'
21.4334 	EXP 	other_box: fillColor = '#FFFCA6'
21.4501 	EXP 	self_box: fillColor = '#A6A9FF'
21.4501 	EXP 	other_box: fillColor = '#FFFCA6'
21.4667 	EXP 	self_box: fillColor = '#A6A9FF'
21.4667 	EXP 	other_box: fillColor = '#FFFCA6'
21.4834 	EXP 	self_box: fillColor = '#A6A9FF'
21.4834 	EXP 	other_box: fillColor = '#FFFCA6'
21.5000 	EXP 	self_box: fillColor = '#A6A9FF'
21.5000 	EXP 	other_box: fillColor = '#FFFCA6'
21.5167 	EXP 	self_box: fillColor = '#A6A9FF'
21.5167 	EXP 	other_box: fillColor = '#FFFCA6'
21.5334 	EXP 	self_box: fillColor = '#A6A9FF'
21.5334 	EXP 	other_box: fillColor = '#FFFCA6'
21.5501 	EXP 	self_box: fillColor = '#A6A9FF'
21.5501 	EXP 	other_box: fillColor = '#FFFCA6'
21.5668 	EXP 	self_box: fillColor = '#A6A9FF'
21.5668 	EXP 	other_box: fillColor = '#FFFCA6'
21.5835 	EXP 	self_box: fillColor = '#A6A9FF'
21.5835 	EXP 	other_box: fillColor = '#FFFCA6'
21.6002 	EXP 	self_box: fillColor = '#A6A9FF'
21.6002 	EXP 	other_box: fillColor = '#FFFCA6'
21.6169 	EXP 	self_box: fillColor = '#A6A9FF'
21.6169 	EXP 	other_box: fillColor = '#FFFCA6'
21.6336 	EXP 	self_box: fillColor = '#A6A9FF'
21.6336 	EXP 	other_box: fillColor = '#FFFCA6'
21.6503 	EXP 	self_box: fillColor = '#A6A9FF'
21.6503 	EXP 	other_box: fillColor = '#FFFCA6'
21.6670 	EXP 	self_box: fillColor = '#A6A9FF'
21.6670 	EXP 	other_box: fillColor = '#FFFCA6'
21.6837 	EXP 	self_box: fillColor = '#A6A9FF'
21.6837 	EXP 	other_box: fillColor = '#FFFCA6'
21.7004 	EXP 	self_box: fillColor = '#A6A9FF'
21.7004 	EXP 	other_box: fillColor = '#FFFCA6'
21.7171 	EXP 	self_box: fillColor = '#A6A9FF'
21.7171 	EXP 	other_box: fillColor = '#FFFCA6'
21.7338 	EXP 	self_box: fillColor = '#A6A9FF'
21.7338 	EXP 	other_box: fillColor = '#FFFCA6'
21.7505 	EXP 	self_box: fillColor = '#A6A9FF'
21.7505 	EXP 	other_box: fillColor = '#FFFCA6'
21.7672 	EXP 	self_box: fillColor = '#A6A9FF'
21.7672 	EXP 	other_box: fillColor = '#FFFCA6'
21.7839 	EXP 	self_box: fillColor = '#A6A9FF'
21.7839 	EXP 	other_box: fillColor = '#FFFCA6'
21.8006 	EXP 	self_box: fillColor = '#A6A9FF'
21.8006 	EXP 	other_box: fillColor = '#FFFCA6'
21.8172 	EXP 	self_box: fillColor = '#A6A9FF'
21.8172 	EXP 	other_box: fillColor = '#FFFCA6'
21.8339 	EXP 	self_box: fillColor = '#A6A9FF'
21.8339 	EXP 	other_box: fillColor = '#FFFCA6'
21.8506 	EXP 	self_box: fillColor = '#A6A9FF'
21.8506 	EXP 	other_box: fillColor = '#FFFCA6'
21.8673 	EXP 	self_box: fillColor = '#A6A9FF'
21.8673 	EXP 	other_box: fillColor = '#FFFCA6'
21.8840 	EXP 	self_box: fillColor = '#A6A9FF'
21.8840 	EXP 	other_box: fillColor = '#FFFCA6'
21.9009 	EXP 	self_box: fillColor = '#A6A9FF'
21.9009 	EXP 	other_box: fillColor = '#FFFCA6'
21.9175 	EXP 	self_box: fillColor = '#A6A9FF'
21.9175 	EXP 	other_box: fillColor = '#FFFCA6'
21.9341 	EXP 	self_box: fillColor = '#A6A9FF'
21.9341 	EXP 	other_box: fillColor = '#FFFCA6'
21.9510 	EXP 	self_box: fillColor = '#A6A9FF'
21.9510 	EXP 	other_box: fillColor = '#FFFCA6'
21.9676 	EXP 	self_box: fillColor = '#A6A9FF'
21.9676 	EXP 	other_box: fillColor = '#FFFCA6'
21.9844 	EXP 	self_box: fillColor = '#A6A9FF'
21.9844 	EXP 	other_box: fillColor = '#FFFCA6'
22.0010 	EXP 	self_box: fillColor = '#A6A9FF'
22.0010 	EXP 	other_box: fillColor = '#FFFCA6'
22.0177 	EXP 	self_box: fillColor = '#A6A9FF'
22.0177 	EXP 	other_box: fillColor = '#FFFCA6'
22.0345 	EXP 	self_box: fillColor = '#A6A9FF'
22.0345 	EXP 	other_box: fillColor = '#FFFCA6'
22.0511 	EXP 	self_box: fillColor = '#A6A9FF'
22.0511 	EXP 	other_box: fillColor = '#FFFCA6'
22.0679 	EXP 	self_box: fillColor = '#A6A9FF'
22.0679 	EXP 	other_box: fillColor = '#FFFCA6'
22.0845 	EXP 	self_box: fillColor = '#A6A9FF'
22.0845 	EXP 	other_box: fillColor = '#FFFCA6'
22.1011 	EXP 	self_box: fillColor = '#A6A9FF'
22.1011 	EXP 	other_box: fillColor = '#FFFCA6'
22.1178 	EXP 	self_box: fillColor = '#A6A9FF'
22.1178 	EXP 	other_box: fillColor = '#FFFCA6'
22.1346 	EXP 	self_box: fillColor = '#A6A9FF'
22.1346 	EXP 	other_box: fillColor = '#FFFCA6'
22.1513 	EXP 	self_box: fillColor = '#A6A9FF'
22.1513 	EXP 	other_box: fillColor = '#FFFCA6'
22.1680 	EXP 	self_box: fillColor = '#A6A9FF'
22.1680 	EXP 	other_box: fillColor = '#FFFCA6'
22.1848 	EXP 	self_box: fillColor = '#A6A9FF'
22.1848 	EXP 	other_box: fillColor = '#FFFCA6'
22.2013 	EXP 	self_box: fillColor = '#A6A9FF'
22.2013 	EXP 	other_box: fillColor = '#FFFCA6'
22.2181 	EXP 	self_box: fillColor = '#A6A9FF'
22.2181 	EXP 	other_box: fillColor = '#FFFCA6'
22.2347 	EXP 	self_box: fillColor = '#A6A9FF'
22.2347 	EXP 	other_box: fillColor = '#FFFCA6'
22.2515 	EXP 	self_box: fillColor = '#A6A9FF'
22.2515 	EXP 	other_box: fillColor = '#FFFCA6'
22.2682 	EXP 	self_box: fillColor = '#A6A9FF'
22.2682 	EXP 	other_box: fillColor = '#FFFCA6'
22.2849 	EXP 	self_box: fillColor = '#A6A9FF'
22.2849 	EXP 	other_box: fillColor = '#FFFCA6'
22.3015 	EXP 	self_box: fillColor = '#A6A9FF'
22.3015 	EXP 	other_box: fillColor = '#FFFCA6'
22.3183 	EXP 	self_box: fillColor = '#A6A9FF'
22.3183 	EXP 	other_box: fillColor = '#FFFCA6'
22.3348 	EXP 	self_box: fillColor = '#A6A9FF'
22.3348 	EXP 	other_box: fillColor = '#FFFCA6'
22.3516 	EXP 	self_box: fillColor = '#A6A9FF'
22.3516 	EXP 	other_box: fillColor = '#FFFCA6'
22.3683 	EXP 	self_box: fillColor = '#A6A9FF'
22.3683 	EXP 	other_box: fillColor = '#FFFCA6'
22.3850 	EXP 	self_box: fillColor = '#A6A9FF'
22.3850 	EXP 	other_box: fillColor = '#FFFCA6'
22.4016 	EXP 	self_box: fillColor = '#A6A9FF'
22.4016 	EXP 	other_box: fillColor = '#FFFCA6'
22.4184 	EXP 	self_box: fillColor = '#A6A9FF'
22.4184 	EXP 	other_box: fillColor = '#FFFCA6'
22.4351 	EXP 	self_box: fillColor = '#A6A9FF'
22.4351 	EXP 	other_box: fillColor = '#FFFCA6'
22.4517 	EXP 	self_box: fillColor = '#A6A9FF'
22.4517 	EXP 	other_box: fillColor = '#FFFCA6'
22.4684 	EXP 	self_box: fillColor = '#A6A9FF'
22.4684 	EXP 	other_box: fillColor = '#FFFCA6'
22.4852 	EXP 	self_box: fillColor = '#A6A9FF'
22.4852 	EXP 	other_box: fillColor = '#FFFCA6'
22.5017 	EXP 	self_box: fillColor = '#A6A9FF'
22.5017 	EXP 	other_box: fillColor = '#FFFCA6'
22.5185 	EXP 	self_box: fillColor = '#3E45FA'
22.5185 	EXP 	other_box: fillColor = '#FFFCA6'
22.5351 	EXP 	self_box: fillColor = '#3E45FA'
22.5351 	EXP 	other_box: fillColor = '#FFFCA6'
22.5519 	EXP 	self_box: fillColor = '#3E45FA'
22.5519 	EXP 	other_box: fillColor = '#FFFCA6'
22.5686 	EXP 	self_box: fillColor = '#3E45FA'
22.5686 	EXP 	other_box: fillColor = '#FFFCA6'
22.5853 	EXP 	self_box: fillColor = '#3E45FA'
22.5853 	EXP 	other_box: fillColor = '#FFFCA6'
22.6019 	EXP 	self_box: fillColor = '#3E45FA'
22.6019 	EXP 	other_box: fillColor = '#FFFCA6'
22.6186 	EXP 	self_box: fillColor = '#3E45FA'
22.6186 	EXP 	other_box: fillColor = '#FFFCA6'
22.6353 	EXP 	self_box: fillColor = '#3E45FA'
22.6353 	EXP 	other_box: fillColor = '#FFFCA6'
22.6520 	EXP 	self_box: fillColor = '#3E45FA'
22.6520 	EXP 	other_box: fillColor = '#FFFCA6'
22.6686 	EXP 	self_box: fillColor = '#3E45FA'
22.6686 	EXP 	other_box: fillColor = '#FFFCA6'
22.6854 	EXP 	self_box: fillColor = '#3E45FA'
22.6854 	EXP 	other_box: fillColor = '#FFFCA6'
22.7021 	EXP 	self_box: fillColor = '#3E45FA'
22.7021 	EXP 	other_box: fillColor = '#FFFCA6'
22.7188 	EXP 	self_box: fillColor = '#3E45FA'
22.7188 	EXP 	other_box: fillColor = '#FFFCA6'
22.7355 	EXP 	self_box: fillColor = '#3E45FA'
22.7355 	EXP 	other_box: fillColor = '#FFFCA6'
22.7522 	EXP 	self_box: fillColor = '#3E45FA'
22.7522 	EXP 	other_box: fillColor = '#FFFCA6'
22.7689 	EXP 	self_box: fillColor = '#3E45FA'
22.7689 	EXP 	other_box: fillColor = '#FFFCA6'
22.7695 	DATA 	Mouse: Left button down, pos=(367,258)
22.7710 	EXP 	New trial (rep=0, index=1): {'word': u'word8.1', 'amount': u'-1.5', 'list': u'list8', 'trialtype': u'pitch', 'trialtype_extended': u'pitch_lower_large'}
22.7856 	EXP 	self_box: fillColor = '#3E45FA'
22.7856 	EXP 	other_box: fillColor = '#FFFCA6'
22.7856 	EXP 	question: autoDraw = False
22.7856 	EXP 	self_box: autoDraw = False
22.7856 	EXP 	self_label: autoDraw = False
22.7856 	EXP 	other_box: autoDraw = False
22.7856 	EXP 	other_label: autoDraw = False
22.7856 	EXP 	text: text = u'word8.1'
22.8695 	DATA 	Mouse: Left button up, pos=(367,258)
23.8039 	EXP 	text: autoDraw = True
26.4414 	EXP 	text: autoDraw = False
26.4414 	EXP 	question: autoDraw = True
26.4414 	EXP 	self_box: autoDraw = True
26.4414 	EXP 	self_label: autoDraw = True
26.4414 	EXP 	other_box: autoDraw = True
26.4414 	EXP 	other_label: autoDraw = True
26.4414 	EXP 	self_box: fillColor = '#A6A9FF'
26.4414 	EXP 	other_box: fillColor = '#FFFCA6'
26.4582 	EXP 	self_box: fillColor = '#A6A9FF'
26.4582 	EXP 	other_box: fillColor = '#FFFCA6'
26.4749 	EXP 	self_box: fillColor = '#A6A9FF'
26.4749 	EXP 	other_box: fillColor = '#FFFCA6'
26.4915 	EXP 	self_box: fillColor = '#A6A9FF'
26.4915 	EXP 	other_box: fillColor = '#FFFCA6'
26.5081 	EXP 	self_box: fillColor = '#A6A9FF'
26.5081 	EXP 	other_box: fillColor = '#FFFCA6'
26.5249 	EXP 	self_box: fillColor = '#A6A9FF'
26.5249 	EXP 	other_box: fillColor = '#FFFCA6'
26.5415 	EXP 	self_box: fillColor = '#A6A9FF'
26.5415 	EXP 	other_box: fillColor = '#FFFCA6'
26.5582 	EXP 	self_box: fillColor = '#A6A9FF'
26.5582 	EXP 	other_box: fillColor = '#FFFCA6'
26.5749 	EXP 	self_box: fillColor = '#A6A9FF'
26.5749 	EXP 	other_box: fillColor = '#FFFCA6'
26.5916 	EXP 	self_box: fillColor = '#A6A9FF'
26.5916 	EXP 	other_box: fillColor = '#FFFCA6'
26.6083 	EXP 	self_box: fillColor = '#A6A9FF'
26.6083 	EXP 	other_box: fillColor = '#FFFCA6'
26.6250 	EXP 	self_box: fillColor = '#A6A9FF'
26.6250 	EXP 	other_box: fillColor = '#FFFCA6'
26.6417 	EXP 	self_box: fillColor = '#A6A9FF'
26.6417 	EXP 	other_box: fillColor = '#FFFCA6'
26.6584 	EXP 	self_box: fillColor = '#A6A9FF'
26.6584 	EXP 	other_box: fillColor = '#FFFCA6'
26.6751 	EXP 	self_box: fillColor = '#A6A9FF'
26.6751 	EXP 	other_box: fillColor = '#FFFCA6'
26.6917 	EXP 	self_box: fillColor = '#A6A9FF'
26.6917 	EXP 	other_box: fillColor = '#FFFCA6'
26.7085 	EXP 	self_box: fillColor = '#A6A9FF'
26.7085 	EXP 	other_box: fillColor = '#FFFCA6'
26.7252 	EXP 	self_box: fillColor = '#A6A9FF'
26.7252 	EXP 	other_box: fillColor = '#FFFCA6'
26.7419 	EXP 	self_box: fillColor = '#A6A9FF'
26.7419 	EXP 	other_box: fillColor = '#FFFCA6'
26.7586 	EXP 	self_box: fillColor = '#A6A9FF'
26.7586 	EXP 	other_box: fillColor = '#FFFCA6'
26.7752 	EXP 	self_box: fillColor = '#A6A9FF'
26.7752 	EXP 	other_box: fillColor = '#FFFCA6'
26.7919 	EXP 	self_box: fillColor = '#3E45FA'
26.7919 	EXP 	other_box: fillColor = '#FFFCA6'
26.8086 	EXP 	self_box: fillColor = '#3E45FA'
26.8086 	EXP 	other_box: fillColor = '#FFFCA6'
26.8253 	EXP 	self_box: fillColor = '#3E45FA'
26.8253 	EXP 	other_box: fillColor = '#FFFCA6'
26.8421 	EXP 	self_box: fillColor = '#3E45FA'
26.8421 	EXP 	other_box: fillColor = '#FFFCA6'
26.8586 	EXP 	self_box: fillColor = '#3E45FA'
26.8586 	EXP 	other_box: fillColor = '#FFFCA6'
26.8754 	EXP 	self_box: fillColor = '#3E45FA'
26.8754 	EXP 	other_box: fillColor = '#FFFCA6'
26.8920 	EXP 	self_box: fillColor = '#3E45FA'
26.8920 	EXP 	other_box: fillColor = '#FFFCA6'
26.9081 	DATA 	Mouse: Left button down, pos=(426,310)
26.9094 	EXP 	New trial (rep=0, index=2): {'word': u'word4.1', 'amount': u'0.8', 'list': u'list4', 'trialtype': u'speed', 'trialtype_extended': u'slow_medium'}
26.9256 	EXP 	self_box: fillColor = '#3E45FA'
26.9256 	EXP 	other_box: fillColor = '#FFFCA6'
26.9256 	EXP 	question: autoDraw = False
26.9256 	EXP 	self_box: autoDraw = False
26.9256 	EXP 	self_label: autoDraw = False
26.9256 	EXP 	other_box: autoDraw = False
26.9256 	EXP 	other_label: autoDraw = False
26.9256 	EXP 	text: text = u'word4.1'
26.9598 	DATA 	Mouse: Left button up, pos=(426,310)
27.9271 	EXP 	text: autoDraw = True
31.0321 	EXP 	text: autoDraw = False
31.0321 	EXP 	question: autoDraw = True
31.0321 	EXP 	self_box: autoDraw = True
31.0321 	EXP 	self_label: autoDraw = True
31.0321 	EXP 	other_box: autoDraw = True
31.0321 	EXP 	other_label: autoDraw = True
31.0321 	EXP 	self_box: fillColor = '#A6A9FF'
31.0321 	EXP 	other_box: fillColor = '#FFFCA6'
31.0487 	EXP 	self_box: fillColor = '#A6A9FF'
31.0487 	EXP 	other_box: fillColor = '#FFFCA6'
31.0655 	EXP 	self_box: fillColor = '#A6A9FF'
31.0655 	EXP 	other_box: fillColor = '#FFFCA6'
31.0820 	EXP 	self_box: fillColor = '#A6A9FF'
31.0820 	EXP 	other_box: fillColor = '#FFFCA6'
31.0988 	EXP 	self_box: fillColor = '#A6A9FF'
31.0988 	EXP 	other_box: fillColor = '#FFFCA6'
31.1156 	EXP 	self_box: fillColor = '#A6A9FF'
31.1156 	EXP 	other_box: fillColor = '#FFFCA6'
31.1321 	EXP 	self_box: fillColor = '#A6A9FF'
31.1321 	EXP 	other_box: fillColor = '#FFFCA6'
31.1488 	EXP 	self_box: fillColor = '#A6A9FF'
31.1488 	EXP 	other_box: fillColor = '#FFFCA6'
31.1655 	EXP 	self_box: fillColor = '#A6A9FF'
31.1655 	EXP 	other_box: fillColor = '#FFFCA6'
31.1823 	EXP 	self_box: fillColor = '#A6A9FF'
31.1823 	EXP 	other_box: fillColor = '#FFFCA6'
31.1990 	EXP 	self_box: fillColor = '#A6A9FF'
31.1990 	EXP 	other_box: fillColor = '#FFFCA6'
31.2158 	EXP 	self_box: fillColor = '#A6A9FF'
31.2158 	EXP 	other_box: fillColor = '#FFFCA6'
31.2323 	EXP 	self_box: fillColor = '#A6A9FF'
31.2323 	EXP 	other_box: fillColor = '#FFFCA6'
31.2490 	EXP 	self_box: fillColor = '#A6A9FF'
31.2490 	EXP 	other_box: fillColor = '#FFFCA6'
31.2657 	EXP 	self_box: fillColor = '#A6A9FF'
31.2657 	EXP 	other_box: fillColor = '#FFFCA6'
31.2825 	EXP 	self_box: fillColor = '#A6A9FF'
31.2825 	EXP 	other_box: fillColor = '#FFFCA6'
31.2992 	EXP 	self_box: fillColor = '#A6A9FF'
31.2992 	EXP 	other_box: fillColor = '#FFFCA6'
31.3159 	EXP 	self_box: fillColor = '#A6A9FF'
31.3159 	EXP 	other_box: fillColor = '#FFFCA6'
31.3325 	EXP 	self_box: fillColor = '#A6A9FF'
31.3325 	EXP 	other_box: fillColor = '#FFFCA6'
31.3492 	EXP 	self_box: fillColor = '#A6A9FF'
31.3492 	EXP 	other_box: fillColor = '#FFFCA6'
31.3660 	EXP 	self_box: fillColor = '#A6A9FF'
31.3660 	EXP 	other_box: fillColor = '#FFFCA6'
31.3826 	EXP 	self_box: fillColor = '#A6A9FF'
31.3826 	EXP 	other_box: fillColor = '#FFFCA6'
31.3994 	EXP 	self_box: fillColor = '#A6A9FF'
31.3994 	EXP 	other_box: fillColor = '#FFFCA6'
31.4159 	EXP 	self_box: fillColor = '#A6A9FF'
31.4159 	EXP 	other_box: fillColor = '#FAF33E'
31.4326 	EXP 	self_box: fillColor = '#A6A9FF'
31.4326 	EXP 	other_box: fillColor = '#FAF33E'
31.4495 	EXP 	self_box: fillColor = '#A6A9FF'
31.4495 	EXP 	other_box: fillColor = '#FAF33E'
31.4662 	EXP 	self_box: fillColor = '#A6A9FF'
31.4662 	EXP 	other_box: fillColor = '#FAF33E'
31.4828 	EXP 	self_box: fillColor = '#A6A9FF'
31.4828 	EXP 	other_box: fillColor = '#FAF33E'
31.4994 	EXP 	self_box: fillColor = '#A6A9FF'
31.4994 	EXP 	other_box: fillColor = '#FAF33E'
31.5160 	EXP 	self_box: fillColor = '#A6A9FF'
31.5160 	EXP 	other_box: fillColor = '#FAF33E'
31.5327 	EXP 	self_box: fillColor = '#A6A9FF'
31.5327 	EXP 	other_box: fillColor = '#FAF33E'
31.5496 	EXP 	self_box: fillColor = '#A6A9FF'
31.5496 	EXP 	other_box: fillColor = '#FAF33E'
31.5661 	EXP 	self_box: fillColor = '#A6A9FF'
31.5661 	EXP 	other_box: fillColor = '#FAF33E'
31.5668 	DATA 	Mouse: Left button down, pos=(966,306)
31.5699 	EXP 	New trial (rep=0, index=3): {'word': u'word2.1', 'amount': u'1.5', 'list': u'list2', 'trialtype': u'pitch', 'trialtype_extended': u'pitch_higher_small'}
31.5997 	EXP 	self_box: fillColor = '#A6A9FF'
31.5997 	EXP 	other_box: fillColor = '#FAF33E'
31.5997 	EXP 	question: autoDraw = False
31.5997 	EXP 	self_box: autoDraw = False
31.5997 	EXP 	self_label: autoDraw = False
31.5997 	EXP 	other_box: autoDraw = False
31.5997 	EXP 	other_label: autoDraw = False
31.5997 	EXP 	text: text = u'word2.1'
31.6501 	DATA 	Mouse: Left button up, pos=(966,306)
32.6012 	EXP 	text: autoDraw = True
35.1387 	EXP 	text: autoDraw = False
35.1387 	EXP 	question: autoDraw = True
35.1387 	EXP 	self_box: autoDraw = True
35.1387 	EXP 	self_label: autoDraw = True
35.1387 	EXP 	other_box: autoDraw = True
35.1387 	EXP 	other_label: autoDraw = True
35.1387 	EXP 	self_box: fillColor = '#A6A9FF'
35.1387 	EXP 	other_box: fillColor = '#FFFCA6'
35.1552 	EXP 	self_box: fillColor = '#A6A9FF'
35.1552 	EXP 	other_box: fillColor = '#FFFCA6'
35.1720 	EXP 	self_box: fillColor = '#A6A9FF'
35.1720 	EXP 	other_box: fillColor = '#FFFCA6'
35.1887 	EXP 	self_box: fillColor = '#A6A9FF'
35.1887 	EXP 	other_box: fillColor = '#FFFCA6'
35.2054 	EXP 	self_box: fillColor = '#A6A9FF'
35.2054 	EXP 	other_box: fillColor = '#FFFCA6'
35.2219 	EXP 	self_box: fillColor = '#A6A9FF'
35.2219 	EXP 	other_box: fillColor = '#FFFCA6'
35.2388 	EXP 	self_box: fillColor = '#A6A9FF'
35.2388 	EXP 	other_box: fillColor = '#FFFCA6'
35.2554 	EXP 	self_box: fillColor = '#A6A9FF'
35.2554 	EXP 	other_box: fillColor = '#FFFCA6'
35.2721 	EXP 	self_box: fillColor = '#A6A9FF'
35.2721 	EXP 	other_box: fillColor = '#FFFCA6'
35.2888 	EXP 	self_box: fillColor = '#A6A9FF'
35.2888 	EXP 	other_box: fillColor = '#FFFCA6'
35.3056 	EXP 	self_box: fillColor = '#A6A9FF'
35.3056 	EXP 	other_box: fillColor = '#FFFCA6'
35.3222 	EXP 	self_box: fillColor = '#A6A9FF'
35.3222 	EXP 	other_box: fillColor = '#FFFCA6'
35.3390 	EXP 	self_box: fillColor = '#A6A9FF'
35.3390 	EXP 	other_box: fillColor = '#FFFCA6'
35.3556 	EXP 	self_box: fillColor = '#A6A9FF'
35.3556 	EXP 	other_box: fillColor = '#FFFCA6'
35.3723 	EXP 	self_box: fillColor = '#A6A9FF'
35.3723 	EXP 	other_box: fillColor = '#FFFCA6'
35.3889 	EXP 	self_box: fillColor = '#A6A9FF'
35.3889 	EXP 	other_box: fillColor = '#FFFCA6'
35.4056 	EXP 	self_box: fillColor = '#A6A9FF'
35.4056 	EXP 	other_box: fillColor = '#FFFCA6'
35.4224 	EXP 	self_box: fillColor = '#A6A9FF'
35.4224 	EXP 	other_box: fillColor = '#FFFCA6'
35.4391 	EXP 	self_box: fillColor = '#A6A9FF'
35.4391 	EXP 	other_box: fillColor = '#FFFCA6'
35.4559 	EXP 	self_box: fillColor = '#A6A9FF'
35.4559 	EXP 	other_box: fillColor = '#FFFCA6'
35.4725 	EXP 	self_box: fillColor = '#A6A9FF'
35.4725 	EXP 	other_box: fillColor = '#FFFCA6'
35.4892 	EXP 	self_box: fillColor = '#A6A9FF'
35.4892 	EXP 	other_box: fillColor = '#FFFCA6'
35.5058 	EXP 	self_box: fillColor = '#A6A9FF'
35.5058 	EXP 	other_box: fillColor = '#FFFCA6'
35.5225 	EXP 	self_box: fillColor = '#A6A9FF'
35.5225 	EXP 	other_box: fillColor = '#FFFCA6'
35.5392 	EXP 	self_box: fillColor = '#A6A9FF'
35.5392 	EXP 	other_box: fillColor = '#FFFCA6'
35.5559 	EXP 	self_box: fillColor = '#3E45FA'
35.5559 	EXP 	other_box: fillColor = '#FFFCA6'
35.5726 	EXP 	self_box: fillColor = '#3E45FA'
35.5726 	EXP 	other_box: fillColor = '#FFFCA6'
35.5894 	EXP 	self_box: fillColor = '#3E45FA'
35.5894 	EXP 	other_box: fillColor = '#FFFCA6'
35.6060 	EXP 	self_box: fillColor = '#3E45FA'
35.6060 	EXP 	other_box: fillColor = '#FFFCA6'
35.6227 	EXP 	self_box: fillColor = '#3E45FA'
35.6227 	EXP 	other_box: fillColor = '#FFFCA6'
35.6392 	EXP 	self_box: fillColor = '#3E45FA'
35.6392 	EXP 	other_box: fillColor = '#FFFCA6'
35.6397 	DATA 	Mouse: Left button down, pos=(516,297)
35.6410 	EXP 	New trial (rep=0, index=4): {'word': u'word7.1', 'amount': u'0.7', 'list': u'list7', 'trialtype': u'speed', 'trialtype_extended': u'slow_large'}
35.6560 	EXP 	self_box: fillColor = '#3E45FA'
35.6560 	EXP 	other_box: fillColor = '#FFFCA6'
35.6560 	EXP 	question: autoDraw = False
35.6560 	EXP 	self_box: autoDraw = False
35.6560 	EXP 	self_label: autoDraw = False
35.6560 	EXP 	other_box: autoDraw = False
35.6560 	EXP 	other_label: autoDraw = False
35.6560 	EXP 	text: text = u'word7.1'
35.7066 	DATA 	Mouse: Left button up, pos=(516,297)
36.6744 	EXP 	text: autoDraw = True
39.3452 	EXP 	text: autoDraw = False
39.3452 	EXP 	question: autoDraw = True
39.3452 	EXP 	self_box: autoDraw = True
39.3452 	EXP 	self_label: autoDraw = True
39.3452 	EXP 	other_box: autoDraw = True
39.3452 	EXP 	other_label: autoDraw = True
39.3452 	EXP 	self_box: fillColor = '#A6A9FF'
39.3452 	EXP 	other_box: fillColor = '#FFFCA6'
39.3620 	EXP 	self_box: fillColor = '#A6A9FF'
39.3620 	EXP 	other_box: fillColor = '#FFFCA6'
39.3786 	EXP 	self_box: fillColor = '#A6A9FF'
39.3786 	EXP 	other_box: fillColor = '#FFFCA6'
39.3954 	EXP 	self_box: fillColor = '#A6A9FF'
39.3954 	EXP 	other_box: fillColor = '#FFFCA6'
39.4121 	EXP 	self_box: fillColor = '#A6A9FF'
39.4121 	EXP 	other_box: fillColor = '#FFFCA6'
39.4287 	EXP 	self_box: fillColor = '#A6A9FF'
39.4287 	EXP 	other_box: fillColor = '#FFFCA6'
39.4455 	EXP 	self_box: fillColor = '#A6A9FF'
39.4455 	EXP 	other_box: fillColor = '#FFFCA6'
39.4621 	EXP 	self_box: fillColor = '#A6A9FF'
39.4621 	EXP 	other_box: fillColor = '#FFFCA6'
39.4788 	EXP 	self_box: fillColor = '#A6A9FF'
39.4788 	EXP 	other_box: fillColor = '#FFFCA6'
39.4955 	EXP 	self_box: fillColor = '#A6A9FF'
39.4955 	EXP 	other_box: fillColor = '#FFFCA6'
39.5122 	EXP 	self_box: fillColor = '#A6A9FF'
39.5122 	EXP 	other_box: fillColor = '#FFFCA6'
39.5289 	EXP 	self_box: fillColor = '#A6A9FF'
39.5289 	EXP 	other_box: fillColor = '#FFFCA6'
39.5455 	EXP 	self_box: fillColor = '#A6A9FF'
39.5455 	EXP 	other_box: fillColor = '#FFFCA6'
39.5621 	EXP 	self_box: fillColor = '#A6A9FF'
39.5621 	EXP 	other_box: fillColor = '#FFFCA6'
39.5789 	EXP 	self_box: fillColor = '#A6A9FF'
39.5789 	EXP 	other_box: fillColor = '#FFFCA6'
39.5957 	EXP 	self_box: fillColor = '#A6A9FF'
39.5957 	EXP 	other_box: fillColor = '#FFFCA6'
39.6124 	EXP 	self_box: fillColor = '#A6A9FF'
39.6124 	EXP 	other_box: fillColor = '#FAF33E'
39.6290 	EXP 	self_box: fillColor = '#A6A9FF'
39.6290 	EXP 	other_box: fillColor = '#FAF33E'
39.6458 	EXP 	self_box: fillColor = '#A6A9FF'
39.6458 	EXP 	other_box: fillColor = '#FAF33E'
39.6623 	EXP 	self_box: fillColor = '#A6A9FF'
39.6623 	EXP 	other_box: fillColor = '#FAF33E'
39.6791 	EXP 	self_box: fillColor = '#A6A9FF'
39.6791 	EXP 	other_box: fillColor = '#FAF33E'
39.6957 	EXP 	self_box: fillColor = '#A6A9FF'
39.6957 	EXP 	other_box: fillColor = '#FAF33E'
39.7126 	EXP 	self_box: fillColor = '#A6A9FF'
39.7126 	EXP 	other_box: fillColor = '#FAF33E'
39.7291 	EXP 	self_box: fillColor = '#A6A9FF'
39.7291 	EXP 	other_box: fillColor = '#FAF33E'
39.7458 	EXP 	self_box: fillColor = '#A6A9FF'
39.7458 	EXP 	other_box: fillColor = '#FAF33E'
39.7463 	DATA 	Mouse: Left button down, pos=(1001,287)
39.7480 	EXP 	New trial (rep=0, index=5): {'word': u'word1.1', 'amount': u'0.9', 'list': u'list1', 'trialtype': u'speed', 'trialtype_extended': u'slow_small'}
39.7625 	EXP 	self_box: fillColor = '#A6A9FF'
39.7625 	EXP 	other_box: fillColor = '#FAF33E'
39.7625 	EXP 	question: autoDraw = False
39.7625 	EXP 	self_box: autoDraw = False
39.7625 	EXP 	self_label: autoDraw = False
39.7625 	EXP 	other_box: autoDraw = False
39.7625 	EXP 	other_label: autoDraw = False
39.7625 	EXP 	text: text = u'word1.1'
39.8132 	DATA 	Mouse: Left button up, pos=(1001,287)
40.7809 	EXP 	text: autoDraw = True
43.6020 	EXP 	text: autoDraw = False
43.6020 	EXP 	question: autoDraw = True
43.6020 	EXP 	self_box: autoDraw = True
43.6020 	EXP 	self_label: autoDraw = True
43.6020 	EXP 	other_box: autoDraw = True
43.6020 	EXP 	other_label: autoDraw = True
43.6020 	EXP 	self_box: fillColor = '#A6A9FF'
43.6020 	EXP 	other_box: fillColor = '#FFFCA6'
43.6188 	EXP 	self_box: fillColor = '#A6A9FF'
43.6188 	EXP 	other_box: fillColor = '#FFFCA6'
43.6354 	EXP 	self_box: fillColor = '#A6A9FF'
43.6354 	EXP 	other_box: fillColor = '#FFFCA6'
43.6522 	EXP 	self_box: fillColor = '#A6A9FF'
43.6522 	EXP 	other_box: fillColor = '#FFFCA6'
43.6689 	EXP 	self_box: fillColor = '#A6A9FF'
43.6689 	EXP 	other_box: fillColor = '#FFFCA6'
43.6855 	EXP 	self_box: fillColor = '#A6A9FF'
43.6855 	EXP 	other_box: fillColor = '#FFFCA6'
43.7023 	EXP 	self_box: fillColor = '#A6A9FF'
43.7023 	EXP 	other_box: fillColor = '#FFFCA6'
43.7190 	EXP 	self_box: fillColor = '#A6A9FF'
43.7190 	EXP 	other_box: fillColor = '#FFFCA6'
43.7355 	EXP 	self_box: fillColor = '#A6A9FF'
43.7355 	EXP 	other_box: fillColor = '#FFFCA6'
43.7523 	EXP 	self_box: fillColor = '#A6A9FF'
43.7523 	EXP 	other_box: fillColor = '#FFFCA6'
43.7690 	EXP 	self_box: fillColor = '#A6A9FF'
43.7690 	EXP 	other_box: fillColor = '#FFFCA6'
43.7856 	EXP 	self_box: fillColor = '#A6A9FF'
43.7856 	EXP 	other_box: fillColor = '#FFFCA6'
43.8024 	EXP 	self_box: fillColor = '#A6A9FF'
43.8024 	EXP 	other_box: fillColor = '#FFFCA6'
43.8191 	EXP 	self_box: fillColor = '#A6A9FF'
43.8191 	EXP 	other_box: fillColor = '#FFFCA6'
43.8358 	EXP 	self_box: fillColor = '#A6A9FF'
43.8358 	EXP 	other_box: fillColor = '#FFFCA6'
43.8525 	EXP 	self_box: fillColor = '#A6A9FF'
43.8525 	EXP 	other_box: fillColor = '#FFFCA6'
43.8690 	EXP 	self_box: fillColor = '#A6A9FF'
43.8690 	EXP 	other_box: fillColor = '#FFFCA6'
43.8858 	EXP 	self_box: fillColor = '#A6A9FF'
43.8858 	EXP 	other_box: fillColor = '#FFFCA6'
43.9025 	EXP 	self_box: fillColor = '#A6A9FF'
43.9025 	EXP 	other_box: fillColor = '#FFFCA6'
43.9192 	EXP 	self_box: fillColor = '#A6A9FF'
43.9192 	EXP 	other_box: fillColor = '#FAF33E'
43.9359 	EXP 	self_box: fillColor = '#A6A9FF'
43.9359 	EXP 	other_box: fillColor = '#FAF33E'
43.9526 	EXP 	self_box: fillColor = '#A6A9FF'
43.9526 	EXP 	other_box: fillColor = '#FAF33E'
43.9693 	EXP 	self_box: fillColor = '#A6A9FF'
43.9693 	EXP 	other_box: fillColor = '#FAF33E'
43.9859 	EXP 	self_box: fillColor = '#A6A9FF'
43.9859 	EXP 	other_box: fillColor = '#FAF33E'
44.0026 	EXP 	self_box: fillColor = '#A6A9FF'
44.0026 	EXP 	other_box: fillColor = '#FAF33E'
44.0195 	EXP 	self_box: fillColor = '#A6A9FF'
44.0195 	EXP 	other_box: fillColor = '#FAF33E'
44.0361 	EXP 	self_box: fillColor = '#A6A9FF'
44.0361 	EXP 	other_box: fillColor = '#FAF33E'
44.0528 	EXP 	self_box: fillColor = '#A6A9FF'
44.0528 	EXP 	other_box: fillColor = '#FAF33E'
44.0542 	DATA 	Mouse: Left button down, pos=(981,306)
44.0558 	EXP 	New trial (rep=0, index=6): {'word': u'word3.1', 'amount': u'unmodified', 'list': u'list3', 'trialtype': u'unmodified', 'trialtype_extended': u'unmodified'}
44.0693 	EXP 	self_box: fillColor = '#A6A9FF'
44.0693 	EXP 	other_box: fillColor = '#FAF33E'
44.0693 	EXP 	question: autoDraw = False
44.0693 	EXP 	self_box: autoDraw = False
44.0693 	EXP 	self_label: autoDraw = False
44.0693 	EXP 	other_box: autoDraw = False
44.0693 	EXP 	other_label: autoDraw = False
44.0693 	EXP 	text: text = u'word3.1'
44.1200 	DATA 	Mouse: Left button up, pos=(981,306)
45.0877 	EXP 	text: autoDraw = True
47.2913 	EXP 	text: autoDraw = False
47.2913 	EXP 	question: autoDraw = True
47.2913 	EXP 	self_box: autoDraw = True
47.2913 	EXP 	self_label: autoDraw = True
47.2913 	EXP 	other_box: autoDraw = True
47.2913 	EXP 	other_label: autoDraw = True
47.2913 	EXP 	self_box: fillColor = '#A6A9FF'
47.2913 	EXP 	other_box: fillColor = '#FFFCA6'
47.3080 	EXP 	self_box: fillColor = '#A6A9FF'
47.3080 	EXP 	other_box: fillColor = '#FFFCA6'
47.3248 	EXP 	self_box: fillColor = '#A6A9FF'
47.3248 	EXP 	other_box: fillColor = '#FFFCA6'
47.3414 	EXP 	self_box: fillColor = '#A6A9FF'
47.3414 	EXP 	other_box: fillColor = '#FFFCA6'
47.3580 	EXP 	self_box: fillColor = '#A6A9FF'
47.3580 	EXP 	other_box: fillColor = '#FFFCA6'
47.3748 	EXP 	self_box: fillColor = '#A6A9FF'
47.3748 	EXP 	other_box: fillColor = '#FFFCA6'
47.3915 	EXP 	self_box: fillColor = '#A6A9FF'
47.3915 	EXP 	other_box: fillColor = '#FFFCA6'
47.4082 	EXP 	self_box: fillColor = '#A6A9FF'
47.4082 	EXP 	other_box: fillColor = '#FFFCA6'
47.4249 	EXP 	self_box: fillColor = '#A6A9FF'
47.4249 	EXP 	other_box: fillColor = '#FFFCA6'
47.4416 	EXP 	self_box: fillColor = '#A6A9FF'
47.4416 	EXP 	other_box: fillColor = '#FFFCA6'
47.4583 	EXP 	self_box: fillColor = '#A6A9FF'
47.4583 	EXP 	other_box: fillColor = '#FFFCA6'
47.4749 	EXP 	self_box: fillColor = '#A6A9FF'
47.4749 	EXP 	other_box: fillColor = '#FFFCA6'
47.4914 	EXP 	self_box: fillColor = '#A6A9FF'
47.4914 	EXP 	other_box: fillColor = '#FFFCA6'
47.5082 	EXP 	self_box: fillColor = '#A6A9FF'
47.5082 	EXP 	other_box: fillColor = '#FFFCA6'
47.5249 	EXP 	self_box: fillColor = '#A6A9FF'
47.5249 	EXP 	other_box: fillColor = '#FFFCA6'
47.5416 	EXP 	self_box: fillColor = '#A6A9FF'
47.5416 	EXP 	other_box: fillColor = '#FFFCA6'
47.5582 	EXP 	self_box: fillColor = '#A6A9FF'
47.5582 	EXP 	other_box: fillColor = '#FFFCA6'
47.5749 	EXP 	self_box: fillColor = '#A6A9FF'
47.5749 	EXP 	other_box: fillColor = '#FFFCA6'
47.5917 	EXP 	self_box: fillColor = '#A6A9FF'
47.5917 	EXP 	other_box: fillColor = '#FFFCA6'
47.6085 	EXP 	self_box: fillColor = '#A6A9FF'
47.6085 	EXP 	other_box: fillColor = '#FFFCA6'
47.6250 	EXP 	self_box: fillColor = '#A6A9FF'
47.6250 	EXP 	other_box: fillColor = '#FFFCA6'
47.6418 	EXP 	self_box: fillColor = '#A6A9FF'
47.6418 	EXP 	other_box: fillColor = '#FFFCA6'
47.6585 	EXP 	self_box: fillColor = '#3E45FA'
47.6585 	EXP 	other_box: fillColor = '#FFFCA6'
47.6752 	EXP 	self_box: fillColor = '#3E45FA'
47.6752 	EXP 	other_box: fillColor = '#FFFCA6'
47.6918 	EXP 	self_box: fillColor = '#3E45FA'
47.6918 	EXP 	other_box: fillColor = '#FFFCA6'
47.7085 	EXP 	self_box: fillColor = '#3E45FA'
47.7085 	EXP 	other_box: fillColor = '#FFFCA6'
47.7253 	EXP 	self_box: fillColor = '#3E45FA'
47.7253 	EXP 	other_box: fillColor = '#FFFCA6'
47.7420 	EXP 	self_box: fillColor = '#3E45FA'
47.7420 	EXP 	other_box: fillColor = '#FFFCA6'
47.7587 	EXP 	self_box: fillColor = '#3E45FA'
47.7587 	EXP 	other_box: fillColor = '#FFFCA6'
47.7754 	EXP 	self_box: fillColor = '#3E45FA'
47.7754 	EXP 	other_box: fillColor = '#FFFCA6'
47.7921 	EXP 	self_box: fillColor = '#3E45FA'
47.7921 	EXP 	other_box: fillColor = '#FFFCA6'
47.8089 	EXP 	self_box: fillColor = '#3E45FA'
47.8089 	EXP 	other_box: fillColor = '#FFFCA6'
47.8098 	DATA 	Mouse: Left button down, pos=(443,280)
47.8129 	EXP 	New trial (rep=0, index=7): {'word': u'word6.1', 'amount': u'unmodified', 'list': u'list6', 'trialtype': u'unmodified', 'trialtype_extended': u'unmodified'}
47.8255 	EXP 	self_box: fillColor = '#3E45FA'
47.8255 	EXP 	other_box: fillColor = '#FFFCA6'
47.8255 	EXP 	question: autoDraw = False
47.8255 	EXP 	self_box: autoDraw = False
47.8255 	EXP 	self_label: autoDraw = False
47.8255 	EXP 	other_box: autoDraw = False
47.8255 	EXP 	other_label: autoDraw = False
47.8255 	EXP 	text: text = u'word6.1'
47.8599 	DATA 	Mouse: Left button up, pos=(443,280)
48.8437 	EXP 	text: autoDraw = True
50.9470 	EXP 	text: autoDraw = False
50.9470 	EXP 	question: autoDraw = True
50.9470 	EXP 	self_box: autoDraw = True
50.9470 	EXP 	self_label: autoDraw = True
50.9470 	EXP 	other_box: autoDraw = True
50.9470 	EXP 	other_label: autoDraw = True
50.9470 	EXP 	self_box: fillColor = '#A6A9FF'
50.9470 	EXP 	other_box: fillColor = '#FFFCA6'
50.9638 	EXP 	self_box: fillColor = '#A6A9FF'
50.9638 	EXP 	other_box: fillColor = '#FFFCA6'
50.9805 	EXP 	self_box: fillColor = '#A6A9FF'
50.9805 	EXP 	other_box: fillColor = '#FFFCA6'
50.9972 	EXP 	self_box: fillColor = '#A6A9FF'
50.9972 	EXP 	other_box: fillColor = '#FFFCA6'
51.0139 	EXP 	self_box: fillColor = '#A6A9FF'
51.0139 	EXP 	other_box: fillColor = '#FFFCA6'
51.0304 	EXP 	self_box: fillColor = '#A6A9FF'
51.0304 	EXP 	other_box: fillColor = '#FFFCA6'
51.0471 	EXP 	self_box: fillColor = '#A6A9FF'
51.0471 	EXP 	other_box: fillColor = '#FFFCA6'
51.0639 	EXP 	self_box: fillColor = '#A6A9FF'
51.0639 	EXP 	other_box: fillColor = '#FFFCA6'
51.0806 	EXP 	self_box: fillColor = '#A6A9FF'
51.0806 	EXP 	other_box: fillColor = '#FFFCA6'
51.0972 	EXP 	self_box: fillColor = '#A6A9FF'
51.0972 	EXP 	other_box: fillColor = '#FFFCA6'
51.1141 	EXP 	self_box: fillColor = '#A6A9FF'
51.1141 	EXP 	other_box: fillColor = '#FFFCA6'
51.1307 	EXP 	self_box: fillColor = '#A6A9FF'
51.1307 	EXP 	other_box: fillColor = '#FFFCA6'
51.1474 	EXP 	self_box: fillColor = '#A6A9FF'
51.1474 	EXP 	other_box: fillColor = '#FFFCA6'
51.1641 	EXP 	self_box: fillColor = '#A6A9FF'
51.1641 	EXP 	other_box: fillColor = '#FFFCA6'
51.1808 	EXP 	self_box: fillColor = '#A6A9FF'
51.1808 	EXP 	other_box: fillColor = '#FFFCA6'
51.1975 	EXP 	self_box: fillColor = '#A6A9FF'
51.1975 	EXP 	other_box: fillColor = '#FFFCA6'
51.2142 	EXP 	self_box: fillColor = '#A6A9FF'
51.2142 	EXP 	other_box: fillColor = '#FFFCA6'
51.2310 	EXP 	self_box: fillColor = '#A6A9FF'
51.2310 	EXP 	other_box: fillColor = '#FFFCA6'
51.2476 	EXP 	self_box: fillColor = '#A6A9FF'
51.2476 	EXP 	other_box: fillColor = '#FFFCA6'
51.2643 	EXP 	self_box: fillColor = '#A6A9FF'
51.2643 	EXP 	other_box: fillColor = '#FFFCA6'
51.2810 	EXP 	self_box: fillColor = '#A6A9FF'
51.2810 	EXP 	other_box: fillColor = '#FFFCA6'
51.2977 	EXP 	self_box: fillColor = '#A6A9FF'
51.2977 	EXP 	other_box: fillColor = '#FFFCA6'
51.3145 	EXP 	self_box: fillColor = '#A6A9FF'
51.3145 	EXP 	other_box: fillColor = '#FFFCA6'
51.3311 	EXP 	self_box: fillColor = '#A6A9FF'
51.3311 	EXP 	other_box: fillColor = '#FFFCA6'
51.3477 	EXP 	self_box: fillColor = '#3E45FA'
51.3477 	EXP 	other_box: fillColor = '#FFFCA6'
51.3643 	EXP 	self_box: fillColor = '#3E45FA'
51.3643 	EXP 	other_box: fillColor = '#FFFCA6'
51.3811 	EXP 	self_box: fillColor = '#3E45FA'
51.3811 	EXP 	other_box: fillColor = '#FFFCA6'
51.3978 	EXP 	self_box: fillColor = '#3E45FA'
51.3978 	EXP 	other_box: fillColor = '#FFFCA6'
51.4145 	EXP 	self_box: fillColor = '#3E45FA'
51.4145 	EXP 	other_box: fillColor = '#FFFCA6'
51.4312 	EXP 	self_box: fillColor = '#3E45FA'
51.4312 	EXP 	other_box: fillColor = '#FFFCA6'
51.4479 	EXP 	self_box: fillColor = '#3E45FA'
51.4479 	EXP 	other_box: fillColor = '#FFFCA6'
51.4518 	DATA 	Mouse: Left button down, pos=(413,281)
51.4644 	EXP 	self_box: fillColor = '#3E45FA'
51.4644 	EXP 	other_box: fillColor = '#FFFCA6'
51.4660 	EXP 	New trial (rep=0, index=8): {'word': u'word5.1', 'amount': u'-1.5', 'list': u'list5', 'trialtype': u'pitch', 'trialtype_extended': u'pitch_lower_small'}
51.4813 	EXP 	self_box: fillColor = '#3E45FA'
51.4813 	EXP 	other_box: fillColor = '#FFFCA6'
51.4813 	EXP 	question: autoDraw = False
51.4813 	EXP 	self_box: autoDraw = False
51.4813 	EXP 	self_label: autoDraw = False
51.4813 	EXP 	other_box: autoDraw = False
51.4813 	EXP 	other_label: autoDraw = False
51.4813 	EXP 	text: text = u'word5.1'
51.5319 	DATA 	Mouse: Left button up, pos=(413,281)
52.4830 	EXP 	text: autoDraw = True
54.4694 	EXP 	text: autoDraw = False
54.4694 	EXP 	question: autoDraw = True
54.4694 	EXP 	self_box: autoDraw = True
54.4694 	EXP 	self_label: autoDraw = True
54.4694 	EXP 	other_box: autoDraw = True
54.4694 	EXP 	other_label: autoDraw = True
54.4694 	EXP 	self_box: fillColor = '#A6A9FF'
54.4694 	EXP 	other_box: fillColor = '#FFFCA6'
54.4860 	EXP 	self_box: fillColor = '#A6A9FF'
54.4860 	EXP 	other_box: fillColor = '#FFFCA6'
54.5026 	EXP 	self_box: fillColor = '#A6A9FF'
54.5026 	EXP 	other_box: fillColor = '#FFFCA6'
54.5195 	EXP 	self_box: fillColor = '#A6A9FF'
54.5195 	EXP 	other_box: fillColor = '#FFFCA6'
54.5362 	EXP 	self_box: fillColor = '#A6A9FF'
54.5362 	EXP 	other_box: fillColor = '#FFFCA6'
54.5528 	EXP 	self_box: fillColor = '#3E45FA'
54.5528 	EXP 	other_box: fillColor = '#FFFCA6'
54.5696 	EXP 	self_box: fillColor = '#3E45FA'
54.5696 	EXP 	other_box: fillColor = '#FFFCA6'
54.5862 	EXP 	self_box: fillColor = '#3E45FA'
54.5862 	EXP 	other_box: fillColor = '#FFFCA6'
54.6028 	EXP 	self_box: fillColor = '#3E45FA'
54.6028 	EXP 	other_box: fillColor = '#FFFCA6'
54.6196 	EXP 	self_box: fillColor = '#3E45FA'
54.6196 	EXP 	other_box: fillColor = '#FFFCA6'
54.6364 	EXP 	self_box: fillColor = '#3E45FA'
54.6364 	EXP 	other_box: fillColor = '#FFFCA6'
54.6530 	EXP 	self_box: fillColor = '#3E45FA'
54.6530 	EXP 	other_box: fillColor = '#FFFCA6'
54.6699 	EXP 	self_box: fillColor = '#3E45FA'
54.6699 	EXP 	other_box: fillColor = '#FFFCA6'
54.6863 	EXP 	self_box: fillColor = '#3E45FA'
54.6863 	EXP 	other_box: fillColor = '#FFFCA6'
54.7031 	EXP 	self_box: fillColor = '#3E45FA'
54.7031 	EXP 	other_box: fillColor = '#FFFCA6'
54.7197 	EXP 	self_box: fillColor = '#3E45FA'
54.7197 	EXP 	other_box: fillColor = '#FFFCA6'
54.7363 	EXP 	self_box: fillColor = '#3E45FA'
54.7363 	EXP 	other_box: fillColor = '#FFFCA6'
54.7367 	DATA 	Mouse: Left button down, pos=(372,289)
54.7530 	EXP 	self_box: fillColor = '#3E45FA'
54.7530 	EXP 	other_box: fillColor = '#FFFCA6'
54.7530 	EXP 	question: autoDraw = False
54.7530 	EXP 	self_box: autoDraw = False
54.7530 	EXP 	self_label: autoDraw = False
54.7530 	EXP 	other_box: autoDraw = False
54.7530 	EXP 	other_label: autoDraw = False
54.7530 	EXP 	text_3: autoDraw = True
54.7872 	DATA 	Mouse: Left button up, pos=(372,289)
59.8278 	EXP 	text_3: autoDraw = False
59.8278 	EXP 	text_3: autoDraw = False
59.8278 	EXP 	results_text: text = 'unmodified: 100.00% self, 0.00% other\n\rslow_small: 0.00% self, 100.00% other\n\rslow_medium: 0.00% self, 100.00% other\n\rslow_large: 0.00% self, 100.00% other\n\rpitch_higher_small: 100.00% self, 0.00% other\n\rpitch_higher_large: 100.00% self, 0.00% other\n\rpitch_lower_small: 100.00% self, 0.00% other\n\rpitch_lower_large: 100.00% self, 0.00% other\n\r'
59.8278 	EXP 	results_text: autoDraw = True
108.2723 	DATA 	Keypress: escape
