11.1518 	WARNING 	Movie2 stim could not be imported and won't be available
12.1808 	EXP 	Created window1 = Window(allowGUI=False, allowStencil=False, autoLog=True, bitsMode=UNKNOWN, blendMode='avg', color=array([-1., -1., -1.]), colorSpace='rgb', fullscr=UNKNOWN, gamma=None, lms=UNKNOWN, monitor=<psychopy.monitors.calibTools.Monitor instance at 0xf1bab20>, name='window1', pos=[0, 0], screen=0, size=array([1440,  900]), stereo=False, units=u'norm', useFBO=True, viewOri=0.0, viewPos=None, viewScale=None, waitBlanking=True, winType='pyglet')
12.1808 	EXP 	window1: recordFrameIntervals = False
12.3451 	EXP 	window1: recordFrameIntervals = True
12.5292 	EXP 	window1: recordFrameIntervals = False
12.6272 	EXP 	Created text_4 = TextStim(alignHoriz='center', alignVert='center', antialias=True, autoLog=True, bold=False, color='white', colorSpace='named', contrast=1.0, depth=0.0, flipHoriz=False, flipVert=False, font='Arial', fontFiles=[], height=0.1, italic=False, name='text_4', opacity=1.0, ori=0, pos=array([ 0.,  0.]), rgb=array([ 255.,  255.,  255.]), text=u'Instructions will go here.', units=u'norm', win=Window(...), wrapWidth=1)
13.6659 	EXP 	Created text = TextStim(alignHoriz='center', alignVert='center', antialias=True, autoLog=True, bold=False, color='white', colorSpace='named', contrast=1.0, depth=-1.0, flipHoriz=False, flipVert=False, font='Arial', fontFiles=[], height=0.1, italic=False, name='text', opacity=1.0, ori=0, pos=array([ 0.,  0.]), rgb=array([ 255.,  255.,  255.]), text=u'default text', units=u'norm', win=Window(...), wrapWidth=1)
13.6766 	EXP 	Created question = TextStim(alignHoriz='center', alignVert='center', antialias=True, autoLog=True, bold=False, color='white', colorSpace='named', contrast=1.0, depth=0.0, flipHoriz=False, flipVert=False, font='Arial', fontFiles=[], height=0.1, italic=False, name='question', opacity=1.0, ori=0, pos=array([ 0. ,  0.5]), rgb=array([ 255.,  255.,  255.]), text=u'Whose voice did you hear?', units=u'norm', win=Window(...), wrapWidth=2)
13.6771 	EXP 	<method-wrapper '__getattribute__' of attributeSetter object at 0xe6ecbf0>: vertices = array([[-0.25,  0.25],
       [ 0.25,  0.25],
       [ 0.25, -0.25],
       [-0.25, -0.25]])
13.6793 	EXP 	Created self_box = Rect(autoDraw=False, autoLog=True, closeShape=True, contrast=1.0, depth=0, fillColor='#A6A9FF', fillColorSpace='hex', fillRGB=array([166, 169, 255]), interpolate=True, lineColor='#3E45FA', lineColorSpace='hex', lineRGB=array([ 62,  69, 250]), lineWidth=5, name='self_box', opacity=1.0, ori=array(0.0), pos=array([-0.5, -0.5]), size=array([ 1.,  1.]), units=u'norm', vertices=ndarray(...), win=Window(...))
13.6883 	EXP 	Created self_label = TextStim(alignHoriz='center', alignVert='center', antialias=True, autoLog=True, bold=False, color='black', colorSpace='named', contrast=1.0, depth=-2.0, flipHoriz=False, flipVert=False, font='Arial', fontFiles=[], height=0.1, italic=False, name='self_label', opacity=1.0, ori=0, pos=array([-0.5, -0.5]), rgb=array([ 0.,  0.,  0.]), text=u'Mine', units=u'norm', win=Window(...), wrapWidth=1)
13.6892 	EXP 	<method-wrapper '__getattribute__' of attributeSetter object at 0xe6ecbf0>: vertices = array([[-0.25,  0.25],
       [ 0.25,  0.25],
       [ 0.25, -0.25],
       [-0.25, -0.25]])
13.6927 	EXP 	Created other_box = Rect(autoDraw=False, autoLog=True, closeShape=True, contrast=1.0, depth=0, fillColor='#FFFCA6', fillColorSpace='hex', fillRGB=array([255, 252, 166]), interpolate=True, lineColor='#FAF33E', lineColorSpace='hex', lineRGB=array([250, 243,  62]), lineWidth=5, name='other_box', opacity=1.0, ori=array(0.0), pos=array([ 0.5, -0.5]), size=array([ 1.,  1.]), units=u'norm', vertices=ndarray(...), win=Window(...))
13.6988 	EXP 	Created other_label = TextStim(alignHoriz='center', alignVert='center', antialias=True, autoLog=True, bold=False, color='black', colorSpace='named', contrast=1.0, depth=-4.0, flipHoriz=False, flipVert=False, font='Arial', fontFiles=[], height=0.1, italic=False, name='other_label', opacity=1.0, ori=0, pos=array([ 0.5, -0.5]), rgb=array([ 0.,  0.,  0.]), text=u'Other', units=u'norm', win=Window(...), wrapWidth=1)
13.7115 	EXP 	Created text_3 = TextStim(alignHoriz='center', alignVert='center', antialias=True, autoLog=True, bold=False, color='white', colorSpace='named', contrast=1.0, depth=0.0, flipHoriz=False, flipVert=False, font='Arial', fontFiles=[], height=0.1, italic=False, name='text_3', opacity=1.0, ori=0, pos=array([ 0.,  0.]), rgb=array([ 255.,  255.,  255.]), text=u'Thank you for participating!', units=u'norm', win=Window(...), wrapWidth=1)
13.7305 	EXP 	text_4: autoDraw = True
18.7088 	EXP 	Imported /Volumes/Macintosh HD/Users/poppe076/Desktop/source_monitoring_task/data/kkkkkk_source_monitoring_2015_Feb_05_1314_wordlist.csv as conditions, 9 conditions, 5 params
18.7098 	EXP 	Created sequence: sequential, trialTypes=9, nReps=1, seed=None
18.8152 	EXP 	New trial (rep=0, index=0): {'word': u'word3.1', 'amount': u'2', 'list': u'list3', 'trialtype': u'pitch', 'trialtype_extended': u'pitch_higher_large'}
18.8387 	EXP 	text_4: autoDraw = False
18.8387 	EXP 	text_4: autoDraw = False
18.8387 	EXP 	text: text = u'word3.1'
19.8403 	EXP 	text: autoDraw = True
22.0270 	EXP 	text: autoDraw = False
22.0270 	EXP 	question: autoDraw = True
22.0270 	EXP 	self_box: autoDraw = True
22.0270 	EXP 	self_label: autoDraw = True
22.0270 	EXP 	other_box: autoDraw = True
22.0270 	EXP 	other_label: autoDraw = True
22.0270 	EXP 	self_box: fillColor = '#A6A9FF'
22.0270 	EXP 	other_box: fillColor = '#FFFCA6'
22.0438 	EXP 	self_box: fillColor = '#A6A9FF'
22.0438 	EXP 	other_box: fillColor = '#FFFCA6'
22.0605 	EXP 	self_box: fillColor = '#A6A9FF'
22.0605 	EXP 	other_box: fillColor = '#FFFCA6'
22.0771 	EXP 	self_box: fillColor = '#A6A9FF'
22.0771 	EXP 	other_box: fillColor = '#FFFCA6'
22.0939 	EXP 	self_box: fillColor = '#A6A9FF'
22.0939 	EXP 	other_box: fillColor = '#FFFCA6'
22.1105 	EXP 	self_box: fillColor = '#A6A9FF'
22.1105 	EXP 	other_box: fillColor = '#FFFCA6'
22.1273 	EXP 	self_box: fillColor = '#A6A9FF'
22.1273 	EXP 	other_box: fillColor = '#FFFCA6'
22.1440 	EXP 	self_box: fillColor = '#A6A9FF'
22.1440 	EXP 	other_box: fillColor = '#FFFCA6'
22.1606 	EXP 	self_box: fillColor = '#A6A9FF'
22.1606 	EXP 	other_box: fillColor = '#FFFCA6'
22.1774 	EXP 	self_box: fillColor = '#A6A9FF'
22.1774 	EXP 	other_box: fillColor = '#FFFCA6'
22.1940 	EXP 	self_box: fillColor = '#A6A9FF'
22.1940 	EXP 	other_box: fillColor = '#FFFCA6'
22.2108 	EXP 	self_box: fillColor = '#A6A9FF'
22.2108 	EXP 	other_box: fillColor = '#FFFCA6'
22.2274 	EXP 	self_box: fillColor = '#A6A9FF'
22.2274 	EXP 	other_box: fillColor = '#FFFCA6'
22.2441 	EXP 	self_box: fillColor = '#A6A9FF'
22.2441 	EXP 	other_box: fillColor = '#FFFCA6'
22.2607 	EXP 	self_box: fillColor = '#A6A9FF'
22.2607 	EXP 	other_box: fillColor = '#FFFCA6'
22.2775 	EXP 	self_box: fillColor = '#A6A9FF'
22.2775 	EXP 	other_box: fillColor = '#FFFCA6'
22.2942 	EXP 	self_box: fillColor = '#A6A9FF'
22.2942 	EXP 	other_box: fillColor = '#FFFCA6'
22.3109 	EXP 	self_box: fillColor = '#A6A9FF'
22.3109 	EXP 	other_box: fillColor = '#FFFCA6'
22.3276 	EXP 	self_box: fillColor = '#A6A9FF'
22.3276 	EXP 	other_box: fillColor = '#FFFCA6'
22.3443 	EXP 	self_box: fillColor = '#A6A9FF'
22.3443 	EXP 	other_box: fillColor = '#FFFCA6'
22.3611 	EXP 	self_box: fillColor = '#A6A9FF'
22.3611 	EXP 	other_box: fillColor = '#FFFCA6'
22.3775 	EXP 	self_box: fillColor = '#A6A9FF'
22.3775 	EXP 	other_box: fillColor = '#FFFCA6'
22.3943 	EXP 	self_box: fillColor = '#A6A9FF'
22.3943 	EXP 	other_box: fillColor = '#FFFCA6'
22.4110 	EXP 	self_box: fillColor = '#A6A9FF'
22.4110 	EXP 	other_box: fillColor = '#FFFCA6'
22.4278 	EXP 	self_box: fillColor = '#A6A9FF'
22.4278 	EXP 	other_box: fillColor = '#FFFCA6'
22.4445 	EXP 	self_box: fillColor = '#A6A9FF'
22.4445 	EXP 	other_box: fillColor = '#FFFCA6'
22.4612 	EXP 	self_box: fillColor = '#A6A9FF'
22.4612 	EXP 	other_box: fillColor = '#FFFCA6'
22.4777 	EXP 	self_box: fillColor = '#A6A9FF'
22.4777 	EXP 	other_box: fillColor = '#FFFCA6'
22.4944 	EXP 	self_box: fillColor = '#A6A9FF'
22.4944 	EXP 	other_box: fillColor = '#FFFCA6'
22.5111 	EXP 	self_box: fillColor = '#A6A9FF'
22.5111 	EXP 	other_box: fillColor = '#FFFCA6'
22.5278 	EXP 	self_box: fillColor = '#A6A9FF'
22.5278 	EXP 	other_box: fillColor = '#FFFCA6'
22.5446 	EXP 	self_box: fillColor = '#A6A9FF'
22.5446 	EXP 	other_box: fillColor = '#FFFCA6'
22.5613 	EXP 	self_box: fillColor = '#A6A9FF'
22.5613 	EXP 	other_box: fillColor = '#FFFCA6'
22.5779 	EXP 	self_box: fillColor = '#A6A9FF'
22.5779 	EXP 	other_box: fillColor = '#FFFCA6'
22.5946 	EXP 	self_box: fillColor = '#A6A9FF'
22.5946 	EXP 	other_box: fillColor = '#FFFCA6'
22.6113 	EXP 	self_box: fillColor = '#A6A9FF'
22.6113 	EXP 	other_box: fillColor = '#FFFCA6'
22.6279 	EXP 	self_box: fillColor = '#A6A9FF'
22.6279 	EXP 	other_box: fillColor = '#FFFCA6'
22.6446 	EXP 	self_box: fillColor = '#A6A9FF'
22.6446 	EXP 	other_box: fillColor = '#FFFCA6'
22.6614 	EXP 	self_box: fillColor = '#A6A9FF'
22.6614 	EXP 	other_box: fillColor = '#FFFCA6'
22.6780 	EXP 	self_box: fillColor = '#A6A9FF'
22.6780 	EXP 	other_box: fillColor = '#FFFCA6'
22.6947 	EXP 	self_box: fillColor = '#A6A9FF'
22.6947 	EXP 	other_box: fillColor = '#FFFCA6'
22.7115 	EXP 	self_box: fillColor = '#A6A9FF'
22.7115 	EXP 	other_box: fillColor = '#FFFCA6'
22.7281 	EXP 	self_box: fillColor = '#A6A9FF'
22.7281 	EXP 	other_box: fillColor = '#FFFCA6'
22.7448 	EXP 	self_box: fillColor = '#A6A9FF'
22.7448 	EXP 	other_box: fillColor = '#FFFCA6'
22.7616 	EXP 	self_box: fillColor = '#A6A9FF'
22.7616 	EXP 	other_box: fillColor = '#FFFCA6'
22.7782 	EXP 	self_box: fillColor = '#A6A9FF'
22.7782 	EXP 	other_box: fillColor = '#FFFCA6'
22.7949 	EXP 	self_box: fillColor = '#A6A9FF'
22.7949 	EXP 	other_box: fillColor = '#FFFCA6'
22.8115 	EXP 	self_box: fillColor = '#A6A9FF'
22.8115 	EXP 	other_box: fillColor = '#FFFCA6'
22.8284 	EXP 	self_box: fillColor = '#A6A9FF'
22.8284 	EXP 	other_box: fillColor = '#FFFCA6'
22.8451 	EXP 	self_box: fillColor = '#A6A9FF'
22.8451 	EXP 	other_box: fillColor = '#FFFCA6'
22.8617 	EXP 	self_box: fillColor = '#A6A9FF'
22.8617 	EXP 	other_box: fillColor = '#FFFCA6'
22.8784 	EXP 	self_box: fillColor = '#A6A9FF'
22.8784 	EXP 	other_box: fillColor = '#FFFCA6'
22.8952 	EXP 	self_box: fillColor = '#A6A9FF'
22.8952 	EXP 	other_box: fillColor = '#FFFCA6'
22.9118 	EXP 	self_box: fillColor = '#A6A9FF'
22.9118 	EXP 	other_box: fillColor = '#FFFCA6'
22.9284 	EXP 	self_box: fillColor = '#A6A9FF'
22.9284 	EXP 	other_box: fillColor = '#FFFCA6'
22.9452 	EXP 	self_box: fillColor = '#A6A9FF'
22.9452 	EXP 	other_box: fillColor = '#FFFCA6'
22.9618 	EXP 	self_box: fillColor = '#A6A9FF'
22.9618 	EXP 	other_box: fillColor = '#FFFCA6'
22.9785 	EXP 	self_box: fillColor = '#A6A9FF'
22.9785 	EXP 	other_box: fillColor = '#FFFCA6'
22.9953 	EXP 	self_box: fillColor = '#A6A9FF'
22.9953 	EXP 	other_box: fillColor = '#FFFCA6'
23.0120 	EXP 	self_box: fillColor = '#A6A9FF'
23.0120 	EXP 	other_box: fillColor = '#FFFCA6'
23.0286 	EXP 	self_box: fillColor = '#A6A9FF'
23.0286 	EXP 	other_box: fillColor = '#FFFCA6'
23.0454 	EXP 	self_box: fillColor = '#A6A9FF'
23.0454 	EXP 	other_box: fillColor = '#FFFCA6'
23.0619 	EXP 	self_box: fillColor = '#A6A9FF'
23.0619 	EXP 	other_box: fillColor = '#FFFCA6'
23.0786 	EXP 	self_box: fillColor = '#A6A9FF'
23.0786 	EXP 	other_box: fillColor = '#FFFCA6'
23.0953 	EXP 	self_box: fillColor = '#A6A9FF'
23.0953 	EXP 	other_box: fillColor = '#FFFCA6'
23.1120 	EXP 	self_box: fillColor = '#A6A9FF'
23.1120 	EXP 	other_box: fillColor = '#FFFCA6'
23.1287 	EXP 	self_box: fillColor = '#A6A9FF'
23.1287 	EXP 	other_box: fillColor = '#FFFCA6'
23.1455 	EXP 	self_box: fillColor = '#A6A9FF'
23.1455 	EXP 	other_box: fillColor = '#FFFCA6'
23.1623 	EXP 	self_box: fillColor = '#A6A9FF'
23.1623 	EXP 	other_box: fillColor = '#FFFCA6'
23.1789 	EXP 	self_box: fillColor = '#A6A9FF'
23.1789 	EXP 	other_box: fillColor = '#FFFCA6'
23.1956 	EXP 	self_box: fillColor = '#A6A9FF'
23.1956 	EXP 	other_box: fillColor = '#FFFCA6'
23.2122 	EXP 	self_box: fillColor = '#A6A9FF'
23.2122 	EXP 	other_box: fillColor = '#FFFCA6'
23.2291 	EXP 	self_box: fillColor = '#A6A9FF'
23.2291 	EXP 	other_box: fillColor = '#FFFCA6'
23.2458 	EXP 	self_box: fillColor = '#A6A9FF'
23.2458 	EXP 	other_box: fillColor = '#FFFCA6'
23.2625 	EXP 	self_box: fillColor = '#A6A9FF'
23.2625 	EXP 	other_box: fillColor = '#FFFCA6'
23.2791 	EXP 	self_box: fillColor = '#A6A9FF'
23.2791 	EXP 	other_box: fillColor = '#FFFCA6'
23.2958 	EXP 	self_box: fillColor = '#A6A9FF'
23.2958 	EXP 	other_box: fillColor = '#FFFCA6'
23.3124 	EXP 	self_box: fillColor = '#A6A9FF'
23.3124 	EXP 	other_box: fillColor = '#FFFCA6'
23.3291 	EXP 	self_box: fillColor = '#A6A9FF'
23.3291 	EXP 	other_box: fillColor = '#FFFCA6'
23.3458 	EXP 	self_box: fillColor = '#A6A9FF'
23.3458 	EXP 	other_box: fillColor = '#FFFCA6'
23.3626 	EXP 	self_box: fillColor = '#A6A9FF'
23.3626 	EXP 	other_box: fillColor = '#FFFCA6'
23.3793 	EXP 	self_box: fillColor = '#A6A9FF'
23.3793 	EXP 	other_box: fillColor = '#FFFCA6'
23.3959 	EXP 	self_box: fillColor = '#A6A9FF'
23.3959 	EXP 	other_box: fillColor = '#FFFCA6'
23.4127 	EXP 	self_box: fillColor = '#A6A9FF'
23.4127 	EXP 	other_box: fillColor = '#FFFCA6'
23.4293 	EXP 	self_box: fillColor = '#A6A9FF'
23.4293 	EXP 	other_box: fillColor = '#FFFCA6'
23.4460 	EXP 	self_box: fillColor = '#A6A9FF'
23.4460 	EXP 	other_box: fillColor = '#FFFCA6'
23.4627 	EXP 	self_box: fillColor = '#A6A9FF'
23.4627 	EXP 	other_box: fillColor = '#FFFCA6'
23.4793 	EXP 	self_box: fillColor = '#A6A9FF'
23.4793 	EXP 	other_box: fillColor = '#FFFCA6'
23.4961 	EXP 	self_box: fillColor = '#A6A9FF'
23.4961 	EXP 	other_box: fillColor = '#FFFCA6'
23.5128 	EXP 	self_box: fillColor = '#A6A9FF'
23.5128 	EXP 	other_box: fillColor = '#FFFCA6'
23.5295 	EXP 	self_box: fillColor = '#A6A9FF'
23.5295 	EXP 	other_box: fillColor = '#FFFCA6'
23.5461 	EXP 	self_box: fillColor = '#A6A9FF'
23.5461 	EXP 	other_box: fillColor = '#FFFCA6'
23.5629 	EXP 	self_box: fillColor = '#A6A9FF'
23.5629 	EXP 	other_box: fillColor = '#FFFCA6'
23.5795 	EXP 	self_box: fillColor = '#A6A9FF'
23.5795 	EXP 	other_box: fillColor = '#FFFCA6'
23.5961 	EXP 	self_box: fillColor = '#A6A9FF'
23.5961 	EXP 	other_box: fillColor = '#FFFCA6'
23.6129 	EXP 	self_box: fillColor = '#A6A9FF'
23.6129 	EXP 	other_box: fillColor = '#FFFCA6'
23.6296 	EXP 	self_box: fillColor = '#A6A9FF'
23.6296 	EXP 	other_box: fillColor = '#FFFCA6'
23.6464 	EXP 	self_box: fillColor = '#3E45FA'
23.6464 	EXP 	other_box: fillColor = '#FFFCA6'
23.6629 	EXP 	self_box: fillColor = '#3E45FA'
23.6629 	EXP 	other_box: fillColor = '#FFFCA6'
23.6796 	EXP 	self_box: fillColor = '#3E45FA'
23.6796 	EXP 	other_box: fillColor = '#FFFCA6'
23.6964 	EXP 	self_box: fillColor = '#3E45FA'
23.6964 	EXP 	other_box: fillColor = '#FFFCA6'
23.7131 	EXP 	self_box: fillColor = '#3E45FA'
23.7131 	EXP 	other_box: fillColor = '#FFFCA6'
23.7297 	EXP 	self_box: fillColor = '#3E45FA'
23.7297 	EXP 	other_box: fillColor = '#FFFCA6'
23.7463 	EXP 	self_box: fillColor = '#3E45FA'
23.7463 	EXP 	other_box: fillColor = '#FFFCA6'
23.7632 	EXP 	self_box: fillColor = '#3E45FA'
23.7632 	EXP 	other_box: fillColor = '#FFFCA6'
23.7799 	EXP 	self_box: fillColor = '#3E45FA'
23.7799 	EXP 	other_box: fillColor = '#FFFCA6'
23.7964 	EXP 	self_box: fillColor = '#3E45FA'
23.7964 	EXP 	other_box: fillColor = '#FFFCA6'
23.8132 	EXP 	self_box: fillColor = '#3E45FA'
23.8132 	EXP 	other_box: fillColor = '#FFFCA6'
23.8299 	EXP 	self_box: fillColor = '#3E45FA'
23.8299 	EXP 	other_box: fillColor = '#FFFCA6'
23.8466 	EXP 	self_box: fillColor = '#3E45FA'
23.8466 	EXP 	other_box: fillColor = '#FFFCA6'
23.8632 	EXP 	self_box: fillColor = '#3E45FA'
23.8632 	EXP 	other_box: fillColor = '#FFFCA6'
23.8800 	EXP 	self_box: fillColor = '#3E45FA'
23.8800 	EXP 	other_box: fillColor = '#FFFCA6'
23.8967 	EXP 	self_box: fillColor = '#3E45FA'
23.8967 	EXP 	other_box: fillColor = '#FFFCA6'
23.9134 	EXP 	self_box: fillColor = '#A6A9FF'
23.9134 	EXP 	other_box: fillColor = '#FFFCA6'
23.9301 	EXP 	self_box: fillColor = '#A6A9FF'
23.9301 	EXP 	other_box: fillColor = '#FFFCA6'
23.9468 	EXP 	self_box: fillColor = '#A6A9FF'
23.9468 	EXP 	other_box: fillColor = '#FFFCA6'
23.9635 	EXP 	self_box: fillColor = '#A6A9FF'
23.9635 	EXP 	other_box: fillColor = '#FAF33E'
23.9803 	EXP 	self_box: fillColor = '#A6A9FF'
23.9803 	EXP 	other_box: fillColor = '#FAF33E'
23.9968 	EXP 	self_box: fillColor = '#A6A9FF'
23.9968 	EXP 	other_box: fillColor = '#FAF33E'
24.0134 	EXP 	self_box: fillColor = '#A6A9FF'
24.0134 	EXP 	other_box: fillColor = '#FAF33E'
24.0302 	EXP 	self_box: fillColor = '#A6A9FF'
24.0302 	EXP 	other_box: fillColor = '#FAF33E'
24.0469 	EXP 	self_box: fillColor = '#A6A9FF'
24.0469 	EXP 	other_box: fillColor = '#FAF33E'
24.0637 	EXP 	self_box: fillColor = '#A6A9FF'
24.0637 	EXP 	other_box: fillColor = '#FAF33E'
24.0803 	EXP 	self_box: fillColor = '#A6A9FF'
24.0803 	EXP 	other_box: fillColor = '#FAF33E'
24.0971 	EXP 	self_box: fillColor = '#A6A9FF'
24.0971 	EXP 	other_box: fillColor = '#FAF33E'
24.1138 	EXP 	self_box: fillColor = '#A6A9FF'
24.1138 	EXP 	other_box: fillColor = '#FAF33E'
24.1305 	EXP 	self_box: fillColor = '#A6A9FF'
24.1305 	EXP 	other_box: fillColor = '#FAF33E'
24.1471 	EXP 	self_box: fillColor = '#A6A9FF'
24.1471 	EXP 	other_box: fillColor = '#FAF33E'
24.1644 	DATA 	Mouse: Left button down, pos=(1005,316)
24.1803 	EXP 	self_box: fillColor = '#A6A9FF'
24.1803 	EXP 	other_box: fillColor = '#FAF33E'
24.1820 	EXP 	New trial (rep=0, index=1): {'word': u'word2.1', 'amount': u'-1.5', 'list': u'list2', 'trialtype': u'pitch', 'trialtype_extended': u'pitch_lower_large'}
24.1971 	EXP 	self_box: fillColor = '#A6A9FF'
24.1971 	EXP 	other_box: fillColor = '#FAF33E'
24.1971 	EXP 	question: autoDraw = False
24.1971 	EXP 	self_box: autoDraw = False
24.1971 	EXP 	self_label: autoDraw = False
24.1971 	EXP 	other_box: autoDraw = False
24.1971 	EXP 	other_label: autoDraw = False
24.1971 	EXP 	text: text = u'word2.1'
24.2480 	DATA 	Mouse: Left button up, pos=(1005,316)
25.2155 	EXP 	text: autoDraw = True
27.8862 	EXP 	text: autoDraw = False
27.8862 	EXP 	question: autoDraw = True
27.8862 	EXP 	self_box: autoDraw = True
27.8862 	EXP 	self_label: autoDraw = True
27.8862 	EXP 	other_box: autoDraw = True
27.8862 	EXP 	other_label: autoDraw = True
27.8862 	EXP 	self_box: fillColor = '#A6A9FF'
27.8862 	EXP 	other_box: fillColor = '#FFFCA6'
27.9029 	EXP 	self_box: fillColor = '#A6A9FF'
27.9029 	EXP 	other_box: fillColor = '#FFFCA6'
27.9196 	EXP 	self_box: fillColor = '#A6A9FF'
27.9196 	EXP 	other_box: fillColor = '#FFFCA6'
27.9363 	EXP 	self_box: fillColor = '#A6A9FF'
27.9363 	EXP 	other_box: fillColor = '#FFFCA6'
27.9530 	EXP 	self_box: fillColor = '#A6A9FF'
27.9530 	EXP 	other_box: fillColor = '#FFFCA6'
27.9697 	EXP 	self_box: fillColor = '#A6A9FF'
27.9697 	EXP 	other_box: fillColor = '#FFFCA6'
27.9864 	EXP 	self_box: fillColor = '#A6A9FF'
27.9864 	EXP 	other_box: fillColor = '#FFFCA6'
28.0031 	EXP 	self_box: fillColor = '#A6A9FF'
28.0031 	EXP 	other_box: fillColor = '#FFFCA6'
28.0198 	EXP 	self_box: fillColor = '#A6A9FF'
28.0198 	EXP 	other_box: fillColor = '#FFFCA6'
28.0365 	EXP 	self_box: fillColor = '#A6A9FF'
28.0365 	EXP 	other_box: fillColor = '#FFFCA6'
28.0532 	EXP 	self_box: fillColor = '#A6A9FF'
28.0532 	EXP 	other_box: fillColor = '#FFFCA6'
28.0699 	EXP 	self_box: fillColor = '#A6A9FF'
28.0699 	EXP 	other_box: fillColor = '#FFFCA6'
28.0866 	EXP 	self_box: fillColor = '#A6A9FF'
28.0866 	EXP 	other_box: fillColor = '#FFFCA6'
28.1033 	EXP 	self_box: fillColor = '#A6A9FF'
28.1033 	EXP 	other_box: fillColor = '#FFFCA6'
28.1200 	EXP 	self_box: fillColor = '#A6A9FF'
28.1200 	EXP 	other_box: fillColor = '#FFFCA6'
28.1366 	EXP 	self_box: fillColor = '#A6A9FF'
28.1366 	EXP 	other_box: fillColor = '#FFFCA6'
28.1535 	EXP 	self_box: fillColor = '#A6A9FF'
28.1535 	EXP 	other_box: fillColor = '#FFFCA6'
28.1701 	EXP 	self_box: fillColor = '#A6A9FF'
28.1701 	EXP 	other_box: fillColor = '#FFFCA6'
28.1869 	EXP 	self_box: fillColor = '#A6A9FF'
28.1869 	EXP 	other_box: fillColor = '#FFFCA6'
28.2036 	EXP 	self_box: fillColor = '#A6A9FF'
28.2036 	EXP 	other_box: fillColor = '#FFFCA6'
28.2203 	EXP 	self_box: fillColor = '#A6A9FF'
28.2203 	EXP 	other_box: fillColor = '#FFFCA6'
28.2369 	EXP 	self_box: fillColor = '#A6A9FF'
28.2369 	EXP 	other_box: fillColor = '#FFFCA6'
28.2537 	EXP 	self_box: fillColor = '#A6A9FF'
28.2537 	EXP 	other_box: fillColor = '#FFFCA6'
28.2703 	EXP 	self_box: fillColor = '#A6A9FF'
28.2703 	EXP 	other_box: fillColor = '#FFFCA6'
28.2870 	EXP 	self_box: fillColor = '#A6A9FF'
28.2870 	EXP 	other_box: fillColor = '#FFFCA6'
28.3037 	EXP 	self_box: fillColor = '#A6A9FF'
28.3037 	EXP 	other_box: fillColor = '#FFFCA6'
28.3204 	EXP 	self_box: fillColor = '#A6A9FF'
28.3204 	EXP 	other_box: fillColor = '#FFFCA6'
28.3371 	EXP 	self_box: fillColor = '#A6A9FF'
28.3371 	EXP 	other_box: fillColor = '#FFFCA6'
28.3538 	EXP 	self_box: fillColor = '#A6A9FF'
28.3538 	EXP 	other_box: fillColor = '#FFFCA6'
28.3705 	EXP 	self_box: fillColor = '#A6A9FF'
28.3705 	EXP 	other_box: fillColor = '#FFFCA6'
28.3872 	EXP 	self_box: fillColor = '#A6A9FF'
28.3872 	EXP 	other_box: fillColor = '#FFFCA6'
28.4039 	EXP 	self_box: fillColor = '#A6A9FF'
28.4039 	EXP 	other_box: fillColor = '#FFFCA6'
28.4206 	EXP 	self_box: fillColor = '#A6A9FF'
28.4206 	EXP 	other_box: fillColor = '#FFFCA6'
28.4372 	EXP 	self_box: fillColor = '#A6A9FF'
28.4372 	EXP 	other_box: fillColor = '#FFFCA6'
28.4539 	EXP 	self_box: fillColor = '#A6A9FF'
28.4539 	EXP 	other_box: fillColor = '#FFFCA6'
28.4707 	EXP 	self_box: fillColor = '#A6A9FF'
28.4707 	EXP 	other_box: fillColor = '#FFFCA6'
28.4872 	EXP 	self_box: fillColor = '#A6A9FF'
28.4872 	EXP 	other_box: fillColor = '#FFFCA6'
28.5041 	EXP 	self_box: fillColor = '#A6A9FF'
28.5041 	EXP 	other_box: fillColor = '#FFFCA6'
28.5208 	EXP 	self_box: fillColor = '#A6A9FF'
28.5208 	EXP 	other_box: fillColor = '#FFFCA6'
28.5374 	EXP 	self_box: fillColor = '#A6A9FF'
28.5374 	EXP 	other_box: fillColor = '#FFFCA6'
28.5541 	EXP 	self_box: fillColor = '#A6A9FF'
28.5541 	EXP 	other_box: fillColor = '#FFFCA6'
28.5707 	EXP 	self_box: fillColor = '#A6A9FF'
28.5707 	EXP 	other_box: fillColor = '#FFFCA6'
28.5874 	EXP 	self_box: fillColor = '#A6A9FF'
28.5874 	EXP 	other_box: fillColor = '#FFFCA6'
28.6041 	EXP 	self_box: fillColor = '#A6A9FF'
28.6041 	EXP 	other_box: fillColor = '#FFFCA6'
28.6209 	EXP 	self_box: fillColor = '#A6A9FF'
28.6209 	EXP 	other_box: fillColor = '#FFFCA6'
28.6375 	EXP 	self_box: fillColor = '#A6A9FF'
28.6375 	EXP 	other_box: fillColor = '#FFFCA6'
28.6543 	EXP 	self_box: fillColor = '#A6A9FF'
28.6543 	EXP 	other_box: fillColor = '#FFFCA6'
28.6709 	EXP 	self_box: fillColor = '#A6A9FF'
28.6709 	EXP 	other_box: fillColor = '#FFFCA6'
28.6876 	EXP 	self_box: fillColor = '#A6A9FF'
28.6876 	EXP 	other_box: fillColor = '#FFFCA6'
28.7044 	EXP 	self_box: fillColor = '#A6A9FF'
28.7044 	EXP 	other_box: fillColor = '#FFFCA6'
28.7210 	EXP 	self_box: fillColor = '#A6A9FF'
28.7210 	EXP 	other_box: fillColor = '#FFFCA6'
28.7376 	EXP 	self_box: fillColor = '#A6A9FF'
28.7376 	EXP 	other_box: fillColor = '#FFFCA6'
28.7543 	EXP 	self_box: fillColor = '#A6A9FF'
28.7543 	EXP 	other_box: fillColor = '#FFFCA6'
28.7710 	EXP 	self_box: fillColor = '#A6A9FF'
28.7710 	EXP 	other_box: fillColor = '#FFFCA6'
28.7879 	EXP 	self_box: fillColor = '#A6A9FF'
28.7879 	EXP 	other_box: fillColor = '#FFFCA6'
28.8045 	EXP 	self_box: fillColor = '#A6A9FF'
28.8045 	EXP 	other_box: fillColor = '#FFFCA6'
28.8212 	EXP 	self_box: fillColor = '#A6A9FF'
28.8212 	EXP 	other_box: fillColor = '#FFFCA6'
28.8379 	EXP 	self_box: fillColor = '#A6A9FF'
28.8379 	EXP 	other_box: fillColor = '#FFFCA6'
28.8545 	EXP 	self_box: fillColor = '#A6A9FF'
28.8545 	EXP 	other_box: fillColor = '#FFFCA6'
28.8713 	EXP 	self_box: fillColor = '#A6A9FF'
28.8713 	EXP 	other_box: fillColor = '#FFFCA6'
28.8879 	EXP 	self_box: fillColor = '#A6A9FF'
28.8879 	EXP 	other_box: fillColor = '#FFFCA6'
28.9047 	EXP 	self_box: fillColor = '#A6A9FF'
28.9047 	EXP 	other_box: fillColor = '#FFFCA6'
28.9214 	EXP 	self_box: fillColor = '#A6A9FF'
28.9214 	EXP 	other_box: fillColor = '#FFFCA6'
28.9380 	EXP 	self_box: fillColor = '#A6A9FF'
28.9380 	EXP 	other_box: fillColor = '#FAF33E'
28.9546 	EXP 	self_box: fillColor = '#A6A9FF'
28.9546 	EXP 	other_box: fillColor = '#FAF33E'
28.9714 	EXP 	self_box: fillColor = '#A6A9FF'
28.9714 	EXP 	other_box: fillColor = '#FAF33E'
28.9881 	EXP 	self_box: fillColor = '#A6A9FF'
28.9881 	EXP 	other_box: fillColor = '#FAF33E'
29.0048 	EXP 	self_box: fillColor = '#A6A9FF'
29.0048 	EXP 	other_box: fillColor = '#FAF33E'
29.0215 	EXP 	self_box: fillColor = '#A6A9FF'
29.0215 	EXP 	other_box: fillColor = '#FAF33E'
29.0382 	EXP 	self_box: fillColor = '#A6A9FF'
29.0382 	EXP 	other_box: fillColor = '#FAF33E'
29.0549 	EXP 	self_box: fillColor = '#A6A9FF'
29.0549 	EXP 	other_box: fillColor = '#FAF33E'
29.0716 	EXP 	self_box: fillColor = '#A6A9FF'
29.0716 	EXP 	other_box: fillColor = '#FAF33E'
29.0883 	EXP 	self_box: fillColor = '#A6A9FF'
29.0883 	EXP 	other_box: fillColor = '#FAF33E'
29.1051 	EXP 	self_box: fillColor = '#A6A9FF'
29.1051 	EXP 	other_box: fillColor = '#FAF33E'
29.1216 	EXP 	self_box: fillColor = '#A6A9FF'
29.1216 	EXP 	other_box: fillColor = '#FAF33E'
29.1384 	EXP 	self_box: fillColor = '#A6A9FF'
29.1384 	EXP 	other_box: fillColor = '#FAF33E'
29.1551 	EXP 	self_box: fillColor = '#A6A9FF'
29.1551 	EXP 	other_box: fillColor = '#FAF33E'
29.1718 	EXP 	self_box: fillColor = '#A6A9FF'
29.1718 	EXP 	other_box: fillColor = '#FAF33E'
29.1885 	EXP 	self_box: fillColor = '#A6A9FF'
29.1885 	EXP 	other_box: fillColor = '#FAF33E'
29.2052 	EXP 	self_box: fillColor = '#A6A9FF'
29.2052 	EXP 	other_box: fillColor = '#FAF33E'
29.2219 	EXP 	self_box: fillColor = '#A6A9FF'
29.2219 	EXP 	other_box: fillColor = '#FAF33E'
29.2385 	EXP 	self_box: fillColor = '#A6A9FF'
29.2385 	EXP 	other_box: fillColor = '#FAF33E'
29.2428 	DATA 	Mouse: Left button down, pos=(945,310)
29.2552 	EXP 	self_box: fillColor = '#A6A9FF'
29.2552 	EXP 	other_box: fillColor = '#FAF33E'
29.2581 	EXP 	New trial (rep=0, index=2): {'word': u'word4.1', 'amount': u'0.9', 'list': u'list4', 'trialtype': u'speed', 'trialtype_extended': u'slow_small'}
29.2719 	EXP 	self_box: fillColor = '#A6A9FF'
29.2719 	EXP 	other_box: fillColor = '#FAF33E'
29.2719 	EXP 	question: autoDraw = False
29.2719 	EXP 	self_box: autoDraw = False
29.2719 	EXP 	self_label: autoDraw = False
29.2719 	EXP 	other_box: autoDraw = False
29.2719 	EXP 	other_label: autoDraw = False
29.2719 	EXP 	text: text = u'word4.1'
29.3897 	DATA 	Mouse: Left button up, pos=(945,310)
30.2902 	EXP 	text: autoDraw = True
36.5503 	EXP 	text: autoDraw = False
36.5503 	EXP 	question: autoDraw = True
36.5503 	EXP 	self_box: autoDraw = True
36.5503 	EXP 	self_label: autoDraw = True
36.5503 	EXP 	other_box: autoDraw = True
36.5503 	EXP 	other_label: autoDraw = True
36.5503 	EXP 	self_box: fillColor = '#A6A9FF'
36.5503 	EXP 	other_box: fillColor = '#FAF33E'
36.5669 	EXP 	self_box: fillColor = '#A6A9FF'
36.5669 	EXP 	other_box: fillColor = '#FAF33E'
36.5836 	EXP 	self_box: fillColor = '#A6A9FF'
36.5836 	EXP 	other_box: fillColor = '#FAF33E'
36.6001 	EXP 	self_box: fillColor = '#A6A9FF'
36.6001 	EXP 	other_box: fillColor = '#FAF33E'
36.6169 	EXP 	self_box: fillColor = '#A6A9FF'
36.6169 	EXP 	other_box: fillColor = '#FAF33E'
36.6336 	EXP 	self_box: fillColor = '#A6A9FF'
36.6336 	EXP 	other_box: fillColor = '#FAF33E'
36.6503 	EXP 	self_box: fillColor = '#A6A9FF'
36.6503 	EXP 	other_box: fillColor = '#FAF33E'
36.6670 	EXP 	self_box: fillColor = '#A6A9FF'
36.6670 	EXP 	other_box: fillColor = '#FAF33E'
36.6837 	EXP 	self_box: fillColor = '#A6A9FF'
36.6837 	EXP 	other_box: fillColor = '#FAF33E'
36.7004 	EXP 	self_box: fillColor = '#A6A9FF'
36.7004 	EXP 	other_box: fillColor = '#FAF33E'
36.7171 	EXP 	self_box: fillColor = '#A6A9FF'
36.7171 	EXP 	other_box: fillColor = '#FAF33E'
36.7338 	EXP 	self_box: fillColor = '#A6A9FF'
36.7338 	EXP 	other_box: fillColor = '#FAF33E'
36.7506 	EXP 	self_box: fillColor = '#A6A9FF'
36.7506 	EXP 	other_box: fillColor = '#FAF33E'
36.7670 	EXP 	self_box: fillColor = '#A6A9FF'
36.7670 	EXP 	other_box: fillColor = '#FAF33E'
36.7838 	EXP 	self_box: fillColor = '#A6A9FF'
36.7838 	EXP 	other_box: fillColor = '#FAF33E'
36.8006 	EXP 	self_box: fillColor = '#A6A9FF'
36.8006 	EXP 	other_box: fillColor = '#FAF33E'
36.8173 	EXP 	self_box: fillColor = '#A6A9FF'
36.8173 	EXP 	other_box: fillColor = '#FAF33E'
36.8340 	EXP 	self_box: fillColor = '#A6A9FF'
36.8340 	EXP 	other_box: fillColor = '#FAF33E'
36.8506 	EXP 	self_box: fillColor = '#A6A9FF'
36.8506 	EXP 	other_box: fillColor = '#FAF33E'
36.8673 	EXP 	self_box: fillColor = '#A6A9FF'
36.8673 	EXP 	other_box: fillColor = '#FAF33E'
36.8840 	EXP 	self_box: fillColor = '#A6A9FF'
36.8840 	EXP 	other_box: fillColor = '#FAF33E'
36.9007 	EXP 	self_box: fillColor = '#A6A9FF'
36.9007 	EXP 	other_box: fillColor = '#FAF33E'
36.9174 	EXP 	self_box: fillColor = '#A6A9FF'
36.9174 	EXP 	other_box: fillColor = '#FAF33E'
36.9341 	EXP 	self_box: fillColor = '#A6A9FF'
36.9341 	EXP 	other_box: fillColor = '#FAF33E'
36.9507 	EXP 	self_box: fillColor = '#A6A9FF'
36.9507 	EXP 	other_box: fillColor = '#FAF33E'
36.9675 	EXP 	self_box: fillColor = '#A6A9FF'
36.9675 	EXP 	other_box: fillColor = '#FAF33E'
36.9842 	EXP 	self_box: fillColor = '#A6A9FF'
36.9842 	EXP 	other_box: fillColor = '#FAF33E'
37.0009 	EXP 	self_box: fillColor = '#A6A9FF'
37.0009 	EXP 	other_box: fillColor = '#FAF33E'
37.0176 	EXP 	self_box: fillColor = '#A6A9FF'
37.0176 	EXP 	other_box: fillColor = '#FAF33E'
37.0342 	EXP 	self_box: fillColor = '#A6A9FF'
37.0342 	EXP 	other_box: fillColor = '#FAF33E'
37.0509 	EXP 	self_box: fillColor = '#A6A9FF'
37.0509 	EXP 	other_box: fillColor = '#FAF33E'
37.0677 	EXP 	self_box: fillColor = '#A6A9FF'
37.0677 	EXP 	other_box: fillColor = '#FAF33E'
37.0844 	EXP 	self_box: fillColor = '#A6A9FF'
37.0844 	EXP 	other_box: fillColor = '#FAF33E'
37.1011 	EXP 	self_box: fillColor = '#A6A9FF'
37.1011 	EXP 	other_box: fillColor = '#FAF33E'
37.1178 	EXP 	self_box: fillColor = '#A6A9FF'
37.1178 	EXP 	other_box: fillColor = '#FAF33E'
37.1345 	EXP 	self_box: fillColor = '#A6A9FF'
37.1345 	EXP 	other_box: fillColor = '#FAF33E'
37.1510 	EXP 	self_box: fillColor = '#A6A9FF'
37.1510 	EXP 	other_box: fillColor = '#FAF33E'
37.1677 	EXP 	self_box: fillColor = '#A6A9FF'
37.1677 	EXP 	other_box: fillColor = '#FAF33E'
37.1844 	EXP 	self_box: fillColor = '#A6A9FF'
37.1844 	EXP 	other_box: fillColor = '#FAF33E'
37.2011 	EXP 	self_box: fillColor = '#A6A9FF'
37.2011 	EXP 	other_box: fillColor = '#FAF33E'
37.2179 	EXP 	self_box: fillColor = '#A6A9FF'
37.2179 	EXP 	other_box: fillColor = '#FAF33E'
37.2347 	EXP 	self_box: fillColor = '#A6A9FF'
37.2347 	EXP 	other_box: fillColor = '#FAF33E'
37.2513 	EXP 	self_box: fillColor = '#A6A9FF'
37.2513 	EXP 	other_box: fillColor = '#FAF33E'
37.2680 	EXP 	self_box: fillColor = '#A6A9FF'
37.2680 	EXP 	other_box: fillColor = '#FAF33E'
37.2847 	EXP 	self_box: fillColor = '#A6A9FF'
37.2847 	EXP 	other_box: fillColor = '#FAF33E'
37.3014 	EXP 	self_box: fillColor = '#A6A9FF'
37.3014 	EXP 	other_box: fillColor = '#FAF33E'
37.3180 	EXP 	self_box: fillColor = '#A6A9FF'
37.3180 	EXP 	other_box: fillColor = '#FAF33E'
37.3348 	EXP 	self_box: fillColor = '#A6A9FF'
37.3348 	EXP 	other_box: fillColor = '#FAF33E'
37.3514 	EXP 	self_box: fillColor = '#A6A9FF'
37.3514 	EXP 	other_box: fillColor = '#FAF33E'
37.3682 	EXP 	self_box: fillColor = '#A6A9FF'
37.3682 	EXP 	other_box: fillColor = '#FAF33E'
37.3848 	EXP 	self_box: fillColor = '#A6A9FF'
37.3848 	EXP 	other_box: fillColor = '#FAF33E'
37.4016 	EXP 	self_box: fillColor = '#A6A9FF'
37.4016 	EXP 	other_box: fillColor = '#FAF33E'
37.4183 	EXP 	self_box: fillColor = '#A6A9FF'
37.4183 	EXP 	other_box: fillColor = '#FAF33E'
37.4350 	EXP 	self_box: fillColor = '#A6A9FF'
37.4350 	EXP 	other_box: fillColor = '#FAF33E'
37.4515 	EXP 	self_box: fillColor = '#A6A9FF'
37.4515 	EXP 	other_box: fillColor = '#FAF33E'
37.4683 	EXP 	self_box: fillColor = '#A6A9FF'
37.4683 	EXP 	other_box: fillColor = '#FAF33E'
37.4851 	EXP 	self_box: fillColor = '#A6A9FF'
37.4851 	EXP 	other_box: fillColor = '#FAF33E'
37.5017 	EXP 	self_box: fillColor = '#A6A9FF'
37.5017 	EXP 	other_box: fillColor = '#FAF33E'
37.5184 	EXP 	self_box: fillColor = '#A6A9FF'
37.5184 	EXP 	other_box: fillColor = '#FAF33E'
37.5350 	EXP 	self_box: fillColor = '#A6A9FF'
37.5350 	EXP 	other_box: fillColor = '#FFFCA6'
37.5519 	EXP 	self_box: fillColor = '#A6A9FF'
37.5519 	EXP 	other_box: fillColor = '#FFFCA6'
37.5685 	EXP 	self_box: fillColor = '#A6A9FF'
37.5685 	EXP 	other_box: fillColor = '#FFFCA6'
37.5851 	EXP 	self_box: fillColor = '#A6A9FF'
37.5851 	EXP 	other_box: fillColor = '#FFFCA6'
37.6018 	EXP 	self_box: fillColor = '#A6A9FF'
37.6018 	EXP 	other_box: fillColor = '#FFFCA6'
37.6184 	EXP 	self_box: fillColor = '#A6A9FF'
37.6184 	EXP 	other_box: fillColor = '#FFFCA6'
37.6352 	EXP 	self_box: fillColor = '#A6A9FF'
37.6352 	EXP 	other_box: fillColor = '#FFFCA6'
37.6519 	EXP 	self_box: fillColor = '#A6A9FF'
37.6519 	EXP 	other_box: fillColor = '#FFFCA6'
37.6686 	EXP 	self_box: fillColor = '#A6A9FF'
37.6686 	EXP 	other_box: fillColor = '#FFFCA6'
37.6853 	EXP 	self_box: fillColor = '#A6A9FF'
37.6853 	EXP 	other_box: fillColor = '#FFFCA6'
37.7018 	EXP 	self_box: fillColor = '#A6A9FF'
37.7018 	EXP 	other_box: fillColor = '#FFFCA6'
37.7187 	EXP 	self_box: fillColor = '#A6A9FF'
37.7187 	EXP 	other_box: fillColor = '#FFFCA6'
37.7353 	EXP 	self_box: fillColor = '#A6A9FF'
37.7353 	EXP 	other_box: fillColor = '#FFFCA6'
37.7520 	EXP 	self_box: fillColor = '#A6A9FF'
37.7520 	EXP 	other_box: fillColor = '#FFFCA6'
37.7686 	EXP 	self_box: fillColor = '#A6A9FF'
37.7686 	EXP 	other_box: fillColor = '#FFFCA6'
37.7854 	EXP 	self_box: fillColor = '#A6A9FF'
37.7854 	EXP 	other_box: fillColor = '#FFFCA6'
37.8022 	EXP 	self_box: fillColor = '#A6A9FF'
37.8022 	EXP 	other_box: fillColor = '#FFFCA6'
37.8189 	EXP 	self_box: fillColor = '#A6A9FF'
37.8189 	EXP 	other_box: fillColor = '#FFFCA6'
37.8356 	EXP 	self_box: fillColor = '#3E45FA'
37.8356 	EXP 	other_box: fillColor = '#FFFCA6'
37.8522 	EXP 	self_box: fillColor = '#3E45FA'
37.8522 	EXP 	other_box: fillColor = '#FFFCA6'
37.8689 	EXP 	self_box: fillColor = '#3E45FA'
37.8689 	EXP 	other_box: fillColor = '#FFFCA6'
37.8856 	EXP 	self_box: fillColor = '#3E45FA'
37.8856 	EXP 	other_box: fillColor = '#FFFCA6'
37.9023 	EXP 	self_box: fillColor = '#3E45FA'
37.9023 	EXP 	other_box: fillColor = '#FFFCA6'
37.9190 	EXP 	self_box: fillColor = '#3E45FA'
37.9190 	EXP 	other_box: fillColor = '#FFFCA6'
37.9357 	EXP 	self_box: fillColor = '#3E45FA'
37.9357 	EXP 	other_box: fillColor = '#FFFCA6'
37.9523 	EXP 	self_box: fillColor = '#3E45FA'
37.9523 	EXP 	other_box: fillColor = '#FFFCA6'
37.9527 	DATA 	Mouse: Left button down, pos=(508,271)
37.9540 	EXP 	New trial (rep=0, index=3): {'word': u'word8.1', 'amount': u'1.5', 'list': u'list8', 'trialtype': u'pitch', 'trialtype_extended': u'pitch_higher_small'}
37.9689 	EXP 	self_box: fillColor = '#3E45FA'
37.9689 	EXP 	other_box: fillColor = '#FFFCA6'
37.9689 	EXP 	question: autoDraw = False
37.9689 	EXP 	self_box: autoDraw = False
37.9689 	EXP 	self_label: autoDraw = False
37.9689 	EXP 	other_box: autoDraw = False
37.9689 	EXP 	other_label: autoDraw = False
37.9689 	EXP 	text: text = u'word8.1'
38.0794 	DATA 	Mouse: Left button up, pos=(508,270)
38.9873 	EXP 	text: autoDraw = True
41.5247 	EXP 	text: autoDraw = False
41.5247 	EXP 	question: autoDraw = True
41.5247 	EXP 	self_box: autoDraw = True
41.5247 	EXP 	self_label: autoDraw = True
41.5247 	EXP 	other_box: autoDraw = True
41.5247 	EXP 	other_label: autoDraw = True
41.5247 	EXP 	self_box: fillColor = '#A6A9FF'
41.5247 	EXP 	other_box: fillColor = '#FFFCA6'
41.5414 	EXP 	self_box: fillColor = '#A6A9FF'
41.5414 	EXP 	other_box: fillColor = '#FFFCA6'
41.5581 	EXP 	self_box: fillColor = '#A6A9FF'
41.5581 	EXP 	other_box: fillColor = '#FFFCA6'
41.5747 	EXP 	self_box: fillColor = '#A6A9FF'
41.5747 	EXP 	other_box: fillColor = '#FFFCA6'
41.5914 	EXP 	self_box: fillColor = '#A6A9FF'
41.5914 	EXP 	other_box: fillColor = '#FFFCA6'
41.6081 	EXP 	self_box: fillColor = '#A6A9FF'
41.6081 	EXP 	other_box: fillColor = '#FFFCA6'
41.6248 	EXP 	self_box: fillColor = '#A6A9FF'
41.6248 	EXP 	other_box: fillColor = '#FFFCA6'
41.6415 	EXP 	self_box: fillColor = '#A6A9FF'
41.6415 	EXP 	other_box: fillColor = '#FFFCA6'
41.6582 	EXP 	self_box: fillColor = '#A6A9FF'
41.6582 	EXP 	other_box: fillColor = '#FFFCA6'
41.6749 	EXP 	self_box: fillColor = '#A6A9FF'
41.6749 	EXP 	other_box: fillColor = '#FFFCA6'
41.6915 	EXP 	self_box: fillColor = '#A6A9FF'
41.6915 	EXP 	other_box: fillColor = '#FFFCA6'
41.7082 	EXP 	self_box: fillColor = '#A6A9FF'
41.7082 	EXP 	other_box: fillColor = '#FFFCA6'
41.7249 	EXP 	self_box: fillColor = '#A6A9FF'
41.7249 	EXP 	other_box: fillColor = '#FFFCA6'
41.7416 	EXP 	self_box: fillColor = '#A6A9FF'
41.7416 	EXP 	other_box: fillColor = '#FFFCA6'
41.7583 	EXP 	self_box: fillColor = '#A6A9FF'
41.7583 	EXP 	other_box: fillColor = '#FFFCA6'
41.7750 	EXP 	self_box: fillColor = '#A6A9FF'
41.7750 	EXP 	other_box: fillColor = '#FFFCA6'
41.7917 	EXP 	self_box: fillColor = '#A6A9FF'
41.7917 	EXP 	other_box: fillColor = '#FFFCA6'
41.8084 	EXP 	self_box: fillColor = '#A6A9FF'
41.8084 	EXP 	other_box: fillColor = '#FFFCA6'
41.8251 	EXP 	self_box: fillColor = '#A6A9FF'
41.8251 	EXP 	other_box: fillColor = '#FFFCA6'
41.8418 	EXP 	self_box: fillColor = '#A6A9FF'
41.8418 	EXP 	other_box: fillColor = '#FFFCA6'
41.8585 	EXP 	self_box: fillColor = '#A6A9FF'
41.8585 	EXP 	other_box: fillColor = '#FFFCA6'
41.8752 	EXP 	self_box: fillColor = '#A6A9FF'
41.8752 	EXP 	other_box: fillColor = '#FFFCA6'
41.8919 	EXP 	self_box: fillColor = '#A6A9FF'
41.8919 	EXP 	other_box: fillColor = '#FFFCA6'
41.9086 	EXP 	self_box: fillColor = '#A6A9FF'
41.9086 	EXP 	other_box: fillColor = '#FFFCA6'
41.9253 	EXP 	self_box: fillColor = '#A6A9FF'
41.9253 	EXP 	other_box: fillColor = '#FFFCA6'
41.9420 	EXP 	self_box: fillColor = '#A6A9FF'
41.9420 	EXP 	other_box: fillColor = '#FFFCA6'
41.9586 	EXP 	self_box: fillColor = '#A6A9FF'
41.9586 	EXP 	other_box: fillColor = '#FFFCA6'
41.9753 	EXP 	self_box: fillColor = '#A6A9FF'
41.9753 	EXP 	other_box: fillColor = '#FFFCA6'
41.9920 	EXP 	self_box: fillColor = '#A6A9FF'
41.9920 	EXP 	other_box: fillColor = '#FAF33E'
42.0087 	EXP 	self_box: fillColor = '#A6A9FF'
42.0087 	EXP 	other_box: fillColor = '#FAF33E'
42.0254 	EXP 	self_box: fillColor = '#A6A9FF'
42.0254 	EXP 	other_box: fillColor = '#FAF33E'
42.0421 	EXP 	self_box: fillColor = '#A6A9FF'
42.0421 	EXP 	other_box: fillColor = '#FAF33E'
42.0588 	EXP 	self_box: fillColor = '#A6A9FF'
42.0588 	EXP 	other_box: fillColor = '#FAF33E'
42.0755 	EXP 	self_box: fillColor = '#A6A9FF'
42.0755 	EXP 	other_box: fillColor = '#FAF33E'
42.0922 	EXP 	self_box: fillColor = '#A6A9FF'
42.0922 	EXP 	other_box: fillColor = '#FAF33E'
42.1089 	EXP 	self_box: fillColor = '#A6A9FF'
42.1089 	EXP 	other_box: fillColor = '#FAF33E'
42.1256 	EXP 	self_box: fillColor = '#A6A9FF'
42.1256 	EXP 	other_box: fillColor = '#FAF33E'
42.1423 	EXP 	self_box: fillColor = '#A6A9FF'
42.1423 	EXP 	other_box: fillColor = '#FAF33E'
42.1590 	EXP 	self_box: fillColor = '#A6A9FF'
42.1590 	EXP 	other_box: fillColor = '#FAF33E'
42.1757 	EXP 	self_box: fillColor = '#A6A9FF'
42.1757 	EXP 	other_box: fillColor = '#FAF33E'
42.1923 	EXP 	self_box: fillColor = '#A6A9FF'
42.1923 	EXP 	other_box: fillColor = '#FAF33E'
42.1929 	DATA 	Mouse: Left button down, pos=(930,309)
42.1955 	EXP 	New trial (rep=0, index=4): {'word': u'word6.1', 'amount': u'unmodified', 'list': u'list6', 'trialtype': u'unmodified', 'trialtype_extended': u'unmodified'}
42.2090 	EXP 	self_box: fillColor = '#A6A9FF'
42.2090 	EXP 	other_box: fillColor = '#FAF33E'
42.2090 	EXP 	question: autoDraw = False
42.2090 	EXP 	self_box: autoDraw = False
42.2090 	EXP 	self_label: autoDraw = False
42.2090 	EXP 	other_box: autoDraw = False
42.2090 	EXP 	other_label: autoDraw = False
42.2090 	EXP 	text: text = u'word6.1'
42.2765 	DATA 	Mouse: Left button up, pos=(930,309)
43.2274 	EXP 	text: autoDraw = True
45.8984 	EXP 	text: autoDraw = False
45.8984 	EXP 	question: autoDraw = True
45.8984 	EXP 	self_box: autoDraw = True
45.8984 	EXP 	self_label: autoDraw = True
45.8984 	EXP 	other_box: autoDraw = True
45.8984 	EXP 	other_label: autoDraw = True
45.8984 	EXP 	self_box: fillColor = '#A6A9FF'
45.8984 	EXP 	other_box: fillColor = '#FFFCA6'
45.9151 	EXP 	self_box: fillColor = '#A6A9FF'
45.9151 	EXP 	other_box: fillColor = '#FFFCA6'
45.9316 	EXP 	self_box: fillColor = '#A6A9FF'
45.9316 	EXP 	other_box: fillColor = '#FFFCA6'
45.9485 	EXP 	self_box: fillColor = '#A6A9FF'
45.9485 	EXP 	other_box: fillColor = '#FFFCA6'
45.9651 	EXP 	self_box: fillColor = '#A6A9FF'
45.9651 	EXP 	other_box: fillColor = '#FFFCA6'
45.9819 	EXP 	self_box: fillColor = '#A6A9FF'
45.9819 	EXP 	other_box: fillColor = '#FFFCA6'
45.9986 	EXP 	self_box: fillColor = '#A6A9FF'
45.9986 	EXP 	other_box: fillColor = '#FFFCA6'
46.0152 	EXP 	self_box: fillColor = '#A6A9FF'
46.0152 	EXP 	other_box: fillColor = '#FFFCA6'
46.0319 	EXP 	self_box: fillColor = '#A6A9FF'
46.0319 	EXP 	other_box: fillColor = '#FFFCA6'
46.0486 	EXP 	self_box: fillColor = '#A6A9FF'
46.0486 	EXP 	other_box: fillColor = '#FFFCA6'
46.0653 	EXP 	self_box: fillColor = '#A6A9FF'
46.0653 	EXP 	other_box: fillColor = '#FFFCA6'
46.0822 	EXP 	self_box: fillColor = '#A6A9FF'
46.0822 	EXP 	other_box: fillColor = '#FFFCA6'
46.0987 	EXP 	self_box: fillColor = '#A6A9FF'
46.0987 	EXP 	other_box: fillColor = '#FFFCA6'
46.1154 	EXP 	self_box: fillColor = '#A6A9FF'
46.1154 	EXP 	other_box: fillColor = '#FFFCA6'
46.1321 	EXP 	self_box: fillColor = '#A6A9FF'
46.1321 	EXP 	other_box: fillColor = '#FFFCA6'
46.1488 	EXP 	self_box: fillColor = '#A6A9FF'
46.1488 	EXP 	other_box: fillColor = '#FFFCA6'
46.1655 	EXP 	self_box: fillColor = '#A6A9FF'
46.1655 	EXP 	other_box: fillColor = '#FFFCA6'
46.1822 	EXP 	self_box: fillColor = '#A6A9FF'
46.1822 	EXP 	other_box: fillColor = '#FFFCA6'
46.1988 	EXP 	self_box: fillColor = '#A6A9FF'
46.1988 	EXP 	other_box: fillColor = '#FFFCA6'
46.2156 	EXP 	self_box: fillColor = '#A6A9FF'
46.2156 	EXP 	other_box: fillColor = '#FFFCA6'
46.2323 	EXP 	self_box: fillColor = '#A6A9FF'
46.2323 	EXP 	other_box: fillColor = '#FFFCA6'
46.2490 	EXP 	self_box: fillColor = '#A6A9FF'
46.2490 	EXP 	other_box: fillColor = '#FFFCA6'
46.2657 	EXP 	self_box: fillColor = '#A6A9FF'
46.2657 	EXP 	other_box: fillColor = '#FFFCA6'
46.2824 	EXP 	self_box: fillColor = '#A6A9FF'
46.2824 	EXP 	other_box: fillColor = '#FFFCA6'
46.2991 	EXP 	self_box: fillColor = '#A6A9FF'
46.2991 	EXP 	other_box: fillColor = '#FFFCA6'
46.3157 	EXP 	self_box: fillColor = '#A6A9FF'
46.3157 	EXP 	other_box: fillColor = '#FFFCA6'
46.3325 	EXP 	self_box: fillColor = '#A6A9FF'
46.3325 	EXP 	other_box: fillColor = '#FFFCA6'
46.3491 	EXP 	self_box: fillColor = '#A6A9FF'
46.3491 	EXP 	other_box: fillColor = '#FFFCA6'
46.3658 	EXP 	self_box: fillColor = '#A6A9FF'
46.3658 	EXP 	other_box: fillColor = '#FFFCA6'
46.3824 	EXP 	self_box: fillColor = '#A6A9FF'
46.3824 	EXP 	other_box: fillColor = '#FFFCA6'
46.3993 	EXP 	self_box: fillColor = '#A6A9FF'
46.3993 	EXP 	other_box: fillColor = '#FFFCA6'
46.4159 	EXP 	self_box: fillColor = '#A6A9FF'
46.4159 	EXP 	other_box: fillColor = '#FFFCA6'
46.4327 	EXP 	self_box: fillColor = '#A6A9FF'
46.4327 	EXP 	other_box: fillColor = '#FFFCA6'
46.4493 	EXP 	self_box: fillColor = '#A6A9FF'
46.4493 	EXP 	other_box: fillColor = '#FFFCA6'
46.4659 	EXP 	self_box: fillColor = '#A6A9FF'
46.4659 	EXP 	other_box: fillColor = '#FFFCA6'
46.4827 	EXP 	self_box: fillColor = '#A6A9FF'
46.4827 	EXP 	other_box: fillColor = '#FFFCA6'
46.4994 	EXP 	self_box: fillColor = '#A6A9FF'
46.4994 	EXP 	other_box: fillColor = '#FFFCA6'
46.5161 	EXP 	self_box: fillColor = '#A6A9FF'
46.5161 	EXP 	other_box: fillColor = '#FFFCA6'
46.5328 	EXP 	self_box: fillColor = '#A6A9FF'
46.5328 	EXP 	other_box: fillColor = '#FFFCA6'
46.5495 	EXP 	self_box: fillColor = '#A6A9FF'
46.5495 	EXP 	other_box: fillColor = '#FFFCA6'
46.5662 	EXP 	self_box: fillColor = '#A6A9FF'
46.5662 	EXP 	other_box: fillColor = '#FFFCA6'
46.5827 	EXP 	self_box: fillColor = '#A6A9FF'
46.5827 	EXP 	other_box: fillColor = '#FFFCA6'
46.5994 	EXP 	self_box: fillColor = '#A6A9FF'
46.5994 	EXP 	other_box: fillColor = '#FFFCA6'
46.6161 	EXP 	self_box: fillColor = '#A6A9FF'
46.6161 	EXP 	other_box: fillColor = '#FFFCA6'
46.6329 	EXP 	self_box: fillColor = '#A6A9FF'
46.6329 	EXP 	other_box: fillColor = '#FFFCA6'
46.6496 	EXP 	self_box: fillColor = '#A6A9FF'
46.6496 	EXP 	other_box: fillColor = '#FFFCA6'
46.6663 	EXP 	self_box: fillColor = '#A6A9FF'
46.6663 	EXP 	other_box: fillColor = '#FFFCA6'
46.6829 	EXP 	self_box: fillColor = '#A6A9FF'
46.6829 	EXP 	other_box: fillColor = '#FFFCA6'
46.6996 	EXP 	self_box: fillColor = '#A6A9FF'
46.6996 	EXP 	other_box: fillColor = '#FFFCA6'
46.7164 	EXP 	self_box: fillColor = '#A6A9FF'
46.7164 	EXP 	other_box: fillColor = '#FFFCA6'
46.7329 	EXP 	self_box: fillColor = '#A6A9FF'
46.7329 	EXP 	other_box: fillColor = '#FFFCA6'
46.7498 	EXP 	self_box: fillColor = '#A6A9FF'
46.7498 	EXP 	other_box: fillColor = '#FFFCA6'
46.7664 	EXP 	self_box: fillColor = '#A6A9FF'
46.7664 	EXP 	other_box: fillColor = '#FFFCA6'
46.7831 	EXP 	self_box: fillColor = '#A6A9FF'
46.7831 	EXP 	other_box: fillColor = '#FFFCA6'
46.7998 	EXP 	self_box: fillColor = '#A6A9FF'
46.7998 	EXP 	other_box: fillColor = '#FFFCA6'
46.8165 	EXP 	self_box: fillColor = '#A6A9FF'
46.8165 	EXP 	other_box: fillColor = '#FFFCA6'
46.8333 	EXP 	self_box: fillColor = '#A6A9FF'
46.8333 	EXP 	other_box: fillColor = '#FFFCA6'
46.8499 	EXP 	self_box: fillColor = '#A6A9FF'
46.8499 	EXP 	other_box: fillColor = '#FFFCA6'
46.8666 	EXP 	self_box: fillColor = '#A6A9FF'
46.8666 	EXP 	other_box: fillColor = '#FFFCA6'
46.8831 	EXP 	self_box: fillColor = '#A6A9FF'
46.8831 	EXP 	other_box: fillColor = '#FFFCA6'
46.8999 	EXP 	self_box: fillColor = '#A6A9FF'
46.8999 	EXP 	other_box: fillColor = '#FFFCA6'
46.9166 	EXP 	self_box: fillColor = '#A6A9FF'
46.9166 	EXP 	other_box: fillColor = '#FFFCA6'
46.9333 	EXP 	self_box: fillColor = '#A6A9FF'
46.9333 	EXP 	other_box: fillColor = '#FFFCA6'
46.9499 	EXP 	self_box: fillColor = '#A6A9FF'
46.9499 	EXP 	other_box: fillColor = '#FFFCA6'
46.9668 	EXP 	self_box: fillColor = '#A6A9FF'
46.9668 	EXP 	other_box: fillColor = '#FFFCA6'
46.9834 	EXP 	self_box: fillColor = '#A6A9FF'
46.9834 	EXP 	other_box: fillColor = '#FFFCA6'
47.0002 	EXP 	self_box: fillColor = '#A6A9FF'
47.0002 	EXP 	other_box: fillColor = '#FFFCA6'
47.0168 	EXP 	self_box: fillColor = '#A6A9FF'
47.0168 	EXP 	other_box: fillColor = '#FFFCA6'
47.0335 	EXP 	self_box: fillColor = '#A6A9FF'
47.0335 	EXP 	other_box: fillColor = '#FFFCA6'
47.0502 	EXP 	self_box: fillColor = '#A6A9FF'
47.0502 	EXP 	other_box: fillColor = '#FFFCA6'
47.0668 	EXP 	self_box: fillColor = '#A6A9FF'
47.0668 	EXP 	other_box: fillColor = '#FFFCA6'
47.0836 	EXP 	self_box: fillColor = '#A6A9FF'
47.0836 	EXP 	other_box: fillColor = '#FFFCA6'
47.1003 	EXP 	self_box: fillColor = '#A6A9FF'
47.1003 	EXP 	other_box: fillColor = '#FFFCA6'
47.1170 	EXP 	self_box: fillColor = '#A6A9FF'
47.1170 	EXP 	other_box: fillColor = '#FFFCA6'
47.1336 	EXP 	self_box: fillColor = '#A6A9FF'
47.1336 	EXP 	other_box: fillColor = '#FFFCA6'
47.1502 	EXP 	self_box: fillColor = '#A6A9FF'
47.1502 	EXP 	other_box: fillColor = '#FFFCA6'
47.1671 	EXP 	self_box: fillColor = '#A6A9FF'
47.1671 	EXP 	other_box: fillColor = '#FFFCA6'
47.1838 	EXP 	self_box: fillColor = '#A6A9FF'
47.1838 	EXP 	other_box: fillColor = '#FFFCA6'
47.2005 	EXP 	self_box: fillColor = '#A6A9FF'
47.2005 	EXP 	other_box: fillColor = '#FFFCA6'
47.2172 	EXP 	self_box: fillColor = '#3E45FA'
47.2172 	EXP 	other_box: fillColor = '#FFFCA6'
47.2339 	EXP 	self_box: fillColor = '#3E45FA'
47.2339 	EXP 	other_box: fillColor = '#FFFCA6'
47.2506 	EXP 	self_box: fillColor = '#3E45FA'
47.2506 	EXP 	other_box: fillColor = '#FFFCA6'
47.2671 	EXP 	self_box: fillColor = '#3E45FA'
47.2671 	EXP 	other_box: fillColor = '#FFFCA6'
47.2840 	EXP 	self_box: fillColor = '#3E45FA'
47.2840 	EXP 	other_box: fillColor = '#FFFCA6'
47.3006 	EXP 	self_box: fillColor = '#3E45FA'
47.3006 	EXP 	other_box: fillColor = '#FFFCA6'
47.3173 	EXP 	self_box: fillColor = '#3E45FA'
47.3173 	EXP 	other_box: fillColor = '#FFFCA6'
47.3340 	EXP 	self_box: fillColor = '#3E45FA'
47.3340 	EXP 	other_box: fillColor = '#FFFCA6'
47.3346 	DATA 	Mouse: Left button down, pos=(480,299)
47.3359 	EXP 	New trial (rep=0, index=5): {'word': u'word1.1', 'amount': u'unmodified', 'list': u'list1', 'trialtype': u'unmodified', 'trialtype_extended': u'unmodified'}
47.3507 	EXP 	self_box: fillColor = '#3E45FA'
47.3507 	EXP 	other_box: fillColor = '#FFFCA6'
47.3507 	EXP 	question: autoDraw = False
47.3507 	EXP 	self_box: autoDraw = False
47.3507 	EXP 	self_label: autoDraw = False
47.3507 	EXP 	other_box: autoDraw = False
47.3507 	EXP 	other_label: autoDraw = False
47.3507 	EXP 	text: text = u'word1.1'
47.4346 	DATA 	Mouse: Left button up, pos=(480,299)
48.3691 	EXP 	text: autoDraw = True
50.9397 	EXP 	text: autoDraw = False
50.9397 	EXP 	question: autoDraw = True
50.9397 	EXP 	self_box: autoDraw = True
50.9397 	EXP 	self_label: autoDraw = True
50.9397 	EXP 	other_box: autoDraw = True
50.9397 	EXP 	other_label: autoDraw = True
50.9397 	EXP 	self_box: fillColor = '#A6A9FF'
50.9397 	EXP 	other_box: fillColor = '#FFFCA6'
50.9565 	EXP 	self_box: fillColor = '#A6A9FF'
50.9565 	EXP 	other_box: fillColor = '#FFFCA6'
50.9731 	EXP 	self_box: fillColor = '#A6A9FF'
50.9731 	EXP 	other_box: fillColor = '#FFFCA6'
50.9898 	EXP 	self_box: fillColor = '#A6A9FF'
50.9898 	EXP 	other_box: fillColor = '#FFFCA6'
51.0064 	EXP 	self_box: fillColor = '#A6A9FF'
51.0064 	EXP 	other_box: fillColor = '#FFFCA6'
51.0232 	EXP 	self_box: fillColor = '#A6A9FF'
51.0232 	EXP 	other_box: fillColor = '#FFFCA6'
51.0398 	EXP 	self_box: fillColor = '#A6A9FF'
51.0398 	EXP 	other_box: fillColor = '#FFFCA6'
51.0564 	EXP 	self_box: fillColor = '#A6A9FF'
51.0564 	EXP 	other_box: fillColor = '#FFFCA6'
51.0733 	EXP 	self_box: fillColor = '#A6A9FF'
51.0733 	EXP 	other_box: fillColor = '#FFFCA6'
51.0900 	EXP 	self_box: fillColor = '#A6A9FF'
51.0900 	EXP 	other_box: fillColor = '#FFFCA6'
51.1067 	EXP 	self_box: fillColor = '#A6A9FF'
51.1067 	EXP 	other_box: fillColor = '#FFFCA6'
51.1233 	EXP 	self_box: fillColor = '#A6A9FF'
51.1233 	EXP 	other_box: fillColor = '#FFFCA6'
51.1400 	EXP 	self_box: fillColor = '#A6A9FF'
51.1400 	EXP 	other_box: fillColor = '#FFFCA6'
51.1567 	EXP 	self_box: fillColor = '#A6A9FF'
51.1567 	EXP 	other_box: fillColor = '#FFFCA6'
51.1734 	EXP 	self_box: fillColor = '#A6A9FF'
51.1734 	EXP 	other_box: fillColor = '#FFFCA6'
51.1901 	EXP 	self_box: fillColor = '#A6A9FF'
51.1901 	EXP 	other_box: fillColor = '#FFFCA6'
51.2069 	EXP 	self_box: fillColor = '#A6A9FF'
51.2069 	EXP 	other_box: fillColor = '#FFFCA6'
51.2235 	EXP 	self_box: fillColor = '#A6A9FF'
51.2235 	EXP 	other_box: fillColor = '#FFFCA6'
51.2403 	EXP 	self_box: fillColor = '#A6A9FF'
51.2403 	EXP 	other_box: fillColor = '#FFFCA6'
51.2569 	EXP 	self_box: fillColor = '#A6A9FF'
51.2569 	EXP 	other_box: fillColor = '#FFFCA6'
51.2736 	EXP 	self_box: fillColor = '#A6A9FF'
51.2736 	EXP 	other_box: fillColor = '#FFFCA6'
51.2904 	EXP 	self_box: fillColor = '#A6A9FF'
51.2904 	EXP 	other_box: fillColor = '#FFFCA6'
51.3070 	EXP 	self_box: fillColor = '#A6A9FF'
51.3070 	EXP 	other_box: fillColor = '#FFFCA6'
51.3236 	EXP 	self_box: fillColor = '#A6A9FF'
51.3236 	EXP 	other_box: fillColor = '#FFFCA6'
51.3404 	EXP 	self_box: fillColor = '#A6A9FF'
51.3404 	EXP 	other_box: fillColor = '#FAF33E'
51.3570 	EXP 	self_box: fillColor = '#A6A9FF'
51.3570 	EXP 	other_box: fillColor = '#FAF33E'
51.3575 	DATA 	Mouse: Left button down, pos=(1006,337)
51.3597 	EXP 	New trial (rep=0, index=6): {'word': u'word9.1', 'amount': u'0.8', 'list': u'list9', 'trialtype': u'speed', 'trialtype_extended': u'slow_medium'}
51.3736 	EXP 	self_box: fillColor = '#A6A9FF'
51.3736 	EXP 	other_box: fillColor = '#FAF33E'
51.3736 	EXP 	question: autoDraw = False
51.3736 	EXP 	self_box: autoDraw = False
51.3736 	EXP 	self_label: autoDraw = False
51.3736 	EXP 	other_box: autoDraw = False
51.3736 	EXP 	other_label: autoDraw = False
51.3736 	EXP 	text: text = u'word9.1'
51.4744 	DATA 	Mouse: Left button up, pos=(1006,337)
52.3920 	EXP 	text: autoDraw = True
55.7975 	EXP 	text: autoDraw = False
55.7975 	EXP 	question: autoDraw = True
55.7975 	EXP 	self_box: autoDraw = True
55.7975 	EXP 	self_label: autoDraw = True
55.7975 	EXP 	other_box: autoDraw = True
55.7975 	EXP 	other_label: autoDraw = True
55.7975 	EXP 	self_box: fillColor = '#A6A9FF'
55.7975 	EXP 	other_box: fillColor = '#FFFCA6'
55.8142 	EXP 	self_box: fillColor = '#A6A9FF'
55.8142 	EXP 	other_box: fillColor = '#FFFCA6'
55.8309 	EXP 	self_box: fillColor = '#A6A9FF'
55.8309 	EXP 	other_box: fillColor = '#FFFCA6'
55.8476 	EXP 	self_box: fillColor = '#A6A9FF'
55.8476 	EXP 	other_box: fillColor = '#FFFCA6'
55.8643 	EXP 	self_box: fillColor = '#A6A9FF'
55.8643 	EXP 	other_box: fillColor = '#FFFCA6'
55.8808 	EXP 	self_box: fillColor = '#A6A9FF'
55.8808 	EXP 	other_box: fillColor = '#FFFCA6'
55.8976 	EXP 	self_box: fillColor = '#A6A9FF'
55.8976 	EXP 	other_box: fillColor = '#FFFCA6'
55.9144 	EXP 	self_box: fillColor = '#A6A9FF'
55.9144 	EXP 	other_box: fillColor = '#FFFCA6'
55.9310 	EXP 	self_box: fillColor = '#A6A9FF'
55.9310 	EXP 	other_box: fillColor = '#FFFCA6'
55.9477 	EXP 	self_box: fillColor = '#A6A9FF'
55.9477 	EXP 	other_box: fillColor = '#FFFCA6'
55.9644 	EXP 	self_box: fillColor = '#A6A9FF'
55.9644 	EXP 	other_box: fillColor = '#FFFCA6'
55.9811 	EXP 	self_box: fillColor = '#A6A9FF'
55.9811 	EXP 	other_box: fillColor = '#FFFCA6'
55.9978 	EXP 	self_box: fillColor = '#A6A9FF'
55.9978 	EXP 	other_box: fillColor = '#FFFCA6'
56.0144 	EXP 	self_box: fillColor = '#A6A9FF'
56.0144 	EXP 	other_box: fillColor = '#FFFCA6'
56.0311 	EXP 	self_box: fillColor = '#A6A9FF'
56.0311 	EXP 	other_box: fillColor = '#FFFCA6'
56.0477 	EXP 	self_box: fillColor = '#A6A9FF'
56.0477 	EXP 	other_box: fillColor = '#FFFCA6'
56.0644 	EXP 	self_box: fillColor = '#A6A9FF'
56.0644 	EXP 	other_box: fillColor = '#FFFCA6'
56.0811 	EXP 	self_box: fillColor = '#A6A9FF'
56.0811 	EXP 	other_box: fillColor = '#FFFCA6'
56.0980 	EXP 	self_box: fillColor = '#A6A9FF'
56.0980 	EXP 	other_box: fillColor = '#FFFCA6'
56.1147 	EXP 	self_box: fillColor = '#A6A9FF'
56.1147 	EXP 	other_box: fillColor = '#FFFCA6'
56.1314 	EXP 	self_box: fillColor = '#A6A9FF'
56.1314 	EXP 	other_box: fillColor = '#FFFCA6'
56.1479 	EXP 	self_box: fillColor = '#A6A9FF'
56.1479 	EXP 	other_box: fillColor = '#FFFCA6'
56.1648 	EXP 	self_box: fillColor = '#A6A9FF'
56.1648 	EXP 	other_box: fillColor = '#FFFCA6'
56.1815 	EXP 	self_box: fillColor = '#A6A9FF'
56.1815 	EXP 	other_box: fillColor = '#FFFCA6'
56.1982 	EXP 	self_box: fillColor = '#A6A9FF'
56.1982 	EXP 	other_box: fillColor = '#FFFCA6'
56.2148 	EXP 	self_box: fillColor = '#A6A9FF'
56.2148 	EXP 	other_box: fillColor = '#FFFCA6'
56.2316 	EXP 	self_box: fillColor = '#A6A9FF'
56.2316 	EXP 	other_box: fillColor = '#FFFCA6'
56.2481 	EXP 	self_box: fillColor = '#A6A9FF'
56.2481 	EXP 	other_box: fillColor = '#FFFCA6'
56.2649 	EXP 	self_box: fillColor = '#A6A9FF'
56.2649 	EXP 	other_box: fillColor = '#FFFCA6'
56.2816 	EXP 	self_box: fillColor = '#A6A9FF'
56.2816 	EXP 	other_box: fillColor = '#FFFCA6'
56.2983 	EXP 	self_box: fillColor = '#A6A9FF'
56.2983 	EXP 	other_box: fillColor = '#FFFCA6'
56.3150 	EXP 	self_box: fillColor = '#A6A9FF'
56.3150 	EXP 	other_box: fillColor = '#FFFCA6'
56.3315 	EXP 	self_box: fillColor = '#A6A9FF'
56.3315 	EXP 	other_box: fillColor = '#FFFCA6'
56.3484 	EXP 	self_box: fillColor = '#A6A9FF'
56.3484 	EXP 	other_box: fillColor = '#FFFCA6'
56.3651 	EXP 	self_box: fillColor = '#A6A9FF'
56.3651 	EXP 	other_box: fillColor = '#FFFCA6'
56.3818 	EXP 	self_box: fillColor = '#A6A9FF'
56.3818 	EXP 	other_box: fillColor = '#FFFCA6'
56.3985 	EXP 	self_box: fillColor = '#A6A9FF'
56.3985 	EXP 	other_box: fillColor = '#FFFCA6'
56.4151 	EXP 	self_box: fillColor = '#A6A9FF'
56.4151 	EXP 	other_box: fillColor = '#FFFCA6'
56.4318 	EXP 	self_box: fillColor = '#A6A9FF'
56.4318 	EXP 	other_box: fillColor = '#FFFCA6'
56.4486 	EXP 	self_box: fillColor = '#A6A9FF'
56.4486 	EXP 	other_box: fillColor = '#FFFCA6'
56.4653 	EXP 	self_box: fillColor = '#A6A9FF'
56.4653 	EXP 	other_box: fillColor = '#FFFCA6'
56.4819 	EXP 	self_box: fillColor = '#A6A9FF'
56.4819 	EXP 	other_box: fillColor = '#FFFCA6'
56.4987 	EXP 	self_box: fillColor = '#A6A9FF'
56.4987 	EXP 	other_box: fillColor = '#FFFCA6'
56.5154 	EXP 	self_box: fillColor = '#A6A9FF'
56.5154 	EXP 	other_box: fillColor = '#FFFCA6'
56.5321 	EXP 	self_box: fillColor = '#A6A9FF'
56.5321 	EXP 	other_box: fillColor = '#FFFCA6'
56.5488 	EXP 	self_box: fillColor = '#A6A9FF'
56.5488 	EXP 	other_box: fillColor = '#FFFCA6'
56.5653 	EXP 	self_box: fillColor = '#A6A9FF'
56.5653 	EXP 	other_box: fillColor = '#FFFCA6'
56.5820 	EXP 	self_box: fillColor = '#A6A9FF'
56.5820 	EXP 	other_box: fillColor = '#FFFCA6'
56.5987 	EXP 	self_box: fillColor = '#A6A9FF'
56.5987 	EXP 	other_box: fillColor = '#FFFCA6'
56.6154 	EXP 	self_box: fillColor = '#A6A9FF'
56.6154 	EXP 	other_box: fillColor = '#FFFCA6'
56.6321 	EXP 	self_box: fillColor = '#A6A9FF'
56.6321 	EXP 	other_box: fillColor = '#FFFCA6'
56.6487 	EXP 	self_box: fillColor = '#A6A9FF'
56.6487 	EXP 	other_box: fillColor = '#FFFCA6'
56.6655 	EXP 	self_box: fillColor = '#A6A9FF'
56.6655 	EXP 	other_box: fillColor = '#FFFCA6'
56.6821 	EXP 	self_box: fillColor = '#A6A9FF'
56.6821 	EXP 	other_box: fillColor = '#FFFCA6'
56.6989 	EXP 	self_box: fillColor = '#A6A9FF'
56.6989 	EXP 	other_box: fillColor = '#FFFCA6'
56.7155 	EXP 	self_box: fillColor = '#A6A9FF'
56.7155 	EXP 	other_box: fillColor = '#FFFCA6'
56.7323 	EXP 	self_box: fillColor = '#A6A9FF'
56.7323 	EXP 	other_box: fillColor = '#FFFCA6'
56.7490 	EXP 	self_box: fillColor = '#A6A9FF'
56.7490 	EXP 	other_box: fillColor = '#FFFCA6'
56.7655 	EXP 	self_box: fillColor = '#A6A9FF'
56.7655 	EXP 	other_box: fillColor = '#FFFCA6'
56.7823 	EXP 	self_box: fillColor = '#A6A9FF'
56.7823 	EXP 	other_box: fillColor = '#FFFCA6'
56.7989 	EXP 	self_box: fillColor = '#A6A9FF'
56.7989 	EXP 	other_box: fillColor = '#FFFCA6'
56.8158 	EXP 	self_box: fillColor = '#A6A9FF'
56.8158 	EXP 	other_box: fillColor = '#FFFCA6'
56.8323 	EXP 	self_box: fillColor = '#A6A9FF'
56.8323 	EXP 	other_box: fillColor = '#FFFCA6'
56.8491 	EXP 	self_box: fillColor = '#A6A9FF'
56.8491 	EXP 	other_box: fillColor = '#FFFCA6'
56.8658 	EXP 	self_box: fillColor = '#A6A9FF'
56.8658 	EXP 	other_box: fillColor = '#FFFCA6'
56.8825 	EXP 	self_box: fillColor = '#A6A9FF'
56.8825 	EXP 	other_box: fillColor = '#FFFCA6'
56.8993 	EXP 	self_box: fillColor = '#A6A9FF'
56.8993 	EXP 	other_box: fillColor = '#FFFCA6'
56.9158 	EXP 	self_box: fillColor = '#A6A9FF'
56.9158 	EXP 	other_box: fillColor = '#FFFCA6'
56.9327 	EXP 	self_box: fillColor = '#A6A9FF'
56.9327 	EXP 	other_box: fillColor = '#FFFCA6'
56.9492 	EXP 	self_box: fillColor = '#A6A9FF'
56.9492 	EXP 	other_box: fillColor = '#FFFCA6'
56.9660 	EXP 	self_box: fillColor = '#A6A9FF'
56.9660 	EXP 	other_box: fillColor = '#FFFCA6'
56.9828 	EXP 	self_box: fillColor = '#3E45FA'
56.9828 	EXP 	other_box: fillColor = '#FFFCA6'
56.9994 	EXP 	self_box: fillColor = '#3E45FA'
56.9994 	EXP 	other_box: fillColor = '#FFFCA6'
57.0161 	EXP 	self_box: fillColor = '#3E45FA'
57.0161 	EXP 	other_box: fillColor = '#FFFCA6'
57.0328 	EXP 	self_box: fillColor = '#3E45FA'
57.0328 	EXP 	other_box: fillColor = '#FFFCA6'
57.0495 	EXP 	self_box: fillColor = '#3E45FA'
57.0495 	EXP 	other_box: fillColor = '#FFFCA6'
57.0661 	EXP 	self_box: fillColor = '#3E45FA'
57.0661 	EXP 	other_box: fillColor = '#FFFCA6'
57.0829 	EXP 	self_box: fillColor = '#3E45FA'
57.0829 	EXP 	other_box: fillColor = '#FFFCA6'
57.0841 	DATA 	Mouse: Left button down, pos=(492,270)
57.0994 	EXP 	self_box: fillColor = '#3E45FA'
57.0994 	EXP 	other_box: fillColor = '#FFFCA6'
57.1006 	EXP 	New trial (rep=0, index=7): {'word': u'word7.1', 'amount': u'0.7', 'list': u'list7', 'trialtype': u'speed', 'trialtype_extended': u'slow_large'}
57.1162 	EXP 	self_box: fillColor = '#3E45FA'
57.1162 	EXP 	other_box: fillColor = '#FFFCA6'
57.1162 	EXP 	question: autoDraw = False
57.1162 	EXP 	self_box: autoDraw = False
57.1162 	EXP 	self_label: autoDraw = False
57.1162 	EXP 	other_box: autoDraw = False
57.1162 	EXP 	other_label: autoDraw = False
57.1162 	EXP 	text: text = u'word7.1'
57.1838 	DATA 	Mouse: Left button up, pos=(492,270)
58.1178 	EXP 	text: autoDraw = True
61.4399 	EXP 	text: autoDraw = False
61.4399 	EXP 	question: autoDraw = True
61.4399 	EXP 	self_box: autoDraw = True
61.4399 	EXP 	self_label: autoDraw = True
61.4399 	EXP 	other_box: autoDraw = True
61.4399 	EXP 	other_label: autoDraw = True
61.4399 	EXP 	self_box: fillColor = '#A6A9FF'
61.4399 	EXP 	other_box: fillColor = '#FFFCA6'
61.4565 	EXP 	self_box: fillColor = '#A6A9FF'
61.4565 	EXP 	other_box: fillColor = '#FFFCA6'
61.4732 	EXP 	self_box: fillColor = '#A6A9FF'
61.4732 	EXP 	other_box: fillColor = '#FFFCA6'
61.4899 	EXP 	self_box: fillColor = '#A6A9FF'
61.4899 	EXP 	other_box: fillColor = '#FFFCA6'
61.5067 	EXP 	self_box: fillColor = '#A6A9FF'
61.5067 	EXP 	other_box: fillColor = '#FFFCA6'
61.5232 	EXP 	self_box: fillColor = '#A6A9FF'
61.5232 	EXP 	other_box: fillColor = '#FFFCA6'
61.5400 	EXP 	self_box: fillColor = '#A6A9FF'
61.5400 	EXP 	other_box: fillColor = '#FFFCA6'
61.5567 	EXP 	self_box: fillColor = '#A6A9FF'
61.5567 	EXP 	other_box: fillColor = '#FFFCA6'
61.5733 	EXP 	self_box: fillColor = '#A6A9FF'
61.5733 	EXP 	other_box: fillColor = '#FFFCA6'
61.5900 	EXP 	self_box: fillColor = '#A6A9FF'
61.5900 	EXP 	other_box: fillColor = '#FFFCA6'
61.6067 	EXP 	self_box: fillColor = '#A6A9FF'
61.6067 	EXP 	other_box: fillColor = '#FFFCA6'
61.6234 	EXP 	self_box: fillColor = '#A6A9FF'
61.6234 	EXP 	other_box: fillColor = '#FFFCA6'
61.6401 	EXP 	self_box: fillColor = '#A6A9FF'
61.6401 	EXP 	other_box: fillColor = '#FFFCA6'
61.6568 	EXP 	self_box: fillColor = '#A6A9FF'
61.6568 	EXP 	other_box: fillColor = '#FFFCA6'
61.6733 	EXP 	self_box: fillColor = '#A6A9FF'
61.6733 	EXP 	other_box: fillColor = '#FFFCA6'
61.6902 	EXP 	self_box: fillColor = '#A6A9FF'
61.6902 	EXP 	other_box: fillColor = '#FFFCA6'
61.7069 	EXP 	self_box: fillColor = '#A6A9FF'
61.7069 	EXP 	other_box: fillColor = '#FFFCA6'
61.7236 	EXP 	self_box: fillColor = '#A6A9FF'
61.7236 	EXP 	other_box: fillColor = '#FFFCA6'
61.7403 	EXP 	self_box: fillColor = '#A6A9FF'
61.7403 	EXP 	other_box: fillColor = '#FFFCA6'
61.7569 	EXP 	self_box: fillColor = '#A6A9FF'
61.7569 	EXP 	other_box: fillColor = '#FFFCA6'
61.7737 	EXP 	self_box: fillColor = '#A6A9FF'
61.7737 	EXP 	other_box: fillColor = '#FFFCA6'
61.7903 	EXP 	self_box: fillColor = '#A6A9FF'
61.7903 	EXP 	other_box: fillColor = '#FFFCA6'
61.8070 	EXP 	self_box: fillColor = '#A6A9FF'
61.8070 	EXP 	other_box: fillColor = '#FFFCA6'
61.8237 	EXP 	self_box: fillColor = '#A6A9FF'
61.8237 	EXP 	other_box: fillColor = '#FFFCA6'
61.8405 	EXP 	self_box: fillColor = '#A6A9FF'
61.8405 	EXP 	other_box: fillColor = '#FFFCA6'
61.8571 	EXP 	self_box: fillColor = '#A6A9FF'
61.8571 	EXP 	other_box: fillColor = '#FFFCA6'
61.8738 	EXP 	self_box: fillColor = '#A6A9FF'
61.8738 	EXP 	other_box: fillColor = '#FFFCA6'
61.8905 	EXP 	self_box: fillColor = '#A6A9FF'
61.8905 	EXP 	other_box: fillColor = '#FFFCA6'
61.9072 	EXP 	self_box: fillColor = '#A6A9FF'
61.9072 	EXP 	other_box: fillColor = '#FFFCA6'
61.9239 	EXP 	self_box: fillColor = '#A6A9FF'
61.9239 	EXP 	other_box: fillColor = '#FFFCA6'
61.9405 	EXP 	self_box: fillColor = '#A6A9FF'
61.9405 	EXP 	other_box: fillColor = '#FFFCA6'
61.9573 	EXP 	self_box: fillColor = '#A6A9FF'
61.9573 	EXP 	other_box: fillColor = '#FFFCA6'
61.9740 	EXP 	self_box: fillColor = '#A6A9FF'
61.9740 	EXP 	other_box: fillColor = '#FFFCA6'
61.9907 	EXP 	self_box: fillColor = '#A6A9FF'
61.9907 	EXP 	other_box: fillColor = '#FFFCA6'
62.0074 	EXP 	self_box: fillColor = '#A6A9FF'
62.0074 	EXP 	other_box: fillColor = '#FFFCA6'
62.0240 	EXP 	self_box: fillColor = '#A6A9FF'
62.0240 	EXP 	other_box: fillColor = '#FFFCA6'
62.0408 	EXP 	self_box: fillColor = '#A6A9FF'
62.0408 	EXP 	other_box: fillColor = '#FFFCA6'
62.0574 	EXP 	self_box: fillColor = '#A6A9FF'
62.0574 	EXP 	other_box: fillColor = '#FFFCA6'
62.0741 	EXP 	self_box: fillColor = '#A6A9FF'
62.0741 	EXP 	other_box: fillColor = '#FFFCA6'
62.0909 	EXP 	self_box: fillColor = '#A6A9FF'
62.0909 	EXP 	other_box: fillColor = '#FFFCA6'
62.1076 	EXP 	self_box: fillColor = '#A6A9FF'
62.1076 	EXP 	other_box: fillColor = '#FFFCA6'
62.1243 	EXP 	self_box: fillColor = '#A6A9FF'
62.1243 	EXP 	other_box: fillColor = '#FFFCA6'
62.1410 	EXP 	self_box: fillColor = '#A6A9FF'
62.1410 	EXP 	other_box: fillColor = '#FFFCA6'
62.1576 	EXP 	self_box: fillColor = '#A6A9FF'
62.1576 	EXP 	other_box: fillColor = '#FFFCA6'
62.1743 	EXP 	self_box: fillColor = '#A6A9FF'
62.1743 	EXP 	other_box: fillColor = '#FFFCA6'
62.1910 	EXP 	self_box: fillColor = '#A6A9FF'
62.1910 	EXP 	other_box: fillColor = '#FFFCA6'
62.2077 	EXP 	self_box: fillColor = '#A6A9FF'
62.2077 	EXP 	other_box: fillColor = '#FFFCA6'
62.2244 	EXP 	self_box: fillColor = '#A6A9FF'
62.2244 	EXP 	other_box: fillColor = '#FFFCA6'
62.2411 	EXP 	self_box: fillColor = '#A6A9FF'
62.2411 	EXP 	other_box: fillColor = '#FFFCA6'
62.2578 	EXP 	self_box: fillColor = '#A6A9FF'
62.2578 	EXP 	other_box: fillColor = '#FFFCA6'
62.2745 	EXP 	self_box: fillColor = '#A6A9FF'
62.2745 	EXP 	other_box: fillColor = '#FFFCA6'
62.2912 	EXP 	self_box: fillColor = '#A6A9FF'
62.2912 	EXP 	other_box: fillColor = '#FFFCA6'
62.3078 	EXP 	self_box: fillColor = '#A6A9FF'
62.3078 	EXP 	other_box: fillColor = '#FFFCA6'
62.3245 	EXP 	self_box: fillColor = '#A6A9FF'
62.3245 	EXP 	other_box: fillColor = '#FFFCA6'
62.3412 	EXP 	self_box: fillColor = '#A6A9FF'
62.3412 	EXP 	other_box: fillColor = '#FFFCA6'
62.3579 	EXP 	self_box: fillColor = '#A6A9FF'
62.3579 	EXP 	other_box: fillColor = '#FFFCA6'
62.3747 	EXP 	self_box: fillColor = '#A6A9FF'
62.3747 	EXP 	other_box: fillColor = '#FFFCA6'
62.3913 	EXP 	self_box: fillColor = '#A6A9FF'
62.3913 	EXP 	other_box: fillColor = '#FFFCA6'
62.4079 	EXP 	self_box: fillColor = '#A6A9FF'
62.4079 	EXP 	other_box: fillColor = '#FFFCA6'
62.4248 	EXP 	self_box: fillColor = '#A6A9FF'
62.4248 	EXP 	other_box: fillColor = '#FFFCA6'
62.4414 	EXP 	self_box: fillColor = '#A6A9FF'
62.4414 	EXP 	other_box: fillColor = '#FFFCA6'
62.4581 	EXP 	self_box: fillColor = '#A6A9FF'
62.4581 	EXP 	other_box: fillColor = '#FFFCA6'
62.4747 	EXP 	self_box: fillColor = '#A6A9FF'
62.4747 	EXP 	other_box: fillColor = '#FFFCA6'
62.4914 	EXP 	self_box: fillColor = '#A6A9FF'
62.4914 	EXP 	other_box: fillColor = '#FFFCA6'
62.5082 	EXP 	self_box: fillColor = '#A6A9FF'
62.5082 	EXP 	other_box: fillColor = '#FFFCA6'
62.5249 	EXP 	self_box: fillColor = '#A6A9FF'
62.5249 	EXP 	other_box: fillColor = '#FFFCA6'
62.5416 	EXP 	self_box: fillColor = '#A6A9FF'
62.5416 	EXP 	other_box: fillColor = '#FFFCA6'
62.5582 	EXP 	self_box: fillColor = '#3E45FA'
62.5582 	EXP 	other_box: fillColor = '#FFFCA6'
62.5750 	EXP 	self_box: fillColor = '#3E45FA'
62.5750 	EXP 	other_box: fillColor = '#FFFCA6'
62.5916 	EXP 	self_box: fillColor = '#3E45FA'
62.5916 	EXP 	other_box: fillColor = '#FFFCA6'
62.6083 	EXP 	self_box: fillColor = '#3E45FA'
62.6083 	EXP 	other_box: fillColor = '#FFFCA6'
62.6250 	EXP 	self_box: fillColor = '#3E45FA'
62.6250 	EXP 	other_box: fillColor = '#FFFCA6'
62.6417 	EXP 	self_box: fillColor = '#3E45FA'
62.6417 	EXP 	other_box: fillColor = '#FFFCA6'
62.6584 	EXP 	self_box: fillColor = '#3E45FA'
62.6584 	EXP 	other_box: fillColor = '#FFFCA6'
62.6750 	EXP 	self_box: fillColor = '#3E45FA'
62.6750 	EXP 	other_box: fillColor = '#FFFCA6'
62.6918 	EXP 	self_box: fillColor = '#3E45FA'
62.6918 	EXP 	other_box: fillColor = '#FFFCA6'
62.7085 	EXP 	self_box: fillColor = '#3E45FA'
62.7085 	EXP 	other_box: fillColor = '#FFFCA6'
62.7252 	EXP 	self_box: fillColor = '#3E45FA'
62.7252 	EXP 	other_box: fillColor = '#FFFCA6'
62.7418 	EXP 	self_box: fillColor = '#3E45FA'
62.7418 	EXP 	other_box: fillColor = '#FFFCA6'
62.7427 	DATA 	Mouse: Left button down, pos=(385,284)
62.7458 	EXP 	New trial (rep=0, index=8): {'word': u'word5.1', 'amount': u'-1.5', 'list': u'list5', 'trialtype': u'pitch', 'trialtype_extended': u'pitch_lower_small'}
62.7584 	EXP 	self_box: fillColor = '#3E45FA'
62.7584 	EXP 	other_box: fillColor = '#FFFCA6'
62.7584 	EXP 	question: autoDraw = False
62.7584 	EXP 	self_box: autoDraw = False
62.7584 	EXP 	self_label: autoDraw = False
62.7584 	EXP 	other_box: autoDraw = False
62.7584 	EXP 	other_label: autoDraw = False
62.7584 	EXP 	text: text = u'word5.1'
62.8428 	DATA 	Mouse: Left button up, pos=(385,284)
63.7768 	EXP 	text: autoDraw = True
66.4812 	EXP 	text: autoDraw = False
66.4812 	EXP 	question: autoDraw = True
66.4812 	EXP 	self_box: autoDraw = True
66.4812 	EXP 	self_label: autoDraw = True
66.4812 	EXP 	other_box: autoDraw = True
66.4812 	EXP 	other_label: autoDraw = True
66.4812 	EXP 	self_box: fillColor = '#A6A9FF'
66.4812 	EXP 	other_box: fillColor = '#FFFCA6'
66.4979 	EXP 	self_box: fillColor = '#A6A9FF'
66.4979 	EXP 	other_box: fillColor = '#FFFCA6'
66.5145 	EXP 	self_box: fillColor = '#A6A9FF'
66.5145 	EXP 	other_box: fillColor = '#FFFCA6'
66.5313 	EXP 	self_box: fillColor = '#A6A9FF'
66.5313 	EXP 	other_box: fillColor = '#FFFCA6'
66.5480 	EXP 	self_box: fillColor = '#A6A9FF'
66.5480 	EXP 	other_box: fillColor = '#FFFCA6'
66.5647 	EXP 	self_box: fillColor = '#A6A9FF'
66.5647 	EXP 	other_box: fillColor = '#FFFCA6'
66.5813 	EXP 	self_box: fillColor = '#A6A9FF'
66.5813 	EXP 	other_box: fillColor = '#FFFCA6'
66.5980 	EXP 	self_box: fillColor = '#A6A9FF'
66.5980 	EXP 	other_box: fillColor = '#FFFCA6'
66.6147 	EXP 	self_box: fillColor = '#A6A9FF'
66.6147 	EXP 	other_box: fillColor = '#FFFCA6'
66.6312 	EXP 	self_box: fillColor = '#A6A9FF'
66.6312 	EXP 	other_box: fillColor = '#FFFCA6'
66.6481 	EXP 	self_box: fillColor = '#A6A9FF'
66.6481 	EXP 	other_box: fillColor = '#FFFCA6'
66.6647 	EXP 	self_box: fillColor = '#A6A9FF'
66.6647 	EXP 	other_box: fillColor = '#FFFCA6'
66.6814 	EXP 	self_box: fillColor = '#A6A9FF'
66.6814 	EXP 	other_box: fillColor = '#FFFCA6'
66.6981 	EXP 	self_box: fillColor = '#A6A9FF'
66.6981 	EXP 	other_box: fillColor = '#FFFCA6'
66.7148 	EXP 	self_box: fillColor = '#A6A9FF'
66.7148 	EXP 	other_box: fillColor = '#FFFCA6'
66.7314 	EXP 	self_box: fillColor = '#A6A9FF'
66.7314 	EXP 	other_box: fillColor = '#FFFCA6'
66.7481 	EXP 	self_box: fillColor = '#A6A9FF'
66.7481 	EXP 	other_box: fillColor = '#FFFCA6'
66.7649 	EXP 	self_box: fillColor = '#A6A9FF'
66.7649 	EXP 	other_box: fillColor = '#FFFCA6'
66.7815 	EXP 	self_box: fillColor = '#A6A9FF'
66.7815 	EXP 	other_box: fillColor = '#FFFCA6'
66.7983 	EXP 	self_box: fillColor = '#A6A9FF'
66.7983 	EXP 	other_box: fillColor = '#FFFCA6'
66.8149 	EXP 	self_box: fillColor = '#A6A9FF'
66.8149 	EXP 	other_box: fillColor = '#FFFCA6'
66.8317 	EXP 	self_box: fillColor = '#A6A9FF'
66.8317 	EXP 	other_box: fillColor = '#FFFCA6'
66.8484 	EXP 	self_box: fillColor = '#A6A9FF'
66.8484 	EXP 	other_box: fillColor = '#FFFCA6'
66.8650 	EXP 	self_box: fillColor = '#A6A9FF'
66.8650 	EXP 	other_box: fillColor = '#FFFCA6'
66.8817 	EXP 	self_box: fillColor = '#A6A9FF'
66.8817 	EXP 	other_box: fillColor = '#FFFCA6'
66.8984 	EXP 	self_box: fillColor = '#A6A9FF'
66.8984 	EXP 	other_box: fillColor = '#FFFCA6'
66.9151 	EXP 	self_box: fillColor = '#A6A9FF'
66.9151 	EXP 	other_box: fillColor = '#FAF33E'
66.9318 	EXP 	self_box: fillColor = '#A6A9FF'
66.9318 	EXP 	other_box: fillColor = '#FAF33E'
66.9486 	EXP 	self_box: fillColor = '#A6A9FF'
66.9486 	EXP 	other_box: fillColor = '#FAF33E'
66.9652 	EXP 	self_box: fillColor = '#A6A9FF'
66.9652 	EXP 	other_box: fillColor = '#FAF33E'
66.9820 	EXP 	self_box: fillColor = '#A6A9FF'
66.9820 	EXP 	other_box: fillColor = '#FAF33E'
66.9986 	EXP 	self_box: fillColor = '#A6A9FF'
66.9986 	EXP 	other_box: fillColor = '#FAF33E'
67.0154 	EXP 	self_box: fillColor = '#A6A9FF'
67.0154 	EXP 	other_box: fillColor = '#FAF33E'
67.0319 	EXP 	self_box: fillColor = '#A6A9FF'
67.0319 	EXP 	other_box: fillColor = '#FAF33E'
67.0438 	DATA 	Mouse: Left button down, pos=(957,321)
67.0486 	EXP 	self_box: fillColor = '#A6A9FF'
67.0486 	EXP 	other_box: fillColor = '#FAF33E'
67.0486 	EXP 	question: autoDraw = False
67.0486 	EXP 	self_box: autoDraw = False
67.0486 	EXP 	self_label: autoDraw = False
67.0486 	EXP 	other_box: autoDraw = False
67.0486 	EXP 	other_label: autoDraw = False
67.0486 	EXP 	text_3: autoDraw = True
67.1661 	DATA 	Mouse: Left button up, pos=(957,321)
