0.2751 	WARNING 	Movie2 stim could not be imported and won't be available
3.6473 	EXP 	Created window1 = Window(allowGUI=False, allowStencil=False, autoLog=True, bitsMode=UNKNOWN, blendMode='avg', color=array([-1., -1., -1.]), colorSpace='rgb', fullscr=UNKNOWN, gamma=None, lms=UNKNOWN, monitor=<psychopy.monitors.calibTools.Monitor instance at 0xd1eea30>, name='window1', pos=[0, 0], screen=0, size=array([1440,  900]), stereo=False, units=u'norm', useFBO=True, viewOri=0.0, viewPos=None, viewScale=None, waitBlanking=True, winType='pyglet')
3.6473 	EXP 	window1: recordFrameIntervals = False
3.8127 	EXP 	window1: recordFrameIntervals = True
3.9967 	EXP 	window1: recordFrameIntervals = False
4.0920 	EXP 	Created text_4 = TextStim(alignHoriz='center', alignVert='center', antialias=True, autoLog=True, bold=False, color='white', colorSpace='named', contrast=1.0, depth=0.0, flipHoriz=False, flipVert=False, font='Arial', fontFiles=[], height=0.1, italic=False, name='text_4', opacity=1.0, ori=0, pos=array([ 0.,  0.]), rgb=array([ 255.,  255.,  255.]), text=u'Instructions will go here.', units=u'norm', win=Window(...), wrapWidth=1)
5.1199 	EXP 	Created text = TextStim(alignHoriz='center', alignVert='center', antialias=True, autoLog=True, bold=False, color='white', colorSpace='named', contrast=1.0, depth=-1.0, flipHoriz=False, flipVert=False, font='Arial', fontFiles=[], height=0.1, italic=False, name='text', opacity=1.0, ori=0, pos=array([ 0.,  0.]), rgb=array([ 255.,  255.,  255.]), text=u'default text', units=u'norm', win=Window(...), wrapWidth=1)
5.1319 	EXP 	Created question = TextStim(alignHoriz='center', alignVert='center', antialias=True, autoLog=True, bold=False, color='white', colorSpace='named', contrast=1.0, depth=0.0, flipHoriz=False, flipVert=False, font='Arial', fontFiles=[], height=0.1, italic=False, name='question', opacity=1.0, ori=0, pos=array([ 0. ,  0.5]), rgb=array([ 255.,  255.,  255.]), text=u'Whose voice did you hear?', units=u'norm', win=Window(...), wrapWidth=2)
5.1327 	EXP 	<method-wrapper '__getattribute__' of attributeSetter object at 0x50b1b0>: vertices = array([[-0.25,  0.25],
       [ 0.25,  0.25],
       [ 0.25, -0.25],
       [-0.25, -0.25]])
5.1351 	EXP 	Created self_box = Rect(autoDraw=False, autoLog=True, closeShape=True, contrast=1.0, depth=0, fillColor='#A6A9FF', fillColorSpace='hex', fillRGB=array([166, 169, 255]), interpolate=True, lineColor='#3E45FA', lineColorSpace='hex', lineRGB=array([ 62,  69, 250]), lineWidth=5, name='self_box', opacity=1.0, ori=array(0.0), pos=array([-0.5, -0.5]), size=array([ 1.,  1.]), units=u'norm', vertices=ndarray(...), win=Window(...))
5.1404 	EXP 	Created self_label = TextStim(alignHoriz='center', alignVert='center', antialias=True, autoLog=True, bold=False, color='black', colorSpace='named', contrast=1.0, depth=-2.0, flipHoriz=False, flipVert=False, font='Arial', fontFiles=[], height=0.1, italic=False, name='self_label', opacity=1.0, ori=0, pos=array([-0.5, -0.5]), rgb=array([ 0.,  0.,  0.]), text=u'Mine', units=u'norm', win=Window(...), wrapWidth=1)
5.1410 	EXP 	<method-wrapper '__getattribute__' of attributeSetter object at 0x50b1b0>: vertices = array([[-0.25,  0.25],
       [ 0.25,  0.25],
       [ 0.25, -0.25],
       [-0.25, -0.25]])
5.1432 	EXP 	Created other_box = Rect(autoDraw=False, autoLog=True, closeShape=True, contrast=1.0, depth=0, fillColor='#FFFCA6', fillColorSpace='hex', fillRGB=array([255, 252, 166]), interpolate=True, lineColor='#FAF33E', lineColorSpace='hex', lineRGB=array([250, 243,  62]), lineWidth=5, name='other_box', opacity=1.0, ori=array(0.0), pos=array([ 0.5, -0.5]), size=array([ 1.,  1.]), units=u'norm', vertices=ndarray(...), win=Window(...))
5.1492 	EXP 	Created other_label = TextStim(alignHoriz='center', alignVert='center', antialias=True, autoLog=True, bold=False, color='black', colorSpace='named', contrast=1.0, depth=-4.0, flipHoriz=False, flipVert=False, font='Arial', fontFiles=[], height=0.1, italic=False, name='other_label', opacity=1.0, ori=0, pos=array([ 0.5, -0.5]), rgb=array([ 0.,  0.,  0.]), text=u'Other', units=u'norm', win=Window(...), wrapWidth=1)
5.1618 	EXP 	Created text_3 = TextStim(alignHoriz='center', alignVert='center', antialias=True, autoLog=True, bold=False, color='white', colorSpace='named', contrast=1.0, depth=0.0, flipHoriz=False, flipVert=False, font='Arial', fontFiles=[], height=0.1, italic=False, name='text_3', opacity=1.0, ori=0, pos=array([ 0.,  0.]), rgb=array([ 255.,  255.,  255.]), text=u'Thank you for participating!', units=u'norm', win=Window(...), wrapWidth=1)
5.1682 	EXP 	Created results_text = TextStim(alignHoriz='center', alignVert='center', antialias=True, autoLog=True, bold=False, color=u'white', colorSpace='named', contrast=1.0, depth=0.0, flipHoriz=False, flipVert=False, font=u'Arial', fontFiles=[], height=0.1, italic=False, name='results_text', opacity=1.0, ori=0, pos=array([ 0.,  0.]), rgb=array([ 255.,  255.,  255.]), text=u'default text', units=u'norm', win=Window(...), wrapWidth=1)
5.1814 	EXP 	text_4: autoDraw = True
10.1585 	EXP 	Imported /Volumes/Macintosh HD/Users/poppe076/Desktop/source_monitoring_task/data/ok_source_monitoring_2015_Feb_05_1338_wordlist.csv as conditions, 9 conditions, 5 params
10.1593 	EXP 	Created sequence: sequential, trialTypes=9, nReps=1, seed=None
10.1607 	EXP 	New trial (rep=0, index=0): {'word': u'word9.1', 'amount': u'-1.5', 'list': u'list9', 'trialtype': u'pitch', 'trialtype_extended': u'pitch_lower_large'}
10.1728 	EXP 	text_4: autoDraw = False
10.1728 	EXP 	text_4: autoDraw = False
10.1728 	EXP 	text: text = u'word9.1'
11.1911 	EXP 	text: autoDraw = True
13.3445 	EXP 	text: autoDraw = False
13.3445 	EXP 	question: autoDraw = True
13.3445 	EXP 	self_box: autoDraw = True
13.3445 	EXP 	self_label: autoDraw = True
13.3445 	EXP 	other_box: autoDraw = True
13.3445 	EXP 	other_label: autoDraw = True
13.3445 	EXP 	self_box: fillColor = '#A6A9FF'
13.3445 	EXP 	other_box: fillColor = '#FFFCA6'
13.3612 	EXP 	self_box: fillColor = '#A6A9FF'
13.3612 	EXP 	other_box: fillColor = '#FFFCA6'
13.3779 	EXP 	self_box: fillColor = '#A6A9FF'
13.3779 	EXP 	other_box: fillColor = '#FFFCA6'
13.3946 	EXP 	self_box: fillColor = '#A6A9FF'
13.3946 	EXP 	other_box: fillColor = '#FFFCA6'
13.4113 	EXP 	self_box: fillColor = '#A6A9FF'
13.4113 	EXP 	other_box: fillColor = '#FFFCA6'
13.4280 	EXP 	self_box: fillColor = '#A6A9FF'
13.4280 	EXP 	other_box: fillColor = '#FFFCA6'
13.4447 	EXP 	self_box: fillColor = '#A6A9FF'
13.4447 	EXP 	other_box: fillColor = '#FFFCA6'
13.4614 	EXP 	self_box: fillColor = '#A6A9FF'
13.4614 	EXP 	other_box: fillColor = '#FFFCA6'
13.4781 	EXP 	self_box: fillColor = '#A6A9FF'
13.4781 	EXP 	other_box: fillColor = '#FFFCA6'
13.4948 	EXP 	self_box: fillColor = '#A6A9FF'
13.4948 	EXP 	other_box: fillColor = '#FFFCA6'
13.5114 	EXP 	self_box: fillColor = '#A6A9FF'
13.5114 	EXP 	other_box: fillColor = '#FFFCA6'
13.5282 	EXP 	self_box: fillColor = '#A6A9FF'
13.5282 	EXP 	other_box: fillColor = '#FFFCA6'
13.5448 	EXP 	self_box: fillColor = '#A6A9FF'
13.5448 	EXP 	other_box: fillColor = '#FFFCA6'
13.5614 	EXP 	self_box: fillColor = '#A6A9FF'
13.5614 	EXP 	other_box: fillColor = '#FFFCA6'
13.5783 	EXP 	self_box: fillColor = '#A6A9FF'
13.5783 	EXP 	other_box: fillColor = '#FFFCA6'
13.5949 	EXP 	self_box: fillColor = '#A6A9FF'
13.5949 	EXP 	other_box: fillColor = '#FFFCA6'
13.6116 	EXP 	self_box: fillColor = '#A6A9FF'
13.6116 	EXP 	other_box: fillColor = '#FFFCA6'
13.6284 	EXP 	self_box: fillColor = '#A6A9FF'
13.6284 	EXP 	other_box: fillColor = '#FFFCA6'
13.6450 	EXP 	self_box: fillColor = '#A6A9FF'
13.6450 	EXP 	other_box: fillColor = '#FFFCA6'
13.6618 	EXP 	self_box: fillColor = '#A6A9FF'
13.6618 	EXP 	other_box: fillColor = '#FFFCA6'
13.6784 	EXP 	self_box: fillColor = '#A6A9FF'
13.6784 	EXP 	other_box: fillColor = '#FFFCA6'
13.6952 	EXP 	self_box: fillColor = '#A6A9FF'
13.6952 	EXP 	other_box: fillColor = '#FFFCA6'
13.7117 	EXP 	self_box: fillColor = '#A6A9FF'
13.7117 	EXP 	other_box: fillColor = '#FFFCA6'
13.7285 	EXP 	self_box: fillColor = '#A6A9FF'
13.7285 	EXP 	other_box: fillColor = '#FFFCA6'
13.7451 	EXP 	self_box: fillColor = '#A6A9FF'
13.7451 	EXP 	other_box: fillColor = '#FFFCA6'
13.7618 	EXP 	self_box: fillColor = '#A6A9FF'
13.7618 	EXP 	other_box: fillColor = '#FFFCA6'
13.7785 	EXP 	self_box: fillColor = '#A6A9FF'
13.7785 	EXP 	other_box: fillColor = '#FFFCA6'
13.7952 	EXP 	self_box: fillColor = '#A6A9FF'
13.7952 	EXP 	other_box: fillColor = '#FFFCA6'
13.8117 	EXP 	self_box: fillColor = '#A6A9FF'
13.8117 	EXP 	other_box: fillColor = '#FFFCA6'
13.8284 	EXP 	self_box: fillColor = '#A6A9FF'
13.8284 	EXP 	other_box: fillColor = '#FFFCA6'
13.8453 	EXP 	self_box: fillColor = '#A6A9FF'
13.8453 	EXP 	other_box: fillColor = '#FFFCA6'
13.8619 	EXP 	self_box: fillColor = '#A6A9FF'
13.8619 	EXP 	other_box: fillColor = '#FFFCA6'
13.8788 	EXP 	self_box: fillColor = '#A6A9FF'
13.8788 	EXP 	other_box: fillColor = '#FFFCA6'
13.8954 	EXP 	self_box: fillColor = '#A6A9FF'
13.8954 	EXP 	other_box: fillColor = '#FFFCA6'
13.9120 	EXP 	self_box: fillColor = '#A6A9FF'
13.9120 	EXP 	other_box: fillColor = '#FFFCA6'
13.9287 	EXP 	self_box: fillColor = '#A6A9FF'
13.9287 	EXP 	other_box: fillColor = '#FFFCA6'
13.9454 	EXP 	self_box: fillColor = '#A6A9FF'
13.9454 	EXP 	other_box: fillColor = '#FFFCA6'
13.9621 	EXP 	self_box: fillColor = '#A6A9FF'
13.9621 	EXP 	other_box: fillColor = '#FFFCA6'
13.9789 	EXP 	self_box: fillColor = '#A6A9FF'
13.9789 	EXP 	other_box: fillColor = '#FFFCA6'
13.9955 	EXP 	self_box: fillColor = '#A6A9FF'
13.9955 	EXP 	other_box: fillColor = '#FFFCA6'
14.0122 	EXP 	self_box: fillColor = '#A6A9FF'
14.0122 	EXP 	other_box: fillColor = '#FFFCA6'
14.0289 	EXP 	self_box: fillColor = '#A6A9FF'
14.0289 	EXP 	other_box: fillColor = '#FFFCA6'
14.0456 	EXP 	self_box: fillColor = '#A6A9FF'
14.0456 	EXP 	other_box: fillColor = '#FFFCA6'
14.0622 	EXP 	self_box: fillColor = '#A6A9FF'
14.0622 	EXP 	other_box: fillColor = '#FFFCA6'
14.0790 	EXP 	self_box: fillColor = '#A6A9FF'
14.0790 	EXP 	other_box: fillColor = '#FFFCA6'
14.0955 	EXP 	self_box: fillColor = '#A6A9FF'
14.0955 	EXP 	other_box: fillColor = '#FFFCA6'
14.1124 	EXP 	self_box: fillColor = '#A6A9FF'
14.1124 	EXP 	other_box: fillColor = '#FFFCA6'
14.1290 	EXP 	self_box: fillColor = '#A6A9FF'
14.1290 	EXP 	other_box: fillColor = '#FFFCA6'
14.1458 	EXP 	self_box: fillColor = '#A6A9FF'
14.1458 	EXP 	other_box: fillColor = '#FFFCA6'
14.1624 	EXP 	self_box: fillColor = '#A6A9FF'
14.1624 	EXP 	other_box: fillColor = '#FFFCA6'
14.1792 	EXP 	self_box: fillColor = '#A6A9FF'
14.1792 	EXP 	other_box: fillColor = '#FFFCA6'
14.1958 	EXP 	self_box: fillColor = '#A6A9FF'
14.1958 	EXP 	other_box: fillColor = '#FFFCA6'
14.2125 	EXP 	self_box: fillColor = '#A6A9FF'
14.2125 	EXP 	other_box: fillColor = '#FFFCA6'
14.2292 	EXP 	self_box: fillColor = '#A6A9FF'
14.2292 	EXP 	other_box: fillColor = '#FFFCA6'
14.2463 	EXP 	self_box: fillColor = '#A6A9FF'
14.2463 	EXP 	other_box: fillColor = '#FFFCA6'
14.2627 	EXP 	self_box: fillColor = '#A6A9FF'
14.2627 	EXP 	other_box: fillColor = '#FFFCA6'
14.2792 	EXP 	self_box: fillColor = '#A6A9FF'
14.2792 	EXP 	other_box: fillColor = '#FFFCA6'
14.2960 	EXP 	self_box: fillColor = '#A6A9FF'
14.2960 	EXP 	other_box: fillColor = '#FFFCA6'
14.3127 	EXP 	self_box: fillColor = '#A6A9FF'
14.3127 	EXP 	other_box: fillColor = '#FFFCA6'
14.3293 	EXP 	self_box: fillColor = '#A6A9FF'
14.3293 	EXP 	other_box: fillColor = '#FFFCA6'
14.3462 	EXP 	self_box: fillColor = '#A6A9FF'
14.3462 	EXP 	other_box: fillColor = '#FFFCA6'
14.3627 	EXP 	self_box: fillColor = '#A6A9FF'
14.3627 	EXP 	other_box: fillColor = '#FFFCA6'
14.3795 	EXP 	self_box: fillColor = '#A6A9FF'
14.3795 	EXP 	other_box: fillColor = '#FFFCA6'
14.3961 	EXP 	self_box: fillColor = '#A6A9FF'
14.3961 	EXP 	other_box: fillColor = '#FFFCA6'
14.4129 	EXP 	self_box: fillColor = '#A6A9FF'
14.4129 	EXP 	other_box: fillColor = '#FFFCA6'
14.4296 	EXP 	self_box: fillColor = '#A6A9FF'
14.4296 	EXP 	other_box: fillColor = '#FFFCA6'
14.4463 	EXP 	self_box: fillColor = '#A6A9FF'
14.4463 	EXP 	other_box: fillColor = '#FFFCA6'
14.4629 	EXP 	self_box: fillColor = '#A6A9FF'
14.4629 	EXP 	other_box: fillColor = '#FFFCA6'
14.4797 	EXP 	self_box: fillColor = '#A6A9FF'
14.4797 	EXP 	other_box: fillColor = '#FFFCA6'
14.4964 	EXP 	self_box: fillColor = '#A6A9FF'
14.4964 	EXP 	other_box: fillColor = '#FFFCA6'
14.5129 	EXP 	self_box: fillColor = '#A6A9FF'
14.5129 	EXP 	other_box: fillColor = '#FFFCA6'
14.5297 	EXP 	self_box: fillColor = '#A6A9FF'
14.5297 	EXP 	other_box: fillColor = '#FFFCA6'
14.5465 	EXP 	self_box: fillColor = '#A6A9FF'
14.5465 	EXP 	other_box: fillColor = '#FAF33E'
14.5630 	EXP 	self_box: fillColor = '#A6A9FF'
14.5630 	EXP 	other_box: fillColor = '#FAF33E'
14.5798 	EXP 	self_box: fillColor = '#A6A9FF'
14.5798 	EXP 	other_box: fillColor = '#FAF33E'
14.5964 	EXP 	self_box: fillColor = '#A6A9FF'
14.5964 	EXP 	other_box: fillColor = '#FAF33E'
14.6132 	EXP 	self_box: fillColor = '#A6A9FF'
14.6132 	EXP 	other_box: fillColor = '#FAF33E'
14.6299 	EXP 	self_box: fillColor = '#A6A9FF'
14.6299 	EXP 	other_box: fillColor = '#FFFCA6'
14.6466 	EXP 	self_box: fillColor = '#A6A9FF'
14.6466 	EXP 	other_box: fillColor = '#FFFCA6'
14.6632 	EXP 	self_box: fillColor = '#A6A9FF'
14.6632 	EXP 	other_box: fillColor = '#FFFCA6'
14.6800 	EXP 	self_box: fillColor = '#A6A9FF'
14.6800 	EXP 	other_box: fillColor = '#FFFCA6'
14.6966 	EXP 	self_box: fillColor = '#A6A9FF'
14.6966 	EXP 	other_box: fillColor = '#FFFCA6'
14.7133 	EXP 	self_box: fillColor = '#A6A9FF'
14.7133 	EXP 	other_box: fillColor = '#FFFCA6'
14.7300 	EXP 	self_box: fillColor = '#A6A9FF'
14.7300 	EXP 	other_box: fillColor = '#FFFCA6'
14.7467 	EXP 	self_box: fillColor = '#A6A9FF'
14.7467 	EXP 	other_box: fillColor = '#FFFCA6'
14.7634 	EXP 	self_box: fillColor = '#A6A9FF'
14.7634 	EXP 	other_box: fillColor = '#FFFCA6'
14.7800 	EXP 	self_box: fillColor = '#A6A9FF'
14.7800 	EXP 	other_box: fillColor = '#FFFCA6'
14.7967 	EXP 	self_box: fillColor = '#A6A9FF'
14.7967 	EXP 	other_box: fillColor = '#FFFCA6'
14.8134 	EXP 	self_box: fillColor = '#A6A9FF'
14.8134 	EXP 	other_box: fillColor = '#FFFCA6'
14.8302 	EXP 	self_box: fillColor = '#A6A9FF'
14.8302 	EXP 	other_box: fillColor = '#FFFCA6'
14.8469 	EXP 	self_box: fillColor = '#A6A9FF'
14.8469 	EXP 	other_box: fillColor = '#FFFCA6'
14.8634 	EXP 	self_box: fillColor = '#A6A9FF'
14.8634 	EXP 	other_box: fillColor = '#FFFCA6'
14.8803 	EXP 	self_box: fillColor = '#A6A9FF'
14.8803 	EXP 	other_box: fillColor = '#FAF33E'
14.8969 	EXP 	self_box: fillColor = '#A6A9FF'
14.8969 	EXP 	other_box: fillColor = '#FAF33E'
14.9136 	EXP 	self_box: fillColor = '#A6A9FF'
14.9136 	EXP 	other_box: fillColor = '#FAF33E'
14.9302 	EXP 	self_box: fillColor = '#A6A9FF'
14.9302 	EXP 	other_box: fillColor = '#FAF33E'
14.9470 	EXP 	self_box: fillColor = '#A6A9FF'
14.9470 	EXP 	other_box: fillColor = '#FAF33E'
14.9637 	EXP 	self_box: fillColor = '#A6A9FF'
14.9637 	EXP 	other_box: fillColor = '#FAF33E'
14.9803 	EXP 	self_box: fillColor = '#A6A9FF'
14.9803 	EXP 	other_box: fillColor = '#FAF33E'
14.9971 	EXP 	self_box: fillColor = '#A6A9FF'
14.9971 	EXP 	other_box: fillColor = '#FAF33E'
15.0138 	EXP 	self_box: fillColor = '#A6A9FF'
15.0138 	EXP 	other_box: fillColor = '#FAF33E'
15.0305 	EXP 	self_box: fillColor = '#A6A9FF'
15.0305 	EXP 	other_box: fillColor = '#FAF33E'
15.0471 	EXP 	self_box: fillColor = '#A6A9FF'
15.0471 	EXP 	other_box: fillColor = '#FAF33E'
15.0639 	EXP 	self_box: fillColor = '#A6A9FF'
15.0639 	EXP 	other_box: fillColor = '#FAF33E'
15.0805 	EXP 	self_box: fillColor = '#A6A9FF'
15.0805 	EXP 	other_box: fillColor = '#FAF33E'
15.0972 	EXP 	self_box: fillColor = '#A6A9FF'
15.0972 	EXP 	other_box: fillColor = '#FAF33E'
15.1138 	EXP 	self_box: fillColor = '#A6A9FF'
15.1138 	EXP 	other_box: fillColor = '#FAF33E'
15.1305 	EXP 	self_box: fillColor = '#A6A9FF'
15.1305 	EXP 	other_box: fillColor = '#FAF33E'
15.1368 	DATA 	Mouse: Left button down, pos=(1121,174)
15.1373 	DATA 	Mouse: Left button up, pos=(1121,174)
15.1473 	EXP 	self_box: fillColor = '#A6A9FF'
15.1473 	EXP 	other_box: fillColor = '#FAF33E'
15.1640 	EXP 	self_box: fillColor = '#A6A9FF'
15.1640 	EXP 	other_box: fillColor = '#FAF33E'
15.1807 	EXP 	self_box: fillColor = '#A6A9FF'
15.1807 	EXP 	other_box: fillColor = '#FAF33E'
15.1974 	EXP 	self_box: fillColor = '#A6A9FF'
15.1974 	EXP 	other_box: fillColor = '#FAF33E'
15.2140 	EXP 	self_box: fillColor = '#A6A9FF'
15.2140 	EXP 	other_box: fillColor = '#FAF33E'
15.2308 	EXP 	self_box: fillColor = '#A6A9FF'
15.2308 	EXP 	other_box: fillColor = '#FAF33E'
15.2475 	EXP 	self_box: fillColor = '#A6A9FF'
15.2475 	EXP 	other_box: fillColor = '#FAF33E'
15.2642 	EXP 	self_box: fillColor = '#A6A9FF'
15.2642 	EXP 	other_box: fillColor = '#FAF33E'
15.2807 	EXP 	self_box: fillColor = '#A6A9FF'
15.2807 	EXP 	other_box: fillColor = '#FAF33E'
15.2975 	EXP 	self_box: fillColor = '#A6A9FF'
15.2975 	EXP 	other_box: fillColor = '#FAF33E'
15.3141 	EXP 	self_box: fillColor = '#A6A9FF'
15.3141 	EXP 	other_box: fillColor = '#FAF33E'
15.3309 	EXP 	self_box: fillColor = '#A6A9FF'
15.3309 	EXP 	other_box: fillColor = '#FAF33E'
15.3475 	EXP 	self_box: fillColor = '#A6A9FF'
15.3475 	EXP 	other_box: fillColor = '#FAF33E'
15.3643 	EXP 	self_box: fillColor = '#A6A9FF'
15.3643 	EXP 	other_box: fillColor = '#FAF33E'
15.3810 	EXP 	self_box: fillColor = '#A6A9FF'
15.3810 	EXP 	other_box: fillColor = '#FAF33E'
15.3976 	EXP 	self_box: fillColor = '#A6A9FF'
15.3976 	EXP 	other_box: fillColor = '#FAF33E'
15.4144 	EXP 	self_box: fillColor = '#A6A9FF'
15.4144 	EXP 	other_box: fillColor = '#FAF33E'
15.4311 	EXP 	self_box: fillColor = '#A6A9FF'
15.4311 	EXP 	other_box: fillColor = '#FAF33E'
15.4478 	EXP 	self_box: fillColor = '#A6A9FF'
15.4478 	EXP 	other_box: fillColor = '#FAF33E'
15.4645 	EXP 	self_box: fillColor = '#A6A9FF'
15.4645 	EXP 	other_box: fillColor = '#FAF33E'
15.4812 	EXP 	self_box: fillColor = '#A6A9FF'
15.4812 	EXP 	other_box: fillColor = '#FAF33E'
15.4979 	EXP 	self_box: fillColor = '#A6A9FF'
15.4979 	EXP 	other_box: fillColor = '#FAF33E'
15.5145 	EXP 	self_box: fillColor = '#A6A9FF'
15.5145 	EXP 	other_box: fillColor = '#FAF33E'
15.5312 	EXP 	self_box: fillColor = '#A6A9FF'
15.5312 	EXP 	other_box: fillColor = '#FAF33E'
15.5380 	DATA 	Mouse: Left button down, pos=(1121,174)
15.5479 	EXP 	self_box: fillColor = '#A6A9FF'
15.5479 	EXP 	other_box: fillColor = '#FAF33E'
15.5503 	EXP 	New trial (rep=0, index=1): {'word': u'word3.1', 'amount': u'unmodified', 'list': u'list3', 'trialtype': u'unmodified', 'trialtype_extended': u'unmodified'}
15.5647 	EXP 	self_box: fillColor = '#A6A9FF'
15.5647 	EXP 	other_box: fillColor = '#FAF33E'
15.5647 	EXP 	question: autoDraw = False
15.5647 	EXP 	self_box: autoDraw = False
15.5647 	EXP 	self_label: autoDraw = False
15.5647 	EXP 	other_box: autoDraw = False
15.5647 	EXP 	other_label: autoDraw = False
15.5647 	EXP 	text: text = u'word3.1'
15.6491 	DATA 	Mouse: Left button up, pos=(1121,174)
16.5830 	EXP 	text: autoDraw = True
18.8532 	EXP 	text: autoDraw = False
18.8532 	EXP 	question: autoDraw = True
18.8532 	EXP 	self_box: autoDraw = True
18.8532 	EXP 	self_label: autoDraw = True
18.8532 	EXP 	other_box: autoDraw = True
18.8532 	EXP 	other_label: autoDraw = True
18.8532 	EXP 	self_box: fillColor = '#A6A9FF'
18.8532 	EXP 	other_box: fillColor = '#FFFCA6'
18.8699 	EXP 	self_box: fillColor = '#A6A9FF'
18.8699 	EXP 	other_box: fillColor = '#FFFCA6'
18.8866 	EXP 	self_box: fillColor = '#A6A9FF'
18.8866 	EXP 	other_box: fillColor = '#FFFCA6'
18.9032 	EXP 	self_box: fillColor = '#A6A9FF'
18.9032 	EXP 	other_box: fillColor = '#FFFCA6'
18.9201 	EXP 	self_box: fillColor = '#A6A9FF'
18.9201 	EXP 	other_box: fillColor = '#FFFCA6'
18.9366 	EXP 	self_box: fillColor = '#A6A9FF'
18.9366 	EXP 	other_box: fillColor = '#FFFCA6'
18.9535 	EXP 	self_box: fillColor = '#A6A9FF'
18.9535 	EXP 	other_box: fillColor = '#FFFCA6'
18.9700 	EXP 	self_box: fillColor = '#A6A9FF'
18.9700 	EXP 	other_box: fillColor = '#FFFCA6'
18.9868 	EXP 	self_box: fillColor = '#A6A9FF'
18.9868 	EXP 	other_box: fillColor = '#FFFCA6'
19.0034 	EXP 	self_box: fillColor = '#A6A9FF'
19.0034 	EXP 	other_box: fillColor = '#FFFCA6'
19.0202 	EXP 	self_box: fillColor = '#A6A9FF'
19.0202 	EXP 	other_box: fillColor = '#FFFCA6'
19.0369 	EXP 	self_box: fillColor = '#A6A9FF'
19.0369 	EXP 	other_box: fillColor = '#FFFCA6'
19.0535 	EXP 	self_box: fillColor = '#A6A9FF'
19.0535 	EXP 	other_box: fillColor = '#FFFCA6'
19.0703 	EXP 	self_box: fillColor = '#A6A9FF'
19.0703 	EXP 	other_box: fillColor = '#FFFCA6'
19.0868 	EXP 	self_box: fillColor = '#A6A9FF'
19.0868 	EXP 	other_box: fillColor = '#FFFCA6'
19.1036 	EXP 	self_box: fillColor = '#A6A9FF'
19.1036 	EXP 	other_box: fillColor = '#FFFCA6'
19.1203 	EXP 	self_box: fillColor = '#A6A9FF'
19.1203 	EXP 	other_box: fillColor = '#FFFCA6'
19.1370 	EXP 	self_box: fillColor = '#A6A9FF'
19.1370 	EXP 	other_box: fillColor = '#FFFCA6'
19.1537 	EXP 	self_box: fillColor = '#A6A9FF'
19.1537 	EXP 	other_box: fillColor = '#FFFCA6'
19.1703 	EXP 	self_box: fillColor = '#A6A9FF'
19.1703 	EXP 	other_box: fillColor = '#FFFCA6'
19.1871 	EXP 	self_box: fillColor = '#A6A9FF'
19.1871 	EXP 	other_box: fillColor = '#FFFCA6'
19.2037 	EXP 	self_box: fillColor = '#A6A9FF'
19.2037 	EXP 	other_box: fillColor = '#FFFCA6'
19.2206 	EXP 	self_box: fillColor = '#A6A9FF'
19.2206 	EXP 	other_box: fillColor = '#FFFCA6'
19.2372 	EXP 	self_box: fillColor = '#3E45FA'
19.2372 	EXP 	other_box: fillColor = '#FFFCA6'
19.2540 	EXP 	self_box: fillColor = '#3E45FA'
19.2540 	EXP 	other_box: fillColor = '#FFFCA6'
19.2706 	EXP 	self_box: fillColor = '#3E45FA'
19.2706 	EXP 	other_box: fillColor = '#FFFCA6'
19.2873 	EXP 	self_box: fillColor = '#3E45FA'
19.2873 	EXP 	other_box: fillColor = '#FFFCA6'
19.3040 	EXP 	self_box: fillColor = '#3E45FA'
19.3040 	EXP 	other_box: fillColor = '#FFFCA6'
19.3206 	EXP 	self_box: fillColor = '#3E45FA'
19.3206 	EXP 	other_box: fillColor = '#FFFCA6'
19.3373 	EXP 	self_box: fillColor = '#3E45FA'
19.3373 	EXP 	other_box: fillColor = '#FFFCA6'
19.3539 	EXP 	self_box: fillColor = '#3E45FA'
19.3539 	EXP 	other_box: fillColor = '#FFFCA6'
19.3708 	EXP 	self_box: fillColor = '#3E45FA'
19.3708 	EXP 	other_box: fillColor = '#FFFCA6'
19.3873 	EXP 	self_box: fillColor = '#3E45FA'
19.3873 	EXP 	other_box: fillColor = '#FFFCA6'
19.4039 	EXP 	self_box: fillColor = '#3E45FA'
19.4039 	EXP 	other_box: fillColor = '#FFFCA6'
19.4043 	DATA 	Mouse: Left button down, pos=(440,243)
19.4056 	EXP 	New trial (rep=0, index=2): {'word': u'word6.1', 'amount': u'1.5', 'list': u'list6', 'trialtype': u'pitch', 'trialtype_extended': u'pitch_higher_small'}
19.4209 	EXP 	self_box: fillColor = '#3E45FA'
19.4209 	EXP 	other_box: fillColor = '#FFFCA6'
19.4209 	EXP 	question: autoDraw = False
19.4209 	EXP 	self_box: autoDraw = False
19.4209 	EXP 	self_label: autoDraw = False
19.4209 	EXP 	other_box: autoDraw = False
19.4209 	EXP 	other_label: autoDraw = False
19.4209 	EXP 	text: text = u'word6.1'
19.4548 	DATA 	Mouse: Left button up, pos=(440,243)
20.4392 	EXP 	text: autoDraw = True
23.2769 	EXP 	text: autoDraw = False
23.2769 	EXP 	question: autoDraw = True
23.2769 	EXP 	self_box: autoDraw = True
23.2769 	EXP 	self_label: autoDraw = True
23.2769 	EXP 	other_box: autoDraw = True
23.2769 	EXP 	other_label: autoDraw = True
23.2769 	EXP 	self_box: fillColor = '#A6A9FF'
23.2769 	EXP 	other_box: fillColor = '#FFFCA6'
23.2937 	EXP 	self_box: fillColor = '#A6A9FF'
23.2937 	EXP 	other_box: fillColor = '#FFFCA6'
23.3104 	EXP 	self_box: fillColor = '#A6A9FF'
23.3104 	EXP 	other_box: fillColor = '#FFFCA6'
23.3271 	EXP 	self_box: fillColor = '#A6A9FF'
23.3271 	EXP 	other_box: fillColor = '#FFFCA6'
23.3437 	EXP 	self_box: fillColor = '#A6A9FF'
23.3437 	EXP 	other_box: fillColor = '#FFFCA6'
23.3604 	EXP 	self_box: fillColor = '#A6A9FF'
23.3604 	EXP 	other_box: fillColor = '#FFFCA6'
23.3771 	EXP 	self_box: fillColor = '#A6A9FF'
23.3771 	EXP 	other_box: fillColor = '#FFFCA6'
23.3937 	EXP 	self_box: fillColor = '#A6A9FF'
23.3937 	EXP 	other_box: fillColor = '#FFFCA6'
23.4105 	EXP 	self_box: fillColor = '#A6A9FF'
23.4105 	EXP 	other_box: fillColor = '#FFFCA6'
23.4272 	EXP 	self_box: fillColor = '#A6A9FF'
23.4272 	EXP 	other_box: fillColor = '#FFFCA6'
23.4438 	EXP 	self_box: fillColor = '#A6A9FF'
23.4438 	EXP 	other_box: fillColor = '#FFFCA6'
23.4606 	EXP 	self_box: fillColor = '#A6A9FF'
23.4606 	EXP 	other_box: fillColor = '#FFFCA6'
23.4773 	EXP 	self_box: fillColor = '#A6A9FF'
23.4773 	EXP 	other_box: fillColor = '#FFFCA6'
23.4941 	EXP 	self_box: fillColor = '#A6A9FF'
23.4941 	EXP 	other_box: fillColor = '#FFFCA6'
23.5106 	EXP 	self_box: fillColor = '#A6A9FF'
23.5106 	EXP 	other_box: fillColor = '#FAF33E'
23.5274 	EXP 	self_box: fillColor = '#A6A9FF'
23.5274 	EXP 	other_box: fillColor = '#FAF33E'
23.5440 	EXP 	self_box: fillColor = '#A6A9FF'
23.5440 	EXP 	other_box: fillColor = '#FAF33E'
23.5608 	EXP 	self_box: fillColor = '#A6A9FF'
23.5608 	EXP 	other_box: fillColor = '#FAF33E'
23.5775 	EXP 	self_box: fillColor = '#A6A9FF'
23.5775 	EXP 	other_box: fillColor = '#FAF33E'
23.5942 	EXP 	self_box: fillColor = '#A6A9FF'
23.5942 	EXP 	other_box: fillColor = '#FAF33E'
23.6108 	EXP 	self_box: fillColor = '#A6A9FF'
23.6108 	EXP 	other_box: fillColor = '#FAF33E'
23.6277 	EXP 	self_box: fillColor = '#A6A9FF'
23.6277 	EXP 	other_box: fillColor = '#FAF33E'
23.6442 	EXP 	self_box: fillColor = '#A6A9FF'
23.6442 	EXP 	other_box: fillColor = '#FAF33E'
23.6609 	EXP 	self_box: fillColor = '#A6A9FF'
23.6609 	EXP 	other_box: fillColor = '#FAF33E'
23.6775 	EXP 	self_box: fillColor = '#A6A9FF'
23.6775 	EXP 	other_box: fillColor = '#FAF33E'
23.6842 	DATA 	Mouse: Left button down, pos=(953,332)
23.6857 	EXP 	New trial (rep=0, index=3): {'word': u'word8.1', 'amount': u'2', 'list': u'list8', 'trialtype': u'pitch', 'trialtype_extended': u'pitch_higher_large'}
23.6942 	EXP 	self_box: fillColor = '#A6A9FF'
23.6942 	EXP 	other_box: fillColor = '#FAF33E'
23.6942 	EXP 	question: autoDraw = False
23.6942 	EXP 	self_box: autoDraw = False
23.6942 	EXP 	self_label: autoDraw = False
23.6942 	EXP 	other_box: autoDraw = False
23.6942 	EXP 	other_label: autoDraw = False
23.6942 	EXP 	text: text = u'word8.1'
23.7782 	DATA 	Mouse: Left button up, pos=(953,332)
24.7126 	EXP 	text: autoDraw = True
26.9327 	EXP 	text: autoDraw = False
26.9327 	EXP 	question: autoDraw = True
26.9327 	EXP 	self_box: autoDraw = True
26.9327 	EXP 	self_label: autoDraw = True
26.9327 	EXP 	other_box: autoDraw = True
26.9327 	EXP 	other_label: autoDraw = True
26.9327 	EXP 	self_box: fillColor = '#A6A9FF'
26.9327 	EXP 	other_box: fillColor = '#FFFCA6'
26.9495 	EXP 	self_box: fillColor = '#A6A9FF'
26.9495 	EXP 	other_box: fillColor = '#FFFCA6'
26.9662 	EXP 	self_box: fillColor = '#A6A9FF'
26.9662 	EXP 	other_box: fillColor = '#FFFCA6'
26.9829 	EXP 	self_box: fillColor = '#A6A9FF'
26.9829 	EXP 	other_box: fillColor = '#FFFCA6'
26.9996 	EXP 	self_box: fillColor = '#A6A9FF'
26.9996 	EXP 	other_box: fillColor = '#FFFCA6'
27.0162 	EXP 	self_box: fillColor = '#A6A9FF'
27.0162 	EXP 	other_box: fillColor = '#FFFCA6'
27.0330 	EXP 	self_box: fillColor = '#A6A9FF'
27.0330 	EXP 	other_box: fillColor = '#FFFCA6'
27.0497 	EXP 	self_box: fillColor = '#A6A9FF'
27.0497 	EXP 	other_box: fillColor = '#FFFCA6'
27.0663 	EXP 	self_box: fillColor = '#A6A9FF'
27.0663 	EXP 	other_box: fillColor = '#FFFCA6'
27.0831 	EXP 	self_box: fillColor = '#A6A9FF'
27.0831 	EXP 	other_box: fillColor = '#FFFCA6'
27.0997 	EXP 	self_box: fillColor = '#A6A9FF'
27.0997 	EXP 	other_box: fillColor = '#FFFCA6'
27.1164 	EXP 	self_box: fillColor = '#A6A9FF'
27.1164 	EXP 	other_box: fillColor = '#FFFCA6'
27.1331 	EXP 	self_box: fillColor = '#A6A9FF'
27.1331 	EXP 	other_box: fillColor = '#FFFCA6'
27.1498 	EXP 	self_box: fillColor = '#A6A9FF'
27.1498 	EXP 	other_box: fillColor = '#FFFCA6'
27.1665 	EXP 	self_box: fillColor = '#A6A9FF'
27.1665 	EXP 	other_box: fillColor = '#FFFCA6'
27.1831 	EXP 	self_box: fillColor = '#A6A9FF'
27.1831 	EXP 	other_box: fillColor = '#FFFCA6'
27.1998 	EXP 	self_box: fillColor = '#A6A9FF'
27.1998 	EXP 	other_box: fillColor = '#FFFCA6'
27.2166 	EXP 	self_box: fillColor = '#A6A9FF'
27.2166 	EXP 	other_box: fillColor = '#FFFCA6'
27.2332 	EXP 	self_box: fillColor = '#A6A9FF'
27.2332 	EXP 	other_box: fillColor = '#FFFCA6'
27.2500 	EXP 	self_box: fillColor = '#A6A9FF'
27.2500 	EXP 	other_box: fillColor = '#FFFCA6'
27.2665 	EXP 	self_box: fillColor = '#A6A9FF'
27.2665 	EXP 	other_box: fillColor = '#FFFCA6'
27.2832 	EXP 	self_box: fillColor = '#A6A9FF'
27.2832 	EXP 	other_box: fillColor = '#FFFCA6'
27.3001 	EXP 	self_box: fillColor = '#A6A9FF'
27.3001 	EXP 	other_box: fillColor = '#FFFCA6'
27.3167 	EXP 	self_box: fillColor = '#A6A9FF'
27.3167 	EXP 	other_box: fillColor = '#FFFCA6'
27.3335 	EXP 	self_box: fillColor = '#A6A9FF'
27.3335 	EXP 	other_box: fillColor = '#FFFCA6'
27.3502 	EXP 	self_box: fillColor = '#A6A9FF'
27.3502 	EXP 	other_box: fillColor = '#FFFCA6'
27.3668 	EXP 	self_box: fillColor = '#A6A9FF'
27.3668 	EXP 	other_box: fillColor = '#FFFCA6'
27.3834 	EXP 	self_box: fillColor = '#A6A9FF'
27.3834 	EXP 	other_box: fillColor = '#FFFCA6'
27.4002 	EXP 	self_box: fillColor = '#A6A9FF'
27.4002 	EXP 	other_box: fillColor = '#FFFCA6'
27.4169 	EXP 	self_box: fillColor = '#A6A9FF'
27.4169 	EXP 	other_box: fillColor = '#FFFCA6'
27.4336 	EXP 	self_box: fillColor = '#A6A9FF'
27.4336 	EXP 	other_box: fillColor = '#FFFCA6'
27.4503 	EXP 	self_box: fillColor = '#A6A9FF'
27.4503 	EXP 	other_box: fillColor = '#FFFCA6'
27.4670 	EXP 	self_box: fillColor = '#A6A9FF'
27.4670 	EXP 	other_box: fillColor = '#FFFCA6'
27.4837 	EXP 	self_box: fillColor = '#A6A9FF'
27.4837 	EXP 	other_box: fillColor = '#FFFCA6'
27.5004 	EXP 	self_box: fillColor = '#A6A9FF'
27.5004 	EXP 	other_box: fillColor = '#FFFCA6'
27.5171 	EXP 	self_box: fillColor = '#A6A9FF'
27.5171 	EXP 	other_box: fillColor = '#FFFCA6'
27.5337 	EXP 	self_box: fillColor = '#A6A9FF'
27.5337 	EXP 	other_box: fillColor = '#FFFCA6'
27.5504 	EXP 	self_box: fillColor = '#A6A9FF'
27.5504 	EXP 	other_box: fillColor = '#FFFCA6'
27.5671 	EXP 	self_box: fillColor = '#A6A9FF'
27.5671 	EXP 	other_box: fillColor = '#FFFCA6'
27.5837 	EXP 	self_box: fillColor = '#A6A9FF'
27.5837 	EXP 	other_box: fillColor = '#FFFCA6'
27.6005 	EXP 	self_box: fillColor = '#A6A9FF'
27.6005 	EXP 	other_box: fillColor = '#FFFCA6'
27.6172 	EXP 	self_box: fillColor = '#3E45FA'
27.6172 	EXP 	other_box: fillColor = '#FFFCA6'
27.6339 	EXP 	self_box: fillColor = '#3E45FA'
27.6339 	EXP 	other_box: fillColor = '#FFFCA6'
27.6506 	EXP 	self_box: fillColor = '#3E45FA'
27.6506 	EXP 	other_box: fillColor = '#FFFCA6'
27.6673 	EXP 	self_box: fillColor = '#3E45FA'
27.6673 	EXP 	other_box: fillColor = '#FFFCA6'
27.6839 	EXP 	self_box: fillColor = '#3E45FA'
27.6839 	EXP 	other_box: fillColor = '#FFFCA6'
27.7006 	EXP 	self_box: fillColor = '#3E45FA'
27.7006 	EXP 	other_box: fillColor = '#FFFCA6'
27.7173 	EXP 	self_box: fillColor = '#3E45FA'
27.7173 	EXP 	other_box: fillColor = '#FFFCA6'
27.7224 	DATA 	Mouse: Left button down, pos=(365,318)
27.7339 	EXP 	self_box: fillColor = '#3E45FA'
27.7339 	EXP 	other_box: fillColor = '#FFFCA6'
27.7353 	EXP 	New trial (rep=0, index=4): {'word': u'word4.1', 'amount': u'0.8', 'list': u'list4', 'trialtype': u'speed', 'trialtype_extended': u'slow_medium'}
27.7507 	EXP 	self_box: fillColor = '#3E45FA'
27.7507 	EXP 	other_box: fillColor = '#FFFCA6'
27.7507 	EXP 	question: autoDraw = False
27.7507 	EXP 	self_box: autoDraw = False
27.7507 	EXP 	self_label: autoDraw = False
27.7507 	EXP 	other_box: autoDraw = False
27.7507 	EXP 	other_label: autoDraw = False
27.7507 	EXP 	text: text = u'word4.1'
27.8184 	DATA 	Mouse: Left button up, pos=(365,318)
28.7524 	EXP 	text: autoDraw = True
31.6070 	EXP 	text: autoDraw = False
31.6070 	EXP 	question: autoDraw = True
31.6070 	EXP 	self_box: autoDraw = True
31.6070 	EXP 	self_label: autoDraw = True
31.6070 	EXP 	other_box: autoDraw = True
31.6070 	EXP 	other_label: autoDraw = True
31.6070 	EXP 	self_box: fillColor = '#A6A9FF'
31.6070 	EXP 	other_box: fillColor = '#FFFCA6'
31.6236 	EXP 	self_box: fillColor = '#A6A9FF'
31.6236 	EXP 	other_box: fillColor = '#FFFCA6'
31.6403 	EXP 	self_box: fillColor = '#A6A9FF'
31.6403 	EXP 	other_box: fillColor = '#FFFCA6'
31.6570 	EXP 	self_box: fillColor = '#A6A9FF'
31.6570 	EXP 	other_box: fillColor = '#FFFCA6'
31.6738 	EXP 	self_box: fillColor = '#A6A9FF'
31.6738 	EXP 	other_box: fillColor = '#FFFCA6'
31.6904 	EXP 	self_box: fillColor = '#A6A9FF'
31.6904 	EXP 	other_box: fillColor = '#FFFCA6'
31.7070 	EXP 	self_box: fillColor = '#A6A9FF'
31.7070 	EXP 	other_box: fillColor = '#FFFCA6'
31.7238 	EXP 	self_box: fillColor = '#A6A9FF'
31.7238 	EXP 	other_box: fillColor = '#FFFCA6'
31.7405 	EXP 	self_box: fillColor = '#A6A9FF'
31.7405 	EXP 	other_box: fillColor = '#FFFCA6'
31.7569 	EXP 	self_box: fillColor = '#A6A9FF'
31.7569 	EXP 	other_box: fillColor = '#FFFCA6'
31.7738 	EXP 	self_box: fillColor = '#A6A9FF'
31.7738 	EXP 	other_box: fillColor = '#FFFCA6'
31.7905 	EXP 	self_box: fillColor = '#A6A9FF'
31.7905 	EXP 	other_box: fillColor = '#FFFCA6'
31.8072 	EXP 	self_box: fillColor = '#A6A9FF'
31.8072 	EXP 	other_box: fillColor = '#FFFCA6'
31.8239 	EXP 	self_box: fillColor = '#A6A9FF'
31.8239 	EXP 	other_box: fillColor = '#FFFCA6'
31.8406 	EXP 	self_box: fillColor = '#A6A9FF'
31.8406 	EXP 	other_box: fillColor = '#FFFCA6'
31.8571 	EXP 	self_box: fillColor = '#A6A9FF'
31.8571 	EXP 	other_box: fillColor = '#FFFCA6'
31.8741 	EXP 	self_box: fillColor = '#A6A9FF'
31.8741 	EXP 	other_box: fillColor = '#FFFCA6'
31.8906 	EXP 	self_box: fillColor = '#A6A9FF'
31.8906 	EXP 	other_box: fillColor = '#FFFCA6'
31.9074 	EXP 	self_box: fillColor = '#A6A9FF'
31.9074 	EXP 	other_box: fillColor = '#FFFCA6'
31.9241 	EXP 	self_box: fillColor = '#A6A9FF'
31.9241 	EXP 	other_box: fillColor = '#FFFCA6'
31.9408 	EXP 	self_box: fillColor = '#A6A9FF'
31.9408 	EXP 	other_box: fillColor = '#FFFCA6'
31.9573 	EXP 	self_box: fillColor = '#A6A9FF'
31.9573 	EXP 	other_box: fillColor = '#FFFCA6'
31.9741 	EXP 	self_box: fillColor = '#A6A9FF'
31.9741 	EXP 	other_box: fillColor = '#FFFCA6'
31.9908 	EXP 	self_box: fillColor = '#A6A9FF'
31.9908 	EXP 	other_box: fillColor = '#FFFCA6'
32.0075 	EXP 	self_box: fillColor = '#A6A9FF'
32.0075 	EXP 	other_box: fillColor = '#FFFCA6'
32.0242 	EXP 	self_box: fillColor = '#A6A9FF'
32.0242 	EXP 	other_box: fillColor = '#FFFCA6'
32.0409 	EXP 	self_box: fillColor = '#A6A9FF'
32.0409 	EXP 	other_box: fillColor = '#FFFCA6'
32.0576 	EXP 	self_box: fillColor = '#A6A9FF'
32.0576 	EXP 	other_box: fillColor = '#FFFCA6'
32.0743 	EXP 	self_box: fillColor = '#A6A9FF'
32.0743 	EXP 	other_box: fillColor = '#FFFCA6'
32.0911 	EXP 	self_box: fillColor = '#A6A9FF'
32.0911 	EXP 	other_box: fillColor = '#FFFCA6'
32.1076 	EXP 	self_box: fillColor = '#A6A9FF'
32.1076 	EXP 	other_box: fillColor = '#FFFCA6'
32.1243 	EXP 	self_box: fillColor = '#A6A9FF'
32.1243 	EXP 	other_box: fillColor = '#FFFCA6'
32.1410 	EXP 	self_box: fillColor = '#A6A9FF'
32.1410 	EXP 	other_box: fillColor = '#FFFCA6'
32.1576 	EXP 	self_box: fillColor = '#A6A9FF'
32.1576 	EXP 	other_box: fillColor = '#FFFCA6'
32.1744 	EXP 	self_box: fillColor = '#A6A9FF'
32.1744 	EXP 	other_box: fillColor = '#FFFCA6'
32.1911 	EXP 	self_box: fillColor = '#A6A9FF'
32.1911 	EXP 	other_box: fillColor = '#FFFCA6'
32.2079 	EXP 	self_box: fillColor = '#A6A9FF'
32.2079 	EXP 	other_box: fillColor = '#FFFCA6'
32.2246 	EXP 	self_box: fillColor = '#A6A9FF'
32.2246 	EXP 	other_box: fillColor = '#FFFCA6'
32.2412 	EXP 	self_box: fillColor = '#A6A9FF'
32.2412 	EXP 	other_box: fillColor = '#FFFCA6'
32.2579 	EXP 	self_box: fillColor = '#A6A9FF'
32.2579 	EXP 	other_box: fillColor = '#FFFCA6'
32.2745 	EXP 	self_box: fillColor = '#A6A9FF'
32.2745 	EXP 	other_box: fillColor = '#FFFCA6'
32.2913 	EXP 	self_box: fillColor = '#A6A9FF'
32.2913 	EXP 	other_box: fillColor = '#FFFCA6'
32.3080 	EXP 	self_box: fillColor = '#A6A9FF'
32.3080 	EXP 	other_box: fillColor = '#FFFCA6'
32.3247 	EXP 	self_box: fillColor = '#A6A9FF'
32.3247 	EXP 	other_box: fillColor = '#FFFCA6'
32.3414 	EXP 	self_box: fillColor = '#A6A9FF'
32.3414 	EXP 	other_box: fillColor = '#FFFCA6'
32.3581 	EXP 	self_box: fillColor = '#A6A9FF'
32.3581 	EXP 	other_box: fillColor = '#FFFCA6'
32.3749 	EXP 	self_box: fillColor = '#A6A9FF'
32.3749 	EXP 	other_box: fillColor = '#FFFCA6'
32.3914 	EXP 	self_box: fillColor = '#A6A9FF'
32.3914 	EXP 	other_box: fillColor = '#FFFCA6'
32.4082 	EXP 	self_box: fillColor = '#A6A9FF'
32.4082 	EXP 	other_box: fillColor = '#FFFCA6'
32.4248 	EXP 	self_box: fillColor = '#A6A9FF'
32.4248 	EXP 	other_box: fillColor = '#FFFCA6'
32.4416 	EXP 	self_box: fillColor = '#3E45FA'
32.4416 	EXP 	other_box: fillColor = '#FFFCA6'
32.4583 	EXP 	self_box: fillColor = '#3E45FA'
32.4583 	EXP 	other_box: fillColor = '#FFFCA6'
32.4750 	EXP 	self_box: fillColor = '#3E45FA'
32.4750 	EXP 	other_box: fillColor = '#FFFCA6'
32.4917 	EXP 	self_box: fillColor = '#3E45FA'
32.4917 	EXP 	other_box: fillColor = '#FFFCA6'
32.5084 	EXP 	self_box: fillColor = '#3E45FA'
32.5084 	EXP 	other_box: fillColor = '#FFFCA6'
32.5251 	EXP 	self_box: fillColor = '#3E45FA'
32.5251 	EXP 	other_box: fillColor = '#FFFCA6'
32.5417 	EXP 	self_box: fillColor = '#3E45FA'
32.5417 	EXP 	other_box: fillColor = '#FFFCA6'
32.5585 	EXP 	self_box: fillColor = '#3E45FA'
32.5585 	EXP 	other_box: fillColor = '#FFFCA6'
32.5750 	EXP 	self_box: fillColor = '#3E45FA'
32.5750 	EXP 	other_box: fillColor = '#FFFCA6'
32.5917 	EXP 	self_box: fillColor = '#3E45FA'
32.5917 	EXP 	other_box: fillColor = '#FFFCA6'
32.6084 	EXP 	self_box: fillColor = '#3E45FA'
32.6084 	EXP 	other_box: fillColor = '#FFFCA6'
32.6090 	DATA 	Mouse: Left button down, pos=(466,309)
32.6110 	EXP 	New trial (rep=0, index=5): {'word': u'word1.1', 'amount': u'0.9', 'list': u'list1', 'trialtype': u'speed', 'trialtype_extended': u'slow_small'}
32.6251 	EXP 	self_box: fillColor = '#3E45FA'
32.6251 	EXP 	other_box: fillColor = '#FFFCA6'
32.6251 	EXP 	question: autoDraw = False
32.6251 	EXP 	self_box: autoDraw = False
32.6251 	EXP 	self_label: autoDraw = False
32.6251 	EXP 	other_box: autoDraw = False
32.6251 	EXP 	other_label: autoDraw = False
32.6251 	EXP 	text: text = u'word1.1'
32.7089 	DATA 	Mouse: Left button up, pos=(466,309)
33.6435 	EXP 	text: autoDraw = True
36.7148 	EXP 	text: autoDraw = False
36.7148 	EXP 	question: autoDraw = True
36.7148 	EXP 	self_box: autoDraw = True
36.7148 	EXP 	self_label: autoDraw = True
36.7148 	EXP 	other_box: autoDraw = True
36.7148 	EXP 	other_label: autoDraw = True
36.7148 	EXP 	self_box: fillColor = '#A6A9FF'
36.7148 	EXP 	other_box: fillColor = '#FFFCA6'
36.7316 	EXP 	self_box: fillColor = '#A6A9FF'
36.7316 	EXP 	other_box: fillColor = '#FFFCA6'
36.7484 	EXP 	self_box: fillColor = '#A6A9FF'
36.7484 	EXP 	other_box: fillColor = '#FFFCA6'
36.7650 	EXP 	self_box: fillColor = '#A6A9FF'
36.7650 	EXP 	other_box: fillColor = '#FFFCA6'
36.7818 	EXP 	self_box: fillColor = '#A6A9FF'
36.7818 	EXP 	other_box: fillColor = '#FFFCA6'
36.7985 	EXP 	self_box: fillColor = '#A6A9FF'
36.7985 	EXP 	other_box: fillColor = '#FFFCA6'
36.8152 	EXP 	self_box: fillColor = '#A6A9FF'
36.8152 	EXP 	other_box: fillColor = '#FFFCA6'
36.8318 	EXP 	self_box: fillColor = '#A6A9FF'
36.8318 	EXP 	other_box: fillColor = '#FFFCA6'
36.8486 	EXP 	self_box: fillColor = '#A6A9FF'
36.8486 	EXP 	other_box: fillColor = '#FFFCA6'
36.8652 	EXP 	self_box: fillColor = '#A6A9FF'
36.8652 	EXP 	other_box: fillColor = '#FFFCA6'
36.8820 	EXP 	self_box: fillColor = '#A6A9FF'
36.8820 	EXP 	other_box: fillColor = '#FFFCA6'
36.8987 	EXP 	self_box: fillColor = '#A6A9FF'
36.8987 	EXP 	other_box: fillColor = '#FFFCA6'
36.9154 	EXP 	self_box: fillColor = '#A6A9FF'
36.9154 	EXP 	other_box: fillColor = '#FFFCA6'
36.9319 	EXP 	self_box: fillColor = '#A6A9FF'
36.9319 	EXP 	other_box: fillColor = '#FFFCA6'
36.9487 	EXP 	self_box: fillColor = '#A6A9FF'
36.9487 	EXP 	other_box: fillColor = '#FFFCA6'
36.9653 	EXP 	self_box: fillColor = '#A6A9FF'
36.9653 	EXP 	other_box: fillColor = '#FFFCA6'
36.9821 	EXP 	self_box: fillColor = '#A6A9FF'
36.9821 	EXP 	other_box: fillColor = '#FFFCA6'
36.9987 	EXP 	self_box: fillColor = '#A6A9FF'
36.9987 	EXP 	other_box: fillColor = '#FFFCA6'
37.0155 	EXP 	self_box: fillColor = '#A6A9FF'
37.0155 	EXP 	other_box: fillColor = '#FFFCA6'
37.0322 	EXP 	self_box: fillColor = '#A6A9FF'
37.0322 	EXP 	other_box: fillColor = '#FFFCA6'
37.0489 	EXP 	self_box: fillColor = '#A6A9FF'
37.0489 	EXP 	other_box: fillColor = '#FFFCA6'
37.0654 	EXP 	self_box: fillColor = '#A6A9FF'
37.0654 	EXP 	other_box: fillColor = '#FFFCA6'
37.0823 	EXP 	self_box: fillColor = '#A6A9FF'
37.0823 	EXP 	other_box: fillColor = '#FFFCA6'
37.0990 	EXP 	self_box: fillColor = '#A6A9FF'
37.0990 	EXP 	other_box: fillColor = '#FFFCA6'
37.1156 	EXP 	self_box: fillColor = '#A6A9FF'
37.1156 	EXP 	other_box: fillColor = '#FFFCA6'
37.1324 	EXP 	self_box: fillColor = '#A6A9FF'
37.1324 	EXP 	other_box: fillColor = '#FFFCA6'
37.1490 	EXP 	self_box: fillColor = '#A6A9FF'
37.1490 	EXP 	other_box: fillColor = '#FFFCA6'
37.1657 	EXP 	self_box: fillColor = '#A6A9FF'
37.1657 	EXP 	other_box: fillColor = '#FFFCA6'
37.1823 	EXP 	self_box: fillColor = '#A6A9FF'
37.1823 	EXP 	other_box: fillColor = '#FFFCA6'
37.1990 	EXP 	self_box: fillColor = '#A6A9FF'
37.1990 	EXP 	other_box: fillColor = '#FFFCA6'
37.2157 	EXP 	self_box: fillColor = '#A6A9FF'
37.2157 	EXP 	other_box: fillColor = '#FFFCA6'
37.2325 	EXP 	self_box: fillColor = '#A6A9FF'
37.2325 	EXP 	other_box: fillColor = '#FFFCA6'
37.2493 	EXP 	self_box: fillColor = '#A6A9FF'
37.2493 	EXP 	other_box: fillColor = '#FFFCA6'
37.2658 	EXP 	self_box: fillColor = '#A6A9FF'
37.2658 	EXP 	other_box: fillColor = '#FFFCA6'
37.2826 	EXP 	self_box: fillColor = '#A6A9FF'
37.2826 	EXP 	other_box: fillColor = '#FFFCA6'
37.2993 	EXP 	self_box: fillColor = '#A6A9FF'
37.2993 	EXP 	other_box: fillColor = '#FFFCA6'
37.3160 	EXP 	self_box: fillColor = '#A6A9FF'
37.3160 	EXP 	other_box: fillColor = '#FFFCA6'
37.3327 	EXP 	self_box: fillColor = '#A6A9FF'
37.3327 	EXP 	other_box: fillColor = '#FFFCA6'
37.3493 	EXP 	self_box: fillColor = '#A6A9FF'
37.3493 	EXP 	other_box: fillColor = '#FFFCA6'
37.3661 	EXP 	self_box: fillColor = '#A6A9FF'
37.3661 	EXP 	other_box: fillColor = '#FFFCA6'
37.3827 	EXP 	self_box: fillColor = '#A6A9FF'
37.3827 	EXP 	other_box: fillColor = '#FFFCA6'
37.3995 	EXP 	self_box: fillColor = '#A6A9FF'
37.3995 	EXP 	other_box: fillColor = '#FFFCA6'
37.4162 	EXP 	self_box: fillColor = '#A6A9FF'
37.4162 	EXP 	other_box: fillColor = '#FFFCA6'
37.4328 	EXP 	self_box: fillColor = '#A6A9FF'
37.4328 	EXP 	other_box: fillColor = '#FAF33E'
37.4496 	EXP 	self_box: fillColor = '#A6A9FF'
37.4496 	EXP 	other_box: fillColor = '#FAF33E'
37.4663 	EXP 	self_box: fillColor = '#A6A9FF'
37.4663 	EXP 	other_box: fillColor = '#FAF33E'
37.4830 	EXP 	self_box: fillColor = '#A6A9FF'
37.4830 	EXP 	other_box: fillColor = '#FFFCA6'
37.4995 	EXP 	self_box: fillColor = '#A6A9FF'
37.4995 	EXP 	other_box: fillColor = '#FFFCA6'
37.5163 	EXP 	self_box: fillColor = '#A6A9FF'
37.5163 	EXP 	other_box: fillColor = '#FFFCA6'
37.5329 	EXP 	self_box: fillColor = '#A6A9FF'
37.5329 	EXP 	other_box: fillColor = '#FFFCA6'
37.5498 	EXP 	self_box: fillColor = '#A6A9FF'
37.5498 	EXP 	other_box: fillColor = '#FFFCA6'
37.5503 	DATA 	Mouse: Left button down, pos=(892,308)
37.5663 	EXP 	self_box: fillColor = '#A6A9FF'
37.5663 	EXP 	other_box: fillColor = '#FFFCA6'
37.5830 	EXP 	self_box: fillColor = '#A6A9FF'
37.5830 	EXP 	other_box: fillColor = '#FFFCA6'
37.5997 	EXP 	self_box: fillColor = '#A6A9FF'
37.5997 	EXP 	other_box: fillColor = '#FFFCA6'
37.6164 	EXP 	self_box: fillColor = '#A6A9FF'
37.6164 	EXP 	other_box: fillColor = '#FFFCA6'
37.6331 	EXP 	self_box: fillColor = '#A6A9FF'
37.6331 	EXP 	other_box: fillColor = '#FFFCA6'
37.6338 	DATA 	Mouse: Left button up, pos=(892,308)
37.6497 	EXP 	self_box: fillColor = '#A6A9FF'
37.6497 	EXP 	other_box: fillColor = '#FFFCA6'
37.6665 	EXP 	self_box: fillColor = '#A6A9FF'
37.6665 	EXP 	other_box: fillColor = '#FFFCA6'
37.6831 	EXP 	self_box: fillColor = '#A6A9FF'
37.6831 	EXP 	other_box: fillColor = '#FFFCA6'
37.6999 	EXP 	self_box: fillColor = '#A6A9FF'
37.6999 	EXP 	other_box: fillColor = '#FFFCA6'
37.7166 	EXP 	self_box: fillColor = '#A6A9FF'
37.7166 	EXP 	other_box: fillColor = '#FFFCA6'
37.7332 	EXP 	self_box: fillColor = '#A6A9FF'
37.7332 	EXP 	other_box: fillColor = '#FFFCA6'
37.7500 	EXP 	self_box: fillColor = '#A6A9FF'
37.7500 	EXP 	other_box: fillColor = '#FFFCA6'
37.7667 	EXP 	self_box: fillColor = '#A6A9FF'
37.7667 	EXP 	other_box: fillColor = '#FAF33E'
37.7833 	EXP 	self_box: fillColor = '#A6A9FF'
37.7833 	EXP 	other_box: fillColor = '#FFFCA6'
37.8000 	EXP 	self_box: fillColor = '#A6A9FF'
37.8000 	EXP 	other_box: fillColor = '#FFFCA6'
37.8167 	EXP 	self_box: fillColor = '#A6A9FF'
37.8167 	EXP 	other_box: fillColor = '#FFFCA6'
37.8334 	EXP 	self_box: fillColor = '#A6A9FF'
37.8334 	EXP 	other_box: fillColor = '#FFFCA6'
37.8501 	EXP 	self_box: fillColor = '#A6A9FF'
37.8501 	EXP 	other_box: fillColor = '#FFFCA6'
37.8668 	EXP 	self_box: fillColor = '#A6A9FF'
37.8668 	EXP 	other_box: fillColor = '#FFFCA6'
37.8835 	EXP 	self_box: fillColor = '#A6A9FF'
37.8835 	EXP 	other_box: fillColor = '#FFFCA6'
37.9001 	EXP 	self_box: fillColor = '#A6A9FF'
37.9001 	EXP 	other_box: fillColor = '#FFFCA6'
37.9168 	EXP 	self_box: fillColor = '#A6A9FF'
37.9168 	EXP 	other_box: fillColor = '#FFFCA6'
37.9336 	EXP 	self_box: fillColor = '#A6A9FF'
37.9336 	EXP 	other_box: fillColor = '#FFFCA6'
37.9502 	EXP 	self_box: fillColor = '#A6A9FF'
37.9502 	EXP 	other_box: fillColor = '#FFFCA6'
37.9670 	EXP 	self_box: fillColor = '#A6A9FF'
37.9670 	EXP 	other_box: fillColor = '#FFFCA6'
37.9837 	EXP 	self_box: fillColor = '#A6A9FF'
37.9837 	EXP 	other_box: fillColor = '#FAF33E'
38.0005 	EXP 	self_box: fillColor = '#A6A9FF'
38.0005 	EXP 	other_box: fillColor = '#FAF33E'
38.0171 	EXP 	self_box: fillColor = '#A6A9FF'
38.0171 	EXP 	other_box: fillColor = '#FAF33E'
38.0337 	EXP 	self_box: fillColor = '#A6A9FF'
38.0337 	EXP 	other_box: fillColor = '#FAF33E'
38.0505 	EXP 	self_box: fillColor = '#A6A9FF'
38.0505 	EXP 	other_box: fillColor = '#FAF33E'
38.0671 	EXP 	self_box: fillColor = '#A6A9FF'
38.0671 	EXP 	other_box: fillColor = '#FAF33E'
38.0838 	EXP 	self_box: fillColor = '#A6A9FF'
38.0838 	EXP 	other_box: fillColor = '#FAF33E'
38.1005 	EXP 	self_box: fillColor = '#A6A9FF'
38.1005 	EXP 	other_box: fillColor = '#FAF33E'
38.1173 	EXP 	self_box: fillColor = '#A6A9FF'
38.1173 	EXP 	other_box: fillColor = '#FAF33E'
38.1339 	EXP 	self_box: fillColor = '#A6A9FF'
38.1339 	EXP 	other_box: fillColor = '#FAF33E'
38.1506 	EXP 	self_box: fillColor = '#A6A9FF'
38.1506 	EXP 	other_box: fillColor = '#FAF33E'
38.1511 	DATA 	Mouse: Left button down, pos=(936,315)
38.1525 	EXP 	New trial (rep=0, index=6): {'word': u'word7.1', 'amount': u'-1.5', 'list': u'list7', 'trialtype': u'pitch', 'trialtype_extended': u'pitch_lower_small'}
38.1673 	EXP 	self_box: fillColor = '#A6A9FF'
38.1673 	EXP 	other_box: fillColor = '#FAF33E'
38.1673 	EXP 	question: autoDraw = False
38.1673 	EXP 	self_box: autoDraw = False
38.1673 	EXP 	self_label: autoDraw = False
38.1673 	EXP 	other_box: autoDraw = False
38.1673 	EXP 	other_label: autoDraw = False
38.1673 	EXP 	text: text = u'word7.1'
38.2516 	DATA 	Mouse: Left button up, pos=(936,315)
39.1857 	EXP 	text: autoDraw = True
41.4229 	EXP 	text: autoDraw = False
41.4229 	EXP 	question: autoDraw = True
41.4229 	EXP 	self_box: autoDraw = True
41.4229 	EXP 	self_label: autoDraw = True
41.4229 	EXP 	other_box: autoDraw = True
41.4229 	EXP 	other_label: autoDraw = True
41.4229 	EXP 	self_box: fillColor = '#A6A9FF'
41.4229 	EXP 	other_box: fillColor = '#FFFCA6'
41.4392 	EXP 	self_box: fillColor = '#A6A9FF'
41.4392 	EXP 	other_box: fillColor = '#FFFCA6'
41.4559 	EXP 	self_box: fillColor = '#A6A9FF'
41.4559 	EXP 	other_box: fillColor = '#FFFCA6'
41.4726 	EXP 	self_box: fillColor = '#A6A9FF'
41.4726 	EXP 	other_box: fillColor = '#FFFCA6'
41.4892 	EXP 	self_box: fillColor = '#A6A9FF'
41.4892 	EXP 	other_box: fillColor = '#FFFCA6'
41.5060 	EXP 	self_box: fillColor = '#A6A9FF'
41.5060 	EXP 	other_box: fillColor = '#FFFCA6'
41.5227 	EXP 	self_box: fillColor = '#A6A9FF'
41.5227 	EXP 	other_box: fillColor = '#FFFCA6'
41.5394 	EXP 	self_box: fillColor = '#A6A9FF'
41.5394 	EXP 	other_box: fillColor = '#FFFCA6'
41.5562 	EXP 	self_box: fillColor = '#A6A9FF'
41.5562 	EXP 	other_box: fillColor = '#FFFCA6'
41.5727 	EXP 	self_box: fillColor = '#A6A9FF'
41.5727 	EXP 	other_box: fillColor = '#FFFCA6'
41.5895 	EXP 	self_box: fillColor = '#A6A9FF'
41.5895 	EXP 	other_box: fillColor = '#FFFCA6'
41.6063 	EXP 	self_box: fillColor = '#A6A9FF'
41.6063 	EXP 	other_box: fillColor = '#FFFCA6'
41.6229 	EXP 	self_box: fillColor = '#A6A9FF'
41.6229 	EXP 	other_box: fillColor = '#FFFCA6'
41.6397 	EXP 	self_box: fillColor = '#A6A9FF'
41.6397 	EXP 	other_box: fillColor = '#FFFCA6'
41.6562 	EXP 	self_box: fillColor = '#A6A9FF'
41.6562 	EXP 	other_box: fillColor = '#FFFCA6'
41.6730 	EXP 	self_box: fillColor = '#A6A9FF'
41.6730 	EXP 	other_box: fillColor = '#FFFCA6'
41.6896 	EXP 	self_box: fillColor = '#A6A9FF'
41.6896 	EXP 	other_box: fillColor = '#FFFCA6'
41.7063 	EXP 	self_box: fillColor = '#A6A9FF'
41.7063 	EXP 	other_box: fillColor = '#FFFCA6'
41.7229 	EXP 	self_box: fillColor = '#A6A9FF'
41.7229 	EXP 	other_box: fillColor = '#FFFCA6'
41.7397 	EXP 	self_box: fillColor = '#A6A9FF'
41.7397 	EXP 	other_box: fillColor = '#FFFCA6'
41.7563 	EXP 	self_box: fillColor = '#A6A9FF'
41.7563 	EXP 	other_box: fillColor = '#FFFCA6'
41.7730 	EXP 	self_box: fillColor = '#A6A9FF'
41.7730 	EXP 	other_box: fillColor = '#FFFCA6'
41.7897 	EXP 	self_box: fillColor = '#A6A9FF'
41.7897 	EXP 	other_box: fillColor = '#FFFCA6'
41.8063 	EXP 	self_box: fillColor = '#A6A9FF'
41.8063 	EXP 	other_box: fillColor = '#FFFCA6'
41.8231 	EXP 	self_box: fillColor = '#A6A9FF'
41.8231 	EXP 	other_box: fillColor = '#FFFCA6'
41.8398 	EXP 	self_box: fillColor = '#A6A9FF'
41.8398 	EXP 	other_box: fillColor = '#FFFCA6'
41.8565 	EXP 	self_box: fillColor = '#A6A9FF'
41.8565 	EXP 	other_box: fillColor = '#FFFCA6'
41.8732 	EXP 	self_box: fillColor = '#A6A9FF'
41.8732 	EXP 	other_box: fillColor = '#FFFCA6'
41.8899 	EXP 	self_box: fillColor = '#A6A9FF'
41.8899 	EXP 	other_box: fillColor = '#FFFCA6'
41.9067 	EXP 	self_box: fillColor = '#A6A9FF'
41.9067 	EXP 	other_box: fillColor = '#FFFCA6'
41.9233 	EXP 	self_box: fillColor = '#A6A9FF'
41.9233 	EXP 	other_box: fillColor = '#FFFCA6'
41.9399 	EXP 	self_box: fillColor = '#A6A9FF'
41.9399 	EXP 	other_box: fillColor = '#FFFCA6'
41.9566 	EXP 	self_box: fillColor = '#A6A9FF'
41.9566 	EXP 	other_box: fillColor = '#FFFCA6'
41.9734 	EXP 	self_box: fillColor = '#A6A9FF'
41.9734 	EXP 	other_box: fillColor = '#FFFCA6'
41.9901 	EXP 	self_box: fillColor = '#A6A9FF'
41.9901 	EXP 	other_box: fillColor = '#FFFCA6'
42.0068 	EXP 	self_box: fillColor = '#A6A9FF'
42.0068 	EXP 	other_box: fillColor = '#FFFCA6'
42.0235 	EXP 	self_box: fillColor = '#A6A9FF'
42.0235 	EXP 	other_box: fillColor = '#FFFCA6'
42.0402 	EXP 	self_box: fillColor = '#3E45FA'
42.0402 	EXP 	other_box: fillColor = '#FFFCA6'
42.0568 	EXP 	self_box: fillColor = '#3E45FA'
42.0568 	EXP 	other_box: fillColor = '#FFFCA6'
42.0735 	EXP 	self_box: fillColor = '#3E45FA'
42.0735 	EXP 	other_box: fillColor = '#FFFCA6'
42.0903 	EXP 	self_box: fillColor = '#3E45FA'
42.0903 	EXP 	other_box: fillColor = '#FFFCA6'
42.1068 	EXP 	self_box: fillColor = '#3E45FA'
42.1068 	EXP 	other_box: fillColor = '#FFFCA6'
42.1236 	EXP 	self_box: fillColor = '#3E45FA'
42.1236 	EXP 	other_box: fillColor = '#FFFCA6'
42.1404 	EXP 	self_box: fillColor = '#3E45FA'
42.1404 	EXP 	other_box: fillColor = '#FFFCA6'
42.1570 	EXP 	self_box: fillColor = '#3E45FA'
42.1570 	EXP 	other_box: fillColor = '#FFFCA6'
42.1737 	EXP 	self_box: fillColor = '#3E45FA'
42.1737 	EXP 	other_box: fillColor = '#FFFCA6'
42.1904 	EXP 	self_box: fillColor = '#3E45FA'
42.1904 	EXP 	other_box: fillColor = '#FFFCA6'
42.2071 	EXP 	self_box: fillColor = '#3E45FA'
42.2071 	EXP 	other_box: fillColor = '#FFFCA6'
42.2237 	EXP 	self_box: fillColor = '#3E45FA'
42.2237 	EXP 	other_box: fillColor = '#FFFCA6'
42.2287 	DATA 	Mouse: Left button down, pos=(461,176)
42.2403 	EXP 	self_box: fillColor = '#3E45FA'
42.2403 	EXP 	other_box: fillColor = '#FFFCA6'
42.2417 	EXP 	New trial (rep=0, index=7): {'word': u'word2.1', 'amount': u'unmodified', 'list': u'list2', 'trialtype': u'unmodified', 'trialtype_extended': u'unmodified'}
42.2571 	EXP 	self_box: fillColor = '#3E45FA'
42.2571 	EXP 	other_box: fillColor = '#FFFCA6'
42.2571 	EXP 	question: autoDraw = False
42.2571 	EXP 	self_box: autoDraw = False
42.2571 	EXP 	self_label: autoDraw = False
42.2571 	EXP 	other_box: autoDraw = False
42.2571 	EXP 	other_label: autoDraw = False
42.2571 	EXP 	text: text = u'word2.1'
42.3579 	DATA 	Mouse: Left button up, pos=(461,176)
43.2586 	EXP 	text: autoDraw = True
45.5291 	EXP 	text: autoDraw = False
45.5291 	EXP 	question: autoDraw = True
45.5291 	EXP 	self_box: autoDraw = True
45.5291 	EXP 	self_label: autoDraw = True
45.5291 	EXP 	other_box: autoDraw = True
45.5291 	EXP 	other_label: autoDraw = True
45.5291 	EXP 	self_box: fillColor = '#A6A9FF'
45.5291 	EXP 	other_box: fillColor = '#FFFCA6'
45.5457 	EXP 	self_box: fillColor = '#A6A9FF'
45.5457 	EXP 	other_box: fillColor = '#FFFCA6'
45.5624 	EXP 	self_box: fillColor = '#A6A9FF'
45.5624 	EXP 	other_box: fillColor = '#FFFCA6'
45.5790 	EXP 	self_box: fillColor = '#A6A9FF'
45.5790 	EXP 	other_box: fillColor = '#FFFCA6'
45.5958 	EXP 	self_box: fillColor = '#A6A9FF'
45.5958 	EXP 	other_box: fillColor = '#FFFCA6'
45.6125 	EXP 	self_box: fillColor = '#A6A9FF'
45.6125 	EXP 	other_box: fillColor = '#FFFCA6'
45.6293 	EXP 	self_box: fillColor = '#A6A9FF'
45.6293 	EXP 	other_box: fillColor = '#FFFCA6'
45.6460 	EXP 	self_box: fillColor = '#A6A9FF'
45.6460 	EXP 	other_box: fillColor = '#FFFCA6'
45.6627 	EXP 	self_box: fillColor = '#A6A9FF'
45.6627 	EXP 	other_box: fillColor = '#FFFCA6'
45.6793 	EXP 	self_box: fillColor = '#A6A9FF'
45.6793 	EXP 	other_box: fillColor = '#FFFCA6'
45.6960 	EXP 	self_box: fillColor = '#A6A9FF'
45.6960 	EXP 	other_box: fillColor = '#FFFCA6'
45.7127 	EXP 	self_box: fillColor = '#A6A9FF'
45.7127 	EXP 	other_box: fillColor = '#FFFCA6'
45.7294 	EXP 	self_box: fillColor = '#A6A9FF'
45.7294 	EXP 	other_box: fillColor = '#FFFCA6'
45.7461 	EXP 	self_box: fillColor = '#A6A9FF'
45.7461 	EXP 	other_box: fillColor = '#FFFCA6'
45.7628 	EXP 	self_box: fillColor = '#A6A9FF'
45.7628 	EXP 	other_box: fillColor = '#FFFCA6'
45.7793 	EXP 	self_box: fillColor = '#A6A9FF'
45.7793 	EXP 	other_box: fillColor = '#FFFCA6'
45.7961 	EXP 	self_box: fillColor = '#A6A9FF'
45.7961 	EXP 	other_box: fillColor = '#FFFCA6'
45.8127 	EXP 	self_box: fillColor = '#A6A9FF'
45.8127 	EXP 	other_box: fillColor = '#FFFCA6'
45.8296 	EXP 	self_box: fillColor = '#A6A9FF'
45.8296 	EXP 	other_box: fillColor = '#FAF33E'
45.8462 	EXP 	self_box: fillColor = '#A6A9FF'
45.8462 	EXP 	other_box: fillColor = '#FAF33E'
45.8629 	EXP 	self_box: fillColor = '#A6A9FF'
45.8629 	EXP 	other_box: fillColor = '#FAF33E'
45.8795 	EXP 	self_box: fillColor = '#A6A9FF'
45.8795 	EXP 	other_box: fillColor = '#FAF33E'
45.8963 	EXP 	self_box: fillColor = '#A6A9FF'
45.8963 	EXP 	other_box: fillColor = '#FAF33E'
45.9130 	EXP 	self_box: fillColor = '#A6A9FF'
45.9130 	EXP 	other_box: fillColor = '#FAF33E'
45.9297 	EXP 	self_box: fillColor = '#A6A9FF'
45.9297 	EXP 	other_box: fillColor = '#FAF33E'
45.9464 	EXP 	self_box: fillColor = '#A6A9FF'
45.9464 	EXP 	other_box: fillColor = '#FAF33E'
45.9504 	DATA 	Mouse: Left button down, pos=(1044,312)
45.9629 	EXP 	self_box: fillColor = '#A6A9FF'
45.9629 	EXP 	other_box: fillColor = '#FAF33E'
45.9644 	EXP 	New trial (rep=0, index=8): {'word': u'word5.1', 'amount': u'0.7', 'list': u'list5', 'trialtype': u'speed', 'trialtype_extended': u'slow_large'}
45.9796 	EXP 	self_box: fillColor = '#A6A9FF'
45.9796 	EXP 	other_box: fillColor = '#FAF33E'
45.9796 	EXP 	question: autoDraw = False
45.9796 	EXP 	self_box: autoDraw = False
45.9796 	EXP 	self_label: autoDraw = False
45.9796 	EXP 	other_box: autoDraw = False
45.9796 	EXP 	other_label: autoDraw = False
45.9796 	EXP 	text: text = u'word5.1'
46.0303 	DATA 	Mouse: Left button up, pos=(1044,312)
46.9813 	EXP 	text: autoDraw = True
49.8358 	EXP 	text: autoDraw = False
49.8358 	EXP 	question: autoDraw = True
49.8358 	EXP 	self_box: autoDraw = True
49.8358 	EXP 	self_label: autoDraw = True
49.8358 	EXP 	other_box: autoDraw = True
49.8358 	EXP 	other_label: autoDraw = True
49.8358 	EXP 	self_box: fillColor = '#A6A9FF'
49.8358 	EXP 	other_box: fillColor = '#FFFCA6'
49.8526 	EXP 	self_box: fillColor = '#A6A9FF'
49.8526 	EXP 	other_box: fillColor = '#FFFCA6'
49.8693 	EXP 	self_box: fillColor = '#A6A9FF'
49.8693 	EXP 	other_box: fillColor = '#FFFCA6'
49.8858 	EXP 	self_box: fillColor = '#A6A9FF'
49.8858 	EXP 	other_box: fillColor = '#FFFCA6'
49.9026 	EXP 	self_box: fillColor = '#A6A9FF'
49.9026 	EXP 	other_box: fillColor = '#FFFCA6'
49.9194 	EXP 	self_box: fillColor = '#A6A9FF'
49.9194 	EXP 	other_box: fillColor = '#FFFCA6'
49.9360 	EXP 	self_box: fillColor = '#A6A9FF'
49.9360 	EXP 	other_box: fillColor = '#FFFCA6'
49.9527 	EXP 	self_box: fillColor = '#A6A9FF'
49.9527 	EXP 	other_box: fillColor = '#FFFCA6'
49.9695 	EXP 	self_box: fillColor = '#A6A9FF'
49.9695 	EXP 	other_box: fillColor = '#FFFCA6'
49.9862 	EXP 	self_box: fillColor = '#A6A9FF'
49.9862 	EXP 	other_box: fillColor = '#FFFCA6'
50.0028 	EXP 	self_box: fillColor = '#A6A9FF'
50.0028 	EXP 	other_box: fillColor = '#FFFCA6'
50.0195 	EXP 	self_box: fillColor = '#A6A9FF'
50.0195 	EXP 	other_box: fillColor = '#FFFCA6'
50.0362 	EXP 	self_box: fillColor = '#A6A9FF'
50.0362 	EXP 	other_box: fillColor = '#FFFCA6'
50.0528 	EXP 	self_box: fillColor = '#A6A9FF'
50.0528 	EXP 	other_box: fillColor = '#FFFCA6'
50.0696 	EXP 	self_box: fillColor = '#A6A9FF'
50.0696 	EXP 	other_box: fillColor = '#FFFCA6'
50.0862 	EXP 	self_box: fillColor = '#A6A9FF'
50.0862 	EXP 	other_box: fillColor = '#FFFCA6'
50.1031 	EXP 	self_box: fillColor = '#A6A9FF'
50.1031 	EXP 	other_box: fillColor = '#FFFCA6'
50.1197 	EXP 	self_box: fillColor = '#A6A9FF'
50.1197 	EXP 	other_box: fillColor = '#FFFCA6'
50.1364 	EXP 	self_box: fillColor = '#A6A9FF'
50.1364 	EXP 	other_box: fillColor = '#FFFCA6'
50.1529 	EXP 	self_box: fillColor = '#A6A9FF'
50.1529 	EXP 	other_box: fillColor = '#FFFCA6'
50.1698 	EXP 	self_box: fillColor = '#A6A9FF'
50.1698 	EXP 	other_box: fillColor = '#FFFCA6'
50.1867 	EXP 	self_box: fillColor = '#A6A9FF'
50.1867 	EXP 	other_box: fillColor = '#FFFCA6'
50.2031 	EXP 	self_box: fillColor = '#A6A9FF'
50.2031 	EXP 	other_box: fillColor = '#FFFCA6'
50.2199 	EXP 	self_box: fillColor = '#3E45FA'
50.2199 	EXP 	other_box: fillColor = '#FFFCA6'
50.2366 	EXP 	self_box: fillColor = '#3E45FA'
50.2366 	EXP 	other_box: fillColor = '#FFFCA6'
50.2532 	EXP 	self_box: fillColor = '#3E45FA'
50.2532 	EXP 	other_box: fillColor = '#FFFCA6'
50.2699 	EXP 	self_box: fillColor = '#3E45FA'
50.2699 	EXP 	other_box: fillColor = '#FFFCA6'
50.2866 	EXP 	self_box: fillColor = '#3E45FA'
50.2866 	EXP 	other_box: fillColor = '#FFFCA6'
50.3032 	EXP 	self_box: fillColor = '#3E45FA'
50.3032 	EXP 	other_box: fillColor = '#FFFCA6'
50.3200 	EXP 	self_box: fillColor = '#3E45FA'
50.3200 	EXP 	other_box: fillColor = '#FFFCA6'
50.3368 	EXP 	self_box: fillColor = '#3E45FA'
50.3368 	EXP 	other_box: fillColor = '#FFFCA6'
50.3534 	EXP 	self_box: fillColor = '#3E45FA'
50.3534 	EXP 	other_box: fillColor = '#FFFCA6'
50.3701 	EXP 	self_box: fillColor = '#3E45FA'
50.3701 	EXP 	other_box: fillColor = '#FFFCA6'
50.3867 	EXP 	self_box: fillColor = '#3E45FA'
50.3867 	EXP 	other_box: fillColor = '#FFFCA6'
50.4034 	EXP 	self_box: fillColor = '#3E45FA'
50.4034 	EXP 	other_box: fillColor = '#FFFCA6'
50.4040 	DATA 	Mouse: Left button down, pos=(475,280)
50.4201 	EXP 	self_box: fillColor = '#3E45FA'
50.4201 	EXP 	other_box: fillColor = '#FFFCA6'
50.4201 	EXP 	question: autoDraw = False
50.4201 	EXP 	self_box: autoDraw = False
50.4201 	EXP 	self_label: autoDraw = False
50.4201 	EXP 	other_box: autoDraw = False
50.4201 	EXP 	other_label: autoDraw = False
50.4201 	EXP 	text_3: autoDraw = True
50.4874 	DATA 	Mouse: Left button up, pos=(475,280)
55.4950 	EXP 	text_3: autoDraw = False
55.4950 	EXP 	text_3: autoDraw = False
55.4950 	EXP 	results_text: text = 'unmodified: 50.00% self, 50.00% other\n\rslow_small: 0.00% self, 100.00% other\n\rslow_medium: 100.00% self, 0.00% other\n\rslow_large: 100.00% self, 0.00% other\n\rpitch_higher_small: 0.00% self, 100.00% other\n\rpitch_higher_large: 100.00% self, 0.00% other\n\rpitch_lower_small: 100.00% self, 0.00% other\n\rpitch_lower_large: 0.00% self, 100.00% other\n\r'
55.4950 	EXP 	results_text: autoDraw = True
65.0939 	DATA 	Keypress: escape
