0.2821 	WARNING 	Movie2 stim could not be imported and won't be available
5.1727 	EXP 	Created window1 = Window(allowGUI=False, allowStencil=False, autoLog=True, bitsMode=UNKNOWN, blendMode='avg', color=array([-1., -1., -1.]), colorSpace='rgb', fullscr=UNKNOWN, gamma=None, lms=UNKNOWN, monitor=<psychopy.monitors.calibTools.Monitor instance at 0xd1b59b8>, name='window1', pos=[0, 0], screen=0, size=array([1440,  900]), stereo=False, units=u'norm', useFBO=True, viewOri=0.0, viewPos=None, viewScale=None, waitBlanking=True, winType='pyglet')
5.1728 	EXP 	window1: recordFrameIntervals = False
5.3384 	EXP 	window1: recordFrameIntervals = True
5.5226 	EXP 	window1: recordFrameIntervals = False
5.6156 	EXP 	Created text_4 = TextStim(alignHoriz='center', alignVert='center', antialias=True, autoLog=True, bold=False, color='white', colorSpace='named', contrast=1.0, depth=0.0, flipHoriz=False, flipVert=False, font='Arial', fontFiles=[], height=0.1, italic=False, name='text_4', opacity=1.0, ori=0, pos=array([ 0.,  0.]), rgb=array([ 255.,  255.,  255.]), text=u'Instructions will go here.', units=u'norm', win=Window(...), wrapWidth=1)
6.6507 	EXP 	Created text = TextStim(alignHoriz='center', alignVert='center', antialias=True, autoLog=True, bold=False, color='white', colorSpace='named', contrast=1.0, depth=-1.0, flipHoriz=False, flipVert=False, font='Arial', fontFiles=[], height=0.1, italic=False, name='text', opacity=1.0, ori=0, pos=array([ 0.,  0.]), rgb=array([ 255.,  255.,  255.]), text=u'default text', units=u'norm', win=Window(...), wrapWidth=1)
6.6623 	EXP 	Created question = TextStim(alignHoriz='center', alignVert='center', antialias=True, autoLog=True, bold=False, color='white', colorSpace='named', contrast=1.0, depth=0.0, flipHoriz=False, flipVert=False, font='Arial', fontFiles=[], height=0.1, italic=False, name='question', opacity=1.0, ori=0, pos=array([ 0. ,  0.5]), rgb=array([ 255.,  255.,  255.]), text=u'Whose voice did you hear?', units=u'norm', win=Window(...), wrapWidth=2)
6.6628 	EXP 	<method-wrapper '__getattribute__' of attributeSetter object at 0x5f6130>: vertices = array([[-0.25,  0.25],
       [ 0.25,  0.25],
       [ 0.25, -0.25],
       [-0.25, -0.25]])
6.6649 	EXP 	Created self_box = Rect(autoDraw=False, autoLog=True, closeShape=True, contrast=1.0, depth=0, fillColor='#A6A9FF', fillColorSpace='hex', fillRGB=array([166, 169, 255]), interpolate=True, lineColor='#3E45FA', lineColorSpace='hex', lineRGB=array([ 62,  69, 250]), lineWidth=5, name='self_box', opacity=1.0, ori=array(0.0), pos=array([-0.5, -0.5]), size=array([ 1.,  1.]), units=u'norm', vertices=ndarray(...), win=Window(...))
6.6696 	EXP 	Created self_label = TextStim(alignHoriz='center', alignVert='center', antialias=True, autoLog=True, bold=False, color='black', colorSpace='named', contrast=1.0, depth=-2.0, flipHoriz=False, flipVert=False, font='Arial', fontFiles=[], height=0.1, italic=False, name='self_label', opacity=1.0, ori=0, pos=array([-0.5, -0.5]), rgb=array([ 0.,  0.,  0.]), text=u'Mine', units=u'norm', win=Window(...), wrapWidth=1)
6.6701 	EXP 	<method-wrapper '__getattribute__' of attributeSetter object at 0x5f6130>: vertices = array([[-0.25,  0.25],
       [ 0.25,  0.25],
       [ 0.25, -0.25],
       [-0.25, -0.25]])
6.6736 	EXP 	Created other_box = Rect(autoDraw=False, autoLog=True, closeShape=True, contrast=1.0, depth=0, fillColor='#FFFCA6', fillColorSpace='hex', fillRGB=array([255, 252, 166]), interpolate=True, lineColor='#FAF33E', lineColorSpace='hex', lineRGB=array([250, 243,  62]), lineWidth=5, name='other_box', opacity=1.0, ori=array(0.0), pos=array([ 0.5, -0.5]), size=array([ 1.,  1.]), units=u'norm', vertices=ndarray(...), win=Window(...))
6.6835 	EXP 	Created other_label = TextStim(alignHoriz='center', alignVert='center', antialias=True, autoLog=True, bold=False, color='black', colorSpace='named', contrast=1.0, depth=-4.0, flipHoriz=False, flipVert=False, font='Arial', fontFiles=[], height=0.1, italic=False, name='other_label', opacity=1.0, ori=0, pos=array([ 0.5, -0.5]), rgb=array([ 0.,  0.,  0.]), text=u'Other', units=u'norm', win=Window(...), wrapWidth=1)
6.6961 	EXP 	Created text_3 = TextStim(alignHoriz='center', alignVert='center', antialias=True, autoLog=True, bold=False, color='white', colorSpace='named', contrast=1.0, depth=0.0, flipHoriz=False, flipVert=False, font='Arial', fontFiles=[], height=0.1, italic=False, name='text_3', opacity=1.0, ori=0, pos=array([ 0.,  0.]), rgb=array([ 255.,  255.,  255.]), text=u'Thank you for participating!', units=u'norm', win=Window(...), wrapWidth=1)
6.7073 	EXP 	text_4: autoDraw = True
11.7017 	EXP 	Imported /Volumes/Macintosh HD/Users/poppe076/Desktop/source_monitoring_task/data/ok_source_monitoring_2015_Feb_05_1319_wordlist.csv as conditions, 9 conditions, 5 params
11.7026 	EXP 	Created sequence: sequential, trialTypes=9, nReps=1, seed=None
11.7041 	EXP 	New trial (rep=0, index=0): {'word': u'word2.1', 'amount': u'unmodified', 'list': u'list2', 'trialtype': u'unmodified', 'trialtype_extended': u'unmodified'}
11.7320 	EXP 	text_4: autoDraw = False
11.7320 	EXP 	text: text = u'word2.1'
12.7337 	EXP 	text: autoDraw = True
14.9705 	EXP 	text: autoDraw = False
14.9705 	EXP 	question: autoDraw = True
14.9705 	EXP 	self_box: autoDraw = True
14.9705 	EXP 	self_label: autoDraw = True
14.9705 	EXP 	other_box: autoDraw = True
14.9705 	EXP 	other_label: autoDraw = True
14.9705 	EXP 	self_box: fillColor = '#A6A9FF'
14.9705 	EXP 	other_box: fillColor = '#FFFCA6'
14.9872 	EXP 	self_box: fillColor = '#A6A9FF'
14.9872 	EXP 	other_box: fillColor = '#FFFCA6'
15.0039 	EXP 	self_box: fillColor = '#A6A9FF'
15.0039 	EXP 	other_box: fillColor = '#FFFCA6'
15.0205 	EXP 	self_box: fillColor = '#A6A9FF'
15.0205 	EXP 	other_box: fillColor = '#FFFCA6'
15.0371 	EXP 	self_box: fillColor = '#A6A9FF'
15.0371 	EXP 	other_box: fillColor = '#FFFCA6'
15.0539 	EXP 	self_box: fillColor = '#A6A9FF'
15.0539 	EXP 	other_box: fillColor = '#FFFCA6'
15.0706 	EXP 	self_box: fillColor = '#A6A9FF'
15.0706 	EXP 	other_box: fillColor = '#FFFCA6'
15.0873 	EXP 	self_box: fillColor = '#A6A9FF'
15.0873 	EXP 	other_box: fillColor = '#FFFCA6'
15.1040 	EXP 	self_box: fillColor = '#A6A9FF'
15.1040 	EXP 	other_box: fillColor = '#FFFCA6'
15.1207 	EXP 	self_box: fillColor = '#A6A9FF'
15.1207 	EXP 	other_box: fillColor = '#FFFCA6'
15.1374 	EXP 	self_box: fillColor = '#A6A9FF'
15.1374 	EXP 	other_box: fillColor = '#FFFCA6'
15.1540 	EXP 	self_box: fillColor = '#A6A9FF'
15.1540 	EXP 	other_box: fillColor = '#FFFCA6'
15.1708 	EXP 	self_box: fillColor = '#A6A9FF'
15.1708 	EXP 	other_box: fillColor = '#FFFCA6'
15.1876 	EXP 	self_box: fillColor = '#A6A9FF'
15.1876 	EXP 	other_box: fillColor = '#FFFCA6'
15.2043 	EXP 	self_box: fillColor = '#A6A9FF'
15.2043 	EXP 	other_box: fillColor = '#FFFCA6'
15.2208 	EXP 	self_box: fillColor = '#A6A9FF'
15.2208 	EXP 	other_box: fillColor = '#FFFCA6'
15.2376 	EXP 	self_box: fillColor = '#A6A9FF'
15.2376 	EXP 	other_box: fillColor = '#FFFCA6'
15.2542 	EXP 	self_box: fillColor = '#A6A9FF'
15.2542 	EXP 	other_box: fillColor = '#FFFCA6'
15.2710 	EXP 	self_box: fillColor = '#A6A9FF'
15.2710 	EXP 	other_box: fillColor = '#FFFCA6'
15.2877 	EXP 	self_box: fillColor = '#A6A9FF'
15.2877 	EXP 	other_box: fillColor = '#FFFCA6'
15.3043 	EXP 	self_box: fillColor = '#A6A9FF'
15.3043 	EXP 	other_box: fillColor = '#FFFCA6'
15.3210 	EXP 	self_box: fillColor = '#A6A9FF'
15.3210 	EXP 	other_box: fillColor = '#FFFCA6'
15.3377 	EXP 	self_box: fillColor = '#A6A9FF'
15.3377 	EXP 	other_box: fillColor = '#FFFCA6'
15.3545 	EXP 	self_box: fillColor = '#A6A9FF'
15.3545 	EXP 	other_box: fillColor = '#FFFCA6'
15.3711 	EXP 	self_box: fillColor = '#A6A9FF'
15.3711 	EXP 	other_box: fillColor = '#FFFCA6'
15.3878 	EXP 	self_box: fillColor = '#A6A9FF'
15.3878 	EXP 	other_box: fillColor = '#FFFCA6'
15.4046 	EXP 	self_box: fillColor = '#A6A9FF'
15.4046 	EXP 	other_box: fillColor = '#FFFCA6'
15.4212 	EXP 	self_box: fillColor = '#A6A9FF'
15.4212 	EXP 	other_box: fillColor = '#FFFCA6'
15.4380 	EXP 	self_box: fillColor = '#A6A9FF'
15.4380 	EXP 	other_box: fillColor = '#FFFCA6'
15.4545 	EXP 	self_box: fillColor = '#A6A9FF'
15.4545 	EXP 	other_box: fillColor = '#FFFCA6'
15.4712 	EXP 	self_box: fillColor = '#A6A9FF'
15.4712 	EXP 	other_box: fillColor = '#FFFCA6'
15.4880 	EXP 	self_box: fillColor = '#A6A9FF'
15.4880 	EXP 	other_box: fillColor = '#FFFCA6'
15.5047 	EXP 	self_box: fillColor = '#A6A9FF'
15.5047 	EXP 	other_box: fillColor = '#FFFCA6'
15.5214 	EXP 	self_box: fillColor = '#A6A9FF'
15.5214 	EXP 	other_box: fillColor = '#FFFCA6'
15.5381 	EXP 	self_box: fillColor = '#A6A9FF'
15.5381 	EXP 	other_box: fillColor = '#FFFCA6'
15.5548 	EXP 	self_box: fillColor = '#A6A9FF'
15.5548 	EXP 	other_box: fillColor = '#FFFCA6'
15.5713 	EXP 	self_box: fillColor = '#A6A9FF'
15.5713 	EXP 	other_box: fillColor = '#FFFCA6'
15.5881 	EXP 	self_box: fillColor = '#A6A9FF'
15.5881 	EXP 	other_box: fillColor = '#FFFCA6'
15.6049 	EXP 	self_box: fillColor = '#A6A9FF'
15.6049 	EXP 	other_box: fillColor = '#FFFCA6'
15.6216 	EXP 	self_box: fillColor = '#A6A9FF'
15.6216 	EXP 	other_box: fillColor = '#FFFCA6'
15.6382 	EXP 	self_box: fillColor = '#A6A9FF'
15.6382 	EXP 	other_box: fillColor = '#FFFCA6'
15.6550 	EXP 	self_box: fillColor = '#A6A9FF'
15.6550 	EXP 	other_box: fillColor = '#FFFCA6'
15.6716 	EXP 	self_box: fillColor = '#A6A9FF'
15.6716 	EXP 	other_box: fillColor = '#FFFCA6'
15.6882 	EXP 	self_box: fillColor = '#A6A9FF'
15.6882 	EXP 	other_box: fillColor = '#FFFCA6'
15.7050 	EXP 	self_box: fillColor = '#A6A9FF'
15.7050 	EXP 	other_box: fillColor = '#FFFCA6'
15.7216 	EXP 	self_box: fillColor = '#A6A9FF'
15.7216 	EXP 	other_box: fillColor = '#FFFCA6'
15.7385 	EXP 	self_box: fillColor = '#A6A9FF'
15.7385 	EXP 	other_box: fillColor = '#FFFCA6'
15.7550 	EXP 	self_box: fillColor = '#A6A9FF'
15.7550 	EXP 	other_box: fillColor = '#FFFCA6'
15.7718 	EXP 	self_box: fillColor = '#A6A9FF'
15.7718 	EXP 	other_box: fillColor = '#FFFCA6'
15.7885 	EXP 	self_box: fillColor = '#A6A9FF'
15.7885 	EXP 	other_box: fillColor = '#FFFCA6'
15.8050 	EXP 	self_box: fillColor = '#A6A9FF'
15.8050 	EXP 	other_box: fillColor = '#FFFCA6'
15.8217 	EXP 	self_box: fillColor = '#3E45FA'
15.8217 	EXP 	other_box: fillColor = '#FFFCA6'
15.8385 	EXP 	self_box: fillColor = '#3E45FA'
15.8385 	EXP 	other_box: fillColor = '#FFFCA6'
15.8551 	EXP 	self_box: fillColor = '#3E45FA'
15.8551 	EXP 	other_box: fillColor = '#FFFCA6'
15.8719 	EXP 	self_box: fillColor = '#3E45FA'
15.8719 	EXP 	other_box: fillColor = '#FFFCA6'
15.8885 	EXP 	self_box: fillColor = '#3E45FA'
15.8885 	EXP 	other_box: fillColor = '#FFFCA6'
15.9053 	EXP 	self_box: fillColor = '#3E45FA'
15.9053 	EXP 	other_box: fillColor = '#FFFCA6'
15.9220 	EXP 	self_box: fillColor = '#3E45FA'
15.9220 	EXP 	other_box: fillColor = '#FFFCA6'
15.9385 	EXP 	self_box: fillColor = '#3E45FA'
15.9385 	EXP 	other_box: fillColor = '#FFFCA6'
15.9554 	EXP 	self_box: fillColor = '#3E45FA'
15.9554 	EXP 	other_box: fillColor = '#FFFCA6'
15.9720 	EXP 	self_box: fillColor = '#3E45FA'
15.9720 	EXP 	other_box: fillColor = '#FFFCA6'
15.9886 	EXP 	self_box: fillColor = '#3E45FA'
15.9886 	EXP 	other_box: fillColor = '#FFFCA6'
16.0053 	EXP 	self_box: fillColor = '#3E45FA'
16.0053 	EXP 	other_box: fillColor = '#FFFCA6'
16.0221 	EXP 	self_box: fillColor = '#3E45FA'
16.0221 	EXP 	other_box: fillColor = '#FFFCA6'
16.0389 	EXP 	self_box: fillColor = '#3E45FA'
16.0389 	EXP 	other_box: fillColor = '#FFFCA6'
16.0555 	EXP 	self_box: fillColor = '#3E45FA'
16.0555 	EXP 	other_box: fillColor = '#FFFCA6'
16.0722 	EXP 	self_box: fillColor = '#3E45FA'
16.0722 	EXP 	other_box: fillColor = '#FFFCA6'
16.0887 	EXP 	self_box: fillColor = '#3E45FA'
16.0887 	EXP 	other_box: fillColor = '#FFFCA6'
16.1055 	EXP 	self_box: fillColor = '#3E45FA'
16.1055 	EXP 	other_box: fillColor = '#FFFCA6'
16.1099 	DATA 	Mouse: Left button down, pos=(433,238)
16.1222 	EXP 	self_box: fillColor = '#3E45FA'
16.1222 	EXP 	other_box: fillColor = '#FFFCA6'
16.1237 	EXP 	New trial (rep=0, index=1): {'word': u'word7.1', 'amount': u'-1.5', 'list': u'list7', 'trialtype': u'pitch', 'trialtype_extended': u'pitch_lower_large'}
16.1388 	EXP 	self_box: fillColor = '#3E45FA'
16.1388 	EXP 	other_box: fillColor = '#FFFCA6'
16.1388 	EXP 	question: autoDraw = False
16.1388 	EXP 	self_box: autoDraw = False
16.1388 	EXP 	self_label: autoDraw = False
16.1388 	EXP 	other_box: autoDraw = False
16.1388 	EXP 	other_label: autoDraw = False
16.1388 	EXP 	text: text = u'word7.1'
16.1730 	DATA 	Mouse: Left button up, pos=(433,238)
17.1405 	EXP 	text: autoDraw = True
20.2122 	EXP 	text: autoDraw = False
20.2122 	EXP 	question: autoDraw = True
20.2122 	EXP 	self_box: autoDraw = True
20.2122 	EXP 	self_label: autoDraw = True
20.2122 	EXP 	other_box: autoDraw = True
20.2122 	EXP 	other_label: autoDraw = True
20.2122 	EXP 	self_box: fillColor = '#A6A9FF'
20.2122 	EXP 	other_box: fillColor = '#FFFCA6'
20.2289 	EXP 	self_box: fillColor = '#A6A9FF'
20.2289 	EXP 	other_box: fillColor = '#FFFCA6'
20.2456 	EXP 	self_box: fillColor = '#A6A9FF'
20.2456 	EXP 	other_box: fillColor = '#FFFCA6'
20.2622 	EXP 	self_box: fillColor = '#A6A9FF'
20.2622 	EXP 	other_box: fillColor = '#FFFCA6'
20.2790 	EXP 	self_box: fillColor = '#A6A9FF'
20.2790 	EXP 	other_box: fillColor = '#FFFCA6'
20.2955 	EXP 	self_box: fillColor = '#A6A9FF'
20.2955 	EXP 	other_box: fillColor = '#FFFCA6'
20.3123 	EXP 	self_box: fillColor = '#A6A9FF'
20.3123 	EXP 	other_box: fillColor = '#FFFCA6'
20.3290 	EXP 	self_box: fillColor = '#A6A9FF'
20.3290 	EXP 	other_box: fillColor = '#FFFCA6'
20.3457 	EXP 	self_box: fillColor = '#A6A9FF'
20.3457 	EXP 	other_box: fillColor = '#FFFCA6'
20.3624 	EXP 	self_box: fillColor = '#A6A9FF'
20.3624 	EXP 	other_box: fillColor = '#FFFCA6'
20.3791 	EXP 	self_box: fillColor = '#A6A9FF'
20.3791 	EXP 	other_box: fillColor = '#FFFCA6'
20.3958 	EXP 	self_box: fillColor = '#A6A9FF'
20.3958 	EXP 	other_box: fillColor = '#FFFCA6'
20.4124 	EXP 	self_box: fillColor = '#A6A9FF'
20.4124 	EXP 	other_box: fillColor = '#FFFCA6'
20.4291 	EXP 	self_box: fillColor = '#A6A9FF'
20.4291 	EXP 	other_box: fillColor = '#FFFCA6'
20.4459 	EXP 	self_box: fillColor = '#A6A9FF'
20.4459 	EXP 	other_box: fillColor = '#FFFCA6'
20.4626 	EXP 	self_box: fillColor = '#A6A9FF'
20.4626 	EXP 	other_box: fillColor = '#FFFCA6'
20.4792 	EXP 	self_box: fillColor = '#A6A9FF'
20.4792 	EXP 	other_box: fillColor = '#FFFCA6'
20.4959 	EXP 	self_box: fillColor = '#A6A9FF'
20.4959 	EXP 	other_box: fillColor = '#FFFCA6'
20.5127 	EXP 	self_box: fillColor = '#A6A9FF'
20.5127 	EXP 	other_box: fillColor = '#FFFCA6'
20.5293 	EXP 	self_box: fillColor = '#A6A9FF'
20.5293 	EXP 	other_box: fillColor = '#FFFCA6'
20.5461 	EXP 	self_box: fillColor = '#A6A9FF'
20.5461 	EXP 	other_box: fillColor = '#FFFCA6'
20.5626 	EXP 	self_box: fillColor = '#A6A9FF'
20.5626 	EXP 	other_box: fillColor = '#FFFCA6'
20.5793 	EXP 	self_box: fillColor = '#A6A9FF'
20.5793 	EXP 	other_box: fillColor = '#FFFCA6'
20.5960 	EXP 	self_box: fillColor = '#A6A9FF'
20.5960 	EXP 	other_box: fillColor = '#FFFCA6'
20.6127 	EXP 	self_box: fillColor = '#A6A9FF'
20.6127 	EXP 	other_box: fillColor = '#FFFCA6'
20.6295 	EXP 	self_box: fillColor = '#A6A9FF'
20.6295 	EXP 	other_box: fillColor = '#FFFCA6'
20.6461 	EXP 	self_box: fillColor = '#A6A9FF'
20.6461 	EXP 	other_box: fillColor = '#FFFCA6'
20.6629 	EXP 	self_box: fillColor = '#A6A9FF'
20.6629 	EXP 	other_box: fillColor = '#FFFCA6'
20.6795 	EXP 	self_box: fillColor = '#A6A9FF'
20.6795 	EXP 	other_box: fillColor = '#FFFCA6'
20.6963 	EXP 	self_box: fillColor = '#A6A9FF'
20.6963 	EXP 	other_box: fillColor = '#FFFCA6'
20.7129 	EXP 	self_box: fillColor = '#A6A9FF'
20.7129 	EXP 	other_box: fillColor = '#FAF33E'
20.7297 	EXP 	self_box: fillColor = '#A6A9FF'
20.7297 	EXP 	other_box: fillColor = '#FAF33E'
20.7464 	EXP 	self_box: fillColor = '#A6A9FF'
20.7464 	EXP 	other_box: fillColor = '#FAF33E'
20.7630 	EXP 	self_box: fillColor = '#A6A9FF'
20.7630 	EXP 	other_box: fillColor = '#FAF33E'
20.7799 	EXP 	self_box: fillColor = '#A6A9FF'
20.7799 	EXP 	other_box: fillColor = '#FAF33E'
20.7963 	EXP 	self_box: fillColor = '#A6A9FF'
20.7963 	EXP 	other_box: fillColor = '#FAF33E'
20.8131 	EXP 	self_box: fillColor = '#A6A9FF'
20.8131 	EXP 	other_box: fillColor = '#FAF33E'
20.8296 	EXP 	self_box: fillColor = '#A6A9FF'
20.8296 	EXP 	other_box: fillColor = '#FAF33E'
20.8463 	EXP 	self_box: fillColor = '#A6A9FF'
20.8463 	EXP 	other_box: fillColor = '#FAF33E'
20.8631 	EXP 	self_box: fillColor = '#A6A9FF'
20.8631 	EXP 	other_box: fillColor = '#FAF33E'
20.8799 	EXP 	self_box: fillColor = '#A6A9FF'
20.8799 	EXP 	other_box: fillColor = '#FAF33E'
20.8966 	EXP 	self_box: fillColor = '#A6A9FF'
20.8966 	EXP 	other_box: fillColor = '#FAF33E'
20.8973 	DATA 	Mouse: Left button down, pos=(1011,227)
20.8987 	EXP 	New trial (rep=0, index=2): {'word': u'word5.1', 'amount': u'0.7', 'list': u'list5', 'trialtype': u'speed', 'trialtype_extended': u'slow_large'}
20.9133 	EXP 	self_box: fillColor = '#A6A9FF'
20.9133 	EXP 	other_box: fillColor = '#FAF33E'
20.9133 	EXP 	question: autoDraw = False
20.9133 	EXP 	self_box: autoDraw = False
20.9133 	EXP 	self_label: autoDraw = False
20.9133 	EXP 	other_box: autoDraw = False
20.9133 	EXP 	other_label: autoDraw = False
20.9133 	EXP 	text: text = u'word5.1'
20.9304 	DATA 	Mouse: Left button up, pos=(1011,227)
21.9315 	EXP 	text: autoDraw = True
24.8862 	EXP 	text: autoDraw = False
24.8862 	EXP 	question: autoDraw = True
24.8862 	EXP 	self_box: autoDraw = True
24.8862 	EXP 	self_label: autoDraw = True
24.8862 	EXP 	other_box: autoDraw = True
24.8862 	EXP 	other_label: autoDraw = True
24.8862 	EXP 	self_box: fillColor = '#A6A9FF'
24.8862 	EXP 	other_box: fillColor = '#FFFCA6'
24.9028 	EXP 	self_box: fillColor = '#A6A9FF'
24.9028 	EXP 	other_box: fillColor = '#FFFCA6'
24.9196 	EXP 	self_box: fillColor = '#A6A9FF'
24.9196 	EXP 	other_box: fillColor = '#FFFCA6'
24.9364 	EXP 	self_box: fillColor = '#A6A9FF'
24.9364 	EXP 	other_box: fillColor = '#FFFCA6'
24.9531 	EXP 	self_box: fillColor = '#A6A9FF'
24.9531 	EXP 	other_box: fillColor = '#FFFCA6'
24.9697 	EXP 	self_box: fillColor = '#A6A9FF'
24.9697 	EXP 	other_box: fillColor = '#FFFCA6'
24.9863 	EXP 	self_box: fillColor = '#A6A9FF'
24.9863 	EXP 	other_box: fillColor = '#FFFCA6'
25.0031 	EXP 	self_box: fillColor = '#A6A9FF'
25.0031 	EXP 	other_box: fillColor = '#FFFCA6'
25.0197 	EXP 	self_box: fillColor = '#A6A9FF'
25.0197 	EXP 	other_box: fillColor = '#FFFCA6'
25.0366 	EXP 	self_box: fillColor = '#A6A9FF'
25.0366 	EXP 	other_box: fillColor = '#FFFCA6'
25.0532 	EXP 	self_box: fillColor = '#A6A9FF'
25.0532 	EXP 	other_box: fillColor = '#FFFCA6'
25.0699 	EXP 	self_box: fillColor = '#A6A9FF'
25.0699 	EXP 	other_box: fillColor = '#FFFCA6'
25.0865 	EXP 	self_box: fillColor = '#A6A9FF'
25.0865 	EXP 	other_box: fillColor = '#FFFCA6'
25.1033 	EXP 	self_box: fillColor = '#A6A9FF'
25.1033 	EXP 	other_box: fillColor = '#FFFCA6'
25.1198 	EXP 	self_box: fillColor = '#A6A9FF'
25.1198 	EXP 	other_box: fillColor = '#FFFCA6'
25.1365 	EXP 	self_box: fillColor = '#A6A9FF'
25.1365 	EXP 	other_box: fillColor = '#FFFCA6'
25.1534 	EXP 	self_box: fillColor = '#A6A9FF'
25.1534 	EXP 	other_box: fillColor = '#FFFCA6'
25.1700 	EXP 	self_box: fillColor = '#A6A9FF'
25.1700 	EXP 	other_box: fillColor = '#FFFCA6'
25.1867 	EXP 	self_box: fillColor = '#A6A9FF'
25.1867 	EXP 	other_box: fillColor = '#FFFCA6'
25.2033 	EXP 	self_box: fillColor = '#A6A9FF'
25.2033 	EXP 	other_box: fillColor = '#FFFCA6'
25.2201 	EXP 	self_box: fillColor = '#A6A9FF'
25.2201 	EXP 	other_box: fillColor = '#FFFCA6'
25.2368 	EXP 	self_box: fillColor = '#A6A9FF'
25.2368 	EXP 	other_box: fillColor = '#FFFCA6'
25.2535 	EXP 	self_box: fillColor = '#A6A9FF'
25.2535 	EXP 	other_box: fillColor = '#FFFCA6'
25.2702 	EXP 	self_box: fillColor = '#A6A9FF'
25.2702 	EXP 	other_box: fillColor = '#FFFCA6'
25.2869 	EXP 	self_box: fillColor = '#A6A9FF'
25.2869 	EXP 	other_box: fillColor = '#FFFCA6'
25.3036 	EXP 	self_box: fillColor = '#A6A9FF'
25.3036 	EXP 	other_box: fillColor = '#FFFCA6'
25.3203 	EXP 	self_box: fillColor = '#A6A9FF'
25.3203 	EXP 	other_box: fillColor = '#FFFCA6'
25.3370 	EXP 	self_box: fillColor = '#A6A9FF'
25.3370 	EXP 	other_box: fillColor = '#FFFCA6'
25.3537 	EXP 	self_box: fillColor = '#A6A9FF'
25.3537 	EXP 	other_box: fillColor = '#FFFCA6'
25.3704 	EXP 	self_box: fillColor = '#A6A9FF'
25.3704 	EXP 	other_box: fillColor = '#FFFCA6'
25.3871 	EXP 	self_box: fillColor = '#A6A9FF'
25.3871 	EXP 	other_box: fillColor = '#FFFCA6'
25.4038 	EXP 	self_box: fillColor = '#A6A9FF'
25.4038 	EXP 	other_box: fillColor = '#FFFCA6'
25.4204 	EXP 	self_box: fillColor = '#A6A9FF'
25.4204 	EXP 	other_box: fillColor = '#FFFCA6'
25.4371 	EXP 	self_box: fillColor = '#A6A9FF'
25.4371 	EXP 	other_box: fillColor = '#FFFCA6'
25.4539 	EXP 	self_box: fillColor = '#A6A9FF'
25.4539 	EXP 	other_box: fillColor = '#FFFCA6'
25.4705 	EXP 	self_box: fillColor = '#A6A9FF'
25.4705 	EXP 	other_box: fillColor = '#FFFCA6'
25.4872 	EXP 	self_box: fillColor = '#A6A9FF'
25.4872 	EXP 	other_box: fillColor = '#FFFCA6'
25.5039 	EXP 	self_box: fillColor = '#A6A9FF'
25.5039 	EXP 	other_box: fillColor = '#FFFCA6'
25.5205 	EXP 	self_box: fillColor = '#A6A9FF'
25.5205 	EXP 	other_box: fillColor = '#FFFCA6'
25.5372 	EXP 	self_box: fillColor = '#A6A9FF'
25.5372 	EXP 	other_box: fillColor = '#FFFCA6'
25.5541 	EXP 	self_box: fillColor = '#A6A9FF'
25.5541 	EXP 	other_box: fillColor = '#FFFCA6'
25.5707 	EXP 	self_box: fillColor = '#A6A9FF'
25.5707 	EXP 	other_box: fillColor = '#FFFCA6'
25.5874 	EXP 	self_box: fillColor = '#A6A9FF'
25.5874 	EXP 	other_box: fillColor = '#FFFCA6'
25.6041 	EXP 	self_box: fillColor = '#A6A9FF'
25.6041 	EXP 	other_box: fillColor = '#FFFCA6'
25.6209 	EXP 	self_box: fillColor = '#A6A9FF'
25.6209 	EXP 	other_box: fillColor = '#FFFCA6'
25.6375 	EXP 	self_box: fillColor = '#A6A9FF'
25.6375 	EXP 	other_box: fillColor = '#FFFCA6'
25.6541 	EXP 	self_box: fillColor = '#A6A9FF'
25.6541 	EXP 	other_box: fillColor = '#FFFCA6'
25.6708 	EXP 	self_box: fillColor = '#A6A9FF'
25.6708 	EXP 	other_box: fillColor = '#FFFCA6'
25.6874 	EXP 	self_box: fillColor = '#A6A9FF'
25.6874 	EXP 	other_box: fillColor = '#FFFCA6'
25.7043 	EXP 	self_box: fillColor = '#A6A9FF'
25.7043 	EXP 	other_box: fillColor = '#FFFCA6'
25.7210 	EXP 	self_box: fillColor = '#A6A9FF'
25.7210 	EXP 	other_box: fillColor = '#FFFCA6'
25.7377 	EXP 	self_box: fillColor = '#A6A9FF'
25.7377 	EXP 	other_box: fillColor = '#FFFCA6'
25.7543 	EXP 	self_box: fillColor = '#A6A9FF'
25.7543 	EXP 	other_box: fillColor = '#FFFCA6'
25.7709 	EXP 	self_box: fillColor = '#A6A9FF'
25.7709 	EXP 	other_box: fillColor = '#FFFCA6'
25.7876 	EXP 	self_box: fillColor = '#A6A9FF'
25.7876 	EXP 	other_box: fillColor = '#FFFCA6'
25.8044 	EXP 	self_box: fillColor = '#A6A9FF'
25.8044 	EXP 	other_box: fillColor = '#FFFCA6'
25.8210 	EXP 	self_box: fillColor = '#A6A9FF'
25.8210 	EXP 	other_box: fillColor = '#FFFCA6'
25.8378 	EXP 	self_box: fillColor = '#A6A9FF'
25.8378 	EXP 	other_box: fillColor = '#FFFCA6'
25.8544 	EXP 	self_box: fillColor = '#A6A9FF'
25.8544 	EXP 	other_box: fillColor = '#FFFCA6'
25.8711 	EXP 	self_box: fillColor = '#3E45FA'
25.8711 	EXP 	other_box: fillColor = '#FFFCA6'
25.8878 	EXP 	self_box: fillColor = '#3E45FA'
25.8878 	EXP 	other_box: fillColor = '#FFFCA6'
25.9045 	EXP 	self_box: fillColor = '#3E45FA'
25.9045 	EXP 	other_box: fillColor = '#FFFCA6'
25.9212 	EXP 	self_box: fillColor = '#3E45FA'
25.9212 	EXP 	other_box: fillColor = '#FFFCA6'
25.9378 	EXP 	self_box: fillColor = '#3E45FA'
25.9378 	EXP 	other_box: fillColor = '#FFFCA6'
25.9545 	EXP 	self_box: fillColor = '#3E45FA'
25.9545 	EXP 	other_box: fillColor = '#FFFCA6'
25.9712 	EXP 	self_box: fillColor = '#3E45FA'
25.9712 	EXP 	other_box: fillColor = '#FFFCA6'
25.9879 	EXP 	self_box: fillColor = '#3E45FA'
25.9879 	EXP 	other_box: fillColor = '#FFFCA6'
26.0047 	EXP 	self_box: fillColor = '#3E45FA'
26.0047 	EXP 	other_box: fillColor = '#FFFCA6'
26.0214 	EXP 	self_box: fillColor = '#3E45FA'
26.0214 	EXP 	other_box: fillColor = '#FFFCA6'
26.0380 	EXP 	self_box: fillColor = '#3E45FA'
26.0380 	EXP 	other_box: fillColor = '#FFFCA6'
26.0548 	EXP 	self_box: fillColor = '#3E45FA'
26.0548 	EXP 	other_box: fillColor = '#FFFCA6'
26.0715 	EXP 	self_box: fillColor = '#3E45FA'
26.0715 	EXP 	other_box: fillColor = '#FFFCA6'
26.0880 	EXP 	self_box: fillColor = '#3E45FA'
26.0880 	EXP 	other_box: fillColor = '#FFFCA6'
26.1049 	EXP 	self_box: fillColor = '#3E45FA'
26.1049 	EXP 	other_box: fillColor = '#FFFCA6'
26.1087 	DATA 	Mouse: Left button down, pos=(377,294)
26.1215 	EXP 	self_box: fillColor = '#3E45FA'
26.1215 	EXP 	other_box: fillColor = '#FFFCA6'
26.1229 	EXP 	New trial (rep=0, index=3): {'word': u'word9.1', 'amount': u'-1.5', 'list': u'list9', 'trialtype': u'pitch', 'trialtype_extended': u'pitch_lower_small'}
26.1383 	EXP 	self_box: fillColor = '#3E45FA'
26.1383 	EXP 	other_box: fillColor = '#FFFCA6'
26.1383 	EXP 	question: autoDraw = False
26.1383 	EXP 	self_box: autoDraw = False
26.1383 	EXP 	self_label: autoDraw = False
26.1383 	EXP 	other_box: autoDraw = False
26.1383 	EXP 	other_label: autoDraw = False
26.1383 	EXP 	text: text = u'word9.1'
26.2057 	DATA 	Mouse: Left button up, pos=(377,294)
27.1398 	EXP 	text: autoDraw = True
29.4434 	EXP 	text: autoDraw = False
29.4434 	EXP 	question: autoDraw = True
29.4434 	EXP 	self_box: autoDraw = True
29.4434 	EXP 	self_label: autoDraw = True
29.4434 	EXP 	other_box: autoDraw = True
29.4434 	EXP 	other_label: autoDraw = True
29.4434 	EXP 	self_box: fillColor = '#A6A9FF'
29.4434 	EXP 	other_box: fillColor = '#FFFCA6'
29.4602 	EXP 	self_box: fillColor = '#A6A9FF'
29.4602 	EXP 	other_box: fillColor = '#FFFCA6'
29.4769 	EXP 	self_box: fillColor = '#A6A9FF'
29.4769 	EXP 	other_box: fillColor = '#FFFCA6'
29.4937 	EXP 	self_box: fillColor = '#A6A9FF'
29.4937 	EXP 	other_box: fillColor = '#FFFCA6'
29.5103 	EXP 	self_box: fillColor = '#A6A9FF'
29.5103 	EXP 	other_box: fillColor = '#FFFCA6'
29.5271 	EXP 	self_box: fillColor = '#A6A9FF'
29.5271 	EXP 	other_box: fillColor = '#FFFCA6'
29.5437 	EXP 	self_box: fillColor = '#A6A9FF'
29.5437 	EXP 	other_box: fillColor = '#FFFCA6'
29.5603 	EXP 	self_box: fillColor = '#A6A9FF'
29.5603 	EXP 	other_box: fillColor = '#FFFCA6'
29.5771 	EXP 	self_box: fillColor = '#A6A9FF'
29.5771 	EXP 	other_box: fillColor = '#FFFCA6'
29.5938 	EXP 	self_box: fillColor = '#A6A9FF'
29.5938 	EXP 	other_box: fillColor = '#FFFCA6'
29.6105 	EXP 	self_box: fillColor = '#A6A9FF'
29.6105 	EXP 	other_box: fillColor = '#FFFCA6'
29.6272 	EXP 	self_box: fillColor = '#A6A9FF'
29.6272 	EXP 	other_box: fillColor = '#FFFCA6'
29.6438 	EXP 	self_box: fillColor = '#A6A9FF'
29.6438 	EXP 	other_box: fillColor = '#FFFCA6'
29.6605 	EXP 	self_box: fillColor = '#A6A9FF'
29.6605 	EXP 	other_box: fillColor = '#FFFCA6'
29.6772 	EXP 	self_box: fillColor = '#A6A9FF'
29.6772 	EXP 	other_box: fillColor = '#FFFCA6'
29.6939 	EXP 	self_box: fillColor = '#A6A9FF'
29.6939 	EXP 	other_box: fillColor = '#FFFCA6'
29.7105 	EXP 	self_box: fillColor = '#A6A9FF'
29.7105 	EXP 	other_box: fillColor = '#FFFCA6'
29.7273 	EXP 	self_box: fillColor = '#A6A9FF'
29.7273 	EXP 	other_box: fillColor = '#FFFCA6'
29.7440 	EXP 	self_box: fillColor = '#A6A9FF'
29.7440 	EXP 	other_box: fillColor = '#FFFCA6'
29.7607 	EXP 	self_box: fillColor = '#A6A9FF'
29.7607 	EXP 	other_box: fillColor = '#FFFCA6'
29.7774 	EXP 	self_box: fillColor = '#A6A9FF'
29.7774 	EXP 	other_box: fillColor = '#FFFCA6'
29.7941 	EXP 	self_box: fillColor = '#A6A9FF'
29.7941 	EXP 	other_box: fillColor = '#FFFCA6'
29.8106 	EXP 	self_box: fillColor = '#A6A9FF'
29.8106 	EXP 	other_box: fillColor = '#FFFCA6'
29.8274 	EXP 	self_box: fillColor = '#A6A9FF'
29.8274 	EXP 	other_box: fillColor = '#FFFCA6'
29.8441 	EXP 	self_box: fillColor = '#A6A9FF'
29.8441 	EXP 	other_box: fillColor = '#FFFCA6'
29.8608 	EXP 	self_box: fillColor = '#A6A9FF'
29.8608 	EXP 	other_box: fillColor = '#FFFCA6'
29.8775 	EXP 	self_box: fillColor = '#A6A9FF'
29.8775 	EXP 	other_box: fillColor = '#FFFCA6'
29.8942 	EXP 	self_box: fillColor = '#A6A9FF'
29.8942 	EXP 	other_box: fillColor = '#FFFCA6'
29.9108 	EXP 	self_box: fillColor = '#A6A9FF'
29.9108 	EXP 	other_box: fillColor = '#FFFCA6'
29.9276 	EXP 	self_box: fillColor = '#A6A9FF'
29.9276 	EXP 	other_box: fillColor = '#FFFCA6'
29.9443 	EXP 	self_box: fillColor = '#A6A9FF'
29.9443 	EXP 	other_box: fillColor = '#FFFCA6'
29.9610 	EXP 	self_box: fillColor = '#A6A9FF'
29.9610 	EXP 	other_box: fillColor = '#FFFCA6'
29.9776 	EXP 	self_box: fillColor = '#A6A9FF'
29.9776 	EXP 	other_box: fillColor = '#FFFCA6'
29.9942 	EXP 	self_box: fillColor = '#A6A9FF'
29.9942 	EXP 	other_box: fillColor = '#FFFCA6'
30.0110 	EXP 	self_box: fillColor = '#A6A9FF'
30.0110 	EXP 	other_box: fillColor = '#FFFCA6'
30.0278 	EXP 	self_box: fillColor = '#A6A9FF'
30.0278 	EXP 	other_box: fillColor = '#FFFCA6'
30.0444 	EXP 	self_box: fillColor = '#A6A9FF'
30.0444 	EXP 	other_box: fillColor = '#FFFCA6'
30.0612 	EXP 	self_box: fillColor = '#A6A9FF'
30.0612 	EXP 	other_box: fillColor = '#FFFCA6'
30.0778 	EXP 	self_box: fillColor = '#A6A9FF'
30.0778 	EXP 	other_box: fillColor = '#FAF33E'
30.0944 	EXP 	self_box: fillColor = '#A6A9FF'
30.0944 	EXP 	other_box: fillColor = '#FAF33E'
30.1112 	EXP 	self_box: fillColor = '#A6A9FF'
30.1112 	EXP 	other_box: fillColor = '#FAF33E'
30.1278 	EXP 	self_box: fillColor = '#A6A9FF'
30.1278 	EXP 	other_box: fillColor = '#FAF33E'
30.1446 	EXP 	self_box: fillColor = '#A6A9FF'
30.1446 	EXP 	other_box: fillColor = '#FAF33E'
30.1613 	EXP 	self_box: fillColor = '#A6A9FF'
30.1613 	EXP 	other_box: fillColor = '#FAF33E'
30.1780 	EXP 	self_box: fillColor = '#A6A9FF'
30.1780 	EXP 	other_box: fillColor = '#FAF33E'
30.1947 	EXP 	self_box: fillColor = '#A6A9FF'
30.1947 	EXP 	other_box: fillColor = '#FAF33E'
30.2114 	EXP 	self_box: fillColor = '#A6A9FF'
30.2114 	EXP 	other_box: fillColor = '#FAF33E'
30.2281 	EXP 	self_box: fillColor = '#A6A9FF'
30.2281 	EXP 	other_box: fillColor = '#FAF33E'
30.2336 	DATA 	Mouse: Left button down, pos=(1067,229)
30.2446 	EXP 	self_box: fillColor = '#A6A9FF'
30.2446 	EXP 	other_box: fillColor = '#FAF33E'
30.2474 	EXP 	New trial (rep=0, index=4): {'word': u'word6.1', 'amount': u'2', 'list': u'list6', 'trialtype': u'pitch', 'trialtype_extended': u'pitch_higher_large'}
30.2614 	EXP 	self_box: fillColor = '#A6A9FF'
30.2614 	EXP 	other_box: fillColor = '#FAF33E'
30.2614 	EXP 	question: autoDraw = False
30.2614 	EXP 	self_box: autoDraw = False
30.2614 	EXP 	self_label: autoDraw = False
30.2614 	EXP 	other_box: autoDraw = False
30.2614 	EXP 	other_label: autoDraw = False
30.2614 	EXP 	text: text = u'word6.1'
30.3453 	DATA 	Mouse: Left button up, pos=(1067,229)
31.2798 	EXP 	text: autoDraw = True
33.9006 	EXP 	text: autoDraw = False
33.9006 	EXP 	question: autoDraw = True
33.9006 	EXP 	self_box: autoDraw = True
33.9006 	EXP 	self_label: autoDraw = True
33.9006 	EXP 	other_box: autoDraw = True
33.9006 	EXP 	other_label: autoDraw = True
33.9006 	EXP 	self_box: fillColor = '#A6A9FF'
33.9006 	EXP 	other_box: fillColor = '#FFFCA6'
33.9173 	EXP 	self_box: fillColor = '#A6A9FF'
33.9173 	EXP 	other_box: fillColor = '#FFFCA6'
33.9339 	EXP 	self_box: fillColor = '#A6A9FF'
33.9339 	EXP 	other_box: fillColor = '#FFFCA6'
33.9507 	EXP 	self_box: fillColor = '#A6A9FF'
33.9507 	EXP 	other_box: fillColor = '#FFFCA6'
33.9673 	EXP 	self_box: fillColor = '#A6A9FF'
33.9673 	EXP 	other_box: fillColor = '#FFFCA6'
33.9840 	EXP 	self_box: fillColor = '#A6A9FF'
33.9840 	EXP 	other_box: fillColor = '#FFFCA6'
34.0006 	EXP 	self_box: fillColor = '#A6A9FF'
34.0006 	EXP 	other_box: fillColor = '#FFFCA6'
34.0174 	EXP 	self_box: fillColor = '#A6A9FF'
34.0174 	EXP 	other_box: fillColor = '#FFFCA6'
34.0343 	EXP 	self_box: fillColor = '#A6A9FF'
34.0343 	EXP 	other_box: fillColor = '#FFFCA6'
34.0508 	EXP 	self_box: fillColor = '#A6A9FF'
34.0508 	EXP 	other_box: fillColor = '#FFFCA6'
34.0675 	EXP 	self_box: fillColor = '#A6A9FF'
34.0675 	EXP 	other_box: fillColor = '#FFFCA6'
34.0841 	EXP 	self_box: fillColor = '#A6A9FF'
34.0841 	EXP 	other_box: fillColor = '#FFFCA6'
34.1009 	EXP 	self_box: fillColor = '#A6A9FF'
34.1009 	EXP 	other_box: fillColor = '#FFFCA6'
34.1175 	EXP 	self_box: fillColor = '#A6A9FF'
34.1175 	EXP 	other_box: fillColor = '#FFFCA6'
34.1342 	EXP 	self_box: fillColor = '#A6A9FF'
34.1342 	EXP 	other_box: fillColor = '#FFFCA6'
34.1509 	EXP 	self_box: fillColor = '#A6A9FF'
34.1509 	EXP 	other_box: fillColor = '#FFFCA6'
34.1676 	EXP 	self_box: fillColor = '#A6A9FF'
34.1676 	EXP 	other_box: fillColor = '#FFFCA6'
34.1844 	EXP 	self_box: fillColor = '#A6A9FF'
34.1844 	EXP 	other_box: fillColor = '#FFFCA6'
34.2010 	EXP 	self_box: fillColor = '#A6A9FF'
34.2010 	EXP 	other_box: fillColor = '#FFFCA6'
34.2178 	EXP 	self_box: fillColor = '#A6A9FF'
34.2178 	EXP 	other_box: fillColor = '#FFFCA6'
34.2345 	EXP 	self_box: fillColor = '#A6A9FF'
34.2345 	EXP 	other_box: fillColor = '#FFFCA6'
34.2511 	EXP 	self_box: fillColor = '#A6A9FF'
34.2511 	EXP 	other_box: fillColor = '#FFFCA6'
34.2677 	EXP 	self_box: fillColor = '#A6A9FF'
34.2677 	EXP 	other_box: fillColor = '#FFFCA6'
34.2845 	EXP 	self_box: fillColor = '#A6A9FF'
34.2845 	EXP 	other_box: fillColor = '#FFFCA6'
34.3012 	EXP 	self_box: fillColor = '#A6A9FF'
34.3012 	EXP 	other_box: fillColor = '#FFFCA6'
34.3178 	EXP 	self_box: fillColor = '#A6A9FF'
34.3178 	EXP 	other_box: fillColor = '#FFFCA6'
34.3346 	EXP 	self_box: fillColor = '#A6A9FF'
34.3346 	EXP 	other_box: fillColor = '#FFFCA6'
34.3514 	EXP 	self_box: fillColor = '#A6A9FF'
34.3514 	EXP 	other_box: fillColor = '#FFFCA6'
34.3680 	EXP 	self_box: fillColor = '#A6A9FF'
34.3680 	EXP 	other_box: fillColor = '#FFFCA6'
34.3847 	EXP 	self_box: fillColor = '#A6A9FF'
34.3847 	EXP 	other_box: fillColor = '#FFFCA6'
34.4014 	EXP 	self_box: fillColor = '#A6A9FF'
34.4014 	EXP 	other_box: fillColor = '#FFFCA6'
34.4181 	EXP 	self_box: fillColor = '#A6A9FF'
34.4181 	EXP 	other_box: fillColor = '#FFFCA6'
34.4348 	EXP 	self_box: fillColor = '#A6A9FF'
34.4348 	EXP 	other_box: fillColor = '#FFFCA6'
34.4514 	EXP 	self_box: fillColor = '#A6A9FF'
34.4514 	EXP 	other_box: fillColor = '#FFFCA6'
34.4682 	EXP 	self_box: fillColor = '#A6A9FF'
34.4682 	EXP 	other_box: fillColor = '#FFFCA6'
34.4848 	EXP 	self_box: fillColor = '#A6A9FF'
34.4848 	EXP 	other_box: fillColor = '#FFFCA6'
34.5014 	EXP 	self_box: fillColor = '#A6A9FF'
34.5014 	EXP 	other_box: fillColor = '#FFFCA6'
34.5181 	EXP 	self_box: fillColor = '#A6A9FF'
34.5181 	EXP 	other_box: fillColor = '#FFFCA6'
34.5348 	EXP 	self_box: fillColor = '#A6A9FF'
34.5348 	EXP 	other_box: fillColor = '#FFFCA6'
34.5515 	EXP 	self_box: fillColor = '#A6A9FF'
34.5515 	EXP 	other_box: fillColor = '#FFFCA6'
34.5684 	EXP 	self_box: fillColor = '#A6A9FF'
34.5684 	EXP 	other_box: fillColor = '#FFFCA6'
34.5849 	EXP 	self_box: fillColor = '#A6A9FF'
34.5849 	EXP 	other_box: fillColor = '#FFFCA6'
34.6016 	EXP 	self_box: fillColor = '#A6A9FF'
34.6016 	EXP 	other_box: fillColor = '#FFFCA6'
34.6183 	EXP 	self_box: fillColor = '#A6A9FF'
34.6183 	EXP 	other_box: fillColor = '#FFFCA6'
34.6350 	EXP 	self_box: fillColor = '#A6A9FF'
34.6350 	EXP 	other_box: fillColor = '#FFFCA6'
34.6517 	EXP 	self_box: fillColor = '#A6A9FF'
34.6517 	EXP 	other_box: fillColor = '#FFFCA6'
34.6684 	EXP 	self_box: fillColor = '#A6A9FF'
34.6684 	EXP 	other_box: fillColor = '#FFFCA6'
34.6850 	EXP 	self_box: fillColor = '#A6A9FF'
34.6850 	EXP 	other_box: fillColor = '#FFFCA6'
34.6936 	DATA 	Mouse: Left button down, pos=(431,358)
34.7184 	EXP 	self_box: fillColor = '#A6A9FF'
34.7184 	EXP 	other_box: fillColor = '#FFFCA6'
34.7351 	EXP 	self_box: fillColor = '#A6A9FF'
34.7351 	EXP 	other_box: fillColor = '#FFFCA6'
34.7518 	EXP 	self_box: fillColor = '#A6A9FF'
34.7518 	EXP 	other_box: fillColor = '#FFFCA6'
34.7685 	EXP 	self_box: fillColor = '#A6A9FF'
34.7685 	EXP 	other_box: fillColor = '#FFFCA6'
34.7688 	DATA 	Mouse: Left button up, pos=(430,357)
34.7852 	EXP 	self_box: fillColor = '#A6A9FF'
34.7852 	EXP 	other_box: fillColor = '#FFFCA6'
34.8019 	EXP 	self_box: fillColor = '#A6A9FF'
34.8019 	EXP 	other_box: fillColor = '#FFFCA6'
34.8186 	EXP 	self_box: fillColor = '#A6A9FF'
34.8186 	EXP 	other_box: fillColor = '#FFFCA6'
34.8352 	EXP 	self_box: fillColor = '#A6A9FF'
34.8352 	EXP 	other_box: fillColor = '#FFFCA6'
34.8519 	EXP 	self_box: fillColor = '#A6A9FF'
34.8519 	EXP 	other_box: fillColor = '#FFFCA6'
34.8686 	EXP 	self_box: fillColor = '#A6A9FF'
34.8686 	EXP 	other_box: fillColor = '#FFFCA6'
34.8853 	EXP 	self_box: fillColor = '#A6A9FF'
34.8853 	EXP 	other_box: fillColor = '#FFFCA6'
34.9020 	EXP 	self_box: fillColor = '#A6A9FF'
34.9020 	EXP 	other_box: fillColor = '#FFFCA6'
34.9187 	EXP 	self_box: fillColor = '#A6A9FF'
34.9187 	EXP 	other_box: fillColor = '#FFFCA6'
34.9354 	EXP 	self_box: fillColor = '#A6A9FF'
34.9354 	EXP 	other_box: fillColor = '#FFFCA6'
34.9521 	EXP 	self_box: fillColor = '#A6A9FF'
34.9521 	EXP 	other_box: fillColor = '#FFFCA6'
34.9688 	EXP 	self_box: fillColor = '#A6A9FF'
34.9688 	EXP 	other_box: fillColor = '#FFFCA6'
34.9855 	EXP 	self_box: fillColor = '#A6A9FF'
34.9855 	EXP 	other_box: fillColor = '#FFFCA6'
35.0024 	EXP 	self_box: fillColor = '#A6A9FF'
35.0024 	EXP 	other_box: fillColor = '#FFFCA6'
35.0191 	EXP 	self_box: fillColor = '#A6A9FF'
35.0191 	EXP 	other_box: fillColor = '#FFFCA6'
35.0357 	EXP 	self_box: fillColor = '#3E45FA'
35.0357 	EXP 	other_box: fillColor = '#FFFCA6'
35.0523 	EXP 	self_box: fillColor = '#3E45FA'
35.0523 	EXP 	other_box: fillColor = '#FFFCA6'
35.0690 	EXP 	self_box: fillColor = '#3E45FA'
35.0690 	EXP 	other_box: fillColor = '#FFFCA6'
35.0857 	EXP 	self_box: fillColor = '#3E45FA'
35.0857 	EXP 	other_box: fillColor = '#FFFCA6'
35.1024 	EXP 	self_box: fillColor = '#3E45FA'
35.1024 	EXP 	other_box: fillColor = '#FFFCA6'
35.1192 	EXP 	self_box: fillColor = '#3E45FA'
35.1192 	EXP 	other_box: fillColor = '#FFFCA6'
35.1359 	EXP 	self_box: fillColor = '#3E45FA'
35.1359 	EXP 	other_box: fillColor = '#FFFCA6'
35.1526 	EXP 	self_box: fillColor = '#3E45FA'
35.1526 	EXP 	other_box: fillColor = '#FFFCA6'
35.1693 	EXP 	self_box: fillColor = '#3E45FA'
35.1693 	EXP 	other_box: fillColor = '#FFFCA6'
35.1860 	EXP 	self_box: fillColor = '#3E45FA'
35.1860 	EXP 	other_box: fillColor = '#FFFCA6'
35.2027 	EXP 	self_box: fillColor = '#3E45FA'
35.2027 	EXP 	other_box: fillColor = '#FFFCA6'
35.2193 	EXP 	self_box: fillColor = '#3E45FA'
35.2193 	EXP 	other_box: fillColor = '#FFFCA6'
35.2361 	EXP 	self_box: fillColor = '#3E45FA'
35.2361 	EXP 	other_box: fillColor = '#FFFCA6'
35.2527 	EXP 	self_box: fillColor = '#3E45FA'
35.2527 	EXP 	other_box: fillColor = '#FFFCA6'
35.2695 	EXP 	self_box: fillColor = '#3E45FA'
35.2695 	EXP 	other_box: fillColor = '#FFFCA6'
35.2860 	EXP 	self_box: fillColor = '#3E45FA'
35.2860 	EXP 	other_box: fillColor = '#FFFCA6'
35.3028 	EXP 	self_box: fillColor = '#3E45FA'
35.3028 	EXP 	other_box: fillColor = '#FFFCA6'
35.3196 	EXP 	self_box: fillColor = '#3E45FA'
35.3196 	EXP 	other_box: fillColor = '#FFFCA6'
35.3362 	EXP 	self_box: fillColor = '#3E45FA'
35.3362 	EXP 	other_box: fillColor = '#FFFCA6'
35.3529 	EXP 	self_box: fillColor = '#3E45FA'
35.3529 	EXP 	other_box: fillColor = '#FFFCA6'
35.3695 	EXP 	self_box: fillColor = '#3E45FA'
35.3695 	EXP 	other_box: fillColor = '#FFFCA6'
35.3862 	EXP 	self_box: fillColor = '#3E45FA'
35.3862 	EXP 	other_box: fillColor = '#FFFCA6'
35.3868 	DATA 	Mouse: Left button down, pos=(362,218)
35.3888 	EXP 	New trial (rep=0, index=5): {'word': u'word4.1', 'amount': u'unmodified', 'list': u'list4', 'trialtype': u'unmodified', 'trialtype_extended': u'unmodified'}
35.4030 	EXP 	self_box: fillColor = '#3E45FA'
35.4030 	EXP 	other_box: fillColor = '#FFFCA6'
35.4030 	EXP 	question: autoDraw = False
35.4030 	EXP 	self_box: autoDraw = False
35.4030 	EXP 	self_label: autoDraw = False
35.4030 	EXP 	other_box: autoDraw = False
35.4030 	EXP 	other_label: autoDraw = False
35.4030 	EXP 	text: text = u'word4.1'
35.4704 	DATA 	Mouse: Left button up, pos=(362,218)
36.4212 	EXP 	text: autoDraw = True
39.3925 	EXP 	text: autoDraw = False
39.3925 	EXP 	question: autoDraw = True
39.3925 	EXP 	self_box: autoDraw = True
39.3925 	EXP 	self_label: autoDraw = True
39.3925 	EXP 	other_box: autoDraw = True
39.3925 	EXP 	other_label: autoDraw = True
39.3925 	EXP 	self_box: fillColor = '#A6A9FF'
39.3925 	EXP 	other_box: fillColor = '#FFFCA6'
39.4093 	EXP 	self_box: fillColor = '#A6A9FF'
39.4093 	EXP 	other_box: fillColor = '#FFFCA6'
39.4260 	EXP 	self_box: fillColor = '#A6A9FF'
39.4260 	EXP 	other_box: fillColor = '#FFFCA6'
39.4429 	EXP 	self_box: fillColor = '#A6A9FF'
39.4429 	EXP 	other_box: fillColor = '#FFFCA6'
39.4594 	EXP 	self_box: fillColor = '#A6A9FF'
39.4594 	EXP 	other_box: fillColor = '#FFFCA6'
39.4762 	EXP 	self_box: fillColor = '#A6A9FF'
39.4762 	EXP 	other_box: fillColor = '#FFFCA6'
39.4929 	EXP 	self_box: fillColor = '#A6A9FF'
39.4929 	EXP 	other_box: fillColor = '#FFFCA6'
39.5096 	EXP 	self_box: fillColor = '#A6A9FF'
39.5096 	EXP 	other_box: fillColor = '#FFFCA6'
39.5262 	EXP 	self_box: fillColor = '#A6A9FF'
39.5262 	EXP 	other_box: fillColor = '#FFFCA6'
39.5430 	EXP 	self_box: fillColor = '#A6A9FF'
39.5430 	EXP 	other_box: fillColor = '#FFFCA6'
39.5596 	EXP 	self_box: fillColor = '#A6A9FF'
39.5596 	EXP 	other_box: fillColor = '#FFFCA6'
39.5764 	EXP 	self_box: fillColor = '#A6A9FF'
39.5764 	EXP 	other_box: fillColor = '#FFFCA6'
39.5930 	EXP 	self_box: fillColor = '#A6A9FF'
39.5930 	EXP 	other_box: fillColor = '#FFFCA6'
39.6097 	EXP 	self_box: fillColor = '#A6A9FF'
39.6097 	EXP 	other_box: fillColor = '#FFFCA6'
39.6263 	EXP 	self_box: fillColor = '#A6A9FF'
39.6263 	EXP 	other_box: fillColor = '#FFFCA6'
39.6430 	EXP 	self_box: fillColor = '#A6A9FF'
39.6430 	EXP 	other_box: fillColor = '#FFFCA6'
39.6597 	EXP 	self_box: fillColor = '#A6A9FF'
39.6597 	EXP 	other_box: fillColor = '#FFFCA6'
39.6764 	EXP 	self_box: fillColor = '#A6A9FF'
39.6764 	EXP 	other_box: fillColor = '#FFFCA6'
39.6932 	EXP 	self_box: fillColor = '#A6A9FF'
39.6932 	EXP 	other_box: fillColor = '#FFFCA6'
39.7098 	EXP 	self_box: fillColor = '#A6A9FF'
39.7098 	EXP 	other_box: fillColor = '#FFFCA6'
39.7266 	EXP 	self_box: fillColor = '#A6A9FF'
39.7266 	EXP 	other_box: fillColor = '#FFFCA6'
39.7432 	EXP 	self_box: fillColor = '#A6A9FF'
39.7432 	EXP 	other_box: fillColor = '#FFFCA6'
39.7600 	EXP 	self_box: fillColor = '#A6A9FF'
39.7600 	EXP 	other_box: fillColor = '#FFFCA6'
39.7765 	EXP 	self_box: fillColor = '#A6A9FF'
39.7765 	EXP 	other_box: fillColor = '#FFFCA6'
39.7933 	EXP 	self_box: fillColor = '#A6A9FF'
39.7933 	EXP 	other_box: fillColor = '#FFFCA6'
39.8100 	EXP 	self_box: fillColor = '#A6A9FF'
39.8100 	EXP 	other_box: fillColor = '#FFFCA6'
39.8267 	EXP 	self_box: fillColor = '#A6A9FF'
39.8267 	EXP 	other_box: fillColor = '#FFFCA6'
39.8434 	EXP 	self_box: fillColor = '#A6A9FF'
39.8434 	EXP 	other_box: fillColor = '#FFFCA6'
39.8601 	EXP 	self_box: fillColor = '#A6A9FF'
39.8601 	EXP 	other_box: fillColor = '#FFFCA6'
39.8768 	EXP 	self_box: fillColor = '#A6A9FF'
39.8768 	EXP 	other_box: fillColor = '#FFFCA6'
39.8935 	EXP 	self_box: fillColor = '#A6A9FF'
39.8935 	EXP 	other_box: fillColor = '#FFFCA6'
39.9100 	EXP 	self_box: fillColor = '#A6A9FF'
39.9100 	EXP 	other_box: fillColor = '#FFFCA6'
39.9267 	EXP 	self_box: fillColor = '#A6A9FF'
39.9267 	EXP 	other_box: fillColor = '#FFFCA6'
39.9435 	EXP 	self_box: fillColor = '#A6A9FF'
39.9435 	EXP 	other_box: fillColor = '#FFFCA6'
39.9603 	EXP 	self_box: fillColor = '#A6A9FF'
39.9603 	EXP 	other_box: fillColor = '#FFFCA6'
39.9769 	EXP 	self_box: fillColor = '#A6A9FF'
39.9769 	EXP 	other_box: fillColor = '#FFFCA6'
39.9936 	EXP 	self_box: fillColor = '#A6A9FF'
39.9936 	EXP 	other_box: fillColor = '#FFFCA6'
40.0104 	EXP 	self_box: fillColor = '#A6A9FF'
40.0104 	EXP 	other_box: fillColor = '#FAF33E'
40.0270 	EXP 	self_box: fillColor = '#A6A9FF'
40.0270 	EXP 	other_box: fillColor = '#FAF33E'
40.0437 	EXP 	self_box: fillColor = '#A6A9FF'
40.0437 	EXP 	other_box: fillColor = '#FAF33E'
40.0604 	EXP 	self_box: fillColor = '#A6A9FF'
40.0604 	EXP 	other_box: fillColor = '#FAF33E'
40.0771 	EXP 	self_box: fillColor = '#A6A9FF'
40.0771 	EXP 	other_box: fillColor = '#FAF33E'
40.0938 	EXP 	self_box: fillColor = '#A6A9FF'
40.0938 	EXP 	other_box: fillColor = '#FAF33E'
40.1104 	EXP 	self_box: fillColor = '#A6A9FF'
40.1104 	EXP 	other_box: fillColor = '#FAF33E'
40.1272 	EXP 	self_box: fillColor = '#A6A9FF'
40.1272 	EXP 	other_box: fillColor = '#FAF33E'
40.1439 	EXP 	self_box: fillColor = '#A6A9FF'
40.1439 	EXP 	other_box: fillColor = '#FAF33E'
40.1604 	EXP 	self_box: fillColor = '#A6A9FF'
40.1604 	EXP 	other_box: fillColor = '#FAF33E'
40.1608 	DATA 	Mouse: Left button down, pos=(999,324)
40.1622 	EXP 	New trial (rep=0, index=6): {'word': u'word8.1', 'amount': u'0.8', 'list': u'list8', 'trialtype': u'speed', 'trialtype_extended': u'slow_medium'}
40.1773 	EXP 	self_box: fillColor = '#A6A9FF'
40.1773 	EXP 	other_box: fillColor = '#FAF33E'
40.1773 	EXP 	question: autoDraw = False
40.1773 	EXP 	self_box: autoDraw = False
40.1773 	EXP 	self_label: autoDraw = False
40.1773 	EXP 	other_box: autoDraw = False
40.1773 	EXP 	other_label: autoDraw = False
40.1773 	EXP 	text: text = u'word8.1'
40.2612 	DATA 	Mouse: Left button up, pos=(999,324)
41.1956 	EXP 	text: autoDraw = True
43.9665 	EXP 	text: autoDraw = False
43.9665 	EXP 	question: autoDraw = True
43.9665 	EXP 	self_box: autoDraw = True
43.9665 	EXP 	self_label: autoDraw = True
43.9665 	EXP 	other_box: autoDraw = True
43.9665 	EXP 	other_label: autoDraw = True
43.9665 	EXP 	self_box: fillColor = '#A6A9FF'
43.9665 	EXP 	other_box: fillColor = '#FFFCA6'
43.9832 	EXP 	self_box: fillColor = '#A6A9FF'
43.9832 	EXP 	other_box: fillColor = '#FFFCA6'
44.0000 	EXP 	self_box: fillColor = '#A6A9FF'
44.0000 	EXP 	other_box: fillColor = '#FFFCA6'
44.0167 	EXP 	self_box: fillColor = '#A6A9FF'
44.0167 	EXP 	other_box: fillColor = '#FFFCA6'
44.0333 	EXP 	self_box: fillColor = '#A6A9FF'
44.0333 	EXP 	other_box: fillColor = '#FFFCA6'
44.0501 	EXP 	self_box: fillColor = '#A6A9FF'
44.0501 	EXP 	other_box: fillColor = '#FFFCA6'
44.0667 	EXP 	self_box: fillColor = '#A6A9FF'
44.0667 	EXP 	other_box: fillColor = '#FFFCA6'
44.0834 	EXP 	self_box: fillColor = '#A6A9FF'
44.0834 	EXP 	other_box: fillColor = '#FFFCA6'
44.1002 	EXP 	self_box: fillColor = '#A6A9FF'
44.1002 	EXP 	other_box: fillColor = '#FFFCA6'
44.1169 	EXP 	self_box: fillColor = '#A6A9FF'
44.1169 	EXP 	other_box: fillColor = '#FFFCA6'
44.1336 	EXP 	self_box: fillColor = '#A6A9FF'
44.1336 	EXP 	other_box: fillColor = '#FFFCA6'
44.1502 	EXP 	self_box: fillColor = '#A6A9FF'
44.1502 	EXP 	other_box: fillColor = '#FFFCA6'
44.1669 	EXP 	self_box: fillColor = '#A6A9FF'
44.1669 	EXP 	other_box: fillColor = '#FFFCA6'
44.1836 	EXP 	self_box: fillColor = '#A6A9FF'
44.1836 	EXP 	other_box: fillColor = '#FFFCA6'
44.2003 	EXP 	self_box: fillColor = '#A6A9FF'
44.2003 	EXP 	other_box: fillColor = '#FFFCA6'
44.2170 	EXP 	self_box: fillColor = '#A6A9FF'
44.2170 	EXP 	other_box: fillColor = '#FFFCA6'
44.2336 	EXP 	self_box: fillColor = '#A6A9FF'
44.2336 	EXP 	other_box: fillColor = '#FFFCA6'
44.2503 	EXP 	self_box: fillColor = '#A6A9FF'
44.2503 	EXP 	other_box: fillColor = '#FFFCA6'
44.2672 	EXP 	self_box: fillColor = '#A6A9FF'
44.2672 	EXP 	other_box: fillColor = '#FFFCA6'
44.2838 	EXP 	self_box: fillColor = '#A6A9FF'
44.2838 	EXP 	other_box: fillColor = '#FFFCA6'
44.3004 	EXP 	self_box: fillColor = '#A6A9FF'
44.3004 	EXP 	other_box: fillColor = '#FFFCA6'
44.3171 	EXP 	self_box: fillColor = '#A6A9FF'
44.3171 	EXP 	other_box: fillColor = '#FFFCA6'
44.3338 	EXP 	self_box: fillColor = '#A6A9FF'
44.3338 	EXP 	other_box: fillColor = '#FFFCA6'
44.3505 	EXP 	self_box: fillColor = '#A6A9FF'
44.3505 	EXP 	other_box: fillColor = '#FFFCA6'
44.3673 	EXP 	self_box: fillColor = '#3E45FA'
44.3673 	EXP 	other_box: fillColor = '#FFFCA6'
44.3840 	EXP 	self_box: fillColor = '#3E45FA'
44.3840 	EXP 	other_box: fillColor = '#FFFCA6'
44.4007 	EXP 	self_box: fillColor = '#3E45FA'
44.4007 	EXP 	other_box: fillColor = '#FFFCA6'
44.4173 	EXP 	self_box: fillColor = '#3E45FA'
44.4173 	EXP 	other_box: fillColor = '#FFFCA6'
44.4339 	EXP 	self_box: fillColor = '#3E45FA'
44.4339 	EXP 	other_box: fillColor = '#FFFCA6'
44.4506 	EXP 	self_box: fillColor = '#3E45FA'
44.4506 	EXP 	other_box: fillColor = '#FFFCA6'
44.4673 	EXP 	self_box: fillColor = '#3E45FA'
44.4673 	EXP 	other_box: fillColor = '#FFFCA6'
44.4840 	EXP 	self_box: fillColor = '#3E45FA'
44.4840 	EXP 	other_box: fillColor = '#FFFCA6'
44.5007 	EXP 	self_box: fillColor = '#3E45FA'
44.5007 	EXP 	other_box: fillColor = '#FFFCA6'
44.5174 	EXP 	self_box: fillColor = '#3E45FA'
44.5174 	EXP 	other_box: fillColor = '#FFFCA6'
44.5342 	EXP 	self_box: fillColor = '#3E45FA'
44.5342 	EXP 	other_box: fillColor = '#FFFCA6'
44.5508 	EXP 	self_box: fillColor = '#3E45FA'
44.5508 	EXP 	other_box: fillColor = '#FFFCA6'
44.5677 	EXP 	self_box: fillColor = '#3E45FA'
44.5677 	EXP 	other_box: fillColor = '#FFFCA6'
44.5843 	EXP 	self_box: fillColor = '#3E45FA'
44.5843 	EXP 	other_box: fillColor = '#FFFCA6'
44.6010 	EXP 	self_box: fillColor = '#3E45FA'
44.6010 	EXP 	other_box: fillColor = '#FFFCA6'
44.6176 	EXP 	self_box: fillColor = '#3E45FA'
44.6176 	EXP 	other_box: fillColor = '#FFFCA6'
44.6344 	EXP 	self_box: fillColor = '#3E45FA'
44.6344 	EXP 	other_box: fillColor = '#FFFCA6'
44.6510 	EXP 	self_box: fillColor = '#3E45FA'
44.6510 	EXP 	other_box: fillColor = '#FFFCA6'
44.6676 	EXP 	self_box: fillColor = '#3E45FA'
44.6676 	EXP 	other_box: fillColor = '#FFFCA6'
44.6682 	DATA 	Mouse: Left button down, pos=(388,279)
44.6707 	EXP 	New trial (rep=0, index=7): {'word': u'word3.1', 'amount': u'0.9', 'list': u'list3', 'trialtype': u'speed', 'trialtype_extended': u'slow_small'}
44.7011 	EXP 	self_box: fillColor = '#3E45FA'
44.7011 	EXP 	other_box: fillColor = '#FFFCA6'
44.7011 	EXP 	question: autoDraw = False
44.7011 	EXP 	self_box: autoDraw = False
44.7011 	EXP 	self_label: autoDraw = False
44.7011 	EXP 	other_box: autoDraw = False
44.7011 	EXP 	other_label: autoDraw = False
44.7011 	EXP 	text: text = u'word3.1'
44.7185 	DATA 	Mouse: Left button up, pos=(388,279)
45.7027 	EXP 	text: autoDraw = True
48.7577 	EXP 	text: autoDraw = False
48.7577 	EXP 	question: autoDraw = True
48.7577 	EXP 	self_box: autoDraw = True
48.7577 	EXP 	self_label: autoDraw = True
48.7577 	EXP 	other_box: autoDraw = True
48.7577 	EXP 	other_label: autoDraw = True
48.7577 	EXP 	self_box: fillColor = '#A6A9FF'
48.7577 	EXP 	other_box: fillColor = '#FFFCA6'
48.7743 	EXP 	self_box: fillColor = '#A6A9FF'
48.7743 	EXP 	other_box: fillColor = '#FFFCA6'
48.7911 	EXP 	self_box: fillColor = '#A6A9FF'
48.7911 	EXP 	other_box: fillColor = '#FFFCA6'
48.8076 	EXP 	self_box: fillColor = '#A6A9FF'
48.8076 	EXP 	other_box: fillColor = '#FFFCA6'
48.8244 	EXP 	self_box: fillColor = '#A6A9FF'
48.8244 	EXP 	other_box: fillColor = '#FFFCA6'
48.8411 	EXP 	self_box: fillColor = '#A6A9FF'
48.8411 	EXP 	other_box: fillColor = '#FFFCA6'
48.8577 	EXP 	self_box: fillColor = '#A6A9FF'
48.8577 	EXP 	other_box: fillColor = '#FFFCA6'
48.8744 	EXP 	self_box: fillColor = '#A6A9FF'
48.8744 	EXP 	other_box: fillColor = '#FFFCA6'
48.8910 	EXP 	self_box: fillColor = '#A6A9FF'
48.8910 	EXP 	other_box: fillColor = '#FFFCA6'
48.9077 	EXP 	self_box: fillColor = '#A6A9FF'
48.9077 	EXP 	other_box: fillColor = '#FFFCA6'
48.9244 	EXP 	self_box: fillColor = '#A6A9FF'
48.9244 	EXP 	other_box: fillColor = '#FFFCA6'
48.9411 	EXP 	self_box: fillColor = '#A6A9FF'
48.9411 	EXP 	other_box: fillColor = '#FFFCA6'
48.9577 	EXP 	self_box: fillColor = '#A6A9FF'
48.9577 	EXP 	other_box: fillColor = '#FFFCA6'
48.9744 	EXP 	self_box: fillColor = '#A6A9FF'
48.9744 	EXP 	other_box: fillColor = '#FFFCA6'
48.9911 	EXP 	self_box: fillColor = '#A6A9FF'
48.9911 	EXP 	other_box: fillColor = '#FFFCA6'
49.0079 	EXP 	self_box: fillColor = '#A6A9FF'
49.0079 	EXP 	other_box: fillColor = '#FFFCA6'
49.0245 	EXP 	self_box: fillColor = '#A6A9FF'
49.0245 	EXP 	other_box: fillColor = '#FFFCA6'
49.0412 	EXP 	self_box: fillColor = '#A6A9FF'
49.0412 	EXP 	other_box: fillColor = '#FFFCA6'
49.0579 	EXP 	self_box: fillColor = '#A6A9FF'
49.0579 	EXP 	other_box: fillColor = '#FFFCA6'
49.0747 	EXP 	self_box: fillColor = '#A6A9FF'
49.0747 	EXP 	other_box: fillColor = '#FFFCA6'
49.0913 	EXP 	self_box: fillColor = '#A6A9FF'
49.0913 	EXP 	other_box: fillColor = '#FFFCA6'
49.1082 	EXP 	self_box: fillColor = '#A6A9FF'
49.1082 	EXP 	other_box: fillColor = '#FFFCA6'
49.1248 	EXP 	self_box: fillColor = '#A6A9FF'
49.1248 	EXP 	other_box: fillColor = '#FFFCA6'
49.1415 	EXP 	self_box: fillColor = '#A6A9FF'
49.1415 	EXP 	other_box: fillColor = '#FFFCA6'
49.1582 	EXP 	self_box: fillColor = '#A6A9FF'
49.1582 	EXP 	other_box: fillColor = '#FFFCA6'
49.1749 	EXP 	self_box: fillColor = '#A6A9FF'
49.1749 	EXP 	other_box: fillColor = '#FFFCA6'
49.1916 	EXP 	self_box: fillColor = '#A6A9FF'
49.1916 	EXP 	other_box: fillColor = '#FFFCA6'
49.2083 	EXP 	self_box: fillColor = '#A6A9FF'
49.2083 	EXP 	other_box: fillColor = '#FFFCA6'
49.2250 	EXP 	self_box: fillColor = '#A6A9FF'
49.2250 	EXP 	other_box: fillColor = '#FFFCA6'
49.2417 	EXP 	self_box: fillColor = '#A6A9FF'
49.2417 	EXP 	other_box: fillColor = '#FAF33E'
49.2584 	EXP 	self_box: fillColor = '#A6A9FF'
49.2584 	EXP 	other_box: fillColor = '#FAF33E'
49.2750 	EXP 	self_box: fillColor = '#A6A9FF'
49.2750 	EXP 	other_box: fillColor = '#FAF33E'
49.2918 	EXP 	self_box: fillColor = '#A6A9FF'
49.2918 	EXP 	other_box: fillColor = '#FAF33E'
49.3085 	EXP 	self_box: fillColor = '#A6A9FF'
49.3085 	EXP 	other_box: fillColor = '#FAF33E'
49.3251 	EXP 	self_box: fillColor = '#A6A9FF'
49.3251 	EXP 	other_box: fillColor = '#FAF33E'
49.3417 	EXP 	self_box: fillColor = '#A6A9FF'
49.3417 	EXP 	other_box: fillColor = '#FAF33E'
49.3585 	EXP 	self_box: fillColor = '#A6A9FF'
49.3585 	EXP 	other_box: fillColor = '#FAF33E'
49.3753 	EXP 	self_box: fillColor = '#A6A9FF'
49.3753 	EXP 	other_box: fillColor = '#FAF33E'
49.3919 	EXP 	self_box: fillColor = '#A6A9FF'
49.3919 	EXP 	other_box: fillColor = '#FAF33E'
49.4087 	EXP 	self_box: fillColor = '#A6A9FF'
49.4087 	EXP 	other_box: fillColor = '#FAF33E'
49.4254 	EXP 	self_box: fillColor = '#A6A9FF'
49.4254 	EXP 	other_box: fillColor = '#FAF33E'
49.4420 	EXP 	self_box: fillColor = '#A6A9FF'
49.4420 	EXP 	other_box: fillColor = '#FAF33E'
49.4587 	EXP 	self_box: fillColor = '#A6A9FF'
49.4587 	EXP 	other_box: fillColor = '#FAF33E'
49.4754 	EXP 	self_box: fillColor = '#A6A9FF'
49.4754 	EXP 	other_box: fillColor = '#FAF33E'
49.4923 	EXP 	self_box: fillColor = '#A6A9FF'
49.4923 	EXP 	other_box: fillColor = '#FAF33E'
49.5087 	EXP 	self_box: fillColor = '#A6A9FF'
49.5087 	EXP 	other_box: fillColor = '#FAF33E'
49.5255 	EXP 	self_box: fillColor = '#A6A9FF'
49.5255 	EXP 	other_box: fillColor = '#FAF33E'
49.5421 	EXP 	self_box: fillColor = '#A6A9FF'
49.5421 	EXP 	other_box: fillColor = '#FAF33E'
49.5428 	DATA 	Mouse: Left button down, pos=(939,319)
49.5462 	EXP 	New trial (rep=0, index=8): {'word': u'word1.1', 'amount': u'1.5', 'list': u'list1', 'trialtype': u'pitch', 'trialtype_extended': u'pitch_higher_small'}
49.5588 	EXP 	self_box: fillColor = '#A6A9FF'
49.5588 	EXP 	other_box: fillColor = '#FAF33E'
49.5588 	EXP 	question: autoDraw = False
49.5588 	EXP 	self_box: autoDraw = False
49.5588 	EXP 	self_label: autoDraw = False
49.5588 	EXP 	other_box: autoDraw = False
49.5588 	EXP 	other_label: autoDraw = False
49.5588 	EXP 	text: text = u'word1.1'
49.6096 	DATA 	Mouse: Left button up, pos=(939,319)
50.5771 	EXP 	text: autoDraw = True
52.9642 	EXP 	text: autoDraw = False
52.9642 	EXP 	question: autoDraw = True
52.9642 	EXP 	self_box: autoDraw = True
52.9642 	EXP 	self_label: autoDraw = True
52.9642 	EXP 	other_box: autoDraw = True
52.9642 	EXP 	other_label: autoDraw = True
52.9642 	EXP 	self_box: fillColor = '#A6A9FF'
52.9642 	EXP 	other_box: fillColor = '#FFFCA6'
52.9809 	EXP 	self_box: fillColor = '#A6A9FF'
52.9809 	EXP 	other_box: fillColor = '#FFFCA6'
52.9977 	EXP 	self_box: fillColor = '#A6A9FF'
52.9977 	EXP 	other_box: fillColor = '#FFFCA6'
53.0142 	EXP 	self_box: fillColor = '#A6A9FF'
53.0142 	EXP 	other_box: fillColor = '#FFFCA6'
53.0310 	EXP 	self_box: fillColor = '#A6A9FF'
53.0310 	EXP 	other_box: fillColor = '#FFFCA6'
53.0477 	EXP 	self_box: fillColor = '#A6A9FF'
53.0477 	EXP 	other_box: fillColor = '#FFFCA6'
53.0644 	EXP 	self_box: fillColor = '#A6A9FF'
53.0644 	EXP 	other_box: fillColor = '#FFFCA6'
53.0811 	EXP 	self_box: fillColor = '#A6A9FF'
53.0811 	EXP 	other_box: fillColor = '#FFFCA6'
53.0978 	EXP 	self_box: fillColor = '#A6A9FF'
53.0978 	EXP 	other_box: fillColor = '#FFFCA6'
53.1144 	EXP 	self_box: fillColor = '#A6A9FF'
53.1144 	EXP 	other_box: fillColor = '#FFFCA6'
53.1311 	EXP 	self_box: fillColor = '#A6A9FF'
53.1311 	EXP 	other_box: fillColor = '#FFFCA6'
53.1479 	EXP 	self_box: fillColor = '#A6A9FF'
53.1479 	EXP 	other_box: fillColor = '#FFFCA6'
53.1646 	EXP 	self_box: fillColor = '#A6A9FF'
53.1646 	EXP 	other_box: fillColor = '#FFFCA6'
53.1813 	EXP 	self_box: fillColor = '#A6A9FF'
53.1813 	EXP 	other_box: fillColor = '#FFFCA6'
53.1980 	EXP 	self_box: fillColor = '#A6A9FF'
53.1980 	EXP 	other_box: fillColor = '#FFFCA6'
53.2147 	EXP 	self_box: fillColor = '#A6A9FF'
53.2147 	EXP 	other_box: fillColor = '#FFFCA6'
53.2313 	EXP 	self_box: fillColor = '#A6A9FF'
53.2313 	EXP 	other_box: fillColor = '#FFFCA6'
53.2480 	EXP 	self_box: fillColor = '#A6A9FF'
53.2480 	EXP 	other_box: fillColor = '#FFFCA6'
53.2647 	EXP 	self_box: fillColor = '#A6A9FF'
53.2647 	EXP 	other_box: fillColor = '#FFFCA6'
53.2815 	EXP 	self_box: fillColor = '#A6A9FF'
53.2815 	EXP 	other_box: fillColor = '#FFFCA6'
53.2982 	EXP 	self_box: fillColor = '#A6A9FF'
53.2982 	EXP 	other_box: fillColor = '#FFFCA6'
53.3149 	EXP 	self_box: fillColor = '#A6A9FF'
53.3149 	EXP 	other_box: fillColor = '#FFFCA6'
53.3315 	EXP 	self_box: fillColor = '#A6A9FF'
53.3315 	EXP 	other_box: fillColor = '#FFFCA6'
53.3482 	EXP 	self_box: fillColor = '#A6A9FF'
53.3482 	EXP 	other_box: fillColor = '#FFFCA6'
53.3649 	EXP 	self_box: fillColor = '#A6A9FF'
53.3649 	EXP 	other_box: fillColor = '#FFFCA6'
53.3815 	EXP 	self_box: fillColor = '#A6A9FF'
53.3815 	EXP 	other_box: fillColor = '#FFFCA6'
53.3982 	EXP 	self_box: fillColor = '#A6A9FF'
53.3982 	EXP 	other_box: fillColor = '#FFFCA6'
53.4149 	EXP 	self_box: fillColor = '#3E45FA'
53.4149 	EXP 	other_box: fillColor = '#FFFCA6'
53.4317 	EXP 	self_box: fillColor = '#3E45FA'
53.4317 	EXP 	other_box: fillColor = '#FFFCA6'
53.4484 	EXP 	self_box: fillColor = '#3E45FA'
53.4484 	EXP 	other_box: fillColor = '#FFFCA6'
53.4650 	EXP 	self_box: fillColor = '#3E45FA'
53.4650 	EXP 	other_box: fillColor = '#FFFCA6'
53.4818 	EXP 	self_box: fillColor = '#3E45FA'
53.4818 	EXP 	other_box: fillColor = '#FFFCA6'
53.4984 	EXP 	self_box: fillColor = '#3E45FA'
53.4984 	EXP 	other_box: fillColor = '#FFFCA6'
53.5151 	EXP 	self_box: fillColor = '#3E45FA'
53.5151 	EXP 	other_box: fillColor = '#FFFCA6'
53.5318 	EXP 	self_box: fillColor = '#3E45FA'
53.5318 	EXP 	other_box: fillColor = '#FFFCA6'
53.5486 	EXP 	self_box: fillColor = '#3E45FA'
53.5486 	EXP 	other_box: fillColor = '#FFFCA6'
53.5652 	EXP 	self_box: fillColor = '#3E45FA'
53.5652 	EXP 	other_box: fillColor = '#FFFCA6'
53.5819 	EXP 	self_box: fillColor = '#3E45FA'
53.5819 	EXP 	other_box: fillColor = '#FFFCA6'
53.5985 	EXP 	self_box: fillColor = '#3E45FA'
53.5985 	EXP 	other_box: fillColor = '#FFFCA6'
53.6154 	EXP 	self_box: fillColor = '#3E45FA'
53.6154 	EXP 	other_box: fillColor = '#FFFCA6'
53.6320 	EXP 	self_box: fillColor = '#3E45FA'
53.6320 	EXP 	other_box: fillColor = '#FFFCA6'
53.6486 	EXP 	self_box: fillColor = '#3E45FA'
53.6486 	EXP 	other_box: fillColor = '#FFFCA6'
53.6653 	EXP 	self_box: fillColor = '#3E45FA'
53.6653 	EXP 	other_box: fillColor = '#FFFCA6'
53.6822 	EXP 	self_box: fillColor = '#3E45FA'
53.6822 	EXP 	other_box: fillColor = '#FFFCA6'
53.6989 	EXP 	self_box: fillColor = '#3E45FA'
53.6989 	EXP 	other_box: fillColor = '#FFFCA6'
53.7155 	EXP 	self_box: fillColor = '#3E45FA'
53.7155 	EXP 	other_box: fillColor = '#FFFCA6'
53.7322 	EXP 	self_box: fillColor = '#3E45FA'
53.7322 	EXP 	other_box: fillColor = '#FFFCA6'
53.7490 	EXP 	self_box: fillColor = '#3E45FA'
53.7490 	EXP 	other_box: fillColor = '#FFFCA6'
53.7526 	DATA 	Mouse: Left button down, pos=(432,292)
53.7655 	EXP 	self_box: fillColor = '#3E45FA'
53.7655 	EXP 	other_box: fillColor = '#FFFCA6'
53.7821 	EXP 	self_box: fillColor = '#3E45FA'
53.7821 	EXP 	other_box: fillColor = '#FFFCA6'
53.7821 	EXP 	question: autoDraw = False
53.7821 	EXP 	self_box: autoDraw = False
53.7821 	EXP 	self_label: autoDraw = False
53.7821 	EXP 	other_box: autoDraw = False
53.7821 	EXP 	other_label: autoDraw = False
53.7821 	EXP 	text_3: autoDraw = True
53.7829 	DATA 	Mouse: Left button up, pos=(432,292)
