22.5164 	WARNING 	Movie2 stim could not be imported and won't be available
23.4324 	WARNING 	TextBox stim could not be imported and won't be available.
23.4324 	WARNING 	TextBox Font Manager Found No Fonts.
24.0025 	EXP 	Created window1 = Window(allowGUI=False, allowStencil=False, autoLog=True, bitsMode=UNKNOWN, blendMode='avg', color=array([-1., -1., -1.]), colorSpace='rgb', fullscr=UNKNOWN, gamma=None, lms=UNKNOWN, monitor=<psychopy.monitors.calibTools.Monitor instance at 0x10dd1f08>, name='window1', pos=[0, 0], screen=0, size=array([1440,  900]), stereo=False, units=u'norm', useFBO=True, viewOri=0.0, viewPos=None, viewScale=None, waitBlanking=True, winType='pyglet')
24.0026 	EXP 	window1: recordFrameIntervals = False
24.1678 	EXP 	window1: recordFrameIntervals = True
24.3510 	EXP 	window1: recordFrameIntervals = False
24.5032 	EXP 	Created text_4 = TextStim(alignHoriz='center', alignVert='center', antialias=True, autoLog=True, bold=False, color='white', colorSpace='named', contrast=1.0, depth=0.0, flipHoriz=False, flipVert=False, font='Arial', fontFiles=[], height=0.1, italic=False, name='text_4', opacity=1.0, ori=0, pos=array([ 0.,  0.]), rgb=array([ 255.,  255.,  255.]), text=u'Instructions will go here.', units=u'norm', win=Window(...), wrapWidth=1)
25.5297 	EXP 	Created text = TextStim(alignHoriz='center', alignVert='center', antialias=True, autoLog=True, bold=False, color='white', colorSpace='named', contrast=1.0, depth=-1.0, flipHoriz=False, flipVert=False, font='Arial', fontFiles=[], height=0.1, italic=False, name='text', opacity=1.0, ori=0, pos=array([ 0.,  0.]), rgb=array([ 255.,  255.,  255.]), text=u'default text', units=u'norm', win=Window(...), wrapWidth=1)
25.5413 	EXP 	Created question = TextStim(alignHoriz='center', alignVert='center', antialias=True, autoLog=True, bold=False, color='white', colorSpace='named', contrast=1.0, depth=0.0, flipHoriz=False, flipVert=False, font='Arial', fontFiles=[], height=0.1, italic=False, name='question', opacity=1.0, ori=0, pos=array([ 0. ,  0.5]), rgb=array([ 255.,  255.,  255.]), text=u'Whose voice did you hear?', units=u'norm', win=Window(...), wrapWidth=2)
25.5419 	EXP 	<method-wrapper '__getattribute__' of attributeSetter object at 0x916ca70>: vertices = array([[-0.25,  0.25],
       [ 0.25,  0.25],
       [ 0.25, -0.25],
       [-0.25, -0.25]])
25.5441 	EXP 	Created self_box = Rect(autoDraw=False, autoLog=True, closeShape=True, contrast=1.0, depth=-1.0, fillColor='#A6A9FF', fillColorSpace='hex', fillRGB=array([166, 169, 255]), interpolate=True, lineColor='#3E45FA', lineColorSpace='hex', lineRGB=array([ 62,  69, 250]), lineWidth=5, name='self_box', opacity=1.0, ori=array(0.0), pos=array([-0.5, -0.5]), size=array([ 1.,  1.]), units=u'norm', vertices=ndarray(...), win=Window(...))
25.5493 	EXP 	Created self_label = TextStim(alignHoriz='center', alignVert='center', antialias=True, autoLog=True, bold=False, color='black', colorSpace='named', contrast=1.0, depth=-2.0, flipHoriz=False, flipVert=False, font='Arial', fontFiles=[], height=0.1, italic=False, name='self_label', opacity=1.0, ori=0, pos=array([-0.5, -0.5]), rgb=array([ 0.,  0.,  0.]), text=u'Mine', units=u'norm', win=Window(...), wrapWidth=1)
25.5498 	EXP 	<method-wrapper '__getattribute__' of attributeSetter object at 0x916ca70>: vertices = array([[-0.25,  0.25],
       [ 0.25,  0.25],
       [ 0.25, -0.25],
       [-0.25, -0.25]])
25.5519 	EXP 	Created other_box = Rect(autoDraw=False, autoLog=True, closeShape=True, contrast=1.0, depth=-3.0, fillColor='#FFFCA6', fillColorSpace='hex', fillRGB=array([255, 252, 166]), interpolate=True, lineColor='#FAF33E', lineColorSpace='hex', lineRGB=array([250, 243,  62]), lineWidth=5, name='other_box', opacity=1.0, ori=array(0.0), pos=array([ 0.5, -0.5]), size=array([ 1.,  1.]), units=u'norm', vertices=ndarray(...), win=Window(...))
25.5599 	EXP 	Created other_label = TextStim(alignHoriz='center', alignVert='center', antialias=True, autoLog=True, bold=False, color='black', colorSpace='named', contrast=1.0, depth=-4.0, flipHoriz=False, flipVert=False, font='Arial', fontFiles=[], height=0.1, italic=False, name='other_label', opacity=1.0, ori=0, pos=array([ 0.5, -0.5]), rgb=array([ 0.,  0.,  0.]), text=u'Other', units=u'norm', win=Window(...), wrapWidth=1)
25.5775 	EXP 	Created text_3 = TextStim(alignHoriz='center', alignVert='center', antialias=True, autoLog=True, bold=False, color=u'white', colorSpace='named', contrast=1.0, depth=0.0, flipHoriz=False, flipVert=False, font=u'Arial', fontFiles=[], height=0.1, italic=False, name='text_3', opacity=1.0, ori=0, pos=array([ 0.,  0.]), rgb=array([ 255.,  255.,  255.]), text=u'Thank you for participating!', units=u'norm', win=Window(...), wrapWidth=1)
25.5844 	EXP 	Created results_text = TextStim(alignHoriz='center', alignVert='center', antialias=True, autoLog=True, bold=False, color=u'white', colorSpace='named', contrast=1.0, depth=0.0, flipHoriz=False, flipVert=False, font=u'Arial', fontFiles=[], height=0.1, italic=False, name='results_text', opacity=1.0, ori=0, pos=array([ 0.,  0.]), rgb=array([ 255.,  255.,  255.]), text=u'default text', units=u'norm', win=Window(...), wrapWidth=2)
25.6030 	EXP 	text_4: autoDraw = True
30.5881 	EXP 	Imported /Volumes/Macintosh HD/Users/poppe076/Desktop/source_monitoring_task/data/ok_source_monitoring_2015_Jun_24_1523_wordlist.csv as conditions, 90 conditions, 5 params
30.5892 	EXP 	Created sequence: sequential, trialTypes=90, nReps=1, seed=None
30.7284 	EXP 	New trial (rep=0, index=0): {'word': 'word2.29', 'amount': -0.5, 'list': 'list2', 'trialtype': 'pitch lower', 'block': 0}
30.7658 	EXP 	text_4: autoDraw = False
30.7658 	EXP 	text_4: autoDraw = False
30.7658 	EXP 	text: text = 'word2.29'
31.7467 	EXP 	text: autoDraw = True
34.3672 	EXP 	text: autoDraw = False
34.3672 	EXP 	question: autoDraw = True
34.3672 	EXP 	self_box: autoDraw = True
34.3672 	EXP 	self_label: autoDraw = True
34.3672 	EXP 	other_box: autoDraw = True
34.3672 	EXP 	other_label: autoDraw = True
34.3672 	EXP 	self_box: fillColor = '#A6A9FF'
34.3672 	EXP 	other_box: fillColor = '#FFFCA6'
34.3848 	EXP 	self_box: fillColor = '#A6A9FF'
34.3848 	EXP 	other_box: fillColor = '#FFFCA6'
34.4032 	EXP 	self_box: fillColor = '#A6A9FF'
34.4032 	EXP 	other_box: fillColor = '#FFFCA6'
34.4230 	EXP 	self_box: fillColor = '#A6A9FF'
34.4230 	EXP 	other_box: fillColor = '#FFFCA6'
34.4336 	EXP 	self_box: fillColor = '#A6A9FF'
34.4336 	EXP 	other_box: fillColor = '#FFFCA6'
34.4510 	EXP 	self_box: fillColor = '#A6A9FF'
34.4510 	EXP 	other_box: fillColor = '#FFFCA6'
34.4702 	EXP 	self_box: fillColor = '#A6A9FF'
34.4702 	EXP 	other_box: fillColor = '#FFFCA6'
34.4900 	EXP 	self_box: fillColor = '#A6A9FF'
34.4900 	EXP 	other_box: fillColor = '#FFFCA6'
34.5010 	EXP 	self_box: fillColor = '#A6A9FF'
34.5010 	EXP 	other_box: fillColor = '#FFFCA6'
34.5176 	EXP 	self_box: fillColor = '#A6A9FF'
34.5176 	EXP 	other_box: fillColor = '#FFFCA6'
34.5371 	EXP 	self_box: fillColor = '#A6A9FF'
34.5371 	EXP 	other_box: fillColor = '#FFFCA6'
34.5562 	EXP 	self_box: fillColor = '#A6A9FF'
34.5562 	EXP 	other_box: fillColor = '#FFFCA6'
34.5679 	EXP 	self_box: fillColor = '#A6A9FF'
34.5679 	EXP 	other_box: fillColor = '#FFFCA6'
34.5843 	EXP 	self_box: fillColor = '#A6A9FF'
34.5843 	EXP 	other_box: fillColor = '#FFFCA6'
34.6057 	EXP 	self_box: fillColor = '#A6A9FF'
34.6057 	EXP 	other_box: fillColor = '#FFFCA6'
34.6217 	EXP 	self_box: fillColor = '#A6A9FF'
34.6217 	EXP 	other_box: fillColor = '#FFFCA6'
34.6349 	EXP 	self_box: fillColor = '#A6A9FF'
34.6349 	EXP 	other_box: fillColor = '#FFFCA6'
34.6515 	EXP 	self_box: fillColor = '#A6A9FF'
34.6515 	EXP 	other_box: fillColor = '#FFFCA6'
34.6677 	EXP 	self_box: fillColor = '#A6A9FF'
34.6677 	EXP 	other_box: fillColor = '#FFFCA6'
34.6842 	EXP 	self_box: fillColor = '#A6A9FF'
34.6842 	EXP 	other_box: fillColor = '#FFFCA6'
34.7040 	EXP 	self_box: fillColor = '#A6A9FF'
34.7040 	EXP 	other_box: fillColor = '#FFFCA6'
34.7216 	EXP 	self_box: fillColor = '#A6A9FF'
34.7216 	EXP 	other_box: fillColor = '#FFFCA6'
34.7344 	EXP 	self_box: fillColor = '#A6A9FF'
34.7344 	EXP 	other_box: fillColor = '#FFFCA6'
34.7512 	EXP 	self_box: fillColor = '#A6A9FF'
34.7512 	EXP 	other_box: fillColor = '#FFFCA6'
34.7730 	EXP 	self_box: fillColor = '#A6A9FF'
34.7730 	EXP 	other_box: fillColor = '#FFFCA6'
34.7916 	EXP 	self_box: fillColor = '#A6A9FF'
34.7916 	EXP 	other_box: fillColor = '#FFFCA6'
34.8013 	EXP 	self_box: fillColor = '#A6A9FF'
34.8013 	EXP 	other_box: fillColor = '#FFFCA6'
34.8176 	EXP 	self_box: fillColor = '#A6A9FF'
34.8176 	EXP 	other_box: fillColor = '#FFFCA6'
34.8343 	EXP 	self_box: fillColor = '#A6A9FF'
34.8343 	EXP 	other_box: fillColor = '#FFFCA6'
34.8538 	EXP 	self_box: fillColor = '#A6A9FF'
34.8538 	EXP 	other_box: fillColor = '#FFFCA6'
34.8736 	EXP 	self_box: fillColor = '#A6A9FF'
34.8736 	EXP 	other_box: fillColor = '#FFFCA6'
34.8844 	EXP 	self_box: fillColor = '#A6A9FF'
34.8844 	EXP 	other_box: fillColor = '#FFFCA6'
34.9011 	EXP 	self_box: fillColor = '#A6A9FF'
34.9011 	EXP 	other_box: fillColor = '#FFFCA6'
34.9179 	EXP 	self_box: fillColor = '#A6A9FF'
34.9179 	EXP 	other_box: fillColor = '#FFFCA6'
34.9373 	EXP 	self_box: fillColor = '#A6A9FF'
34.9373 	EXP 	other_box: fillColor = '#FFFCA6'
34.9570 	EXP 	self_box: fillColor = '#A6A9FF'
34.9570 	EXP 	other_box: fillColor = '#FFFCA6'
34.9684 	EXP 	self_box: fillColor = '#A6A9FF'
34.9684 	EXP 	other_box: fillColor = '#FFFCA6'
34.9845 	EXP 	self_box: fillColor = '#A6A9FF'
34.9845 	EXP 	other_box: fillColor = '#FFFCA6'
35.0012 	EXP 	self_box: fillColor = '#A6A9FF'
35.0012 	EXP 	other_box: fillColor = '#FFFCA6'
35.0228 	EXP 	self_box: fillColor = '#A6A9FF'
35.0228 	EXP 	other_box: fillColor = '#FFFCA6'
35.0406 	EXP 	self_box: fillColor = '#A6A9FF'
35.0406 	EXP 	other_box: fillColor = '#FFFCA6'
35.0520 	EXP 	self_box: fillColor = '#A6A9FF'
35.0520 	EXP 	other_box: fillColor = '#FFFCA6'
35.0681 	EXP 	self_box: fillColor = '#A6A9FF'
35.0681 	EXP 	other_box: fillColor = '#FFFCA6'
35.0854 	EXP 	self_box: fillColor = '#A6A9FF'
35.0854 	EXP 	other_box: fillColor = '#FFFCA6'
35.1045 	EXP 	self_box: fillColor = '#A6A9FF'
35.1045 	EXP 	other_box: fillColor = '#FFFCA6'
35.1237 	EXP 	self_box: fillColor = '#A6A9FF'
35.1237 	EXP 	other_box: fillColor = '#FFFCA6'
35.1350 	EXP 	self_box: fillColor = '#A6A9FF'
35.1350 	EXP 	other_box: fillColor = '#FFFCA6'
35.1523 	EXP 	self_box: fillColor = '#A6A9FF'
35.1523 	EXP 	other_box: fillColor = '#FFFCA6'
35.1710 	EXP 	self_box: fillColor = '#3E45FA'
35.1710 	EXP 	other_box: fillColor = '#FFFCA6'
35.1906 	EXP 	self_box: fillColor = '#3E45FA'
35.1906 	EXP 	other_box: fillColor = '#FFFCA6'
35.2024 	EXP 	self_box: fillColor = '#A6A9FF'
35.2024 	EXP 	other_box: fillColor = '#FFFCA6'
35.2182 	EXP 	self_box: fillColor = '#A6A9FF'
35.2182 	EXP 	other_box: fillColor = '#FFFCA6'
35.2353 	EXP 	self_box: fillColor = '#A6A9FF'
35.2353 	EXP 	other_box: fillColor = '#FFFCA6'
35.2564 	EXP 	self_box: fillColor = '#A6A9FF'
35.2564 	EXP 	other_box: fillColor = '#FFFCA6'
35.2743 	EXP 	self_box: fillColor = '#A6A9FF'
35.2743 	EXP 	other_box: fillColor = '#FFFCA6'
35.2856 	EXP 	self_box: fillColor = '#A6A9FF'
35.2856 	EXP 	other_box: fillColor = '#FFFCA6'
35.3016 	EXP 	self_box: fillColor = '#A6A9FF'
35.3016 	EXP 	other_box: fillColor = '#FFFCA6'
35.3190 	EXP 	self_box: fillColor = '#A6A9FF'
35.3190 	EXP 	other_box: fillColor = '#FFFCA6'
35.3402 	EXP 	self_box: fillColor = '#A6A9FF'
35.3402 	EXP 	other_box: fillColor = '#FFFCA6'
35.3580 	EXP 	self_box: fillColor = '#A6A9FF'
35.3580 	EXP 	other_box: fillColor = '#FFFCA6'
35.3697 	EXP 	self_box: fillColor = '#A6A9FF'
35.3697 	EXP 	other_box: fillColor = '#FFFCA6'
35.3863 	EXP 	self_box: fillColor = '#A6A9FF'
35.3863 	EXP 	other_box: fillColor = '#FFFCA6'
35.4024 	EXP 	self_box: fillColor = '#A6A9FF'
35.4024 	EXP 	other_box: fillColor = '#FFFCA6'
35.4188 	EXP 	self_box: fillColor = '#A6A9FF'
35.4188 	EXP 	other_box: fillColor = '#FFFCA6'
35.4369 	EXP 	self_box: fillColor = '#A6A9FF'
35.4369 	EXP 	other_box: fillColor = '#FFFCA6'
35.4570 	EXP 	self_box: fillColor = '#A6A9FF'
35.4570 	EXP 	other_box: fillColor = '#FFFCA6'
35.4727 	EXP 	self_box: fillColor = '#A6A9FF'
35.4727 	EXP 	other_box: fillColor = '#FFFCA6'
35.4860 	EXP 	self_box: fillColor = '#A6A9FF'
35.4860 	EXP 	other_box: fillColor = '#FFFCA6'
35.5025 	EXP 	self_box: fillColor = '#A6A9FF'
35.5025 	EXP 	other_box: fillColor = '#FFFCA6'
35.5242 	EXP 	self_box: fillColor = '#A6A9FF'
35.5242 	EXP 	other_box: fillColor = '#FFFCA6'
35.5414 	EXP 	self_box: fillColor = '#A6A9FF'
35.5414 	EXP 	other_box: fillColor = '#FFFCA6'
35.5531 	EXP 	self_box: fillColor = '#A6A9FF'
35.5531 	EXP 	other_box: fillColor = '#FFFCA6'
35.5693 	EXP 	self_box: fillColor = '#A6A9FF'
35.5693 	EXP 	other_box: fillColor = '#FFFCA6'
35.5856 	EXP 	self_box: fillColor = '#A6A9FF'
35.5856 	EXP 	other_box: fillColor = '#FFFCA6'
35.6023 	EXP 	self_box: fillColor = '#3E45FA'
35.6023 	EXP 	other_box: fillColor = '#FFFCA6'
35.6237 	EXP 	self_box: fillColor = '#3E45FA'
35.6237 	EXP 	other_box: fillColor = '#FFFCA6'
35.6398 	EXP 	self_box: fillColor = '#3E45FA'
35.6398 	EXP 	other_box: fillColor = '#FFFCA6'
35.6529 	EXP 	self_box: fillColor = '#3E45FA'
35.6529 	EXP 	other_box: fillColor = '#FFFCA6'
35.6692 	EXP 	self_box: fillColor = '#3E45FA'
35.6692 	EXP 	other_box: fillColor = '#FFFCA6'
35.6859 	EXP 	self_box: fillColor = '#3E45FA'
35.6859 	EXP 	other_box: fillColor = '#FFFCA6'
35.7030 	EXP 	self_box: fillColor = '#3E45FA'
35.7030 	EXP 	other_box: fillColor = '#FFFCA6'
35.7240 	EXP 	self_box: fillColor = '#3E45FA'
35.7240 	EXP 	other_box: fillColor = '#FFFCA6'
35.7399 	EXP 	self_box: fillColor = '#3E45FA'
35.7399 	EXP 	other_box: fillColor = '#FFFCA6'
35.7534 	EXP 	self_box: fillColor = '#3E45FA'
35.7534 	EXP 	other_box: fillColor = '#FFFCA6'
35.7693 	EXP 	self_box: fillColor = '#3E45FA'
35.7693 	EXP 	other_box: fillColor = '#FFFCA6'
35.7869 	EXP 	self_box: fillColor = '#3E45FA'
35.7869 	EXP 	other_box: fillColor = '#FFFCA6'
35.8074 	EXP 	self_box: fillColor = '#3E45FA'
35.8074 	EXP 	other_box: fillColor = '#FFFCA6'
35.8249 	EXP 	self_box: fillColor = '#3E45FA'
35.8249 	EXP 	other_box: fillColor = '#FFFCA6'
35.8363 	EXP 	self_box: fillColor = '#3E45FA'
35.8363 	EXP 	other_box: fillColor = '#FFFCA6'
35.8528 	EXP 	self_box: fillColor = '#3E45FA'
35.8528 	EXP 	other_box: fillColor = '#FFFCA6'
35.8706 	EXP 	self_box: fillColor = '#3E45FA'
35.8706 	EXP 	other_box: fillColor = '#FFFCA6'
35.8891 	EXP 	self_box: fillColor = '#3E45FA'
35.8891 	EXP 	other_box: fillColor = '#FFFCA6'
35.9086 	EXP 	self_box: fillColor = '#3E45FA'
35.9086 	EXP 	other_box: fillColor = '#FFFCA6'
35.9197 	EXP 	self_box: fillColor = '#3E45FA'
35.9197 	EXP 	other_box: fillColor = '#FFFCA6'
35.9365 	EXP 	self_box: fillColor = '#3E45FA'
35.9365 	EXP 	other_box: fillColor = '#FFFCA6'
35.9581 	EXP 	self_box: fillColor = '#3E45FA'
35.9581 	EXP 	other_box: fillColor = '#FFFCA6'
35.9755 	EXP 	self_box: fillColor = '#3E45FA'
35.9755 	EXP 	other_box: fillColor = '#FFFCA6'
35.9867 	EXP 	self_box: fillColor = '#3E45FA'
35.9867 	EXP 	other_box: fillColor = '#FFFCA6'
36.0034 	EXP 	self_box: fillColor = '#3E45FA'
36.0034 	EXP 	other_box: fillColor = '#FFFCA6'
36.0226 	EXP 	self_box: fillColor = '#3E45FA'
36.0226 	EXP 	other_box: fillColor = '#FFFCA6'
36.0423 	EXP 	self_box: fillColor = '#3E45FA'
36.0423 	EXP 	other_box: fillColor = '#FFFCA6'
36.0531 	EXP 	self_box: fillColor = '#3E45FA'
36.0531 	EXP 	other_box: fillColor = '#FFFCA6'
36.0702 	EXP 	self_box: fillColor = '#3E45FA'
36.0702 	EXP 	other_box: fillColor = '#FFFCA6'
36.0911 	EXP 	self_box: fillColor = '#3E45FA'
36.0911 	EXP 	other_box: fillColor = '#FFFCA6'
36.1089 	EXP 	self_box: fillColor = '#3E45FA'
36.1089 	EXP 	other_box: fillColor = '#FFFCA6'
36.1206 	EXP 	self_box: fillColor = '#3E45FA'
36.1206 	EXP 	other_box: fillColor = '#FFFCA6'
36.1373 	EXP 	self_box: fillColor = '#3E45FA'
36.1373 	EXP 	other_box: fillColor = '#FFFCA6'
36.1542 	EXP 	self_box: fillColor = '#3E45FA'
36.1542 	EXP 	other_box: fillColor = '#FFFCA6'
36.1752 	EXP 	self_box: fillColor = '#3E45FA'
36.1752 	EXP 	other_box: fillColor = '#FFFCA6'
36.1923 	EXP 	self_box: fillColor = '#3E45FA'
36.1923 	EXP 	other_box: fillColor = '#FFFCA6'
36.2040 	EXP 	self_box: fillColor = '#3E45FA'
36.2040 	EXP 	other_box: fillColor = '#FFFCA6'
36.2201 	EXP 	self_box: fillColor = '#3E45FA'
36.2201 	EXP 	other_box: fillColor = '#FFFCA6'
36.2380 	EXP 	self_box: fillColor = '#3E45FA'
36.2380 	EXP 	other_box: fillColor = '#FFFCA6'
36.2584 	EXP 	self_box: fillColor = '#3E45FA'
36.2584 	EXP 	other_box: fillColor = '#FFFCA6'
36.2758 	EXP 	self_box: fillColor = '#3E45FA'
36.2758 	EXP 	other_box: fillColor = '#FFFCA6'
36.2871 	EXP 	self_box: fillColor = '#A6A9FF'
36.2871 	EXP 	other_box: fillColor = '#FFFCA6'
36.3042 	EXP 	self_box: fillColor = '#A6A9FF'
36.3042 	EXP 	other_box: fillColor = '#FFFCA6'
36.3229 	EXP 	self_box: fillColor = '#A6A9FF'
36.3229 	EXP 	other_box: fillColor = '#FFFCA6'
36.3410 	EXP 	self_box: fillColor = '#A6A9FF'
36.3410 	EXP 	other_box: fillColor = '#FFFCA6'
36.3537 	EXP 	self_box: fillColor = '#A6A9FF'
36.3537 	EXP 	other_box: fillColor = '#FFFCA6'
36.3707 	EXP 	self_box: fillColor = '#A6A9FF'
36.3707 	EXP 	other_box: fillColor = '#FFFCA6'
36.3922 	EXP 	self_box: fillColor = '#A6A9FF'
36.3922 	EXP 	other_box: fillColor = '#FFFCA6'
36.4074 	EXP 	self_box: fillColor = '#A6A9FF'
36.4074 	EXP 	other_box: fillColor = '#FFFCA6'
36.4212 	EXP 	self_box: fillColor = '#A6A9FF'
36.4212 	EXP 	other_box: fillColor = '#FFFCA6'
36.4378 	EXP 	self_box: fillColor = '#A6A9FF'
36.4378 	EXP 	other_box: fillColor = '#FFFCA6'
36.4537 	EXP 	self_box: fillColor = '#A6A9FF'
36.4537 	EXP 	other_box: fillColor = '#FFFCA6'
36.4715 	EXP 	self_box: fillColor = '#A6A9FF'
36.4715 	EXP 	other_box: fillColor = '#FFFCA6'
36.4904 	EXP 	self_box: fillColor = '#A6A9FF'
36.4904 	EXP 	other_box: fillColor = '#FFFCA6'
36.5079 	EXP 	self_box: fillColor = '#A6A9FF'
36.5079 	EXP 	other_box: fillColor = '#FFFCA6'
36.5209 	EXP 	self_box: fillColor = '#A6A9FF'
36.5209 	EXP 	other_box: fillColor = '#FFFCA6'
36.5377 	EXP 	self_box: fillColor = '#A6A9FF'
36.5377 	EXP 	other_box: fillColor = '#FFFCA6'
36.5568 	EXP 	self_box: fillColor = '#A6A9FF'
36.5568 	EXP 	other_box: fillColor = '#FFFCA6'
36.5746 	EXP 	self_box: fillColor = '#A6A9FF'
36.5746 	EXP 	other_box: fillColor = '#FFFCA6'
36.5882 	EXP 	self_box: fillColor = '#A6A9FF'
36.5882 	EXP 	other_box: fillColor = '#FFFCA6'
36.6047 	EXP 	self_box: fillColor = '#A6A9FF'
36.6047 	EXP 	other_box: fillColor = '#FFFCA6'
36.6206 	EXP 	self_box: fillColor = '#A6A9FF'
36.6206 	EXP 	other_box: fillColor = '#FFFCA6'
36.6374 	EXP 	self_box: fillColor = '#A6A9FF'
36.6374 	EXP 	other_box: fillColor = '#FFFCA6'
36.6590 	EXP 	self_box: fillColor = '#A6A9FF'
36.6590 	EXP 	other_box: fillColor = '#FFFCA6'
36.6748 	EXP 	self_box: fillColor = '#A6A9FF'
36.6748 	EXP 	other_box: fillColor = '#FFFCA6'
36.6881 	EXP 	self_box: fillColor = '#A6A9FF'
36.6881 	EXP 	other_box: fillColor = '#FAF33E'
36.7052 	EXP 	self_box: fillColor = '#A6A9FF'
36.7052 	EXP 	other_box: fillColor = '#FAF33E'
36.7237 	EXP 	self_box: fillColor = '#A6A9FF'
36.7237 	EXP 	other_box: fillColor = '#FAF33E'
36.7433 	EXP 	self_box: fillColor = '#A6A9FF'
36.7433 	EXP 	other_box: fillColor = '#FAF33E'
36.7545 	EXP 	self_box: fillColor = '#A6A9FF'
36.7545 	EXP 	other_box: fillColor = '#FAF33E'
36.7718 	EXP 	self_box: fillColor = '#A6A9FF'
36.7718 	EXP 	other_box: fillColor = '#FAF33E'
36.7905 	EXP 	self_box: fillColor = '#A6A9FF'
36.7905 	EXP 	other_box: fillColor = '#FAF33E'
36.8099 	EXP 	self_box: fillColor = '#A6A9FF'
36.8099 	EXP 	other_box: fillColor = '#FAF33E'
36.8213 	EXP 	self_box: fillColor = '#A6A9FF'
36.8213 	EXP 	other_box: fillColor = '#FAF33E'
36.8386 	EXP 	self_box: fillColor = '#A6A9FF'
36.8386 	EXP 	other_box: fillColor = '#FAF33E'
36.8598 	EXP 	self_box: fillColor = '#A6A9FF'
36.8598 	EXP 	other_box: fillColor = '#FAF33E'
36.8752 	EXP 	self_box: fillColor = '#A6A9FF'
36.8752 	EXP 	other_box: fillColor = '#FAF33E'
36.8879 	EXP 	self_box: fillColor = '#A6A9FF'
36.8879 	EXP 	other_box: fillColor = '#FAF33E'
36.9045 	EXP 	self_box: fillColor = '#A6A9FF'
36.9045 	EXP 	other_box: fillColor = '#FAF33E'
36.9220 	EXP 	self_box: fillColor = '#A6A9FF'
36.9220 	EXP 	other_box: fillColor = '#FAF33E'
36.9406 	EXP 	self_box: fillColor = '#A6A9FF'
36.9406 	EXP 	other_box: fillColor = '#FAF33E'
36.9585 	EXP 	self_box: fillColor = '#A6A9FF'
36.9585 	EXP 	other_box: fillColor = '#FAF33E'
36.9721 	EXP 	self_box: fillColor = '#A6A9FF'
36.9721 	EXP 	other_box: fillColor = '#FAF33E'
36.9888 	EXP 	self_box: fillColor = '#A6A9FF'
36.9888 	EXP 	other_box: fillColor = '#FAF33E'
37.0047 	EXP 	self_box: fillColor = '#A6A9FF'
37.0047 	EXP 	other_box: fillColor = '#FAF33E'
37.0214 	EXP 	self_box: fillColor = '#A6A9FF'
37.0214 	EXP 	other_box: fillColor = '#FAF33E'
37.0430 	EXP 	self_box: fillColor = '#A6A9FF'
37.0430 	EXP 	other_box: fillColor = '#FAF33E'
37.0586 	EXP 	self_box: fillColor = '#A6A9FF'
37.0586 	EXP 	other_box: fillColor = '#FAF33E'
37.0717 	EXP 	self_box: fillColor = '#A6A9FF'
37.0717 	EXP 	other_box: fillColor = '#FAF33E'
37.0881 	EXP 	self_box: fillColor = '#A6A9FF'
37.0881 	EXP 	other_box: fillColor = '#FAF33E'
37.1046 	EXP 	self_box: fillColor = '#A6A9FF'
37.1046 	EXP 	other_box: fillColor = '#FAF33E'
37.1222 	EXP 	self_box: fillColor = '#A6A9FF'
37.1222 	EXP 	other_box: fillColor = '#FAF33E'
37.1430 	EXP 	self_box: fillColor = '#A6A9FF'
37.1430 	EXP 	other_box: fillColor = '#FAF33E'
37.1588 	EXP 	self_box: fillColor = '#A6A9FF'
37.1588 	EXP 	other_box: fillColor = '#FAF33E'
37.1724 	EXP 	self_box: fillColor = '#A6A9FF'
37.1724 	EXP 	other_box: fillColor = '#FAF33E'
37.1887 	EXP 	self_box: fillColor = '#A6A9FF'
37.1887 	EXP 	other_box: fillColor = '#FAF33E'
37.2056 	EXP 	self_box: fillColor = '#A6A9FF'
37.2056 	EXP 	other_box: fillColor = '#FAF33E'
37.2245 	EXP 	self_box: fillColor = '#A6A9FF'
37.2245 	EXP 	other_box: fillColor = '#FAF33E'
37.2441 	EXP 	self_box: fillColor = '#A6A9FF'
37.2441 	EXP 	other_box: fillColor = '#FAF33E'
37.2446 	DATA 	Mouse: Left button down, pos=(970,253)
37.2555 	EXP 	self_box: fillColor = '#A6A9FF'
37.2555 	EXP 	other_box: fillColor = '#FAF33E'
37.2726 	EXP 	self_box: fillColor = '#A6A9FF'
37.2726 	EXP 	other_box: fillColor = '#FAF33E'
37.2913 	EXP 	self_box: fillColor = '#A6A9FF'
37.2913 	EXP 	other_box: fillColor = '#FAF33E'
37.3109 	EXP 	self_box: fillColor = '#A6A9FF'
37.3109 	EXP 	other_box: fillColor = '#FAF33E'
37.3114 	DATA 	Mouse: Left button up, pos=(970,253)
37.3217 	EXP 	self_box: fillColor = '#A6A9FF'
37.3217 	EXP 	other_box: fillColor = '#FAF33E'
37.3395 	EXP 	self_box: fillColor = '#A6A9FF'
37.3395 	EXP 	other_box: fillColor = '#FAF33E'
37.3580 	EXP 	self_box: fillColor = '#A6A9FF'
37.3580 	EXP 	other_box: fillColor = '#FAF33E'
37.3776 	EXP 	self_box: fillColor = '#A6A9FF'
37.3776 	EXP 	other_box: fillColor = '#FAF33E'
37.3885 	EXP 	self_box: fillColor = '#A6A9FF'
37.3885 	EXP 	other_box: fillColor = '#FAF33E'
37.4051 	EXP 	self_box: fillColor = '#A6A9FF'
37.4051 	EXP 	other_box: fillColor = '#FAF33E'
37.4219 	EXP 	self_box: fillColor = '#A6A9FF'
37.4219 	EXP 	other_box: fillColor = '#FAF33E'
37.4415 	EXP 	self_box: fillColor = '#A6A9FF'
37.4415 	EXP 	other_box: fillColor = '#FAF33E'
37.4593 	EXP 	self_box: fillColor = '#A6A9FF'
37.4593 	EXP 	other_box: fillColor = '#FAF33E'
37.4724 	EXP 	self_box: fillColor = '#A6A9FF'
37.4724 	EXP 	other_box: fillColor = '#FAF33E'
37.4897 	EXP 	self_box: fillColor = '#A6A9FF'
37.4897 	EXP 	other_box: fillColor = '#FAF33E'
37.5101 	EXP 	self_box: fillColor = '#A6A9FF'
37.5101 	EXP 	other_box: fillColor = '#FAF33E'
37.5281 	EXP 	self_box: fillColor = '#A6A9FF'
37.5281 	EXP 	other_box: fillColor = '#FAF33E'
37.5393 	EXP 	self_box: fillColor = '#A6A9FF'
37.5393 	EXP 	other_box: fillColor = '#FAF33E'
37.5556 	EXP 	self_box: fillColor = '#A6A9FF'
37.5556 	EXP 	other_box: fillColor = '#FAF33E'
37.5722 	EXP 	self_box: fillColor = '#A6A9FF'
37.5722 	EXP 	other_box: fillColor = '#FAF33E'
37.5899 	EXP 	self_box: fillColor = '#A6A9FF'
37.5899 	EXP 	other_box: fillColor = '#FAF33E'
37.6089 	EXP 	self_box: fillColor = '#A6A9FF'
37.6089 	EXP 	other_box: fillColor = '#FAF33E'
37.6283 	EXP 	self_box: fillColor = '#A6A9FF'
37.6283 	EXP 	other_box: fillColor = '#FAF33E'
37.6398 	EXP 	self_box: fillColor = '#A6A9FF'
37.6398 	EXP 	other_box: fillColor = '#FAF33E'
37.6562 	EXP 	self_box: fillColor = '#A6A9FF'
37.6562 	EXP 	other_box: fillColor = '#FAF33E'
37.6723 	EXP 	self_box: fillColor = '#A6A9FF'
37.6723 	EXP 	other_box: fillColor = '#FAF33E'
37.6891 	EXP 	self_box: fillColor = '#A6A9FF'
37.6891 	EXP 	other_box: fillColor = '#FAF33E'
37.7086 	EXP 	self_box: fillColor = '#A6A9FF'
37.7086 	EXP 	other_box: fillColor = '#FAF33E'
37.7285 	EXP 	self_box: fillColor = '#A6A9FF'
37.7285 	EXP 	other_box: fillColor = '#FAF33E'
37.7395 	EXP 	self_box: fillColor = '#A6A9FF'
37.7395 	EXP 	other_box: fillColor = '#FAF33E'
37.7561 	EXP 	self_box: fillColor = '#A6A9FF'
37.7561 	EXP 	other_box: fillColor = '#FAF33E'
37.7775 	EXP 	self_box: fillColor = '#A6A9FF'
37.7775 	EXP 	other_box: fillColor = '#FAF33E'
37.7953 	EXP 	self_box: fillColor = '#A6A9FF'
37.7953 	EXP 	other_box: fillColor = '#FAF33E'
37.8069 	EXP 	self_box: fillColor = '#A6A9FF'
37.8069 	EXP 	other_box: fillColor = '#FAF33E'
37.8235 	EXP 	self_box: fillColor = '#A6A9FF'
37.8235 	EXP 	other_box: fillColor = '#FAF33E'
37.8397 	EXP 	self_box: fillColor = '#A6A9FF'
37.8397 	EXP 	other_box: fillColor = '#FAF33E'
37.8560 	EXP 	self_box: fillColor = '#A6A9FF'
37.8560 	EXP 	other_box: fillColor = '#FAF33E'
37.8727 	EXP 	self_box: fillColor = '#A6A9FF'
37.8727 	EXP 	other_box: fillColor = '#FAF33E'
37.8899 	EXP 	self_box: fillColor = '#A6A9FF'
37.8899 	EXP 	other_box: fillColor = '#FAF33E'
37.9108 	EXP 	self_box: fillColor = '#A6A9FF'
37.9108 	EXP 	other_box: fillColor = '#FAF33E'
37.9289 	EXP 	self_box: fillColor = '#A6A9FF'
37.9289 	EXP 	other_box: fillColor = '#FAF33E'
37.9394 	EXP 	self_box: fillColor = '#A6A9FF'
37.9394 	EXP 	other_box: fillColor = '#FAF33E'
37.9563 	EXP 	self_box: fillColor = '#A6A9FF'
37.9563 	EXP 	other_box: fillColor = '#FAF33E'
37.9733 	EXP 	self_box: fillColor = '#A6A9FF'
37.9733 	EXP 	other_box: fillColor = '#FAF33E'
37.9903 	EXP 	self_box: fillColor = '#A6A9FF'
37.9903 	EXP 	other_box: fillColor = '#FAF33E'
38.0062 	EXP 	self_box: fillColor = '#A6A9FF'
38.0062 	EXP 	other_box: fillColor = '#FFFCA6'
38.0229 	EXP 	self_box: fillColor = '#A6A9FF'
38.0229 	EXP 	other_box: fillColor = '#FFFCA6'
38.0406 	EXP 	self_box: fillColor = '#A6A9FF'
38.0406 	EXP 	other_box: fillColor = '#FFFCA6'
38.0592 	EXP 	self_box: fillColor = '#A6A9FF'
38.0592 	EXP 	other_box: fillColor = '#FFFCA6'
38.0792 	EXP 	self_box: fillColor = '#A6A9FF'
38.0792 	EXP 	other_box: fillColor = '#FFFCA6'
38.0901 	EXP 	self_box: fillColor = '#A6A9FF'
38.0901 	EXP 	other_box: fillColor = '#FFFCA6'
38.1064 	EXP 	self_box: fillColor = '#A6A9FF'
38.1064 	EXP 	other_box: fillColor = '#FFFCA6'
38.1241 	EXP 	self_box: fillColor = '#A6A9FF'
38.1241 	EXP 	other_box: fillColor = '#FFFCA6'
38.1447 	EXP 	self_box: fillColor = '#A6A9FF'
38.1447 	EXP 	other_box: fillColor = '#FFFCA6'
38.1625 	EXP 	self_box: fillColor = '#A6A9FF'
38.1625 	EXP 	other_box: fillColor = '#FFFCA6'
38.1739 	EXP 	self_box: fillColor = '#A6A9FF'
38.1739 	EXP 	other_box: fillColor = '#FFFCA6'
38.1898 	EXP 	self_box: fillColor = '#A6A9FF'
38.1898 	EXP 	other_box: fillColor = '#FFFCA6'
38.2075 	EXP 	self_box: fillColor = '#A6A9FF'
38.2075 	EXP 	other_box: fillColor = '#FFFCA6'
38.2260 	EXP 	self_box: fillColor = '#A6A9FF'
38.2260 	EXP 	other_box: fillColor = '#FFFCA6'
38.2439 	EXP 	self_box: fillColor = '#A6A9FF'
38.2439 	EXP 	other_box: fillColor = '#FFFCA6'
38.2573 	EXP 	self_box: fillColor = '#A6A9FF'
38.2573 	EXP 	other_box: fillColor = '#FFFCA6'
38.2738 	EXP 	self_box: fillColor = '#A6A9FF'
38.2738 	EXP 	other_box: fillColor = '#FFFCA6'
38.2952 	EXP 	self_box: fillColor = '#A6A9FF'
38.2952 	EXP 	other_box: fillColor = '#FFFCA6'
38.3127 	EXP 	self_box: fillColor = '#A6A9FF'
38.3127 	EXP 	other_box: fillColor = '#FFFCA6'
38.3237 	EXP 	self_box: fillColor = '#A6A9FF'
38.3237 	EXP 	other_box: fillColor = '#FFFCA6'
38.3407 	EXP 	self_box: fillColor = '#A6A9FF'
38.3407 	EXP 	other_box: fillColor = '#FFFCA6'
38.3623 	EXP 	self_box: fillColor = '#A6A9FF'
38.3623 	EXP 	other_box: fillColor = '#FFFCA6'
38.3802 	EXP 	self_box: fillColor = '#A6A9FF'
38.3802 	EXP 	other_box: fillColor = '#FFFCA6'
38.3908 	EXP 	self_box: fillColor = '#A6A9FF'
38.3908 	EXP 	other_box: fillColor = '#FFFCA6'
38.4071 	EXP 	self_box: fillColor = '#A6A9FF'
38.4071 	EXP 	other_box: fillColor = '#FFFCA6'
38.4235 	EXP 	self_box: fillColor = '#A6A9FF'
38.4235 	EXP 	other_box: fillColor = '#FFFCA6'
38.4406 	EXP 	self_box: fillColor = '#A6A9FF'
38.4406 	EXP 	other_box: fillColor = '#FFFCA6'
38.4602 	EXP 	self_box: fillColor = '#A6A9FF'
38.4602 	EXP 	other_box: fillColor = '#FFFCA6'
38.4795 	EXP 	self_box: fillColor = '#A6A9FF'
38.4795 	EXP 	other_box: fillColor = '#FFFCA6'
38.4906 	EXP 	self_box: fillColor = '#A6A9FF'
38.4906 	EXP 	other_box: fillColor = '#FFFCA6'
38.5077 	EXP 	self_box: fillColor = '#A6A9FF'
38.5077 	EXP 	other_box: fillColor = '#FFFCA6'
38.5268 	EXP 	self_box: fillColor = '#A6A9FF'
38.5268 	EXP 	other_box: fillColor = '#FFFCA6'
38.5464 	EXP 	self_box: fillColor = '#A6A9FF'
38.5464 	EXP 	other_box: fillColor = '#FFFCA6'
38.5579 	EXP 	self_box: fillColor = '#A6A9FF'
38.5579 	EXP 	other_box: fillColor = '#FFFCA6'
38.5744 	EXP 	self_box: fillColor = '#A6A9FF'
38.5744 	EXP 	other_box: fillColor = '#FFFCA6'
38.5914 	EXP 	self_box: fillColor = '#A6A9FF'
38.5914 	EXP 	other_box: fillColor = '#FFFCA6'
38.6103 	EXP 	self_box: fillColor = '#A6A9FF'
38.6103 	EXP 	other_box: fillColor = '#FFFCA6'
38.6281 	EXP 	self_box: fillColor = '#A6A9FF'
38.6281 	EXP 	other_box: fillColor = '#FFFCA6'
38.6408 	EXP 	self_box: fillColor = '#A6A9FF'
38.6408 	EXP 	other_box: fillColor = '#FFFCA6'
38.6585 	EXP 	self_box: fillColor = '#A6A9FF'
38.6585 	EXP 	other_box: fillColor = '#FFFCA6'
38.6769 	EXP 	self_box: fillColor = '#A6A9FF'
38.6769 	EXP 	other_box: fillColor = '#FFFCA6'
38.6947 	EXP 	self_box: fillColor = '#A6A9FF'
38.6947 	EXP 	other_box: fillColor = '#FFFCA6'
38.7076 	EXP 	self_box: fillColor = '#A6A9FF'
38.7076 	EXP 	other_box: fillColor = '#FFFCA6'
38.7242 	EXP 	self_box: fillColor = '#A6A9FF'
38.7242 	EXP 	other_box: fillColor = '#FFFCA6'
38.7410 	EXP 	self_box: fillColor = '#A6A9FF'
38.7410 	EXP 	other_box: fillColor = '#FFFCA6'
38.7583 	EXP 	self_box: fillColor = '#A6A9FF'
38.7583 	EXP 	other_box: fillColor = '#FFFCA6'
38.7773 	EXP 	self_box: fillColor = '#A6A9FF'
38.7773 	EXP 	other_box: fillColor = '#FFFCA6'
38.7970 	EXP 	self_box: fillColor = '#A6A9FF'
38.7970 	EXP 	other_box: fillColor = '#FFFCA6'
38.8077 	EXP 	self_box: fillColor = '#A6A9FF'
38.8077 	EXP 	other_box: fillColor = '#FFFCA6'
38.8244 	EXP 	self_box: fillColor = '#A6A9FF'
38.8244 	EXP 	other_box: fillColor = '#FFFCA6'
38.8415 	EXP 	self_box: fillColor = '#A6A9FF'
38.8415 	EXP 	other_box: fillColor = '#FFFCA6'
38.8626 	EXP 	self_box: fillColor = '#A6A9FF'
38.8626 	EXP 	other_box: fillColor = '#FFFCA6'
38.8786 	EXP 	self_box: fillColor = '#A6A9FF'
38.8786 	EXP 	other_box: fillColor = '#FFFCA6'
38.8911 	EXP 	self_box: fillColor = '#A6A9FF'
38.8911 	EXP 	other_box: fillColor = '#FFFCA6'
38.9078 	EXP 	self_box: fillColor = '#A6A9FF'
38.9078 	EXP 	other_box: fillColor = '#FFFCA6'
38.9246 	EXP 	self_box: fillColor = '#A6A9FF'
38.9246 	EXP 	other_box: fillColor = '#FFFCA6'
38.9439 	EXP 	self_box: fillColor = '#A6A9FF'
38.9439 	EXP 	other_box: fillColor = '#FFFCA6'
38.9619 	EXP 	self_box: fillColor = '#A6A9FF'
38.9619 	EXP 	other_box: fillColor = '#FFFCA6'
38.9748 	EXP 	self_box: fillColor = '#A6A9FF'
38.9748 	EXP 	other_box: fillColor = '#FFFCA6'
38.9922 	EXP 	self_box: fillColor = '#A6A9FF'
38.9922 	EXP 	other_box: fillColor = '#FFFCA6'
39.0133 	EXP 	self_box: fillColor = '#A6A9FF'
39.0133 	EXP 	other_box: fillColor = '#FFFCA6'
39.0306 	EXP 	self_box: fillColor = '#A6A9FF'
39.0306 	EXP 	other_box: fillColor = '#FFFCA6'
39.0423 	EXP 	self_box: fillColor = '#A6A9FF'
39.0423 	EXP 	other_box: fillColor = '#FFFCA6'
39.0579 	EXP 	self_box: fillColor = '#A6A9FF'
39.0579 	EXP 	other_box: fillColor = '#FFFCA6'
39.0752 	EXP 	self_box: fillColor = '#A6A9FF'
39.0752 	EXP 	other_box: fillColor = '#FFFCA6'
39.0942 	EXP 	self_box: fillColor = '#A6A9FF'
39.0942 	EXP 	other_box: fillColor = '#FFFCA6'
39.1122 	EXP 	self_box: fillColor = '#A6A9FF'
39.1122 	EXP 	other_box: fillColor = '#FFFCA6'
39.1249 	EXP 	self_box: fillColor = '#A6A9FF'
39.1249 	EXP 	other_box: fillColor = '#FFFCA6'
39.1415 	EXP 	self_box: fillColor = '#A6A9FF'
39.1415 	EXP 	other_box: fillColor = '#FFFCA6'
39.1583 	EXP 	self_box: fillColor = '#A6A9FF'
39.1583 	EXP 	other_box: fillColor = '#FFFCA6'
39.1753 	EXP 	self_box: fillColor = '#A6A9FF'
39.1753 	EXP 	other_box: fillColor = '#FFFCA6'
39.1965 	EXP 	self_box: fillColor = '#A6A9FF'
39.1965 	EXP 	other_box: fillColor = '#FFFCA6'
39.2124 	EXP 	self_box: fillColor = '#A6A9FF'
39.2124 	EXP 	other_box: fillColor = '#FFFCA6'
39.2260 	EXP 	self_box: fillColor = '#A6A9FF'
39.2260 	EXP 	other_box: fillColor = '#FFFCA6'
39.2425 	EXP 	self_box: fillColor = '#A6A9FF'
39.2425 	EXP 	other_box: fillColor = '#FFFCA6'
39.2586 	EXP 	self_box: fillColor = '#A6A9FF'
39.2586 	EXP 	other_box: fillColor = '#FFFCA6'
39.2757 	EXP 	self_box: fillColor = '#A6A9FF'
39.2757 	EXP 	other_box: fillColor = '#FFFCA6'
39.2950 	EXP 	self_box: fillColor = '#A6A9FF'
39.2950 	EXP 	other_box: fillColor = '#FFFCA6'
39.3143 	EXP 	self_box: fillColor = '#A6A9FF'
39.3143 	EXP 	other_box: fillColor = '#FFFCA6'
39.3259 	EXP 	self_box: fillColor = '#A6A9FF'
39.3259 	EXP 	other_box: fillColor = '#FFFCA6'
39.3430 	EXP 	self_box: fillColor = '#A6A9FF'
39.3430 	EXP 	other_box: fillColor = '#FFFCA6'
39.3587 	EXP 	self_box: fillColor = '#A6A9FF'
39.3587 	EXP 	other_box: fillColor = '#FFFCA6'
39.3755 	EXP 	self_box: fillColor = '#A6A9FF'
39.3755 	EXP 	other_box: fillColor = '#FFFCA6'
39.3949 	EXP 	self_box: fillColor = '#A6A9FF'
39.3949 	EXP 	other_box: fillColor = '#FFFCA6'
39.4129 	EXP 	self_box: fillColor = '#A6A9FF'
39.4129 	EXP 	other_box: fillColor = '#FFFCA6'
39.4254 	EXP 	self_box: fillColor = '#A6A9FF'
39.4254 	EXP 	other_box: fillColor = '#FFFCA6'
39.4421 	EXP 	self_box: fillColor = '#A6A9FF'
39.4421 	EXP 	other_box: fillColor = '#FFFCA6'
39.4593 	EXP 	self_box: fillColor = '#A6A9FF'
39.4593 	EXP 	other_box: fillColor = '#FFFCA6'
39.4756 	EXP 	self_box: fillColor = '#A6A9FF'
39.4756 	EXP 	other_box: fillColor = '#FFFCA6'
39.4922 	EXP 	self_box: fillColor = '#A6A9FF'
39.4922 	EXP 	other_box: fillColor = '#FFFCA6'
39.5090 	EXP 	self_box: fillColor = '#A6A9FF'
39.5090 	EXP 	other_box: fillColor = '#FFFCA6'
39.5261 	EXP 	self_box: fillColor = '#A6A9FF'
39.5261 	EXP 	other_box: fillColor = '#FFFCA6'
39.5452 	EXP 	self_box: fillColor = '#A6A9FF'
39.5452 	EXP 	other_box: fillColor = '#FFFCA6'
39.5630 	EXP 	self_box: fillColor = '#A6A9FF'
39.5630 	EXP 	other_box: fillColor = '#FFFCA6'
39.5756 	EXP 	self_box: fillColor = '#A6A9FF'
39.5756 	EXP 	other_box: fillColor = '#FFFCA6'
39.5922 	EXP 	self_box: fillColor = '#A6A9FF'
39.5922 	EXP 	other_box: fillColor = '#FFFCA6'
39.6099 	EXP 	self_box: fillColor = '#A6A9FF'
39.6099 	EXP 	other_box: fillColor = '#FFFCA6'
39.6285 	EXP 	self_box: fillColor = '#A6A9FF'
39.6285 	EXP 	other_box: fillColor = '#FFFCA6'
39.6480 	EXP 	self_box: fillColor = '#A6A9FF'
39.6480 	EXP 	other_box: fillColor = '#FFFCA6'
39.6592 	EXP 	self_box: fillColor = '#A6A9FF'
39.6592 	EXP 	other_box: fillColor = '#FFFCA6'
39.7237 	EXP 	self_box: fillColor = '#A6A9FF'
39.7237 	EXP 	other_box: fillColor = '#FFFCA6'
39.7474 	EXP 	self_box: fillColor = '#A6A9FF'
39.7474 	EXP 	other_box: fillColor = '#FFFCA6'
39.7650 	EXP 	self_box: fillColor = '#A6A9FF'
39.7650 	EXP 	other_box: fillColor = '#FFFCA6'
39.7770 	EXP 	self_box: fillColor = '#A6A9FF'
39.7770 	EXP 	other_box: fillColor = '#FFFCA6'
39.7932 	EXP 	self_box: fillColor = '#A6A9FF'
39.7932 	EXP 	other_box: fillColor = '#FFFCA6'
39.8100 	EXP 	self_box: fillColor = '#A6A9FF'
39.8100 	EXP 	other_box: fillColor = '#FFFCA6'
39.8313 	EXP 	self_box: fillColor = '#A6A9FF'
39.8313 	EXP 	other_box: fillColor = '#FFFCA6'
39.8486 	EXP 	self_box: fillColor = '#A6A9FF'
39.8486 	EXP 	other_box: fillColor = '#FFFCA6'
39.8598 	EXP 	self_box: fillColor = '#A6A9FF'
39.8598 	EXP 	other_box: fillColor = '#FFFCA6'
39.8761 	EXP 	self_box: fillColor = '#A6A9FF'
39.8761 	EXP 	other_box: fillColor = '#FFFCA6'
39.8929 	EXP 	self_box: fillColor = '#A6A9FF'
39.8929 	EXP 	other_box: fillColor = '#FFFCA6'
39.9095 	EXP 	self_box: fillColor = '#A6A9FF'
39.9095 	EXP 	other_box: fillColor = '#FFFCA6'
39.9292 	EXP 	self_box: fillColor = '#A6A9FF'
39.9292 	EXP 	other_box: fillColor = '#FFFCA6'
39.9488 	EXP 	self_box: fillColor = '#A6A9FF'
39.9488 	EXP 	other_box: fillColor = '#FFFCA6'
39.9598 	EXP 	self_box: fillColor = '#A6A9FF'
39.9598 	EXP 	other_box: fillColor = '#FFFCA6'
39.9762 	EXP 	self_box: fillColor = '#A6A9FF'
39.9762 	EXP 	other_box: fillColor = '#FFFCA6'
39.9942 	EXP 	self_box: fillColor = '#A6A9FF'
39.9942 	EXP 	other_box: fillColor = '#FFFCA6'
40.0128 	EXP 	self_box: fillColor = '#A6A9FF'
40.0128 	EXP 	other_box: fillColor = '#FFFCA6'
40.0322 	EXP 	self_box: fillColor = '#A6A9FF'
40.0322 	EXP 	other_box: fillColor = '#FFFCA6'
40.0432 	EXP 	self_box: fillColor = '#A6A9FF'
40.0432 	EXP 	other_box: fillColor = '#FFFCA6'
40.0604 	EXP 	self_box: fillColor = '#A6A9FF'
40.0604 	EXP 	other_box: fillColor = '#FFFCA6'
40.0816 	EXP 	self_box: fillColor = '#A6A9FF'
40.0816 	EXP 	other_box: fillColor = '#FFFCA6'
40.0988 	EXP 	self_box: fillColor = '#A6A9FF'
40.0988 	EXP 	other_box: fillColor = '#FFFCA6'
40.1107 	EXP 	self_box: fillColor = '#A6A9FF'
40.1107 	EXP 	other_box: fillColor = '#FFFCA6'
40.1268 	EXP 	self_box: fillColor = '#A6A9FF'
40.1268 	EXP 	other_box: fillColor = '#FFFCA6'
40.1435 	EXP 	self_box: fillColor = '#A6A9FF'
40.1435 	EXP 	other_box: fillColor = '#FFFCA6'
40.1601 	EXP 	self_box: fillColor = '#A6A9FF'
40.1601 	EXP 	other_box: fillColor = '#FFFCA6'
40.1774 	EXP 	self_box: fillColor = '#A6A9FF'
40.1774 	EXP 	other_box: fillColor = '#FFFCA6'
40.1963 	EXP 	self_box: fillColor = '#A6A9FF'
40.1963 	EXP 	other_box: fillColor = '#FFFCA6'
40.2161 	EXP 	self_box: fillColor = '#A6A9FF'
40.2161 	EXP 	other_box: fillColor = '#FFFCA6'
40.2265 	EXP 	self_box: fillColor = '#A6A9FF'
40.2265 	EXP 	other_box: fillColor = '#FFFCA6'
40.2433 	EXP 	self_box: fillColor = '#A6A9FF'
40.2433 	EXP 	other_box: fillColor = '#FFFCA6'
40.2604 	EXP 	self_box: fillColor = '#A6A9FF'
40.2604 	EXP 	other_box: fillColor = '#FFFCA6'
40.2774 	EXP 	self_box: fillColor = '#A6A9FF'
40.2774 	EXP 	other_box: fillColor = '#FFFCA6'
40.2982 	EXP 	self_box: fillColor = '#A6A9FF'
40.2982 	EXP 	other_box: fillColor = '#FFFCA6'
40.3160 	EXP 	self_box: fillColor = '#A6A9FF'
40.3160 	EXP 	other_box: fillColor = '#FFFCA6'
40.3273 	EXP 	self_box: fillColor = '#A6A9FF'
40.3273 	EXP 	other_box: fillColor = '#FFFCA6'
40.3443 	EXP 	self_box: fillColor = '#A6A9FF'
40.3443 	EXP 	other_box: fillColor = '#FFFCA6'
40.3659 	EXP 	self_box: fillColor = '#A6A9FF'
40.3659 	EXP 	other_box: fillColor = '#FFFCA6'
40.3827 	EXP 	self_box: fillColor = '#A6A9FF'
40.3827 	EXP 	other_box: fillColor = '#FFFCA6'
40.3947 	EXP 	self_box: fillColor = '#A6A9FF'
40.3947 	EXP 	other_box: fillColor = '#FFFCA6'
40.4107 	EXP 	self_box: fillColor = '#A6A9FF'
40.4107 	EXP 	other_box: fillColor = '#FFFCA6'
40.4276 	EXP 	self_box: fillColor = '#A6A9FF'
40.4276 	EXP 	other_box: fillColor = '#FFFCA6'
40.4486 	EXP 	self_box: fillColor = '#A6A9FF'
40.4486 	EXP 	other_box: fillColor = '#FFFCA6'
40.4663 	EXP 	self_box: fillColor = '#A6A9FF'
40.4663 	EXP 	other_box: fillColor = '#FFFCA6'
40.4771 	EXP 	self_box: fillColor = '#A6A9FF'
40.4771 	EXP 	other_box: fillColor = '#FFFCA6'
40.4940 	EXP 	self_box: fillColor = '#A6A9FF'
40.4940 	EXP 	other_box: fillColor = '#FFFCA6'
40.5112 	EXP 	self_box: fillColor = '#A6A9FF'
40.5112 	EXP 	other_box: fillColor = '#FFFCA6'
40.5300 	EXP 	self_box: fillColor = '#A6A9FF'
40.5300 	EXP 	other_box: fillColor = '#FFFCA6'
40.5496 	EXP 	self_box: fillColor = '#A6A9FF'
40.5496 	EXP 	other_box: fillColor = '#FFFCA6'
40.5612 	EXP 	self_box: fillColor = '#A6A9FF'
40.5612 	EXP 	other_box: fillColor = '#FFFCA6'
40.5780 	EXP 	self_box: fillColor = '#A6A9FF'
40.5780 	EXP 	other_box: fillColor = '#FFFCA6'
40.5971 	EXP 	self_box: fillColor = '#A6A9FF'
40.5971 	EXP 	other_box: fillColor = '#FFFCA6'
40.6145 	EXP 	self_box: fillColor = '#A6A9FF'
40.6145 	EXP 	other_box: fillColor = '#FFFCA6'
40.6280 	EXP 	self_box: fillColor = '#A6A9FF'
40.6280 	EXP 	other_box: fillColor = '#FFFCA6'
40.6447 	EXP 	self_box: fillColor = '#A6A9FF'
40.6447 	EXP 	other_box: fillColor = '#FFFCA6'
40.6611 	EXP 	self_box: fillColor = '#A6A9FF'
40.6611 	EXP 	other_box: fillColor = '#FFFCA6'
40.6778 	EXP 	self_box: fillColor = '#A6A9FF'
40.6778 	EXP 	other_box: fillColor = '#FFFCA6'
40.6948 	EXP 	self_box: fillColor = '#A6A9FF'
40.6948 	EXP 	other_box: fillColor = '#FFFCA6'
40.7155 	EXP 	self_box: fillColor = '#A6A9FF'
40.7155 	EXP 	other_box: fillColor = '#FFFCA6'
40.7332 	EXP 	self_box: fillColor = '#A6A9FF'
40.7332 	EXP 	other_box: fillColor = '#FFFCA6'
40.7440 	EXP 	self_box: fillColor = '#A6A9FF'
40.7440 	EXP 	other_box: fillColor = '#FFFCA6'
40.7607 	EXP 	self_box: fillColor = '#A6A9FF'
40.7607 	EXP 	other_box: fillColor = '#FFFCA6'
40.7774 	EXP 	self_box: fillColor = '#A6A9FF'
40.7774 	EXP 	other_box: fillColor = '#FFFCA6'
40.7973 	EXP 	self_box: fillColor = '#A6A9FF'
40.7973 	EXP 	other_box: fillColor = '#FFFCA6'
40.8172 	EXP 	self_box: fillColor = '#A6A9FF'
40.8172 	EXP 	other_box: fillColor = '#FFFCA6'
40.8282 	EXP 	self_box: fillColor = '#A6A9FF'
40.8282 	EXP 	other_box: fillColor = '#FFFCA6'
40.8446 	EXP 	self_box: fillColor = '#A6A9FF'
40.8446 	EXP 	other_box: fillColor = '#FFFCA6'
40.8640 	EXP 	self_box: fillColor = '#A6A9FF'
40.8640 	EXP 	other_box: fillColor = '#FFFCA6'
40.8819 	EXP 	self_box: fillColor = '#A6A9FF'
40.8819 	EXP 	other_box: fillColor = '#FFFCA6'
40.8948 	EXP 	self_box: fillColor = '#A6A9FF'
40.8948 	EXP 	other_box: fillColor = '#FFFCA6'
40.9109 	EXP 	self_box: fillColor = '#A6A9FF'
40.9109 	EXP 	other_box: fillColor = '#FFFCA6'
40.9279 	EXP 	self_box: fillColor = '#A6A9FF'
40.9279 	EXP 	other_box: fillColor = '#FFFCA6'
40.9471 	EXP 	self_box: fillColor = '#A6A9FF'
40.9471 	EXP 	other_box: fillColor = '#FFFCA6'
40.9671 	EXP 	self_box: fillColor = '#A6A9FF'
40.9671 	EXP 	other_box: fillColor = '#FFFCA6'
40.9778 	EXP 	self_box: fillColor = '#A6A9FF'
40.9778 	EXP 	other_box: fillColor = '#FFFCA6'
40.9944 	EXP 	self_box: fillColor = '#A6A9FF'
40.9944 	EXP 	other_box: fillColor = '#FFFCA6'
41.0115 	EXP 	self_box: fillColor = '#A6A9FF'
41.0115 	EXP 	other_box: fillColor = '#FFFCA6'
41.0328 	EXP 	self_box: fillColor = '#A6A9FF'
41.0328 	EXP 	other_box: fillColor = '#FFFCA6'
41.0489 	EXP 	self_box: fillColor = '#A6A9FF'
41.0489 	EXP 	other_box: fillColor = '#FFFCA6'
41.0620 	EXP 	self_box: fillColor = '#A6A9FF'
41.0620 	EXP 	other_box: fillColor = '#FFFCA6'
41.0780 	EXP 	self_box: fillColor = '#A6A9FF'
41.0780 	EXP 	other_box: fillColor = '#FFFCA6'
41.0951 	EXP 	self_box: fillColor = '#A6A9FF'
41.0951 	EXP 	other_box: fillColor = '#FFFCA6'
41.1162 	EXP 	self_box: fillColor = '#A6A9FF'
41.1162 	EXP 	other_box: fillColor = '#FFFCA6'
41.1325 	EXP 	self_box: fillColor = '#A6A9FF'
41.1325 	EXP 	other_box: fillColor = '#FFFCA6'
41.1451 	EXP 	self_box: fillColor = '#A6A9FF'
41.1451 	EXP 	other_box: fillColor = '#FFFCA6'
41.1623 	EXP 	self_box: fillColor = '#A6A9FF'
41.1623 	EXP 	other_box: fillColor = '#FFFCA6'
41.1834 	EXP 	self_box: fillColor = '#A6A9FF'
41.1834 	EXP 	other_box: fillColor = '#FFFCA6'
41.1990 	EXP 	self_box: fillColor = '#A6A9FF'
41.1990 	EXP 	other_box: fillColor = '#FFFCA6'
41.2116 	EXP 	self_box: fillColor = '#A6A9FF'
41.2116 	EXP 	other_box: fillColor = '#FFFCA6'
41.2293 	EXP 	self_box: fillColor = '#A6A9FF'
41.2293 	EXP 	other_box: fillColor = '#FFFCA6'
41.2502 	EXP 	self_box: fillColor = '#A6A9FF'
41.2502 	EXP 	other_box: fillColor = '#FFFCA6'
41.2677 	EXP 	self_box: fillColor = '#A6A9FF'
41.2677 	EXP 	other_box: fillColor = '#FFFCA6'
41.2789 	EXP 	self_box: fillColor = '#A6A9FF'
41.2789 	EXP 	other_box: fillColor = '#FFFCA6'
41.2952 	EXP 	self_box: fillColor = '#A6A9FF'
41.2952 	EXP 	other_box: fillColor = '#FFFCA6'
41.3119 	EXP 	self_box: fillColor = '#A6A9FF'
41.3119 	EXP 	other_box: fillColor = '#FFFCA6'
41.3287 	EXP 	self_box: fillColor = '#A6A9FF'
41.3287 	EXP 	other_box: fillColor = '#FFFCA6'
41.3501 	EXP 	self_box: fillColor = '#A6A9FF'
41.3501 	EXP 	other_box: fillColor = '#FFFCA6'
41.3675 	EXP 	self_box: fillColor = '#A6A9FF'
41.3675 	EXP 	other_box: fillColor = '#FFFCA6'
41.3798 	EXP 	self_box: fillColor = '#A6A9FF'
41.3798 	EXP 	other_box: fillColor = '#FFFCA6'
41.3954 	EXP 	self_box: fillColor = '#A6A9FF'
41.3954 	EXP 	other_box: fillColor = '#FFFCA6'
41.4119 	EXP 	self_box: fillColor = '#A6A9FF'
41.4119 	EXP 	other_box: fillColor = '#FFFCA6'
41.4286 	EXP 	self_box: fillColor = '#A6A9FF'
41.4286 	EXP 	other_box: fillColor = '#FFFCA6'
41.4484 	EXP 	self_box: fillColor = '#A6A9FF'
41.4484 	EXP 	other_box: fillColor = '#FFFCA6'
41.4677 	EXP 	self_box: fillColor = '#A6A9FF'
41.4677 	EXP 	other_box: fillColor = '#FFFCA6'
41.4791 	EXP 	self_box: fillColor = '#A6A9FF'
41.4791 	EXP 	other_box: fillColor = '#FFFCA6'
41.4963 	EXP 	self_box: fillColor = '#A6A9FF'
41.4963 	EXP 	other_box: fillColor = '#FFFCA6'
41.5151 	EXP 	self_box: fillColor = '#A6A9FF'
41.5151 	EXP 	other_box: fillColor = '#FFFCA6'
41.5329 	EXP 	self_box: fillColor = '#A6A9FF'
41.5329 	EXP 	other_box: fillColor = '#FFFCA6'
41.5454 	EXP 	self_box: fillColor = '#A6A9FF'
41.5454 	EXP 	other_box: fillColor = '#FFFCA6'
41.5621 	EXP 	self_box: fillColor = '#A6A9FF'
41.5621 	EXP 	other_box: fillColor = '#FFFCA6'
41.5792 	EXP 	self_box: fillColor = '#A6A9FF'
41.5792 	EXP 	other_box: fillColor = '#FFFCA6'
41.6004 	EXP 	self_box: fillColor = '#A6A9FF'
41.6004 	EXP 	other_box: fillColor = '#FFFCA6'
41.6164 	EXP 	self_box: fillColor = '#A6A9FF'
41.6164 	EXP 	other_box: fillColor = '#FFFCA6'
41.6299 	EXP 	self_box: fillColor = '#A6A9FF'
41.6299 	EXP 	other_box: fillColor = '#FFFCA6'
41.6455 	EXP 	self_box: fillColor = '#A6A9FF'
41.6455 	EXP 	other_box: fillColor = '#FFFCA6'
41.6626 	EXP 	self_box: fillColor = '#A6A9FF'
41.6626 	EXP 	other_box: fillColor = '#FFFCA6'
41.6818 	EXP 	self_box: fillColor = '#A6A9FF'
41.6818 	EXP 	other_box: fillColor = '#FFFCA6'
41.7016 	EXP 	self_box: fillColor = '#A6A9FF'
41.7016 	EXP 	other_box: fillColor = '#FFFCA6'
41.7124 	EXP 	self_box: fillColor = '#A6A9FF'
41.7124 	EXP 	other_box: fillColor = '#FFFCA6'
41.7293 	EXP 	self_box: fillColor = '#A6A9FF'
41.7293 	EXP 	other_box: fillColor = '#FFFCA6'
41.7492 	EXP 	self_box: fillColor = '#A6A9FF'
41.7492 	EXP 	other_box: fillColor = '#FFFCA6'
41.7688 	EXP 	self_box: fillColor = '#A6A9FF'
41.7688 	EXP 	other_box: fillColor = '#FFFCA6'
41.7798 	EXP 	self_box: fillColor = '#A6A9FF'
41.7798 	EXP 	other_box: fillColor = '#FFFCA6'
41.7963 	EXP 	self_box: fillColor = '#A6A9FF'
41.7963 	EXP 	other_box: fillColor = '#FFFCA6'
41.8177 	EXP 	self_box: fillColor = '#A6A9FF'
41.8177 	EXP 	other_box: fillColor = '#FFFCA6'
41.8351 	EXP 	self_box: fillColor = '#A6A9FF'
41.8351 	EXP 	other_box: fillColor = '#FFFCA6'
41.8466 	EXP 	self_box: fillColor = '#A6A9FF'
41.8466 	EXP 	other_box: fillColor = '#FFFCA6'
41.8629 	EXP 	self_box: fillColor = '#A6A9FF'
41.8629 	EXP 	other_box: fillColor = '#FFFCA6'
41.8795 	EXP 	self_box: fillColor = '#A6A9FF'
41.8795 	EXP 	other_box: fillColor = '#FFFCA6'
41.8963 	EXP 	self_box: fillColor = '#A6A9FF'
41.8963 	EXP 	other_box: fillColor = '#FFFCA6'
41.9177 	EXP 	self_box: fillColor = '#A6A9FF'
41.9177 	EXP 	other_box: fillColor = '#FFFCA6'
41.9335 	EXP 	self_box: fillColor = '#A6A9FF'
41.9335 	EXP 	other_box: fillColor = '#FFFCA6'
41.9471 	EXP 	self_box: fillColor = '#A6A9FF'
41.9471 	EXP 	other_box: fillColor = '#FFFCA6'
41.9631 	EXP 	self_box: fillColor = '#A6A9FF'
41.9631 	EXP 	other_box: fillColor = '#FFFCA6'
41.9796 	EXP 	self_box: fillColor = '#A6A9FF'
41.9796 	EXP 	other_box: fillColor = '#FFFCA6'
41.9964 	EXP 	self_box: fillColor = '#A6A9FF'
41.9964 	EXP 	other_box: fillColor = '#FFFCA6'
42.0160 	EXP 	self_box: fillColor = '#A6A9FF'
42.0160 	EXP 	other_box: fillColor = '#FFFCA6'
42.0357 	EXP 	self_box: fillColor = '#A6A9FF'
42.0357 	EXP 	other_box: fillColor = '#FFFCA6'
42.0468 	EXP 	self_box: fillColor = '#A6A9FF'
42.0468 	EXP 	other_box: fillColor = '#FFFCA6'
42.0638 	EXP 	self_box: fillColor = '#A6A9FF'
42.0638 	EXP 	other_box: fillColor = '#FFFCA6'
42.0825 	EXP 	self_box: fillColor = '#A6A9FF'
42.0825 	EXP 	other_box: fillColor = '#FAF33E'
42.1025 	EXP 	self_box: fillColor = '#A6A9FF'
42.1025 	EXP 	other_box: fillColor = '#FAF33E'
42.1136 	EXP 	self_box: fillColor = '#A6A9FF'
42.1136 	EXP 	other_box: fillColor = '#FAF33E'
42.1304 	EXP 	self_box: fillColor = '#A6A9FF'
42.1304 	EXP 	other_box: fillColor = '#FAF33E'
42.1512 	EXP 	self_box: fillColor = '#A6A9FF'
42.1512 	EXP 	other_box: fillColor = '#FAF33E'
42.1672 	EXP 	self_box: fillColor = '#A6A9FF'
42.1672 	EXP 	other_box: fillColor = '#FAF33E'
42.1804 	EXP 	self_box: fillColor = '#A6A9FF'
42.1804 	EXP 	other_box: fillColor = '#FAF33E'
42.1973 	EXP 	self_box: fillColor = '#A6A9FF'
42.1973 	EXP 	other_box: fillColor = '#FAF33E'
42.2162 	EXP 	self_box: fillColor = '#A6A9FF'
42.2162 	EXP 	other_box: fillColor = '#FAF33E'
42.2340 	EXP 	self_box: fillColor = '#A6A9FF'
42.2340 	EXP 	other_box: fillColor = '#FAF33E'
42.2467 	EXP 	self_box: fillColor = '#A6A9FF'
42.2467 	EXP 	other_box: fillColor = '#FAF33E'
42.2638 	EXP 	self_box: fillColor = '#A6A9FF'
42.2638 	EXP 	other_box: fillColor = '#FAF33E'
42.2831 	EXP 	self_box: fillColor = '#A6A9FF'
42.2831 	EXP 	other_box: fillColor = '#FAF33E'
42.3025 	EXP 	self_box: fillColor = '#A6A9FF'
42.3025 	EXP 	other_box: fillColor = '#FAF33E'
42.3146 	EXP 	self_box: fillColor = '#A6A9FF'
42.3146 	EXP 	other_box: fillColor = '#FAF33E'
42.3305 	EXP 	self_box: fillColor = '#A6A9FF'
42.3305 	EXP 	other_box: fillColor = '#FAF33E'
42.3468 	EXP 	self_box: fillColor = '#A6A9FF'
42.3468 	EXP 	other_box: fillColor = '#FAF33E'
42.3639 	EXP 	self_box: fillColor = '#A6A9FF'
42.3639 	EXP 	other_box: fillColor = '#FAF33E'
42.3644 	DATA 	Mouse: Left button down, pos=(987,238)
42.3855 	EXP 	self_box: fillColor = '#A6A9FF'
42.3855 	EXP 	other_box: fillColor = '#FAF33E'
42.4028 	EXP 	self_box: fillColor = '#A6A9FF'
42.4028 	EXP 	other_box: fillColor = '#FAF33E'
42.4146 	EXP 	self_box: fillColor = '#A6A9FF'
42.4146 	EXP 	other_box: fillColor = '#FAF33E'
42.4301 	EXP 	self_box: fillColor = '#A6A9FF'
42.4301 	EXP 	other_box: fillColor = '#FAF33E'
42.4470 	EXP 	self_box: fillColor = '#A6A9FF'
42.4470 	EXP 	other_box: fillColor = '#FAF33E'
42.4475 	DATA 	Mouse: Left button up, pos=(987,238)
42.4668 	EXP 	self_box: fillColor = '#A6A9FF'
42.4668 	EXP 	other_box: fillColor = '#FAF33E'
42.4864 	EXP 	self_box: fillColor = '#A6A9FF'
42.4864 	EXP 	other_box: fillColor = '#FAF33E'
42.4980 	EXP 	self_box: fillColor = '#A6A9FF'
42.4980 	EXP 	other_box: fillColor = '#FAF33E'
42.5140 	EXP 	self_box: fillColor = '#A6A9FF'
42.5140 	EXP 	other_box: fillColor = '#FAF33E'
42.5306 	EXP 	self_box: fillColor = '#A6A9FF'
42.5306 	EXP 	other_box: fillColor = '#FAF33E'
42.5476 	EXP 	self_box: fillColor = '#A6A9FF'
42.5476 	EXP 	other_box: fillColor = '#FAF33E'
42.5669 	EXP 	self_box: fillColor = '#A6A9FF'
42.5669 	EXP 	other_box: fillColor = '#FAF33E'
42.5847 	EXP 	self_box: fillColor = '#A6A9FF'
42.5847 	EXP 	other_box: fillColor = '#FAF33E'
42.5973 	EXP 	self_box: fillColor = '#A6A9FF'
42.5973 	EXP 	other_box: fillColor = '#FAF33E'
42.6146 	EXP 	self_box: fillColor = '#A6A9FF'
42.6146 	EXP 	other_box: fillColor = '#FAF33E'
42.6339 	EXP 	self_box: fillColor = '#A6A9FF'
42.6339 	EXP 	other_box: fillColor = '#FAF33E'
42.6514 	EXP 	self_box: fillColor = '#A6A9FF'
42.6514 	EXP 	other_box: fillColor = '#FAF33E'
42.6641 	EXP 	self_box: fillColor = '#A6A9FF'
42.6641 	EXP 	other_box: fillColor = '#FAF33E'
42.6810 	EXP 	self_box: fillColor = '#A6A9FF'
42.6810 	EXP 	other_box: fillColor = '#FAF33E'
42.6983 	EXP 	self_box: fillColor = '#A6A9FF'
42.6983 	EXP 	other_box: fillColor = '#FAF33E'
42.7172 	EXP 	self_box: fillColor = '#A6A9FF'
42.7172 	EXP 	other_box: fillColor = '#FAF33E'
42.7369 	EXP 	self_box: fillColor = '#A6A9FF'
42.7369 	EXP 	other_box: fillColor = '#FFFCA6'
42.7477 	EXP 	self_box: fillColor = '#A6A9FF'
42.7477 	EXP 	other_box: fillColor = '#FFFCA6'
42.7648 	EXP 	self_box: fillColor = '#A6A9FF'
42.7648 	EXP 	other_box: fillColor = '#FFFCA6'
42.7839 	EXP 	self_box: fillColor = '#A6A9FF'
42.7839 	EXP 	other_box: fillColor = '#FFFCA6'
42.8017 	EXP 	self_box: fillColor = '#A6A9FF'
42.8017 	EXP 	other_box: fillColor = '#FFFCA6'
42.8149 	EXP 	self_box: fillColor = '#A6A9FF'
42.8149 	EXP 	other_box: fillColor = '#FFFCA6'
42.8311 	EXP 	self_box: fillColor = '#A6A9FF'
42.8311 	EXP 	other_box: fillColor = '#FFFCA6'
42.8475 	EXP 	self_box: fillColor = '#A6A9FF'
42.8475 	EXP 	other_box: fillColor = '#FFFCA6'
42.8650 	EXP 	self_box: fillColor = '#A6A9FF'
42.8650 	EXP 	other_box: fillColor = '#FFFCA6'
42.8859 	EXP 	self_box: fillColor = '#A6A9FF'
42.8859 	EXP 	other_box: fillColor = '#FFFCA6'
42.9039 	EXP 	self_box: fillColor = '#A6A9FF'
42.9039 	EXP 	other_box: fillColor = '#FFFCA6'
42.9149 	EXP 	self_box: fillColor = '#A6A9FF'
42.9149 	EXP 	other_box: fillColor = '#FFFCA6'
42.9319 	EXP 	self_box: fillColor = '#A6A9FF'
42.9319 	EXP 	other_box: fillColor = '#FFFCA6'
42.9509 	EXP 	self_box: fillColor = '#3E45FA'
42.9509 	EXP 	other_box: fillColor = '#FFFCA6'
42.9707 	EXP 	self_box: fillColor = '#3E45FA'
42.9707 	EXP 	other_box: fillColor = '#FFFCA6'
42.9814 	EXP 	self_box: fillColor = '#3E45FA'
42.9814 	EXP 	other_box: fillColor = '#FFFCA6'
42.9988 	EXP 	self_box: fillColor = '#3E45FA'
42.9988 	EXP 	other_box: fillColor = '#FFFCA6'
43.0174 	EXP 	self_box: fillColor = '#3E45FA'
43.0174 	EXP 	other_box: fillColor = '#FFFCA6'
43.0374 	EXP 	self_box: fillColor = '#3E45FA'
43.0374 	EXP 	other_box: fillColor = '#FFFCA6'
43.0386 	DATA 	Mouse: Left button down, pos=(522,220)
43.0491 	EXP 	self_box: fillColor = '#3E45FA'
43.0491 	EXP 	other_box: fillColor = '#FFFCA6'
43.0654 	EXP 	self_box: fillColor = '#3E45FA'
43.0654 	EXP 	other_box: fillColor = '#FFFCA6'
43.0815 	EXP 	self_box: fillColor = '#3E45FA'
43.0815 	EXP 	other_box: fillColor = '#FFFCA6'
43.0987 	EXP 	self_box: fillColor = '#3E45FA'
43.0987 	EXP 	other_box: fillColor = '#FFFCA6'
43.1197 	EXP 	self_box: fillColor = '#3E45FA'
43.1197 	EXP 	other_box: fillColor = '#FFFCA6'
43.1355 	EXP 	self_box: fillColor = '#3E45FA'
43.1355 	EXP 	other_box: fillColor = '#FFFCA6'
43.1487 	EXP 	self_box: fillColor = '#3E45FA'
43.1487 	EXP 	other_box: fillColor = '#FFFCA6'
43.1492 	DATA 	Mouse: Left button up, pos=(522,220)
43.1658 	EXP 	self_box: fillColor = '#3E45FA'
43.1658 	EXP 	other_box: fillColor = '#FFFCA6'
43.1867 	EXP 	self_box: fillColor = '#3E45FA'
43.1867 	EXP 	other_box: fillColor = '#FFFCA6'
43.2024 	EXP 	self_box: fillColor = '#3E45FA'
43.2024 	EXP 	other_box: fillColor = '#FFFCA6'
43.2155 	EXP 	self_box: fillColor = '#3E45FA'
43.2155 	EXP 	other_box: fillColor = '#FFFCA6'
43.2319 	EXP 	self_box: fillColor = '#3E45FA'
43.2319 	EXP 	other_box: fillColor = '#FFFCA6'
43.2490 	EXP 	self_box: fillColor = '#3E45FA'
43.2490 	EXP 	other_box: fillColor = '#FFFCA6'
43.2699 	EXP 	self_box: fillColor = '#3E45FA'
43.2699 	EXP 	other_box: fillColor = '#FFFCA6'
43.2880 	EXP 	self_box: fillColor = '#3E45FA'
43.2880 	EXP 	other_box: fillColor = '#FFFCA6'
43.2993 	EXP 	self_box: fillColor = '#3E45FA'
43.2993 	EXP 	other_box: fillColor = '#FFFCA6'
43.3155 	EXP 	self_box: fillColor = '#A6A9FF'
43.3155 	EXP 	other_box: fillColor = '#FFFCA6'
43.3325 	EXP 	self_box: fillColor = '#A6A9FF'
43.3325 	EXP 	other_box: fillColor = '#FFFCA6'
43.3538 	EXP 	self_box: fillColor = '#A6A9FF'
43.3538 	EXP 	other_box: fillColor = '#FFFCA6'
43.3709 	EXP 	self_box: fillColor = '#A6A9FF'
43.3709 	EXP 	other_box: fillColor = '#FFFCA6'
43.3821 	EXP 	self_box: fillColor = '#A6A9FF'
43.3821 	EXP 	other_box: fillColor = '#FFFCA6'
43.3990 	EXP 	self_box: fillColor = '#A6A9FF'
43.3990 	EXP 	other_box: fillColor = '#FFFCA6'
43.4203 	EXP 	self_box: fillColor = '#A6A9FF'
43.4203 	EXP 	other_box: fillColor = '#FFFCA6'
43.4380 	EXP 	self_box: fillColor = '#A6A9FF'
43.4380 	EXP 	other_box: fillColor = '#FFFCA6'
43.4487 	EXP 	self_box: fillColor = '#A6A9FF'
43.4487 	EXP 	other_box: fillColor = '#FFFCA6'
43.4654 	EXP 	self_box: fillColor = '#A6A9FF'
43.4654 	EXP 	other_box: fillColor = '#FFFCA6'
43.4826 	EXP 	self_box: fillColor = '#A6A9FF'
43.4826 	EXP 	other_box: fillColor = '#FFFCA6'
43.5034 	EXP 	self_box: fillColor = '#A6A9FF'
43.5034 	EXP 	other_box: fillColor = '#FFFCA6'
43.5210 	EXP 	self_box: fillColor = '#A6A9FF'
43.5210 	EXP 	other_box: fillColor = '#FFFCA6'
43.5324 	EXP 	self_box: fillColor = '#A6A9FF'
43.5324 	EXP 	other_box: fillColor = '#FFFCA6'
43.5488 	EXP 	self_box: fillColor = '#A6A9FF'
43.5488 	EXP 	other_box: fillColor = '#FFFCA6'
43.5495 	DATA 	Mouse: Left button down, pos=(883,256)
43.5657 	EXP 	self_box: fillColor = '#A6A9FF'
43.5657 	EXP 	other_box: fillColor = '#FFFCA6'
43.5873 	EXP 	self_box: fillColor = '#A6A9FF'
43.5873 	EXP 	other_box: fillColor = '#FFFCA6'
43.6031 	EXP 	self_box: fillColor = '#A6A9FF'
43.6031 	EXP 	other_box: fillColor = '#FFFCA6'
43.6164 	EXP 	self_box: fillColor = '#A6A9FF'
43.6164 	EXP 	other_box: fillColor = '#FFFCA6'
43.6325 	EXP 	self_box: fillColor = '#A6A9FF'
43.6325 	EXP 	other_box: fillColor = '#FFFCA6'
43.6499 	EXP 	self_box: fillColor = '#A6A9FF'
43.6499 	EXP 	other_box: fillColor = '#FFFCA6'
43.6504 	DATA 	Mouse: Left button up, pos=(883,256)
43.6687 	EXP 	self_box: fillColor = '#A6A9FF'
43.6687 	EXP 	other_box: fillColor = '#FFFCA6'
43.6865 	EXP 	self_box: fillColor = '#A6A9FF'
43.6865 	EXP 	other_box: fillColor = '#FFFCA6'
43.6989 	EXP 	self_box: fillColor = '#A6A9FF'
43.6989 	EXP 	other_box: fillColor = '#FFFCA6'
43.7165 	EXP 	self_box: fillColor = '#A6A9FF'
43.7165 	EXP 	other_box: fillColor = '#FFFCA6'
43.7354 	EXP 	self_box: fillColor = '#A6A9FF'
43.7354 	EXP 	other_box: fillColor = '#FFFCA6'
43.7550 	EXP 	self_box: fillColor = '#A6A9FF'
43.7550 	EXP 	other_box: fillColor = '#FFFCA6'
43.7668 	EXP 	self_box: fillColor = '#A6A9FF'
43.7668 	EXP 	other_box: fillColor = '#FFFCA6'
43.7827 	EXP 	self_box: fillColor = '#A6A9FF'
43.7827 	EXP 	other_box: fillColor = '#FFFCA6'
43.7997 	EXP 	self_box: fillColor = '#A6A9FF'
43.7997 	EXP 	other_box: fillColor = '#FAF33E'
43.8213 	EXP 	self_box: fillColor = '#A6A9FF'
43.8213 	EXP 	other_box: fillColor = '#FAF33E'
43.8386 	EXP 	self_box: fillColor = '#A6A9FF'
43.8386 	EXP 	other_box: fillColor = '#FAF33E'
43.8499 	EXP 	self_box: fillColor = '#A6A9FF'
43.8499 	EXP 	other_box: fillColor = '#FAF33E'
43.8664 	EXP 	self_box: fillColor = '#A6A9FF'
43.8664 	EXP 	other_box: fillColor = '#FAF33E'
43.8878 	EXP 	self_box: fillColor = '#A6A9FF'
43.8878 	EXP 	other_box: fillColor = '#FAF33E'
43.8885 	DATA 	Mouse: Left button down, pos=(937,256)
43.9055 	EXP 	self_box: fillColor = '#A6A9FF'
43.9055 	EXP 	other_box: fillColor = '#FAF33E'
43.9160 	EXP 	self_box: fillColor = '#A6A9FF'
43.9160 	EXP 	other_box: fillColor = '#FAF33E'
43.9339 	EXP 	self_box: fillColor = '#A6A9FF'
43.9339 	EXP 	other_box: fillColor = '#FAF33E'
43.9526 	EXP 	self_box: fillColor = '#A6A9FF'
43.9526 	EXP 	other_box: fillColor = '#FAF33E'
43.9577 	DATA 	Mouse: Left button up, pos=(937,256)
43.9718 	EXP 	self_box: fillColor = '#A6A9FF'
43.9718 	EXP 	other_box: fillColor = '#FAF33E'
43.9829 	EXP 	self_box: fillColor = '#A6A9FF'
43.9829 	EXP 	other_box: fillColor = '#FAF33E'
44.0007 	EXP 	self_box: fillColor = '#A6A9FF'
44.0007 	EXP 	other_box: fillColor = '#FAF33E'
44.0193 	EXP 	self_box: fillColor = '#A6A9FF'
44.0193 	EXP 	other_box: fillColor = '#FAF33E'
44.0386 	EXP 	self_box: fillColor = '#A6A9FF'
44.0386 	EXP 	other_box: fillColor = '#FAF33E'
44.0498 	EXP 	self_box: fillColor = '#A6A9FF'
44.0498 	EXP 	other_box: fillColor = '#FAF33E'
44.0504 	DATA 	Mouse: Left button down, pos=(937,256)
44.0666 	EXP 	self_box: fillColor = '#A6A9FF'
44.0666 	EXP 	other_box: fillColor = '#FAF33E'
44.0859 	EXP 	self_box: fillColor = '#A6A9FF'
44.0859 	EXP 	other_box: fillColor = '#FAF33E'
44.1039 	EXP 	self_box: fillColor = '#A6A9FF'
44.1039 	EXP 	other_box: fillColor = '#FAF33E'
44.1177 	EXP 	self_box: fillColor = '#A6A9FF'
44.1177 	EXP 	other_box: fillColor = '#FAF33E'
44.1182 	DATA 	Mouse: Left button up, pos=(937,256)
44.1334 	EXP 	self_box: fillColor = '#A6A9FF'
44.1334 	EXP 	other_box: fillColor = '#FAF33E'
44.1505 	EXP 	self_box: fillColor = '#A6A9FF'
44.1505 	EXP 	other_box: fillColor = '#FAF33E'
44.1694 	EXP 	self_box: fillColor = '#A6A9FF'
44.1694 	EXP 	other_box: fillColor = '#FAF33E'
44.1890 	EXP 	self_box: fillColor = '#A6A9FF'
44.1890 	EXP 	other_box: fillColor = '#FAF33E'
44.2008 	EXP 	self_box: fillColor = '#A6A9FF'
44.2008 	EXP 	other_box: fillColor = '#FAF33E'
44.2015 	DATA 	Mouse: Left button down, pos=(937,256)
44.2169 	EXP 	self_box: fillColor = '#A6A9FF'
44.2169 	EXP 	other_box: fillColor = '#FAF33E'
44.2345 	EXP 	self_box: fillColor = '#A6A9FF'
44.2345 	EXP 	other_box: fillColor = '#FAF33E'
44.2551 	EXP 	self_box: fillColor = '#A6A9FF'
44.2551 	EXP 	other_box: fillColor = '#FAF33E'
44.2724 	EXP 	self_box: fillColor = '#A6A9FF'
44.2724 	EXP 	other_box: fillColor = '#FAF33E'
44.2730 	DATA 	Mouse: Left button up, pos=(937,256)
44.2835 	EXP 	self_box: fillColor = '#A6A9FF'
44.2835 	EXP 	other_box: fillColor = '#FAF33E'
44.3008 	EXP 	self_box: fillColor = '#A6A9FF'
44.3008 	EXP 	other_box: fillColor = '#FAF33E'
44.3199 	EXP 	self_box: fillColor = '#A6A9FF'
44.3199 	EXP 	other_box: fillColor = '#FAF33E'
44.3376 	EXP 	self_box: fillColor = '#A6A9FF'
44.3376 	EXP 	other_box: fillColor = '#FAF33E'
44.3502 	EXP 	self_box: fillColor = '#A6A9FF'
44.3502 	EXP 	other_box: fillColor = '#FAF33E'
44.3670 	EXP 	self_box: fillColor = '#A6A9FF'
44.3670 	EXP 	other_box: fillColor = '#FAF33E'
44.3843 	EXP 	self_box: fillColor = '#A6A9FF'
44.3843 	EXP 	other_box: fillColor = '#FAF33E'
44.4031 	EXP 	self_box: fillColor = '#A6A9FF'
44.4031 	EXP 	other_box: fillColor = '#FAF33E'
44.4210 	EXP 	self_box: fillColor = '#A6A9FF'
44.4210 	EXP 	other_box: fillColor = '#FAF33E'
44.4340 	EXP 	self_box: fillColor = '#A6A9FF'
44.4340 	EXP 	other_box: fillColor = '#FAF33E'
44.4506 	EXP 	self_box: fillColor = '#A6A9FF'
44.4506 	EXP 	other_box: fillColor = '#FAF33E'
44.4702 	EXP 	self_box: fillColor = '#A6A9FF'
44.4702 	EXP 	other_box: fillColor = '#FAF33E'
44.4877 	EXP 	self_box: fillColor = '#A6A9FF'
44.4877 	EXP 	other_box: fillColor = '#FAF33E'
44.5010 	EXP 	self_box: fillColor = '#A6A9FF'
44.5010 	EXP 	other_box: fillColor = '#FAF33E'
44.5173 	EXP 	self_box: fillColor = '#A6A9FF'
44.5173 	EXP 	other_box: fillColor = '#FFFCA6'
44.5345 	EXP 	self_box: fillColor = '#A6A9FF'
44.5345 	EXP 	other_box: fillColor = '#FFFCA6'
44.5534 	EXP 	self_box: fillColor = '#A6A9FF'
44.5534 	EXP 	other_box: fillColor = '#FFFCA6'
44.5732 	EXP 	self_box: fillColor = '#A6A9FF'
44.5732 	EXP 	other_box: fillColor = '#FFFCA6'
44.5843 	EXP 	self_box: fillColor = '#A6A9FF'
44.5843 	EXP 	other_box: fillColor = '#FFFCA6'
44.6008 	EXP 	self_box: fillColor = '#A6A9FF'
44.6008 	EXP 	other_box: fillColor = '#FFFCA6'
44.6182 	EXP 	self_box: fillColor = '#A6A9FF'
44.6182 	EXP 	other_box: fillColor = '#FFFCA6'
44.6370 	EXP 	self_box: fillColor = '#A6A9FF'
44.6370 	EXP 	other_box: fillColor = '#FFFCA6'
44.6564 	EXP 	self_box: fillColor = '#A6A9FF'
44.6564 	EXP 	other_box: fillColor = '#FFFCA6'
44.6675 	EXP 	self_box: fillColor = '#A6A9FF'
44.6675 	EXP 	other_box: fillColor = '#FFFCA6'
44.6847 	EXP 	self_box: fillColor = '#A6A9FF'
44.6847 	EXP 	other_box: fillColor = '#FFFCA6'
44.7060 	EXP 	self_box: fillColor = '#A6A9FF'
44.7060 	EXP 	other_box: fillColor = '#FFFCA6'
44.7237 	EXP 	self_box: fillColor = '#A6A9FF'
44.7237 	EXP 	other_box: fillColor = '#FFFCA6'
44.7347 	EXP 	self_box: fillColor = '#A6A9FF'
44.7347 	EXP 	other_box: fillColor = '#FFFCA6'
44.7507 	EXP 	self_box: fillColor = '#A6A9FF'
44.7507 	EXP 	other_box: fillColor = '#FFFCA6'
44.7682 	EXP 	self_box: fillColor = '#A6A9FF'
44.7682 	EXP 	other_box: fillColor = '#FFFCA6'
44.7874 	EXP 	self_box: fillColor = '#A6A9FF'
44.7874 	EXP 	other_box: fillColor = '#FFFCA6'
44.8067 	EXP 	self_box: fillColor = '#A6A9FF'
44.8067 	EXP 	other_box: fillColor = '#FFFCA6'
44.8183 	EXP 	self_box: fillColor = '#A6A9FF'
44.8183 	EXP 	other_box: fillColor = '#FAF33E'
44.8349 	EXP 	self_box: fillColor = '#A6A9FF'
44.8349 	EXP 	other_box: fillColor = '#FAF33E'
44.8516 	EXP 	self_box: fillColor = '#A6A9FF'
44.8516 	EXP 	other_box: fillColor = '#FAF33E'
44.8728 	EXP 	self_box: fillColor = '#A6A9FF'
44.8728 	EXP 	other_box: fillColor = '#FAF33E'
44.8903 	EXP 	self_box: fillColor = '#A6A9FF'
44.8903 	EXP 	other_box: fillColor = '#FAF33E'
44.9016 	EXP 	self_box: fillColor = '#A6A9FF'
44.9016 	EXP 	other_box: fillColor = '#FAF33E'
44.9185 	EXP 	self_box: fillColor = '#A6A9FF'
44.9185 	EXP 	other_box: fillColor = '#FAF33E'
44.9374 	EXP 	self_box: fillColor = '#A6A9FF'
44.9374 	EXP 	other_box: fillColor = '#FAF33E'
44.9573 	EXP 	self_box: fillColor = '#A6A9FF'
44.9573 	EXP 	other_box: fillColor = '#FAF33E'
44.9622 	DATA 	Mouse: Left button down, pos=(1035,269)
44.9766 	EXP 	self_box: fillColor = '#A6A9FF'
44.9766 	EXP 	other_box: fillColor = '#FAF33E'
44.9842 	EXP 	self_box: fillColor = '#A6A9FF'
44.9842 	EXP 	other_box: fillColor = '#FAF33E'
45.0013 	EXP 	self_box: fillColor = '#A6A9FF'
45.0013 	EXP 	other_box: fillColor = '#FAF33E'
45.0207 	EXP 	self_box: fillColor = '#A6A9FF'
45.0207 	EXP 	other_box: fillColor = '#FAF33E'
45.0259 	DATA 	Mouse: Left button up, pos=(1035,269)
45.0390 	EXP 	self_box: fillColor = '#A6A9FF'
45.0390 	EXP 	other_box: fillColor = '#FAF33E'
45.0512 	EXP 	self_box: fillColor = '#A6A9FF'
45.0512 	EXP 	other_box: fillColor = '#FAF33E'
45.0687 	EXP 	self_box: fillColor = '#A6A9FF'
45.0687 	EXP 	other_box: fillColor = '#FAF33E'
45.0895 	EXP 	self_box: fillColor = '#A6A9FF'
45.0895 	EXP 	other_box: fillColor = '#FAF33E'
45.1074 	EXP 	self_box: fillColor = '#A6A9FF'
45.1074 	EXP 	other_box: fillColor = '#FAF33E'
45.1182 	EXP 	self_box: fillColor = '#A6A9FF'
45.1182 	EXP 	other_box: fillColor = '#FAF33E'
45.1195 	DATA 	Mouse: Left button down, pos=(1035,269)
45.1352 	EXP 	self_box: fillColor = '#A6A9FF'
45.1352 	EXP 	other_box: fillColor = '#FAF33E'
45.1562 	EXP 	self_box: fillColor = '#A6A9FF'
45.1562 	EXP 	other_box: fillColor = '#FAF33E'
45.1739 	EXP 	self_box: fillColor = '#A6A9FF'
45.1739 	EXP 	other_box: fillColor = '#FAF33E'
45.1857 	EXP 	self_box: fillColor = '#A6A9FF'
45.1857 	EXP 	other_box: fillColor = '#FAF33E'
45.1862 	DATA 	Mouse: Left button up, pos=(1035,269)
45.2020 	EXP 	self_box: fillColor = '#A6A9FF'
45.2020 	EXP 	other_box: fillColor = '#FAF33E'
45.2186 	EXP 	self_box: fillColor = '#A6A9FF'
45.2186 	EXP 	other_box: fillColor = '#FAF33E'
45.2351 	EXP 	self_box: fillColor = '#A6A9FF'
45.2351 	EXP 	other_box: fillColor = '#FAF33E'
45.2520 	EXP 	self_box: fillColor = '#A6A9FF'
45.2520 	EXP 	other_box: fillColor = '#FAF33E'
45.2558 	DATA 	Mouse: Left button down, pos=(1035,269)
45.2732 	EXP 	self_box: fillColor = '#A6A9FF'
45.2732 	EXP 	other_box: fillColor = '#FAF33E'
45.2916 	EXP 	self_box: fillColor = '#A6A9FF'
45.2916 	EXP 	other_box: fillColor = '#FAF33E'
45.3024 	EXP 	self_box: fillColor = '#A6A9FF'
45.3024 	EXP 	other_box: fillColor = '#FAF33E'
45.3185 	EXP 	self_box: fillColor = '#A6A9FF'
45.3185 	EXP 	other_box: fillColor = '#FAF33E'
45.3358 	EXP 	self_box: fillColor = '#A6A9FF'
45.3358 	EXP 	other_box: fillColor = '#FAF33E'
45.3364 	DATA 	Mouse: Left button up, pos=(1035,269)
45.3548 	EXP 	self_box: fillColor = '#A6A9FF'
45.3548 	EXP 	other_box: fillColor = '#FAF33E'
45.3741 	EXP 	self_box: fillColor = '#A6A9FF'
45.3741 	EXP 	other_box: fillColor = '#FAF33E'
45.3850 	EXP 	self_box: fillColor = '#A6A9FF'
45.3850 	EXP 	other_box: fillColor = '#FAF33E'
45.4019 	EXP 	self_box: fillColor = '#A6A9FF'
45.4019 	EXP 	other_box: fillColor = '#FAF33E'
45.4191 	EXP 	self_box: fillColor = '#A6A9FF'
45.4191 	EXP 	other_box: fillColor = '#FAF33E'
45.4383 	EXP 	self_box: fillColor = '#A6A9FF'
45.4383 	EXP 	other_box: fillColor = '#FAF33E'
45.4575 	EXP 	self_box: fillColor = '#A6A9FF'
45.4575 	EXP 	other_box: fillColor = '#FAF33E'
45.4685 	EXP 	self_box: fillColor = '#A6A9FF'
45.4685 	EXP 	other_box: fillColor = '#FFFCA6'
45.4859 	EXP 	self_box: fillColor = '#A6A9FF'
45.4859 	EXP 	other_box: fillColor = '#FFFCA6'
45.5051 	EXP 	self_box: fillColor = '#A6A9FF'
45.5051 	EXP 	other_box: fillColor = '#FFFCA6'
45.5226 	EXP 	self_box: fillColor = '#A6A9FF'
45.5226 	EXP 	other_box: fillColor = '#FFFCA6'
45.5360 	EXP 	self_box: fillColor = '#A6A9FF'
45.5360 	EXP 	other_box: fillColor = '#FFFCA6'
45.5519 	EXP 	self_box: fillColor = '#A6A9FF'
45.5519 	EXP 	other_box: fillColor = '#FFFCA6'
45.5691 	EXP 	self_box: fillColor = '#A6A9FF'
45.5691 	EXP 	other_box: fillColor = '#FFFCA6'
45.5882 	EXP 	self_box: fillColor = '#A6A9FF'
45.5882 	EXP 	other_box: fillColor = '#FFFCA6'
45.6060 	EXP 	self_box: fillColor = '#A6A9FF'
45.6060 	EXP 	other_box: fillColor = '#FFFCA6'
45.6197 	EXP 	self_box: fillColor = '#A6A9FF'
45.6197 	EXP 	other_box: fillColor = '#FFFCA6'
45.6360 	EXP 	self_box: fillColor = '#A6A9FF'
45.6360 	EXP 	other_box: fillColor = '#FFFCA6'
45.6530 	EXP 	self_box: fillColor = '#A6A9FF'
45.6530 	EXP 	other_box: fillColor = '#FFFCA6'
45.6740 	EXP 	self_box: fillColor = '#A6A9FF'
45.6740 	EXP 	other_box: fillColor = '#FFFCA6'
45.6912 	EXP 	self_box: fillColor = '#A6A9FF'
45.6912 	EXP 	other_box: fillColor = '#FFFCA6'
45.7031 	EXP 	self_box: fillColor = '#A6A9FF'
45.7031 	EXP 	other_box: fillColor = '#FFFCA6'
45.7192 	EXP 	self_box: fillColor = '#A6A9FF'
45.7192 	EXP 	other_box: fillColor = '#FFFCA6'
45.7356 	EXP 	self_box: fillColor = '#A6A9FF'
45.7356 	EXP 	other_box: fillColor = '#FFFCA6'
45.7525 	EXP 	self_box: fillColor = '#A6A9FF'
45.7525 	EXP 	other_box: fillColor = '#FFFCA6'
45.7740 	EXP 	self_box: fillColor = '#A6A9FF'
45.7740 	EXP 	other_box: fillColor = '#FFFCA6'
45.7897 	EXP 	self_box: fillColor = '#A6A9FF'
45.7897 	EXP 	other_box: fillColor = '#FAF33E'
45.8024 	EXP 	self_box: fillColor = '#A6A9FF'
45.8024 	EXP 	other_box: fillColor = '#FAF33E'
45.8197 	EXP 	self_box: fillColor = '#A6A9FF'
45.8197 	EXP 	other_box: fillColor = '#FAF33E'
45.8390 	EXP 	self_box: fillColor = '#A6A9FF'
45.8390 	EXP 	other_box: fillColor = '#FAF33E'
45.8584 	EXP 	self_box: fillColor = '#A6A9FF'
45.8584 	EXP 	other_box: fillColor = '#FAF33E'
45.8692 	EXP 	self_box: fillColor = '#A6A9FF'
45.8692 	EXP 	other_box: fillColor = '#FAF33E'
45.8865 	EXP 	self_box: fillColor = '#A6A9FF'
45.8865 	EXP 	other_box: fillColor = '#FAF33E'
45.9077 	EXP 	self_box: fillColor = '#A6A9FF'
45.9077 	EXP 	other_box: fillColor = '#FAF33E'
45.9135 	DATA 	Mouse: Left button down, pos=(1047,276)
45.9234 	EXP 	self_box: fillColor = '#A6A9FF'
45.9234 	EXP 	other_box: fillColor = '#FAF33E'
45.9562 	EXP 	self_box: fillColor = '#A6A9FF'
45.9562 	EXP 	other_box: fillColor = '#FAF33E'
45.9736 	EXP 	self_box: fillColor = '#A6A9FF'
45.9736 	EXP 	other_box: fillColor = '#FAF33E'
45.9741 	DATA 	Mouse: Left button up, pos=(1046,277)
45.9867 	EXP 	self_box: fillColor = '#A6A9FF'
45.9867 	EXP 	other_box: fillColor = '#FAF33E'
46.0040 	EXP 	self_box: fillColor = '#A6A9FF'
46.0040 	EXP 	other_box: fillColor = '#FAF33E'
46.0226 	EXP 	self_box: fillColor = '#A6A9FF'
46.0226 	EXP 	other_box: fillColor = '#FAF33E'
46.0423 	EXP 	self_box: fillColor = '#A6A9FF'
46.0423 	EXP 	other_box: fillColor = '#FAF33E'
46.0533 	EXP 	self_box: fillColor = '#A6A9FF'
46.0533 	EXP 	other_box: fillColor = '#FAF33E'
46.0699 	EXP 	self_box: fillColor = '#A6A9FF'
46.0699 	EXP 	other_box: fillColor = '#FAF33E'
46.0711 	DATA 	Mouse: Left button down, pos=(1046,277)
46.0893 	EXP 	self_box: fillColor = '#A6A9FF'
46.0893 	EXP 	other_box: fillColor = '#FAF33E'
46.1088 	EXP 	self_box: fillColor = '#A6A9FF'
46.1088 	EXP 	other_box: fillColor = '#FAF33E'
46.1207 	EXP 	self_box: fillColor = '#A6A9FF'
46.1207 	EXP 	other_box: fillColor = '#FAF33E'
46.1367 	EXP 	self_box: fillColor = '#A6A9FF'
46.1367 	EXP 	other_box: fillColor = '#FAF33E'
46.1536 	EXP 	self_box: fillColor = '#A6A9FF'
46.1536 	EXP 	other_box: fillColor = '#FAF33E'
46.1749 	EXP 	self_box: fillColor = '#A6A9FF'
46.1749 	EXP 	other_box: fillColor = '#FAF33E'
46.1906 	EXP 	self_box: fillColor = '#A6A9FF'
46.1906 	EXP 	other_box: fillColor = '#FAF33E'
46.2033 	EXP 	self_box: fillColor = '#A6A9FF'
46.2033 	EXP 	other_box: fillColor = '#FAF33E'
46.2206 	EXP 	self_box: fillColor = '#A6A9FF'
46.2206 	EXP 	other_box: fillColor = '#FAF33E'
46.2395 	EXP 	self_box: fillColor = '#A6A9FF'
46.2395 	EXP 	other_box: fillColor = '#FAF33E'
46.2590 	EXP 	self_box: fillColor = '#A6A9FF'
46.2590 	EXP 	other_box: fillColor = '#FAF33E'
46.2596 	DATA 	Mouse: Left button up, pos=(1046,277)
46.2700 	EXP 	self_box: fillColor = '#A6A9FF'
46.2700 	EXP 	other_box: fillColor = '#FAF33E'
46.2866 	EXP 	self_box: fillColor = '#A6A9FF'
46.2866 	EXP 	other_box: fillColor = '#FAF33E'
46.3036 	EXP 	self_box: fillColor = '#A6A9FF'
46.3036 	EXP 	other_box: fillColor = '#FAF33E'
46.3228 	EXP 	self_box: fillColor = '#A6A9FF'
46.3228 	EXP 	other_box: fillColor = '#FAF33E'
46.3426 	EXP 	self_box: fillColor = '#A6A9FF'
46.3426 	EXP 	other_box: fillColor = '#FAF33E'
46.3542 	EXP 	self_box: fillColor = '#A6A9FF'
46.3542 	EXP 	other_box: fillColor = '#FAF33E'
46.3707 	EXP 	self_box: fillColor = '#A6A9FF'
46.3707 	EXP 	other_box: fillColor = '#FAF33E'
46.3869 	EXP 	self_box: fillColor = '#A6A9FF'
46.3869 	EXP 	other_box: fillColor = '#FAF33E'
46.4037 	EXP 	self_box: fillColor = '#A6A9FF'
46.4037 	EXP 	other_box: fillColor = '#FAF33E'
46.4233 	EXP 	self_box: fillColor = '#A6A9FF'
46.4233 	EXP 	other_box: fillColor = '#FFFCA6'
46.4426 	EXP 	self_box: fillColor = '#A6A9FF'
46.4426 	EXP 	other_box: fillColor = '#FFFCA6'
46.4536 	EXP 	self_box: fillColor = '#A6A9FF'
46.4536 	EXP 	other_box: fillColor = '#FFFCA6'
46.4707 	EXP 	self_box: fillColor = '#3E45FA'
46.4707 	EXP 	other_box: fillColor = '#FFFCA6'
46.4898 	EXP 	self_box: fillColor = '#3E45FA'
46.4898 	EXP 	other_box: fillColor = '#FFFCA6'
46.5077 	EXP 	self_box: fillColor = '#3E45FA'
46.5077 	EXP 	other_box: fillColor = '#FFFCA6'
46.5207 	EXP 	self_box: fillColor = '#3E45FA'
46.5207 	EXP 	other_box: fillColor = '#FFFCA6'
46.5375 	EXP 	self_box: fillColor = '#3E45FA'
46.5375 	EXP 	other_box: fillColor = '#FFFCA6'
46.5590 	EXP 	self_box: fillColor = '#3E45FA'
46.5590 	EXP 	other_box: fillColor = '#FFFCA6'
46.5745 	EXP 	self_box: fillColor = '#3E45FA'
46.5745 	EXP 	other_box: fillColor = '#FFFCA6'
46.5871 	EXP 	self_box: fillColor = '#3E45FA'
46.5871 	EXP 	other_box: fillColor = '#FFFCA6'
46.6044 	EXP 	self_box: fillColor = '#3E45FA'
46.6044 	EXP 	other_box: fillColor = '#FFFCA6'
46.6234 	EXP 	self_box: fillColor = '#3E45FA'
46.6234 	EXP 	other_box: fillColor = '#FFFCA6'
46.6429 	EXP 	self_box: fillColor = '#3E45FA'
46.6429 	EXP 	other_box: fillColor = '#FFFCA6'
46.6547 	EXP 	self_box: fillColor = '#3E45FA'
46.6547 	EXP 	other_box: fillColor = '#FFFCA6'
46.6708 	EXP 	self_box: fillColor = '#3E45FA'
46.6708 	EXP 	other_box: fillColor = '#FFFCA6'
46.6713 	DATA 	Mouse: Left button down, pos=(382,245)
46.6879 	EXP 	self_box: fillColor = '#3E45FA'
46.6879 	EXP 	other_box: fillColor = '#FFFCA6'
46.7072 	EXP 	self_box: fillColor = '#3E45FA'
46.7072 	EXP 	other_box: fillColor = '#FFFCA6'
46.7264 	EXP 	self_box: fillColor = '#3E45FA'
46.7264 	EXP 	other_box: fillColor = '#FFFCA6'
46.7382 	EXP 	self_box: fillColor = '#3E45FA'
46.7382 	EXP 	other_box: fillColor = '#FFFCA6'
46.7546 	EXP 	self_box: fillColor = '#3E45FA'
46.7546 	EXP 	other_box: fillColor = '#FFFCA6'
46.7721 	EXP 	self_box: fillColor = '#3E45FA'
46.7721 	EXP 	other_box: fillColor = '#FFFCA6'
46.7727 	DATA 	Mouse: Left button up, pos=(382,245)
46.7904 	EXP 	self_box: fillColor = '#3E45FA'
46.7904 	EXP 	other_box: fillColor = '#FFFCA6'
46.8083 	EXP 	self_box: fillColor = '#3E45FA'
46.8083 	EXP 	other_box: fillColor = '#FFFCA6'
46.8089 	DATA 	Mouse: Left button down, pos=(382,245)
46.8219 	EXP 	self_box: fillColor = '#3E45FA'
46.8219 	EXP 	other_box: fillColor = '#FFFCA6'
46.8376 	EXP 	self_box: fillColor = '#3E45FA'
46.8376 	EXP 	other_box: fillColor = '#FFFCA6'
46.8552 	EXP 	self_box: fillColor = '#3E45FA'
46.8552 	EXP 	other_box: fillColor = '#FFFCA6'
46.8759 	EXP 	self_box: fillColor = '#3E45FA'
46.8759 	EXP 	other_box: fillColor = '#FFFCA6'
46.8936 	EXP 	self_box: fillColor = '#3E45FA'
46.8936 	EXP 	other_box: fillColor = '#FFFCA6'
46.9047 	EXP 	self_box: fillColor = '#3E45FA'
46.9047 	EXP 	other_box: fillColor = '#FFFCA6'
46.9054 	DATA 	Mouse: Left button up, pos=(382,245)
46.9217 	EXP 	self_box: fillColor = '#3E45FA'
46.9217 	EXP 	other_box: fillColor = '#FFFCA6'
46.9405 	EXP 	self_box: fillColor = '#3E45FA'
46.9405 	EXP 	other_box: fillColor = '#FFFCA6'
46.9588 	EXP 	self_box: fillColor = '#3E45FA'
46.9588 	EXP 	other_box: fillColor = '#FFFCA6'
46.9718 	EXP 	self_box: fillColor = '#3E45FA'
46.9718 	EXP 	other_box: fillColor = '#FFFCA6'
46.9884 	EXP 	self_box: fillColor = '#3E45FA'
46.9884 	EXP 	other_box: fillColor = '#FFFCA6'
47.0058 	EXP 	self_box: fillColor = '#3E45FA'
47.0058 	EXP 	other_box: fillColor = '#FFFCA6'
47.0243 	EXP 	self_box: fillColor = '#3E45FA'
47.0243 	EXP 	other_box: fillColor = '#FFFCA6'
47.0438 	EXP 	self_box: fillColor = '#3E45FA'
47.0438 	EXP 	other_box: fillColor = '#FFFCA6'
47.0547 	EXP 	self_box: fillColor = '#3E45FA'
47.0547 	EXP 	other_box: fillColor = '#FFFCA6'
47.0724 	EXP 	self_box: fillColor = '#3E45FA'
47.0724 	EXP 	other_box: fillColor = '#FFFCA6'
47.0928 	EXP 	self_box: fillColor = '#3E45FA'
47.0928 	EXP 	other_box: fillColor = '#FFFCA6'
47.1084 	EXP 	self_box: fillColor = '#3E45FA'
47.1084 	EXP 	other_box: fillColor = '#FFFCA6'
47.1218 	EXP 	self_box: fillColor = '#A6A9FF'
47.1218 	EXP 	other_box: fillColor = '#FFFCA6'
47.1386 	EXP 	self_box: fillColor = '#A6A9FF'
47.1386 	EXP 	other_box: fillColor = '#FFFCA6'
47.1595 	EXP 	self_box: fillColor = '#A6A9FF'
47.1595 	EXP 	other_box: fillColor = '#FFFCA6'
47.1774 	EXP 	self_box: fillColor = '#A6A9FF'
47.1774 	EXP 	other_box: fillColor = '#FFFCA6'
47.1889 	EXP 	self_box: fillColor = '#A6A9FF'
47.1889 	EXP 	other_box: fillColor = '#FFFCA6'
47.2051 	EXP 	self_box: fillColor = '#A6A9FF'
47.2051 	EXP 	other_box: fillColor = '#FFFCA6'
47.2223 	EXP 	self_box: fillColor = '#A6A9FF'
47.2223 	EXP 	other_box: fillColor = '#FFFCA6'
47.2413 	EXP 	self_box: fillColor = '#A6A9FF'
47.2413 	EXP 	other_box: fillColor = '#FFFCA6'
47.2592 	EXP 	self_box: fillColor = '#A6A9FF'
47.2592 	EXP 	other_box: fillColor = '#FFFCA6'
47.2726 	EXP 	self_box: fillColor = '#A6A9FF'
47.2726 	EXP 	other_box: fillColor = '#FFFCA6'
47.2886 	EXP 	self_box: fillColor = '#A6A9FF'
47.2886 	EXP 	other_box: fillColor = '#FFFCA6'
47.3053 	EXP 	self_box: fillColor = '#A6A9FF'
47.3053 	EXP 	other_box: fillColor = '#FFFCA6'
47.3219 	EXP 	self_box: fillColor = '#A6A9FF'
47.3219 	EXP 	other_box: fillColor = '#FFFCA6'
47.3415 	EXP 	self_box: fillColor = '#A6A9FF'
47.3415 	EXP 	other_box: fillColor = '#FFFCA6'
47.3611 	EXP 	self_box: fillColor = '#A6A9FF'
47.3611 	EXP 	other_box: fillColor = '#FFFCA6'
47.3725 	EXP 	self_box: fillColor = '#A6A9FF'
47.3725 	EXP 	other_box: fillColor = '#FFFCA6'
47.3893 	EXP 	self_box: fillColor = '#A6A9FF'
47.3893 	EXP 	other_box: fillColor = '#FFFCA6'
47.4082 	EXP 	self_box: fillColor = '#A6A9FF'
47.4082 	EXP 	other_box: fillColor = '#FFFCA6'
47.4261 	EXP 	self_box: fillColor = '#A6A9FF'
47.4261 	EXP 	other_box: fillColor = '#FFFCA6'
47.4395 	EXP 	self_box: fillColor = '#A6A9FF'
47.4395 	EXP 	other_box: fillColor = '#FFFCA6'
47.4559 	EXP 	self_box: fillColor = '#A6A9FF'
47.4559 	EXP 	other_box: fillColor = '#FFFCA6'
47.4722 	EXP 	self_box: fillColor = '#A6A9FF'
47.4722 	EXP 	other_box: fillColor = '#FFFCA6'
47.4885 	EXP 	self_box: fillColor = '#A6A9FF'
47.4885 	EXP 	other_box: fillColor = '#FFFCA6'
47.5104 	EXP 	self_box: fillColor = '#A6A9FF'
47.5104 	EXP 	other_box: fillColor = '#FFFCA6'
47.5261 	EXP 	self_box: fillColor = '#A6A9FF'
47.5261 	EXP 	other_box: fillColor = '#FFFCA6'
47.5396 	EXP 	self_box: fillColor = '#A6A9FF'
47.5396 	EXP 	other_box: fillColor = '#FFFCA6'
47.5557 	EXP 	self_box: fillColor = '#A6A9FF'
47.5557 	EXP 	other_box: fillColor = '#FFFCA6'
47.5730 	EXP 	self_box: fillColor = '#A6A9FF'
47.5730 	EXP 	other_box: fillColor = '#FFFCA6'
47.5939 	EXP 	self_box: fillColor = '#A6A9FF'
47.5939 	EXP 	other_box: fillColor = '#FFFCA6'
47.6114 	EXP 	self_box: fillColor = '#A6A9FF'
47.6114 	EXP 	other_box: fillColor = '#FAF33E'
47.6221 	EXP 	self_box: fillColor = '#A6A9FF'
47.6221 	EXP 	other_box: fillColor = '#FAF33E'
47.6393 	EXP 	self_box: fillColor = '#A6A9FF'
47.6393 	EXP 	other_box: fillColor = '#FAF33E'
47.6606 	EXP 	self_box: fillColor = '#A6A9FF'
47.6606 	EXP 	other_box: fillColor = '#FAF33E'
47.6763 	EXP 	self_box: fillColor = '#A6A9FF'
47.6763 	EXP 	other_box: fillColor = '#FAF33E'
47.6892 	EXP 	self_box: fillColor = '#A6A9FF'
47.6892 	EXP 	other_box: fillColor = '#FAF33E'
47.6926 	DATA 	Mouse: Left button down, pos=(918,234)
47.7060 	EXP 	self_box: fillColor = '#A6A9FF'
47.7060 	EXP 	other_box: fillColor = '#FAF33E'
47.7256 	EXP 	self_box: fillColor = '#A6A9FF'
47.7256 	EXP 	other_box: fillColor = '#FAF33E'
47.7433 	EXP 	self_box: fillColor = '#A6A9FF'
47.7433 	EXP 	other_box: fillColor = '#FAF33E'
47.7557 	EXP 	self_box: fillColor = '#A6A9FF'
47.7557 	EXP 	other_box: fillColor = '#FAF33E'
47.7562 	DATA 	Mouse: Left button up, pos=(918,234)
47.7730 	EXP 	self_box: fillColor = '#A6A9FF'
47.7730 	EXP 	other_box: fillColor = '#FAF33E'
47.7942 	EXP 	self_box: fillColor = '#A6A9FF'
47.7942 	EXP 	other_box: fillColor = '#FAF33E'
47.8117 	EXP 	self_box: fillColor = '#A6A9FF'
47.8117 	EXP 	other_box: fillColor = '#FAF33E'
47.8233 	EXP 	self_box: fillColor = '#A6A9FF'
47.8233 	EXP 	other_box: fillColor = '#FAF33E'
47.8398 	EXP 	self_box: fillColor = '#A6A9FF'
47.8398 	EXP 	other_box: fillColor = '#FAF33E'
47.8561 	EXP 	self_box: fillColor = '#A6A9FF'
47.8561 	EXP 	other_box: fillColor = '#FAF33E'
47.8569 	DATA 	Mouse: Left button down, pos=(918,234)
47.8728 	EXP 	self_box: fillColor = '#A6A9FF'
47.8728 	EXP 	other_box: fillColor = '#FAF33E'
47.8927 	EXP 	self_box: fillColor = '#A6A9FF'
47.8927 	EXP 	other_box: fillColor = '#FAF33E'
47.9120 	EXP 	self_box: fillColor = '#A6A9FF'
47.9120 	EXP 	other_box: fillColor = '#FAF33E'
47.9125 	DATA 	Mouse: Left button up, pos=(918,234)
47.9234 	EXP 	self_box: fillColor = '#A6A9FF'
47.9234 	EXP 	other_box: fillColor = '#FAF33E'
47.9402 	EXP 	self_box: fillColor = '#A6A9FF'
47.9402 	EXP 	other_box: fillColor = '#FAF33E'
47.9572 	EXP 	self_box: fillColor = '#A6A9FF'
47.9572 	EXP 	other_box: fillColor = '#FAF33E'
47.9783 	EXP 	self_box: fillColor = '#A6A9FF'
47.9783 	EXP 	other_box: fillColor = '#FAF33E'
47.9937 	EXP 	self_box: fillColor = '#A6A9FF'
47.9937 	EXP 	other_box: fillColor = '#FAF33E'
48.0063 	EXP 	self_box: fillColor = '#A6A9FF'
48.0063 	EXP 	other_box: fillColor = '#FAF33E'
48.0076 	DATA 	Mouse: Left button down, pos=(918,234)
48.0235 	EXP 	self_box: fillColor = '#A6A9FF'
48.0235 	EXP 	other_box: fillColor = '#FAF33E'
48.0446 	EXP 	self_box: fillColor = '#A6A9FF'
48.0446 	EXP 	other_box: fillColor = '#FAF33E'
48.0624 	EXP 	self_box: fillColor = '#A6A9FF'
48.0624 	EXP 	other_box: fillColor = '#FAF33E'
48.0734 	EXP 	self_box: fillColor = '#A6A9FF'
48.0734 	EXP 	other_box: fillColor = '#FAF33E'
48.0896 	EXP 	self_box: fillColor = '#A6A9FF'
48.0896 	EXP 	other_box: fillColor = '#FAF33E'
48.0947 	DATA 	Mouse: Left button up, pos=(918,234)
48.1065 	EXP 	self_box: fillColor = '#A6A9FF'
48.1065 	EXP 	other_box: fillColor = '#FAF33E'
48.1234 	EXP 	self_box: fillColor = '#A6A9FF'
48.1234 	EXP 	other_box: fillColor = '#FAF33E'
48.1446 	EXP 	self_box: fillColor = '#A6A9FF'
48.1446 	EXP 	other_box: fillColor = '#FAF33E'
48.1626 	EXP 	self_box: fillColor = '#A6A9FF'
48.1626 	EXP 	other_box: fillColor = '#FAF33E'
48.1734 	EXP 	self_box: fillColor = '#A6A9FF'
48.1734 	EXP 	other_box: fillColor = '#FAF33E'
48.1905 	EXP 	self_box: fillColor = '#A6A9FF'
48.1905 	EXP 	other_box: fillColor = '#FAF33E'
48.2113 	EXP 	self_box: fillColor = '#A6A9FF'
48.2113 	EXP 	other_box: fillColor = '#FAF33E'
48.2272 	EXP 	self_box: fillColor = '#A6A9FF'
48.2272 	EXP 	other_box: fillColor = '#FFFCA6'
48.2405 	EXP 	self_box: fillColor = '#A6A9FF'
48.2405 	EXP 	other_box: fillColor = '#FFFCA6'
48.2575 	EXP 	self_box: fillColor = '#A6A9FF'
48.2575 	EXP 	other_box: fillColor = '#FFFCA6'
48.2764 	EXP 	self_box: fillColor = '#A6A9FF'
48.2764 	EXP 	other_box: fillColor = '#FFFCA6'
48.2961 	EXP 	self_box: fillColor = '#A6A9FF'
48.2961 	EXP 	other_box: fillColor = '#FFFCA6'
48.3068 	EXP 	self_box: fillColor = '#A6A9FF'
48.3068 	EXP 	other_box: fillColor = '#FFFCA6'
48.3237 	EXP 	self_box: fillColor = '#A6A9FF'
48.3237 	EXP 	other_box: fillColor = '#FFFCA6'
48.3405 	EXP 	self_box: fillColor = '#A6A9FF'
48.3405 	EXP 	other_box: fillColor = '#FFFCA6'
48.3573 	EXP 	self_box: fillColor = '#A6A9FF'
48.3573 	EXP 	other_box: fillColor = '#FFFCA6'
48.3742 	EXP 	self_box: fillColor = '#A6A9FF'
48.3742 	EXP 	other_box: fillColor = '#FFFCA6'
48.3935 	EXP 	self_box: fillColor = '#A6A9FF'
48.3935 	EXP 	other_box: fillColor = '#FFFCA6'
48.4110 	EXP 	self_box: fillColor = '#A6A9FF'
48.4110 	EXP 	other_box: fillColor = '#FFFCA6'
48.4237 	EXP 	self_box: fillColor = '#A6A9FF'
48.4237 	EXP 	other_box: fillColor = '#FFFCA6'
48.4408 	EXP 	self_box: fillColor = '#A6A9FF'
48.4408 	EXP 	other_box: fillColor = '#FFFCA6'
48.4599 	EXP 	self_box: fillColor = '#A6A9FF'
48.4599 	EXP 	other_box: fillColor = '#FFFCA6'
48.4779 	EXP 	self_box: fillColor = '#A6A9FF'
48.4779 	EXP 	other_box: fillColor = '#FFFCA6'
48.4905 	EXP 	self_box: fillColor = '#A6A9FF'
48.4905 	EXP 	other_box: fillColor = '#FFFCA6'
48.5076 	EXP 	self_box: fillColor = '#A6A9FF'
48.5076 	EXP 	other_box: fillColor = '#FFFCA6'
48.5267 	EXP 	self_box: fillColor = '#A6A9FF'
48.5267 	EXP 	other_box: fillColor = '#FFFCA6'
48.5461 	EXP 	self_box: fillColor = '#A6A9FF'
48.5461 	EXP 	other_box: fillColor = '#FFFCA6'
48.5583 	EXP 	self_box: fillColor = '#A6A9FF'
48.5583 	EXP 	other_box: fillColor = '#FFFCA6'
48.5741 	EXP 	self_box: fillColor = '#A6A9FF'
48.5741 	EXP 	other_box: fillColor = '#FFFCA6'
48.5915 	EXP 	self_box: fillColor = '#A6A9FF'
48.5915 	EXP 	other_box: fillColor = '#FFFCA6'
48.6100 	EXP 	self_box: fillColor = '#A6A9FF'
48.6100 	EXP 	other_box: fillColor = '#FFFCA6'
48.6281 	EXP 	self_box: fillColor = '#A6A9FF'
48.6281 	EXP 	other_box: fillColor = '#FFFCA6'
48.6407 	EXP 	self_box: fillColor = '#A6A9FF'
48.6407 	EXP 	other_box: fillColor = '#FFFCA6'
48.6575 	EXP 	self_box: fillColor = '#A6A9FF'
48.6575 	EXP 	other_box: fillColor = '#FFFCA6'
48.6741 	EXP 	self_box: fillColor = '#A6A9FF'
48.6741 	EXP 	other_box: fillColor = '#FFFCA6'
48.6920 	EXP 	self_box: fillColor = '#A6A9FF'
48.6920 	EXP 	other_box: fillColor = '#FFFCA6'
48.7104 	EXP 	self_box: fillColor = '#A6A9FF'
48.7104 	EXP 	other_box: fillColor = '#FFFCA6'
48.7301 	EXP 	self_box: fillColor = '#A6A9FF'
48.7301 	EXP 	other_box: fillColor = '#FFFCA6'
48.7419 	EXP 	self_box: fillColor = '#A6A9FF'
48.7419 	EXP 	other_box: fillColor = '#FFFCA6'
48.7580 	EXP 	self_box: fillColor = '#A6A9FF'
48.7580 	EXP 	other_box: fillColor = '#FFFCA6'
48.7742 	EXP 	self_box: fillColor = '#A6A9FF'
48.7742 	EXP 	other_box: fillColor = '#FFFCA6'
48.7910 	EXP 	self_box: fillColor = '#A6A9FF'
48.7910 	EXP 	other_box: fillColor = '#FFFCA6'
48.8131 	EXP 	self_box: fillColor = '#A6A9FF'
48.8131 	EXP 	other_box: fillColor = '#FFFCA6'
48.8299 	EXP 	self_box: fillColor = '#A6A9FF'
48.8299 	EXP 	other_box: fillColor = '#FFFCA6'
48.8408 	EXP 	self_box: fillColor = '#A6A9FF'
48.8408 	EXP 	other_box: fillColor = '#FFFCA6'
48.8584 	EXP 	self_box: fillColor = '#A6A9FF'
48.8584 	EXP 	other_box: fillColor = '#FFFCA6'
48.8774 	EXP 	self_box: fillColor = '#A6A9FF'
48.8774 	EXP 	other_box: fillColor = '#FFFCA6'
48.8971 	EXP 	self_box: fillColor = '#A6A9FF'
48.8971 	EXP 	other_box: fillColor = '#FFFCA6'
48.9077 	EXP 	self_box: fillColor = '#A6A9FF'
48.9077 	EXP 	other_box: fillColor = '#FFFCA6'
48.9253 	EXP 	self_box: fillColor = '#A6A9FF'
48.9253 	EXP 	other_box: fillColor = '#FFFCA6'
48.9459 	EXP 	self_box: fillColor = '#A6A9FF'
48.9459 	EXP 	other_box: fillColor = '#FFFCA6'
48.9633 	EXP 	self_box: fillColor = '#A6A9FF'
48.9633 	EXP 	other_box: fillColor = '#FFFCA6'
48.9748 	EXP 	self_box: fillColor = '#A6A9FF'
48.9748 	EXP 	other_box: fillColor = '#FFFCA6'
48.9921 	EXP 	self_box: fillColor = '#A6A9FF'
48.9921 	EXP 	other_box: fillColor = '#FFFCA6'
49.0110 	EXP 	self_box: fillColor = '#A6A9FF'
49.0110 	EXP 	other_box: fillColor = '#FFFCA6'
49.0287 	EXP 	self_box: fillColor = '#A6A9FF'
49.0287 	EXP 	other_box: fillColor = '#FFFCA6'
49.0422 	EXP 	self_box: fillColor = '#A6A9FF'
49.0422 	EXP 	other_box: fillColor = '#FFFCA6'
49.0582 	EXP 	self_box: fillColor = '#A6A9FF'
49.0582 	EXP 	other_box: fillColor = '#FFFCA6'
49.0751 	EXP 	self_box: fillColor = '#A6A9FF'
49.0751 	EXP 	other_box: fillColor = '#FFFCA6'
49.0961 	EXP 	self_box: fillColor = '#A6A9FF'
49.0961 	EXP 	other_box: fillColor = '#FFFCA6'
49.1122 	EXP 	self_box: fillColor = '#A6A9FF'
49.1122 	EXP 	other_box: fillColor = '#FFFCA6'
49.1254 	EXP 	self_box: fillColor = '#A6A9FF'
49.1254 	EXP 	other_box: fillColor = '#FFFCA6'
49.1424 	EXP 	self_box: fillColor = '#A6A9FF'
49.1424 	EXP 	other_box: fillColor = '#FFFCA6'
49.1608 	EXP 	self_box: fillColor = '#A6A9FF'
49.1608 	EXP 	other_box: fillColor = '#FFFCA6'
49.1790 	EXP 	self_box: fillColor = '#A6A9FF'
49.1790 	EXP 	other_box: fillColor = '#FFFCA6'
49.1920 	EXP 	self_box: fillColor = '#A6A9FF'
49.1920 	EXP 	other_box: fillColor = '#FFFCA6'
49.2088 	EXP 	self_box: fillColor = '#A6A9FF'
49.2088 	EXP 	other_box: fillColor = '#FFFCA6'
49.2093 	DATA 	Keypress: escape
