19.3029 	WARNING 	Movie2 stim could not be imported and won't be available
20.3041 	EXP 	Created window1 = Window(allowGUI=False, allowStencil=False, autoLog=True, bitsMode=UNKNOWN, blendMode='avg', color=array([-1., -1., -1.]), colorSpace='rgb', fullscr=UNKNOWN, gamma=None, lms=UNKNOWN, monitor=<psychopy.monitors.calibTools.Monitor instance at 0xfa23260>, name='window1', pos=[0, 0], screen=0, size=array([1440,  900]), stereo=False, units=u'norm', useFBO=True, viewOri=0.0, viewPos=None, viewScale=None, waitBlanking=True, winType='pyglet')
20.3041 	EXP 	window1: recordFrameIntervals = False
20.4693 	EXP 	window1: recordFrameIntervals = True
20.6533 	EXP 	window1: recordFrameIntervals = False
20.7487 	EXP 	Created text_4 = TextStim(alignHoriz='center', alignVert='center', antialias=True, autoLog=True, bold=False, color='white', colorSpace='named', contrast=1.0, depth=0.0, flipHoriz=False, flipVert=False, font='Arial', fontFiles=[], height=0.1, italic=False, name='text_4', opacity=1.0, ori=0, pos=array([ 0.,  0.]), rgb=array([ 255.,  255.,  255.]), text=u'Instructions will go here.', units=u'norm', win=Window(...), wrapWidth=1)
21.7760 	EXP 	Created text = TextStim(alignHoriz='center', alignVert='center', antialias=True, autoLog=True, bold=False, color='white', colorSpace='named', contrast=1.0, depth=-1.0, flipHoriz=False, flipVert=False, font='Arial', fontFiles=[], height=0.1, italic=False, name='text', opacity=1.0, ori=0, pos=array([ 0.,  0.]), rgb=array([ 255.,  255.,  255.]), text=u'default text', units=u'norm', win=Window(...), wrapWidth=1)
21.7869 	EXP 	Created question = TextStim(alignHoriz='center', alignVert='center', antialias=True, autoLog=True, bold=False, color='white', colorSpace='named', contrast=1.0, depth=0.0, flipHoriz=False, flipVert=False, font='Arial', fontFiles=[], height=0.1, italic=False, name='question', opacity=1.0, ori=0, pos=array([ 0. ,  0.5]), rgb=array([ 255.,  255.,  255.]), text=u'Whose voice did you hear?', units=u'norm', win=Window(...), wrapWidth=2)
21.7875 	EXP 	<method-wrapper '__getattribute__' of attributeSetter object at 0xef4bd70>: vertices = array([[-0.25,  0.25],
       [ 0.25,  0.25],
       [ 0.25, -0.25],
       [-0.25, -0.25]])
21.7897 	EXP 	Created self_box = Rect(autoDraw=False, autoLog=True, closeShape=True, contrast=1.0, depth=0, fillColor='#A6A9FF', fillColorSpace='hex', fillRGB=array([166, 169, 255]), interpolate=True, lineColor='#3E45FA', lineColorSpace='hex', lineRGB=array([ 62,  69, 250]), lineWidth=5, name='self_box', opacity=1.0, ori=array(0.0), pos=array([-0.5, -0.5]), size=array([ 1.,  1.]), units=u'norm', vertices=ndarray(...), win=Window(...))
21.7950 	EXP 	Created self_label = TextStim(alignHoriz='center', alignVert='center', antialias=True, autoLog=True, bold=False, color='black', colorSpace='named', contrast=1.0, depth=-2.0, flipHoriz=False, flipVert=False, font='Arial', fontFiles=[], height=0.1, italic=False, name='self_label', opacity=1.0, ori=0, pos=array([-0.5, -0.5]), rgb=array([ 0.,  0.,  0.]), text=u'Mine', units=u'norm', win=Window(...), wrapWidth=1)
21.7956 	EXP 	<method-wrapper '__getattribute__' of attributeSetter object at 0xef4bd70>: vertices = array([[-0.25,  0.25],
       [ 0.25,  0.25],
       [ 0.25, -0.25],
       [-0.25, -0.25]])
21.7978 	EXP 	Created other_box = Rect(autoDraw=False, autoLog=True, closeShape=True, contrast=1.0, depth=0, fillColor='#FFFCA6', fillColorSpace='hex', fillRGB=array([255, 252, 166]), interpolate=True, lineColor='#FAF33E', lineColorSpace='hex', lineRGB=array([250, 243,  62]), lineWidth=5, name='other_box', opacity=1.0, ori=array(0.0), pos=array([ 0.5, -0.5]), size=array([ 1.,  1.]), units=u'norm', vertices=ndarray(...), win=Window(...))
21.8034 	EXP 	Created other_label = TextStim(alignHoriz='center', alignVert='center', antialias=True, autoLog=True, bold=False, color='black', colorSpace='named', contrast=1.0, depth=-4.0, flipHoriz=False, flipVert=False, font='Arial', fontFiles=[], height=0.1, italic=False, name='other_label', opacity=1.0, ori=0, pos=array([ 0.5, -0.5]), rgb=array([ 0.,  0.,  0.]), text=u'Other', units=u'norm', win=Window(...), wrapWidth=1)
21.8157 	EXP 	Created text_3 = TextStim(alignHoriz='center', alignVert='center', antialias=True, autoLog=True, bold=False, color='white', colorSpace='named', contrast=1.0, depth=0.0, flipHoriz=False, flipVert=False, font='Arial', fontFiles=[], height=0.1, italic=False, name='text_3', opacity=1.0, ori=0, pos=array([ 0.,  0.]), rgb=array([ 255.,  255.,  255.]), text=u'Thank you for participating!', units=u'norm', win=Window(...), wrapWidth=1)
21.8221 	EXP 	Created results_text = TextStim(alignHoriz='center', alignVert='center', antialias=True, autoLog=True, bold=False, color=u'white', colorSpace='named', contrast=1.0, depth=0.0, flipHoriz=False, flipVert=False, font=u'Arial', fontFiles=[], height=0.1, italic=False, name='results_text', opacity=1.0, ori=0, pos=array([ 0.,  0.]), rgb=array([ 255.,  255.,  255.]), text=u'default text', units=u'norm', win=Window(...), wrapWidth=2)
21.8381 	EXP 	text_4: autoDraw = True
26.8158 	EXP 	Imported /Volumes/Macintosh HD/Users/poppe076/Desktop/source_monitoring_task/data/ok_source_monitoring_2015_Feb_05_1353_wordlist.csv as conditions, 9 conditions, 5 params
26.8167 	EXP 	Created sequence: sequential, trialTypes=9, nReps=1, seed=None
26.9246 	EXP 	New trial (rep=0, index=0): {'word': u'word2.1', 'amount': u'-1.5', 'list': u'list2', 'trialtype': u'pitch', 'trialtype_extended': u'pitch_lower_large'}
26.9463 	EXP 	text_4: autoDraw = False
26.9463 	EXP 	text_4: autoDraw = False
26.9463 	EXP 	text: text = u'word2.1'
27.9477 	EXP 	text: autoDraw = True
30.4518 	EXP 	text: autoDraw = False
30.4518 	EXP 	question: autoDraw = True
30.4518 	EXP 	self_box: autoDraw = True
30.4518 	EXP 	self_label: autoDraw = True
30.4518 	EXP 	other_box: autoDraw = True
30.4518 	EXP 	other_label: autoDraw = True
30.4518 	EXP 	self_box: fillColor = '#A6A9FF'
30.4518 	EXP 	other_box: fillColor = '#FFFCA6'
30.4685 	EXP 	self_box: fillColor = '#A6A9FF'
30.4685 	EXP 	other_box: fillColor = '#FFFCA6'
30.4851 	EXP 	self_box: fillColor = '#A6A9FF'
30.4851 	EXP 	other_box: fillColor = '#FFFCA6'
30.5018 	EXP 	self_box: fillColor = '#A6A9FF'
30.5018 	EXP 	other_box: fillColor = '#FFFCA6'
30.5186 	EXP 	self_box: fillColor = '#A6A9FF'
30.5186 	EXP 	other_box: fillColor = '#FFFCA6'
30.5354 	EXP 	self_box: fillColor = '#A6A9FF'
30.5354 	EXP 	other_box: fillColor = '#FFFCA6'
30.5520 	EXP 	self_box: fillColor = '#A6A9FF'
30.5520 	EXP 	other_box: fillColor = '#FFFCA6'
30.5686 	EXP 	self_box: fillColor = '#A6A9FF'
30.5686 	EXP 	other_box: fillColor = '#FFFCA6'
30.5854 	EXP 	self_box: fillColor = '#A6A9FF'
30.5854 	EXP 	other_box: fillColor = '#FFFCA6'
30.6019 	EXP 	self_box: fillColor = '#A6A9FF'
30.6019 	EXP 	other_box: fillColor = '#FFFCA6'
30.6187 	EXP 	self_box: fillColor = '#A6A9FF'
30.6187 	EXP 	other_box: fillColor = '#FFFCA6'
30.6355 	EXP 	self_box: fillColor = '#A6A9FF'
30.6355 	EXP 	other_box: fillColor = '#FFFCA6'
30.6521 	EXP 	self_box: fillColor = '#A6A9FF'
30.6521 	EXP 	other_box: fillColor = '#FFFCA6'
30.6689 	EXP 	self_box: fillColor = '#A6A9FF'
30.6689 	EXP 	other_box: fillColor = '#FFFCA6'
30.6855 	EXP 	self_box: fillColor = '#A6A9FF'
30.6855 	EXP 	other_box: fillColor = '#FFFCA6'
30.7022 	EXP 	self_box: fillColor = '#A6A9FF'
30.7022 	EXP 	other_box: fillColor = '#FFFCA6'
30.7189 	EXP 	self_box: fillColor = '#A6A9FF'
30.7189 	EXP 	other_box: fillColor = '#FFFCA6'
30.7357 	EXP 	self_box: fillColor = '#A6A9FF'
30.7357 	EXP 	other_box: fillColor = '#FFFCA6'
30.7524 	EXP 	self_box: fillColor = '#A6A9FF'
30.7524 	EXP 	other_box: fillColor = '#FFFCA6'
30.7689 	EXP 	self_box: fillColor = '#A6A9FF'
30.7689 	EXP 	other_box: fillColor = '#FFFCA6'
30.7857 	EXP 	self_box: fillColor = '#A6A9FF'
30.7857 	EXP 	other_box: fillColor = '#FFFCA6'
30.8024 	EXP 	self_box: fillColor = '#A6A9FF'
30.8024 	EXP 	other_box: fillColor = '#FFFCA6'
30.8191 	EXP 	self_box: fillColor = '#A6A9FF'
30.8191 	EXP 	other_box: fillColor = '#FFFCA6'
30.8357 	EXP 	self_box: fillColor = '#A6A9FF'
30.8357 	EXP 	other_box: fillColor = '#FFFCA6'
30.8525 	EXP 	self_box: fillColor = '#A6A9FF'
30.8525 	EXP 	other_box: fillColor = '#FFFCA6'
30.8692 	EXP 	self_box: fillColor = '#A6A9FF'
30.8692 	EXP 	other_box: fillColor = '#FFFCA6'
30.8859 	EXP 	self_box: fillColor = '#A6A9FF'
30.8859 	EXP 	other_box: fillColor = '#FFFCA6'
30.9026 	EXP 	self_box: fillColor = '#A6A9FF'
30.9026 	EXP 	other_box: fillColor = '#FFFCA6'
30.9194 	EXP 	self_box: fillColor = '#A6A9FF'
30.9194 	EXP 	other_box: fillColor = '#FFFCA6'
30.9360 	EXP 	self_box: fillColor = '#A6A9FF'
30.9360 	EXP 	other_box: fillColor = '#FFFCA6'
30.9526 	EXP 	self_box: fillColor = '#A6A9FF'
30.9526 	EXP 	other_box: fillColor = '#FFFCA6'
30.9694 	EXP 	self_box: fillColor = '#A6A9FF'
30.9694 	EXP 	other_box: fillColor = '#FFFCA6'
30.9860 	EXP 	self_box: fillColor = '#A6A9FF'
30.9860 	EXP 	other_box: fillColor = '#FFFCA6'
31.0027 	EXP 	self_box: fillColor = '#A6A9FF'
31.0027 	EXP 	other_box: fillColor = '#FFFCA6'
31.0195 	EXP 	self_box: fillColor = '#A6A9FF'
31.0195 	EXP 	other_box: fillColor = '#FFFCA6'
31.0360 	EXP 	self_box: fillColor = '#A6A9FF'
31.0360 	EXP 	other_box: fillColor = '#FFFCA6'
31.0528 	EXP 	self_box: fillColor = '#A6A9FF'
31.0528 	EXP 	other_box: fillColor = '#FFFCA6'
31.0695 	EXP 	self_box: fillColor = '#A6A9FF'
31.0695 	EXP 	other_box: fillColor = '#FFFCA6'
31.0862 	EXP 	self_box: fillColor = '#A6A9FF'
31.0862 	EXP 	other_box: fillColor = '#FFFCA6'
31.1028 	EXP 	self_box: fillColor = '#A6A9FF'
31.1028 	EXP 	other_box: fillColor = '#FFFCA6'
31.1195 	EXP 	self_box: fillColor = '#A6A9FF'
31.1195 	EXP 	other_box: fillColor = '#FFFCA6'
31.1362 	EXP 	self_box: fillColor = '#A6A9FF'
31.1362 	EXP 	other_box: fillColor = '#FFFCA6'
31.1529 	EXP 	self_box: fillColor = '#A6A9FF'
31.1529 	EXP 	other_box: fillColor = '#FFFCA6'
31.1696 	EXP 	self_box: fillColor = '#A6A9FF'
31.1696 	EXP 	other_box: fillColor = '#FFFCA6'
31.1862 	EXP 	self_box: fillColor = '#A6A9FF'
31.1862 	EXP 	other_box: fillColor = '#FFFCA6'
31.2030 	EXP 	self_box: fillColor = '#A6A9FF'
31.2030 	EXP 	other_box: fillColor = '#FFFCA6'
31.2195 	EXP 	self_box: fillColor = '#A6A9FF'
31.2195 	EXP 	other_box: fillColor = '#FFFCA6'
31.2362 	EXP 	self_box: fillColor = '#A6A9FF'
31.2362 	EXP 	other_box: fillColor = '#FFFCA6'
31.2530 	EXP 	self_box: fillColor = '#A6A9FF'
31.2530 	EXP 	other_box: fillColor = '#FFFCA6'
31.2698 	EXP 	self_box: fillColor = '#A6A9FF'
31.2698 	EXP 	other_box: fillColor = '#FFFCA6'
31.2865 	EXP 	self_box: fillColor = '#A6A9FF'
31.2865 	EXP 	other_box: fillColor = '#FFFCA6'
31.3031 	EXP 	self_box: fillColor = '#A6A9FF'
31.3031 	EXP 	other_box: fillColor = '#FFFCA6'
31.3199 	EXP 	self_box: fillColor = '#A6A9FF'
31.3199 	EXP 	other_box: fillColor = '#FFFCA6'
31.3366 	EXP 	self_box: fillColor = '#A6A9FF'
31.3366 	EXP 	other_box: fillColor = '#FFFCA6'
31.3533 	EXP 	self_box: fillColor = '#A6A9FF'
31.3533 	EXP 	other_box: fillColor = '#FFFCA6'
31.3699 	EXP 	self_box: fillColor = '#A6A9FF'
31.3699 	EXP 	other_box: fillColor = '#FFFCA6'
31.3867 	EXP 	self_box: fillColor = '#A6A9FF'
31.3867 	EXP 	other_box: fillColor = '#FFFCA6'
31.4034 	EXP 	self_box: fillColor = '#A6A9FF'
31.4034 	EXP 	other_box: fillColor = '#FFFCA6'
31.4200 	EXP 	self_box: fillColor = '#A6A9FF'
31.4200 	EXP 	other_box: fillColor = '#FFFCA6'
31.4368 	EXP 	self_box: fillColor = '#A6A9FF'
31.4368 	EXP 	other_box: fillColor = '#FFFCA6'
31.4533 	EXP 	self_box: fillColor = '#A6A9FF'
31.4533 	EXP 	other_box: fillColor = '#FFFCA6'
31.4701 	EXP 	self_box: fillColor = '#A6A9FF'
31.4701 	EXP 	other_box: fillColor = '#FFFCA6'
31.4868 	EXP 	self_box: fillColor = '#A6A9FF'
31.4868 	EXP 	other_box: fillColor = '#FFFCA6'
31.5035 	EXP 	self_box: fillColor = '#A6A9FF'
31.5035 	EXP 	other_box: fillColor = '#FFFCA6'
31.5202 	EXP 	self_box: fillColor = '#A6A9FF'
31.5202 	EXP 	other_box: fillColor = '#FFFCA6'
31.5369 	EXP 	self_box: fillColor = '#A6A9FF'
31.5369 	EXP 	other_box: fillColor = '#FFFCA6'
31.5535 	EXP 	self_box: fillColor = '#A6A9FF'
31.5535 	EXP 	other_box: fillColor = '#FFFCA6'
31.5702 	EXP 	self_box: fillColor = '#A6A9FF'
31.5702 	EXP 	other_box: fillColor = '#FFFCA6'
31.5870 	EXP 	self_box: fillColor = '#A6A9FF'
31.5870 	EXP 	other_box: fillColor = '#FFFCA6'
31.6037 	EXP 	self_box: fillColor = '#A6A9FF'
31.6037 	EXP 	other_box: fillColor = '#FFFCA6'
31.6204 	EXP 	self_box: fillColor = '#A6A9FF'
31.6204 	EXP 	other_box: fillColor = '#FFFCA6'
31.6370 	EXP 	self_box: fillColor = '#A6A9FF'
31.6370 	EXP 	other_box: fillColor = '#FFFCA6'
31.6537 	EXP 	self_box: fillColor = '#A6A9FF'
31.6537 	EXP 	other_box: fillColor = '#FFFCA6'
31.6705 	EXP 	self_box: fillColor = '#A6A9FF'
31.6705 	EXP 	other_box: fillColor = '#FFFCA6'
31.6871 	EXP 	self_box: fillColor = '#A6A9FF'
31.6871 	EXP 	other_box: fillColor = '#FFFCA6'
31.7039 	EXP 	self_box: fillColor = '#A6A9FF'
31.7039 	EXP 	other_box: fillColor = '#FFFCA6'
31.7204 	EXP 	self_box: fillColor = '#A6A9FF'
31.7204 	EXP 	other_box: fillColor = '#FFFCA6'
31.7372 	EXP 	self_box: fillColor = '#A6A9FF'
31.7372 	EXP 	other_box: fillColor = '#FFFCA6'
31.7538 	EXP 	self_box: fillColor = '#A6A9FF'
31.7538 	EXP 	other_box: fillColor = '#FFFCA6'
31.7706 	EXP 	self_box: fillColor = '#A6A9FF'
31.7706 	EXP 	other_box: fillColor = '#FFFCA6'
31.7873 	EXP 	self_box: fillColor = '#A6A9FF'
31.7873 	EXP 	other_box: fillColor = '#FFFCA6'
31.8041 	EXP 	self_box: fillColor = '#A6A9FF'
31.8041 	EXP 	other_box: fillColor = '#FFFCA6'
31.8206 	EXP 	self_box: fillColor = '#A6A9FF'
31.8206 	EXP 	other_box: fillColor = '#FFFCA6'
31.8374 	EXP 	self_box: fillColor = '#A6A9FF'
31.8374 	EXP 	other_box: fillColor = '#FFFCA6'
31.8540 	EXP 	self_box: fillColor = '#A6A9FF'
31.8540 	EXP 	other_box: fillColor = '#FFFCA6'
31.8708 	EXP 	self_box: fillColor = '#A6A9FF'
31.8708 	EXP 	other_box: fillColor = '#FFFCA6'
31.8875 	EXP 	self_box: fillColor = '#A6A9FF'
31.8875 	EXP 	other_box: fillColor = '#FFFCA6'
31.9041 	EXP 	self_box: fillColor = '#A6A9FF'
31.9041 	EXP 	other_box: fillColor = '#FFFCA6'
31.9208 	EXP 	self_box: fillColor = '#A6A9FF'
31.9208 	EXP 	other_box: fillColor = '#FFFCA6'
31.9376 	EXP 	self_box: fillColor = '#A6A9FF'
31.9376 	EXP 	other_box: fillColor = '#FFFCA6'
31.9542 	EXP 	self_box: fillColor = '#A6A9FF'
31.9542 	EXP 	other_box: fillColor = '#FFFCA6'
31.9710 	EXP 	self_box: fillColor = '#A6A9FF'
31.9710 	EXP 	other_box: fillColor = '#FFFCA6'
31.9876 	EXP 	self_box: fillColor = '#A6A9FF'
31.9876 	EXP 	other_box: fillColor = '#FFFCA6'
32.0043 	EXP 	self_box: fillColor = '#A6A9FF'
32.0043 	EXP 	other_box: fillColor = '#FFFCA6'
32.0209 	EXP 	self_box: fillColor = '#A6A9FF'
32.0209 	EXP 	other_box: fillColor = '#FFFCA6'
32.0377 	EXP 	self_box: fillColor = '#A6A9FF'
32.0377 	EXP 	other_box: fillColor = '#FFFCA6'
32.0544 	EXP 	self_box: fillColor = '#A6A9FF'
32.0544 	EXP 	other_box: fillColor = '#FFFCA6'
32.0711 	EXP 	self_box: fillColor = '#A6A9FF'
32.0711 	EXP 	other_box: fillColor = '#FFFCA6'
32.0879 	EXP 	self_box: fillColor = '#A6A9FF'
32.0879 	EXP 	other_box: fillColor = '#FFFCA6'
32.1044 	EXP 	self_box: fillColor = '#A6A9FF'
32.1044 	EXP 	other_box: fillColor = '#FFFCA6'
32.1211 	EXP 	self_box: fillColor = '#A6A9FF'
32.1211 	EXP 	other_box: fillColor = '#FFFCA6'
32.1378 	EXP 	self_box: fillColor = '#A6A9FF'
32.1378 	EXP 	other_box: fillColor = '#FFFCA6'
32.1544 	EXP 	self_box: fillColor = '#A6A9FF'
32.1544 	EXP 	other_box: fillColor = '#FFFCA6'
32.1711 	EXP 	self_box: fillColor = '#A6A9FF'
32.1711 	EXP 	other_box: fillColor = '#FFFCA6'
32.1880 	EXP 	self_box: fillColor = '#A6A9FF'
32.1880 	EXP 	other_box: fillColor = '#FFFCA6'
32.2046 	EXP 	self_box: fillColor = '#A6A9FF'
32.2046 	EXP 	other_box: fillColor = '#FFFCA6'
32.2212 	EXP 	self_box: fillColor = '#A6A9FF'
32.2212 	EXP 	other_box: fillColor = '#FFFCA6'
32.2379 	EXP 	self_box: fillColor = '#A6A9FF'
32.2379 	EXP 	other_box: fillColor = '#FFFCA6'
32.2545 	EXP 	self_box: fillColor = '#A6A9FF'
32.2545 	EXP 	other_box: fillColor = '#FFFCA6'
32.2714 	EXP 	self_box: fillColor = '#A6A9FF'
32.2714 	EXP 	other_box: fillColor = '#FFFCA6'
32.2880 	EXP 	self_box: fillColor = '#A6A9FF'
32.2880 	EXP 	other_box: fillColor = '#FFFCA6'
32.3047 	EXP 	self_box: fillColor = '#A6A9FF'
32.3047 	EXP 	other_box: fillColor = '#FFFCA6'
32.3214 	EXP 	self_box: fillColor = '#A6A9FF'
32.3214 	EXP 	other_box: fillColor = '#FFFCA6'
32.3382 	EXP 	self_box: fillColor = '#A6A9FF'
32.3382 	EXP 	other_box: fillColor = '#FFFCA6'
32.3548 	EXP 	self_box: fillColor = '#A6A9FF'
32.3548 	EXP 	other_box: fillColor = '#FFFCA6'
32.3716 	EXP 	self_box: fillColor = '#A6A9FF'
32.3716 	EXP 	other_box: fillColor = '#FFFCA6'
32.3883 	EXP 	self_box: fillColor = '#A6A9FF'
32.3883 	EXP 	other_box: fillColor = '#FFFCA6'
32.4048 	EXP 	self_box: fillColor = '#A6A9FF'
32.4048 	EXP 	other_box: fillColor = '#FFFCA6'
32.4215 	EXP 	self_box: fillColor = '#A6A9FF'
32.4215 	EXP 	other_box: fillColor = '#FFFCA6'
32.4381 	EXP 	self_box: fillColor = '#A6A9FF'
32.4381 	EXP 	other_box: fillColor = '#FFFCA6'
32.4550 	EXP 	self_box: fillColor = '#A6A9FF'
32.4550 	EXP 	other_box: fillColor = '#FFFCA6'
32.4717 	EXP 	self_box: fillColor = '#A6A9FF'
32.4717 	EXP 	other_box: fillColor = '#FFFCA6'
32.4883 	EXP 	self_box: fillColor = '#A6A9FF'
32.4883 	EXP 	other_box: fillColor = '#FFFCA6'
32.5051 	EXP 	self_box: fillColor = '#A6A9FF'
32.5051 	EXP 	other_box: fillColor = '#FFFCA6'
32.5217 	EXP 	self_box: fillColor = '#A6A9FF'
32.5217 	EXP 	other_box: fillColor = '#FFFCA6'
32.5385 	EXP 	self_box: fillColor = '#A6A9FF'
32.5385 	EXP 	other_box: fillColor = '#FFFCA6'
32.5551 	EXP 	self_box: fillColor = '#A6A9FF'
32.5551 	EXP 	other_box: fillColor = '#FFFCA6'
32.5718 	EXP 	self_box: fillColor = '#A6A9FF'
32.5718 	EXP 	other_box: fillColor = '#FFFCA6'
32.5885 	EXP 	self_box: fillColor = '#A6A9FF'
32.5885 	EXP 	other_box: fillColor = '#FFFCA6'
32.6053 	EXP 	self_box: fillColor = '#A6A9FF'
32.6053 	EXP 	other_box: fillColor = '#FFFCA6'
32.6220 	EXP 	self_box: fillColor = '#A6A9FF'
32.6220 	EXP 	other_box: fillColor = '#FFFCA6'
32.6386 	EXP 	self_box: fillColor = '#A6A9FF'
32.6386 	EXP 	other_box: fillColor = '#FFFCA6'
32.6554 	EXP 	self_box: fillColor = '#A6A9FF'
32.6554 	EXP 	other_box: fillColor = '#FFFCA6'
32.6720 	EXP 	self_box: fillColor = '#A6A9FF'
32.6720 	EXP 	other_box: fillColor = '#FFFCA6'
32.6887 	EXP 	self_box: fillColor = '#A6A9FF'
32.6887 	EXP 	other_box: fillColor = '#FFFCA6'
32.7053 	EXP 	self_box: fillColor = '#A6A9FF'
32.7053 	EXP 	other_box: fillColor = '#FFFCA6'
32.7221 	EXP 	self_box: fillColor = '#A6A9FF'
32.7221 	EXP 	other_box: fillColor = '#FFFCA6'
32.7388 	EXP 	self_box: fillColor = '#A6A9FF'
32.7388 	EXP 	other_box: fillColor = '#FFFCA6'
32.7555 	EXP 	self_box: fillColor = '#A6A9FF'
32.7555 	EXP 	other_box: fillColor = '#FFFCA6'
32.7722 	EXP 	self_box: fillColor = '#A6A9FF'
32.7722 	EXP 	other_box: fillColor = '#FFFCA6'
32.7888 	EXP 	self_box: fillColor = '#A6A9FF'
32.7888 	EXP 	other_box: fillColor = '#FFFCA6'
32.8056 	EXP 	self_box: fillColor = '#A6A9FF'
32.8056 	EXP 	other_box: fillColor = '#FFFCA6'
32.8223 	EXP 	self_box: fillColor = '#A6A9FF'
32.8223 	EXP 	other_box: fillColor = '#FFFCA6'
32.8389 	EXP 	self_box: fillColor = '#A6A9FF'
32.8389 	EXP 	other_box: fillColor = '#FFFCA6'
32.8556 	EXP 	self_box: fillColor = '#A6A9FF'
32.8556 	EXP 	other_box: fillColor = '#FFFCA6'
32.8723 	EXP 	self_box: fillColor = '#A6A9FF'
32.8723 	EXP 	other_box: fillColor = '#FFFCA6'
32.8890 	EXP 	self_box: fillColor = '#A6A9FF'
32.8890 	EXP 	other_box: fillColor = '#FFFCA6'
32.9058 	EXP 	self_box: fillColor = '#3E45FA'
32.9058 	EXP 	other_box: fillColor = '#FFFCA6'
32.9225 	EXP 	self_box: fillColor = '#3E45FA'
32.9225 	EXP 	other_box: fillColor = '#FFFCA6'
32.9391 	EXP 	self_box: fillColor = '#3E45FA'
32.9391 	EXP 	other_box: fillColor = '#FFFCA6'
32.9558 	EXP 	self_box: fillColor = '#3E45FA'
32.9558 	EXP 	other_box: fillColor = '#FFFCA6'
32.9725 	EXP 	self_box: fillColor = '#3E45FA'
32.9725 	EXP 	other_box: fillColor = '#FFFCA6'
32.9891 	EXP 	self_box: fillColor = '#3E45FA'
32.9891 	EXP 	other_box: fillColor = '#FFFCA6'
33.0059 	EXP 	self_box: fillColor = '#3E45FA'
33.0059 	EXP 	other_box: fillColor = '#FFFCA6'
33.0226 	EXP 	self_box: fillColor = '#3E45FA'
33.0226 	EXP 	other_box: fillColor = '#FFFCA6'
33.0393 	EXP 	self_box: fillColor = '#3E45FA'
33.0393 	EXP 	other_box: fillColor = '#FFFCA6'
33.0559 	EXP 	self_box: fillColor = '#3E45FA'
33.0559 	EXP 	other_box: fillColor = '#FFFCA6'
33.0727 	EXP 	self_box: fillColor = '#3E45FA'
33.0727 	EXP 	other_box: fillColor = '#FFFCA6'
33.0893 	EXP 	self_box: fillColor = '#3E45FA'
33.0893 	EXP 	other_box: fillColor = '#FFFCA6'
33.1061 	EXP 	self_box: fillColor = '#3E45FA'
33.1061 	EXP 	other_box: fillColor = '#FFFCA6'
33.1227 	EXP 	self_box: fillColor = '#3E45FA'
33.1227 	EXP 	other_box: fillColor = '#FFFCA6'
33.1394 	EXP 	self_box: fillColor = '#3E45FA'
33.1394 	EXP 	other_box: fillColor = '#FFFCA6'
33.1561 	EXP 	self_box: fillColor = '#3E45FA'
33.1561 	EXP 	other_box: fillColor = '#FFFCA6'
33.1728 	EXP 	self_box: fillColor = '#3E45FA'
33.1728 	EXP 	other_box: fillColor = '#FFFCA6'
33.1894 	EXP 	self_box: fillColor = '#3E45FA'
33.1894 	EXP 	other_box: fillColor = '#FFFCA6'
33.2061 	EXP 	self_box: fillColor = '#3E45FA'
33.2061 	EXP 	other_box: fillColor = '#FFFCA6'
33.2229 	EXP 	self_box: fillColor = '#3E45FA'
33.2229 	EXP 	other_box: fillColor = '#FFFCA6'
33.2395 	EXP 	self_box: fillColor = '#3E45FA'
33.2395 	EXP 	other_box: fillColor = '#FFFCA6'
33.2563 	EXP 	self_box: fillColor = '#3E45FA'
33.2563 	EXP 	other_box: fillColor = '#FFFCA6'
33.2730 	EXP 	self_box: fillColor = '#3E45FA'
33.2730 	EXP 	other_box: fillColor = '#FFFCA6'
33.2895 	EXP 	self_box: fillColor = '#3E45FA'
33.2895 	EXP 	other_box: fillColor = '#FFFCA6'
33.3063 	EXP 	self_box: fillColor = '#3E45FA'
33.3063 	EXP 	other_box: fillColor = '#FFFCA6'
33.3229 	EXP 	self_box: fillColor = '#3E45FA'
33.3229 	EXP 	other_box: fillColor = '#FFFCA6'
33.3398 	EXP 	self_box: fillColor = '#3E45FA'
33.3398 	EXP 	other_box: fillColor = '#FFFCA6'
33.3564 	EXP 	self_box: fillColor = '#3E45FA'
33.3564 	EXP 	other_box: fillColor = '#FFFCA6'
33.3731 	EXP 	self_box: fillColor = '#3E45FA'
33.3731 	EXP 	other_box: fillColor = '#FFFCA6'
33.3897 	EXP 	self_box: fillColor = '#3E45FA'
33.3897 	EXP 	other_box: fillColor = '#FFFCA6'
33.4065 	EXP 	self_box: fillColor = '#3E45FA'
33.4065 	EXP 	other_box: fillColor = '#FFFCA6'
33.4232 	EXP 	self_box: fillColor = '#3E45FA'
33.4232 	EXP 	other_box: fillColor = '#FFFCA6'
33.4399 	EXP 	self_box: fillColor = '#3E45FA'
33.4399 	EXP 	other_box: fillColor = '#FFFCA6'
33.4567 	EXP 	self_box: fillColor = '#3E45FA'
33.4567 	EXP 	other_box: fillColor = '#FFFCA6'
33.4574 	DATA 	Mouse: Left button down, pos=(394,296)
33.4601 	EXP 	New trial (rep=0, index=1): {'word': u'word2.1', 'amount': u'unmodified', 'list': u'list2', 'trialtype': u'unmodified', 'trialtype_extended': u'unmodified'}
33.4733 	EXP 	self_box: fillColor = '#3E45FA'
33.4733 	EXP 	other_box: fillColor = '#FFFCA6'
33.4733 	EXP 	question: autoDraw = False
33.4733 	EXP 	self_box: autoDraw = False
33.4733 	EXP 	self_label: autoDraw = False
33.4733 	EXP 	other_box: autoDraw = False
33.4733 	EXP 	other_label: autoDraw = False
33.4733 	EXP 	text: text = u'word2.1'
33.5239 	DATA 	Mouse: Left button up, pos=(394,296)
34.4915 	EXP 	text: autoDraw = True
36.8955 	EXP 	text: autoDraw = False
36.8955 	EXP 	question: autoDraw = True
36.8955 	EXP 	self_box: autoDraw = True
36.8955 	EXP 	self_label: autoDraw = True
36.8955 	EXP 	other_box: autoDraw = True
36.8955 	EXP 	other_label: autoDraw = True
36.8955 	EXP 	self_box: fillColor = '#3E45FA'
36.8955 	EXP 	other_box: fillColor = '#FFFCA6'
36.9120 	EXP 	self_box: fillColor = '#3E45FA'
36.9120 	EXP 	other_box: fillColor = '#FFFCA6'
36.9289 	EXP 	self_box: fillColor = '#3E45FA'
36.9289 	EXP 	other_box: fillColor = '#FFFCA6'
36.9455 	EXP 	self_box: fillColor = '#3E45FA'
36.9455 	EXP 	other_box: fillColor = '#FFFCA6'
36.9622 	EXP 	self_box: fillColor = '#3E45FA'
36.9622 	EXP 	other_box: fillColor = '#FFFCA6'
36.9788 	EXP 	self_box: fillColor = '#3E45FA'
36.9788 	EXP 	other_box: fillColor = '#FFFCA6'
36.9956 	EXP 	self_box: fillColor = '#3E45FA'
36.9956 	EXP 	other_box: fillColor = '#FFFCA6'
37.0123 	EXP 	self_box: fillColor = '#3E45FA'
37.0123 	EXP 	other_box: fillColor = '#FFFCA6'
37.0289 	EXP 	self_box: fillColor = '#3E45FA'
37.0289 	EXP 	other_box: fillColor = '#FFFCA6'
37.0456 	EXP 	self_box: fillColor = '#3E45FA'
37.0456 	EXP 	other_box: fillColor = '#FFFCA6'
37.0624 	EXP 	self_box: fillColor = '#3E45FA'
37.0624 	EXP 	other_box: fillColor = '#FFFCA6'
37.0791 	EXP 	self_box: fillColor = '#3E45FA'
37.0791 	EXP 	other_box: fillColor = '#FFFCA6'
37.0957 	EXP 	self_box: fillColor = '#3E45FA'
37.0957 	EXP 	other_box: fillColor = '#FFFCA6'
37.1124 	EXP 	self_box: fillColor = '#3E45FA'
37.1124 	EXP 	other_box: fillColor = '#FFFCA6'
37.1291 	EXP 	self_box: fillColor = '#3E45FA'
37.1291 	EXP 	other_box: fillColor = '#FFFCA6'
37.1458 	EXP 	self_box: fillColor = '#3E45FA'
37.1458 	EXP 	other_box: fillColor = '#FFFCA6'
37.1627 	EXP 	self_box: fillColor = '#3E45FA'
37.1627 	EXP 	other_box: fillColor = '#FFFCA6'
37.1792 	EXP 	self_box: fillColor = '#3E45FA'
37.1792 	EXP 	other_box: fillColor = '#FFFCA6'
37.1959 	EXP 	self_box: fillColor = '#3E45FA'
37.1959 	EXP 	other_box: fillColor = '#FFFCA6'
37.2125 	EXP 	self_box: fillColor = '#3E45FA'
37.2125 	EXP 	other_box: fillColor = '#FFFCA6'
37.2292 	EXP 	self_box: fillColor = '#3E45FA'
37.2292 	EXP 	other_box: fillColor = '#FFFCA6'
37.2460 	EXP 	self_box: fillColor = '#3E45FA'
37.2460 	EXP 	other_box: fillColor = '#FFFCA6'
37.2627 	EXP 	self_box: fillColor = '#3E45FA'
37.2627 	EXP 	other_box: fillColor = '#FFFCA6'
37.2792 	EXP 	self_box: fillColor = '#3E45FA'
37.2792 	EXP 	other_box: fillColor = '#FFFCA6'
37.2959 	EXP 	self_box: fillColor = '#3E45FA'
37.2959 	EXP 	other_box: fillColor = '#FFFCA6'
37.3127 	EXP 	self_box: fillColor = '#3E45FA'
37.3127 	EXP 	other_box: fillColor = '#FFFCA6'
37.3294 	EXP 	self_box: fillColor = '#3E45FA'
37.3294 	EXP 	other_box: fillColor = '#FFFCA6'
37.3461 	EXP 	self_box: fillColor = '#3E45FA'
37.3461 	EXP 	other_box: fillColor = '#FFFCA6'
37.3627 	EXP 	self_box: fillColor = '#3E45FA'
37.3627 	EXP 	other_box: fillColor = '#FFFCA6'
37.3795 	EXP 	self_box: fillColor = '#3E45FA'
37.3795 	EXP 	other_box: fillColor = '#FFFCA6'
37.3961 	EXP 	self_box: fillColor = '#3E45FA'
37.3961 	EXP 	other_box: fillColor = '#FFFCA6'
37.4128 	EXP 	self_box: fillColor = '#3E45FA'
37.4128 	EXP 	other_box: fillColor = '#FFFCA6'
37.4295 	EXP 	self_box: fillColor = '#3E45FA'
37.4295 	EXP 	other_box: fillColor = '#FFFCA6'
37.4463 	EXP 	self_box: fillColor = '#3E45FA'
37.4463 	EXP 	other_box: fillColor = '#FFFCA6'
37.4629 	EXP 	self_box: fillColor = '#3E45FA'
37.4629 	EXP 	other_box: fillColor = '#FFFCA6'
37.4796 	EXP 	self_box: fillColor = '#3E45FA'
37.4796 	EXP 	other_box: fillColor = '#FFFCA6'
37.4963 	EXP 	self_box: fillColor = '#3E45FA'
37.4963 	EXP 	other_box: fillColor = '#FFFCA6'
37.5130 	EXP 	self_box: fillColor = '#3E45FA'
37.5130 	EXP 	other_box: fillColor = '#FFFCA6'
37.5297 	EXP 	self_box: fillColor = '#3E45FA'
37.5297 	EXP 	other_box: fillColor = '#FFFCA6'
37.5465 	EXP 	self_box: fillColor = '#3E45FA'
37.5465 	EXP 	other_box: fillColor = '#FFFCA6'
37.5630 	EXP 	self_box: fillColor = '#3E45FA'
37.5630 	EXP 	other_box: fillColor = '#FFFCA6'
37.5798 	EXP 	self_box: fillColor = '#3E45FA'
37.5798 	EXP 	other_box: fillColor = '#FFFCA6'
37.5965 	EXP 	self_box: fillColor = '#3E45FA'
37.5965 	EXP 	other_box: fillColor = '#FFFCA6'
37.6132 	EXP 	self_box: fillColor = '#3E45FA'
37.6132 	EXP 	other_box: fillColor = '#FFFCA6'
37.6298 	EXP 	self_box: fillColor = '#3E45FA'
37.6298 	EXP 	other_box: fillColor = '#FFFCA6'
37.6466 	EXP 	self_box: fillColor = '#3E45FA'
37.6466 	EXP 	other_box: fillColor = '#FFFCA6'
37.6633 	EXP 	self_box: fillColor = '#3E45FA'
37.6633 	EXP 	other_box: fillColor = '#FFFCA6'
37.6800 	EXP 	self_box: fillColor = '#3E45FA'
37.6800 	EXP 	other_box: fillColor = '#FFFCA6'
37.6967 	EXP 	self_box: fillColor = '#3E45FA'
37.6967 	EXP 	other_box: fillColor = '#FFFCA6'
37.7133 	EXP 	self_box: fillColor = '#3E45FA'
37.7133 	EXP 	other_box: fillColor = '#FFFCA6'
37.7301 	EXP 	self_box: fillColor = '#3E45FA'
37.7301 	EXP 	other_box: fillColor = '#FFFCA6'
37.7468 	EXP 	self_box: fillColor = '#3E45FA'
37.7468 	EXP 	other_box: fillColor = '#FFFCA6'
37.7634 	EXP 	self_box: fillColor = '#3E45FA'
37.7634 	EXP 	other_box: fillColor = '#FFFCA6'
37.7802 	EXP 	self_box: fillColor = '#3E45FA'
37.7802 	EXP 	other_box: fillColor = '#FFFCA6'
37.7968 	EXP 	self_box: fillColor = '#3E45FA'
37.7968 	EXP 	other_box: fillColor = '#FFFCA6'
37.8135 	EXP 	self_box: fillColor = '#3E45FA'
37.8135 	EXP 	other_box: fillColor = '#FFFCA6'
37.8302 	EXP 	self_box: fillColor = '#3E45FA'
37.8302 	EXP 	other_box: fillColor = '#FFFCA6'
37.8470 	EXP 	self_box: fillColor = '#3E45FA'
37.8470 	EXP 	other_box: fillColor = '#FFFCA6'
37.8636 	EXP 	self_box: fillColor = '#3E45FA'
37.8636 	EXP 	other_box: fillColor = '#FFFCA6'
37.8803 	EXP 	self_box: fillColor = '#3E45FA'
37.8803 	EXP 	other_box: fillColor = '#FFFCA6'
37.8969 	EXP 	self_box: fillColor = '#3E45FA'
37.8969 	EXP 	other_box: fillColor = '#FFFCA6'
37.9138 	EXP 	self_box: fillColor = '#3E45FA'
37.9138 	EXP 	other_box: fillColor = '#FFFCA6'
37.9303 	EXP 	self_box: fillColor = '#3E45FA'
37.9303 	EXP 	other_box: fillColor = '#FFFCA6'
37.9307 	DATA 	Mouse: Left button down, pos=(394,296)
37.9326 	EXP 	New trial (rep=0, index=2): {'word': u'word2.1', 'amount': u'2', 'list': u'list2', 'trialtype': u'pitch', 'trialtype_extended': u'pitch_higher_large'}
37.9470 	EXP 	self_box: fillColor = '#3E45FA'
37.9470 	EXP 	other_box: fillColor = '#FFFCA6'
37.9470 	EXP 	question: autoDraw = False
37.9470 	EXP 	self_box: autoDraw = False
37.9470 	EXP 	self_label: autoDraw = False
37.9470 	EXP 	other_box: autoDraw = False
37.9470 	EXP 	other_label: autoDraw = False
37.9470 	EXP 	text: text = u'word2.1'
37.9979 	DATA 	Mouse: Left button up, pos=(380,297)
38.9653 	EXP 	text: autoDraw = True
41.1021 	EXP 	text: autoDraw = False
41.1021 	EXP 	question: autoDraw = True
41.1021 	EXP 	self_box: autoDraw = True
41.1021 	EXP 	self_label: autoDraw = True
41.1021 	EXP 	other_box: autoDraw = True
41.1021 	EXP 	other_label: autoDraw = True
41.1021 	EXP 	self_box: fillColor = '#3E45FA'
41.1021 	EXP 	other_box: fillColor = '#FFFCA6'
41.1187 	EXP 	self_box: fillColor = '#3E45FA'
41.1187 	EXP 	other_box: fillColor = '#FFFCA6'
41.1354 	EXP 	self_box: fillColor = '#3E45FA'
41.1354 	EXP 	other_box: fillColor = '#FFFCA6'
41.1521 	EXP 	self_box: fillColor = '#3E45FA'
41.1521 	EXP 	other_box: fillColor = '#FFFCA6'
41.1688 	EXP 	self_box: fillColor = '#3E45FA'
41.1688 	EXP 	other_box: fillColor = '#FFFCA6'
41.1856 	EXP 	self_box: fillColor = '#3E45FA'
41.1856 	EXP 	other_box: fillColor = '#FFFCA6'
41.2023 	EXP 	self_box: fillColor = '#3E45FA'
41.2023 	EXP 	other_box: fillColor = '#FFFCA6'
41.2190 	EXP 	self_box: fillColor = '#3E45FA'
41.2190 	EXP 	other_box: fillColor = '#FFFCA6'
41.2356 	EXP 	self_box: fillColor = '#3E45FA'
41.2356 	EXP 	other_box: fillColor = '#FFFCA6'
41.2523 	EXP 	self_box: fillColor = '#3E45FA'
41.2523 	EXP 	other_box: fillColor = '#FFFCA6'
41.2690 	EXP 	self_box: fillColor = '#3E45FA'
41.2690 	EXP 	other_box: fillColor = '#FFFCA6'
41.2858 	EXP 	self_box: fillColor = '#3E45FA'
41.2858 	EXP 	other_box: fillColor = '#FFFCA6'
41.3024 	EXP 	self_box: fillColor = '#3E45FA'
41.3024 	EXP 	other_box: fillColor = '#FFFCA6'
41.3190 	EXP 	self_box: fillColor = '#3E45FA'
41.3190 	EXP 	other_box: fillColor = '#FFFCA6'
41.3358 	EXP 	self_box: fillColor = '#3E45FA'
41.3358 	EXP 	other_box: fillColor = '#FFFCA6'
41.3525 	EXP 	self_box: fillColor = '#3E45FA'
41.3525 	EXP 	other_box: fillColor = '#FFFCA6'
41.3691 	EXP 	self_box: fillColor = '#3E45FA'
41.3691 	EXP 	other_box: fillColor = '#FFFCA6'
41.3859 	EXP 	self_box: fillColor = '#3E45FA'
41.3859 	EXP 	other_box: fillColor = '#FFFCA6'
41.4025 	EXP 	self_box: fillColor = '#3E45FA'
41.4025 	EXP 	other_box: fillColor = '#FFFCA6'
41.4193 	EXP 	self_box: fillColor = '#3E45FA'
41.4193 	EXP 	other_box: fillColor = '#FFFCA6'
41.4359 	EXP 	self_box: fillColor = '#3E45FA'
41.4359 	EXP 	other_box: fillColor = '#FFFCA6'
41.4526 	EXP 	self_box: fillColor = '#3E45FA'
41.4526 	EXP 	other_box: fillColor = '#FFFCA6'
41.4693 	EXP 	self_box: fillColor = '#3E45FA'
41.4693 	EXP 	other_box: fillColor = '#FFFCA6'
41.4861 	EXP 	self_box: fillColor = '#3E45FA'
41.4861 	EXP 	other_box: fillColor = '#FFFCA6'
41.5028 	EXP 	self_box: fillColor = '#3E45FA'
41.5028 	EXP 	other_box: fillColor = '#FFFCA6'
41.5195 	EXP 	self_box: fillColor = '#3E45FA'
41.5195 	EXP 	other_box: fillColor = '#FFFCA6'
41.5361 	EXP 	self_box: fillColor = '#3E45FA'
41.5361 	EXP 	other_box: fillColor = '#FFFCA6'
41.5527 	EXP 	self_box: fillColor = '#3E45FA'
41.5527 	EXP 	other_box: fillColor = '#FFFCA6'
41.5695 	EXP 	self_box: fillColor = '#3E45FA'
41.5695 	EXP 	other_box: fillColor = '#FFFCA6'
41.5862 	EXP 	self_box: fillColor = '#3E45FA'
41.5862 	EXP 	other_box: fillColor = '#FFFCA6'
41.6030 	EXP 	self_box: fillColor = '#3E45FA'
41.6030 	EXP 	other_box: fillColor = '#FFFCA6'
41.6196 	EXP 	self_box: fillColor = '#3E45FA'
41.6196 	EXP 	other_box: fillColor = '#FFFCA6'
41.6362 	EXP 	self_box: fillColor = '#3E45FA'
41.6362 	EXP 	other_box: fillColor = '#FFFCA6'
41.6530 	EXP 	self_box: fillColor = '#3E45FA'
41.6530 	EXP 	other_box: fillColor = '#FFFCA6'
41.6696 	EXP 	self_box: fillColor = '#3E45FA'
41.6696 	EXP 	other_box: fillColor = '#FFFCA6'
41.6864 	EXP 	self_box: fillColor = '#3E45FA'
41.6864 	EXP 	other_box: fillColor = '#FFFCA6'
41.7031 	EXP 	self_box: fillColor = '#3E45FA'
41.7031 	EXP 	other_box: fillColor = '#FFFCA6'
41.7197 	EXP 	self_box: fillColor = '#3E45FA'
41.7197 	EXP 	other_box: fillColor = '#FFFCA6'
41.7364 	EXP 	self_box: fillColor = '#3E45FA'
41.7364 	EXP 	other_box: fillColor = '#FFFCA6'
41.7531 	EXP 	self_box: fillColor = '#3E45FA'
41.7531 	EXP 	other_box: fillColor = '#FFFCA6'
41.7699 	EXP 	self_box: fillColor = '#3E45FA'
41.7699 	EXP 	other_box: fillColor = '#FFFCA6'
41.7865 	EXP 	self_box: fillColor = '#3E45FA'
41.7865 	EXP 	other_box: fillColor = '#FFFCA6'
41.8033 	EXP 	self_box: fillColor = '#3E45FA'
41.8033 	EXP 	other_box: fillColor = '#FFFCA6'
41.8199 	EXP 	self_box: fillColor = '#3E45FA'
41.8199 	EXP 	other_box: fillColor = '#FFFCA6'
41.8366 	EXP 	self_box: fillColor = '#3E45FA'
41.8366 	EXP 	other_box: fillColor = '#FFFCA6'
41.8532 	EXP 	self_box: fillColor = '#3E45FA'
41.8532 	EXP 	other_box: fillColor = '#FFFCA6'
41.8700 	EXP 	self_box: fillColor = '#3E45FA'
41.8700 	EXP 	other_box: fillColor = '#FFFCA6'
41.8866 	EXP 	self_box: fillColor = '#3E45FA'
41.8866 	EXP 	other_box: fillColor = '#FFFCA6'
41.9032 	EXP 	self_box: fillColor = '#3E45FA'
41.9032 	EXP 	other_box: fillColor = '#FFFCA6'
41.9038 	DATA 	Mouse: Left button down, pos=(380,297)
41.9051 	EXP 	New trial (rep=0, index=3): {'word': u'word2.1', 'amount': u'0.9', 'list': u'list2', 'trialtype': u'speed', 'trialtype_extended': u'slow_small'}
41.9201 	EXP 	self_box: fillColor = '#3E45FA'
41.9201 	EXP 	other_box: fillColor = '#FFFCA6'
41.9201 	EXP 	question: autoDraw = False
41.9201 	EXP 	self_box: autoDraw = False
41.9201 	EXP 	self_label: autoDraw = False
41.9201 	EXP 	other_box: autoDraw = False
41.9201 	EXP 	other_label: autoDraw = False
41.9201 	EXP 	text: text = u'word2.1'
41.9372 	DATA 	Mouse: Left button up, pos=(380,297)
42.9384 	EXP 	text: autoDraw = True
45.5759 	EXP 	text: autoDraw = False
45.5759 	EXP 	question: autoDraw = True
45.5759 	EXP 	self_box: autoDraw = True
45.5759 	EXP 	self_label: autoDraw = True
45.5759 	EXP 	other_box: autoDraw = True
45.5759 	EXP 	other_label: autoDraw = True
45.5759 	EXP 	self_box: fillColor = '#3E45FA'
45.5759 	EXP 	other_box: fillColor = '#FFFCA6'
45.5927 	EXP 	self_box: fillColor = '#3E45FA'
45.5927 	EXP 	other_box: fillColor = '#FFFCA6'
45.6093 	EXP 	self_box: fillColor = '#3E45FA'
45.6093 	EXP 	other_box: fillColor = '#FFFCA6'
45.6259 	EXP 	self_box: fillColor = '#3E45FA'
45.6259 	EXP 	other_box: fillColor = '#FFFCA6'
45.6426 	EXP 	self_box: fillColor = '#3E45FA'
45.6426 	EXP 	other_box: fillColor = '#FFFCA6'
45.6594 	EXP 	self_box: fillColor = '#3E45FA'
45.6594 	EXP 	other_box: fillColor = '#FFFCA6'
45.6761 	EXP 	self_box: fillColor = '#3E45FA'
45.6761 	EXP 	other_box: fillColor = '#FFFCA6'
45.6928 	EXP 	self_box: fillColor = '#3E45FA'
45.6928 	EXP 	other_box: fillColor = '#FFFCA6'
45.7094 	EXP 	self_box: fillColor = '#3E45FA'
45.7094 	EXP 	other_box: fillColor = '#FFFCA6'
45.7262 	EXP 	self_box: fillColor = '#3E45FA'
45.7262 	EXP 	other_box: fillColor = '#FFFCA6'
45.7428 	EXP 	self_box: fillColor = '#3E45FA'
45.7428 	EXP 	other_box: fillColor = '#FFFCA6'
45.7596 	EXP 	self_box: fillColor = '#3E45FA'
45.7596 	EXP 	other_box: fillColor = '#FFFCA6'
45.7762 	EXP 	self_box: fillColor = '#3E45FA'
45.7762 	EXP 	other_box: fillColor = '#FFFCA6'
45.7929 	EXP 	self_box: fillColor = '#3E45FA'
45.7929 	EXP 	other_box: fillColor = '#FFFCA6'
45.8097 	EXP 	self_box: fillColor = '#3E45FA'
45.8097 	EXP 	other_box: fillColor = '#FFFCA6'
45.8264 	EXP 	self_box: fillColor = '#3E45FA'
45.8264 	EXP 	other_box: fillColor = '#FFFCA6'
45.8430 	EXP 	self_box: fillColor = '#3E45FA'
45.8430 	EXP 	other_box: fillColor = '#FFFCA6'
45.8597 	EXP 	self_box: fillColor = '#3E45FA'
45.8597 	EXP 	other_box: fillColor = '#FFFCA6'
45.8763 	EXP 	self_box: fillColor = '#3E45FA'
45.8763 	EXP 	other_box: fillColor = '#FFFCA6'
45.8929 	EXP 	self_box: fillColor = '#3E45FA'
45.8929 	EXP 	other_box: fillColor = '#FFFCA6'
45.8933 	DATA 	Mouse: Left button down, pos=(380,297)
45.8946 	EXP 	New trial (rep=0, index=4): {'word': u'word2.1', 'amount': u'-1.5', 'list': u'list2', 'trialtype': u'pitch', 'trialtype_extended': u'pitch_lower_small'}
45.9096 	EXP 	self_box: fillColor = '#3E45FA'
45.9096 	EXP 	other_box: fillColor = '#FFFCA6'
45.9096 	EXP 	question: autoDraw = False
45.9096 	EXP 	self_box: autoDraw = False
45.9096 	EXP 	self_label: autoDraw = False
45.9096 	EXP 	other_box: autoDraw = False
45.9096 	EXP 	other_label: autoDraw = False
45.9096 	EXP 	text: text = u'word2.1'
45.9100 	DATA 	Mouse: Left button up, pos=(380,297)
46.9282 	EXP 	text: autoDraw = True
48.9980 	EXP 	text: autoDraw = False
48.9980 	EXP 	question: autoDraw = True
48.9980 	EXP 	self_box: autoDraw = True
48.9980 	EXP 	self_label: autoDraw = True
48.9980 	EXP 	other_box: autoDraw = True
48.9980 	EXP 	other_label: autoDraw = True
48.9980 	EXP 	self_box: fillColor = '#3E45FA'
48.9980 	EXP 	other_box: fillColor = '#FFFCA6'
49.0147 	EXP 	self_box: fillColor = '#3E45FA'
49.0147 	EXP 	other_box: fillColor = '#FFFCA6'
49.0315 	EXP 	self_box: fillColor = '#3E45FA'
49.0315 	EXP 	other_box: fillColor = '#FFFCA6'
49.0481 	EXP 	self_box: fillColor = '#3E45FA'
49.0481 	EXP 	other_box: fillColor = '#FFFCA6'
49.0647 	EXP 	self_box: fillColor = '#3E45FA'
49.0647 	EXP 	other_box: fillColor = '#FFFCA6'
49.0815 	EXP 	self_box: fillColor = '#3E45FA'
49.0815 	EXP 	other_box: fillColor = '#FFFCA6'
49.0982 	EXP 	self_box: fillColor = '#3E45FA'
49.0982 	EXP 	other_box: fillColor = '#FFFCA6'
49.1149 	EXP 	self_box: fillColor = '#3E45FA'
49.1149 	EXP 	other_box: fillColor = '#FFFCA6'
49.1315 	EXP 	self_box: fillColor = '#3E45FA'
49.1315 	EXP 	other_box: fillColor = '#FFFCA6'
49.1482 	EXP 	self_box: fillColor = '#3E45FA'
49.1482 	EXP 	other_box: fillColor = '#FFFCA6'
49.1648 	EXP 	self_box: fillColor = '#3E45FA'
49.1648 	EXP 	other_box: fillColor = '#FFFCA6'
49.1815 	EXP 	self_box: fillColor = '#3E45FA'
49.1815 	EXP 	other_box: fillColor = '#FFFCA6'
49.1983 	EXP 	self_box: fillColor = '#3E45FA'
49.1983 	EXP 	other_box: fillColor = '#FFFCA6'
49.2150 	EXP 	self_box: fillColor = '#3E45FA'
49.2150 	EXP 	other_box: fillColor = '#FFFCA6'
49.2317 	EXP 	self_box: fillColor = '#3E45FA'
49.2317 	EXP 	other_box: fillColor = '#FFFCA6'
49.2483 	EXP 	self_box: fillColor = '#3E45FA'
49.2483 	EXP 	other_box: fillColor = '#FFFCA6'
49.2651 	EXP 	self_box: fillColor = '#3E45FA'
49.2651 	EXP 	other_box: fillColor = '#FFFCA6'
49.2818 	EXP 	self_box: fillColor = '#3E45FA'
49.2818 	EXP 	other_box: fillColor = '#FFFCA6'
49.2984 	EXP 	self_box: fillColor = '#3E45FA'
49.2984 	EXP 	other_box: fillColor = '#FFFCA6'
49.3152 	EXP 	self_box: fillColor = '#3E45FA'
49.3152 	EXP 	other_box: fillColor = '#FFFCA6'
49.3317 	EXP 	self_box: fillColor = '#3E45FA'
49.3317 	EXP 	other_box: fillColor = '#FFFCA6'
49.3486 	EXP 	self_box: fillColor = '#3E45FA'
49.3486 	EXP 	other_box: fillColor = '#FFFCA6'
49.3651 	EXP 	self_box: fillColor = '#3E45FA'
49.3651 	EXP 	other_box: fillColor = '#FFFCA6'
49.3820 	EXP 	self_box: fillColor = '#3E45FA'
49.3820 	EXP 	other_box: fillColor = '#FFFCA6'
49.3986 	EXP 	self_box: fillColor = '#3E45FA'
49.3986 	EXP 	other_box: fillColor = '#FFFCA6'
49.4153 	EXP 	self_box: fillColor = '#3E45FA'
49.4153 	EXP 	other_box: fillColor = '#FFFCA6'
49.4158 	DATA 	Mouse: Left button down, pos=(380,297)
49.4170 	EXP 	New trial (rep=0, index=5): {'word': u'word2.1', 'amount': u'0.7', 'list': u'list2', 'trialtype': u'speed', 'trialtype_extended': u'slow_large'}
49.4319 	EXP 	self_box: fillColor = '#3E45FA'
49.4319 	EXP 	other_box: fillColor = '#FFFCA6'
49.4319 	EXP 	question: autoDraw = False
49.4319 	EXP 	self_box: autoDraw = False
49.4319 	EXP 	self_label: autoDraw = False
49.4319 	EXP 	other_box: autoDraw = False
49.4319 	EXP 	other_label: autoDraw = False
49.4319 	EXP 	text: text = u'word2.1'
49.4828 	DATA 	Mouse: Left button up, pos=(380,297)
50.4503 	EXP 	text: autoDraw = True
53.0378 	EXP 	text: autoDraw = False
53.0378 	EXP 	question: autoDraw = True
53.0378 	EXP 	self_box: autoDraw = True
53.0378 	EXP 	self_label: autoDraw = True
53.0378 	EXP 	other_box: autoDraw = True
53.0378 	EXP 	other_label: autoDraw = True
53.0378 	EXP 	self_box: fillColor = '#3E45FA'
53.0378 	EXP 	other_box: fillColor = '#FFFCA6'
53.0546 	EXP 	self_box: fillColor = '#3E45FA'
53.0546 	EXP 	other_box: fillColor = '#FFFCA6'
53.0712 	EXP 	self_box: fillColor = '#3E45FA'
53.0712 	EXP 	other_box: fillColor = '#FFFCA6'
53.0879 	EXP 	self_box: fillColor = '#3E45FA'
53.0879 	EXP 	other_box: fillColor = '#FFFCA6'
53.1045 	EXP 	self_box: fillColor = '#3E45FA'
53.1045 	EXP 	other_box: fillColor = '#FFFCA6'
53.1212 	EXP 	self_box: fillColor = '#3E45FA'
53.1212 	EXP 	other_box: fillColor = '#FFFCA6'
53.1379 	EXP 	self_box: fillColor = '#3E45FA'
53.1379 	EXP 	other_box: fillColor = '#FFFCA6'
53.1546 	EXP 	self_box: fillColor = '#3E45FA'
53.1546 	EXP 	other_box: fillColor = '#FFFCA6'
53.1712 	EXP 	self_box: fillColor = '#3E45FA'
53.1712 	EXP 	other_box: fillColor = '#FFFCA6'
53.1879 	EXP 	self_box: fillColor = '#3E45FA'
53.1879 	EXP 	other_box: fillColor = '#FFFCA6'
53.2047 	EXP 	self_box: fillColor = '#3E45FA'
53.2047 	EXP 	other_box: fillColor = '#FFFCA6'
53.2214 	EXP 	self_box: fillColor = '#3E45FA'
53.2214 	EXP 	other_box: fillColor = '#FFFCA6'
53.2381 	EXP 	self_box: fillColor = '#3E45FA'
53.2381 	EXP 	other_box: fillColor = '#FFFCA6'
53.2547 	EXP 	self_box: fillColor = '#3E45FA'
53.2547 	EXP 	other_box: fillColor = '#FFFCA6'
53.2715 	EXP 	self_box: fillColor = '#3E45FA'
53.2715 	EXP 	other_box: fillColor = '#FFFCA6'
53.2880 	EXP 	self_box: fillColor = '#3E45FA'
53.2880 	EXP 	other_box: fillColor = '#FFFCA6'
53.3048 	EXP 	self_box: fillColor = '#3E45FA'
53.3048 	EXP 	other_box: fillColor = '#FFFCA6'
53.3215 	EXP 	self_box: fillColor = '#3E45FA'
53.3215 	EXP 	other_box: fillColor = '#FFFCA6'
53.3381 	EXP 	self_box: fillColor = '#3E45FA'
53.3381 	EXP 	other_box: fillColor = '#FFFCA6'
53.3549 	EXP 	self_box: fillColor = '#3E45FA'
53.3549 	EXP 	other_box: fillColor = '#FFFCA6'
53.3715 	EXP 	self_box: fillColor = '#3E45FA'
53.3715 	EXP 	other_box: fillColor = '#FFFCA6'
53.3882 	EXP 	self_box: fillColor = '#3E45FA'
53.3882 	EXP 	other_box: fillColor = '#FFFCA6'
53.4050 	EXP 	self_box: fillColor = '#3E45FA'
53.4050 	EXP 	other_box: fillColor = '#FFFCA6'
53.4217 	EXP 	self_box: fillColor = '#3E45FA'
53.4217 	EXP 	other_box: fillColor = '#FFFCA6'
53.4385 	EXP 	self_box: fillColor = '#3E45FA'
53.4385 	EXP 	other_box: fillColor = '#FFFCA6'
53.4550 	EXP 	self_box: fillColor = '#3E45FA'
53.4550 	EXP 	other_box: fillColor = '#FFFCA6'
53.4716 	EXP 	self_box: fillColor = '#3E45FA'
53.4716 	EXP 	other_box: fillColor = '#FFFCA6'
53.4724 	DATA 	Mouse: Left button down, pos=(380,297)
53.4741 	EXP 	New trial (rep=0, index=6): {'word': u'word2.1', 'amount': u'0.8', 'list': u'list2', 'trialtype': u'speed', 'trialtype_extended': u'slow_medium'}
53.4884 	EXP 	self_box: fillColor = '#3E45FA'
53.4884 	EXP 	other_box: fillColor = '#FFFCA6'
53.4884 	EXP 	question: autoDraw = False
53.4884 	EXP 	self_box: autoDraw = False
53.4884 	EXP 	self_label: autoDraw = False
53.4884 	EXP 	other_box: autoDraw = False
53.4884 	EXP 	other_label: autoDraw = False
53.4884 	EXP 	text: text = u'word2.1'
53.5392 	DATA 	Mouse: Left button up, pos=(380,297)
54.5070 	EXP 	text: autoDraw = True
57.0441 	EXP 	text: autoDraw = False
57.0441 	EXP 	question: autoDraw = True
57.0441 	EXP 	self_box: autoDraw = True
57.0441 	EXP 	self_label: autoDraw = True
57.0441 	EXP 	other_box: autoDraw = True
57.0441 	EXP 	other_label: autoDraw = True
57.0441 	EXP 	self_box: fillColor = '#3E45FA'
57.0441 	EXP 	other_box: fillColor = '#FFFCA6'
57.0609 	EXP 	self_box: fillColor = '#3E45FA'
57.0609 	EXP 	other_box: fillColor = '#FFFCA6'
57.0776 	EXP 	self_box: fillColor = '#3E45FA'
57.0776 	EXP 	other_box: fillColor = '#FFFCA6'
57.0943 	EXP 	self_box: fillColor = '#3E45FA'
57.0943 	EXP 	other_box: fillColor = '#FFFCA6'
57.1110 	EXP 	self_box: fillColor = '#3E45FA'
57.1110 	EXP 	other_box: fillColor = '#FFFCA6'
57.1276 	EXP 	self_box: fillColor = '#3E45FA'
57.1276 	EXP 	other_box: fillColor = '#FFFCA6'
57.1441 	EXP 	self_box: fillColor = '#3E45FA'
57.1441 	EXP 	other_box: fillColor = '#FFFCA6'
57.1610 	EXP 	self_box: fillColor = '#3E45FA'
57.1610 	EXP 	other_box: fillColor = '#FFFCA6'
57.1776 	EXP 	self_box: fillColor = '#3E45FA'
57.1776 	EXP 	other_box: fillColor = '#FFFCA6'
57.1942 	EXP 	self_box: fillColor = '#3E45FA'
57.1942 	EXP 	other_box: fillColor = '#FFFCA6'
57.2110 	EXP 	self_box: fillColor = '#3E45FA'
57.2110 	EXP 	other_box: fillColor = '#FFFCA6'
57.2277 	EXP 	self_box: fillColor = '#3E45FA'
57.2277 	EXP 	other_box: fillColor = '#FFFCA6'
57.2444 	EXP 	self_box: fillColor = '#3E45FA'
57.2444 	EXP 	other_box: fillColor = '#FFFCA6'
57.2610 	EXP 	self_box: fillColor = '#3E45FA'
57.2610 	EXP 	other_box: fillColor = '#FFFCA6'
57.2779 	EXP 	self_box: fillColor = '#3E45FA'
57.2779 	EXP 	other_box: fillColor = '#FFFCA6'
57.2944 	EXP 	self_box: fillColor = '#3E45FA'
57.2944 	EXP 	other_box: fillColor = '#FFFCA6'
57.3111 	EXP 	self_box: fillColor = '#3E45FA'
57.3111 	EXP 	other_box: fillColor = '#FFFCA6'
57.3279 	EXP 	self_box: fillColor = '#3E45FA'
57.3279 	EXP 	other_box: fillColor = '#FFFCA6'
57.3446 	EXP 	self_box: fillColor = '#3E45FA'
57.3446 	EXP 	other_box: fillColor = '#FFFCA6'
57.3612 	EXP 	self_box: fillColor = '#3E45FA'
57.3612 	EXP 	other_box: fillColor = '#FFFCA6'
57.3780 	EXP 	self_box: fillColor = '#3E45FA'
57.3780 	EXP 	other_box: fillColor = '#FFFCA6'
57.3947 	EXP 	self_box: fillColor = '#3E45FA'
57.3947 	EXP 	other_box: fillColor = '#FFFCA6'
57.4113 	EXP 	self_box: fillColor = '#3E45FA'
57.4113 	EXP 	other_box: fillColor = '#FFFCA6'
57.4280 	EXP 	self_box: fillColor = '#3E45FA'
57.4280 	EXP 	other_box: fillColor = '#FFFCA6'
57.4448 	EXP 	self_box: fillColor = '#3E45FA'
57.4448 	EXP 	other_box: fillColor = '#FFFCA6'
57.4615 	EXP 	self_box: fillColor = '#3E45FA'
57.4615 	EXP 	other_box: fillColor = '#FFFCA6'
57.4781 	EXP 	self_box: fillColor = '#3E45FA'
57.4781 	EXP 	other_box: fillColor = '#FFFCA6'
57.4949 	EXP 	self_box: fillColor = '#3E45FA'
57.4949 	EXP 	other_box: fillColor = '#FFFCA6'
57.5115 	EXP 	self_box: fillColor = '#3E45FA'
57.5115 	EXP 	other_box: fillColor = '#FFFCA6'
57.5282 	EXP 	self_box: fillColor = '#3E45FA'
57.5282 	EXP 	other_box: fillColor = '#FFFCA6'
57.5449 	EXP 	self_box: fillColor = '#3E45FA'
57.5449 	EXP 	other_box: fillColor = '#FFFCA6'
57.5616 	EXP 	self_box: fillColor = '#3E45FA'
57.5616 	EXP 	other_box: fillColor = '#FFFCA6'
57.5784 	EXP 	self_box: fillColor = '#3E45FA'
57.5784 	EXP 	other_box: fillColor = '#FFFCA6'
57.5950 	EXP 	self_box: fillColor = '#3E45FA'
57.5950 	EXP 	other_box: fillColor = '#FFFCA6'
57.6118 	EXP 	self_box: fillColor = '#3E45FA'
57.6118 	EXP 	other_box: fillColor = '#FFFCA6'
57.6285 	EXP 	self_box: fillColor = '#3E45FA'
57.6285 	EXP 	other_box: fillColor = '#FFFCA6'
57.6451 	EXP 	self_box: fillColor = '#3E45FA'
57.6451 	EXP 	other_box: fillColor = '#FFFCA6'
57.6618 	EXP 	self_box: fillColor = '#3E45FA'
57.6618 	EXP 	other_box: fillColor = '#FFFCA6'
57.6784 	EXP 	self_box: fillColor = '#3E45FA'
57.6784 	EXP 	other_box: fillColor = '#FFFCA6'
57.6951 	EXP 	self_box: fillColor = '#3E45FA'
57.6951 	EXP 	other_box: fillColor = '#FFFCA6'
57.7118 	EXP 	self_box: fillColor = '#3E45FA'
57.7118 	EXP 	other_box: fillColor = '#FFFCA6'
57.7286 	EXP 	self_box: fillColor = '#3E45FA'
57.7286 	EXP 	other_box: fillColor = '#FFFCA6'
57.7453 	EXP 	self_box: fillColor = '#3E45FA'
57.7453 	EXP 	other_box: fillColor = '#FFFCA6'
57.7457 	DATA 	Mouse: Left button down, pos=(380,297)
57.7470 	EXP 	New trial (rep=0, index=7): {'word': u'word2.1', 'amount': u'unmodified', 'list': u'list2', 'trialtype': u'unmodified', 'trialtype_extended': u'unmodified'}
57.7517 	DATA 	Mouse: Left button up, pos=(380,297)
57.7618 	EXP 	self_box: fillColor = '#3E45FA'
57.7618 	EXP 	other_box: fillColor = '#FFFCA6'
57.7618 	EXP 	question: autoDraw = False
57.7618 	EXP 	self_box: autoDraw = False
57.7618 	EXP 	self_label: autoDraw = False
57.7618 	EXP 	other_box: autoDraw = False
57.7618 	EXP 	other_label: autoDraw = False
57.7618 	EXP 	text: text = u'word2.1'
58.7803 	EXP 	text: autoDraw = True
60.8168 	EXP 	text: autoDraw = False
60.8168 	EXP 	question: autoDraw = True
60.8168 	EXP 	self_box: autoDraw = True
60.8168 	EXP 	self_label: autoDraw = True
60.8168 	EXP 	other_box: autoDraw = True
60.8168 	EXP 	other_label: autoDraw = True
60.8168 	EXP 	self_box: fillColor = '#3E45FA'
60.8168 	EXP 	other_box: fillColor = '#FFFCA6'
60.8335 	EXP 	self_box: fillColor = '#3E45FA'
60.8335 	EXP 	other_box: fillColor = '#FFFCA6'
60.8503 	EXP 	self_box: fillColor = '#3E45FA'
60.8503 	EXP 	other_box: fillColor = '#FFFCA6'
60.8669 	EXP 	self_box: fillColor = '#3E45FA'
60.8669 	EXP 	other_box: fillColor = '#FFFCA6'
60.8837 	EXP 	self_box: fillColor = '#3E45FA'
60.8837 	EXP 	other_box: fillColor = '#FFFCA6'
60.9003 	EXP 	self_box: fillColor = '#3E45FA'
60.9003 	EXP 	other_box: fillColor = '#FFFCA6'
60.9170 	EXP 	self_box: fillColor = '#3E45FA'
60.9170 	EXP 	other_box: fillColor = '#FFFCA6'
60.9337 	EXP 	self_box: fillColor = '#3E45FA'
60.9337 	EXP 	other_box: fillColor = '#FFFCA6'
60.9504 	EXP 	self_box: fillColor = '#3E45FA'
60.9504 	EXP 	other_box: fillColor = '#FFFCA6'
60.9671 	EXP 	self_box: fillColor = '#3E45FA'
60.9671 	EXP 	other_box: fillColor = '#FFFCA6'
60.9838 	EXP 	self_box: fillColor = '#3E45FA'
60.9838 	EXP 	other_box: fillColor = '#FFFCA6'
61.0003 	EXP 	self_box: fillColor = '#3E45FA'
61.0003 	EXP 	other_box: fillColor = '#FFFCA6'
61.0171 	EXP 	self_box: fillColor = '#3E45FA'
61.0171 	EXP 	other_box: fillColor = '#FFFCA6'
61.0337 	EXP 	self_box: fillColor = '#3E45FA'
61.0337 	EXP 	other_box: fillColor = '#FFFCA6'
61.0504 	EXP 	self_box: fillColor = '#3E45FA'
61.0504 	EXP 	other_box: fillColor = '#FFFCA6'
61.0671 	EXP 	self_box: fillColor = '#3E45FA'
61.0671 	EXP 	other_box: fillColor = '#FFFCA6'
61.0838 	EXP 	self_box: fillColor = '#3E45FA'
61.0838 	EXP 	other_box: fillColor = '#FFFCA6'
61.1004 	EXP 	self_box: fillColor = '#3E45FA'
61.1004 	EXP 	other_box: fillColor = '#FFFCA6'
61.1171 	EXP 	self_box: fillColor = '#3E45FA'
61.1171 	EXP 	other_box: fillColor = '#FFFCA6'
61.1338 	EXP 	self_box: fillColor = '#3E45FA'
61.1338 	EXP 	other_box: fillColor = '#FFFCA6'
61.1505 	EXP 	self_box: fillColor = '#3E45FA'
61.1505 	EXP 	other_box: fillColor = '#FFFCA6'
61.1672 	EXP 	self_box: fillColor = '#3E45FA'
61.1672 	EXP 	other_box: fillColor = '#FFFCA6'
61.1839 	EXP 	self_box: fillColor = '#3E45FA'
61.1839 	EXP 	other_box: fillColor = '#FFFCA6'
61.2006 	EXP 	self_box: fillColor = '#3E45FA'
61.2006 	EXP 	other_box: fillColor = '#FFFCA6'
61.2173 	EXP 	self_box: fillColor = '#3E45FA'
61.2173 	EXP 	other_box: fillColor = '#FFFCA6'
61.2340 	EXP 	self_box: fillColor = '#3E45FA'
61.2340 	EXP 	other_box: fillColor = '#FFFCA6'
61.2507 	EXP 	self_box: fillColor = '#3E45FA'
61.2507 	EXP 	other_box: fillColor = '#FFFCA6'
61.2674 	EXP 	self_box: fillColor = '#3E45FA'
61.2674 	EXP 	other_box: fillColor = '#FFFCA6'
61.2841 	EXP 	self_box: fillColor = '#3E45FA'
61.2841 	EXP 	other_box: fillColor = '#FFFCA6'
61.3008 	EXP 	self_box: fillColor = '#3E45FA'
61.3008 	EXP 	other_box: fillColor = '#FFFCA6'
61.3174 	EXP 	self_box: fillColor = '#3E45FA'
61.3174 	EXP 	other_box: fillColor = '#FFFCA6'
61.3341 	EXP 	self_box: fillColor = '#3E45FA'
61.3341 	EXP 	other_box: fillColor = '#FFFCA6'
61.3508 	EXP 	self_box: fillColor = '#3E45FA'
61.3508 	EXP 	other_box: fillColor = '#FFFCA6'
61.3675 	EXP 	self_box: fillColor = '#3E45FA'
61.3675 	EXP 	other_box: fillColor = '#FFFCA6'
61.3842 	EXP 	self_box: fillColor = '#3E45FA'
61.3842 	EXP 	other_box: fillColor = '#FFFCA6'
61.4010 	EXP 	self_box: fillColor = '#3E45FA'
61.4010 	EXP 	other_box: fillColor = '#FFFCA6'
61.4176 	EXP 	self_box: fillColor = '#3E45FA'
61.4176 	EXP 	other_box: fillColor = '#FFFCA6'
61.4343 	EXP 	self_box: fillColor = '#3E45FA'
61.4343 	EXP 	other_box: fillColor = '#FFFCA6'
61.4510 	EXP 	self_box: fillColor = '#3E45FA'
61.4510 	EXP 	other_box: fillColor = '#FFFCA6'
61.4677 	EXP 	self_box: fillColor = '#3E45FA'
61.4677 	EXP 	other_box: fillColor = '#FFFCA6'
61.4844 	EXP 	self_box: fillColor = '#3E45FA'
61.4844 	EXP 	other_box: fillColor = '#FFFCA6'
61.5011 	EXP 	self_box: fillColor = '#3E45FA'
61.5011 	EXP 	other_box: fillColor = '#FFFCA6'
61.5180 	EXP 	self_box: fillColor = '#3E45FA'
61.5180 	EXP 	other_box: fillColor = '#FFFCA6'
61.5347 	EXP 	self_box: fillColor = '#3E45FA'
61.5347 	EXP 	other_box: fillColor = '#FFFCA6'
61.5513 	EXP 	self_box: fillColor = '#3E45FA'
61.5513 	EXP 	other_box: fillColor = '#FFFCA6'
61.5680 	EXP 	self_box: fillColor = '#3E45FA'
61.5680 	EXP 	other_box: fillColor = '#FFFCA6'
61.5847 	EXP 	self_box: fillColor = '#3E45FA'
61.5847 	EXP 	other_box: fillColor = '#FFFCA6'
61.6013 	EXP 	self_box: fillColor = '#3E45FA'
61.6013 	EXP 	other_box: fillColor = '#FFFCA6'
61.6180 	EXP 	self_box: fillColor = '#3E45FA'
61.6180 	EXP 	other_box: fillColor = '#FFFCA6'
61.6348 	EXP 	self_box: fillColor = '#3E45FA'
61.6348 	EXP 	other_box: fillColor = '#FFFCA6'
61.6514 	EXP 	self_box: fillColor = '#3E45FA'
61.6514 	EXP 	other_box: fillColor = '#FFFCA6'
61.6682 	EXP 	self_box: fillColor = '#3E45FA'
61.6682 	EXP 	other_box: fillColor = '#FFFCA6'
61.6849 	EXP 	self_box: fillColor = '#3E45FA'
61.6849 	EXP 	other_box: fillColor = '#FFFCA6'
61.7016 	EXP 	self_box: fillColor = '#3E45FA'
61.7016 	EXP 	other_box: fillColor = '#FFFCA6'
61.7182 	EXP 	self_box: fillColor = '#3E45FA'
61.7182 	EXP 	other_box: fillColor = '#FFFCA6'
61.7350 	EXP 	self_box: fillColor = '#3E45FA'
61.7350 	EXP 	other_box: fillColor = '#FFFCA6'
61.7516 	EXP 	self_box: fillColor = '#3E45FA'
61.7516 	EXP 	other_box: fillColor = '#FFFCA6'
61.7684 	EXP 	self_box: fillColor = '#3E45FA'
61.7684 	EXP 	other_box: fillColor = '#FFFCA6'
61.7851 	EXP 	self_box: fillColor = '#3E45FA'
61.7851 	EXP 	other_box: fillColor = '#FFFCA6'
61.8018 	EXP 	self_box: fillColor = '#3E45FA'
61.8018 	EXP 	other_box: fillColor = '#FFFCA6'
61.8184 	EXP 	self_box: fillColor = '#3E45FA'
61.8184 	EXP 	other_box: fillColor = '#FFFCA6'
61.8350 	EXP 	self_box: fillColor = '#3E45FA'
61.8350 	EXP 	other_box: fillColor = '#FFFCA6'
61.8518 	EXP 	self_box: fillColor = '#3E45FA'
61.8518 	EXP 	other_box: fillColor = '#FFFCA6'
61.8685 	EXP 	self_box: fillColor = '#3E45FA'
61.8685 	EXP 	other_box: fillColor = '#FFFCA6'
61.8852 	EXP 	self_box: fillColor = '#3E45FA'
61.8852 	EXP 	other_box: fillColor = '#FFFCA6'
61.9019 	EXP 	self_box: fillColor = '#3E45FA'
61.9019 	EXP 	other_box: fillColor = '#FFFCA6'
61.9186 	EXP 	self_box: fillColor = '#3E45FA'
61.9186 	EXP 	other_box: fillColor = '#FFFCA6'
61.9353 	EXP 	self_box: fillColor = '#3E45FA'
61.9353 	EXP 	other_box: fillColor = '#FFFCA6'
61.9520 	EXP 	self_box: fillColor = '#3E45FA'
61.9520 	EXP 	other_box: fillColor = '#FFFCA6'
61.9687 	EXP 	self_box: fillColor = '#3E45FA'
61.9687 	EXP 	other_box: fillColor = '#FFFCA6'
61.9853 	EXP 	self_box: fillColor = '#3E45FA'
61.9853 	EXP 	other_box: fillColor = '#FFFCA6'
62.0021 	EXP 	self_box: fillColor = '#3E45FA'
62.0021 	EXP 	other_box: fillColor = '#FFFCA6'
62.0188 	EXP 	self_box: fillColor = '#3E45FA'
62.0188 	EXP 	other_box: fillColor = '#FFFCA6'
62.0355 	EXP 	self_box: fillColor = '#3E45FA'
62.0355 	EXP 	other_box: fillColor = '#FFFCA6'
62.0520 	EXP 	self_box: fillColor = '#3E45FA'
62.0520 	EXP 	other_box: fillColor = '#FFFCA6'
62.0689 	EXP 	self_box: fillColor = '#3E45FA'
62.0689 	EXP 	other_box: fillColor = '#FFFCA6'
62.0856 	EXP 	self_box: fillColor = '#3E45FA'
62.0856 	EXP 	other_box: fillColor = '#FFFCA6'
62.1022 	EXP 	self_box: fillColor = '#3E45FA'
62.1022 	EXP 	other_box: fillColor = '#FFFCA6'
62.1188 	EXP 	self_box: fillColor = '#3E45FA'
62.1188 	EXP 	other_box: fillColor = '#FFFCA6'
62.1354 	EXP 	self_box: fillColor = '#3E45FA'
62.1354 	EXP 	other_box: fillColor = '#FFFCA6'
62.1523 	EXP 	self_box: fillColor = '#3E45FA'
62.1523 	EXP 	other_box: fillColor = '#FFFCA6'
62.1688 	EXP 	self_box: fillColor = '#3E45FA'
62.1688 	EXP 	other_box: fillColor = '#FFFCA6'
62.1857 	EXP 	self_box: fillColor = '#3E45FA'
62.1857 	EXP 	other_box: fillColor = '#FFFCA6'
62.2023 	EXP 	self_box: fillColor = '#3E45FA'
62.2023 	EXP 	other_box: fillColor = '#FFFCA6'
62.2190 	EXP 	self_box: fillColor = '#3E45FA'
62.2190 	EXP 	other_box: fillColor = '#FFFCA6'
62.2357 	EXP 	self_box: fillColor = '#3E45FA'
62.2357 	EXP 	other_box: fillColor = '#FFFCA6'
62.2523 	EXP 	self_box: fillColor = '#3E45FA'
62.2523 	EXP 	other_box: fillColor = '#FFFCA6'
62.2690 	EXP 	self_box: fillColor = '#3E45FA'
62.2690 	EXP 	other_box: fillColor = '#FFFCA6'
62.2858 	EXP 	self_box: fillColor = '#3E45FA'
62.2858 	EXP 	other_box: fillColor = '#FFFCA6'
62.3025 	EXP 	self_box: fillColor = '#3E45FA'
62.3025 	EXP 	other_box: fillColor = '#FFFCA6'
62.3192 	EXP 	self_box: fillColor = '#3E45FA'
62.3192 	EXP 	other_box: fillColor = '#FFFCA6'
62.3359 	EXP 	self_box: fillColor = '#3E45FA'
62.3359 	EXP 	other_box: fillColor = '#FFFCA6'
62.3526 	EXP 	self_box: fillColor = '#3E45FA'
62.3526 	EXP 	other_box: fillColor = '#FFFCA6'
62.3693 	EXP 	self_box: fillColor = '#3E45FA'
62.3693 	EXP 	other_box: fillColor = '#FFFCA6'
62.3860 	EXP 	self_box: fillColor = '#3E45FA'
62.3860 	EXP 	other_box: fillColor = '#FFFCA6'
62.4027 	EXP 	self_box: fillColor = '#3E45FA'
62.4027 	EXP 	other_box: fillColor = '#FFFCA6'
62.4194 	EXP 	self_box: fillColor = '#3E45FA'
62.4194 	EXP 	other_box: fillColor = '#FFFCA6'
62.4360 	EXP 	self_box: fillColor = '#3E45FA'
62.4360 	EXP 	other_box: fillColor = '#FFFCA6'
62.4528 	EXP 	self_box: fillColor = '#3E45FA'
62.4528 	EXP 	other_box: fillColor = '#FFFCA6'
62.4694 	EXP 	self_box: fillColor = '#3E45FA'
62.4694 	EXP 	other_box: fillColor = '#FFFCA6'
62.4862 	EXP 	self_box: fillColor = '#3E45FA'
62.4862 	EXP 	other_box: fillColor = '#FFFCA6'
62.5029 	EXP 	self_box: fillColor = '#3E45FA'
62.5029 	EXP 	other_box: fillColor = '#FFFCA6'
62.5194 	EXP 	self_box: fillColor = '#3E45FA'
62.5194 	EXP 	other_box: fillColor = '#FFFCA6'
62.5363 	EXP 	self_box: fillColor = '#3E45FA'
62.5363 	EXP 	other_box: fillColor = '#FFFCA6'
62.5529 	EXP 	self_box: fillColor = '#3E45FA'
62.5529 	EXP 	other_box: fillColor = '#FFFCA6'
62.5696 	EXP 	self_box: fillColor = '#3E45FA'
62.5696 	EXP 	other_box: fillColor = '#FFFCA6'
62.5863 	EXP 	self_box: fillColor = '#3E45FA'
62.5863 	EXP 	other_box: fillColor = '#FFFCA6'
62.6030 	EXP 	self_box: fillColor = '#3E45FA'
62.6030 	EXP 	other_box: fillColor = '#FFFCA6'
62.6197 	EXP 	self_box: fillColor = '#3E45FA'
62.6197 	EXP 	other_box: fillColor = '#FFFCA6'
62.6364 	EXP 	self_box: fillColor = '#3E45FA'
62.6364 	EXP 	other_box: fillColor = '#FFFCA6'
62.6530 	EXP 	self_box: fillColor = '#3E45FA'
62.6530 	EXP 	other_box: fillColor = '#FFFCA6'
62.6697 	EXP 	self_box: fillColor = '#3E45FA'
62.6697 	EXP 	other_box: fillColor = '#FFFCA6'
62.6865 	EXP 	self_box: fillColor = '#3E45FA'
62.6865 	EXP 	other_box: fillColor = '#FFFCA6'
62.7032 	EXP 	self_box: fillColor = '#3E45FA'
62.7032 	EXP 	other_box: fillColor = '#FFFCA6'
62.7199 	EXP 	self_box: fillColor = '#3E45FA'
62.7199 	EXP 	other_box: fillColor = '#FFFCA6'
62.7366 	EXP 	self_box: fillColor = '#3E45FA'
62.7366 	EXP 	other_box: fillColor = '#FFFCA6'
62.7533 	EXP 	self_box: fillColor = '#3E45FA'
62.7533 	EXP 	other_box: fillColor = '#FFFCA6'
62.7700 	EXP 	self_box: fillColor = '#3E45FA'
62.7700 	EXP 	other_box: fillColor = '#FFFCA6'
62.7865 	EXP 	self_box: fillColor = '#3E45FA'
62.7865 	EXP 	other_box: fillColor = '#FFFCA6'
62.8034 	EXP 	self_box: fillColor = '#3E45FA'
62.8034 	EXP 	other_box: fillColor = '#FFFCA6'
62.8200 	EXP 	self_box: fillColor = '#3E45FA'
62.8200 	EXP 	other_box: fillColor = '#FFFCA6'
62.8367 	EXP 	self_box: fillColor = '#3E45FA'
62.8367 	EXP 	other_box: fillColor = '#FFFCA6'
62.8539 	EXP 	self_box: fillColor = '#3E45FA'
62.8539 	EXP 	other_box: fillColor = '#FFFCA6'
62.8701 	EXP 	self_box: fillColor = '#3E45FA'
62.8701 	EXP 	other_box: fillColor = '#FFFCA6'
62.8866 	EXP 	self_box: fillColor = '#3E45FA'
62.8866 	EXP 	other_box: fillColor = '#FFFCA6'
62.8970 	DATA 	Mouse: Left button down, pos=(380,297)
62.8983 	EXP 	New trial (rep=0, index=8): {'word': u'word2.1', 'amount': u'1.5', 'list': u'list2', 'trialtype': u'pitch', 'trialtype_extended': u'pitch_higher_small'}
62.9200 	EXP 	self_box: fillColor = '#3E45FA'
62.9200 	EXP 	other_box: fillColor = '#FFFCA6'
62.9200 	EXP 	question: autoDraw = False
62.9200 	EXP 	self_box: autoDraw = False
62.9200 	EXP 	self_label: autoDraw = False
62.9200 	EXP 	other_box: autoDraw = False
62.9200 	EXP 	other_label: autoDraw = False
62.9200 	EXP 	text: text = u'word2.1'
62.9206 	DATA 	Mouse: Left button up, pos=(380,297)
63.9217 	EXP 	text: autoDraw = True
66.3256 	EXP 	text: autoDraw = False
66.3256 	EXP 	question: autoDraw = True
66.3256 	EXP 	self_box: autoDraw = True
66.3256 	EXP 	self_label: autoDraw = True
66.3256 	EXP 	other_box: autoDraw = True
66.3256 	EXP 	other_label: autoDraw = True
66.3256 	EXP 	self_box: fillColor = '#3E45FA'
66.3256 	EXP 	other_box: fillColor = '#FFFCA6'
66.3422 	EXP 	self_box: fillColor = '#3E45FA'
66.3422 	EXP 	other_box: fillColor = '#FFFCA6'
66.3590 	EXP 	self_box: fillColor = '#3E45FA'
66.3590 	EXP 	other_box: fillColor = '#FFFCA6'
66.3757 	EXP 	self_box: fillColor = '#3E45FA'
66.3757 	EXP 	other_box: fillColor = '#FFFCA6'
66.3924 	EXP 	self_box: fillColor = '#3E45FA'
66.3924 	EXP 	other_box: fillColor = '#FFFCA6'
66.4091 	EXP 	self_box: fillColor = '#3E45FA'
66.4091 	EXP 	other_box: fillColor = '#FFFCA6'
66.4258 	EXP 	self_box: fillColor = '#3E45FA'
66.4258 	EXP 	other_box: fillColor = '#FFFCA6'
66.4424 	EXP 	self_box: fillColor = '#3E45FA'
66.4424 	EXP 	other_box: fillColor = '#FFFCA6'
66.4591 	EXP 	self_box: fillColor = '#3E45FA'
66.4591 	EXP 	other_box: fillColor = '#FFFCA6'
66.4758 	EXP 	self_box: fillColor = '#3E45FA'
66.4758 	EXP 	other_box: fillColor = '#FFFCA6'
66.4926 	EXP 	self_box: fillColor = '#3E45FA'
66.4926 	EXP 	other_box: fillColor = '#FFFCA6'
66.5092 	EXP 	self_box: fillColor = '#3E45FA'
66.5092 	EXP 	other_box: fillColor = '#FFFCA6'
66.5259 	EXP 	self_box: fillColor = '#3E45FA'
66.5259 	EXP 	other_box: fillColor = '#FFFCA6'
66.5426 	EXP 	self_box: fillColor = '#3E45FA'
66.5426 	EXP 	other_box: fillColor = '#FFFCA6'
66.5592 	EXP 	self_box: fillColor = '#3E45FA'
66.5592 	EXP 	other_box: fillColor = '#FFFCA6'
66.5760 	EXP 	self_box: fillColor = '#3E45FA'
66.5760 	EXP 	other_box: fillColor = '#FFFCA6'
66.5927 	EXP 	self_box: fillColor = '#3E45FA'
66.5927 	EXP 	other_box: fillColor = '#FFFCA6'
66.6094 	EXP 	self_box: fillColor = '#3E45FA'
66.6094 	EXP 	other_box: fillColor = '#FFFCA6'
66.6261 	EXP 	self_box: fillColor = '#3E45FA'
66.6261 	EXP 	other_box: fillColor = '#FFFCA6'
66.6428 	EXP 	self_box: fillColor = '#3E45FA'
66.6428 	EXP 	other_box: fillColor = '#FFFCA6'
66.6595 	EXP 	self_box: fillColor = '#3E45FA'
66.6595 	EXP 	other_box: fillColor = '#FFFCA6'
66.6762 	EXP 	self_box: fillColor = '#3E45FA'
66.6762 	EXP 	other_box: fillColor = '#FFFCA6'
66.6929 	EXP 	self_box: fillColor = '#3E45FA'
66.6929 	EXP 	other_box: fillColor = '#FFFCA6'
66.7094 	EXP 	self_box: fillColor = '#3E45FA'
66.7094 	EXP 	other_box: fillColor = '#FFFCA6'
66.7263 	EXP 	self_box: fillColor = '#3E45FA'
66.7263 	EXP 	other_box: fillColor = '#FFFCA6'
66.7429 	EXP 	self_box: fillColor = '#3E45FA'
66.7429 	EXP 	other_box: fillColor = '#FFFCA6'
66.7597 	EXP 	self_box: fillColor = '#3E45FA'
66.7597 	EXP 	other_box: fillColor = '#FFFCA6'
66.7763 	EXP 	self_box: fillColor = '#3E45FA'
66.7763 	EXP 	other_box: fillColor = '#FFFCA6'
66.7930 	EXP 	self_box: fillColor = '#3E45FA'
66.7930 	EXP 	other_box: fillColor = '#FFFCA6'
66.8097 	EXP 	self_box: fillColor = '#3E45FA'
66.8097 	EXP 	other_box: fillColor = '#FFFCA6'
66.8264 	EXP 	self_box: fillColor = '#3E45FA'
66.8264 	EXP 	other_box: fillColor = '#FFFCA6'
66.8430 	EXP 	self_box: fillColor = '#3E45FA'
66.8430 	EXP 	other_box: fillColor = '#FFFCA6'
66.8598 	EXP 	self_box: fillColor = '#3E45FA'
66.8598 	EXP 	other_box: fillColor = '#FFFCA6'
66.8765 	EXP 	self_box: fillColor = '#3E45FA'
66.8765 	EXP 	other_box: fillColor = '#FFFCA6'
66.8933 	EXP 	self_box: fillColor = '#3E45FA'
66.8933 	EXP 	other_box: fillColor = '#FFFCA6'
66.9099 	EXP 	self_box: fillColor = '#3E45FA'
66.9099 	EXP 	other_box: fillColor = '#FFFCA6'
66.9266 	EXP 	self_box: fillColor = '#3E45FA'
66.9266 	EXP 	other_box: fillColor = '#FFFCA6'
66.9433 	EXP 	self_box: fillColor = '#3E45FA'
66.9433 	EXP 	other_box: fillColor = '#FFFCA6'
66.9599 	EXP 	self_box: fillColor = '#3E45FA'
66.9599 	EXP 	other_box: fillColor = '#FFFCA6'
66.9766 	EXP 	self_box: fillColor = '#3E45FA'
66.9766 	EXP 	other_box: fillColor = '#FFFCA6'
66.9934 	EXP 	self_box: fillColor = '#3E45FA'
66.9934 	EXP 	other_box: fillColor = '#FFFCA6'
67.0100 	EXP 	self_box: fillColor = '#3E45FA'
67.0100 	EXP 	other_box: fillColor = '#FFFCA6'
67.0268 	EXP 	self_box: fillColor = '#3E45FA'
67.0268 	EXP 	other_box: fillColor = '#FFFCA6'
67.0435 	EXP 	self_box: fillColor = '#3E45FA'
67.0435 	EXP 	other_box: fillColor = '#FFFCA6'
67.0602 	EXP 	self_box: fillColor = '#3E45FA'
67.0602 	EXP 	other_box: fillColor = '#FFFCA6'
67.0769 	EXP 	self_box: fillColor = '#3E45FA'
67.0769 	EXP 	other_box: fillColor = '#FFFCA6'
67.0935 	EXP 	self_box: fillColor = '#3E45FA'
67.0935 	EXP 	other_box: fillColor = '#FFFCA6'
67.1102 	EXP 	self_box: fillColor = '#3E45FA'
67.1102 	EXP 	other_box: fillColor = '#FFFCA6'
67.1268 	EXP 	self_box: fillColor = '#3E45FA'
67.1268 	EXP 	other_box: fillColor = '#FFFCA6'
67.1435 	EXP 	self_box: fillColor = '#3E45FA'
67.1435 	EXP 	other_box: fillColor = '#FFFCA6'
67.1602 	EXP 	self_box: fillColor = '#3E45FA'
67.1602 	EXP 	other_box: fillColor = '#FFFCA6'
67.1769 	EXP 	self_box: fillColor = '#3E45FA'
67.1769 	EXP 	other_box: fillColor = '#FFFCA6'
67.1936 	EXP 	self_box: fillColor = '#3E45FA'
67.1936 	EXP 	other_box: fillColor = '#FFFCA6'
67.2103 	EXP 	self_box: fillColor = '#3E45FA'
67.2103 	EXP 	other_box: fillColor = '#FFFCA6'
67.2270 	EXP 	self_box: fillColor = '#3E45FA'
67.2270 	EXP 	other_box: fillColor = '#FFFCA6'
67.2437 	EXP 	self_box: fillColor = '#3E45FA'
67.2437 	EXP 	other_box: fillColor = '#FFFCA6'
67.2604 	EXP 	self_box: fillColor = '#3E45FA'
67.2604 	EXP 	other_box: fillColor = '#FFFCA6'
67.2770 	EXP 	self_box: fillColor = '#3E45FA'
67.2770 	EXP 	other_box: fillColor = '#FFFCA6'
67.2938 	EXP 	self_box: fillColor = '#3E45FA'
67.2938 	EXP 	other_box: fillColor = '#FFFCA6'
67.3105 	EXP 	self_box: fillColor = '#3E45FA'
67.3105 	EXP 	other_box: fillColor = '#FFFCA6'
67.3272 	EXP 	self_box: fillColor = '#3E45FA'
67.3272 	EXP 	other_box: fillColor = '#FFFCA6'
67.3438 	EXP 	self_box: fillColor = '#3E45FA'
67.3438 	EXP 	other_box: fillColor = '#FFFCA6'
67.3604 	EXP 	self_box: fillColor = '#3E45FA'
67.3604 	EXP 	other_box: fillColor = '#FFFCA6'
67.3773 	EXP 	self_box: fillColor = '#3E45FA'
67.3773 	EXP 	other_box: fillColor = '#FFFCA6'
67.3940 	EXP 	self_box: fillColor = '#3E45FA'
67.3940 	EXP 	other_box: fillColor = '#FFFCA6'
67.4107 	EXP 	self_box: fillColor = '#3E45FA'
67.4107 	EXP 	other_box: fillColor = '#FFFCA6'
67.4273 	EXP 	self_box: fillColor = '#3E45FA'
67.4273 	EXP 	other_box: fillColor = '#FFFCA6'
67.4441 	EXP 	self_box: fillColor = '#3E45FA'
67.4441 	EXP 	other_box: fillColor = '#FFFCA6'
67.4607 	EXP 	self_box: fillColor = '#3E45FA'
67.4607 	EXP 	other_box: fillColor = '#FFFCA6'
67.4774 	EXP 	self_box: fillColor = '#3E45FA'
67.4774 	EXP 	other_box: fillColor = '#FFFCA6'
67.4941 	EXP 	self_box: fillColor = '#3E45FA'
67.4941 	EXP 	other_box: fillColor = '#FFFCA6'
67.5108 	EXP 	self_box: fillColor = '#3E45FA'
67.5108 	EXP 	other_box: fillColor = '#FFFCA6'
67.5275 	EXP 	self_box: fillColor = '#3E45FA'
67.5275 	EXP 	other_box: fillColor = '#FFFCA6'
67.5441 	EXP 	self_box: fillColor = '#3E45FA'
67.5441 	EXP 	other_box: fillColor = '#FFFCA6'
67.5609 	EXP 	self_box: fillColor = '#3E45FA'
67.5609 	EXP 	other_box: fillColor = '#FFFCA6'
67.5776 	EXP 	self_box: fillColor = '#3E45FA'
67.5776 	EXP 	other_box: fillColor = '#FFFCA6'
67.5943 	EXP 	self_box: fillColor = '#3E45FA'
67.5943 	EXP 	other_box: fillColor = '#FFFCA6'
67.6110 	EXP 	self_box: fillColor = '#3E45FA'
67.6110 	EXP 	other_box: fillColor = '#FFFCA6'
67.6275 	EXP 	self_box: fillColor = '#3E45FA'
67.6275 	EXP 	other_box: fillColor = '#FFFCA6'
67.6444 	EXP 	self_box: fillColor = '#3E45FA'
67.6444 	EXP 	other_box: fillColor = '#FFFCA6'
67.6611 	EXP 	self_box: fillColor = '#3E45FA'
67.6611 	EXP 	other_box: fillColor = '#FFFCA6'
67.6778 	EXP 	self_box: fillColor = '#3E45FA'
67.6778 	EXP 	other_box: fillColor = '#FFFCA6'
67.6944 	EXP 	self_box: fillColor = '#3E45FA'
67.6944 	EXP 	other_box: fillColor = '#FFFCA6'
67.7112 	EXP 	self_box: fillColor = '#3E45FA'
67.7112 	EXP 	other_box: fillColor = '#FFFCA6'
67.7279 	EXP 	self_box: fillColor = '#3E45FA'
67.7279 	EXP 	other_box: fillColor = '#FFFCA6'
67.7446 	EXP 	self_box: fillColor = '#3E45FA'
67.7446 	EXP 	other_box: fillColor = '#FFFCA6'
67.7612 	EXP 	self_box: fillColor = '#3E45FA'
67.7612 	EXP 	other_box: fillColor = '#FFFCA6'
67.7778 	EXP 	self_box: fillColor = '#3E45FA'
67.7778 	EXP 	other_box: fillColor = '#FFFCA6'
67.7947 	EXP 	self_box: fillColor = '#3E45FA'
67.7947 	EXP 	other_box: fillColor = '#FFFCA6'
67.8113 	EXP 	self_box: fillColor = '#3E45FA'
67.8113 	EXP 	other_box: fillColor = '#FFFCA6'
67.8280 	EXP 	self_box: fillColor = '#3E45FA'
67.8280 	EXP 	other_box: fillColor = '#FFFCA6'
67.8447 	EXP 	self_box: fillColor = '#3E45FA'
67.8447 	EXP 	other_box: fillColor = '#FFFCA6'
67.8613 	EXP 	self_box: fillColor = '#3E45FA'
67.8613 	EXP 	other_box: fillColor = '#FFFCA6'
67.8782 	EXP 	self_box: fillColor = '#3E45FA'
67.8782 	EXP 	other_box: fillColor = '#FFFCA6'
67.8947 	EXP 	self_box: fillColor = '#3E45FA'
67.8947 	EXP 	other_box: fillColor = '#FFFCA6'
67.9115 	EXP 	self_box: fillColor = '#3E45FA'
67.9115 	EXP 	other_box: fillColor = '#FFFCA6'
67.9282 	EXP 	self_box: fillColor = '#3E45FA'
67.9282 	EXP 	other_box: fillColor = '#FFFCA6'
67.9450 	EXP 	self_box: fillColor = '#3E45FA'
67.9450 	EXP 	other_box: fillColor = '#FFFCA6'
67.9618 	EXP 	self_box: fillColor = '#3E45FA'
67.9618 	EXP 	other_box: fillColor = '#FFFCA6'
67.9783 	EXP 	self_box: fillColor = '#3E45FA'
67.9783 	EXP 	other_box: fillColor = '#FFFCA6'
67.9950 	EXP 	self_box: fillColor = '#3E45FA'
67.9950 	EXP 	other_box: fillColor = '#FFFCA6'
68.0116 	EXP 	self_box: fillColor = '#3E45FA'
68.0116 	EXP 	other_box: fillColor = '#FFFCA6'
68.0284 	EXP 	self_box: fillColor = '#3E45FA'
68.0284 	EXP 	other_box: fillColor = '#FFFCA6'
68.0450 	EXP 	self_box: fillColor = '#3E45FA'
68.0450 	EXP 	other_box: fillColor = '#FFFCA6'
68.0618 	EXP 	self_box: fillColor = '#3E45FA'
68.0618 	EXP 	other_box: fillColor = '#FFFCA6'
68.0783 	EXP 	self_box: fillColor = '#3E45FA'
68.0783 	EXP 	other_box: fillColor = '#FFFCA6'
68.0951 	EXP 	self_box: fillColor = '#3E45FA'
68.0951 	EXP 	other_box: fillColor = '#FFFCA6'
68.1116 	EXP 	self_box: fillColor = '#3E45FA'
68.1116 	EXP 	other_box: fillColor = '#FFFCA6'
68.1284 	EXP 	self_box: fillColor = '#3E45FA'
68.1284 	EXP 	other_box: fillColor = '#FFFCA6'
68.1450 	EXP 	self_box: fillColor = '#3E45FA'
68.1450 	EXP 	other_box: fillColor = '#FFFCA6'
68.1618 	EXP 	self_box: fillColor = '#3E45FA'
68.1618 	EXP 	other_box: fillColor = '#FFFCA6'
68.1785 	EXP 	self_box: fillColor = '#3E45FA'
68.1785 	EXP 	other_box: fillColor = '#FFFCA6'
68.1952 	EXP 	self_box: fillColor = '#3E45FA'
68.1952 	EXP 	other_box: fillColor = '#FFFCA6'
68.2119 	EXP 	self_box: fillColor = '#3E45FA'
68.2119 	EXP 	other_box: fillColor = '#FFFCA6'
68.2286 	EXP 	self_box: fillColor = '#3E45FA'
68.2286 	EXP 	other_box: fillColor = '#FFFCA6'
68.2453 	EXP 	self_box: fillColor = '#3E45FA'
68.2453 	EXP 	other_box: fillColor = '#FFFCA6'
68.2620 	EXP 	self_box: fillColor = '#3E45FA'
68.2620 	EXP 	other_box: fillColor = '#FFFCA6'
68.2787 	EXP 	self_box: fillColor = '#3E45FA'
68.2787 	EXP 	other_box: fillColor = '#FFFCA6'
68.2954 	EXP 	self_box: fillColor = '#3E45FA'
68.2954 	EXP 	other_box: fillColor = '#FFFCA6'
68.3120 	EXP 	self_box: fillColor = '#3E45FA'
68.3120 	EXP 	other_box: fillColor = '#FFFCA6'
68.3288 	EXP 	self_box: fillColor = '#3E45FA'
68.3288 	EXP 	other_box: fillColor = '#FFFCA6'
68.3454 	EXP 	self_box: fillColor = '#3E45FA'
68.3454 	EXP 	other_box: fillColor = '#FFFCA6'
68.3622 	EXP 	self_box: fillColor = '#3E45FA'
68.3622 	EXP 	other_box: fillColor = '#FFFCA6'
68.3788 	EXP 	self_box: fillColor = '#3E45FA'
68.3788 	EXP 	other_box: fillColor = '#FFFCA6'
68.3955 	EXP 	self_box: fillColor = '#3E45FA'
68.3955 	EXP 	other_box: fillColor = '#FFFCA6'
68.4123 	EXP 	self_box: fillColor = '#3E45FA'
68.4123 	EXP 	other_box: fillColor = '#FFFCA6'
68.4289 	EXP 	self_box: fillColor = '#3E45FA'
68.4289 	EXP 	other_box: fillColor = '#FFFCA6'
68.4457 	EXP 	self_box: fillColor = '#3E45FA'
68.4457 	EXP 	other_box: fillColor = '#FFFCA6'
68.4623 	EXP 	self_box: fillColor = '#3E45FA'
68.4623 	EXP 	other_box: fillColor = '#FFFCA6'
68.4790 	EXP 	self_box: fillColor = '#3E45FA'
68.4790 	EXP 	other_box: fillColor = '#FFFCA6'
68.4956 	EXP 	self_box: fillColor = '#3E45FA'
68.4956 	EXP 	other_box: fillColor = '#FFFCA6'
68.5124 	EXP 	self_box: fillColor = '#3E45FA'
68.5124 	EXP 	other_box: fillColor = '#FFFCA6'
68.5291 	EXP 	self_box: fillColor = '#3E45FA'
68.5291 	EXP 	other_box: fillColor = '#FFFCA6'
68.5458 	EXP 	self_box: fillColor = '#3E45FA'
68.5458 	EXP 	other_box: fillColor = '#FFFCA6'
68.5626 	EXP 	self_box: fillColor = '#3E45FA'
68.5626 	EXP 	other_box: fillColor = '#FFFCA6'
68.5791 	EXP 	self_box: fillColor = '#3E45FA'
68.5791 	EXP 	other_box: fillColor = '#FFFCA6'
68.5959 	EXP 	self_box: fillColor = '#3E45FA'
68.5959 	EXP 	other_box: fillColor = '#FFFCA6'
68.6126 	EXP 	self_box: fillColor = '#3E45FA'
68.6126 	EXP 	other_box: fillColor = '#FFFCA6'
68.6293 	EXP 	self_box: fillColor = '#3E45FA'
68.6293 	EXP 	other_box: fillColor = '#FFFCA6'
68.6460 	EXP 	self_box: fillColor = '#3E45FA'
68.6460 	EXP 	other_box: fillColor = '#FFFCA6'
68.6627 	EXP 	self_box: fillColor = '#3E45FA'
68.6627 	EXP 	other_box: fillColor = '#FFFCA6'
68.6794 	EXP 	self_box: fillColor = '#3E45FA'
68.6794 	EXP 	other_box: fillColor = '#FFFCA6'
68.6961 	EXP 	self_box: fillColor = '#3E45FA'
68.6961 	EXP 	other_box: fillColor = '#FFFCA6'
68.7128 	EXP 	self_box: fillColor = '#3E45FA'
68.7128 	EXP 	other_box: fillColor = '#FFFCA6'
68.7294 	EXP 	self_box: fillColor = '#3E45FA'
68.7294 	EXP 	other_box: fillColor = '#FFFCA6'
68.7462 	EXP 	self_box: fillColor = '#3E45FA'
68.7462 	EXP 	other_box: fillColor = '#FFFCA6'
68.7628 	EXP 	self_box: fillColor = '#3E45FA'
68.7628 	EXP 	other_box: fillColor = '#FFFCA6'
68.7794 	EXP 	self_box: fillColor = '#3E45FA'
68.7794 	EXP 	other_box: fillColor = '#FFFCA6'
68.7962 	EXP 	self_box: fillColor = '#3E45FA'
68.7962 	EXP 	other_box: fillColor = '#FFFCA6'
68.8128 	EXP 	self_box: fillColor = '#3E45FA'
68.8128 	EXP 	other_box: fillColor = '#FFFCA6'
68.8296 	EXP 	self_box: fillColor = '#3E45FA'
68.8296 	EXP 	other_box: fillColor = '#FFFCA6'
68.8462 	EXP 	self_box: fillColor = '#3E45FA'
68.8462 	EXP 	other_box: fillColor = '#FFFCA6'
68.8629 	EXP 	self_box: fillColor = '#3E45FA'
68.8629 	EXP 	other_box: fillColor = '#FFFCA6'
68.8797 	EXP 	self_box: fillColor = '#3E45FA'
68.8797 	EXP 	other_box: fillColor = '#FFFCA6'
68.8964 	EXP 	self_box: fillColor = '#3E45FA'
68.8964 	EXP 	other_box: fillColor = '#FFFCA6'
68.9131 	EXP 	self_box: fillColor = '#3E45FA'
68.9131 	EXP 	other_box: fillColor = '#FFFCA6'
68.9298 	EXP 	self_box: fillColor = '#3E45FA'
68.9298 	EXP 	other_box: fillColor = '#FFFCA6'
68.9465 	EXP 	self_box: fillColor = '#3E45FA'
68.9465 	EXP 	other_box: fillColor = '#FFFCA6'
68.9632 	EXP 	self_box: fillColor = '#3E45FA'
68.9632 	EXP 	other_box: fillColor = '#FFFCA6'
68.9799 	EXP 	self_box: fillColor = '#3E45FA'
68.9799 	EXP 	other_box: fillColor = '#FFFCA6'
68.9965 	EXP 	self_box: fillColor = '#3E45FA'
68.9965 	EXP 	other_box: fillColor = '#FFFCA6'
69.0133 	EXP 	self_box: fillColor = '#3E45FA'
69.0133 	EXP 	other_box: fillColor = '#FFFCA6'
69.0299 	EXP 	self_box: fillColor = '#3E45FA'
69.0299 	EXP 	other_box: fillColor = '#FFFCA6'
69.0467 	EXP 	self_box: fillColor = '#3E45FA'
69.0467 	EXP 	other_box: fillColor = '#FFFCA6'
69.0633 	EXP 	self_box: fillColor = '#3E45FA'
69.0633 	EXP 	other_box: fillColor = '#FFFCA6'
69.0799 	EXP 	self_box: fillColor = '#3E45FA'
69.0799 	EXP 	other_box: fillColor = '#FFFCA6'
69.0967 	EXP 	self_box: fillColor = '#3E45FA'
69.0967 	EXP 	other_box: fillColor = '#FFFCA6'
69.1132 	EXP 	self_box: fillColor = '#3E45FA'
69.1132 	EXP 	other_box: fillColor = '#FFFCA6'
69.1300 	EXP 	self_box: fillColor = '#3E45FA'
69.1300 	EXP 	other_box: fillColor = '#FFFCA6'
69.1466 	EXP 	self_box: fillColor = '#3E45FA'
69.1466 	EXP 	other_box: fillColor = '#FFFCA6'
69.1634 	EXP 	self_box: fillColor = '#3E45FA'
69.1634 	EXP 	other_box: fillColor = '#FFFCA6'
69.1800 	EXP 	self_box: fillColor = '#3E45FA'
69.1800 	EXP 	other_box: fillColor = '#FFFCA6'
69.1967 	EXP 	self_box: fillColor = '#3E45FA'
69.1967 	EXP 	other_box: fillColor = '#FFFCA6'
69.2134 	EXP 	self_box: fillColor = '#3E45FA'
69.2134 	EXP 	other_box: fillColor = '#FFFCA6'
69.2301 	EXP 	self_box: fillColor = '#3E45FA'
69.2301 	EXP 	other_box: fillColor = '#FFFCA6'
69.2469 	EXP 	self_box: fillColor = '#3E45FA'
69.2469 	EXP 	other_box: fillColor = '#FFFCA6'
69.2636 	EXP 	self_box: fillColor = '#3E45FA'
69.2636 	EXP 	other_box: fillColor = '#FFFCA6'
69.2803 	EXP 	self_box: fillColor = '#3E45FA'
69.2803 	EXP 	other_box: fillColor = '#FFFCA6'
69.2968 	EXP 	self_box: fillColor = '#3E45FA'
69.2968 	EXP 	other_box: fillColor = '#FFFCA6'
69.2973 	DATA 	Mouse: Left button down, pos=(380,297)
69.3136 	EXP 	self_box: fillColor = '#3E45FA'
69.3136 	EXP 	other_box: fillColor = '#FFFCA6'
69.3136 	EXP 	question: autoDraw = False
69.3136 	EXP 	self_box: autoDraw = False
69.3136 	EXP 	self_label: autoDraw = False
69.3136 	EXP 	other_box: autoDraw = False
69.3136 	EXP 	other_label: autoDraw = False
69.3136 	EXP 	text_3: autoDraw = True
69.3331 	DATA 	Mouse: Left button up, pos=(380,297)
74.3884 	EXP 	text_3: autoDraw = False
74.3884 	EXP 	text_3: autoDraw = False
74.3884 	EXP 	results_text: text = '\n\runmodified: 100.00% self, 0.00% other\n\rslow_small: 100.00% self, 0.00% other\n\rslow_medium: 100.00% self, 0.00% other\n\rslow_large: 100.00% self, 0.00% other\n\rpitch_higher_small: 100.00% self, 0.00% other\n\rpitch_higher_large: 100.00% self, 0.00% other\n\rpitch_lower_small: 100.00% self, 0.00% other\n\rpitch_lower_large: 100.00% self, 0.00% other\n\r'
74.3884 	EXP 	results_text: autoDraw = True
81.8338 	DATA 	Mouse: Left button down, pos=(219,283)
81.9009 	DATA 	Mouse: Left button up, pos=(219,283)
82.1844 	DATA 	Keypress: escape
