0.3411 	WARNING 	Movie2 stim could not be imported and won't be available
3.2661 	EXP 	Created window1 = Window(allowGUI=False, allowStencil=False, autoLog=True, bitsMode=UNKNOWN, blendMode='avg', color=array([-1., -1., -1.]), colorSpace='rgb', fullscr=UNKNOWN, gamma=None, lms=UNKNOWN, monitor=<psychopy.monitors.calibTools.Monitor instance at 0xd0e29b8>, name='window1', pos=[0, 0], screen=0, size=array([1440,  900]), stereo=False, units=u'norm', useFBO=True, viewOri=0.0, viewPos=None, viewScale=None, waitBlanking=True, winType='pyglet')
3.2662 	EXP 	window1: recordFrameIntervals = False
3.4318 	EXP 	window1: recordFrameIntervals = True
3.6157 	EXP 	window1: recordFrameIntervals = False
3.7050 	EXP 	Created text_4 = TextStim(alignHoriz='center', alignVert='center', antialias=True, autoLog=True, bold=False, color=u'white', colorSpace='named', contrast=1.0, depth=0.0, flipHoriz=False, flipVert=False, font=u'Arial', fontFiles=[], height=0.1, italic=False, name='text_4', opacity=1.0, ori=0, pos=array([ 0.,  0.]), rgb=array([ 255.,  255.,  255.]), text=u'Instructions will go here.', units=u'norm', win=Window(...), wrapWidth=1)
4.7318 	EXP 	Created text = TextStim(alignHoriz='center', alignVert='center', antialias=True, autoLog=True, bold=False, color=u'white', colorSpace='named', contrast=1.0, depth=-1.0, flipHoriz=False, flipVert=False, font=u'Arial', fontFiles=[], height=0.1, italic=False, name='text', opacity=1.0, ori=0, pos=array([ 0.,  0.]), rgb=array([ 255.,  255.,  255.]), text=u'default text', units=u'norm', win=Window(...), wrapWidth=1)
4.7441 	EXP 	Created question = TextStim(alignHoriz='center', alignVert='center', antialias=True, autoLog=True, bold=False, color=u'white', colorSpace='named', contrast=1.0, depth=0.0, flipHoriz=False, flipVert=False, font=u'Arial', fontFiles=[], height=0.1, italic=False, name='question', opacity=1.0, ori=0, pos=array([ 0. ,  0.5]), rgb=array([ 255.,  255.,  255.]), text=u'Whose voice did you hear?', units=u'norm', win=Window(...), wrapWidth=2)
4.7448 	EXP 	<method-wrapper '__getattribute__' of attributeSetter object at 0x5f0f90>: vertices = array([[-0.25,  0.25],
       [ 0.25,  0.25],
       [ 0.25, -0.25],
       [-0.25, -0.25]])
4.7473 	EXP 	Created self_box = Rect(autoDraw=False, autoLog=True, closeShape=True, contrast=1.0, depth=0, fillColor='#A6A9FF', fillColorSpace='hex', fillRGB=array([166, 169, 255]), interpolate=True, lineColor='#3E45FA', lineColorSpace='hex', lineRGB=array([ 62,  69, 250]), lineWidth=5, name='self_box', opacity=1.0, ori=array(0.0), pos=array([-0.5, -0.5]), size=array([ 1.,  1.]), units=u'norm', vertices=ndarray(...), win=Window(...))
4.7529 	EXP 	Created self_label = TextStim(alignHoriz='center', alignVert='center', antialias=True, autoLog=True, bold=False, color=u'black', colorSpace='named', contrast=1.0, depth=-2.0, flipHoriz=False, flipVert=False, font=u'Arial', fontFiles=[], height=0.1, italic=False, name='self_label', opacity=1.0, ori=0, pos=array([-0.5, -0.5]), rgb=array([ 0.,  0.,  0.]), text=u'Mine', units=u'norm', win=Window(...), wrapWidth=1)
4.7536 	EXP 	<method-wrapper '__getattribute__' of attributeSetter object at 0x5f0f90>: vertices = array([[-0.25,  0.25],
       [ 0.25,  0.25],
       [ 0.25, -0.25],
       [-0.25, -0.25]])
4.7562 	EXP 	Created other_box = Rect(autoDraw=False, autoLog=True, closeShape=True, contrast=1.0, depth=0, fillColor='#FFFCA6', fillColorSpace='hex', fillRGB=array([255, 252, 166]), interpolate=True, lineColor='#FAF33E', lineColorSpace='hex', lineRGB=array([250, 243,  62]), lineWidth=5, name='other_box', opacity=1.0, ori=array(0.0), pos=array([ 0.5, -0.5]), size=array([ 1.,  1.]), units=u'norm', vertices=ndarray(...), win=Window(...))
4.7624 	EXP 	Created other_label = TextStim(alignHoriz='center', alignVert='center', antialias=True, autoLog=True, bold=False, color=u'black', colorSpace='named', contrast=1.0, depth=-4.0, flipHoriz=False, flipVert=False, font=u'Arial', fontFiles=[], height=0.1, italic=False, name='other_label', opacity=1.0, ori=0, pos=array([ 0.5, -0.5]), rgb=array([ 0.,  0.,  0.]), text=u'Other', units=u'norm', win=Window(...), wrapWidth=1)
4.7764 	EXP 	Created text_3 = TextStim(alignHoriz='center', alignVert='center', antialias=True, autoLog=True, bold=False, color=u'white', colorSpace='named', contrast=1.0, depth=0.0, flipHoriz=False, flipVert=False, font=u'Arial', fontFiles=[], height=0.1, italic=False, name='text_3', opacity=1.0, ori=0, pos=array([ 0.,  0.]), rgb=array([ 255.,  255.,  255.]), text=u'Thank you for participating!', units=u'norm', win=Window(...), wrapWidth=1)
4.7839 	EXP 	text_4: autoDraw = True
9.7767 	EXP 	Imported /Volumes/Macintosh HD/Users/poppe076/Desktop/source_monitoring_task/data/ok_source_monitoring_2015_Feb_05_1228_wordlist.csv as conditions, 9 conditions, 5 params
9.7772 	EXP 	Created sequence: sequential, trialTypes=9, nReps=1, seed=None
9.7779 	EXP 	New trial (rep=0, index=0): {'word': u'word4.1', 'amount': u'0.7', 'list': u'list4', 'trialtype': u'speed', 'trialtype_extended': u'slow_large'}
9.7919 	EXP 	text_4: autoDraw = False
9.7919 	EXP 	text_4: autoDraw = False
9.7919 	EXP 	text: text = u'word4.1'
10.8104 	EXP 	text: autoDraw = True
13.8817 	EXP 	text: autoDraw = False
13.8817 	EXP 	question: autoDraw = True
13.8817 	EXP 	self_box: autoDraw = True
13.8817 	EXP 	self_label: autoDraw = True
13.8817 	EXP 	other_box: autoDraw = True
13.8817 	EXP 	other_label: autoDraw = True
13.8817 	EXP 	self_box: fillColor = '#A6A9FF'
13.8817 	EXP 	other_box: fillColor = '#FFFCA6'
13.8984 	EXP 	self_box: fillColor = '#A6A9FF'
13.8984 	EXP 	other_box: fillColor = '#FFFCA6'
13.9151 	EXP 	self_box: fillColor = '#A6A9FF'
13.9151 	EXP 	other_box: fillColor = '#FFFCA6'
13.9319 	EXP 	self_box: fillColor = '#A6A9FF'
13.9319 	EXP 	other_box: fillColor = '#FFFCA6'
13.9487 	EXP 	self_box: fillColor = '#A6A9FF'
13.9487 	EXP 	other_box: fillColor = '#FFFCA6'
13.9652 	EXP 	self_box: fillColor = '#A6A9FF'
13.9652 	EXP 	other_box: fillColor = '#FFFCA6'
13.9821 	EXP 	self_box: fillColor = '#A6A9FF'
13.9821 	EXP 	other_box: fillColor = '#FFFCA6'
13.9986 	EXP 	self_box: fillColor = '#A6A9FF'
13.9986 	EXP 	other_box: fillColor = '#FFFCA6'
14.0153 	EXP 	self_box: fillColor = '#A6A9FF'
14.0153 	EXP 	other_box: fillColor = '#FFFCA6'
14.0320 	EXP 	self_box: fillColor = '#A6A9FF'
14.0320 	EXP 	other_box: fillColor = '#FFFCA6'
14.0487 	EXP 	self_box: fillColor = '#A6A9FF'
14.0487 	EXP 	other_box: fillColor = '#FFFCA6'
14.0654 	EXP 	self_box: fillColor = '#A6A9FF'
14.0654 	EXP 	other_box: fillColor = '#FFFCA6'
14.0821 	EXP 	self_box: fillColor = '#A6A9FF'
14.0821 	EXP 	other_box: fillColor = '#FFFCA6'
14.0989 	EXP 	self_box: fillColor = '#A6A9FF'
14.0989 	EXP 	other_box: fillColor = '#FFFCA6'
14.1155 	EXP 	self_box: fillColor = '#A6A9FF'
14.1155 	EXP 	other_box: fillColor = '#FFFCA6'
14.1322 	EXP 	self_box: fillColor = '#A6A9FF'
14.1322 	EXP 	other_box: fillColor = '#FFFCA6'
14.1491 	EXP 	self_box: fillColor = '#A6A9FF'
14.1491 	EXP 	other_box: fillColor = '#FFFCA6'
14.1656 	EXP 	self_box: fillColor = '#A6A9FF'
14.1656 	EXP 	other_box: fillColor = '#FFFCA6'
14.1822 	EXP 	self_box: fillColor = '#A6A9FF'
14.1822 	EXP 	other_box: fillColor = '#FFFCA6'
14.1988 	EXP 	self_box: fillColor = '#A6A9FF'
14.1988 	EXP 	other_box: fillColor = '#FFFCA6'
14.2155 	EXP 	self_box: fillColor = '#A6A9FF'
14.2155 	EXP 	other_box: fillColor = '#FFFCA6'
14.2322 	EXP 	self_box: fillColor = '#A6A9FF'
14.2322 	EXP 	other_box: fillColor = '#FFFCA6'
14.2490 	EXP 	self_box: fillColor = '#A6A9FF'
14.2490 	EXP 	other_box: fillColor = '#FFFCA6'
14.2657 	EXP 	self_box: fillColor = '#A6A9FF'
14.2657 	EXP 	other_box: fillColor = '#FFFCA6'
14.2825 	EXP 	self_box: fillColor = '#A6A9FF'
14.2825 	EXP 	other_box: fillColor = '#FFFCA6'
14.2991 	EXP 	self_box: fillColor = '#A6A9FF'
14.2991 	EXP 	other_box: fillColor = '#FFFCA6'
14.3157 	EXP 	self_box: fillColor = '#A6A9FF'
14.3157 	EXP 	other_box: fillColor = '#FFFCA6'
14.3324 	EXP 	self_box: fillColor = '#A6A9FF'
14.3324 	EXP 	other_box: fillColor = '#FFFCA6'
14.3491 	EXP 	self_box: fillColor = '#A6A9FF'
14.3491 	EXP 	other_box: fillColor = '#FFFCA6'
14.3659 	EXP 	self_box: fillColor = '#A6A9FF'
14.3659 	EXP 	other_box: fillColor = '#FFFCA6'
14.3825 	EXP 	self_box: fillColor = '#A6A9FF'
14.3825 	EXP 	other_box: fillColor = '#FFFCA6'
14.3992 	EXP 	self_box: fillColor = '#A6A9FF'
14.3992 	EXP 	other_box: fillColor = '#FFFCA6'
14.4159 	EXP 	self_box: fillColor = '#A6A9FF'
14.4159 	EXP 	other_box: fillColor = '#FFFCA6'
14.4326 	EXP 	self_box: fillColor = '#A6A9FF'
14.4326 	EXP 	other_box: fillColor = '#FFFCA6'
14.4493 	EXP 	self_box: fillColor = '#A6A9FF'
14.4493 	EXP 	other_box: fillColor = '#FFFCA6'
14.4660 	EXP 	self_box: fillColor = '#A6A9FF'
14.4660 	EXP 	other_box: fillColor = '#FFFCA6'
14.4827 	EXP 	self_box: fillColor = '#A6A9FF'
14.4827 	EXP 	other_box: fillColor = '#FFFCA6'
14.4994 	EXP 	self_box: fillColor = '#A6A9FF'
14.4994 	EXP 	other_box: fillColor = '#FFFCA6'
14.5161 	EXP 	self_box: fillColor = '#A6A9FF'
14.5161 	EXP 	other_box: fillColor = '#FFFCA6'
14.5329 	EXP 	self_box: fillColor = '#A6A9FF'
14.5329 	EXP 	other_box: fillColor = '#FFFCA6'
14.5496 	EXP 	self_box: fillColor = '#A6A9FF'
14.5496 	EXP 	other_box: fillColor = '#FFFCA6'
14.5662 	EXP 	self_box: fillColor = '#A6A9FF'
14.5662 	EXP 	other_box: fillColor = '#FFFCA6'
14.5828 	EXP 	self_box: fillColor = '#A6A9FF'
14.5828 	EXP 	other_box: fillColor = '#FFFCA6'
14.5996 	EXP 	self_box: fillColor = '#A6A9FF'
14.5996 	EXP 	other_box: fillColor = '#FFFCA6'
14.6162 	EXP 	self_box: fillColor = '#A6A9FF'
14.6162 	EXP 	other_box: fillColor = '#FFFCA6'
14.6330 	EXP 	self_box: fillColor = '#A6A9FF'
14.6330 	EXP 	other_box: fillColor = '#FFFCA6'
14.6497 	EXP 	self_box: fillColor = '#A6A9FF'
14.6497 	EXP 	other_box: fillColor = '#FFFCA6'
14.6664 	EXP 	self_box: fillColor = '#A6A9FF'
14.6664 	EXP 	other_box: fillColor = '#FFFCA6'
14.6830 	EXP 	self_box: fillColor = '#A6A9FF'
14.6830 	EXP 	other_box: fillColor = '#FFFCA6'
14.6997 	EXP 	self_box: fillColor = '#A6A9FF'
14.6997 	EXP 	other_box: fillColor = '#FFFCA6'
14.7164 	EXP 	self_box: fillColor = '#A6A9FF'
14.7164 	EXP 	other_box: fillColor = '#FFFCA6'
14.7331 	EXP 	self_box: fillColor = '#A6A9FF'
14.7331 	EXP 	other_box: fillColor = '#FFFCA6'
14.7498 	EXP 	self_box: fillColor = '#A6A9FF'
14.7498 	EXP 	other_box: fillColor = '#FFFCA6'
14.7665 	EXP 	self_box: fillColor = '#A6A9FF'
14.7665 	EXP 	other_box: fillColor = '#FFFCA6'
14.7832 	EXP 	self_box: fillColor = '#A6A9FF'
14.7832 	EXP 	other_box: fillColor = '#FFFCA6'
14.7999 	EXP 	self_box: fillColor = '#A6A9FF'
14.7999 	EXP 	other_box: fillColor = '#FFFCA6'
14.8165 	EXP 	self_box: fillColor = '#A6A9FF'
14.8165 	EXP 	other_box: fillColor = '#FFFCA6'
14.8332 	EXP 	self_box: fillColor = '#A6A9FF'
14.8332 	EXP 	other_box: fillColor = '#FFFCA6'
14.8500 	EXP 	self_box: fillColor = '#A6A9FF'
14.8500 	EXP 	other_box: fillColor = '#FFFCA6'
14.8666 	EXP 	self_box: fillColor = '#A6A9FF'
14.8666 	EXP 	other_box: fillColor = '#FFFCA6'
14.8834 	EXP 	self_box: fillColor = '#A6A9FF'
14.8834 	EXP 	other_box: fillColor = '#FFFCA6'
14.9003 	EXP 	self_box: fillColor = '#A6A9FF'
14.9003 	EXP 	other_box: fillColor = '#FFFCA6'
14.9168 	EXP 	self_box: fillColor = '#A6A9FF'
14.9168 	EXP 	other_box: fillColor = '#FFFCA6'
14.9336 	EXP 	self_box: fillColor = '#A6A9FF'
14.9336 	EXP 	other_box: fillColor = '#FFFCA6'
14.9501 	EXP 	self_box: fillColor = '#A6A9FF'
14.9501 	EXP 	other_box: fillColor = '#FFFCA6'
14.9669 	EXP 	self_box: fillColor = '#A6A9FF'
14.9669 	EXP 	other_box: fillColor = '#FFFCA6'
14.9836 	EXP 	self_box: fillColor = '#A6A9FF'
14.9836 	EXP 	other_box: fillColor = '#FFFCA6'
15.0003 	EXP 	self_box: fillColor = '#A6A9FF'
15.0003 	EXP 	other_box: fillColor = '#FFFCA6'
15.0169 	EXP 	self_box: fillColor = '#A6A9FF'
15.0169 	EXP 	other_box: fillColor = '#FFFCA6'
15.0336 	EXP 	self_box: fillColor = '#A6A9FF'
15.0336 	EXP 	other_box: fillColor = '#FFFCA6'
15.0505 	EXP 	self_box: fillColor = '#A6A9FF'
15.0505 	EXP 	other_box: fillColor = '#FFFCA6'
15.0670 	EXP 	self_box: fillColor = '#A6A9FF'
15.0670 	EXP 	other_box: fillColor = '#FFFCA6'
15.0838 	EXP 	self_box: fillColor = '#A6A9FF'
15.0838 	EXP 	other_box: fillColor = '#FFFCA6'
15.1004 	EXP 	self_box: fillColor = '#A6A9FF'
15.1004 	EXP 	other_box: fillColor = '#FFFCA6'
15.1171 	EXP 	self_box: fillColor = '#A6A9FF'
15.1171 	EXP 	other_box: fillColor = '#FFFCA6'
15.1337 	EXP 	self_box: fillColor = '#A6A9FF'
15.1337 	EXP 	other_box: fillColor = '#FFFCA6'
15.1505 	EXP 	self_box: fillColor = '#A6A9FF'
15.1505 	EXP 	other_box: fillColor = '#FFFCA6'
15.1671 	EXP 	self_box: fillColor = '#A6A9FF'
15.1671 	EXP 	other_box: fillColor = '#FFFCA6'
15.1837 	EXP 	self_box: fillColor = '#A6A9FF'
15.1837 	EXP 	other_box: fillColor = '#FFFCA6'
15.2005 	EXP 	self_box: fillColor = '#A6A9FF'
15.2005 	EXP 	other_box: fillColor = '#FFFCA6'
15.2173 	EXP 	self_box: fillColor = '#A6A9FF'
15.2173 	EXP 	other_box: fillColor = '#FFFCA6'
15.2339 	EXP 	self_box: fillColor = '#A6A9FF'
15.2339 	EXP 	other_box: fillColor = '#FFFCA6'
15.2506 	EXP 	self_box: fillColor = '#A6A9FF'
15.2506 	EXP 	other_box: fillColor = '#FFFCA6'
15.2673 	EXP 	self_box: fillColor = '#A6A9FF'
15.2673 	EXP 	other_box: fillColor = '#FFFCA6'
15.2839 	EXP 	self_box: fillColor = '#A6A9FF'
15.2839 	EXP 	other_box: fillColor = '#FFFCA6'
15.3007 	EXP 	self_box: fillColor = '#A6A9FF'
15.3007 	EXP 	other_box: fillColor = '#FFFCA6'
15.3173 	EXP 	self_box: fillColor = '#A6A9FF'
15.3173 	EXP 	other_box: fillColor = '#FFFCA6'
15.3340 	EXP 	self_box: fillColor = '#A6A9FF'
15.3340 	EXP 	other_box: fillColor = '#FFFCA6'
15.3508 	EXP 	self_box: fillColor = '#A6A9FF'
15.3508 	EXP 	other_box: fillColor = '#FFFCA6'
15.3674 	EXP 	self_box: fillColor = '#A6A9FF'
15.3674 	EXP 	other_box: fillColor = '#FFFCA6'
15.3841 	EXP 	self_box: fillColor = '#A6A9FF'
15.3841 	EXP 	other_box: fillColor = '#FFFCA6'
15.4008 	EXP 	self_box: fillColor = '#A6A9FF'
15.4008 	EXP 	other_box: fillColor = '#FFFCA6'
15.4176 	EXP 	self_box: fillColor = '#A6A9FF'
15.4176 	EXP 	other_box: fillColor = '#FFFCA6'
15.4342 	EXP 	self_box: fillColor = '#A6A9FF'
15.4342 	EXP 	other_box: fillColor = '#FFFCA6'
15.4510 	EXP 	self_box: fillColor = '#A6A9FF'
15.4510 	EXP 	other_box: fillColor = '#FFFCA6'
15.4675 	EXP 	self_box: fillColor = '#A6A9FF'
15.4675 	EXP 	other_box: fillColor = '#FFFCA6'
15.4844 	EXP 	self_box: fillColor = '#A6A9FF'
15.4844 	EXP 	other_box: fillColor = '#FFFCA6'
15.5009 	EXP 	self_box: fillColor = '#A6A9FF'
15.5009 	EXP 	other_box: fillColor = '#FFFCA6'
15.5176 	EXP 	self_box: fillColor = '#A6A9FF'
15.5176 	EXP 	other_box: fillColor = '#FFFCA6'
15.5345 	EXP 	self_box: fillColor = '#A6A9FF'
15.5345 	EXP 	other_box: fillColor = '#FFFCA6'
15.5511 	EXP 	self_box: fillColor = '#A6A9FF'
15.5511 	EXP 	other_box: fillColor = '#FFFCA6'
15.5678 	EXP 	self_box: fillColor = '#A6A9FF'
15.5678 	EXP 	other_box: fillColor = '#FFFCA6'
15.5845 	EXP 	self_box: fillColor = '#3E45FA'
15.5845 	EXP 	other_box: fillColor = '#FFFCA6'
15.6011 	EXP 	self_box: fillColor = '#3E45FA'
15.6011 	EXP 	other_box: fillColor = '#FFFCA6'
15.6178 	EXP 	self_box: fillColor = '#3E45FA'
15.6178 	EXP 	other_box: fillColor = '#FFFCA6'
15.6345 	EXP 	self_box: fillColor = '#3E45FA'
15.6345 	EXP 	other_box: fillColor = '#FFFCA6'
15.6512 	EXP 	self_box: fillColor = '#3E45FA'
15.6512 	EXP 	other_box: fillColor = '#FFFCA6'
15.6680 	EXP 	self_box: fillColor = '#3E45FA'
15.6680 	EXP 	other_box: fillColor = '#FFFCA6'
15.6846 	EXP 	self_box: fillColor = '#3E45FA'
15.6846 	EXP 	other_box: fillColor = '#FFFCA6'
15.7013 	EXP 	self_box: fillColor = '#3E45FA'
15.7013 	EXP 	other_box: fillColor = '#FFFCA6'
15.7180 	EXP 	self_box: fillColor = '#3E45FA'
15.7180 	EXP 	other_box: fillColor = '#FFFCA6'
15.7347 	EXP 	self_box: fillColor = '#3E45FA'
15.7347 	EXP 	other_box: fillColor = '#FFFCA6'
15.7515 	EXP 	self_box: fillColor = '#3E45FA'
15.7515 	EXP 	other_box: fillColor = '#FFFCA6'
15.7682 	EXP 	self_box: fillColor = '#3E45FA'
15.7682 	EXP 	other_box: fillColor = '#FFFCA6'
15.7848 	EXP 	self_box: fillColor = '#3E45FA'
15.7848 	EXP 	other_box: fillColor = '#FFFCA6'
15.8016 	EXP 	self_box: fillColor = '#3E45FA'
15.8016 	EXP 	other_box: fillColor = '#FFFCA6'
15.8181 	EXP 	self_box: fillColor = '#3E45FA'
15.8181 	EXP 	other_box: fillColor = '#FFFCA6'
15.8350 	EXP 	self_box: fillColor = '#3E45FA'
15.8350 	EXP 	other_box: fillColor = '#FFFCA6'
15.8516 	EXP 	self_box: fillColor = '#3E45FA'
15.8516 	EXP 	other_box: fillColor = '#FFFCA6'
15.8682 	EXP 	self_box: fillColor = '#3E45FA'
15.8682 	EXP 	other_box: fillColor = '#FFFCA6'
15.8850 	EXP 	self_box: fillColor = '#3E45FA'
15.8850 	EXP 	other_box: fillColor = '#FFFCA6'
15.9017 	EXP 	self_box: fillColor = '#3E45FA'
15.9017 	EXP 	other_box: fillColor = '#FFFCA6'
15.9183 	EXP 	self_box: fillColor = '#3E45FA'
15.9183 	EXP 	other_box: fillColor = '#FFFCA6'
15.9350 	EXP 	self_box: fillColor = '#3E45FA'
15.9350 	EXP 	other_box: fillColor = '#FFFCA6'
15.9517 	EXP 	self_box: fillColor = '#3E45FA'
15.9517 	EXP 	other_box: fillColor = '#FFFCA6'
15.9685 	EXP 	self_box: fillColor = '#3E45FA'
15.9685 	EXP 	other_box: fillColor = '#FFFCA6'
15.9851 	EXP 	self_box: fillColor = '#3E45FA'
15.9851 	EXP 	other_box: fillColor = '#FFFCA6'
16.0018 	EXP 	self_box: fillColor = '#3E45FA'
16.0018 	EXP 	other_box: fillColor = '#FFFCA6'
16.0186 	EXP 	self_box: fillColor = '#3E45FA'
16.0186 	EXP 	other_box: fillColor = '#FFFCA6'
16.0352 	EXP 	self_box: fillColor = '#3E45FA'
16.0352 	EXP 	other_box: fillColor = '#FFFCA6'
16.0519 	EXP 	self_box: fillColor = '#3E45FA'
16.0519 	EXP 	other_box: fillColor = '#FFFCA6'
16.0685 	EXP 	self_box: fillColor = '#3E45FA'
16.0685 	EXP 	other_box: fillColor = '#FFFCA6'
16.0853 	EXP 	self_box: fillColor = '#3E45FA'
16.0853 	EXP 	other_box: fillColor = '#FFFCA6'
16.1021 	EXP 	self_box: fillColor = '#3E45FA'
16.1021 	EXP 	other_box: fillColor = '#FFFCA6'
16.1188 	EXP 	self_box: fillColor = '#3E45FA'
16.1188 	EXP 	other_box: fillColor = '#FFFCA6'
16.1354 	EXP 	self_box: fillColor = '#3E45FA'
16.1354 	EXP 	other_box: fillColor = '#FFFCA6'
16.1521 	EXP 	self_box: fillColor = '#3E45FA'
16.1521 	EXP 	other_box: fillColor = '#FFFCA6'
16.1687 	EXP 	self_box: fillColor = '#3E45FA'
16.1687 	EXP 	other_box: fillColor = '#FFFCA6'
16.1854 	EXP 	self_box: fillColor = '#3E45FA'
16.1854 	EXP 	other_box: fillColor = '#FFFCA6'
16.2022 	EXP 	self_box: fillColor = '#3E45FA'
16.2022 	EXP 	other_box: fillColor = '#FFFCA6'
16.2188 	EXP 	self_box: fillColor = '#3E45FA'
16.2188 	EXP 	other_box: fillColor = '#FFFCA6'
16.2354 	EXP 	self_box: fillColor = '#3E45FA'
16.2354 	EXP 	other_box: fillColor = '#FFFCA6'
16.2522 	EXP 	self_box: fillColor = '#3E45FA'
16.2522 	EXP 	other_box: fillColor = '#FFFCA6'
16.2688 	EXP 	self_box: fillColor = '#3E45FA'
16.2688 	EXP 	other_box: fillColor = '#FFFCA6'
16.2856 	EXP 	self_box: fillColor = '#3E45FA'
16.2856 	EXP 	other_box: fillColor = '#FFFCA6'
16.3023 	EXP 	self_box: fillColor = '#3E45FA'
16.3023 	EXP 	other_box: fillColor = '#FFFCA6'
16.3189 	EXP 	self_box: fillColor = '#3E45FA'
16.3189 	EXP 	other_box: fillColor = '#FFFCA6'
16.3357 	EXP 	self_box: fillColor = '#3E45FA'
16.3357 	EXP 	other_box: fillColor = '#FFFCA6'
16.3523 	EXP 	self_box: fillColor = '#3E45FA'
16.3523 	EXP 	other_box: fillColor = '#FFFCA6'
16.3556 	DATA 	Mouse: Left button down, pos=(434,244)
16.3690 	EXP 	self_box: fillColor = '#3E45FA'
16.3690 	EXP 	other_box: fillColor = '#FFFCA6'
16.3696 	DATA 	Mouse: Left button up, pos=(434,244)
16.3857 	EXP 	self_box: fillColor = '#3E45FA'
16.3857 	EXP 	other_box: fillColor = '#FFFCA6'
16.4024 	EXP 	self_box: fillColor = '#3E45FA'
16.4024 	EXP 	other_box: fillColor = '#FFFCA6'
16.4191 	EXP 	self_box: fillColor = '#3E45FA'
16.4191 	EXP 	other_box: fillColor = '#FFFCA6'
16.4358 	EXP 	self_box: fillColor = '#3E45FA'
16.4358 	EXP 	other_box: fillColor = '#FFFCA6'
16.4526 	EXP 	self_box: fillColor = '#3E45FA'
16.4526 	EXP 	other_box: fillColor = '#FFFCA6'
16.4692 	EXP 	self_box: fillColor = '#3E45FA'
16.4692 	EXP 	other_box: fillColor = '#FFFCA6'
16.4859 	EXP 	self_box: fillColor = '#3E45FA'
16.4859 	EXP 	other_box: fillColor = '#FFFCA6'
16.5026 	EXP 	self_box: fillColor = '#3E45FA'
16.5026 	EXP 	other_box: fillColor = '#FFFCA6'
16.5193 	EXP 	self_box: fillColor = '#3E45FA'
16.5193 	EXP 	other_box: fillColor = '#FFFCA6'
16.5360 	EXP 	self_box: fillColor = '#3E45FA'
16.5360 	EXP 	other_box: fillColor = '#FFFCA6'
16.5526 	EXP 	self_box: fillColor = '#3E45FA'
16.5526 	EXP 	other_box: fillColor = '#FFFCA6'
16.5694 	EXP 	self_box: fillColor = '#3E45FA'
16.5694 	EXP 	other_box: fillColor = '#FFFCA6'
16.5861 	EXP 	self_box: fillColor = '#3E45FA'
16.5861 	EXP 	other_box: fillColor = '#FFFCA6'
16.6028 	EXP 	self_box: fillColor = '#3E45FA'
16.6028 	EXP 	other_box: fillColor = '#FFFCA6'
16.6196 	EXP 	self_box: fillColor = '#3E45FA'
16.6196 	EXP 	other_box: fillColor = '#FFFCA6'
16.6362 	EXP 	self_box: fillColor = '#3E45FA'
16.6362 	EXP 	other_box: fillColor = '#FFFCA6'
16.6529 	EXP 	self_box: fillColor = '#3E45FA'
16.6529 	EXP 	other_box: fillColor = '#FFFCA6'
16.6695 	EXP 	self_box: fillColor = '#3E45FA'
16.6695 	EXP 	other_box: fillColor = '#FFFCA6'
16.6863 	EXP 	self_box: fillColor = '#3E45FA'
16.6863 	EXP 	other_box: fillColor = '#FFFCA6'
16.7029 	EXP 	self_box: fillColor = '#3E45FA'
16.7029 	EXP 	other_box: fillColor = '#FFFCA6'
16.7197 	EXP 	self_box: fillColor = '#3E45FA'
16.7197 	EXP 	other_box: fillColor = '#FFFCA6'
16.7363 	EXP 	self_box: fillColor = '#3E45FA'
16.7363 	EXP 	other_box: fillColor = '#FFFCA6'
16.7530 	EXP 	self_box: fillColor = '#3E45FA'
16.7530 	EXP 	other_box: fillColor = '#FFFCA6'
16.7697 	EXP 	self_box: fillColor = '#3E45FA'
16.7697 	EXP 	other_box: fillColor = '#FFFCA6'
16.7865 	EXP 	self_box: fillColor = '#3E45FA'
16.7865 	EXP 	other_box: fillColor = '#FFFCA6'
16.8031 	EXP 	self_box: fillColor = '#3E45FA'
16.8031 	EXP 	other_box: fillColor = '#FFFCA6'
16.8199 	EXP 	self_box: fillColor = '#3E45FA'
16.8199 	EXP 	other_box: fillColor = '#FFFCA6'
16.8365 	EXP 	self_box: fillColor = '#3E45FA'
16.8365 	EXP 	other_box: fillColor = '#FFFCA6'
16.8531 	EXP 	self_box: fillColor = '#3E45FA'
16.8531 	EXP 	other_box: fillColor = '#FFFCA6'
16.8698 	EXP 	self_box: fillColor = '#3E45FA'
16.8698 	EXP 	other_box: fillColor = '#FFFCA6'
16.8865 	EXP 	self_box: fillColor = '#3E45FA'
16.8865 	EXP 	other_box: fillColor = '#FFFCA6'
16.9032 	EXP 	self_box: fillColor = '#3E45FA'
16.9032 	EXP 	other_box: fillColor = '#FFFCA6'
16.9199 	EXP 	self_box: fillColor = '#A6A9FF'
16.9199 	EXP 	other_box: fillColor = '#FFFCA6'
16.9366 	EXP 	self_box: fillColor = '#A6A9FF'
16.9366 	EXP 	other_box: fillColor = '#FFFCA6'
16.9534 	EXP 	self_box: fillColor = '#A6A9FF'
16.9534 	EXP 	other_box: fillColor = '#FFFCA6'
16.9700 	EXP 	self_box: fillColor = '#A6A9FF'
16.9700 	EXP 	other_box: fillColor = '#FFFCA6'
16.9867 	EXP 	self_box: fillColor = '#A6A9FF'
16.9867 	EXP 	other_box: fillColor = '#FFFCA6'
17.0034 	EXP 	self_box: fillColor = '#A6A9FF'
17.0034 	EXP 	other_box: fillColor = '#FFFCA6'
17.0202 	EXP 	self_box: fillColor = '#A6A9FF'
17.0202 	EXP 	other_box: fillColor = '#FFFCA6'
17.0369 	EXP 	self_box: fillColor = '#A6A9FF'
17.0369 	EXP 	other_box: fillColor = '#FFFCA6'
17.0536 	EXP 	self_box: fillColor = '#A6A9FF'
17.0536 	EXP 	other_box: fillColor = '#FFFCA6'
17.0702 	EXP 	self_box: fillColor = '#A6A9FF'
17.0702 	EXP 	other_box: fillColor = '#FFFCA6'
17.0869 	EXP 	self_box: fillColor = '#A6A9FF'
17.0869 	EXP 	other_box: fillColor = '#FFFCA6'
17.1036 	EXP 	self_box: fillColor = '#A6A9FF'
17.1036 	EXP 	other_box: fillColor = '#FFFCA6'
17.1203 	EXP 	self_box: fillColor = '#A6A9FF'
17.1203 	EXP 	other_box: fillColor = '#FFFCA6'
17.1370 	EXP 	self_box: fillColor = '#A6A9FF'
17.1370 	EXP 	other_box: fillColor = '#FFFCA6'
17.1536 	EXP 	self_box: fillColor = '#A6A9FF'
17.1536 	EXP 	other_box: fillColor = '#FFFCA6'
17.1703 	EXP 	self_box: fillColor = '#A6A9FF'
17.1703 	EXP 	other_box: fillColor = '#FFFCA6'
17.1870 	EXP 	self_box: fillColor = '#A6A9FF'
17.1870 	EXP 	other_box: fillColor = '#FFFCA6'
17.2037 	EXP 	self_box: fillColor = '#A6A9FF'
17.2037 	EXP 	other_box: fillColor = '#FFFCA6'
17.2204 	EXP 	self_box: fillColor = '#A6A9FF'
17.2204 	EXP 	other_box: fillColor = '#FFFCA6'
17.2371 	EXP 	self_box: fillColor = '#A6A9FF'
17.2371 	EXP 	other_box: fillColor = '#FFFCA6'
17.2538 	EXP 	self_box: fillColor = '#3E45FA'
17.2538 	EXP 	other_box: fillColor = '#FFFCA6'
17.2705 	EXP 	self_box: fillColor = '#3E45FA'
17.2705 	EXP 	other_box: fillColor = '#FFFCA6'
17.2871 	EXP 	self_box: fillColor = '#3E45FA'
17.2871 	EXP 	other_box: fillColor = '#FFFCA6'
17.3039 	EXP 	self_box: fillColor = '#3E45FA'
17.3039 	EXP 	other_box: fillColor = '#FFFCA6'
17.3205 	EXP 	self_box: fillColor = '#3E45FA'
17.3205 	EXP 	other_box: fillColor = '#FFFCA6'
17.3373 	EXP 	self_box: fillColor = '#3E45FA'
17.3373 	EXP 	other_box: fillColor = '#FFFCA6'
17.3540 	EXP 	self_box: fillColor = '#3E45FA'
17.3540 	EXP 	other_box: fillColor = '#FFFCA6'
17.3706 	EXP 	self_box: fillColor = '#3E45FA'
17.3706 	EXP 	other_box: fillColor = '#FFFCA6'
17.3874 	EXP 	self_box: fillColor = '#3E45FA'
17.3874 	EXP 	other_box: fillColor = '#FFFCA6'
17.4040 	EXP 	self_box: fillColor = '#3E45FA'
17.4040 	EXP 	other_box: fillColor = '#FFFCA6'
17.4207 	EXP 	self_box: fillColor = '#3E45FA'
17.4207 	EXP 	other_box: fillColor = '#FFFCA6'
17.4375 	EXP 	self_box: fillColor = '#3E45FA'
17.4375 	EXP 	other_box: fillColor = '#FFFCA6'
17.4541 	EXP 	self_box: fillColor = '#3E45FA'
17.4541 	EXP 	other_box: fillColor = '#FFFCA6'
17.4547 	DATA 	Mouse: Left button down, pos=(521,295)
17.4562 	EXP 	New trial (rep=0, index=1): {'word': u'word9.1', 'amount': u'unmodified', 'list': u'list9', 'trialtype': u'unmodified', 'trialtype_extended': u'unmodified'}
17.4708 	EXP 	self_box: fillColor = '#3E45FA'
17.4708 	EXP 	other_box: fillColor = '#FFFCA6'
17.4708 	EXP 	question: autoDraw = False
17.4708 	EXP 	self_box: autoDraw = False
17.4708 	EXP 	self_label: autoDraw = False
17.4708 	EXP 	other_box: autoDraw = False
17.4708 	EXP 	other_label: autoDraw = False
17.4708 	EXP 	text: text = u'word9.1'
17.4881 	DATA 	Mouse: Left button up, pos=(521,295)
18.4890 	EXP 	text: autoDraw = True
21.2768 	EXP 	text: autoDraw = False
21.2768 	EXP 	question: autoDraw = True
21.2768 	EXP 	self_box: autoDraw = True
21.2768 	EXP 	self_label: autoDraw = True
21.2768 	EXP 	other_box: autoDraw = True
21.2768 	EXP 	other_label: autoDraw = True
21.2768 	EXP 	self_box: fillColor = '#A6A9FF'
21.2768 	EXP 	other_box: fillColor = '#FFFCA6'
21.2935 	EXP 	self_box: fillColor = '#A6A9FF'
21.2935 	EXP 	other_box: fillColor = '#FFFCA6'
21.3102 	EXP 	self_box: fillColor = '#A6A9FF'
21.3102 	EXP 	other_box: fillColor = '#FFFCA6'
21.3271 	EXP 	self_box: fillColor = '#A6A9FF'
21.3271 	EXP 	other_box: fillColor = '#FFFCA6'
21.3436 	EXP 	self_box: fillColor = '#A6A9FF'
21.3436 	EXP 	other_box: fillColor = '#FFFCA6'
21.3604 	EXP 	self_box: fillColor = '#A6A9FF'
21.3604 	EXP 	other_box: fillColor = '#FFFCA6'
21.3769 	EXP 	self_box: fillColor = '#A6A9FF'
21.3769 	EXP 	other_box: fillColor = '#FFFCA6'
21.3937 	EXP 	self_box: fillColor = '#A6A9FF'
21.3937 	EXP 	other_box: fillColor = '#FFFCA6'
21.4105 	EXP 	self_box: fillColor = '#A6A9FF'
21.4105 	EXP 	other_box: fillColor = '#FFFCA6'
21.4271 	EXP 	self_box: fillColor = '#A6A9FF'
21.4271 	EXP 	other_box: fillColor = '#FFFCA6'
21.4437 	EXP 	self_box: fillColor = '#A6A9FF'
21.4437 	EXP 	other_box: fillColor = '#FFFCA6'
21.4604 	EXP 	self_box: fillColor = '#A6A9FF'
21.4604 	EXP 	other_box: fillColor = '#FFFCA6'
21.4772 	EXP 	self_box: fillColor = '#A6A9FF'
21.4772 	EXP 	other_box: fillColor = '#FFFCA6'
21.4939 	EXP 	self_box: fillColor = '#A6A9FF'
21.4939 	EXP 	other_box: fillColor = '#FFFCA6'
21.5105 	EXP 	self_box: fillColor = '#A6A9FF'
21.5105 	EXP 	other_box: fillColor = '#FFFCA6'
21.5273 	EXP 	self_box: fillColor = '#A6A9FF'
21.5273 	EXP 	other_box: fillColor = '#FFFCA6'
21.5439 	EXP 	self_box: fillColor = '#A6A9FF'
21.5439 	EXP 	other_box: fillColor = '#FFFCA6'
21.5607 	EXP 	self_box: fillColor = '#A6A9FF'
21.5607 	EXP 	other_box: fillColor = '#FFFCA6'
21.5773 	EXP 	self_box: fillColor = '#A6A9FF'
21.5773 	EXP 	other_box: fillColor = '#FFFCA6'
21.5940 	EXP 	self_box: fillColor = '#A6A9FF'
21.5940 	EXP 	other_box: fillColor = '#FFFCA6'
21.6108 	EXP 	self_box: fillColor = '#A6A9FF'
21.6108 	EXP 	other_box: fillColor = '#FFFCA6'
21.6274 	EXP 	self_box: fillColor = '#A6A9FF'
21.6274 	EXP 	other_box: fillColor = '#FFFCA6'
21.6441 	EXP 	self_box: fillColor = '#A6A9FF'
21.6441 	EXP 	other_box: fillColor = '#FFFCA6'
21.6608 	EXP 	self_box: fillColor = '#A6A9FF'
21.6608 	EXP 	other_box: fillColor = '#FAF33E'
21.6775 	EXP 	self_box: fillColor = '#A6A9FF'
21.6775 	EXP 	other_box: fillColor = '#FAF33E'
21.6942 	EXP 	self_box: fillColor = '#A6A9FF'
21.6942 	EXP 	other_box: fillColor = '#FAF33E'
21.7108 	EXP 	self_box: fillColor = '#A6A9FF'
21.7108 	EXP 	other_box: fillColor = '#FAF33E'
21.7275 	EXP 	self_box: fillColor = '#A6A9FF'
21.7275 	EXP 	other_box: fillColor = '#FAF33E'
21.7443 	EXP 	self_box: fillColor = '#A6A9FF'
21.7443 	EXP 	other_box: fillColor = '#FAF33E'
21.7610 	EXP 	self_box: fillColor = '#A6A9FF'
21.7610 	EXP 	other_box: fillColor = '#FAF33E'
21.7776 	EXP 	self_box: fillColor = '#A6A9FF'
21.7776 	EXP 	other_box: fillColor = '#FAF33E'
21.7943 	EXP 	self_box: fillColor = '#A6A9FF'
21.7943 	EXP 	other_box: fillColor = '#FAF33E'
21.8111 	EXP 	self_box: fillColor = '#A6A9FF'
21.8111 	EXP 	other_box: fillColor = '#FAF33E'
21.8277 	EXP 	self_box: fillColor = '#A6A9FF'
21.8277 	EXP 	other_box: fillColor = '#FAF33E'
21.8445 	EXP 	self_box: fillColor = '#A6A9FF'
21.8445 	EXP 	other_box: fillColor = '#FAF33E'
21.8611 	EXP 	self_box: fillColor = '#A6A9FF'
21.8611 	EXP 	other_box: fillColor = '#FAF33E'
21.8778 	EXP 	self_box: fillColor = '#A6A9FF'
21.8778 	EXP 	other_box: fillColor = '#FAF33E'
21.8945 	EXP 	self_box: fillColor = '#A6A9FF'
21.8945 	EXP 	other_box: fillColor = '#FAF33E'
21.9112 	EXP 	self_box: fillColor = '#A6A9FF'
21.9112 	EXP 	other_box: fillColor = '#FAF33E'
21.9118 	DATA 	Mouse: Left button down, pos=(1024,290)
21.9132 	EXP 	New trial (rep=0, index=2): {'word': u'word8.1', 'amount': u'1.5', 'list': u'list8', 'trialtype': u'pitch', 'trialtype_extended': u'pitch_higher_small'}
21.9279 	EXP 	self_box: fillColor = '#A6A9FF'
21.9279 	EXP 	other_box: fillColor = '#FAF33E'
21.9279 	EXP 	question: autoDraw = False
21.9279 	EXP 	self_box: autoDraw = False
21.9279 	EXP 	self_label: autoDraw = False
21.9279 	EXP 	other_box: autoDraw = False
21.9279 	EXP 	other_label: autoDraw = False
21.9279 	EXP 	text: text = u'word8.1'
21.9617 	DATA 	Mouse: Left button up, pos=(1024,290)
22.9462 	EXP 	text: autoDraw = True
26.6187 	EXP 	text: autoDraw = False
26.6187 	EXP 	question: autoDraw = True
26.6187 	EXP 	self_box: autoDraw = True
26.6187 	EXP 	self_label: autoDraw = True
26.6187 	EXP 	other_box: autoDraw = True
26.6187 	EXP 	other_label: autoDraw = True
26.6187 	EXP 	self_box: fillColor = '#A6A9FF'
26.6187 	EXP 	other_box: fillColor = '#FFFCA6'
26.6354 	EXP 	self_box: fillColor = '#A6A9FF'
26.6354 	EXP 	other_box: fillColor = '#FFFCA6'
26.6522 	EXP 	self_box: fillColor = '#A6A9FF'
26.6522 	EXP 	other_box: fillColor = '#FFFCA6'
26.6688 	EXP 	self_box: fillColor = '#A6A9FF'
26.6688 	EXP 	other_box: fillColor = '#FFFCA6'
26.6855 	EXP 	self_box: fillColor = '#A6A9FF'
26.6855 	EXP 	other_box: fillColor = '#FFFCA6'
26.7021 	EXP 	self_box: fillColor = '#A6A9FF'
26.7021 	EXP 	other_box: fillColor = '#FFFCA6'
26.7189 	EXP 	self_box: fillColor = '#A6A9FF'
26.7189 	EXP 	other_box: fillColor = '#FFFCA6'
26.7355 	EXP 	self_box: fillColor = '#A6A9FF'
26.7355 	EXP 	other_box: fillColor = '#FFFCA6'
26.7523 	EXP 	self_box: fillColor = '#A6A9FF'
26.7523 	EXP 	other_box: fillColor = '#FFFCA6'
26.7689 	EXP 	self_box: fillColor = '#A6A9FF'
26.7689 	EXP 	other_box: fillColor = '#FFFCA6'
26.7857 	EXP 	self_box: fillColor = '#A6A9FF'
26.7857 	EXP 	other_box: fillColor = '#FFFCA6'
26.8023 	EXP 	self_box: fillColor = '#A6A9FF'
26.8023 	EXP 	other_box: fillColor = '#FFFCA6'
26.8192 	EXP 	self_box: fillColor = '#A6A9FF'
26.8192 	EXP 	other_box: fillColor = '#FFFCA6'
26.8357 	EXP 	self_box: fillColor = '#A6A9FF'
26.8357 	EXP 	other_box: fillColor = '#FFFCA6'
26.8524 	EXP 	self_box: fillColor = '#A6A9FF'
26.8524 	EXP 	other_box: fillColor = '#FFFCA6'
26.8692 	EXP 	self_box: fillColor = '#A6A9FF'
26.8692 	EXP 	other_box: fillColor = '#FFFCA6'
26.8858 	EXP 	self_box: fillColor = '#A6A9FF'
26.8858 	EXP 	other_box: fillColor = '#FFFCA6'
26.9025 	EXP 	self_box: fillColor = '#A6A9FF'
26.9025 	EXP 	other_box: fillColor = '#FFFCA6'
26.9191 	EXP 	self_box: fillColor = '#A6A9FF'
26.9191 	EXP 	other_box: fillColor = '#FFFCA6'
26.9360 	EXP 	self_box: fillColor = '#A6A9FF'
26.9360 	EXP 	other_box: fillColor = '#FFFCA6'
26.9527 	EXP 	self_box: fillColor = '#A6A9FF'
26.9527 	EXP 	other_box: fillColor = '#FFFCA6'
26.9693 	EXP 	self_box: fillColor = '#A6A9FF'
26.9693 	EXP 	other_box: fillColor = '#FFFCA6'
26.9861 	EXP 	self_box: fillColor = '#A6A9FF'
26.9861 	EXP 	other_box: fillColor = '#FFFCA6'
27.0027 	EXP 	self_box: fillColor = '#A6A9FF'
27.0027 	EXP 	other_box: fillColor = '#FFFCA6'
27.0194 	EXP 	self_box: fillColor = '#A6A9FF'
27.0194 	EXP 	other_box: fillColor = '#FFFCA6'
27.0361 	EXP 	self_box: fillColor = '#A6A9FF'
27.0361 	EXP 	other_box: fillColor = '#FFFCA6'
27.0527 	EXP 	self_box: fillColor = '#3E45FA'
27.0527 	EXP 	other_box: fillColor = '#FFFCA6'
27.0694 	EXP 	self_box: fillColor = '#3E45FA'
27.0694 	EXP 	other_box: fillColor = '#FFFCA6'
27.0861 	EXP 	self_box: fillColor = '#3E45FA'
27.0861 	EXP 	other_box: fillColor = '#FFFCA6'
27.1028 	EXP 	self_box: fillColor = '#3E45FA'
27.1028 	EXP 	other_box: fillColor = '#FFFCA6'
27.1196 	EXP 	self_box: fillColor = '#3E45FA'
27.1196 	EXP 	other_box: fillColor = '#FFFCA6'
27.1362 	EXP 	self_box: fillColor = '#3E45FA'
27.1362 	EXP 	other_box: fillColor = '#FFFCA6'
27.1530 	EXP 	self_box: fillColor = '#3E45FA'
27.1530 	EXP 	other_box: fillColor = '#FFFCA6'
27.1695 	EXP 	self_box: fillColor = '#3E45FA'
27.1695 	EXP 	other_box: fillColor = '#FFFCA6'
27.1862 	EXP 	self_box: fillColor = '#3E45FA'
27.1862 	EXP 	other_box: fillColor = '#FFFCA6'
27.2030 	EXP 	self_box: fillColor = '#3E45FA'
27.2030 	EXP 	other_box: fillColor = '#FFFCA6'
27.2196 	EXP 	self_box: fillColor = '#3E45FA'
27.2196 	EXP 	other_box: fillColor = '#FFFCA6'
27.2363 	EXP 	self_box: fillColor = '#3E45FA'
27.2363 	EXP 	other_box: fillColor = '#FFFCA6'
27.2530 	EXP 	self_box: fillColor = '#3E45FA'
27.2530 	EXP 	other_box: fillColor = '#FFFCA6'
27.2697 	EXP 	self_box: fillColor = '#3E45FA'
27.2697 	EXP 	other_box: fillColor = '#FFFCA6'
27.2864 	EXP 	self_box: fillColor = '#3E45FA'
27.2864 	EXP 	other_box: fillColor = '#FFFCA6'
27.3030 	EXP 	self_box: fillColor = '#3E45FA'
27.3030 	EXP 	other_box: fillColor = '#FFFCA6'
27.3034 	DATA 	Mouse: Left button down, pos=(514,326)
27.3047 	EXP 	New trial (rep=0, index=3): {'word': u'word5.1', 'amount': u'-1.5', 'list': u'list5', 'trialtype': u'pitch', 'trialtype_extended': u'pitch_lower_large'}
27.3198 	EXP 	self_box: fillColor = '#3E45FA'
27.3198 	EXP 	other_box: fillColor = '#FFFCA6'
27.3198 	EXP 	question: autoDraw = False
27.3198 	EXP 	self_box: autoDraw = False
27.3198 	EXP 	self_label: autoDraw = False
27.3198 	EXP 	other_box: autoDraw = False
27.3198 	EXP 	other_label: autoDraw = False
27.3198 	EXP 	text: text = u'word5.1'
27.3703 	DATA 	Mouse: Left button up, pos=(514,326)
28.3382 	EXP 	text: autoDraw = True
31.1259 	EXP 	text: autoDraw = False
31.1259 	EXP 	question: autoDraw = True
31.1259 	EXP 	self_box: autoDraw = True
31.1259 	EXP 	self_label: autoDraw = True
31.1259 	EXP 	other_box: autoDraw = True
31.1259 	EXP 	other_label: autoDraw = True
31.1259 	EXP 	self_box: fillColor = '#A6A9FF'
31.1259 	EXP 	other_box: fillColor = '#FFFCA6'
31.1426 	EXP 	self_box: fillColor = '#A6A9FF'
31.1426 	EXP 	other_box: fillColor = '#FFFCA6'
31.1593 	EXP 	self_box: fillColor = '#A6A9FF'
31.1593 	EXP 	other_box: fillColor = '#FFFCA6'
31.1759 	EXP 	self_box: fillColor = '#A6A9FF'
31.1759 	EXP 	other_box: fillColor = '#FFFCA6'
31.1926 	EXP 	self_box: fillColor = '#A6A9FF'
31.1926 	EXP 	other_box: fillColor = '#FFFCA6'
31.2094 	EXP 	self_box: fillColor = '#A6A9FF'
31.2094 	EXP 	other_box: fillColor = '#FFFCA6'
31.2261 	EXP 	self_box: fillColor = '#A6A9FF'
31.2261 	EXP 	other_box: fillColor = '#FFFCA6'
31.2427 	EXP 	self_box: fillColor = '#A6A9FF'
31.2427 	EXP 	other_box: fillColor = '#FFFCA6'
31.2594 	EXP 	self_box: fillColor = '#A6A9FF'
31.2594 	EXP 	other_box: fillColor = '#FFFCA6'
31.2761 	EXP 	self_box: fillColor = '#A6A9FF'
31.2761 	EXP 	other_box: fillColor = '#FFFCA6'
31.2927 	EXP 	self_box: fillColor = '#A6A9FF'
31.2927 	EXP 	other_box: fillColor = '#FFFCA6'
31.3094 	EXP 	self_box: fillColor = '#A6A9FF'
31.3094 	EXP 	other_box: fillColor = '#FFFCA6'
31.3262 	EXP 	self_box: fillColor = '#A6A9FF'
31.3262 	EXP 	other_box: fillColor = '#FFFCA6'
31.3428 	EXP 	self_box: fillColor = '#A6A9FF'
31.3428 	EXP 	other_box: fillColor = '#FFFCA6'
31.3596 	EXP 	self_box: fillColor = '#A6A9FF'
31.3596 	EXP 	other_box: fillColor = '#FFFCA6'
31.3763 	EXP 	self_box: fillColor = '#A6A9FF'
31.3763 	EXP 	other_box: fillColor = '#FFFCA6'
31.3930 	EXP 	self_box: fillColor = '#A6A9FF'
31.3930 	EXP 	other_box: fillColor = '#FFFCA6'
31.4096 	EXP 	self_box: fillColor = '#A6A9FF'
31.4096 	EXP 	other_box: fillColor = '#FFFCA6'
31.4264 	EXP 	self_box: fillColor = '#A6A9FF'
31.4264 	EXP 	other_box: fillColor = '#FFFCA6'
31.4430 	EXP 	self_box: fillColor = '#A6A9FF'
31.4430 	EXP 	other_box: fillColor = '#FFFCA6'
31.4597 	EXP 	self_box: fillColor = '#A6A9FF'
31.4597 	EXP 	other_box: fillColor = '#FFFCA6'
31.4765 	EXP 	self_box: fillColor = '#A6A9FF'
31.4765 	EXP 	other_box: fillColor = '#FFFCA6'
31.4931 	EXP 	self_box: fillColor = '#A6A9FF'
31.4931 	EXP 	other_box: fillColor = '#FFFCA6'
31.5099 	EXP 	self_box: fillColor = '#A6A9FF'
31.5099 	EXP 	other_box: fillColor = '#FAF33E'
31.5266 	EXP 	self_box: fillColor = '#A6A9FF'
31.5266 	EXP 	other_box: fillColor = '#FAF33E'
31.5432 	EXP 	self_box: fillColor = '#A6A9FF'
31.5432 	EXP 	other_box: fillColor = '#FAF33E'
31.5598 	EXP 	self_box: fillColor = '#A6A9FF'
31.5598 	EXP 	other_box: fillColor = '#FAF33E'
31.5766 	EXP 	self_box: fillColor = '#A6A9FF'
31.5766 	EXP 	other_box: fillColor = '#FAF33E'
31.5933 	EXP 	self_box: fillColor = '#A6A9FF'
31.5933 	EXP 	other_box: fillColor = '#FAF33E'
31.6099 	EXP 	self_box: fillColor = '#A6A9FF'
31.6099 	EXP 	other_box: fillColor = '#FAF33E'
31.6266 	EXP 	self_box: fillColor = '#A6A9FF'
31.6266 	EXP 	other_box: fillColor = '#FAF33E'
31.6433 	EXP 	self_box: fillColor = '#A6A9FF'
31.6433 	EXP 	other_box: fillColor = '#FAF33E'
31.6564 	DATA 	Mouse: Left button down, pos=(1069,219)
31.6579 	EXP 	New trial (rep=0, index=4): {'word': u'word3.1', 'amount': u'0.9', 'list': u'list3', 'trialtype': u'speed', 'trialtype_extended': u'slow_small'}
31.6767 	EXP 	self_box: fillColor = '#A6A9FF'
31.6767 	EXP 	other_box: fillColor = '#FAF33E'
31.6767 	EXP 	question: autoDraw = False
31.6767 	EXP 	self_box: autoDraw = False
31.6767 	EXP 	self_label: autoDraw = False
31.6767 	EXP 	other_box: autoDraw = False
31.6767 	EXP 	other_label: autoDraw = False
31.6767 	EXP 	text: text = u'word3.1'
31.6939 	DATA 	Mouse: Left button up, pos=(1069,219)
32.6783 	EXP 	text: autoDraw = True
35.5663 	EXP 	text: autoDraw = False
35.5663 	EXP 	question: autoDraw = True
35.5663 	EXP 	self_box: autoDraw = True
35.5663 	EXP 	self_label: autoDraw = True
35.5663 	EXP 	other_box: autoDraw = True
35.5663 	EXP 	other_label: autoDraw = True
35.5663 	EXP 	self_box: fillColor = '#A6A9FF'
35.5663 	EXP 	other_box: fillColor = '#FFFCA6'
35.5830 	EXP 	self_box: fillColor = '#A6A9FF'
35.5830 	EXP 	other_box: fillColor = '#FFFCA6'
35.5996 	EXP 	self_box: fillColor = '#A6A9FF'
35.5996 	EXP 	other_box: fillColor = '#FFFCA6'
35.6163 	EXP 	self_box: fillColor = '#A6A9FF'
35.6163 	EXP 	other_box: fillColor = '#FFFCA6'
35.6330 	EXP 	self_box: fillColor = '#A6A9FF'
35.6330 	EXP 	other_box: fillColor = '#FFFCA6'
35.6499 	EXP 	self_box: fillColor = '#A6A9FF'
35.6499 	EXP 	other_box: fillColor = '#FFFCA6'
35.6664 	EXP 	self_box: fillColor = '#A6A9FF'
35.6664 	EXP 	other_box: fillColor = '#FFFCA6'
35.6831 	EXP 	self_box: fillColor = '#A6A9FF'
35.6831 	EXP 	other_box: fillColor = '#FFFCA6'
35.6998 	EXP 	self_box: fillColor = '#A6A9FF'
35.6998 	EXP 	other_box: fillColor = '#FFFCA6'
35.7164 	EXP 	self_box: fillColor = '#A6A9FF'
35.7164 	EXP 	other_box: fillColor = '#FFFCA6'
35.7333 	EXP 	self_box: fillColor = '#A6A9FF'
35.7333 	EXP 	other_box: fillColor = '#FFFCA6'
35.7499 	EXP 	self_box: fillColor = '#A6A9FF'
35.7499 	EXP 	other_box: fillColor = '#FFFCA6'
35.7666 	EXP 	self_box: fillColor = '#A6A9FF'
35.7666 	EXP 	other_box: fillColor = '#FFFCA6'
35.7833 	EXP 	self_box: fillColor = '#A6A9FF'
35.7833 	EXP 	other_box: fillColor = '#FFFCA6'
35.8000 	EXP 	self_box: fillColor = '#A6A9FF'
35.8000 	EXP 	other_box: fillColor = '#FFFCA6'
35.8167 	EXP 	self_box: fillColor = '#A6A9FF'
35.8167 	EXP 	other_box: fillColor = '#FFFCA6'
35.8333 	EXP 	self_box: fillColor = '#A6A9FF'
35.8333 	EXP 	other_box: fillColor = '#FFFCA6'
35.8501 	EXP 	self_box: fillColor = '#A6A9FF'
35.8501 	EXP 	other_box: fillColor = '#FFFCA6'
35.8668 	EXP 	self_box: fillColor = '#A6A9FF'
35.8668 	EXP 	other_box: fillColor = '#FFFCA6'
35.8835 	EXP 	self_box: fillColor = '#A6A9FF'
35.8835 	EXP 	other_box: fillColor = '#FFFCA6'
35.9002 	EXP 	self_box: fillColor = '#A6A9FF'
35.9002 	EXP 	other_box: fillColor = '#FFFCA6'
35.9169 	EXP 	self_box: fillColor = '#A6A9FF'
35.9169 	EXP 	other_box: fillColor = '#FFFCA6'
35.9335 	EXP 	self_box: fillColor = '#A6A9FF'
35.9335 	EXP 	other_box: fillColor = '#FFFCA6'
35.9502 	EXP 	self_box: fillColor = '#A6A9FF'
35.9502 	EXP 	other_box: fillColor = '#FFFCA6'
35.9669 	EXP 	self_box: fillColor = '#A6A9FF'
35.9669 	EXP 	other_box: fillColor = '#FFFCA6'
35.9836 	EXP 	self_box: fillColor = '#3E45FA'
35.9836 	EXP 	other_box: fillColor = '#FFFCA6'
36.0003 	EXP 	self_box: fillColor = '#3E45FA'
36.0003 	EXP 	other_box: fillColor = '#FFFCA6'
36.0171 	EXP 	self_box: fillColor = '#3E45FA'
36.0171 	EXP 	other_box: fillColor = '#FFFCA6'
36.0337 	EXP 	self_box: fillColor = '#3E45FA'
36.0337 	EXP 	other_box: fillColor = '#FFFCA6'
36.0504 	EXP 	self_box: fillColor = '#3E45FA'
36.0504 	EXP 	other_box: fillColor = '#FFFCA6'
36.0671 	EXP 	self_box: fillColor = '#3E45FA'
36.0671 	EXP 	other_box: fillColor = '#FFFCA6'
36.0839 	EXP 	self_box: fillColor = '#3E45FA'
36.0839 	EXP 	other_box: fillColor = '#FFFCA6'
36.1005 	EXP 	self_box: fillColor = '#3E45FA'
36.1005 	EXP 	other_box: fillColor = '#FFFCA6'
36.1012 	DATA 	Mouse: Left button down, pos=(463,290)
36.1025 	EXP 	New trial (rep=0, index=5): {'word': u'word6.1', 'amount': u'2', 'list': u'list6', 'trialtype': u'pitch', 'trialtype_extended': u'pitch_higher_large'}
36.1171 	EXP 	self_box: fillColor = '#3E45FA'
36.1171 	EXP 	other_box: fillColor = '#FFFCA6'
36.1171 	EXP 	question: autoDraw = False
36.1171 	EXP 	self_box: autoDraw = False
36.1171 	EXP 	self_label: autoDraw = False
36.1171 	EXP 	other_box: autoDraw = False
36.1171 	EXP 	other_label: autoDraw = False
36.1171 	EXP 	text: text = u'word6.1'
36.1843 	DATA 	Mouse: Left button up, pos=(463,290)
37.1355 	EXP 	text: autoDraw = True
39.4224 	EXP 	text: autoDraw = False
39.4224 	EXP 	question: autoDraw = True
39.4224 	EXP 	self_box: autoDraw = True
39.4224 	EXP 	self_label: autoDraw = True
39.4224 	EXP 	other_box: autoDraw = True
39.4224 	EXP 	other_label: autoDraw = True
39.4224 	EXP 	self_box: fillColor = '#A6A9FF'
39.4224 	EXP 	other_box: fillColor = '#FFFCA6'
39.4391 	EXP 	self_box: fillColor = '#A6A9FF'
39.4391 	EXP 	other_box: fillColor = '#FFFCA6'
39.4558 	EXP 	self_box: fillColor = '#A6A9FF'
39.4558 	EXP 	other_box: fillColor = '#FFFCA6'
39.4725 	EXP 	self_box: fillColor = '#A6A9FF'
39.4725 	EXP 	other_box: fillColor = '#FFFCA6'
39.4892 	EXP 	self_box: fillColor = '#A6A9FF'
39.4892 	EXP 	other_box: fillColor = '#FFFCA6'
39.5058 	EXP 	self_box: fillColor = '#A6A9FF'
39.5058 	EXP 	other_box: fillColor = '#FFFCA6'
39.5225 	EXP 	self_box: fillColor = '#A6A9FF'
39.5225 	EXP 	other_box: fillColor = '#FFFCA6'
39.5392 	EXP 	self_box: fillColor = '#A6A9FF'
39.5392 	EXP 	other_box: fillColor = '#FFFCA6'
39.5559 	EXP 	self_box: fillColor = '#A6A9FF'
39.5559 	EXP 	other_box: fillColor = '#FFFCA6'
39.5726 	EXP 	self_box: fillColor = '#A6A9FF'
39.5726 	EXP 	other_box: fillColor = '#FFFCA6'
39.5894 	EXP 	self_box: fillColor = '#A6A9FF'
39.5894 	EXP 	other_box: fillColor = '#FFFCA6'
39.6061 	EXP 	self_box: fillColor = '#A6A9FF'
39.6061 	EXP 	other_box: fillColor = '#FFFCA6'
39.6227 	EXP 	self_box: fillColor = '#A6A9FF'
39.6227 	EXP 	other_box: fillColor = '#FFFCA6'
39.6394 	EXP 	self_box: fillColor = '#A6A9FF'
39.6394 	EXP 	other_box: fillColor = '#FFFCA6'
39.6561 	EXP 	self_box: fillColor = '#A6A9FF'
39.6561 	EXP 	other_box: fillColor = '#FFFCA6'
39.6728 	EXP 	self_box: fillColor = '#A6A9FF'
39.6728 	EXP 	other_box: fillColor = '#FFFCA6'
39.6894 	EXP 	self_box: fillColor = '#A6A9FF'
39.6894 	EXP 	other_box: fillColor = '#FFFCA6'
39.7063 	EXP 	self_box: fillColor = '#A6A9FF'
39.7063 	EXP 	other_box: fillColor = '#FFFCA6'
39.7229 	EXP 	self_box: fillColor = '#A6A9FF'
39.7229 	EXP 	other_box: fillColor = '#FFFCA6'
39.7395 	EXP 	self_box: fillColor = '#A6A9FF'
39.7395 	EXP 	other_box: fillColor = '#FFFCA6'
39.7563 	EXP 	self_box: fillColor = '#A6A9FF'
39.7563 	EXP 	other_box: fillColor = '#FFFCA6'
39.7730 	EXP 	self_box: fillColor = '#A6A9FF'
39.7730 	EXP 	other_box: fillColor = '#FFFCA6'
39.7897 	EXP 	self_box: fillColor = '#A6A9FF'
39.7897 	EXP 	other_box: fillColor = '#FFFCA6'
39.8064 	EXP 	self_box: fillColor = '#A6A9FF'
39.8064 	EXP 	other_box: fillColor = '#FFFCA6'
39.8230 	EXP 	self_box: fillColor = '#A6A9FF'
39.8230 	EXP 	other_box: fillColor = '#FFFCA6'
39.8398 	EXP 	self_box: fillColor = '#A6A9FF'
39.8398 	EXP 	other_box: fillColor = '#FFFCA6'
39.8564 	EXP 	self_box: fillColor = '#A6A9FF'
39.8564 	EXP 	other_box: fillColor = '#FAF33E'
39.8731 	EXP 	self_box: fillColor = '#A6A9FF'
39.8731 	EXP 	other_box: fillColor = '#FAF33E'
39.8898 	EXP 	self_box: fillColor = '#A6A9FF'
39.8898 	EXP 	other_box: fillColor = '#FAF33E'
39.9065 	EXP 	self_box: fillColor = '#A6A9FF'
39.9065 	EXP 	other_box: fillColor = '#FAF33E'
39.9232 	EXP 	self_box: fillColor = '#A6A9FF'
39.9232 	EXP 	other_box: fillColor = '#FAF33E'
39.9399 	EXP 	self_box: fillColor = '#A6A9FF'
39.9399 	EXP 	other_box: fillColor = '#FAF33E'
39.9567 	EXP 	self_box: fillColor = '#A6A9FF'
39.9567 	EXP 	other_box: fillColor = '#FAF33E'
39.9734 	EXP 	self_box: fillColor = '#A6A9FF'
39.9734 	EXP 	other_box: fillColor = '#FAF33E'
39.9765 	DATA 	Mouse: Left button down, pos=(985,305)
39.9901 	EXP 	self_box: fillColor = '#A6A9FF'
39.9901 	EXP 	other_box: fillColor = '#FAF33E'
39.9919 	EXP 	New trial (rep=0, index=6): {'word': u'word7.1', 'amount': u'-1.5', 'list': u'list7', 'trialtype': u'pitch', 'trialtype_extended': u'pitch_lower_small'}
40.0067 	EXP 	self_box: fillColor = '#A6A9FF'
40.0067 	EXP 	other_box: fillColor = '#FAF33E'
40.0067 	EXP 	question: autoDraw = False
40.0067 	EXP 	self_box: autoDraw = False
40.0067 	EXP 	self_label: autoDraw = False
40.0067 	EXP 	other_box: autoDraw = False
40.0067 	EXP 	other_label: autoDraw = False
40.0067 	EXP 	text: text = u'word7.1'
40.0405 	DATA 	Mouse: Left button up, pos=(985,305)
41.0249 	EXP 	text: autoDraw = True
43.4622 	EXP 	text: autoDraw = False
43.4622 	EXP 	question: autoDraw = True
43.4622 	EXP 	self_box: autoDraw = True
43.4622 	EXP 	self_label: autoDraw = True
43.4622 	EXP 	other_box: autoDraw = True
43.4622 	EXP 	other_label: autoDraw = True
43.4622 	EXP 	self_box: fillColor = '#A6A9FF'
43.4622 	EXP 	other_box: fillColor = '#FAF33E'
43.4788 	EXP 	self_box: fillColor = '#A6A9FF'
43.4788 	EXP 	other_box: fillColor = '#FAF33E'
43.4955 	EXP 	self_box: fillColor = '#A6A9FF'
43.4955 	EXP 	other_box: fillColor = '#FAF33E'
43.5122 	EXP 	self_box: fillColor = '#A6A9FF'
43.5122 	EXP 	other_box: fillColor = '#FAF33E'
43.5289 	EXP 	self_box: fillColor = '#A6A9FF'
43.5289 	EXP 	other_box: fillColor = '#FAF33E'
43.5457 	EXP 	self_box: fillColor = '#A6A9FF'
43.5457 	EXP 	other_box: fillColor = '#FAF33E'
43.5622 	EXP 	self_box: fillColor = '#A6A9FF'
43.5622 	EXP 	other_box: fillColor = '#FAF33E'
43.5790 	EXP 	self_box: fillColor = '#A6A9FF'
43.5790 	EXP 	other_box: fillColor = '#FAF33E'
43.5957 	EXP 	self_box: fillColor = '#A6A9FF'
43.5957 	EXP 	other_box: fillColor = '#FAF33E'
43.6124 	EXP 	self_box: fillColor = '#A6A9FF'
43.6124 	EXP 	other_box: fillColor = '#FAF33E'
43.6291 	EXP 	self_box: fillColor = '#A6A9FF'
43.6291 	EXP 	other_box: fillColor = '#FAF33E'
43.6458 	EXP 	self_box: fillColor = '#A6A9FF'
43.6458 	EXP 	other_box: fillColor = '#FAF33E'
43.6625 	EXP 	self_box: fillColor = '#A6A9FF'
43.6625 	EXP 	other_box: fillColor = '#FAF33E'
43.6792 	EXP 	self_box: fillColor = '#A6A9FF'
43.6792 	EXP 	other_box: fillColor = '#FAF33E'
43.6959 	EXP 	self_box: fillColor = '#A6A9FF'
43.6959 	EXP 	other_box: fillColor = '#FAF33E'
43.7125 	EXP 	self_box: fillColor = '#A6A9FF'
43.7125 	EXP 	other_box: fillColor = '#FAF33E'
43.7292 	EXP 	self_box: fillColor = '#A6A9FF'
43.7292 	EXP 	other_box: fillColor = '#FAF33E'
43.7460 	EXP 	self_box: fillColor = '#A6A9FF'
43.7460 	EXP 	other_box: fillColor = '#FAF33E'
43.7627 	EXP 	self_box: fillColor = '#A6A9FF'
43.7627 	EXP 	other_box: fillColor = '#FAF33E'
43.7794 	EXP 	self_box: fillColor = '#A6A9FF'
43.7794 	EXP 	other_box: fillColor = '#FAF33E'
43.7960 	EXP 	self_box: fillColor = '#A6A9FF'
43.7960 	EXP 	other_box: fillColor = '#FAF33E'
43.8127 	EXP 	self_box: fillColor = '#A6A9FF'
43.8127 	EXP 	other_box: fillColor = '#FAF33E'
43.8294 	EXP 	self_box: fillColor = '#A6A9FF'
43.8294 	EXP 	other_box: fillColor = '#FAF33E'
43.8461 	EXP 	self_box: fillColor = '#A6A9FF'
43.8461 	EXP 	other_box: fillColor = '#FAF33E'
43.8628 	EXP 	self_box: fillColor = '#A6A9FF'
43.8628 	EXP 	other_box: fillColor = '#FAF33E'
43.8795 	EXP 	self_box: fillColor = '#A6A9FF'
43.8795 	EXP 	other_box: fillColor = '#FAF33E'
43.8962 	EXP 	self_box: fillColor = '#A6A9FF'
43.8962 	EXP 	other_box: fillColor = '#FAF33E'
43.9129 	EXP 	self_box: fillColor = '#A6A9FF'
43.9129 	EXP 	other_box: fillColor = '#FAF33E'
43.9296 	EXP 	self_box: fillColor = '#A6A9FF'
43.9296 	EXP 	other_box: fillColor = '#FAF33E'
43.9464 	EXP 	self_box: fillColor = '#A6A9FF'
43.9464 	EXP 	other_box: fillColor = '#FAF33E'
43.9630 	EXP 	self_box: fillColor = '#A6A9FF'
43.9630 	EXP 	other_box: fillColor = '#FAF33E'
43.9797 	EXP 	self_box: fillColor = '#A6A9FF'
43.9797 	EXP 	other_box: fillColor = '#FAF33E'
43.9963 	EXP 	self_box: fillColor = '#A6A9FF'
43.9963 	EXP 	other_box: fillColor = '#FAF33E'
44.0131 	EXP 	self_box: fillColor = '#A6A9FF'
44.0131 	EXP 	other_box: fillColor = '#FAF33E'
44.0298 	EXP 	self_box: fillColor = '#A6A9FF'
44.0298 	EXP 	other_box: fillColor = '#FAF33E'
44.0465 	EXP 	self_box: fillColor = '#A6A9FF'
44.0465 	EXP 	other_box: fillColor = '#FAF33E'
44.0631 	EXP 	self_box: fillColor = '#A6A9FF'
44.0631 	EXP 	other_box: fillColor = '#FAF33E'
44.0799 	EXP 	self_box: fillColor = '#A6A9FF'
44.0799 	EXP 	other_box: fillColor = '#FAF33E'
44.0967 	EXP 	self_box: fillColor = '#A6A9FF'
44.0967 	EXP 	other_box: fillColor = '#FAF33E'
44.1132 	EXP 	self_box: fillColor = '#A6A9FF'
44.1132 	EXP 	other_box: fillColor = '#FAF33E'
44.1299 	EXP 	self_box: fillColor = '#A6A9FF'
44.1299 	EXP 	other_box: fillColor = '#FAF33E'
44.1467 	EXP 	self_box: fillColor = '#A6A9FF'
44.1467 	EXP 	other_box: fillColor = '#FAF33E'
44.1632 	EXP 	self_box: fillColor = '#A6A9FF'
44.1632 	EXP 	other_box: fillColor = '#FAF33E'
44.1799 	EXP 	self_box: fillColor = '#A6A9FF'
44.1799 	EXP 	other_box: fillColor = '#FAF33E'
44.1966 	EXP 	self_box: fillColor = '#A6A9FF'
44.1966 	EXP 	other_box: fillColor = '#FAF33E'
44.2133 	EXP 	self_box: fillColor = '#A6A9FF'
44.2133 	EXP 	other_box: fillColor = '#FAF33E'
44.2300 	EXP 	self_box: fillColor = '#A6A9FF'
44.2300 	EXP 	other_box: fillColor = '#FAF33E'
44.2467 	EXP 	self_box: fillColor = '#A6A9FF'
44.2467 	EXP 	other_box: fillColor = '#FAF33E'
44.2634 	EXP 	self_box: fillColor = '#A6A9FF'
44.2634 	EXP 	other_box: fillColor = '#FAF33E'
44.2803 	EXP 	self_box: fillColor = '#A6A9FF'
44.2803 	EXP 	other_box: fillColor = '#FAF33E'
44.2968 	EXP 	self_box: fillColor = '#A6A9FF'
44.2968 	EXP 	other_box: fillColor = '#FAF33E'
44.3134 	EXP 	self_box: fillColor = '#A6A9FF'
44.3134 	EXP 	other_box: fillColor = '#FAF33E'
44.3302 	EXP 	self_box: fillColor = '#A6A9FF'
44.3302 	EXP 	other_box: fillColor = '#FAF33E'
44.3469 	EXP 	self_box: fillColor = '#A6A9FF'
44.3469 	EXP 	other_box: fillColor = '#FAF33E'
44.3636 	EXP 	self_box: fillColor = '#A6A9FF'
44.3636 	EXP 	other_box: fillColor = '#FAF33E'
44.3803 	EXP 	self_box: fillColor = '#A6A9FF'
44.3803 	EXP 	other_box: fillColor = '#FAF33E'
44.3970 	EXP 	self_box: fillColor = '#A6A9FF'
44.3970 	EXP 	other_box: fillColor = '#FAF33E'
44.4137 	EXP 	self_box: fillColor = '#A6A9FF'
44.4137 	EXP 	other_box: fillColor = '#FAF33E'
44.4304 	EXP 	self_box: fillColor = '#A6A9FF'
44.4304 	EXP 	other_box: fillColor = '#FAF33E'
44.4470 	EXP 	self_box: fillColor = '#A6A9FF'
44.4470 	EXP 	other_box: fillColor = '#FAF33E'
44.4638 	EXP 	self_box: fillColor = '#A6A9FF'
44.4638 	EXP 	other_box: fillColor = '#FAF33E'
44.4804 	EXP 	self_box: fillColor = '#A6A9FF'
44.4804 	EXP 	other_box: fillColor = '#FAF33E'
44.4972 	EXP 	self_box: fillColor = '#A6A9FF'
44.4972 	EXP 	other_box: fillColor = '#FAF33E'
44.5138 	EXP 	self_box: fillColor = '#A6A9FF'
44.5138 	EXP 	other_box: fillColor = '#FAF33E'
44.5305 	EXP 	self_box: fillColor = '#A6A9FF'
44.5305 	EXP 	other_box: fillColor = '#FAF33E'
44.5473 	EXP 	self_box: fillColor = '#A6A9FF'
44.5473 	EXP 	other_box: fillColor = '#FAF33E'
44.5639 	EXP 	self_box: fillColor = '#A6A9FF'
44.5639 	EXP 	other_box: fillColor = '#FAF33E'
44.5807 	EXP 	self_box: fillColor = '#A6A9FF'
44.5807 	EXP 	other_box: fillColor = '#FAF33E'
44.5973 	EXP 	self_box: fillColor = '#A6A9FF'
44.5973 	EXP 	other_box: fillColor = '#FAF33E'
44.6140 	EXP 	self_box: fillColor = '#A6A9FF'
44.6140 	EXP 	other_box: fillColor = '#FAF33E'
44.6307 	EXP 	self_box: fillColor = '#A6A9FF'
44.6307 	EXP 	other_box: fillColor = '#FAF33E'
44.6474 	EXP 	self_box: fillColor = '#A6A9FF'
44.6474 	EXP 	other_box: fillColor = '#FAF33E'
44.6641 	EXP 	self_box: fillColor = '#A6A9FF'
44.6641 	EXP 	other_box: fillColor = '#FAF33E'
44.6808 	EXP 	self_box: fillColor = '#A6A9FF'
44.6808 	EXP 	other_box: fillColor = '#FAF33E'
44.6976 	EXP 	self_box: fillColor = '#A6A9FF'
44.6976 	EXP 	other_box: fillColor = '#FAF33E'
44.7142 	EXP 	self_box: fillColor = '#A6A9FF'
44.7142 	EXP 	other_box: fillColor = '#FAF33E'
44.7309 	EXP 	self_box: fillColor = '#A6A9FF'
44.7309 	EXP 	other_box: fillColor = '#FAF33E'
44.7476 	EXP 	self_box: fillColor = '#A6A9FF'
44.7476 	EXP 	other_box: fillColor = '#FAF33E'
44.7642 	EXP 	self_box: fillColor = '#A6A9FF'
44.7642 	EXP 	other_box: fillColor = '#FAF33E'
44.7809 	EXP 	self_box: fillColor = '#A6A9FF'
44.7809 	EXP 	other_box: fillColor = '#FAF33E'
44.7978 	EXP 	self_box: fillColor = '#A6A9FF'
44.7978 	EXP 	other_box: fillColor = '#FAF33E'
44.8143 	EXP 	self_box: fillColor = '#A6A9FF'
44.8143 	EXP 	other_box: fillColor = '#FAF33E'
44.8310 	EXP 	self_box: fillColor = '#A6A9FF'
44.8310 	EXP 	other_box: fillColor = '#FAF33E'
44.8477 	EXP 	self_box: fillColor = '#A6A9FF'
44.8477 	EXP 	other_box: fillColor = '#FAF33E'
44.8643 	EXP 	self_box: fillColor = '#A6A9FF'
44.8643 	EXP 	other_box: fillColor = '#FAF33E'
44.8811 	EXP 	self_box: fillColor = '#A6A9FF'
44.8811 	EXP 	other_box: fillColor = '#FAF33E'
44.8978 	EXP 	self_box: fillColor = '#A6A9FF'
44.8978 	EXP 	other_box: fillColor = '#FAF33E'
44.9144 	EXP 	self_box: fillColor = '#A6A9FF'
44.9144 	EXP 	other_box: fillColor = '#FAF33E'
44.9312 	EXP 	self_box: fillColor = '#A6A9FF'
44.9312 	EXP 	other_box: fillColor = '#FAF33E'
44.9479 	EXP 	self_box: fillColor = '#A6A9FF'
44.9479 	EXP 	other_box: fillColor = '#FAF33E'
44.9645 	EXP 	self_box: fillColor = '#A6A9FF'
44.9645 	EXP 	other_box: fillColor = '#FAF33E'
44.9813 	EXP 	self_box: fillColor = '#A6A9FF'
44.9813 	EXP 	other_box: fillColor = '#FFFCA6'
44.9979 	EXP 	self_box: fillColor = '#A6A9FF'
44.9979 	EXP 	other_box: fillColor = '#FFFCA6'
45.0146 	EXP 	self_box: fillColor = '#A6A9FF'
45.0146 	EXP 	other_box: fillColor = '#FFFCA6'
45.0314 	EXP 	self_box: fillColor = '#A6A9FF'
45.0314 	EXP 	other_box: fillColor = '#FFFCA6'
45.0481 	EXP 	self_box: fillColor = '#A6A9FF'
45.0481 	EXP 	other_box: fillColor = '#FFFCA6'
45.0648 	EXP 	self_box: fillColor = '#A6A9FF'
45.0648 	EXP 	other_box: fillColor = '#FFFCA6'
45.0815 	EXP 	self_box: fillColor = '#3E45FA'
45.0815 	EXP 	other_box: fillColor = '#FFFCA6'
45.0981 	EXP 	self_box: fillColor = '#3E45FA'
45.0981 	EXP 	other_box: fillColor = '#FFFCA6'
45.1149 	EXP 	self_box: fillColor = '#3E45FA'
45.1149 	EXP 	other_box: fillColor = '#FFFCA6'
45.1315 	EXP 	self_box: fillColor = '#3E45FA'
45.1315 	EXP 	other_box: fillColor = '#FFFCA6'
45.1482 	EXP 	self_box: fillColor = '#3E45FA'
45.1482 	EXP 	other_box: fillColor = '#FFFCA6'
45.1649 	EXP 	self_box: fillColor = '#3E45FA'
45.1649 	EXP 	other_box: fillColor = '#FFFCA6'
45.1815 	EXP 	self_box: fillColor = '#3E45FA'
45.1815 	EXP 	other_box: fillColor = '#FFFCA6'
45.1983 	EXP 	self_box: fillColor = '#3E45FA'
45.1983 	EXP 	other_box: fillColor = '#FFFCA6'
45.2149 	EXP 	self_box: fillColor = '#3E45FA'
45.2149 	EXP 	other_box: fillColor = '#FFFCA6'
45.2315 	EXP 	self_box: fillColor = '#3E45FA'
45.2315 	EXP 	other_box: fillColor = '#FFFCA6'
45.2483 	EXP 	self_box: fillColor = '#3E45FA'
45.2483 	EXP 	other_box: fillColor = '#FFFCA6'
45.2650 	EXP 	self_box: fillColor = '#3E45FA'
45.2650 	EXP 	other_box: fillColor = '#FFFCA6'
45.2817 	EXP 	self_box: fillColor = '#3E45FA'
45.2817 	EXP 	other_box: fillColor = '#FFFCA6'
45.2822 	DATA 	Mouse: Left button down, pos=(449,231)
45.3046 	EXP 	New trial (rep=0, index=7): {'word': u'word2.1', 'amount': u'0.8', 'list': u'list2', 'trialtype': u'speed', 'trialtype_extended': u'slow_medium'}
45.3150 	EXP 	self_box: fillColor = '#3E45FA'
45.3150 	EXP 	other_box: fillColor = '#FFFCA6'
45.3150 	EXP 	question: autoDraw = False
45.3150 	EXP 	self_box: autoDraw = False
45.3150 	EXP 	self_label: autoDraw = False
45.3150 	EXP 	other_box: autoDraw = False
45.3150 	EXP 	other_label: autoDraw = False
45.3150 	EXP 	text: text = u'word2.1'
45.3322 	DATA 	Mouse: Left button up, pos=(449,231)
46.3334 	EXP 	text: autoDraw = True
49.3214 	EXP 	text: autoDraw = False
49.3214 	EXP 	question: autoDraw = True
49.3214 	EXP 	self_box: autoDraw = True
49.3214 	EXP 	self_label: autoDraw = True
49.3214 	EXP 	other_box: autoDraw = True
49.3214 	EXP 	other_label: autoDraw = True
49.3214 	EXP 	self_box: fillColor = '#A6A9FF'
49.3214 	EXP 	other_box: fillColor = '#FFFCA6'
49.3382 	EXP 	self_box: fillColor = '#A6A9FF'
49.3382 	EXP 	other_box: fillColor = '#FFFCA6'
49.3548 	EXP 	self_box: fillColor = '#A6A9FF'
49.3548 	EXP 	other_box: fillColor = '#FFFCA6'
49.3715 	EXP 	self_box: fillColor = '#A6A9FF'
49.3715 	EXP 	other_box: fillColor = '#FFFCA6'
49.3883 	EXP 	self_box: fillColor = '#A6A9FF'
49.3883 	EXP 	other_box: fillColor = '#FFFCA6'
49.4049 	EXP 	self_box: fillColor = '#A6A9FF'
49.4049 	EXP 	other_box: fillColor = '#FFFCA6'
49.4216 	EXP 	self_box: fillColor = '#A6A9FF'
49.4216 	EXP 	other_box: fillColor = '#FFFCA6'
49.4382 	EXP 	self_box: fillColor = '#A6A9FF'
49.4382 	EXP 	other_box: fillColor = '#FFFCA6'
49.4550 	EXP 	self_box: fillColor = '#A6A9FF'
49.4550 	EXP 	other_box: fillColor = '#FFFCA6'
49.4717 	EXP 	self_box: fillColor = '#A6A9FF'
49.4717 	EXP 	other_box: fillColor = '#FFFCA6'
49.4884 	EXP 	self_box: fillColor = '#A6A9FF'
49.4884 	EXP 	other_box: fillColor = '#FFFCA6'
49.5051 	EXP 	self_box: fillColor = '#A6A9FF'
49.5051 	EXP 	other_box: fillColor = '#FFFCA6'
49.5218 	EXP 	self_box: fillColor = '#A6A9FF'
49.5218 	EXP 	other_box: fillColor = '#FFFCA6'
49.5386 	EXP 	self_box: fillColor = '#A6A9FF'
49.5386 	EXP 	other_box: fillColor = '#FFFCA6'
49.5552 	EXP 	self_box: fillColor = '#A6A9FF'
49.5552 	EXP 	other_box: fillColor = '#FFFCA6'
49.5719 	EXP 	self_box: fillColor = '#A6A9FF'
49.5719 	EXP 	other_box: fillColor = '#FFFCA6'
49.5885 	EXP 	self_box: fillColor = '#A6A9FF'
49.5885 	EXP 	other_box: fillColor = '#FFFCA6'
49.6053 	EXP 	self_box: fillColor = '#A6A9FF'
49.6053 	EXP 	other_box: fillColor = '#FFFCA6'
49.6220 	EXP 	self_box: fillColor = '#A6A9FF'
49.6220 	EXP 	other_box: fillColor = '#FFFCA6'
49.6387 	EXP 	self_box: fillColor = '#A6A9FF'
49.6387 	EXP 	other_box: fillColor = '#FFFCA6'
49.6553 	EXP 	self_box: fillColor = '#A6A9FF'
49.6553 	EXP 	other_box: fillColor = '#FFFCA6'
49.6720 	EXP 	self_box: fillColor = '#A6A9FF'
49.6720 	EXP 	other_box: fillColor = '#FFFCA6'
49.6888 	EXP 	self_box: fillColor = '#A6A9FF'
49.6888 	EXP 	other_box: fillColor = '#FFFCA6'
49.7054 	EXP 	self_box: fillColor = '#A6A9FF'
49.7054 	EXP 	other_box: fillColor = '#FFFCA6'
49.7222 	EXP 	self_box: fillColor = '#A6A9FF'
49.7222 	EXP 	other_box: fillColor = '#FFFCA6'
49.7388 	EXP 	self_box: fillColor = '#A6A9FF'
49.7388 	EXP 	other_box: fillColor = '#FFFCA6'
49.7556 	EXP 	self_box: fillColor = '#A6A9FF'
49.7556 	EXP 	other_box: fillColor = '#FFFCA6'
49.7722 	EXP 	self_box: fillColor = '#A6A9FF'
49.7722 	EXP 	other_box: fillColor = '#FFFCA6'
49.7889 	EXP 	self_box: fillColor = '#A6A9FF'
49.7889 	EXP 	other_box: fillColor = '#FFFCA6'
49.8057 	EXP 	self_box: fillColor = '#A6A9FF'
49.8057 	EXP 	other_box: fillColor = '#FFFCA6'
49.8222 	EXP 	self_box: fillColor = '#A6A9FF'
49.8222 	EXP 	other_box: fillColor = '#FFFCA6'
49.8391 	EXP 	self_box: fillColor = '#A6A9FF'
49.8391 	EXP 	other_box: fillColor = '#FFFCA6'
49.8558 	EXP 	self_box: fillColor = '#A6A9FF'
49.8558 	EXP 	other_box: fillColor = '#FFFCA6'
49.8724 	EXP 	self_box: fillColor = '#A6A9FF'
49.8724 	EXP 	other_box: fillColor = '#FFFCA6'
49.8891 	EXP 	self_box: fillColor = '#A6A9FF'
49.8891 	EXP 	other_box: fillColor = '#FFFCA6'
49.9057 	EXP 	self_box: fillColor = '#A6A9FF'
49.9057 	EXP 	other_box: fillColor = '#FFFCA6'
49.9225 	EXP 	self_box: fillColor = '#A6A9FF'
49.9225 	EXP 	other_box: fillColor = '#FFFCA6'
49.9392 	EXP 	self_box: fillColor = '#A6A9FF'
49.9392 	EXP 	other_box: fillColor = '#FFFCA6'
49.9559 	EXP 	self_box: fillColor = '#A6A9FF'
49.9559 	EXP 	other_box: fillColor = '#FFFCA6'
49.9725 	EXP 	self_box: fillColor = '#A6A9FF'
49.9725 	EXP 	other_box: fillColor = '#FFFCA6'
49.9892 	EXP 	self_box: fillColor = '#A6A9FF'
49.9892 	EXP 	other_box: fillColor = '#FFFCA6'
50.0060 	EXP 	self_box: fillColor = '#A6A9FF'
50.0060 	EXP 	other_box: fillColor = '#FFFCA6'
50.0226 	EXP 	self_box: fillColor = '#A6A9FF'
50.0226 	EXP 	other_box: fillColor = '#FFFCA6'
50.0393 	EXP 	self_box: fillColor = '#A6A9FF'
50.0393 	EXP 	other_box: fillColor = '#FFFCA6'
50.0561 	EXP 	self_box: fillColor = '#A6A9FF'
50.0561 	EXP 	other_box: fillColor = '#FFFCA6'
50.0727 	EXP 	self_box: fillColor = '#A6A9FF'
50.0727 	EXP 	other_box: fillColor = '#FFFCA6'
50.0894 	EXP 	self_box: fillColor = '#A6A9FF'
50.0894 	EXP 	other_box: fillColor = '#FFFCA6'
50.1061 	EXP 	self_box: fillColor = '#A6A9FF'
50.1061 	EXP 	other_box: fillColor = '#FFFCA6'
50.1228 	EXP 	self_box: fillColor = '#A6A9FF'
50.1228 	EXP 	other_box: fillColor = '#FFFCA6'
50.1395 	EXP 	self_box: fillColor = '#A6A9FF'
50.1395 	EXP 	other_box: fillColor = '#FFFCA6'
50.1562 	EXP 	self_box: fillColor = '#A6A9FF'
50.1562 	EXP 	other_box: fillColor = '#FFFCA6'
50.1728 	EXP 	self_box: fillColor = '#A6A9FF'
50.1728 	EXP 	other_box: fillColor = '#FFFCA6'
50.1895 	EXP 	self_box: fillColor = '#A6A9FF'
50.1895 	EXP 	other_box: fillColor = '#FFFCA6'
50.2062 	EXP 	self_box: fillColor = '#A6A9FF'
50.2062 	EXP 	other_box: fillColor = '#FFFCA6'
50.2229 	EXP 	self_box: fillColor = '#A6A9FF'
50.2229 	EXP 	other_box: fillColor = '#FFFCA6'
50.2396 	EXP 	self_box: fillColor = '#A6A9FF'
50.2396 	EXP 	other_box: fillColor = '#FFFCA6'
50.2563 	EXP 	self_box: fillColor = '#A6A9FF'
50.2563 	EXP 	other_box: fillColor = '#FFFCA6'
50.2731 	EXP 	self_box: fillColor = '#A6A9FF'
50.2731 	EXP 	other_box: fillColor = '#FFFCA6'
50.2897 	EXP 	self_box: fillColor = '#A6A9FF'
50.2897 	EXP 	other_box: fillColor = '#FFFCA6'
50.3063 	EXP 	self_box: fillColor = '#A6A9FF'
50.3063 	EXP 	other_box: fillColor = '#FFFCA6'
50.3231 	EXP 	self_box: fillColor = '#A6A9FF'
50.3231 	EXP 	other_box: fillColor = '#FFFCA6'
50.3397 	EXP 	self_box: fillColor = '#A6A9FF'
50.3397 	EXP 	other_box: fillColor = '#FFFCA6'
50.3564 	EXP 	self_box: fillColor = '#A6A9FF'
50.3564 	EXP 	other_box: fillColor = '#FFFCA6'
50.3732 	EXP 	self_box: fillColor = '#A6A9FF'
50.3732 	EXP 	other_box: fillColor = '#FFFCA6'
50.3898 	EXP 	self_box: fillColor = '#A6A9FF'
50.3898 	EXP 	other_box: fillColor = '#FFFCA6'
50.4066 	EXP 	self_box: fillColor = '#A6A9FF'
50.4066 	EXP 	other_box: fillColor = '#FFFCA6'
50.4233 	EXP 	self_box: fillColor = '#3E45FA'
50.4233 	EXP 	other_box: fillColor = '#FFFCA6'
50.4398 	EXP 	self_box: fillColor = '#3E45FA'
50.4398 	EXP 	other_box: fillColor = '#FFFCA6'
50.4567 	EXP 	self_box: fillColor = '#3E45FA'
50.4567 	EXP 	other_box: fillColor = '#FFFCA6'
50.4733 	EXP 	self_box: fillColor = '#3E45FA'
50.4733 	EXP 	other_box: fillColor = '#FFFCA6'
50.4899 	EXP 	self_box: fillColor = '#3E45FA'
50.4899 	EXP 	other_box: fillColor = '#FFFCA6'
50.5067 	EXP 	self_box: fillColor = '#3E45FA'
50.5067 	EXP 	other_box: fillColor = '#FFFCA6'
50.5233 	EXP 	self_box: fillColor = '#3E45FA'
50.5233 	EXP 	other_box: fillColor = '#FFFCA6'
50.5400 	EXP 	self_box: fillColor = '#3E45FA'
50.5400 	EXP 	other_box: fillColor = '#FFFCA6'
50.5568 	EXP 	self_box: fillColor = '#3E45FA'
50.5568 	EXP 	other_box: fillColor = '#FFFCA6'
50.5734 	EXP 	self_box: fillColor = '#3E45FA'
50.5734 	EXP 	other_box: fillColor = '#FFFCA6'
50.5901 	EXP 	self_box: fillColor = '#3E45FA'
50.5901 	EXP 	other_box: fillColor = '#FFFCA6'
50.6070 	EXP 	self_box: fillColor = '#3E45FA'
50.6070 	EXP 	other_box: fillColor = '#FFFCA6'
50.6074 	DATA 	Mouse: Left button down, pos=(462,246)
50.6086 	EXP 	New trial (rep=0, index=8): {'word': u'word1.1', 'amount': u'unmodified', 'list': u'list1', 'trialtype': u'unmodified', 'trialtype_extended': u'unmodified'}
50.6236 	EXP 	self_box: fillColor = '#3E45FA'
50.6236 	EXP 	other_box: fillColor = '#FFFCA6'
50.6236 	EXP 	question: autoDraw = False
50.6236 	EXP 	self_box: autoDraw = False
50.6236 	EXP 	self_label: autoDraw = False
50.6236 	EXP 	other_box: autoDraw = False
50.6236 	EXP 	other_label: autoDraw = False
50.6236 	EXP 	text: text = u'word1.1'
50.6574 	DATA 	Mouse: Left button up, pos=(462,246)
51.6418 	EXP 	text: autoDraw = True
54.9472 	EXP 	text: autoDraw = False
54.9472 	EXP 	question: autoDraw = True
54.9472 	EXP 	self_box: autoDraw = True
54.9472 	EXP 	self_label: autoDraw = True
54.9472 	EXP 	other_box: autoDraw = True
54.9472 	EXP 	other_label: autoDraw = True
54.9472 	EXP 	self_box: fillColor = '#A6A9FF'
54.9472 	EXP 	other_box: fillColor = '#FFFCA6'
54.9638 	EXP 	self_box: fillColor = '#A6A9FF'
54.9638 	EXP 	other_box: fillColor = '#FFFCA6'
54.9805 	EXP 	self_box: fillColor = '#A6A9FF'
54.9805 	EXP 	other_box: fillColor = '#FFFCA6'
54.9972 	EXP 	self_box: fillColor = '#A6A9FF'
54.9972 	EXP 	other_box: fillColor = '#FFFCA6'
55.0138 	EXP 	self_box: fillColor = '#A6A9FF'
55.0138 	EXP 	other_box: fillColor = '#FFFCA6'
55.0307 	EXP 	self_box: fillColor = '#A6A9FF'
55.0307 	EXP 	other_box: fillColor = '#FFFCA6'
55.0473 	EXP 	self_box: fillColor = '#A6A9FF'
55.0473 	EXP 	other_box: fillColor = '#FFFCA6'
55.0640 	EXP 	self_box: fillColor = '#A6A9FF'
55.0640 	EXP 	other_box: fillColor = '#FFFCA6'
55.0807 	EXP 	self_box: fillColor = '#A6A9FF'
55.0807 	EXP 	other_box: fillColor = '#FFFCA6'
55.0974 	EXP 	self_box: fillColor = '#A6A9FF'
55.0974 	EXP 	other_box: fillColor = '#FFFCA6'
55.1141 	EXP 	self_box: fillColor = '#A6A9FF'
55.1141 	EXP 	other_box: fillColor = '#FFFCA6'
55.1307 	EXP 	self_box: fillColor = '#A6A9FF'
55.1307 	EXP 	other_box: fillColor = '#FFFCA6'
55.1474 	EXP 	self_box: fillColor = '#A6A9FF'
55.1474 	EXP 	other_box: fillColor = '#FFFCA6'
55.1641 	EXP 	self_box: fillColor = '#A6A9FF'
55.1641 	EXP 	other_box: fillColor = '#FFFCA6'
55.1809 	EXP 	self_box: fillColor = '#A6A9FF'
55.1809 	EXP 	other_box: fillColor = '#FFFCA6'
55.1975 	EXP 	self_box: fillColor = '#A6A9FF'
55.1975 	EXP 	other_box: fillColor = '#FFFCA6'
55.2141 	EXP 	self_box: fillColor = '#A6A9FF'
55.2141 	EXP 	other_box: fillColor = '#FFFCA6'
55.2308 	EXP 	self_box: fillColor = '#A6A9FF'
55.2308 	EXP 	other_box: fillColor = '#FFFCA6'
55.2475 	EXP 	self_box: fillColor = '#A6A9FF'
55.2475 	EXP 	other_box: fillColor = '#FFFCA6'
55.2642 	EXP 	self_box: fillColor = '#A6A9FF'
55.2642 	EXP 	other_box: fillColor = '#FAF33E'
55.2809 	EXP 	self_box: fillColor = '#A6A9FF'
55.2809 	EXP 	other_box: fillColor = '#FAF33E'
55.2977 	EXP 	self_box: fillColor = '#A6A9FF'
55.2977 	EXP 	other_box: fillColor = '#FAF33E'
55.3143 	EXP 	self_box: fillColor = '#A6A9FF'
55.3143 	EXP 	other_box: fillColor = '#FAF33E'
55.3310 	EXP 	self_box: fillColor = '#A6A9FF'
55.3310 	EXP 	other_box: fillColor = '#FAF33E'
55.3478 	EXP 	self_box: fillColor = '#A6A9FF'
55.3478 	EXP 	other_box: fillColor = '#FAF33E'
55.3644 	EXP 	self_box: fillColor = '#A6A9FF'
55.3644 	EXP 	other_box: fillColor = '#FAF33E'
55.3811 	EXP 	self_box: fillColor = '#A6A9FF'
55.3811 	EXP 	other_box: fillColor = '#FAF33E'
55.3978 	EXP 	self_box: fillColor = '#A6A9FF'
55.3978 	EXP 	other_box: fillColor = '#FAF33E'
55.4144 	EXP 	self_box: fillColor = '#A6A9FF'
55.4144 	EXP 	other_box: fillColor = '#FAF33E'
55.4312 	EXP 	self_box: fillColor = '#A6A9FF'
55.4312 	EXP 	other_box: fillColor = '#FAF33E'
55.4478 	EXP 	self_box: fillColor = '#A6A9FF'
55.4478 	EXP 	other_box: fillColor = '#FAF33E'
55.4646 	EXP 	self_box: fillColor = '#A6A9FF'
55.4646 	EXP 	other_box: fillColor = '#FAF33E'
55.4651 	DATA 	Mouse: Left button down, pos=(1087,301)
55.4654 	DATA 	Mouse: Left button up, pos=(1087,301)
55.4813 	EXP 	self_box: fillColor = '#A6A9FF'
55.4813 	EXP 	other_box: fillColor = '#FAF33E'
55.4980 	EXP 	self_box: fillColor = '#A6A9FF'
55.4980 	EXP 	other_box: fillColor = '#FAF33E'
55.5146 	EXP 	self_box: fillColor = '#A6A9FF'
55.5146 	EXP 	other_box: fillColor = '#FAF33E'
55.5313 	EXP 	self_box: fillColor = '#A6A9FF'
55.5313 	EXP 	other_box: fillColor = '#FAF33E'
55.5481 	EXP 	self_box: fillColor = '#A6A9FF'
55.5481 	EXP 	other_box: fillColor = '#FAF33E'
55.5647 	EXP 	self_box: fillColor = '#A6A9FF'
55.5647 	EXP 	other_box: fillColor = '#FAF33E'
55.5815 	EXP 	self_box: fillColor = '#A6A9FF'
55.5815 	EXP 	other_box: fillColor = '#FAF33E'
55.5982 	EXP 	self_box: fillColor = '#A6A9FF'
55.5982 	EXP 	other_box: fillColor = '#FAF33E'
55.6148 	EXP 	self_box: fillColor = '#A6A9FF'
55.6148 	EXP 	other_box: fillColor = '#FAF33E'
55.6315 	EXP 	self_box: fillColor = '#A6A9FF'
55.6315 	EXP 	other_box: fillColor = '#FAF33E'
55.6482 	EXP 	self_box: fillColor = '#A6A9FF'
55.6482 	EXP 	other_box: fillColor = '#FAF33E'
55.6648 	EXP 	self_box: fillColor = '#A6A9FF'
55.6648 	EXP 	other_box: fillColor = '#FAF33E'
55.6814 	EXP 	self_box: fillColor = '#A6A9FF'
55.6814 	EXP 	other_box: fillColor = '#FAF33E'
55.6982 	EXP 	self_box: fillColor = '#A6A9FF'
55.6982 	EXP 	other_box: fillColor = '#FAF33E'
55.7150 	EXP 	self_box: fillColor = '#A6A9FF'
55.7150 	EXP 	other_box: fillColor = '#FAF33E'
55.7316 	EXP 	self_box: fillColor = '#A6A9FF'
55.7316 	EXP 	other_box: fillColor = '#FAF33E'
55.7483 	EXP 	self_box: fillColor = '#A6A9FF'
55.7483 	EXP 	other_box: fillColor = '#FAF33E'
55.7650 	EXP 	self_box: fillColor = '#A6A9FF'
55.7650 	EXP 	other_box: fillColor = '#FAF33E'
55.7817 	EXP 	self_box: fillColor = '#A6A9FF'
55.7817 	EXP 	other_box: fillColor = '#FAF33E'
55.7984 	EXP 	self_box: fillColor = '#A6A9FF'
55.7984 	EXP 	other_box: fillColor = '#FAF33E'
55.8151 	EXP 	self_box: fillColor = '#A6A9FF'
55.8151 	EXP 	other_box: fillColor = '#FAF33E'
55.8318 	EXP 	self_box: fillColor = '#A6A9FF'
55.8318 	EXP 	other_box: fillColor = '#FAF33E'
55.8485 	EXP 	self_box: fillColor = '#A6A9FF'
55.8485 	EXP 	other_box: fillColor = '#FAF33E'
55.8652 	EXP 	self_box: fillColor = '#A6A9FF'
55.8652 	EXP 	other_box: fillColor = '#FAF33E'
55.8819 	EXP 	self_box: fillColor = '#A6A9FF'
55.8819 	EXP 	other_box: fillColor = '#FAF33E'
55.8986 	EXP 	self_box: fillColor = '#A6A9FF'
55.8986 	EXP 	other_box: fillColor = '#FAF33E'
55.9152 	EXP 	self_box: fillColor = '#A6A9FF'
55.9152 	EXP 	other_box: fillColor = '#FAF33E'
55.9320 	EXP 	self_box: fillColor = '#A6A9FF'
55.9320 	EXP 	other_box: fillColor = '#FAF33E'
55.9486 	EXP 	self_box: fillColor = '#A6A9FF'
55.9486 	EXP 	other_box: fillColor = '#FAF33E'
55.9653 	EXP 	self_box: fillColor = '#A6A9FF'
55.9653 	EXP 	other_box: fillColor = '#FAF33E'
55.9821 	EXP 	self_box: fillColor = '#A6A9FF'
55.9821 	EXP 	other_box: fillColor = '#FAF33E'
55.9987 	EXP 	self_box: fillColor = '#A6A9FF'
55.9987 	EXP 	other_box: fillColor = '#FAF33E'
56.0154 	EXP 	self_box: fillColor = '#A6A9FF'
56.0154 	EXP 	other_box: fillColor = '#FAF33E'
56.0321 	EXP 	self_box: fillColor = '#A6A9FF'
56.0321 	EXP 	other_box: fillColor = '#FAF33E'
56.0488 	EXP 	self_box: fillColor = '#A6A9FF'
56.0488 	EXP 	other_box: fillColor = '#FAF33E'
56.0655 	EXP 	self_box: fillColor = '#A6A9FF'
56.0655 	EXP 	other_box: fillColor = '#FAF33E'
56.0822 	EXP 	self_box: fillColor = '#A6A9FF'
56.0822 	EXP 	other_box: fillColor = '#FAF33E'
56.0991 	EXP 	self_box: fillColor = '#A6A9FF'
56.0991 	EXP 	other_box: fillColor = '#FAF33E'
56.1155 	EXP 	self_box: fillColor = '#A6A9FF'
56.1155 	EXP 	other_box: fillColor = '#FAF33E'
56.1323 	EXP 	self_box: fillColor = '#A6A9FF'
56.1323 	EXP 	other_box: fillColor = '#FAF33E'
56.1489 	EXP 	self_box: fillColor = '#A6A9FF'
56.1489 	EXP 	other_box: fillColor = '#FAF33E'
56.1657 	EXP 	self_box: fillColor = '#A6A9FF'
56.1657 	EXP 	other_box: fillColor = '#FAF33E'
56.1823 	EXP 	self_box: fillColor = '#A6A9FF'
56.1823 	EXP 	other_box: fillColor = '#FAF33E'
56.1991 	EXP 	self_box: fillColor = '#A6A9FF'
56.1991 	EXP 	other_box: fillColor = '#FAF33E'
56.2157 	EXP 	self_box: fillColor = '#A6A9FF'
56.2157 	EXP 	other_box: fillColor = '#FAF33E'
56.2325 	EXP 	self_box: fillColor = '#A6A9FF'
56.2325 	EXP 	other_box: fillColor = '#FAF33E'
56.2491 	EXP 	self_box: fillColor = '#A6A9FF'
56.2491 	EXP 	other_box: fillColor = '#FAF33E'
56.2658 	EXP 	self_box: fillColor = '#A6A9FF'
56.2658 	EXP 	other_box: fillColor = '#FAF33E'
56.2825 	EXP 	self_box: fillColor = '#A6A9FF'
56.2825 	EXP 	other_box: fillColor = '#FAF33E'
56.2992 	EXP 	self_box: fillColor = '#A6A9FF'
56.2992 	EXP 	other_box: fillColor = '#FAF33E'
56.3159 	EXP 	self_box: fillColor = '#A6A9FF'
56.3159 	EXP 	other_box: fillColor = '#FAF33E'
56.3327 	EXP 	self_box: fillColor = '#A6A9FF'
56.3327 	EXP 	other_box: fillColor = '#FAF33E'
56.3493 	EXP 	self_box: fillColor = '#A6A9FF'
56.3493 	EXP 	other_box: fillColor = '#FAF33E'
56.3660 	EXP 	self_box: fillColor = '#A6A9FF'
56.3660 	EXP 	other_box: fillColor = '#FAF33E'
56.3827 	EXP 	self_box: fillColor = '#A6A9FF'
56.3827 	EXP 	other_box: fillColor = '#FAF33E'
56.3994 	EXP 	self_box: fillColor = '#A6A9FF'
56.3994 	EXP 	other_box: fillColor = '#FAF33E'
56.4161 	EXP 	self_box: fillColor = '#A6A9FF'
56.4161 	EXP 	other_box: fillColor = '#FAF33E'
56.4328 	EXP 	self_box: fillColor = '#A6A9FF'
56.4328 	EXP 	other_box: fillColor = '#FAF33E'
56.4496 	EXP 	self_box: fillColor = '#A6A9FF'
56.4496 	EXP 	other_box: fillColor = '#FAF33E'
56.4661 	EXP 	self_box: fillColor = '#A6A9FF'
56.4661 	EXP 	other_box: fillColor = '#FAF33E'
56.4829 	EXP 	self_box: fillColor = '#A6A9FF'
56.4829 	EXP 	other_box: fillColor = '#FAF33E'
56.4995 	EXP 	self_box: fillColor = '#A6A9FF'
56.4995 	EXP 	other_box: fillColor = '#FAF33E'
56.5163 	EXP 	self_box: fillColor = '#A6A9FF'
56.5163 	EXP 	other_box: fillColor = '#FAF33E'
56.5329 	EXP 	self_box: fillColor = '#A6A9FF'
56.5329 	EXP 	other_box: fillColor = '#FAF33E'
56.5492 	DATA 	Mouse: Left button down, pos=(1025,244)
56.5663 	EXP 	self_box: fillColor = '#A6A9FF'
56.5663 	EXP 	other_box: fillColor = '#FAF33E'
56.5663 	EXP 	question: autoDraw = False
56.5663 	EXP 	self_box: autoDraw = False
56.5663 	EXP 	self_label: autoDraw = False
56.5663 	EXP 	other_box: autoDraw = False
56.5663 	EXP 	other_label: autoDraw = False
56.5663 	EXP 	text_3: autoDraw = True
56.6001 	DATA 	Mouse: Left button up, pos=(1025,244)
