63.6104 	WARNING 	Movie2 stim could not be imported and won't be available
64.4655 	WARNING 	TextBox stim could not be imported and won't be available.
64.4655 	WARNING 	TextBox Font Manager Found No Fonts.
66.9626 	WARNING 	Couldn't measure a consistent frame rate.
  - Is your graphics card set to sync to vertical blank?
  - Are you running other processes on your computer?

66.9672 	EXP 	Created window1 = Window(allowGUI=False, allowStencil=False, autoLog=True, bitsMode=UNKNOWN, blendMode='avg', color=array([-1., -1., -1.]), colorSpace='rgb', fullscr=UNKNOWN, gamma=None, lms=UNKNOWN, monitor=<psychopy.monitors.calibTools.Monitor instance at 0x10a85a08>, name='window1', pos=[0, 0], screen=0, size=array([1440,  900]), stereo=False, units=u'norm', useFBO=True, viewOri=0.0, viewPos=None, viewScale=None, waitBlanking=True, winType='pyglet')
66.9672 	EXP 	window1: recordFrameIntervals = False
67.1263 	EXP 	window1: recordFrameIntervals = True
67.2982 	WARNING 	t of last frame was 21.79ms (=1/45)
67.6651 	WARNING 	t of last frame was 21.49ms (=1/46)
67.7470 	WARNING 	t of last frame was 20.00ms (=1/49)
67.7988 	WARNING 	t of last frame was 21.67ms (=1/46)
68.0477 	WARNING 	Multiple dropped frames have occurred - I'll stop bothering you about them!
68.7989 	WARNING 	Couldn't measure a consistent frame rate.
  - Is your graphics card set to sync to vertical blank?
  - Are you running other processes on your computer?

68.9252 	EXP 	Created text_4 = TextStim(alignHoriz='center', alignVert='center', antialias=True, autoLog=True, bold=False, color='white', colorSpace='named', contrast=1.0, depth=0.0, flipHoriz=False, flipVert=False, font='Arial', fontFiles=[], height=0.1, italic=False, name='text_4', opacity=1.0, ori=0, pos=array([ 0.,  0.]), rgb=array([ 255.,  255.,  255.]), text=u'Instructions will go here.', units=u'norm', win=Window(...), wrapWidth=1)
69.9960 	EXP 	Created text = TextStim(alignHoriz='center', alignVert='center', antialias=True, autoLog=True, bold=False, color='white', colorSpace='named', contrast=1.0, depth=-1.0, flipHoriz=False, flipVert=False, font='Arial', fontFiles=[], height=0.1, italic=False, name='text', opacity=1.0, ori=0, pos=array([ 0.,  0.]), rgb=array([ 255.,  255.,  255.]), text=u'default text', units=u'norm', win=Window(...), wrapWidth=1)
70.0096 	EXP 	Created question = TextStim(alignHoriz='center', alignVert='center', antialias=True, autoLog=True, bold=False, color='white', colorSpace='named', contrast=1.0, depth=0.0, flipHoriz=False, flipVert=False, font='Arial', fontFiles=[], height=0.1, italic=False, name='question', opacity=1.0, ori=0, pos=array([ 0. ,  0.5]), rgb=array([ 255.,  255.,  255.]), text=u'Whose voice did you hear?', units=u'norm', win=Window(...), wrapWidth=2)
70.0110 	EXP 	<method-wrapper '__getattribute__' of attributeSetter object at 0xf9329d0>: vertices = array([[-0.25,  0.25],
       [ 0.25,  0.25],
       [ 0.25, -0.25],
       [-0.25, -0.25]])
70.0153 	EXP 	Created self_box = Rect(autoDraw=False, autoLog=True, closeShape=True, contrast=1.0, depth=0, fillColor='#A6A9FF', fillColorSpace='hex', fillRGB=array([166, 169, 255]), interpolate=True, lineColor='#3E45FA', lineColorSpace='hex', lineRGB=array([ 62,  69, 250]), lineWidth=5, name='self_box', opacity=1.0, ori=array(0.0), pos=array([-0.5, -0.5]), size=array([ 1.,  1.]), units=u'norm', vertices=ndarray(...), win=Window(...))
70.0273 	EXP 	Created self_label = TextStim(alignHoriz='center', alignVert='center', antialias=True, autoLog=True, bold=False, color='black', colorSpace='named', contrast=1.0, depth=-2.0, flipHoriz=False, flipVert=False, font='Arial', fontFiles=[], height=0.1, italic=False, name='self_label', opacity=1.0, ori=0, pos=array([-0.5, -0.5]), rgb=array([ 0.,  0.,  0.]), text=u'Mine', units=u'norm', win=Window(...), wrapWidth=1)
70.0279 	EXP 	<method-wrapper '__getattribute__' of attributeSetter object at 0xf9329d0>: vertices = array([[-0.25,  0.25],
       [ 0.25,  0.25],
       [ 0.25, -0.25],
       [-0.25, -0.25]])
70.0305 	EXP 	Created other_box = Rect(autoDraw=False, autoLog=True, closeShape=True, contrast=1.0, depth=0, fillColor='#FFFCA6', fillColorSpace='hex', fillRGB=array([255, 252, 166]), interpolate=True, lineColor='#FAF33E', lineColorSpace='hex', lineRGB=array([250, 243,  62]), lineWidth=5, name='other_box', opacity=1.0, ori=array(0.0), pos=array([ 0.5, -0.5]), size=array([ 1.,  1.]), units=u'norm', vertices=ndarray(...), win=Window(...))
70.0359 	EXP 	Created other_label = TextStim(alignHoriz='center', alignVert='center', antialias=True, autoLog=True, bold=False, color='black', colorSpace='named', contrast=1.0, depth=-4.0, flipHoriz=False, flipVert=False, font='Arial', fontFiles=[], height=0.1, italic=False, name='other_label', opacity=1.0, ori=0, pos=array([ 0.5, -0.5]), rgb=array([ 0.,  0.,  0.]), text=u'Other', units=u'norm', win=Window(...), wrapWidth=1)
70.0487 	EXP 	Created text_3 = TextStim(alignHoriz='center', alignVert='center', antialias=True, autoLog=True, bold=False, color='white', colorSpace='named', contrast=1.0, depth=0.0, flipHoriz=False, flipVert=False, font='Arial', fontFiles=[], height=0.1, italic=False, name='text_3', opacity=1.0, ori=0, pos=array([ 0.,  0.]), rgb=array([ 255.,  255.,  255.]), text=u'Thank you for participating!', units=u'norm', win=Window(...), wrapWidth=1)
70.0558 	EXP 	Created results_text = TextStim(alignHoriz='center', alignVert='center', antialias=True, autoLog=True, bold=False, color=u'white', colorSpace='named', contrast=1.0, depth=0.0, flipHoriz=False, flipVert=False, font=u'Arial', fontFiles=[], height=0.1, italic=False, name='results_text', opacity=1.0, ori=0, pos=array([ 0.,  0.]), rgb=array([ 255.,  255.,  255.]), text=u'default text', units=u'norm', win=Window(...), wrapWidth=2)
70.0715 	EXP 	text_4: autoDraw = True
75.0585 	EXP 	Imported /Volumes/Macintosh HD/Users/poppe076/Desktop/source_monitoring_task/data/ok_source_monitoring_2015_Jun_24_1113_wordlist.csv as conditions, 9 conditions, 5 params
75.0600 	EXP 	Created sequence: sequential, trialTypes=9, nReps=1, seed=None
75.1766 	EXP 	New trial (rep=0, index=0): {'word': u'word6.1', 'amount': u'1.5', 'list': u'list6', 'trialtype': u'pitch', 'trialtype_extended': u'pitch_higher_small'}
75.1956 	EXP 	text_4: autoDraw = False
75.1956 	EXP 	text: text = u'word6.1'
76.1912 	EXP 	text: autoDraw = True
78.5123 	EXP 	text: autoDraw = False
78.5123 	EXP 	question: autoDraw = True
78.5123 	EXP 	self_box: autoDraw = True
78.5123 	EXP 	self_label: autoDraw = True
78.5123 	EXP 	other_box: autoDraw = True
78.5123 	EXP 	other_label: autoDraw = True
78.5123 	EXP 	self_box: fillColor = '#A6A9FF'
78.5123 	EXP 	other_box: fillColor = '#FFFCA6'
78.5285 	EXP 	self_box: fillColor = '#A6A9FF'
78.5285 	EXP 	other_box: fillColor = '#FFFCA6'
78.5453 	EXP 	self_box: fillColor = '#A6A9FF'
78.5453 	EXP 	other_box: fillColor = '#FFFCA6'
78.5645 	EXP 	self_box: fillColor = '#A6A9FF'
78.5645 	EXP 	other_box: fillColor = '#FFFCA6'
78.5826 	EXP 	self_box: fillColor = '#A6A9FF'
78.5826 	EXP 	other_box: fillColor = '#FFFCA6'
78.5956 	EXP 	self_box: fillColor = '#A6A9FF'
78.5956 	EXP 	other_box: fillColor = '#FFFCA6'
78.6132 	EXP 	self_box: fillColor = '#A6A9FF'
78.6132 	EXP 	other_box: fillColor = '#FFFCA6'
78.6316 	EXP 	self_box: fillColor = '#A6A9FF'
78.6316 	EXP 	other_box: fillColor = '#FFFCA6'
78.6494 	EXP 	self_box: fillColor = '#A6A9FF'
78.6494 	EXP 	other_box: fillColor = '#FFFCA6'
78.6625 	EXP 	self_box: fillColor = '#A6A9FF'
78.6625 	EXP 	other_box: fillColor = '#FFFCA6'
78.6789 	EXP 	self_box: fillColor = '#A6A9FF'
78.6789 	EXP 	other_box: fillColor = '#FFFCA6'
78.6957 	EXP 	self_box: fillColor = '#A6A9FF'
78.6957 	EXP 	other_box: fillColor = '#FFFCA6'
78.7126 	EXP 	self_box: fillColor = '#A6A9FF'
78.7126 	EXP 	other_box: fillColor = '#FFFCA6'
78.7318 	EXP 	self_box: fillColor = '#A6A9FF'
78.7318 	EXP 	other_box: fillColor = '#FFFCA6'
78.7516 	EXP 	self_box: fillColor = '#A6A9FF'
78.7516 	EXP 	other_box: fillColor = '#FFFCA6'
78.7629 	EXP 	self_box: fillColor = '#A6A9FF'
78.7629 	EXP 	other_box: fillColor = '#FFFCA6'
78.7790 	EXP 	self_box: fillColor = '#A6A9FF'
78.7790 	EXP 	other_box: fillColor = '#FFFCA6'
78.7955 	EXP 	self_box: fillColor = '#A6A9FF'
78.7955 	EXP 	other_box: fillColor = '#FFFCA6'
78.8123 	EXP 	self_box: fillColor = '#A6A9FF'
78.8123 	EXP 	other_box: fillColor = '#FFFCA6'
78.8320 	EXP 	self_box: fillColor = '#A6A9FF'
78.8320 	EXP 	other_box: fillColor = '#FFFCA6'
78.8515 	EXP 	self_box: fillColor = '#A6A9FF'
78.8515 	EXP 	other_box: fillColor = '#FFFCA6'
78.8630 	EXP 	self_box: fillColor = '#A6A9FF'
78.8630 	EXP 	other_box: fillColor = '#FFFCA6'
78.8792 	EXP 	self_box: fillColor = '#A6A9FF'
78.8792 	EXP 	other_box: fillColor = '#FFFCA6'
78.8960 	EXP 	self_box: fillColor = '#A6A9FF'
78.8960 	EXP 	other_box: fillColor = '#FFFCA6'
78.9129 	EXP 	self_box: fillColor = '#A6A9FF'
78.9129 	EXP 	other_box: fillColor = '#FFFCA6'
78.9340 	EXP 	self_box: fillColor = '#A6A9FF'
78.9340 	EXP 	other_box: fillColor = '#FFFCA6'
78.9524 	EXP 	self_box: fillColor = '#A6A9FF'
78.9524 	EXP 	other_box: fillColor = '#FFFCA6'
78.9630 	EXP 	self_box: fillColor = '#A6A9FF'
78.9630 	EXP 	other_box: fillColor = '#FFFCA6'
78.9802 	EXP 	self_box: fillColor = '#A6A9FF'
78.9802 	EXP 	other_box: fillColor = '#FFFCA6'
78.9989 	EXP 	self_box: fillColor = '#A6A9FF'
78.9989 	EXP 	other_box: fillColor = '#FFFCA6'
79.0168 	EXP 	self_box: fillColor = '#A6A9FF'
79.0168 	EXP 	other_box: fillColor = '#FFFCA6'
79.0293 	EXP 	self_box: fillColor = '#A6A9FF'
79.0293 	EXP 	other_box: fillColor = '#FFFCA6'
79.0461 	EXP 	self_box: fillColor = '#A6A9FF'
79.0461 	EXP 	other_box: fillColor = '#FFFCA6'
79.0628 	EXP 	self_box: fillColor = '#A6A9FF'
79.0628 	EXP 	other_box: fillColor = '#FFFCA6'
79.0796 	EXP 	self_box: fillColor = '#A6A9FF'
79.0796 	EXP 	other_box: fillColor = '#FFFCA6'
79.0989 	EXP 	self_box: fillColor = '#A6A9FF'
79.0989 	EXP 	other_box: fillColor = '#FFFCA6'
79.1170 	EXP 	self_box: fillColor = '#A6A9FF'
79.1170 	EXP 	other_box: fillColor = '#FFFCA6'
79.1297 	EXP 	self_box: fillColor = '#A6A9FF'
79.1297 	EXP 	other_box: fillColor = '#FFFCA6'
79.1472 	EXP 	self_box: fillColor = '#A6A9FF'
79.1472 	EXP 	other_box: fillColor = '#FFFCA6'
79.1660 	EXP 	self_box: fillColor = '#A6A9FF'
79.1660 	EXP 	other_box: fillColor = '#FFFCA6'
79.1854 	EXP 	self_box: fillColor = '#A6A9FF'
79.1854 	EXP 	other_box: fillColor = '#FFFCA6'
79.1972 	EXP 	self_box: fillColor = '#A6A9FF'
79.1972 	EXP 	other_box: fillColor = '#FFFCA6'
79.2131 	EXP 	self_box: fillColor = '#A6A9FF'
79.2131 	EXP 	other_box: fillColor = '#FFFCA6'
79.2298 	EXP 	self_box: fillColor = '#A6A9FF'
79.2298 	EXP 	other_box: fillColor = '#FFFCA6'
79.2467 	EXP 	self_box: fillColor = '#A6A9FF'
79.2467 	EXP 	other_box: fillColor = '#FFFCA6'
79.2682 	EXP 	self_box: fillColor = '#A6A9FF'
79.2682 	EXP 	other_box: fillColor = '#FFFCA6'
79.2857 	EXP 	self_box: fillColor = '#A6A9FF'
79.2857 	EXP 	other_box: fillColor = '#FFFCA6'
79.2974 	EXP 	self_box: fillColor = '#A6A9FF'
79.2974 	EXP 	other_box: fillColor = '#FFFCA6'
79.3133 	EXP 	self_box: fillColor = '#A6A9FF'
79.3133 	EXP 	other_box: fillColor = '#FFFCA6'
79.3301 	EXP 	self_box: fillColor = '#A6A9FF'
79.3301 	EXP 	other_box: fillColor = '#FFFCA6'
79.3471 	EXP 	self_box: fillColor = '#A6A9FF'
79.3471 	EXP 	other_box: fillColor = '#FFFCA6'
79.3633 	EXP 	self_box: fillColor = '#A6A9FF'
79.3633 	EXP 	other_box: fillColor = '#FFFCA6'
79.3800 	EXP 	self_box: fillColor = '#A6A9FF'
79.3800 	EXP 	other_box: fillColor = '#FFFCA6'
79.3967 	EXP 	self_box: fillColor = '#A6A9FF'
79.3967 	EXP 	other_box: fillColor = '#FFFCA6'
79.4163 	EXP 	self_box: fillColor = '#A6A9FF'
79.4163 	EXP 	other_box: fillColor = '#FFFCA6'
79.4341 	EXP 	self_box: fillColor = '#A6A9FF'
79.4341 	EXP 	other_box: fillColor = '#FFFCA6'
79.4470 	EXP 	self_box: fillColor = '#A6A9FF'
79.4470 	EXP 	other_box: fillColor = '#FFFCA6'
79.4641 	EXP 	self_box: fillColor = '#A6A9FF'
79.4641 	EXP 	other_box: fillColor = '#FFFCA6'
79.4829 	EXP 	self_box: fillColor = '#A6A9FF'
79.4829 	EXP 	other_box: fillColor = '#FFFCA6'
79.5022 	EXP 	self_box: fillColor = '#A6A9FF'
79.5022 	EXP 	other_box: fillColor = '#FFFCA6'
79.5143 	EXP 	self_box: fillColor = '#A6A9FF'
79.5143 	EXP 	other_box: fillColor = '#FFFCA6'
79.5306 	EXP 	self_box: fillColor = '#A6A9FF'
79.5306 	EXP 	other_box: fillColor = '#FFFCA6'
79.5477 	EXP 	self_box: fillColor = '#A6A9FF'
79.5477 	EXP 	other_box: fillColor = '#FFFCA6'
79.5687 	EXP 	self_box: fillColor = '#A6A9FF'
79.5687 	EXP 	other_box: fillColor = '#FFFCA6'
79.5862 	EXP 	self_box: fillColor = '#A6A9FF'
79.5862 	EXP 	other_box: fillColor = '#FFFCA6'
79.5967 	EXP 	self_box: fillColor = '#A6A9FF'
79.5967 	EXP 	other_box: fillColor = '#FFFCA6'
79.6141 	EXP 	self_box: fillColor = '#A6A9FF'
79.6141 	EXP 	other_box: fillColor = '#FFFCA6'
79.6333 	EXP 	self_box: fillColor = '#A6A9FF'
79.6333 	EXP 	other_box: fillColor = '#FFFCA6'
79.6510 	EXP 	self_box: fillColor = '#A6A9FF'
79.6510 	EXP 	other_box: fillColor = '#FFFCA6'
79.6646 	EXP 	self_box: fillColor = '#A6A9FF'
79.6646 	EXP 	other_box: fillColor = '#FFFCA6'
79.6811 	EXP 	self_box: fillColor = '#A6A9FF'
79.6811 	EXP 	other_box: fillColor = '#FFFCA6'
79.6972 	EXP 	self_box: fillColor = '#A6A9FF'
79.6972 	EXP 	other_box: fillColor = '#FFFCA6'
79.7144 	EXP 	self_box: fillColor = '#A6A9FF'
79.7144 	EXP 	other_box: fillColor = '#FFFCA6'
79.7305 	EXP 	self_box: fillColor = '#A6A9FF'
79.7305 	EXP 	other_box: fillColor = '#FFFCA6'
79.7503 	EXP 	self_box: fillColor = '#A6A9FF'
79.7503 	EXP 	other_box: fillColor = '#FFFCA6'
79.7702 	EXP 	self_box: fillColor = '#A6A9FF'
79.7702 	EXP 	other_box: fillColor = '#FFFCA6'
79.7814 	EXP 	self_box: fillColor = '#A6A9FF'
79.7814 	EXP 	other_box: fillColor = '#FFFCA6'
79.7972 	EXP 	self_box: fillColor = '#A6A9FF'
79.7972 	EXP 	other_box: fillColor = '#FFFCA6'
79.8148 	EXP 	self_box: fillColor = '#A6A9FF'
79.8148 	EXP 	other_box: fillColor = '#FFFCA6'
79.8361 	EXP 	self_box: fillColor = '#A6A9FF'
79.8361 	EXP 	other_box: fillColor = '#FFFCA6'
79.8535 	EXP 	self_box: fillColor = '#A6A9FF'
79.8535 	EXP 	other_box: fillColor = '#FFFCA6'
79.8646 	EXP 	self_box: fillColor = '#A6A9FF'
79.8646 	EXP 	other_box: fillColor = '#FFFCA6'
79.8811 	EXP 	self_box: fillColor = '#A6A9FF'
79.8811 	EXP 	other_box: fillColor = '#FFFCA6'
79.9003 	EXP 	self_box: fillColor = '#A6A9FF'
79.9003 	EXP 	other_box: fillColor = '#FFFCA6'
79.9196 	EXP 	self_box: fillColor = '#A6A9FF'
79.9196 	EXP 	other_box: fillColor = '#FFFCA6'
79.9309 	EXP 	self_box: fillColor = '#A6A9FF'
79.9309 	EXP 	other_box: fillColor = '#FFFCA6'
79.9482 	EXP 	self_box: fillColor = '#A6A9FF'
79.9482 	EXP 	other_box: fillColor = '#FFFCA6'
79.9671 	EXP 	self_box: fillColor = '#A6A9FF'
79.9671 	EXP 	other_box: fillColor = '#FFFCA6'
79.9850 	EXP 	self_box: fillColor = '#A6A9FF'
79.9850 	EXP 	other_box: fillColor = '#FFFCA6'
79.9974 	EXP 	self_box: fillColor = '#A6A9FF'
79.9974 	EXP 	other_box: fillColor = '#FFFCA6'
80.0142 	EXP 	self_box: fillColor = '#A6A9FF'
80.0142 	EXP 	other_box: fillColor = '#FFFCA6'
80.0313 	EXP 	self_box: fillColor = '#A6A9FF'
80.0313 	EXP 	other_box: fillColor = '#FFFCA6'
80.0480 	EXP 	self_box: fillColor = '#A6A9FF'
80.0480 	EXP 	other_box: fillColor = '#FFFCA6'
80.0646 	EXP 	self_box: fillColor = '#A6A9FF'
80.0646 	EXP 	other_box: fillColor = '#FFFCA6'
80.0865 	EXP 	self_box: fillColor = '#A6A9FF'
80.0865 	EXP 	other_box: fillColor = '#FFFCA6'
80.1038 	EXP 	self_box: fillColor = '#A6A9FF'
80.1038 	EXP 	other_box: fillColor = '#FFFCA6'
80.1146 	EXP 	self_box: fillColor = '#A6A9FF'
80.1146 	EXP 	other_box: fillColor = '#FFFCA6'
80.1321 	EXP 	self_box: fillColor = '#A6A9FF'
80.1321 	EXP 	other_box: fillColor = '#FFFCA6'
80.1511 	EXP 	self_box: fillColor = '#A6A9FF'
80.1511 	EXP 	other_box: fillColor = '#FFFCA6'
80.1708 	EXP 	self_box: fillColor = '#A6A9FF'
80.1708 	EXP 	other_box: fillColor = '#FFFCA6'
80.1819 	EXP 	self_box: fillColor = '#A6A9FF'
80.1819 	EXP 	other_box: fillColor = '#FFFCA6'
80.1990 	EXP 	self_box: fillColor = '#A6A9FF'
80.1990 	EXP 	other_box: fillColor = '#FFFCA6'
80.2151 	EXP 	self_box: fillColor = '#A6A9FF'
80.2151 	EXP 	other_box: fillColor = '#FFFCA6'
80.2316 	EXP 	self_box: fillColor = '#A6A9FF'
80.2316 	EXP 	other_box: fillColor = '#FFFCA6'
80.2486 	EXP 	self_box: fillColor = '#A6A9FF'
80.2486 	EXP 	other_box: fillColor = '#FFFCA6'
80.2677 	EXP 	self_box: fillColor = '#A6A9FF'
80.2677 	EXP 	other_box: fillColor = '#FFFCA6'
80.2855 	EXP 	self_box: fillColor = '#A6A9FF'
80.2855 	EXP 	other_box: fillColor = '#FFFCA6'
80.2983 	EXP 	self_box: fillColor = '#A6A9FF'
80.2983 	EXP 	other_box: fillColor = '#FFFCA6'
80.3149 	EXP 	self_box: fillColor = '#A6A9FF'
80.3149 	EXP 	other_box: fillColor = '#FFFCA6'
80.3323 	EXP 	self_box: fillColor = '#A6A9FF'
80.3323 	EXP 	other_box: fillColor = '#FFFCA6'
80.3527 	EXP 	self_box: fillColor = '#A6A9FF'
80.3527 	EXP 	other_box: fillColor = '#FFFCA6'
80.3689 	EXP 	self_box: fillColor = '#A6A9FF'
80.3689 	EXP 	other_box: fillColor = '#FFFCA6'
80.3818 	EXP 	self_box: fillColor = '#A6A9FF'
80.3818 	EXP 	other_box: fillColor = '#FFFCA6'
80.3987 	EXP 	self_box: fillColor = '#A6A9FF'
80.3987 	EXP 	other_box: fillColor = '#FFFCA6'
80.4180 	EXP 	self_box: fillColor = '#A6A9FF'
80.4180 	EXP 	other_box: fillColor = '#FFFCA6'
80.4376 	EXP 	self_box: fillColor = '#A6A9FF'
80.4376 	EXP 	other_box: fillColor = '#FFFCA6'
80.4484 	EXP 	self_box: fillColor = '#A6A9FF'
80.4484 	EXP 	other_box: fillColor = '#FFFCA6'
80.4657 	EXP 	self_box: fillColor = '#A6A9FF'
80.4657 	EXP 	other_box: fillColor = '#FFFCA6'
80.4847 	EXP 	self_box: fillColor = '#A6A9FF'
80.4847 	EXP 	other_box: fillColor = '#FFFCA6'
80.5046 	EXP 	self_box: fillColor = '#A6A9FF'
80.5046 	EXP 	other_box: fillColor = '#FFFCA6'
80.5151 	EXP 	self_box: fillColor = '#A6A9FF'
80.5151 	EXP 	other_box: fillColor = '#FFFCA6'
80.5326 	EXP 	self_box: fillColor = '#A6A9FF'
80.5326 	EXP 	other_box: fillColor = '#FFFCA6'
80.5517 	EXP 	self_box: fillColor = '#A6A9FF'
80.5517 	EXP 	other_box: fillColor = '#FFFCA6'
80.5693 	EXP 	self_box: fillColor = '#A6A9FF'
80.5693 	EXP 	other_box: fillColor = '#FFFCA6'
80.5823 	EXP 	self_box: fillColor = '#A6A9FF'
80.5823 	EXP 	other_box: fillColor = '#FFFCA6'
80.5987 	EXP 	self_box: fillColor = '#A6A9FF'
80.5987 	EXP 	other_box: fillColor = '#FFFCA6'
80.6204 	EXP 	self_box: fillColor = '#A6A9FF'
80.6204 	EXP 	other_box: fillColor = '#FFFCA6'
80.6380 	EXP 	self_box: fillColor = '#A6A9FF'
80.6380 	EXP 	other_box: fillColor = '#FFFCA6'
80.6487 	EXP 	self_box: fillColor = '#A6A9FF'
80.6487 	EXP 	other_box: fillColor = '#FFFCA6'
80.6654 	EXP 	self_box: fillColor = '#A6A9FF'
80.6654 	EXP 	other_box: fillColor = '#FFFCA6'
80.6822 	EXP 	self_box: fillColor = '#A6A9FF'
80.6822 	EXP 	other_box: fillColor = '#FFFCA6'
80.6993 	EXP 	self_box: fillColor = '#A6A9FF'
80.6993 	EXP 	other_box: fillColor = '#FFFCA6'
80.7184 	EXP 	self_box: fillColor = '#A6A9FF'
80.7184 	EXP 	other_box: fillColor = '#FFFCA6'
80.7382 	EXP 	self_box: fillColor = '#A6A9FF'
80.7382 	EXP 	other_box: fillColor = '#FFFCA6'
80.7493 	EXP 	self_box: fillColor = '#A6A9FF'
80.7493 	EXP 	other_box: fillColor = '#FFFCA6'
80.7667 	EXP 	self_box: fillColor = '#A6A9FF'
80.7667 	EXP 	other_box: fillColor = '#FFFCA6'
80.7870 	EXP 	self_box: fillColor = '#A6A9FF'
80.7870 	EXP 	other_box: fillColor = '#FFFCA6'
80.8044 	EXP 	self_box: fillColor = '#A6A9FF'
80.8044 	EXP 	other_box: fillColor = '#FFFCA6'
80.8157 	EXP 	self_box: fillColor = '#A6A9FF'
80.8157 	EXP 	other_box: fillColor = '#FFFCA6'
80.8331 	EXP 	self_box: fillColor = '#A6A9FF'
80.8331 	EXP 	other_box: fillColor = '#FFFCA6'
80.8520 	EXP 	self_box: fillColor = '#A6A9FF'
80.8520 	EXP 	other_box: fillColor = '#FFFCA6'
80.8695 	EXP 	self_box: fillColor = '#A6A9FF'
80.8695 	EXP 	other_box: fillColor = '#FFFCA6'
80.8831 	EXP 	self_box: fillColor = '#3E45FA'
80.8831 	EXP 	other_box: fillColor = '#FFFCA6'
80.9000 	EXP 	self_box: fillColor = '#3E45FA'
80.9000 	EXP 	other_box: fillColor = '#FFFCA6'
80.9160 	EXP 	self_box: fillColor = '#3E45FA'
80.9160 	EXP 	other_box: fillColor = '#FFFCA6'
80.9329 	EXP 	self_box: fillColor = '#3E45FA'
80.9329 	EXP 	other_box: fillColor = '#FFFCA6'
80.9492 	EXP 	self_box: fillColor = '#3E45FA'
80.9492 	EXP 	other_box: fillColor = '#FFFCA6'
80.9709 	EXP 	self_box: fillColor = '#3E45FA'
80.9709 	EXP 	other_box: fillColor = '#FFFCA6'
80.9881 	EXP 	self_box: fillColor = '#3E45FA'
80.9881 	EXP 	other_box: fillColor = '#FFFCA6'
80.9991 	EXP 	self_box: fillColor = '#3E45FA'
80.9991 	EXP 	other_box: fillColor = '#FFFCA6'
81.0167 	EXP 	self_box: fillColor = '#3E45FA'
81.0167 	EXP 	other_box: fillColor = '#FFFCA6'
81.0356 	EXP 	self_box: fillColor = '#3E45FA'
81.0356 	EXP 	other_box: fillColor = '#FFFCA6'
81.0551 	EXP 	self_box: fillColor = '#3E45FA'
81.0551 	EXP 	other_box: fillColor = '#FFFCA6'
81.0659 	EXP 	self_box: fillColor = '#3E45FA'
81.0659 	EXP 	other_box: fillColor = '#FFFCA6'
81.0828 	EXP 	self_box: fillColor = '#3E45FA'
81.0828 	EXP 	other_box: fillColor = '#FFFCA6'
81.1065 	EXP 	self_box: fillColor = '#3E45FA'
81.1065 	EXP 	other_box: fillColor = '#FFFCA6'
81.1071 	DATA 	Mouse: Left button down, pos=(289,218)
81.1186 	EXP 	New trial (rep=0, index=1): {'word': u'word1.1', 'amount': u'unmodified', 'list': u'list1', 'trialtype': u'unmodified', 'trialtype_extended': u'unmodified'}
81.1384 	EXP 	self_box: fillColor = '#3E45FA'
81.1384 	EXP 	other_box: fillColor = '#FFFCA6'
81.1384 	EXP 	question: autoDraw = False
81.1384 	EXP 	self_box: autoDraw = False
81.1384 	EXP 	self_label: autoDraw = False
81.1384 	EXP 	other_box: autoDraw = False
81.1384 	EXP 	other_label: autoDraw = False
81.1384 	EXP 	text: text = u'word1.1'
81.2336 	DATA 	Mouse: Left button up, pos=(289,219)
82.1346 	EXP 	text: autoDraw = True
84.5603 	EXP 	text: autoDraw = False
84.5603 	EXP 	question: autoDraw = True
84.5603 	EXP 	self_box: autoDraw = True
84.5603 	EXP 	self_label: autoDraw = True
84.5603 	EXP 	other_box: autoDraw = True
84.5603 	EXP 	other_label: autoDraw = True
84.5603 	EXP 	self_box: fillColor = '#3E45FA'
84.5603 	EXP 	other_box: fillColor = '#FFFCA6'
84.5781 	EXP 	self_box: fillColor = '#3E45FA'
84.5781 	EXP 	other_box: fillColor = '#FFFCA6'
84.5892 	EXP 	self_box: fillColor = '#3E45FA'
84.5892 	EXP 	other_box: fillColor = '#FFFCA6'
84.6053 	EXP 	self_box: fillColor = '#3E45FA'
84.6053 	EXP 	other_box: fillColor = '#FFFCA6'
84.6222 	EXP 	self_box: fillColor = '#3E45FA'
84.6222 	EXP 	other_box: fillColor = '#FFFCA6'
84.6389 	EXP 	self_box: fillColor = '#3E45FA'
84.6389 	EXP 	other_box: fillColor = '#FFFCA6'
84.6601 	EXP 	self_box: fillColor = '#3E45FA'
84.6601 	EXP 	other_box: fillColor = '#FFFCA6'
84.6782 	EXP 	self_box: fillColor = '#3E45FA'
84.6782 	EXP 	other_box: fillColor = '#FFFCA6'
84.6890 	EXP 	self_box: fillColor = '#3E45FA'
84.6890 	EXP 	other_box: fillColor = '#FFFCA6'
84.7055 	EXP 	self_box: fillColor = '#3E45FA'
84.7055 	EXP 	other_box: fillColor = '#FFFCA6'
84.7267 	EXP 	self_box: fillColor = '#3E45FA'
84.7267 	EXP 	other_box: fillColor = '#FFFCA6'
84.7427 	EXP 	self_box: fillColor = '#3E45FA'
84.7427 	EXP 	other_box: fillColor = '#FFFCA6'
84.7556 	EXP 	self_box: fillColor = '#3E45FA'
84.7556 	EXP 	other_box: fillColor = '#FFFCA6'
84.7722 	EXP 	self_box: fillColor = '#3E45FA'
84.7722 	EXP 	other_box: fillColor = '#FFFCA6'
84.7899 	EXP 	self_box: fillColor = '#3E45FA'
84.7899 	EXP 	other_box: fillColor = '#FFFCA6'
84.8088 	EXP 	self_box: fillColor = '#3E45FA'
84.8088 	EXP 	other_box: fillColor = '#FFFCA6'
84.8277 	EXP 	self_box: fillColor = '#3E45FA'
84.8277 	EXP 	other_box: fillColor = '#FFFCA6'
84.8389 	EXP 	self_box: fillColor = '#3E45FA'
84.8389 	EXP 	other_box: fillColor = '#FFFCA6'
84.8558 	EXP 	self_box: fillColor = '#3E45FA'
84.8558 	EXP 	other_box: fillColor = '#FFFCA6'
84.8755 	EXP 	self_box: fillColor = '#3E45FA'
84.8755 	EXP 	other_box: fillColor = '#FFFCA6'
84.8928 	EXP 	self_box: fillColor = '#3E45FA'
84.8928 	EXP 	other_box: fillColor = '#FFFCA6'
84.9065 	EXP 	self_box: fillColor = '#3E45FA'
84.9065 	EXP 	other_box: fillColor = '#FFFCA6'
84.9231 	EXP 	self_box: fillColor = '#3E45FA'
84.9231 	EXP 	other_box: fillColor = '#FFFCA6'
84.9393 	EXP 	self_box: fillColor = '#3E45FA'
84.9393 	EXP 	other_box: fillColor = '#FFFCA6'
84.9565 	EXP 	self_box: fillColor = '#3E45FA'
84.9565 	EXP 	other_box: fillColor = '#FFFCA6'
84.9730 	EXP 	self_box: fillColor = '#3E45FA'
84.9730 	EXP 	other_box: fillColor = '#FFFCA6'
84.9893 	EXP 	self_box: fillColor = '#3E45FA'
84.9893 	EXP 	other_box: fillColor = '#FFFCA6'
85.0062 	EXP 	self_box: fillColor = '#3E45FA'
85.0062 	EXP 	other_box: fillColor = '#FFFCA6'
85.0254 	EXP 	self_box: fillColor = '#3E45FA'
85.0254 	EXP 	other_box: fillColor = '#FFFCA6'
85.0433 	EXP 	self_box: fillColor = '#3E45FA'
85.0433 	EXP 	other_box: fillColor = '#FFFCA6'
85.0569 	EXP 	self_box: fillColor = '#3E45FA'
85.0569 	EXP 	other_box: fillColor = '#FFFCA6'
85.0726 	EXP 	self_box: fillColor = '#3E45FA'
85.0726 	EXP 	other_box: fillColor = '#FFFCA6'
85.0895 	EXP 	self_box: fillColor = '#3E45FA'
85.0895 	EXP 	other_box: fillColor = '#FFFCA6'
85.1062 	EXP 	self_box: fillColor = '#3E45FA'
85.1062 	EXP 	other_box: fillColor = '#FFFCA6'
85.1258 	EXP 	self_box: fillColor = '#3E45FA'
85.1258 	EXP 	other_box: fillColor = '#FFFCA6'
85.1436 	EXP 	self_box: fillColor = '#3E45FA'
85.1436 	EXP 	other_box: fillColor = '#FFFCA6'
85.1562 	EXP 	self_box: fillColor = '#3E45FA'
85.1562 	EXP 	other_box: fillColor = '#FFFCA6'
85.1748 	EXP 	self_box: fillColor = '#3E45FA'
85.1748 	EXP 	other_box: fillColor = '#FFFCA6'
85.1922 	EXP 	self_box: fillColor = '#3E45FA'
85.1922 	EXP 	other_box: fillColor = '#FFFCA6'
85.2119 	EXP 	self_box: fillColor = '#3E45FA'
85.2119 	EXP 	other_box: fillColor = '#FFFCA6'
85.2227 	EXP 	self_box: fillColor = '#3E45FA'
85.2227 	EXP 	other_box: fillColor = '#FFFCA6'
85.2401 	EXP 	self_box: fillColor = '#3E45FA'
85.2401 	EXP 	other_box: fillColor = '#FFFCA6'
85.2613 	EXP 	self_box: fillColor = '#3E45FA'
85.2613 	EXP 	other_box: fillColor = '#FFFCA6'
85.2792 	EXP 	self_box: fillColor = '#3E45FA'
85.2792 	EXP 	other_box: fillColor = '#FFFCA6'
85.2904 	EXP 	self_box: fillColor = '#3E45FA'
85.2904 	EXP 	other_box: fillColor = '#FFFCA6'
85.3068 	EXP 	self_box: fillColor = '#3E45FA'
85.3068 	EXP 	other_box: fillColor = '#FFFCA6'
85.3278 	EXP 	self_box: fillColor = '#3E45FA'
85.3278 	EXP 	other_box: fillColor = '#FFFCA6'
85.3453 	EXP 	self_box: fillColor = '#3E45FA'
85.3453 	EXP 	other_box: fillColor = '#FFFCA6'
85.3570 	EXP 	self_box: fillColor = '#3E45FA'
85.3570 	EXP 	other_box: fillColor = '#FFFCA6'
85.3733 	EXP 	self_box: fillColor = '#3E45FA'
85.3733 	EXP 	other_box: fillColor = '#FFFCA6'
85.3898 	EXP 	self_box: fillColor = '#3E45FA'
85.3898 	EXP 	other_box: fillColor = '#FFFCA6'
85.4063 	EXP 	self_box: fillColor = '#3E45FA'
85.4063 	EXP 	other_box: fillColor = '#FFFCA6'
85.4261 	EXP 	self_box: fillColor = '#3E45FA'
85.4261 	EXP 	other_box: fillColor = '#FFFCA6'
85.4458 	EXP 	self_box: fillColor = '#3E45FA'
85.4458 	EXP 	other_box: fillColor = '#FFFCA6'
85.4567 	EXP 	self_box: fillColor = '#3E45FA'
85.4567 	EXP 	other_box: fillColor = '#FFFCA6'
85.4734 	EXP 	self_box: fillColor = '#3E45FA'
85.4734 	EXP 	other_box: fillColor = '#FFFCA6'
85.4905 	EXP 	self_box: fillColor = '#3E45FA'
85.4905 	EXP 	other_box: fillColor = '#FFFCA6'
85.5116 	EXP 	self_box: fillColor = '#3E45FA'
85.5116 	EXP 	other_box: fillColor = '#FFFCA6'
85.5293 	EXP 	self_box: fillColor = '#3E45FA'
85.5293 	EXP 	other_box: fillColor = '#FFFCA6'
85.5403 	EXP 	self_box: fillColor = '#3E45FA'
85.5403 	EXP 	other_box: fillColor = '#FFFCA6'
85.5576 	EXP 	self_box: fillColor = '#3E45FA'
85.5576 	EXP 	other_box: fillColor = '#FFFCA6'
85.5733 	EXP 	self_box: fillColor = '#3E45FA'
85.5733 	EXP 	other_box: fillColor = '#FFFCA6'
85.5903 	EXP 	self_box: fillColor = '#3E45FA'
85.5903 	EXP 	other_box: fillColor = '#FFFCA6'
85.6116 	EXP 	self_box: fillColor = '#3E45FA'
85.6116 	EXP 	other_box: fillColor = '#FFFCA6'
85.6295 	EXP 	self_box: fillColor = '#3E45FA'
85.6295 	EXP 	other_box: fillColor = '#FFFCA6'
85.6408 	EXP 	self_box: fillColor = '#3E45FA'
85.6408 	EXP 	other_box: fillColor = '#FFFCA6'
85.6569 	EXP 	self_box: fillColor = '#3E45FA'
85.6569 	EXP 	other_box: fillColor = '#FFFCA6'
85.6738 	EXP 	self_box: fillColor = '#3E45FA'
85.6738 	EXP 	other_box: fillColor = '#FFFCA6'
85.6914 	EXP 	self_box: fillColor = '#3E45FA'
85.6914 	EXP 	other_box: fillColor = '#FFFCA6'
85.7120 	EXP 	self_box: fillColor = '#3E45FA'
85.7120 	EXP 	other_box: fillColor = '#FFFCA6'
85.7275 	EXP 	self_box: fillColor = '#3E45FA'
85.7275 	EXP 	other_box: fillColor = '#FFFCA6'
85.7405 	EXP 	self_box: fillColor = '#3E45FA'
85.7405 	EXP 	other_box: fillColor = '#FFFCA6'
85.7573 	EXP 	self_box: fillColor = '#3E45FA'
85.7573 	EXP 	other_box: fillColor = '#FFFCA6'
85.7788 	EXP 	self_box: fillColor = '#3E45FA'
85.7788 	EXP 	other_box: fillColor = '#FFFCA6'
85.7964 	EXP 	self_box: fillColor = '#3E45FA'
85.7964 	EXP 	other_box: fillColor = '#FFFCA6'
85.8075 	EXP 	self_box: fillColor = '#3E45FA'
85.8075 	EXP 	other_box: fillColor = '#FFFCA6'
85.8250 	EXP 	self_box: fillColor = '#3E45FA'
85.8250 	EXP 	other_box: fillColor = '#FFFCA6'
85.8436 	EXP 	self_box: fillColor = '#3E45FA'
85.8436 	EXP 	other_box: fillColor = '#FFFCA6'
85.8613 	EXP 	self_box: fillColor = '#3E45FA'
85.8613 	EXP 	other_box: fillColor = '#FFFCA6'
85.8743 	EXP 	self_box: fillColor = '#3E45FA'
85.8743 	EXP 	other_box: fillColor = '#FFFCA6'
85.8914 	EXP 	self_box: fillColor = '#3E45FA'
85.8914 	EXP 	other_box: fillColor = '#FFFCA6'
85.9100 	EXP 	self_box: fillColor = '#3E45FA'
85.9100 	EXP 	other_box: fillColor = '#FFFCA6'
85.9279 	EXP 	self_box: fillColor = '#3E45FA'
85.9279 	EXP 	other_box: fillColor = '#FFFCA6'
85.9408 	EXP 	self_box: fillColor = '#3E45FA'
85.9408 	EXP 	other_box: fillColor = '#FFFCA6'
85.9576 	EXP 	self_box: fillColor = '#3E45FA'
85.9576 	EXP 	other_box: fillColor = '#FFFCA6'
85.9769 	EXP 	self_box: fillColor = '#3E45FA'
85.9769 	EXP 	other_box: fillColor = '#FFFCA6'
85.9966 	EXP 	self_box: fillColor = '#3E45FA'
85.9966 	EXP 	other_box: fillColor = '#FFFCA6'
86.0074 	EXP 	self_box: fillColor = '#3E45FA'
86.0074 	EXP 	other_box: fillColor = '#FFFCA6'
86.0245 	EXP 	self_box: fillColor = '#3E45FA'
86.0245 	EXP 	other_box: fillColor = '#FFFCA6'
86.0456 	EXP 	self_box: fillColor = '#3E45FA'
86.0456 	EXP 	other_box: fillColor = '#FFFCA6'
86.0637 	EXP 	self_box: fillColor = '#3E45FA'
86.0637 	EXP 	other_box: fillColor = '#FFFCA6'
86.0747 	EXP 	self_box: fillColor = '#3E45FA'
86.0747 	EXP 	other_box: fillColor = '#FFFCA6'
86.0909 	EXP 	self_box: fillColor = '#3E45FA'
86.0909 	EXP 	other_box: fillColor = '#FFFCA6'
86.1079 	EXP 	self_box: fillColor = '#3E45FA'
86.1079 	EXP 	other_box: fillColor = '#FFFCA6'
86.1244 	EXP 	self_box: fillColor = '#3E45FA'
86.1244 	EXP 	other_box: fillColor = '#FFFCA6'
86.1415 	EXP 	self_box: fillColor = '#3E45FA'
86.1415 	EXP 	other_box: fillColor = '#FFFCA6'
86.1605 	EXP 	self_box: fillColor = '#3E45FA'
86.1605 	EXP 	other_box: fillColor = '#FFFCA6'
86.1781 	EXP 	self_box: fillColor = '#3E45FA'
86.1781 	EXP 	other_box: fillColor = '#FFFCA6'
86.1910 	EXP 	self_box: fillColor = '#3E45FA'
86.1910 	EXP 	other_box: fillColor = '#FFFCA6'
86.2083 	EXP 	self_box: fillColor = '#3E45FA'
86.2083 	EXP 	other_box: fillColor = '#FFFCA6'
86.2270 	EXP 	self_box: fillColor = '#3E45FA'
86.2270 	EXP 	other_box: fillColor = '#FFFCA6'
86.2449 	EXP 	self_box: fillColor = '#3E45FA'
86.2449 	EXP 	other_box: fillColor = '#FFFCA6'
86.2578 	EXP 	self_box: fillColor = '#3E45FA'
86.2578 	EXP 	other_box: fillColor = '#FFFCA6'
86.2743 	EXP 	self_box: fillColor = '#3E45FA'
86.2743 	EXP 	other_box: fillColor = '#FFFCA6'
86.2909 	EXP 	self_box: fillColor = '#3E45FA'
86.2909 	EXP 	other_box: fillColor = '#FFFCA6'
86.3111 	EXP 	self_box: fillColor = '#3E45FA'
86.3111 	EXP 	other_box: fillColor = '#FFFCA6'
86.3283 	EXP 	self_box: fillColor = '#3E45FA'
86.3283 	EXP 	other_box: fillColor = '#FFFCA6'
86.3420 	EXP 	self_box: fillColor = '#3E45FA'
86.3420 	EXP 	other_box: fillColor = '#FFFCA6'
86.3586 	EXP 	self_box: fillColor = '#3E45FA'
86.3586 	EXP 	other_box: fillColor = '#FFFCA6'
86.3744 	EXP 	self_box: fillColor = '#3E45FA'
86.3744 	EXP 	other_box: fillColor = '#FFFCA6'
86.3921 	EXP 	self_box: fillColor = '#3E45FA'
86.3921 	EXP 	other_box: fillColor = '#FFFCA6'
86.4113 	EXP 	self_box: fillColor = '#3E45FA'
86.4113 	EXP 	other_box: fillColor = '#FFFCA6'
86.4306 	EXP 	self_box: fillColor = '#3E45FA'
86.4306 	EXP 	other_box: fillColor = '#FFFCA6'
86.4419 	EXP 	self_box: fillColor = '#3E45FA'
86.4419 	EXP 	other_box: fillColor = '#FFFCA6'
86.4579 	EXP 	self_box: fillColor = '#3E45FA'
86.4579 	EXP 	other_box: fillColor = '#FFFCA6'
86.4746 	EXP 	self_box: fillColor = '#3E45FA'
86.4746 	EXP 	other_box: fillColor = '#FFFCA6'
86.4942 	EXP 	self_box: fillColor = '#3E45FA'
86.4942 	EXP 	other_box: fillColor = '#FFFCA6'
86.5124 	EXP 	self_box: fillColor = '#3E45FA'
86.5124 	EXP 	other_box: fillColor = '#FFFCA6'
86.5248 	EXP 	self_box: fillColor = '#3E45FA'
86.5248 	EXP 	other_box: fillColor = '#FFFCA6'
86.5414 	EXP 	self_box: fillColor = '#3E45FA'
86.5414 	EXP 	other_box: fillColor = '#FFFCA6'
86.5581 	EXP 	self_box: fillColor = '#3E45FA'
86.5581 	EXP 	other_box: fillColor = '#FFFCA6'
86.5776 	EXP 	self_box: fillColor = '#3E45FA'
86.5776 	EXP 	other_box: fillColor = '#FFFCA6'
86.5957 	EXP 	self_box: fillColor = '#3E45FA'
86.5957 	EXP 	other_box: fillColor = '#FFFCA6'
86.6082 	EXP 	self_box: fillColor = '#3E45FA'
86.6082 	EXP 	other_box: fillColor = '#FFFCA6'
86.6251 	EXP 	self_box: fillColor = '#3E45FA'
86.6251 	EXP 	other_box: fillColor = '#FFFCA6'
86.6416 	EXP 	self_box: fillColor = '#3E45FA'
86.6416 	EXP 	other_box: fillColor = '#FFFCA6'
86.6583 	EXP 	self_box: fillColor = '#3E45FA'
86.6583 	EXP 	other_box: fillColor = '#FFFCA6'
86.6783 	EXP 	self_box: fillColor = '#3E45FA'
86.6783 	EXP 	other_box: fillColor = '#FFFCA6'
86.6976 	EXP 	self_box: fillColor = '#3E45FA'
86.6976 	EXP 	other_box: fillColor = '#FFFCA6'
86.7090 	EXP 	self_box: fillColor = '#3E45FA'
86.7090 	EXP 	other_box: fillColor = '#FFFCA6'
86.7256 	EXP 	self_box: fillColor = '#3E45FA'
86.7256 	EXP 	other_box: fillColor = '#FFFCA6'
86.7452 	EXP 	self_box: fillColor = '#3E45FA'
86.7452 	EXP 	other_box: fillColor = '#FFFCA6'
86.7627 	EXP 	self_box: fillColor = '#3E45FA'
86.7627 	EXP 	other_box: fillColor = '#FFFCA6'
86.7756 	EXP 	self_box: fillColor = '#3E45FA'
86.7756 	EXP 	other_box: fillColor = '#FFFCA6'
86.7930 	EXP 	self_box: fillColor = '#3E45FA'
86.7930 	EXP 	other_box: fillColor = '#FFFCA6'
86.8119 	EXP 	self_box: fillColor = '#3E45FA'
86.8119 	EXP 	other_box: fillColor = '#FFFCA6'
86.8295 	EXP 	self_box: fillColor = '#3E45FA'
86.8295 	EXP 	other_box: fillColor = '#FFFCA6'
86.8425 	EXP 	self_box: fillColor = '#3E45FA'
86.8425 	EXP 	other_box: fillColor = '#FFFCA6'
86.8593 	EXP 	self_box: fillColor = '#3E45FA'
86.8593 	EXP 	other_box: fillColor = '#FFFCA6'
86.8785 	EXP 	self_box: fillColor = '#3E45FA'
86.8785 	EXP 	other_box: fillColor = '#FFFCA6'
86.8983 	EXP 	self_box: fillColor = '#3E45FA'
86.8983 	EXP 	other_box: fillColor = '#FFFCA6'
86.9093 	EXP 	self_box: fillColor = '#3E45FA'
86.9093 	EXP 	other_box: fillColor = '#FFFCA6'
86.9265 	EXP 	self_box: fillColor = '#3E45FA'
86.9265 	EXP 	other_box: fillColor = '#FFFCA6'
86.9450 	EXP 	self_box: fillColor = '#3E45FA'
86.9450 	EXP 	other_box: fillColor = '#FFFCA6'
86.9647 	EXP 	self_box: fillColor = '#3E45FA'
86.9647 	EXP 	other_box: fillColor = '#FFFCA6'
86.9755 	EXP 	self_box: fillColor = '#3E45FA'
86.9755 	EXP 	other_box: fillColor = '#FFFCA6'
86.9934 	EXP 	self_box: fillColor = '#3E45FA'
86.9934 	EXP 	other_box: fillColor = '#FFFCA6'
87.0141 	EXP 	self_box: fillColor = '#3E45FA'
87.0141 	EXP 	other_box: fillColor = '#FFFCA6'
87.0297 	EXP 	self_box: fillColor = '#3E45FA'
87.0297 	EXP 	other_box: fillColor = '#FFFCA6'
87.0302 	DATA 	Mouse: Left button down, pos=(289,219)
87.0315 	EXP 	New trial (rep=0, index=2): {'word': u'word9.1', 'amount': u'-1.5', 'list': u'list9', 'trialtype': u'pitch', 'trialtype_extended': u'pitch_lower_large'}
87.0426 	EXP 	self_box: fillColor = '#3E45FA'
87.0426 	EXP 	other_box: fillColor = '#FFFCA6'
87.0426 	EXP 	question: autoDraw = False
87.0426 	EXP 	self_box: autoDraw = False
87.0426 	EXP 	self_label: autoDraw = False
87.0426 	EXP 	other_box: autoDraw = False
87.0426 	EXP 	other_label: autoDraw = False
87.0426 	EXP 	text: text = u'word9.1'
87.0989 	DATA 	Mouse: Left button up, pos=(289,219)
88.0658 	EXP 	text: autoDraw = True
90.4542 	EXP 	text: autoDraw = False
90.4542 	EXP 	question: autoDraw = True
90.4542 	EXP 	self_box: autoDraw = True
90.4542 	EXP 	self_label: autoDraw = True
90.4542 	EXP 	other_box: autoDraw = True
90.4542 	EXP 	other_label: autoDraw = True
90.4542 	EXP 	self_box: fillColor = '#3E45FA'
90.4542 	EXP 	other_box: fillColor = '#FFFCA6'
90.4648 	EXP 	self_box: fillColor = '#3E45FA'
90.4648 	EXP 	other_box: fillColor = '#FFFCA6'
90.4815 	EXP 	self_box: fillColor = '#3E45FA'
90.4815 	EXP 	other_box: fillColor = '#FFFCA6'
90.4987 	EXP 	self_box: fillColor = '#3E45FA'
90.4987 	EXP 	other_box: fillColor = '#FFFCA6'
90.5157 	EXP 	self_box: fillColor = '#3E45FA'
90.5157 	EXP 	other_box: fillColor = '#FFFCA6'
90.5346 	EXP 	self_box: fillColor = '#3E45FA'
90.5346 	EXP 	other_box: fillColor = '#FFFCA6'
90.5542 	EXP 	self_box: fillColor = '#3E45FA'
90.5542 	EXP 	other_box: fillColor = '#FFFCA6'
90.5652 	EXP 	self_box: fillColor = '#3E45FA'
90.5652 	EXP 	other_box: fillColor = '#FFFCA6'
90.5821 	EXP 	self_box: fillColor = '#3E45FA'
90.5821 	EXP 	other_box: fillColor = '#FFFCA6'
90.6015 	EXP 	self_box: fillColor = '#3E45FA'
90.6015 	EXP 	other_box: fillColor = '#FFFCA6'
90.6193 	EXP 	self_box: fillColor = '#3E45FA'
90.6193 	EXP 	other_box: fillColor = '#FFFCA6'
90.6326 	EXP 	self_box: fillColor = '#3E45FA'
90.6326 	EXP 	other_box: fillColor = '#FFFCA6'
90.6486 	EXP 	self_box: fillColor = '#3E45FA'
90.6486 	EXP 	other_box: fillColor = '#FFFCA6'
90.6660 	EXP 	self_box: fillColor = '#3E45FA'
90.6660 	EXP 	other_box: fillColor = '#FFFCA6'
90.6868 	EXP 	self_box: fillColor = '#3E45FA'
90.6868 	EXP 	other_box: fillColor = '#FFFCA6'
90.7049 	EXP 	self_box: fillColor = '#3E45FA'
90.7049 	EXP 	other_box: fillColor = '#FFFCA6'
90.7163 	EXP 	self_box: fillColor = '#3E45FA'
90.7163 	EXP 	other_box: fillColor = '#FFFCA6'
90.7334 	EXP 	self_box: fillColor = '#3E45FA'
90.7334 	EXP 	other_box: fillColor = '#FFFCA6'
90.7532 	EXP 	self_box: fillColor = '#3E45FA'
90.7532 	EXP 	other_box: fillColor = '#FFFCA6'
90.7712 	EXP 	self_box: fillColor = '#3E45FA'
90.7712 	EXP 	other_box: fillColor = '#FFFCA6'
90.7827 	EXP 	self_box: fillColor = '#3E45FA'
90.7827 	EXP 	other_box: fillColor = '#FFFCA6'
90.7989 	EXP 	self_box: fillColor = '#3E45FA'
90.7989 	EXP 	other_box: fillColor = '#FFFCA6'
90.8155 	EXP 	self_box: fillColor = '#3E45FA'
90.8155 	EXP 	other_box: fillColor = '#FFFCA6'
90.8325 	EXP 	self_box: fillColor = '#3E45FA'
90.8325 	EXP 	other_box: fillColor = '#FFFCA6'
90.8535 	EXP 	self_box: fillColor = '#3E45FA'
90.8535 	EXP 	other_box: fillColor = '#FFFCA6'
90.8710 	EXP 	self_box: fillColor = '#3E45FA'
90.8710 	EXP 	other_box: fillColor = '#FFFCA6'
90.8831 	EXP 	self_box: fillColor = '#3E45FA'
90.8831 	EXP 	other_box: fillColor = '#FFFCA6'
90.8991 	EXP 	self_box: fillColor = '#3E45FA'
90.8991 	EXP 	other_box: fillColor = '#FFFCA6'
90.9160 	EXP 	self_box: fillColor = '#3E45FA'
90.9160 	EXP 	other_box: fillColor = '#FFFCA6'
90.9323 	EXP 	self_box: fillColor = '#3E45FA'
90.9323 	EXP 	other_box: fillColor = '#FFFCA6'
90.9491 	EXP 	self_box: fillColor = '#3E45FA'
90.9491 	EXP 	other_box: fillColor = '#FFFCA6'
90.9684 	EXP 	self_box: fillColor = '#3E45FA'
90.9684 	EXP 	other_box: fillColor = '#FFFCA6'
90.9883 	EXP 	self_box: fillColor = '#3E45FA'
90.9883 	EXP 	other_box: fillColor = '#FFFCA6'
90.9997 	EXP 	self_box: fillColor = '#3E45FA'
90.9997 	EXP 	other_box: fillColor = '#FFFCA6'
91.0157 	EXP 	self_box: fillColor = '#3E45FA'
91.0157 	EXP 	other_box: fillColor = '#FFFCA6'
91.0325 	EXP 	self_box: fillColor = '#3E45FA'
91.0325 	EXP 	other_box: fillColor = '#FFFCA6'
91.0495 	EXP 	self_box: fillColor = '#3E45FA'
91.0495 	EXP 	other_box: fillColor = '#FFFCA6'
91.0707 	EXP 	self_box: fillColor = '#3E45FA'
91.0707 	EXP 	other_box: fillColor = '#FFFCA6'
91.0864 	EXP 	self_box: fillColor = '#3E45FA'
91.0864 	EXP 	other_box: fillColor = '#FFFCA6'
91.0993 	EXP 	self_box: fillColor = '#3E45FA'
91.0993 	EXP 	other_box: fillColor = '#FFFCA6'
91.1160 	EXP 	self_box: fillColor = '#3E45FA'
91.1160 	EXP 	other_box: fillColor = '#FFFCA6'
91.1328 	EXP 	self_box: fillColor = '#3E45FA'
91.1328 	EXP 	other_box: fillColor = '#FFFCA6'
91.1493 	EXP 	self_box: fillColor = '#3E45FA'
91.1493 	EXP 	other_box: fillColor = '#FFFCA6'
91.1691 	EXP 	self_box: fillColor = '#3E45FA'
91.1691 	EXP 	other_box: fillColor = '#FFFCA6'
91.1889 	EXP 	self_box: fillColor = '#A6A9FF'
91.1889 	EXP 	other_box: fillColor = '#FFFCA6'
91.1999 	EXP 	self_box: fillColor = '#A6A9FF'
91.1999 	EXP 	other_box: fillColor = '#FFFCA6'
91.2167 	EXP 	self_box: fillColor = '#A6A9FF'
91.2167 	EXP 	other_box: fillColor = '#FFFCA6'
91.2357 	EXP 	self_box: fillColor = '#A6A9FF'
91.2357 	EXP 	other_box: fillColor = '#FFFCA6'
91.2554 	EXP 	self_box: fillColor = '#A6A9FF'
91.2554 	EXP 	other_box: fillColor = '#FFFCA6'
91.2670 	EXP 	self_box: fillColor = '#A6A9FF'
91.2670 	EXP 	other_box: fillColor = '#FFFCA6'
91.2831 	EXP 	self_box: fillColor = '#A6A9FF'
91.2831 	EXP 	other_box: fillColor = '#FFFCA6'
91.3004 	EXP 	self_box: fillColor = '#A6A9FF'
91.3004 	EXP 	other_box: fillColor = '#FFFCA6'
91.3193 	EXP 	self_box: fillColor = '#A6A9FF'
91.3193 	EXP 	other_box: fillColor = '#FFFCA6'
91.3371 	EXP 	self_box: fillColor = '#A6A9FF'
91.3371 	EXP 	other_box: fillColor = '#FFFCA6'
91.3502 	EXP 	self_box: fillColor = '#A6A9FF'
91.3502 	EXP 	other_box: fillColor = '#FFFCA6'
91.3666 	EXP 	self_box: fillColor = '#A6A9FF'
91.3666 	EXP 	other_box: fillColor = '#FFFCA6'
91.3834 	EXP 	self_box: fillColor = '#A6A9FF'
91.3834 	EXP 	other_box: fillColor = '#FFFCA6'
91.4004 	EXP 	self_box: fillColor = '#A6A9FF'
91.4004 	EXP 	other_box: fillColor = '#FFFCA6'
91.4166 	EXP 	self_box: fillColor = '#A6A9FF'
91.4166 	EXP 	other_box: fillColor = '#FFFCA6'
91.4331 	EXP 	self_box: fillColor = '#A6A9FF'
91.4331 	EXP 	other_box: fillColor = '#FFFCA6'
91.4501 	EXP 	self_box: fillColor = '#A6A9FF'
91.4501 	EXP 	other_box: fillColor = '#FFFCA6'
91.4713 	EXP 	self_box: fillColor = '#A6A9FF'
91.4713 	EXP 	other_box: fillColor = '#FFFCA6'
91.4890 	EXP 	self_box: fillColor = '#A6A9FF'
91.4890 	EXP 	other_box: fillColor = '#FFFCA6'
91.5007 	EXP 	self_box: fillColor = '#A6A9FF'
91.5007 	EXP 	other_box: fillColor = '#FFFCA6'
91.5174 	EXP 	self_box: fillColor = '#A6A9FF'
91.5174 	EXP 	other_box: fillColor = '#FFFCA6'
91.5341 	EXP 	self_box: fillColor = '#A6A9FF'
91.5341 	EXP 	other_box: fillColor = '#FFFCA6'
91.5549 	EXP 	self_box: fillColor = '#A6A9FF'
91.5549 	EXP 	other_box: fillColor = '#FAF33E'
91.5721 	EXP 	self_box: fillColor = '#A6A9FF'
91.5721 	EXP 	other_box: fillColor = '#FAF33E'
91.5834 	EXP 	self_box: fillColor = '#A6A9FF'
91.5834 	EXP 	other_box: fillColor = '#FAF33E'
91.6003 	EXP 	self_box: fillColor = '#A6A9FF'
91.6003 	EXP 	other_box: fillColor = '#FAF33E'
91.6176 	EXP 	self_box: fillColor = '#A6A9FF'
91.6176 	EXP 	other_box: fillColor = '#FAF33E'
91.6386 	EXP 	self_box: fillColor = '#A6A9FF'
91.6386 	EXP 	other_box: fillColor = '#FAF33E'
91.6540 	EXP 	self_box: fillColor = '#A6A9FF'
91.6540 	EXP 	other_box: fillColor = '#FAF33E'
91.6674 	EXP 	self_box: fillColor = '#A6A9FF'
91.6674 	EXP 	other_box: fillColor = '#FAF33E'
91.6835 	EXP 	self_box: fillColor = '#A6A9FF'
91.6835 	EXP 	other_box: fillColor = '#FAF33E'
91.7000 	EXP 	self_box: fillColor = '#A6A9FF'
91.7000 	EXP 	other_box: fillColor = '#FAF33E'
91.7004 	DATA 	Mouse: Left button down, pos=(961,158)
91.7019 	EXP 	New trial (rep=0, index=3): {'word': u'word5.1', 'amount': u'0.7', 'list': u'list5', 'trialtype': u'speed', 'trialtype_extended': u'slow_large'}
91.7170 	EXP 	self_box: fillColor = '#A6A9FF'
91.7170 	EXP 	other_box: fillColor = '#FAF33E'
91.7170 	EXP 	question: autoDraw = False
91.7170 	EXP 	self_box: autoDraw = False
91.7170 	EXP 	self_label: autoDraw = False
91.7170 	EXP 	other_box: autoDraw = False
91.7170 	EXP 	other_label: autoDraw = False
91.7170 	EXP 	text: text = u'word5.1'
91.8062 	DATA 	Mouse: Left button up, pos=(961,158)
92.7242 	EXP 	text: autoDraw = True
96.7000 	DATA 	Keypress: escape
