44.3667 	WARNING 	Movie2 stim could not be imported and won't be available
45.4003 	EXP 	Created window1 = Window(allowGUI=False, allowStencil=False, autoLog=True, bitsMode=UNKNOWN, blendMode='avg', color=array([-1., -1., -1.]), colorSpace='rgb', fullscr=UNKNOWN, gamma=None, lms=UNKNOWN, monitor=<psychopy.monitors.calibTools.Monitor instance at 0xfa3b1e8>, name='window1', pos=[0, 0], screen=0, size=array([1440,  900]), stereo=False, units=u'norm', useFBO=True, viewOri=0.0, viewPos=None, viewScale=None, waitBlanking=True, winType='pyglet')
45.4004 	EXP 	window1: recordFrameIntervals = False
45.5643 	EXP 	window1: recordFrameIntervals = True
45.7479 	EXP 	window1: recordFrameIntervals = False
45.8365 	EXP 	Created text_4 = TextStim(alignHoriz='center', alignVert='center', antialias=True, autoLog=True, bold=False, color='white', colorSpace='named', contrast=1.0, depth=0.0, flipHoriz=False, flipVert=False, font='Arial', fontFiles=[], height=0.1, italic=False, name='text_4', opacity=1.0, ori=0, pos=array([ 0.,  0.]), rgb=array([ 255.,  255.,  255.]), text=u'Instructions will go here.', units=u'norm', win=Window(...), wrapWidth=1)
46.8656 	EXP 	Created text = TextStim(alignHoriz='center', alignVert='center', antialias=True, autoLog=True, bold=False, color='white', colorSpace='named', contrast=1.0, depth=-1.0, flipHoriz=False, flipVert=False, font='Arial', fontFiles=[], height=0.1, italic=False, name='text', opacity=1.0, ori=0, pos=array([ 0.,  0.]), rgb=array([ 255.,  255.,  255.]), text=u'default text', units=u'norm', win=Window(...), wrapWidth=1)
46.8881 	EXP 	Created question = TextStim(alignHoriz='center', alignVert='center', antialias=True, autoLog=True, bold=False, color='white', colorSpace='named', contrast=1.0, depth=0.0, flipHoriz=False, flipVert=False, font='Arial', fontFiles=[], height=0.1, italic=False, name='question', opacity=1.0, ori=0, pos=array([ 0. ,  0.5]), rgb=array([ 255.,  255.,  255.]), text=u'Whose voice did you hear?', units=u'norm', win=Window(...), wrapWidth=2)
46.8889 	EXP 	<method-wrapper '__getattribute__' of attributeSetter object at 0xf971dd0>: vertices = array([[-0.25,  0.25],
       [ 0.25,  0.25],
       [ 0.25, -0.25],
       [-0.25, -0.25]])
46.8913 	EXP 	Created self_box = Rect(autoDraw=False, autoLog=True, closeShape=True, contrast=1.0, depth=0, fillColor='#A6A9FF', fillColorSpace='hex', fillRGB=array([166, 169, 255]), interpolate=True, lineColor='#3E45FA', lineColorSpace='hex', lineRGB=array([ 62,  69, 250]), lineWidth=5, name='self_box', opacity=1.0, ori=array(0.0), pos=array([-0.5, -0.5]), size=array([ 1.,  1.]), units=u'norm', vertices=ndarray(...), win=Window(...))
46.8970 	EXP 	Created self_label = TextStim(alignHoriz='center', alignVert='center', antialias=True, autoLog=True, bold=False, color='black', colorSpace='named', contrast=1.0, depth=-2.0, flipHoriz=False, flipVert=False, font='Arial', fontFiles=[], height=0.1, italic=False, name='self_label', opacity=1.0, ori=0, pos=array([-0.5, -0.5]), rgb=array([ 0.,  0.,  0.]), text=u'Mine', units=u'norm', win=Window(...), wrapWidth=1)
46.8977 	EXP 	<method-wrapper '__getattribute__' of attributeSetter object at 0xf971dd0>: vertices = array([[-0.25,  0.25],
       [ 0.25,  0.25],
       [ 0.25, -0.25],
       [-0.25, -0.25]])
46.9011 	EXP 	Created other_box = Rect(autoDraw=False, autoLog=True, closeShape=True, contrast=1.0, depth=0, fillColor='#FFFCA6', fillColorSpace='hex', fillRGB=array([255, 252, 166]), interpolate=True, lineColor='#FAF33E', lineColorSpace='hex', lineRGB=array([250, 243,  62]), lineWidth=5, name='other_box', opacity=1.0, ori=array(0.0), pos=array([ 0.5, -0.5]), size=array([ 1.,  1.]), units=u'norm', vertices=ndarray(...), win=Window(...))
46.9073 	EXP 	Created other_label = TextStim(alignHoriz='center', alignVert='center', antialias=True, autoLog=True, bold=False, color='black', colorSpace='named', contrast=1.0, depth=-4.0, flipHoriz=False, flipVert=False, font='Arial', fontFiles=[], height=0.1, italic=False, name='other_label', opacity=1.0, ori=0, pos=array([ 0.5, -0.5]), rgb=array([ 0.,  0.,  0.]), text=u'Other', units=u'norm', win=Window(...), wrapWidth=1)
46.9191 	EXP 	Created text_3 = TextStim(alignHoriz='center', alignVert='center', antialias=True, autoLog=True, bold=False, color='white', colorSpace='named', contrast=1.0, depth=0.0, flipHoriz=False, flipVert=False, font='Arial', fontFiles=[], height=0.1, italic=False, name='text_3', opacity=1.0, ori=0, pos=array([ 0.,  0.]), rgb=array([ 255.,  255.,  255.]), text=u'Thank you for participating!', units=u'norm', win=Window(...), wrapWidth=1)
46.9256 	EXP 	Created results_text = TextStim(alignHoriz='center', alignVert='center', antialias=True, autoLog=True, bold=False, color=u'white', colorSpace='named', contrast=1.0, depth=0.0, flipHoriz=False, flipVert=False, font=u'Arial', fontFiles=[], height=0.1, italic=False, name='results_text', opacity=1.0, ori=0, pos=array([ 0.,  0.]), rgb=array([ 255.,  255.,  255.]), text=u'default text', units=u'norm', win=Window(...), wrapWidth=2)
46.9329 	EXP 	text_4: autoDraw = True
51.9258 	EXP 	Imported /Volumes/Macintosh HD/Users/poppe076/Desktop/source_monitoring_task/data/ok_source_monitoring_2015_Feb_05_1443_wordlist.csv as conditions, 9 conditions, 5 params
51.9263 	EXP 	Created sequence: sequential, trialTypes=9, nReps=1, seed=None
52.0293 	EXP 	New trial (rep=0, index=0): {'word': u'word3.1', 'amount': u'2', 'list': u'list3', 'trialtype': u'pitch', 'trialtype_extended': u'pitch_higher_large'}
52.0410 	EXP 	text_4: autoDraw = False
52.0410 	EXP 	text_4: autoDraw = False
52.0410 	EXP 	text: text = u'word3.1'
53.0593 	EXP 	text: autoDraw = True
56.6819 	EXP 	text: autoDraw = False
56.6819 	EXP 	question: autoDraw = True
56.6819 	EXP 	self_box: autoDraw = True
56.6819 	EXP 	self_label: autoDraw = True
56.6819 	EXP 	other_box: autoDraw = True
56.6819 	EXP 	other_label: autoDraw = True
56.6819 	EXP 	self_box: fillColor = '#A6A9FF'
56.6819 	EXP 	other_box: fillColor = '#FFFCA6'
56.6985 	EXP 	self_box: fillColor = '#A6A9FF'
56.6985 	EXP 	other_box: fillColor = '#FFFCA6'
56.7152 	EXP 	self_box: fillColor = '#A6A9FF'
56.7152 	EXP 	other_box: fillColor = '#FFFCA6'
56.7318 	EXP 	self_box: fillColor = '#A6A9FF'
56.7318 	EXP 	other_box: fillColor = '#FFFCA6'
56.7486 	EXP 	self_box: fillColor = '#A6A9FF'
56.7486 	EXP 	other_box: fillColor = '#FFFCA6'
56.7652 	EXP 	self_box: fillColor = '#A6A9FF'
56.7652 	EXP 	other_box: fillColor = '#FFFCA6'
56.7818 	EXP 	self_box: fillColor = '#A6A9FF'
56.7818 	EXP 	other_box: fillColor = '#FFFCA6'
56.7985 	EXP 	self_box: fillColor = '#A6A9FF'
56.7985 	EXP 	other_box: fillColor = '#FFFCA6'
56.8153 	EXP 	self_box: fillColor = '#A6A9FF'
56.8153 	EXP 	other_box: fillColor = '#FFFCA6'
56.8321 	EXP 	self_box: fillColor = '#A6A9FF'
56.8321 	EXP 	other_box: fillColor = '#FFFCA6'
56.8489 	EXP 	self_box: fillColor = '#A6A9FF'
56.8489 	EXP 	other_box: fillColor = '#FFFCA6'
56.8655 	EXP 	self_box: fillColor = '#A6A9FF'
56.8655 	EXP 	other_box: fillColor = '#FFFCA6'
56.8822 	EXP 	self_box: fillColor = '#A6A9FF'
56.8822 	EXP 	other_box: fillColor = '#FFFCA6'
56.8989 	EXP 	self_box: fillColor = '#A6A9FF'
56.8989 	EXP 	other_box: fillColor = '#FFFCA6'
56.9156 	EXP 	self_box: fillColor = '#A6A9FF'
56.9156 	EXP 	other_box: fillColor = '#FFFCA6'
56.9322 	EXP 	self_box: fillColor = '#A6A9FF'
56.9322 	EXP 	other_box: fillColor = '#FFFCA6'
56.9488 	EXP 	self_box: fillColor = '#A6A9FF'
56.9488 	EXP 	other_box: fillColor = '#FFFCA6'
56.9655 	EXP 	self_box: fillColor = '#A6A9FF'
56.9655 	EXP 	other_box: fillColor = '#FFFCA6'
56.9822 	EXP 	self_box: fillColor = '#A6A9FF'
56.9822 	EXP 	other_box: fillColor = '#FFFCA6'
56.9989 	EXP 	self_box: fillColor = '#A6A9FF'
56.9989 	EXP 	other_box: fillColor = '#FFFCA6'
57.0157 	EXP 	self_box: fillColor = '#A6A9FF'
57.0157 	EXP 	other_box: fillColor = '#FFFCA6'
57.0323 	EXP 	self_box: fillColor = '#A6A9FF'
57.0323 	EXP 	other_box: fillColor = '#FFFCA6'
57.0492 	EXP 	self_box: fillColor = '#A6A9FF'
57.0492 	EXP 	other_box: fillColor = '#FFFCA6'
57.0658 	EXP 	self_box: fillColor = '#A6A9FF'
57.0658 	EXP 	other_box: fillColor = '#FFFCA6'
57.0825 	EXP 	self_box: fillColor = '#A6A9FF'
57.0825 	EXP 	other_box: fillColor = '#FFFCA6'
57.0992 	EXP 	self_box: fillColor = '#A6A9FF'
57.0992 	EXP 	other_box: fillColor = '#FFFCA6'
57.1157 	EXP 	self_box: fillColor = '#A6A9FF'
57.1157 	EXP 	other_box: fillColor = '#FFFCA6'
57.1324 	EXP 	self_box: fillColor = '#A6A9FF'
57.1324 	EXP 	other_box: fillColor = '#FFFCA6'
57.1491 	EXP 	self_box: fillColor = '#A6A9FF'
57.1491 	EXP 	other_box: fillColor = '#FFFCA6'
57.1660 	EXP 	self_box: fillColor = '#A6A9FF'
57.1660 	EXP 	other_box: fillColor = '#FFFCA6'
57.1827 	EXP 	self_box: fillColor = '#A6A9FF'
57.1827 	EXP 	other_box: fillColor = '#FFFCA6'
57.1994 	EXP 	self_box: fillColor = '#A6A9FF'
57.1994 	EXP 	other_box: fillColor = '#FFFCA6'
57.2160 	EXP 	self_box: fillColor = '#A6A9FF'
57.2160 	EXP 	other_box: fillColor = '#FFFCA6'
57.2328 	EXP 	self_box: fillColor = '#A6A9FF'
57.2328 	EXP 	other_box: fillColor = '#FFFCA6'
57.2495 	EXP 	self_box: fillColor = '#A6A9FF'
57.2495 	EXP 	other_box: fillColor = '#FFFCA6'
57.2662 	EXP 	self_box: fillColor = '#A6A9FF'
57.2662 	EXP 	other_box: fillColor = '#FFFCA6'
57.2828 	EXP 	self_box: fillColor = '#A6A9FF'
57.2828 	EXP 	other_box: fillColor = '#FFFCA6'
57.2994 	EXP 	self_box: fillColor = '#A6A9FF'
57.2994 	EXP 	other_box: fillColor = '#FFFCA6'
57.3161 	EXP 	self_box: fillColor = '#A6A9FF'
57.3161 	EXP 	other_box: fillColor = '#FFFCA6'
57.3328 	EXP 	self_box: fillColor = '#A6A9FF'
57.3328 	EXP 	other_box: fillColor = '#FFFCA6'
57.3496 	EXP 	self_box: fillColor = '#A6A9FF'
57.3496 	EXP 	other_box: fillColor = '#FFFCA6'
57.3664 	EXP 	self_box: fillColor = '#A6A9FF'
57.3664 	EXP 	other_box: fillColor = '#FFFCA6'
57.3830 	EXP 	self_box: fillColor = '#A6A9FF'
57.3830 	EXP 	other_box: fillColor = '#FFFCA6'
57.3998 	EXP 	self_box: fillColor = '#A6A9FF'
57.3998 	EXP 	other_box: fillColor = '#FFFCA6'
57.4164 	EXP 	self_box: fillColor = '#A6A9FF'
57.4164 	EXP 	other_box: fillColor = '#FFFCA6'
57.4330 	EXP 	self_box: fillColor = '#A6A9FF'
57.4330 	EXP 	other_box: fillColor = '#FFFCA6'
57.4498 	EXP 	self_box: fillColor = '#A6A9FF'
57.4498 	EXP 	other_box: fillColor = '#FFFCA6'
57.4663 	EXP 	self_box: fillColor = '#A6A9FF'
57.4663 	EXP 	other_box: fillColor = '#FFFCA6'
57.4830 	EXP 	self_box: fillColor = '#A6A9FF'
57.4830 	EXP 	other_box: fillColor = '#FFFCA6'
57.4997 	EXP 	self_box: fillColor = '#A6A9FF'
57.4997 	EXP 	other_box: fillColor = '#FFFCA6'
57.5166 	EXP 	self_box: fillColor = '#A6A9FF'
57.5166 	EXP 	other_box: fillColor = '#FFFCA6'
57.5332 	EXP 	self_box: fillColor = '#A6A9FF'
57.5332 	EXP 	other_box: fillColor = '#FFFCA6'
57.5499 	EXP 	self_box: fillColor = '#A6A9FF'
57.5499 	EXP 	other_box: fillColor = '#FFFCA6'
57.5666 	EXP 	self_box: fillColor = '#A6A9FF'
57.5666 	EXP 	other_box: fillColor = '#FFFCA6'
57.5833 	EXP 	self_box: fillColor = '#A6A9FF'
57.5833 	EXP 	other_box: fillColor = '#FFFCA6'
57.5999 	EXP 	self_box: fillColor = '#A6A9FF'
57.5999 	EXP 	other_box: fillColor = '#FFFCA6'
57.6167 	EXP 	self_box: fillColor = '#A6A9FF'
57.6167 	EXP 	other_box: fillColor = '#FFFCA6'
57.6333 	EXP 	self_box: fillColor = '#A6A9FF'
57.6333 	EXP 	other_box: fillColor = '#FFFCA6'
57.6499 	EXP 	self_box: fillColor = '#A6A9FF'
57.6499 	EXP 	other_box: fillColor = '#FFFCA6'
57.6666 	EXP 	self_box: fillColor = '#A6A9FF'
57.6666 	EXP 	other_box: fillColor = '#FFFCA6'
57.6834 	EXP 	self_box: fillColor = '#A6A9FF'
57.6834 	EXP 	other_box: fillColor = '#FFFCA6'
57.7001 	EXP 	self_box: fillColor = '#A6A9FF'
57.7001 	EXP 	other_box: fillColor = '#FFFCA6'
57.7168 	EXP 	self_box: fillColor = '#A6A9FF'
57.7168 	EXP 	other_box: fillColor = '#FFFCA6'
57.7335 	EXP 	self_box: fillColor = '#A6A9FF'
57.7335 	EXP 	other_box: fillColor = '#FFFCA6'
57.7501 	EXP 	self_box: fillColor = '#A6A9FF'
57.7501 	EXP 	other_box: fillColor = '#FFFCA6'
57.7669 	EXP 	self_box: fillColor = '#A6A9FF'
57.7669 	EXP 	other_box: fillColor = '#FFFCA6'
57.7835 	EXP 	self_box: fillColor = '#A6A9FF'
57.7835 	EXP 	other_box: fillColor = '#FFFCA6'
57.8001 	EXP 	self_box: fillColor = '#A6A9FF'
57.8001 	EXP 	other_box: fillColor = '#FFFCA6'
57.8169 	EXP 	self_box: fillColor = '#A6A9FF'
57.8169 	EXP 	other_box: fillColor = '#FFFCA6'
57.8335 	EXP 	self_box: fillColor = '#3E45FA'
57.8335 	EXP 	other_box: fillColor = '#FFFCA6'
57.8503 	EXP 	self_box: fillColor = '#3E45FA'
57.8503 	EXP 	other_box: fillColor = '#FFFCA6'
57.8671 	EXP 	self_box: fillColor = '#3E45FA'
57.8671 	EXP 	other_box: fillColor = '#FFFCA6'
57.8838 	EXP 	self_box: fillColor = '#3E45FA'
57.8838 	EXP 	other_box: fillColor = '#FFFCA6'
57.9005 	EXP 	self_box: fillColor = '#3E45FA'
57.9005 	EXP 	other_box: fillColor = '#FFFCA6'
57.9170 	EXP 	self_box: fillColor = '#3E45FA'
57.9170 	EXP 	other_box: fillColor = '#FFFCA6'
57.9338 	EXP 	self_box: fillColor = '#3E45FA'
57.9338 	EXP 	other_box: fillColor = '#FFFCA6'
57.9505 	EXP 	self_box: fillColor = '#3E45FA'
57.9505 	EXP 	other_box: fillColor = '#FFFCA6'
57.9673 	EXP 	self_box: fillColor = '#3E45FA'
57.9673 	EXP 	other_box: fillColor = '#FFFCA6'
57.9839 	EXP 	self_box: fillColor = '#3E45FA'
57.9839 	EXP 	other_box: fillColor = '#FFFCA6'
58.0005 	EXP 	self_box: fillColor = '#3E45FA'
58.0005 	EXP 	other_box: fillColor = '#FFFCA6'
58.0172 	EXP 	self_box: fillColor = '#3E45FA'
58.0172 	EXP 	other_box: fillColor = '#FFFCA6'
58.0340 	EXP 	self_box: fillColor = '#3E45FA'
58.0340 	EXP 	other_box: fillColor = '#FFFCA6'
58.0507 	EXP 	self_box: fillColor = '#3E45FA'
58.0507 	EXP 	other_box: fillColor = '#FFFCA6'
58.0674 	EXP 	self_box: fillColor = '#3E45FA'
58.0674 	EXP 	other_box: fillColor = '#FFFCA6'
58.0841 	EXP 	self_box: fillColor = '#3E45FA'
58.0841 	EXP 	other_box: fillColor = '#FFFCA6'
58.1007 	EXP 	self_box: fillColor = '#3E45FA'
58.1007 	EXP 	other_box: fillColor = '#FFFCA6'
58.1176 	EXP 	self_box: fillColor = '#3E45FA'
58.1176 	EXP 	other_box: fillColor = '#FFFCA6'
58.1341 	EXP 	self_box: fillColor = '#3E45FA'
58.1341 	EXP 	other_box: fillColor = '#FFFCA6'
58.1507 	EXP 	self_box: fillColor = '#3E45FA'
58.1507 	EXP 	other_box: fillColor = '#FFFCA6'
58.1674 	EXP 	self_box: fillColor = '#3E45FA'
58.1674 	EXP 	other_box: fillColor = '#FFFCA6'
58.1841 	EXP 	self_box: fillColor = '#3E45FA'
58.1841 	EXP 	other_box: fillColor = '#FFFCA6'
58.2010 	EXP 	self_box: fillColor = '#3E45FA'
58.2010 	EXP 	other_box: fillColor = '#FFFCA6'
58.2178 	EXP 	self_box: fillColor = '#3E45FA'
58.2178 	EXP 	other_box: fillColor = '#FFFCA6'
58.2344 	EXP 	self_box: fillColor = '#3E45FA'
58.2344 	EXP 	other_box: fillColor = '#FFFCA6'
58.2509 	EXP 	self_box: fillColor = '#3E45FA'
58.2509 	EXP 	other_box: fillColor = '#FFFCA6'
58.2677 	EXP 	self_box: fillColor = '#3E45FA'
58.2677 	EXP 	other_box: fillColor = '#FFFCA6'
58.2843 	EXP 	self_box: fillColor = '#3E45FA'
58.2843 	EXP 	other_box: fillColor = '#FFFCA6'
58.3011 	EXP 	self_box: fillColor = '#3E45FA'
58.3011 	EXP 	other_box: fillColor = '#FFFCA6'
58.3177 	EXP 	self_box: fillColor = '#3E45FA'
58.3177 	EXP 	other_box: fillColor = '#FFFCA6'
58.3344 	EXP 	self_box: fillColor = '#3E45FA'
58.3344 	EXP 	other_box: fillColor = '#FFFCA6'
58.3511 	EXP 	self_box: fillColor = '#3E45FA'
58.3511 	EXP 	other_box: fillColor = '#FFFCA6'
58.3679 	EXP 	self_box: fillColor = '#3E45FA'
58.3679 	EXP 	other_box: fillColor = '#FFFCA6'
58.3846 	EXP 	self_box: fillColor = '#3E45FA'
58.3846 	EXP 	other_box: fillColor = '#FFFCA6'
58.4013 	EXP 	self_box: fillColor = '#3E45FA'
58.4013 	EXP 	other_box: fillColor = '#FFFCA6'
58.4178 	EXP 	self_box: fillColor = '#3E45FA'
58.4178 	EXP 	other_box: fillColor = '#FFFCA6'
58.4295 	DATA 	Mouse: Left button down, pos=(471,270)
58.4310 	EXP 	New trial (rep=0, index=1): {'word': u'word3.1', 'amount': u'-1.5', 'list': u'list3', 'trialtype': u'pitch', 'trialtype_extended': u'pitch_lower_large'}
58.4512 	EXP 	self_box: fillColor = '#3E45FA'
58.4512 	EXP 	other_box: fillColor = '#FFFCA6'
58.4512 	EXP 	question: autoDraw = False
58.4512 	EXP 	self_box: autoDraw = False
58.4512 	EXP 	self_label: autoDraw = False
58.4512 	EXP 	other_box: autoDraw = False
58.4512 	EXP 	other_label: autoDraw = False
58.4512 	EXP 	text: text = u'word3.1'
58.4850 	DATA 	Mouse: Left button up, pos=(471,270)
59.4530 	EXP 	text: autoDraw = True
61.8734 	EXP 	text: autoDraw = False
61.8734 	EXP 	question: autoDraw = True
61.8734 	EXP 	self_box: autoDraw = True
61.8734 	EXP 	self_label: autoDraw = True
61.8734 	EXP 	other_box: autoDraw = True
61.8734 	EXP 	other_label: autoDraw = True
61.8734 	EXP 	self_box: fillColor = '#A6A9FF'
61.8734 	EXP 	other_box: fillColor = '#FFFCA6'
61.8901 	EXP 	self_box: fillColor = '#A6A9FF'
61.8901 	EXP 	other_box: fillColor = '#FFFCA6'
61.9068 	EXP 	self_box: fillColor = '#A6A9FF'
61.9068 	EXP 	other_box: fillColor = '#FFFCA6'
61.9234 	EXP 	self_box: fillColor = '#A6A9FF'
61.9234 	EXP 	other_box: fillColor = '#FFFCA6'
61.9401 	EXP 	self_box: fillColor = '#A6A9FF'
61.9401 	EXP 	other_box: fillColor = '#FFFCA6'
61.9569 	EXP 	self_box: fillColor = '#A6A9FF'
61.9569 	EXP 	other_box: fillColor = '#FFFCA6'
61.9736 	EXP 	self_box: fillColor = '#A6A9FF'
61.9736 	EXP 	other_box: fillColor = '#FFFCA6'
61.9902 	EXP 	self_box: fillColor = '#A6A9FF'
61.9902 	EXP 	other_box: fillColor = '#FFFCA6'
62.0069 	EXP 	self_box: fillColor = '#A6A9FF'
62.0069 	EXP 	other_box: fillColor = '#FFFCA6'
62.0236 	EXP 	self_box: fillColor = '#A6A9FF'
62.0236 	EXP 	other_box: fillColor = '#FFFCA6'
62.0403 	EXP 	self_box: fillColor = '#A6A9FF'
62.0403 	EXP 	other_box: fillColor = '#FFFCA6'
62.0570 	EXP 	self_box: fillColor = '#A6A9FF'
62.0570 	EXP 	other_box: fillColor = '#FFFCA6'
62.0738 	EXP 	self_box: fillColor = '#A6A9FF'
62.0738 	EXP 	other_box: fillColor = '#FFFCA6'
62.0905 	EXP 	self_box: fillColor = '#A6A9FF'
62.0905 	EXP 	other_box: fillColor = '#FFFCA6'
62.1071 	EXP 	self_box: fillColor = '#A6A9FF'
62.1071 	EXP 	other_box: fillColor = '#FFFCA6'
62.1238 	EXP 	self_box: fillColor = '#A6A9FF'
62.1238 	EXP 	other_box: fillColor = '#FFFCA6'
62.1404 	EXP 	self_box: fillColor = '#A6A9FF'
62.1404 	EXP 	other_box: fillColor = '#FFFCA6'
62.1572 	EXP 	self_box: fillColor = '#A6A9FF'
62.1572 	EXP 	other_box: fillColor = '#FFFCA6'
62.1738 	EXP 	self_box: fillColor = '#A6A9FF'
62.1738 	EXP 	other_box: fillColor = '#FFFCA6'
62.1905 	EXP 	self_box: fillColor = '#A6A9FF'
62.1905 	EXP 	other_box: fillColor = '#FFFCA6'
62.2072 	EXP 	self_box: fillColor = '#A6A9FF'
62.2072 	EXP 	other_box: fillColor = '#FFFCA6'
62.2240 	EXP 	self_box: fillColor = '#A6A9FF'
62.2240 	EXP 	other_box: fillColor = '#FFFCA6'
62.2408 	EXP 	self_box: fillColor = '#3E45FA'
62.2408 	EXP 	other_box: fillColor = '#FFFCA6'
62.2574 	EXP 	self_box: fillColor = '#3E45FA'
62.2574 	EXP 	other_box: fillColor = '#FFFCA6'
62.2741 	EXP 	self_box: fillColor = '#3E45FA'
62.2741 	EXP 	other_box: fillColor = '#FFFCA6'
62.2908 	EXP 	self_box: fillColor = '#3E45FA'
62.2908 	EXP 	other_box: fillColor = '#FFFCA6'
62.3076 	EXP 	self_box: fillColor = '#3E45FA'
62.3076 	EXP 	other_box: fillColor = '#FFFCA6'
62.3241 	EXP 	self_box: fillColor = '#3E45FA'
62.3241 	EXP 	other_box: fillColor = '#FFFCA6'
62.3408 	EXP 	self_box: fillColor = '#3E45FA'
62.3408 	EXP 	other_box: fillColor = '#FFFCA6'
62.3575 	EXP 	self_box: fillColor = '#3E45FA'
62.3575 	EXP 	other_box: fillColor = '#FFFCA6'
62.3742 	EXP 	self_box: fillColor = '#3E45FA'
62.3742 	EXP 	other_box: fillColor = '#FFFCA6'
62.3750 	DATA 	Mouse: Left button down, pos=(394,284)
62.3790 	EXP 	New trial (rep=0, index=2): {'word': u'word2.1', 'amount': u'0.7', 'list': u'list2', 'trialtype': u'speed', 'trialtype_extended': u'slow_large'}
62.3909 	EXP 	self_box: fillColor = '#3E45FA'
62.3909 	EXP 	other_box: fillColor = '#FFFCA6'
62.3909 	EXP 	question: autoDraw = False
62.3909 	EXP 	self_box: autoDraw = False
62.3909 	EXP 	self_label: autoDraw = False
62.3909 	EXP 	other_box: autoDraw = False
62.3909 	EXP 	other_label: autoDraw = False
62.3909 	EXP 	text: text = u'word2.1'
62.4246 	DATA 	Mouse: Left button up, pos=(394,284)
63.4092 	EXP 	text: autoDraw = True
66.4306 	EXP 	text: autoDraw = False
66.4306 	EXP 	question: autoDraw = True
66.4306 	EXP 	self_box: autoDraw = True
66.4306 	EXP 	self_label: autoDraw = True
66.4306 	EXP 	other_box: autoDraw = True
66.4306 	EXP 	other_label: autoDraw = True
66.4306 	EXP 	self_box: fillColor = '#A6A9FF'
66.4306 	EXP 	other_box: fillColor = '#FFFCA6'
66.4473 	EXP 	self_box: fillColor = '#A6A9FF'
66.4473 	EXP 	other_box: fillColor = '#FFFCA6'
66.4641 	EXP 	self_box: fillColor = '#A6A9FF'
66.4641 	EXP 	other_box: fillColor = '#FFFCA6'
66.4807 	EXP 	self_box: fillColor = '#A6A9FF'
66.4807 	EXP 	other_box: fillColor = '#FFFCA6'
66.4975 	EXP 	self_box: fillColor = '#A6A9FF'
66.4975 	EXP 	other_box: fillColor = '#FFFCA6'
66.5142 	EXP 	self_box: fillColor = '#A6A9FF'
66.5142 	EXP 	other_box: fillColor = '#FFFCA6'
66.5309 	EXP 	self_box: fillColor = '#A6A9FF'
66.5309 	EXP 	other_box: fillColor = '#FFFCA6'
66.5476 	EXP 	self_box: fillColor = '#A6A9FF'
66.5476 	EXP 	other_box: fillColor = '#FFFCA6'
66.5643 	EXP 	self_box: fillColor = '#A6A9FF'
66.5643 	EXP 	other_box: fillColor = '#FFFCA6'
66.5810 	EXP 	self_box: fillColor = '#A6A9FF'
66.5810 	EXP 	other_box: fillColor = '#FFFCA6'
66.5977 	EXP 	self_box: fillColor = '#A6A9FF'
66.5977 	EXP 	other_box: fillColor = '#FFFCA6'
66.6144 	EXP 	self_box: fillColor = '#A6A9FF'
66.6144 	EXP 	other_box: fillColor = '#FFFCA6'
66.6310 	EXP 	self_box: fillColor = '#A6A9FF'
66.6310 	EXP 	other_box: fillColor = '#FFFCA6'
66.6477 	EXP 	self_box: fillColor = '#A6A9FF'
66.6477 	EXP 	other_box: fillColor = '#FFFCA6'
66.6645 	EXP 	self_box: fillColor = '#A6A9FF'
66.6645 	EXP 	other_box: fillColor = '#FFFCA6'
66.6811 	EXP 	self_box: fillColor = '#A6A9FF'
66.6811 	EXP 	other_box: fillColor = '#FFFCA6'
66.6978 	EXP 	self_box: fillColor = '#A6A9FF'
66.6978 	EXP 	other_box: fillColor = '#FFFCA6'
66.7143 	EXP 	self_box: fillColor = '#A6A9FF'
66.7143 	EXP 	other_box: fillColor = '#FFFCA6'
66.7311 	EXP 	self_box: fillColor = '#A6A9FF'
66.7311 	EXP 	other_box: fillColor = '#FFFCA6'
66.7479 	EXP 	self_box: fillColor = '#A6A9FF'
66.7479 	EXP 	other_box: fillColor = '#FFFCA6'
66.7645 	EXP 	self_box: fillColor = '#A6A9FF'
66.7645 	EXP 	other_box: fillColor = '#FFFCA6'
66.7813 	EXP 	self_box: fillColor = '#A6A9FF'
66.7813 	EXP 	other_box: fillColor = '#FFFCA6'
66.7980 	EXP 	self_box: fillColor = '#A6A9FF'
66.7980 	EXP 	other_box: fillColor = '#FFFCA6'
66.8147 	EXP 	self_box: fillColor = '#A6A9FF'
66.8147 	EXP 	other_box: fillColor = '#FFFCA6'
66.8313 	EXP 	self_box: fillColor = '#A6A9FF'
66.8313 	EXP 	other_box: fillColor = '#FFFCA6'
66.8481 	EXP 	self_box: fillColor = '#A6A9FF'
66.8481 	EXP 	other_box: fillColor = '#FFFCA6'
66.8646 	EXP 	self_box: fillColor = '#A6A9FF'
66.8646 	EXP 	other_box: fillColor = '#FFFCA6'
66.8815 	EXP 	self_box: fillColor = '#A6A9FF'
66.8815 	EXP 	other_box: fillColor = '#FFFCA6'
66.8980 	EXP 	self_box: fillColor = '#A6A9FF'
66.8980 	EXP 	other_box: fillColor = '#FFFCA6'
66.9148 	EXP 	self_box: fillColor = '#A6A9FF'
66.9148 	EXP 	other_box: fillColor = '#FFFCA6'
66.9314 	EXP 	self_box: fillColor = '#A6A9FF'
66.9314 	EXP 	other_box: fillColor = '#FFFCA6'
66.9481 	EXP 	self_box: fillColor = '#A6A9FF'
66.9481 	EXP 	other_box: fillColor = '#FFFCA6'
66.9649 	EXP 	self_box: fillColor = '#A6A9FF'
66.9649 	EXP 	other_box: fillColor = '#FFFCA6'
66.9816 	EXP 	self_box: fillColor = '#A6A9FF'
66.9816 	EXP 	other_box: fillColor = '#FFFCA6'
66.9983 	EXP 	self_box: fillColor = '#A6A9FF'
66.9983 	EXP 	other_box: fillColor = '#FFFCA6'
67.0150 	EXP 	self_box: fillColor = '#A6A9FF'
67.0150 	EXP 	other_box: fillColor = '#FFFCA6'
67.0316 	EXP 	self_box: fillColor = '#A6A9FF'
67.0316 	EXP 	other_box: fillColor = '#FFFCA6'
67.0484 	EXP 	self_box: fillColor = '#A6A9FF'
67.0484 	EXP 	other_box: fillColor = '#FFFCA6'
67.0650 	EXP 	self_box: fillColor = '#A6A9FF'
67.0650 	EXP 	other_box: fillColor = '#FFFCA6'
67.0819 	EXP 	self_box: fillColor = '#A6A9FF'
67.0819 	EXP 	other_box: fillColor = '#FFFCA6'
67.0983 	EXP 	self_box: fillColor = '#A6A9FF'
67.0983 	EXP 	other_box: fillColor = '#FFFCA6'
67.1150 	EXP 	self_box: fillColor = '#A6A9FF'
67.1150 	EXP 	other_box: fillColor = '#FFFCA6'
67.1318 	EXP 	self_box: fillColor = '#A6A9FF'
67.1318 	EXP 	other_box: fillColor = '#FFFCA6'
67.1486 	EXP 	self_box: fillColor = '#A6A9FF'
67.1486 	EXP 	other_box: fillColor = '#FFFCA6'
67.1652 	EXP 	self_box: fillColor = '#A6A9FF'
67.1652 	EXP 	other_box: fillColor = '#FFFCA6'
67.1819 	EXP 	self_box: fillColor = '#A6A9FF'
67.1819 	EXP 	other_box: fillColor = '#FFFCA6'
67.1987 	EXP 	self_box: fillColor = '#A6A9FF'
67.1987 	EXP 	other_box: fillColor = '#FFFCA6'
67.2153 	EXP 	self_box: fillColor = '#A6A9FF'
67.2153 	EXP 	other_box: fillColor = '#FFFCA6'
67.2320 	EXP 	self_box: fillColor = '#A6A9FF'
67.2320 	EXP 	other_box: fillColor = '#FAF33E'
67.2487 	EXP 	self_box: fillColor = '#A6A9FF'
67.2487 	EXP 	other_box: fillColor = '#FAF33E'
67.2654 	EXP 	self_box: fillColor = '#A6A9FF'
67.2654 	EXP 	other_box: fillColor = '#FAF33E'
67.2821 	EXP 	self_box: fillColor = '#A6A9FF'
67.2821 	EXP 	other_box: fillColor = '#FAF33E'
67.2988 	EXP 	self_box: fillColor = '#A6A9FF'
67.2988 	EXP 	other_box: fillColor = '#FAF33E'
67.3155 	EXP 	self_box: fillColor = '#A6A9FF'
67.3155 	EXP 	other_box: fillColor = '#FAF33E'
67.3320 	EXP 	self_box: fillColor = '#A6A9FF'
67.3320 	EXP 	other_box: fillColor = '#FAF33E'
67.3324 	DATA 	Mouse: Left button down, pos=(1021,318)
67.3413 	EXP 	New trial (rep=0, index=3): {'word': u'word3.1', 'amount': u'-1.5', 'list': u'list3', 'trialtype': u'pitch', 'trialtype_extended': u'pitch_lower_small'}
67.3655 	EXP 	self_box: fillColor = '#A6A9FF'
67.3655 	EXP 	other_box: fillColor = '#FAF33E'
67.3655 	EXP 	question: autoDraw = False
67.3655 	EXP 	self_box: autoDraw = False
67.3655 	EXP 	self_label: autoDraw = False
67.3655 	EXP 	other_box: autoDraw = False
67.3655 	EXP 	other_label: autoDraw = False
67.3655 	EXP 	text: text = u'word3.1'
67.4162 	DATA 	Mouse: Left button up, pos=(1020,318)
68.3672 	EXP 	text: autoDraw = True
71.9394 	EXP 	text: autoDraw = False
71.9394 	EXP 	question: autoDraw = True
71.9394 	EXP 	self_box: autoDraw = True
71.9394 	EXP 	self_label: autoDraw = True
71.9394 	EXP 	other_box: autoDraw = True
71.9394 	EXP 	other_label: autoDraw = True
71.9394 	EXP 	self_box: fillColor = '#A6A9FF'
71.9394 	EXP 	other_box: fillColor = '#FFFCA6'
71.9562 	EXP 	self_box: fillColor = '#A6A9FF'
71.9562 	EXP 	other_box: fillColor = '#FFFCA6'
71.9729 	EXP 	self_box: fillColor = '#A6A9FF'
71.9729 	EXP 	other_box: fillColor = '#FFFCA6'
71.9896 	EXP 	self_box: fillColor = '#A6A9FF'
71.9896 	EXP 	other_box: fillColor = '#FFFCA6'
72.0061 	EXP 	self_box: fillColor = '#A6A9FF'
72.0061 	EXP 	other_box: fillColor = '#FFFCA6'
72.0230 	EXP 	self_box: fillColor = '#A6A9FF'
72.0230 	EXP 	other_box: fillColor = '#FFFCA6'
72.0396 	EXP 	self_box: fillColor = '#A6A9FF'
72.0396 	EXP 	other_box: fillColor = '#FFFCA6'
72.0562 	EXP 	self_box: fillColor = '#A6A9FF'
72.0562 	EXP 	other_box: fillColor = '#FFFCA6'
72.0731 	EXP 	self_box: fillColor = '#A6A9FF'
72.0731 	EXP 	other_box: fillColor = '#FFFCA6'
72.0896 	EXP 	self_box: fillColor = '#A6A9FF'
72.0896 	EXP 	other_box: fillColor = '#FFFCA6'
72.1064 	EXP 	self_box: fillColor = '#A6A9FF'
72.1064 	EXP 	other_box: fillColor = '#FFFCA6'
72.1230 	EXP 	self_box: fillColor = '#A6A9FF'
72.1230 	EXP 	other_box: fillColor = '#FFFCA6'
72.1399 	EXP 	self_box: fillColor = '#A6A9FF'
72.1399 	EXP 	other_box: fillColor = '#FFFCA6'
72.1565 	EXP 	self_box: fillColor = '#A6A9FF'
72.1565 	EXP 	other_box: fillColor = '#FFFCA6'
72.1732 	EXP 	self_box: fillColor = '#A6A9FF'
72.1732 	EXP 	other_box: fillColor = '#FFFCA6'
72.1900 	EXP 	self_box: fillColor = '#A6A9FF'
72.1900 	EXP 	other_box: fillColor = '#FFFCA6'
72.2066 	EXP 	self_box: fillColor = '#A6A9FF'
72.2066 	EXP 	other_box: fillColor = '#FFFCA6'
72.2232 	EXP 	self_box: fillColor = '#A6A9FF'
72.2232 	EXP 	other_box: fillColor = '#FFFCA6'
72.2399 	EXP 	self_box: fillColor = '#A6A9FF'
72.2399 	EXP 	other_box: fillColor = '#FFFCA6'
72.2567 	EXP 	self_box: fillColor = '#A6A9FF'
72.2567 	EXP 	other_box: fillColor = '#FFFCA6'
72.2733 	EXP 	self_box: fillColor = '#A6A9FF'
72.2733 	EXP 	other_box: fillColor = '#FFFCA6'
72.2900 	EXP 	self_box: fillColor = '#A6A9FF'
72.2900 	EXP 	other_box: fillColor = '#FFFCA6'
72.3067 	EXP 	self_box: fillColor = '#A6A9FF'
72.3067 	EXP 	other_box: fillColor = '#FFFCA6'
72.3234 	EXP 	self_box: fillColor = '#A6A9FF'
72.3234 	EXP 	other_box: fillColor = '#FFFCA6'
72.3401 	EXP 	self_box: fillColor = '#A6A9FF'
72.3401 	EXP 	other_box: fillColor = '#FFFCA6'
72.3568 	EXP 	self_box: fillColor = '#A6A9FF'
72.3568 	EXP 	other_box: fillColor = '#FFFCA6'
72.3735 	EXP 	self_box: fillColor = '#A6A9FF'
72.3735 	EXP 	other_box: fillColor = '#FFFCA6'
72.3902 	EXP 	self_box: fillColor = '#A6A9FF'
72.3902 	EXP 	other_box: fillColor = '#FFFCA6'
72.4068 	EXP 	self_box: fillColor = '#A6A9FF'
72.4068 	EXP 	other_box: fillColor = '#FFFCA6'
72.4236 	EXP 	self_box: fillColor = '#3E45FA'
72.4236 	EXP 	other_box: fillColor = '#FFFCA6'
72.4403 	EXP 	self_box: fillColor = '#3E45FA'
72.4403 	EXP 	other_box: fillColor = '#FFFCA6'
72.4570 	EXP 	self_box: fillColor = '#3E45FA'
72.4570 	EXP 	other_box: fillColor = '#FFFCA6'
72.4736 	EXP 	self_box: fillColor = '#3E45FA'
72.4736 	EXP 	other_box: fillColor = '#FFFCA6'
72.4904 	EXP 	self_box: fillColor = '#3E45FA'
72.4904 	EXP 	other_box: fillColor = '#FFFCA6'
72.5071 	EXP 	self_box: fillColor = '#3E45FA'
72.5071 	EXP 	other_box: fillColor = '#FFFCA6'
72.5238 	EXP 	self_box: fillColor = '#3E45FA'
72.5238 	EXP 	other_box: fillColor = '#FFFCA6'
72.5403 	EXP 	self_box: fillColor = '#3E45FA'
72.5403 	EXP 	other_box: fillColor = '#FFFCA6'
72.5572 	EXP 	self_box: fillColor = '#3E45FA'
72.5572 	EXP 	other_box: fillColor = '#FFFCA6'
72.5739 	EXP 	self_box: fillColor = '#3E45FA'
72.5739 	EXP 	other_box: fillColor = '#FFFCA6'
72.5904 	EXP 	self_box: fillColor = '#3E45FA'
72.5904 	EXP 	other_box: fillColor = '#FFFCA6'
72.5908 	DATA 	Mouse: Left button down, pos=(216,259)
72.5921 	EXP 	New trial (rep=0, index=4): {'word': u'word2.1', 'amount': u'0.8', 'list': u'list2', 'trialtype': u'speed', 'trialtype_extended': u'slow_medium'}
72.6071 	EXP 	self_box: fillColor = '#3E45FA'
72.6071 	EXP 	other_box: fillColor = '#FFFCA6'
72.6071 	EXP 	question: autoDraw = False
72.6071 	EXP 	self_box: autoDraw = False
72.6071 	EXP 	self_label: autoDraw = False
72.6071 	EXP 	other_box: autoDraw = False
72.6071 	EXP 	other_label: autoDraw = False
72.6071 	EXP 	text: text = u'word2.1'
72.6576 	DATA 	Mouse: Left button up, pos=(216,259)
73.6256 	EXP 	text: autoDraw = True
76.8305 	EXP 	text: autoDraw = False
76.8305 	EXP 	question: autoDraw = True
76.8305 	EXP 	self_box: autoDraw = True
76.8305 	EXP 	self_label: autoDraw = True
76.8305 	EXP 	other_box: autoDraw = True
76.8305 	EXP 	other_label: autoDraw = True
76.8305 	EXP 	self_box: fillColor = '#A6A9FF'
76.8305 	EXP 	other_box: fillColor = '#FFFCA6'
76.8471 	EXP 	self_box: fillColor = '#A6A9FF'
76.8471 	EXP 	other_box: fillColor = '#FFFCA6'
76.8638 	EXP 	self_box: fillColor = '#A6A9FF'
76.8638 	EXP 	other_box: fillColor = '#FFFCA6'
76.8805 	EXP 	self_box: fillColor = '#A6A9FF'
76.8805 	EXP 	other_box: fillColor = '#FFFCA6'
76.8972 	EXP 	self_box: fillColor = '#A6A9FF'
76.8972 	EXP 	other_box: fillColor = '#FFFCA6'
76.9141 	EXP 	self_box: fillColor = '#A6A9FF'
76.9141 	EXP 	other_box: fillColor = '#FFFCA6'
76.9306 	EXP 	self_box: fillColor = '#A6A9FF'
76.9306 	EXP 	other_box: fillColor = '#FFFCA6'
76.9475 	EXP 	self_box: fillColor = '#A6A9FF'
76.9475 	EXP 	other_box: fillColor = '#FFFCA6'
76.9642 	EXP 	self_box: fillColor = '#A6A9FF'
76.9642 	EXP 	other_box: fillColor = '#FFFCA6'
76.9808 	EXP 	self_box: fillColor = '#A6A9FF'
76.9808 	EXP 	other_box: fillColor = '#FFFCA6'
76.9976 	EXP 	self_box: fillColor = '#A6A9FF'
76.9976 	EXP 	other_box: fillColor = '#FFFCA6'
77.0143 	EXP 	self_box: fillColor = '#A6A9FF'
77.0143 	EXP 	other_box: fillColor = '#FFFCA6'
77.0310 	EXP 	self_box: fillColor = '#A6A9FF'
77.0310 	EXP 	other_box: fillColor = '#FFFCA6'
77.0476 	EXP 	self_box: fillColor = '#A6A9FF'
77.0476 	EXP 	other_box: fillColor = '#FFFCA6'
77.0643 	EXP 	self_box: fillColor = '#A6A9FF'
77.0643 	EXP 	other_box: fillColor = '#FFFCA6'
77.0809 	EXP 	self_box: fillColor = '#A6A9FF'
77.0809 	EXP 	other_box: fillColor = '#FFFCA6'
77.0976 	EXP 	self_box: fillColor = '#A6A9FF'
77.0976 	EXP 	other_box: fillColor = '#FFFCA6'
77.1144 	EXP 	self_box: fillColor = '#A6A9FF'
77.1144 	EXP 	other_box: fillColor = '#FFFCA6'
77.1311 	EXP 	self_box: fillColor = '#A6A9FF'
77.1311 	EXP 	other_box: fillColor = '#FFFCA6'
77.1477 	EXP 	self_box: fillColor = '#A6A9FF'
77.1477 	EXP 	other_box: fillColor = '#FFFCA6'
77.1645 	EXP 	self_box: fillColor = '#A6A9FF'
77.1645 	EXP 	other_box: fillColor = '#FFFCA6'
77.1813 	EXP 	self_box: fillColor = '#A6A9FF'
77.1813 	EXP 	other_box: fillColor = '#FFFCA6'
77.1979 	EXP 	self_box: fillColor = '#A6A9FF'
77.1979 	EXP 	other_box: fillColor = '#FFFCA6'
77.2146 	EXP 	self_box: fillColor = '#A6A9FF'
77.2146 	EXP 	other_box: fillColor = '#FFFCA6'
77.2312 	EXP 	self_box: fillColor = '#A6A9FF'
77.2312 	EXP 	other_box: fillColor = '#FFFCA6'
77.2479 	EXP 	self_box: fillColor = '#A6A9FF'
77.2479 	EXP 	other_box: fillColor = '#FFFCA6'
77.2646 	EXP 	self_box: fillColor = '#A6A9FF'
77.2646 	EXP 	other_box: fillColor = '#FFFCA6'
77.2814 	EXP 	self_box: fillColor = '#A6A9FF'
77.2814 	EXP 	other_box: fillColor = '#FFFCA6'
77.2980 	EXP 	self_box: fillColor = '#A6A9FF'
77.2980 	EXP 	other_box: fillColor = '#FFFCA6'
77.3148 	EXP 	self_box: fillColor = '#A6A9FF'
77.3148 	EXP 	other_box: fillColor = '#FFFCA6'
77.3315 	EXP 	self_box: fillColor = '#A6A9FF'
77.3315 	EXP 	other_box: fillColor = '#FFFCA6'
77.3481 	EXP 	self_box: fillColor = '#A6A9FF'
77.3481 	EXP 	other_box: fillColor = '#FFFCA6'
77.3647 	EXP 	self_box: fillColor = '#A6A9FF'
77.3647 	EXP 	other_box: fillColor = '#FFFCA6'
77.3814 	EXP 	self_box: fillColor = '#A6A9FF'
77.3814 	EXP 	other_box: fillColor = '#FFFCA6'
77.3983 	EXP 	self_box: fillColor = '#A6A9FF'
77.3983 	EXP 	other_box: fillColor = '#FFFCA6'
77.4149 	EXP 	self_box: fillColor = '#A6A9FF'
77.4149 	EXP 	other_box: fillColor = '#FFFCA6'
77.4315 	EXP 	self_box: fillColor = '#A6A9FF'
77.4315 	EXP 	other_box: fillColor = '#FFFCA6'
77.4483 	EXP 	self_box: fillColor = '#A6A9FF'
77.4483 	EXP 	other_box: fillColor = '#FFFCA6'
77.4649 	EXP 	self_box: fillColor = '#A6A9FF'
77.4649 	EXP 	other_box: fillColor = '#FFFCA6'
77.4815 	EXP 	self_box: fillColor = '#A6A9FF'
77.4815 	EXP 	other_box: fillColor = '#FFFCA6'
77.4983 	EXP 	self_box: fillColor = '#A6A9FF'
77.4983 	EXP 	other_box: fillColor = '#FFFCA6'
77.5150 	EXP 	self_box: fillColor = '#A6A9FF'
77.5150 	EXP 	other_box: fillColor = '#FFFCA6'
77.5317 	EXP 	self_box: fillColor = '#A6A9FF'
77.5317 	EXP 	other_box: fillColor = '#FFFCA6'
77.5485 	EXP 	self_box: fillColor = '#A6A9FF'
77.5485 	EXP 	other_box: fillColor = '#FFFCA6'
77.5652 	EXP 	self_box: fillColor = '#A6A9FF'
77.5652 	EXP 	other_box: fillColor = '#FFFCA6'
77.5818 	EXP 	self_box: fillColor = '#A6A9FF'
77.5818 	EXP 	other_box: fillColor = '#FFFCA6'
77.5985 	EXP 	self_box: fillColor = '#A6A9FF'
77.5985 	EXP 	other_box: fillColor = '#FFFCA6'
77.6151 	EXP 	self_box: fillColor = '#A6A9FF'
77.6151 	EXP 	other_box: fillColor = '#FFFCA6'
77.6319 	EXP 	self_box: fillColor = '#A6A9FF'
77.6319 	EXP 	other_box: fillColor = '#FFFCA6'
77.6485 	EXP 	self_box: fillColor = '#A6A9FF'
77.6485 	EXP 	other_box: fillColor = '#FFFCA6'
77.6652 	EXP 	self_box: fillColor = '#A6A9FF'
77.6652 	EXP 	other_box: fillColor = '#FFFCA6'
77.6820 	EXP 	self_box: fillColor = '#A6A9FF'
77.6820 	EXP 	other_box: fillColor = '#FFFCA6'
77.6986 	EXP 	self_box: fillColor = '#A6A9FF'
77.6986 	EXP 	other_box: fillColor = '#FFFCA6'
77.7153 	EXP 	self_box: fillColor = '#A6A9FF'
77.7153 	EXP 	other_box: fillColor = '#FFFCA6'
77.7320 	EXP 	self_box: fillColor = '#A6A9FF'
77.7320 	EXP 	other_box: fillColor = '#FFFCA6'
77.7487 	EXP 	self_box: fillColor = '#A6A9FF'
77.7487 	EXP 	other_box: fillColor = '#FFFCA6'
77.7654 	EXP 	self_box: fillColor = '#A6A9FF'
77.7654 	EXP 	other_box: fillColor = '#FFFCA6'
77.7820 	EXP 	self_box: fillColor = '#A6A9FF'
77.7820 	EXP 	other_box: fillColor = '#FFFCA6'
77.7988 	EXP 	self_box: fillColor = '#A6A9FF'
77.7988 	EXP 	other_box: fillColor = '#FFFCA6'
77.8155 	EXP 	self_box: fillColor = '#A6A9FF'
77.8155 	EXP 	other_box: fillColor = '#FFFCA6'
77.8321 	EXP 	self_box: fillColor = '#A6A9FF'
77.8321 	EXP 	other_box: fillColor = '#FFFCA6'
77.8489 	EXP 	self_box: fillColor = '#A6A9FF'
77.8489 	EXP 	other_box: fillColor = '#FFFCA6'
77.8655 	EXP 	self_box: fillColor = '#A6A9FF'
77.8655 	EXP 	other_box: fillColor = '#FFFCA6'
77.8821 	EXP 	self_box: fillColor = '#A6A9FF'
77.8821 	EXP 	other_box: fillColor = '#FFFCA6'
77.8990 	EXP 	self_box: fillColor = '#A6A9FF'
77.8990 	EXP 	other_box: fillColor = '#FFFCA6'
77.9156 	EXP 	self_box: fillColor = '#A6A9FF'
77.9156 	EXP 	other_box: fillColor = '#FFFCA6'
77.9324 	EXP 	self_box: fillColor = '#A6A9FF'
77.9324 	EXP 	other_box: fillColor = '#FFFCA6'
77.9490 	EXP 	self_box: fillColor = '#A6A9FF'
77.9490 	EXP 	other_box: fillColor = '#FFFCA6'
77.9657 	EXP 	self_box: fillColor = '#A6A9FF'
77.9657 	EXP 	other_box: fillColor = '#FFFCA6'
77.9824 	EXP 	self_box: fillColor = '#A6A9FF'
77.9824 	EXP 	other_box: fillColor = '#FFFCA6'
77.9992 	EXP 	self_box: fillColor = '#A6A9FF'
77.9992 	EXP 	other_box: fillColor = '#FFFCA6'
78.0158 	EXP 	self_box: fillColor = '#A6A9FF'
78.0158 	EXP 	other_box: fillColor = '#FFFCA6'
78.0324 	EXP 	self_box: fillColor = '#A6A9FF'
78.0324 	EXP 	other_box: fillColor = '#FFFCA6'
78.0493 	EXP 	self_box: fillColor = '#A6A9FF'
78.0493 	EXP 	other_box: fillColor = '#FFFCA6'
78.0659 	EXP 	self_box: fillColor = '#A6A9FF'
78.0659 	EXP 	other_box: fillColor = '#FFFCA6'
78.0827 	EXP 	self_box: fillColor = '#A6A9FF'
78.0827 	EXP 	other_box: fillColor = '#FFFCA6'
78.0994 	EXP 	self_box: fillColor = '#A6A9FF'
78.0994 	EXP 	other_box: fillColor = '#FFFCA6'
78.1160 	EXP 	self_box: fillColor = '#A6A9FF'
78.1160 	EXP 	other_box: fillColor = '#FFFCA6'
78.1326 	EXP 	self_box: fillColor = '#A6A9FF'
78.1326 	EXP 	other_box: fillColor = '#FFFCA6'
78.1493 	EXP 	self_box: fillColor = '#A6A9FF'
78.1493 	EXP 	other_box: fillColor = '#FFFCA6'
78.1660 	EXP 	self_box: fillColor = '#A6A9FF'
78.1660 	EXP 	other_box: fillColor = '#FFFCA6'
78.1827 	EXP 	self_box: fillColor = '#A6A9FF'
78.1827 	EXP 	other_box: fillColor = '#FFFCA6'
78.1995 	EXP 	self_box: fillColor = '#A6A9FF'
78.1995 	EXP 	other_box: fillColor = '#FFFCA6'
78.2161 	EXP 	self_box: fillColor = '#A6A9FF'
78.2161 	EXP 	other_box: fillColor = '#FFFCA6'
78.2329 	EXP 	self_box: fillColor = '#A6A9FF'
78.2329 	EXP 	other_box: fillColor = '#FFFCA6'
78.2496 	EXP 	self_box: fillColor = '#A6A9FF'
78.2496 	EXP 	other_box: fillColor = '#FFFCA6'
78.2663 	EXP 	self_box: fillColor = '#A6A9FF'
78.2663 	EXP 	other_box: fillColor = '#FFFCA6'
78.2829 	EXP 	self_box: fillColor = '#A6A9FF'
78.2829 	EXP 	other_box: fillColor = '#FFFCA6'
78.2997 	EXP 	self_box: fillColor = '#A6A9FF'
78.2997 	EXP 	other_box: fillColor = '#FFFCA6'
78.3163 	EXP 	self_box: fillColor = '#A6A9FF'
78.3163 	EXP 	other_box: fillColor = '#FAF33E'
78.3329 	EXP 	self_box: fillColor = '#A6A9FF'
78.3329 	EXP 	other_box: fillColor = '#FAF33E'
78.3496 	EXP 	self_box: fillColor = '#A6A9FF'
78.3496 	EXP 	other_box: fillColor = '#FAF33E'
78.3664 	EXP 	self_box: fillColor = '#A6A9FF'
78.3664 	EXP 	other_box: fillColor = '#FAF33E'
78.3830 	EXP 	self_box: fillColor = '#A6A9FF'
78.3830 	EXP 	other_box: fillColor = '#FAF33E'
78.3998 	EXP 	self_box: fillColor = '#A6A9FF'
78.3998 	EXP 	other_box: fillColor = '#FAF33E'
78.4163 	EXP 	self_box: fillColor = '#A6A9FF'
78.4163 	EXP 	other_box: fillColor = '#FAF33E'
78.4169 	DATA 	Mouse: Left button down, pos=(1018,329)
78.4183 	EXP 	New trial (rep=0, index=5): {'word': u'word1.1', 'amount': u'unmodified', 'list': u'list1', 'trialtype': u'unmodified', 'trialtype_extended': u'unmodified'}
78.4332 	EXP 	self_box: fillColor = '#A6A9FF'
78.4332 	EXP 	other_box: fillColor = '#FAF33E'
78.4332 	EXP 	question: autoDraw = False
78.4332 	EXP 	self_box: autoDraw = False
78.4332 	EXP 	self_label: autoDraw = False
78.4332 	EXP 	other_box: autoDraw = False
78.4332 	EXP 	other_label: autoDraw = False
78.4332 	EXP 	text: text = u'word1.1'
78.5170 	DATA 	Mouse: Left button up, pos=(1018,329)
79.4514 	EXP 	text: autoDraw = True
81.8887 	EXP 	text: autoDraw = False
81.8887 	EXP 	question: autoDraw = True
81.8887 	EXP 	self_box: autoDraw = True
81.8887 	EXP 	self_label: autoDraw = True
81.8887 	EXP 	other_box: autoDraw = True
81.8887 	EXP 	other_label: autoDraw = True
81.8887 	EXP 	self_box: fillColor = '#A6A9FF'
81.8887 	EXP 	other_box: fillColor = '#FFFCA6'
81.9053 	EXP 	self_box: fillColor = '#A6A9FF'
81.9053 	EXP 	other_box: fillColor = '#FFFCA6'
81.9221 	EXP 	self_box: fillColor = '#A6A9FF'
81.9221 	EXP 	other_box: fillColor = '#FFFCA6'
81.9386 	EXP 	self_box: fillColor = '#A6A9FF'
81.9386 	EXP 	other_box: fillColor = '#FFFCA6'
81.9554 	EXP 	self_box: fillColor = '#A6A9FF'
81.9554 	EXP 	other_box: fillColor = '#FFFCA6'
81.9721 	EXP 	self_box: fillColor = '#A6A9FF'
81.9721 	EXP 	other_box: fillColor = '#FFFCA6'
81.9888 	EXP 	self_box: fillColor = '#A6A9FF'
81.9888 	EXP 	other_box: fillColor = '#FFFCA6'
82.0054 	EXP 	self_box: fillColor = '#A6A9FF'
82.0054 	EXP 	other_box: fillColor = '#FFFCA6'
82.0222 	EXP 	self_box: fillColor = '#A6A9FF'
82.0222 	EXP 	other_box: fillColor = '#FFFCA6'
82.0388 	EXP 	self_box: fillColor = '#A6A9FF'
82.0388 	EXP 	other_box: fillColor = '#FFFCA6'
82.0556 	EXP 	self_box: fillColor = '#A6A9FF'
82.0556 	EXP 	other_box: fillColor = '#FFFCA6'
82.0723 	EXP 	self_box: fillColor = '#A6A9FF'
82.0723 	EXP 	other_box: fillColor = '#FFFCA6'
82.0889 	EXP 	self_box: fillColor = '#A6A9FF'
82.0889 	EXP 	other_box: fillColor = '#FFFCA6'
82.1057 	EXP 	self_box: fillColor = '#A6A9FF'
82.1057 	EXP 	other_box: fillColor = '#FFFCA6'
82.1223 	EXP 	self_box: fillColor = '#A6A9FF'
82.1223 	EXP 	other_box: fillColor = '#FFFCA6'
82.1390 	EXP 	self_box: fillColor = '#A6A9FF'
82.1390 	EXP 	other_box: fillColor = '#FFFCA6'
82.1558 	EXP 	self_box: fillColor = '#A6A9FF'
82.1558 	EXP 	other_box: fillColor = '#FFFCA6'
82.1725 	EXP 	self_box: fillColor = '#A6A9FF'
82.1725 	EXP 	other_box: fillColor = '#FFFCA6'
82.1890 	EXP 	self_box: fillColor = '#A6A9FF'
82.1890 	EXP 	other_box: fillColor = '#FFFCA6'
82.2057 	EXP 	self_box: fillColor = '#A6A9FF'
82.2057 	EXP 	other_box: fillColor = '#FFFCA6'
82.2224 	EXP 	self_box: fillColor = '#A6A9FF'
82.2224 	EXP 	other_box: fillColor = '#FFFCA6'
82.2392 	EXP 	self_box: fillColor = '#A6A9FF'
82.2392 	EXP 	other_box: fillColor = '#FFFCA6'
82.2559 	EXP 	self_box: fillColor = '#A6A9FF'
82.2559 	EXP 	other_box: fillColor = '#FFFCA6'
82.2726 	EXP 	self_box: fillColor = '#A6A9FF'
82.2726 	EXP 	other_box: fillColor = '#FFFCA6'
82.2893 	EXP 	self_box: fillColor = '#A6A9FF'
82.2893 	EXP 	other_box: fillColor = '#FFFCA6'
82.3059 	EXP 	self_box: fillColor = '#A6A9FF'
82.3059 	EXP 	other_box: fillColor = '#FFFCA6'
82.3226 	EXP 	self_box: fillColor = '#A6A9FF'
82.3226 	EXP 	other_box: fillColor = '#FFFCA6'
82.3394 	EXP 	self_box: fillColor = '#A6A9FF'
82.3394 	EXP 	other_box: fillColor = '#FFFCA6'
82.3561 	EXP 	self_box: fillColor = '#A6A9FF'
82.3561 	EXP 	other_box: fillColor = '#FFFCA6'
82.3730 	EXP 	self_box: fillColor = '#A6A9FF'
82.3730 	EXP 	other_box: fillColor = '#FFFCA6'
82.3894 	EXP 	self_box: fillColor = '#A6A9FF'
82.3894 	EXP 	other_box: fillColor = '#FFFCA6'
82.4061 	EXP 	self_box: fillColor = '#A6A9FF'
82.4061 	EXP 	other_box: fillColor = '#FFFCA6'
82.4229 	EXP 	self_box: fillColor = '#A6A9FF'
82.4229 	EXP 	other_box: fillColor = '#FFFCA6'
82.4395 	EXP 	self_box: fillColor = '#A6A9FF'
82.4395 	EXP 	other_box: fillColor = '#FFFCA6'
82.4562 	EXP 	self_box: fillColor = '#3E45FA'
82.4562 	EXP 	other_box: fillColor = '#FFFCA6'
82.4728 	EXP 	self_box: fillColor = '#3E45FA'
82.4728 	EXP 	other_box: fillColor = '#FFFCA6'
82.4896 	EXP 	self_box: fillColor = '#3E45FA'
82.4896 	EXP 	other_box: fillColor = '#FFFCA6'
82.5064 	EXP 	self_box: fillColor = '#3E45FA'
82.5064 	EXP 	other_box: fillColor = '#FFFCA6'
82.5230 	EXP 	self_box: fillColor = '#3E45FA'
82.5230 	EXP 	other_box: fillColor = '#FFFCA6'
82.5397 	EXP 	self_box: fillColor = '#3E45FA'
82.5397 	EXP 	other_box: fillColor = '#FFFCA6'
82.5564 	EXP 	self_box: fillColor = '#3E45FA'
82.5564 	EXP 	other_box: fillColor = '#FFFCA6'
82.5731 	EXP 	self_box: fillColor = '#3E45FA'
82.5731 	EXP 	other_box: fillColor = '#FFFCA6'
82.5898 	EXP 	self_box: fillColor = '#3E45FA'
82.5898 	EXP 	other_box: fillColor = '#FFFCA6'
82.6063 	EXP 	self_box: fillColor = '#3E45FA'
82.6063 	EXP 	other_box: fillColor = '#FFFCA6'
82.6247 	DATA 	Mouse: Left button down, pos=(343,230)
82.6261 	EXP 	New trial (rep=0, index=6): {'word': u'word3.1', 'amount': u'1.5', 'list': u'list3', 'trialtype': u'pitch', 'trialtype_extended': u'pitch_higher_small'}
82.6398 	EXP 	self_box: fillColor = '#3E45FA'
82.6398 	EXP 	other_box: fillColor = '#FFFCA6'
82.6398 	EXP 	question: autoDraw = False
82.6398 	EXP 	self_box: autoDraw = False
82.6398 	EXP 	self_label: autoDraw = False
82.6398 	EXP 	other_box: autoDraw = False
82.6398 	EXP 	other_label: autoDraw = False
82.6398 	EXP 	text: text = u'word3.1'
82.6736 	DATA 	Mouse: Left button up, pos=(343,230)
83.6581 	EXP 	text: autoDraw = True
85.9950 	EXP 	text: autoDraw = False
85.9950 	EXP 	question: autoDraw = True
85.9950 	EXP 	self_box: autoDraw = True
85.9950 	EXP 	self_label: autoDraw = True
85.9950 	EXP 	other_box: autoDraw = True
85.9950 	EXP 	other_label: autoDraw = True
85.9950 	EXP 	self_box: fillColor = '#A6A9FF'
85.9950 	EXP 	other_box: fillColor = '#FFFCA6'
86.0117 	EXP 	self_box: fillColor = '#A6A9FF'
86.0117 	EXP 	other_box: fillColor = '#FFFCA6'
86.0284 	EXP 	self_box: fillColor = '#A6A9FF'
86.0284 	EXP 	other_box: fillColor = '#FFFCA6'
86.0451 	EXP 	self_box: fillColor = '#A6A9FF'
86.0451 	EXP 	other_box: fillColor = '#FFFCA6'
86.0618 	EXP 	self_box: fillColor = '#A6A9FF'
86.0618 	EXP 	other_box: fillColor = '#FFFCA6'
86.0785 	EXP 	self_box: fillColor = '#A6A9FF'
86.0785 	EXP 	other_box: fillColor = '#FFFCA6'
86.0952 	EXP 	self_box: fillColor = '#A6A9FF'
86.0952 	EXP 	other_box: fillColor = '#FFFCA6'
86.1119 	EXP 	self_box: fillColor = '#A6A9FF'
86.1119 	EXP 	other_box: fillColor = '#FFFCA6'
86.1288 	EXP 	self_box: fillColor = '#A6A9FF'
86.1288 	EXP 	other_box: fillColor = '#FFFCA6'
86.1454 	EXP 	self_box: fillColor = '#A6A9FF'
86.1454 	EXP 	other_box: fillColor = '#FFFCA6'
86.1621 	EXP 	self_box: fillColor = '#A6A9FF'
86.1621 	EXP 	other_box: fillColor = '#FFFCA6'
86.1789 	EXP 	self_box: fillColor = '#A6A9FF'
86.1789 	EXP 	other_box: fillColor = '#FFFCA6'
86.1955 	EXP 	self_box: fillColor = '#A6A9FF'
86.1955 	EXP 	other_box: fillColor = '#FFFCA6'
86.2122 	EXP 	self_box: fillColor = '#A6A9FF'
86.2122 	EXP 	other_box: fillColor = '#FFFCA6'
86.2291 	EXP 	self_box: fillColor = '#A6A9FF'
86.2291 	EXP 	other_box: fillColor = '#FFFCA6'
86.2456 	EXP 	self_box: fillColor = '#A6A9FF'
86.2456 	EXP 	other_box: fillColor = '#FFFCA6'
86.2623 	EXP 	self_box: fillColor = '#A6A9FF'
86.2623 	EXP 	other_box: fillColor = '#FFFCA6'
86.2789 	EXP 	self_box: fillColor = '#A6A9FF'
86.2789 	EXP 	other_box: fillColor = '#FFFCA6'
86.2958 	EXP 	self_box: fillColor = '#A6A9FF'
86.2958 	EXP 	other_box: fillColor = '#FFFCA6'
86.3124 	EXP 	self_box: fillColor = '#A6A9FF'
86.3124 	EXP 	other_box: fillColor = '#FFFCA6'
86.3292 	EXP 	self_box: fillColor = '#A6A9FF'
86.3292 	EXP 	other_box: fillColor = '#FFFCA6'
86.3458 	EXP 	self_box: fillColor = '#A6A9FF'
86.3458 	EXP 	other_box: fillColor = '#FFFCA6'
86.3624 	EXP 	self_box: fillColor = '#A6A9FF'
86.3624 	EXP 	other_box: fillColor = '#FFFCA6'
86.3791 	EXP 	self_box: fillColor = '#A6A9FF'
86.3791 	EXP 	other_box: fillColor = '#FFFCA6'
86.3958 	EXP 	self_box: fillColor = '#A6A9FF'
86.3958 	EXP 	other_box: fillColor = '#FFFCA6'
86.4126 	EXP 	self_box: fillColor = '#A6A9FF'
86.4126 	EXP 	other_box: fillColor = '#FFFCA6'
86.4292 	EXP 	self_box: fillColor = '#A6A9FF'
86.4292 	EXP 	other_box: fillColor = '#FFFCA6'
86.4458 	EXP 	self_box: fillColor = '#A6A9FF'
86.4458 	EXP 	other_box: fillColor = '#FFFCA6'
86.4625 	EXP 	self_box: fillColor = '#A6A9FF'
86.4625 	EXP 	other_box: fillColor = '#FFFCA6'
86.4793 	EXP 	self_box: fillColor = '#A6A9FF'
86.4793 	EXP 	other_box: fillColor = '#FFFCA6'
86.4959 	EXP 	self_box: fillColor = '#A6A9FF'
86.4959 	EXP 	other_box: fillColor = '#FFFCA6'
86.5127 	EXP 	self_box: fillColor = '#A6A9FF'
86.5127 	EXP 	other_box: fillColor = '#FFFCA6'
86.5293 	EXP 	self_box: fillColor = '#A6A9FF'
86.5293 	EXP 	other_box: fillColor = '#FFFCA6'
86.5460 	EXP 	self_box: fillColor = '#A6A9FF'
86.5460 	EXP 	other_box: fillColor = '#FFFCA6'
86.5628 	EXP 	self_box: fillColor = '#3E45FA'
86.5628 	EXP 	other_box: fillColor = '#FFFCA6'
86.5795 	EXP 	self_box: fillColor = '#3E45FA'
86.5795 	EXP 	other_box: fillColor = '#FFFCA6'
86.5962 	EXP 	self_box: fillColor = '#3E45FA'
86.5962 	EXP 	other_box: fillColor = '#FFFCA6'
86.6128 	EXP 	self_box: fillColor = '#3E45FA'
86.6128 	EXP 	other_box: fillColor = '#FFFCA6'
86.6296 	EXP 	self_box: fillColor = '#3E45FA'
86.6296 	EXP 	other_box: fillColor = '#FFFCA6'
86.6462 	EXP 	self_box: fillColor = '#3E45FA'
86.6462 	EXP 	other_box: fillColor = '#FFFCA6'
86.6629 	EXP 	self_box: fillColor = '#3E45FA'
86.6629 	EXP 	other_box: fillColor = '#FFFCA6'
86.6796 	EXP 	self_box: fillColor = '#3E45FA'
86.6796 	EXP 	other_box: fillColor = '#FFFCA6'
86.6963 	EXP 	self_box: fillColor = '#3E45FA'
86.6963 	EXP 	other_box: fillColor = '#FFFCA6'
86.7129 	EXP 	self_box: fillColor = '#3E45FA'
86.7129 	EXP 	other_box: fillColor = '#FFFCA6'
86.7296 	EXP 	self_box: fillColor = '#3E45FA'
86.7296 	EXP 	other_box: fillColor = '#FFFCA6'
86.7464 	EXP 	self_box: fillColor = '#3E45FA'
86.7464 	EXP 	other_box: fillColor = '#FFFCA6'
86.7629 	EXP 	self_box: fillColor = '#3E45FA'
86.7629 	EXP 	other_box: fillColor = '#FFFCA6'
86.7798 	EXP 	self_box: fillColor = '#3E45FA'
86.7798 	EXP 	other_box: fillColor = '#FFFCA6'
86.7964 	EXP 	self_box: fillColor = '#3E45FA'
86.7964 	EXP 	other_box: fillColor = '#FFFCA6'
86.8133 	EXP 	self_box: fillColor = '#3E45FA'
86.8133 	EXP 	other_box: fillColor = '#FFFCA6'
86.8299 	EXP 	self_box: fillColor = '#3E45FA'
86.8299 	EXP 	other_box: fillColor = '#FFFCA6'
86.8465 	EXP 	self_box: fillColor = '#3E45FA'
86.8465 	EXP 	other_box: fillColor = '#FFFCA6'
86.8632 	EXP 	self_box: fillColor = '#3E45FA'
86.8632 	EXP 	other_box: fillColor = '#FFFCA6'
86.8799 	EXP 	self_box: fillColor = '#3E45FA'
86.8799 	EXP 	other_box: fillColor = '#FFFCA6'
86.8967 	EXP 	self_box: fillColor = '#3E45FA'
86.8967 	EXP 	other_box: fillColor = '#FFFCA6'
86.9132 	EXP 	self_box: fillColor = '#3E45FA'
86.9132 	EXP 	other_box: fillColor = '#FFFCA6'
86.9300 	EXP 	self_box: fillColor = '#3E45FA'
86.9300 	EXP 	other_box: fillColor = '#FFFCA6'
86.9466 	EXP 	self_box: fillColor = '#3E45FA'
86.9466 	EXP 	other_box: fillColor = '#FFFCA6'
86.9632 	EXP 	self_box: fillColor = '#3E45FA'
86.9632 	EXP 	other_box: fillColor = '#FFFCA6'
86.9637 	DATA 	Mouse: Left button down, pos=(448,284)
86.9651 	EXP 	New trial (rep=0, index=7): {'word': u'word1.1', 'amount': u'unmodified', 'list': u'list1', 'trialtype': u'unmodified', 'trialtype_extended': u'unmodified'}
86.9801 	EXP 	self_box: fillColor = '#3E45FA'
86.9801 	EXP 	other_box: fillColor = '#FFFCA6'
86.9801 	EXP 	question: autoDraw = False
86.9801 	EXP 	self_box: autoDraw = False
86.9801 	EXP 	self_label: autoDraw = False
86.9801 	EXP 	other_box: autoDraw = False
86.9801 	EXP 	other_label: autoDraw = False
86.9801 	EXP 	text: text = u'word1.1'
87.0305 	DATA 	Mouse: Left button up, pos=(448,284)
87.9984 	EXP 	text: autoDraw = True
90.6693 	EXP 	text: autoDraw = False
90.6693 	EXP 	question: autoDraw = True
90.6693 	EXP 	self_box: autoDraw = True
90.6693 	EXP 	self_label: autoDraw = True
90.6693 	EXP 	other_box: autoDraw = True
90.6693 	EXP 	other_label: autoDraw = True
90.6693 	EXP 	self_box: fillColor = '#A6A9FF'
90.6693 	EXP 	other_box: fillColor = '#FFFCA6'
90.6859 	EXP 	self_box: fillColor = '#A6A9FF'
90.6859 	EXP 	other_box: fillColor = '#FFFCA6'
90.7027 	EXP 	self_box: fillColor = '#A6A9FF'
90.7027 	EXP 	other_box: fillColor = '#FFFCA6'
90.7194 	EXP 	self_box: fillColor = '#A6A9FF'
90.7194 	EXP 	other_box: fillColor = '#FFFCA6'
90.7361 	EXP 	self_box: fillColor = '#A6A9FF'
90.7361 	EXP 	other_box: fillColor = '#FFFCA6'
90.7528 	EXP 	self_box: fillColor = '#A6A9FF'
90.7528 	EXP 	other_box: fillColor = '#FFFCA6'
90.7695 	EXP 	self_box: fillColor = '#A6A9FF'
90.7695 	EXP 	other_box: fillColor = '#FFFCA6'
90.7861 	EXP 	self_box: fillColor = '#A6A9FF'
90.7861 	EXP 	other_box: fillColor = '#FFFCA6'
90.8027 	EXP 	self_box: fillColor = '#A6A9FF'
90.8027 	EXP 	other_box: fillColor = '#FFFCA6'
90.8195 	EXP 	self_box: fillColor = '#A6A9FF'
90.8195 	EXP 	other_box: fillColor = '#FFFCA6'
90.8361 	EXP 	self_box: fillColor = '#A6A9FF'
90.8361 	EXP 	other_box: fillColor = '#FFFCA6'
90.8528 	EXP 	self_box: fillColor = '#A6A9FF'
90.8528 	EXP 	other_box: fillColor = '#FFFCA6'
90.8696 	EXP 	self_box: fillColor = '#A6A9FF'
90.8696 	EXP 	other_box: fillColor = '#FFFCA6'
90.8864 	EXP 	self_box: fillColor = '#A6A9FF'
90.8864 	EXP 	other_box: fillColor = '#FFFCA6'
90.9029 	EXP 	self_box: fillColor = '#A6A9FF'
90.9029 	EXP 	other_box: fillColor = '#FFFCA6'
90.9196 	EXP 	self_box: fillColor = '#A6A9FF'
90.9196 	EXP 	other_box: fillColor = '#FFFCA6'
90.9363 	EXP 	self_box: fillColor = '#A6A9FF'
90.9363 	EXP 	other_box: fillColor = '#FFFCA6'
90.9530 	EXP 	self_box: fillColor = '#A6A9FF'
90.9530 	EXP 	other_box: fillColor = '#FFFCA6'
90.9698 	EXP 	self_box: fillColor = '#A6A9FF'
90.9698 	EXP 	other_box: fillColor = '#FFFCA6'
90.9865 	EXP 	self_box: fillColor = '#A6A9FF'
90.9865 	EXP 	other_box: fillColor = '#FFFCA6'
91.0032 	EXP 	self_box: fillColor = '#A6A9FF'
91.0032 	EXP 	other_box: fillColor = '#FFFCA6'
91.0198 	EXP 	self_box: fillColor = '#A6A9FF'
91.0198 	EXP 	other_box: fillColor = '#FFFCA6'
91.0366 	EXP 	self_box: fillColor = '#A6A9FF'
91.0366 	EXP 	other_box: fillColor = '#FFFCA6'
91.0532 	EXP 	self_box: fillColor = '#A6A9FF'
91.0532 	EXP 	other_box: fillColor = '#FFFCA6'
91.0699 	EXP 	self_box: fillColor = '#A6A9FF'
91.0699 	EXP 	other_box: fillColor = '#FFFCA6'
91.0866 	EXP 	self_box: fillColor = '#A6A9FF'
91.0866 	EXP 	other_box: fillColor = '#FFFCA6'
91.1033 	EXP 	self_box: fillColor = '#A6A9FF'
91.1033 	EXP 	other_box: fillColor = '#FFFCA6'
91.1199 	EXP 	self_box: fillColor = '#A6A9FF'
91.1199 	EXP 	other_box: fillColor = '#FFFCA6'
91.1367 	EXP 	self_box: fillColor = '#A6A9FF'
91.1367 	EXP 	other_box: fillColor = '#FFFCA6'
91.1532 	EXP 	self_box: fillColor = '#A6A9FF'
91.1532 	EXP 	other_box: fillColor = '#FFFCA6'
91.1700 	EXP 	self_box: fillColor = '#3E45FA'
91.1700 	EXP 	other_box: fillColor = '#FFFCA6'
91.1868 	EXP 	self_box: fillColor = '#3E45FA'
91.1868 	EXP 	other_box: fillColor = '#FFFCA6'
91.2035 	EXP 	self_box: fillColor = '#3E45FA'
91.2035 	EXP 	other_box: fillColor = '#FFFCA6'
91.2202 	EXP 	self_box: fillColor = '#3E45FA'
91.2202 	EXP 	other_box: fillColor = '#FFFCA6'
91.2369 	EXP 	self_box: fillColor = '#3E45FA'
91.2369 	EXP 	other_box: fillColor = '#FFFCA6'
91.2536 	EXP 	self_box: fillColor = '#3E45FA'
91.2536 	EXP 	other_box: fillColor = '#FFFCA6'
91.2703 	EXP 	self_box: fillColor = '#3E45FA'
91.2703 	EXP 	other_box: fillColor = '#FFFCA6'
91.2870 	EXP 	self_box: fillColor = '#3E45FA'
91.2870 	EXP 	other_box: fillColor = '#FFFCA6'
91.3037 	EXP 	self_box: fillColor = '#3E45FA'
91.3037 	EXP 	other_box: fillColor = '#FFFCA6'
91.3203 	EXP 	self_box: fillColor = '#3E45FA'
91.3203 	EXP 	other_box: fillColor = '#FFFCA6'
91.3369 	EXP 	self_box: fillColor = '#3E45FA'
91.3369 	EXP 	other_box: fillColor = '#FFFCA6'
91.3536 	EXP 	self_box: fillColor = '#3E45FA'
91.3536 	EXP 	other_box: fillColor = '#FFFCA6'
91.3539 	DATA 	Mouse: Left button down, pos=(222,277)
91.3553 	EXP 	New trial (rep=0, index=8): {'word': u'word2.1', 'amount': u'0.9', 'list': u'list2', 'trialtype': u'speed', 'trialtype_extended': u'slow_small'}
91.3702 	EXP 	self_box: fillColor = '#3E45FA'
91.3702 	EXP 	other_box: fillColor = '#FFFCA6'
91.3702 	EXP 	question: autoDraw = False
91.3702 	EXP 	self_box: autoDraw = False
91.3702 	EXP 	self_label: autoDraw = False
91.3702 	EXP 	other_box: autoDraw = False
91.3702 	EXP 	other_label: autoDraw = False
91.3702 	EXP 	text: text = u'word2.1'
91.4043 	DATA 	Mouse: Left button up, pos=(222,277)
92.3720 	EXP 	text: autoDraw = True
97.4635 	EXP 	text: autoDraw = False
97.4635 	EXP 	question: autoDraw = True
97.4635 	EXP 	self_box: autoDraw = True
97.4635 	EXP 	self_label: autoDraw = True
97.4635 	EXP 	other_box: autoDraw = True
97.4635 	EXP 	other_label: autoDraw = True
97.4635 	EXP 	self_box: fillColor = '#A6A9FF'
97.4635 	EXP 	other_box: fillColor = '#FFFCA6'
97.4802 	EXP 	self_box: fillColor = '#A6A9FF'
97.4802 	EXP 	other_box: fillColor = '#FFFCA6'
97.4969 	EXP 	self_box: fillColor = '#A6A9FF'
97.4969 	EXP 	other_box: fillColor = '#FFFCA6'
97.5135 	EXP 	self_box: fillColor = '#A6A9FF'
97.5135 	EXP 	other_box: fillColor = '#FFFCA6'
97.5302 	EXP 	self_box: fillColor = '#A6A9FF'
97.5302 	EXP 	other_box: fillColor = '#FFFCA6'
97.5470 	EXP 	self_box: fillColor = '#A6A9FF'
97.5470 	EXP 	other_box: fillColor = '#FFFCA6'
97.5637 	EXP 	self_box: fillColor = '#A6A9FF'
97.5637 	EXP 	other_box: fillColor = '#FFFCA6'
97.5804 	EXP 	self_box: fillColor = '#A6A9FF'
97.5804 	EXP 	other_box: fillColor = '#FFFCA6'
97.5971 	EXP 	self_box: fillColor = '#A6A9FF'
97.5971 	EXP 	other_box: fillColor = '#FFFCA6'
97.6137 	EXP 	self_box: fillColor = '#A6A9FF'
97.6137 	EXP 	other_box: fillColor = '#FFFCA6'
97.6304 	EXP 	self_box: fillColor = '#A6A9FF'
97.6304 	EXP 	other_box: fillColor = '#FFFCA6'
97.6471 	EXP 	self_box: fillColor = '#A6A9FF'
97.6471 	EXP 	other_box: fillColor = '#FFFCA6'
97.6636 	EXP 	self_box: fillColor = '#A6A9FF'
97.6636 	EXP 	other_box: fillColor = '#FFFCA6'
97.6805 	EXP 	self_box: fillColor = '#A6A9FF'
97.6805 	EXP 	other_box: fillColor = '#FFFCA6'
97.6971 	EXP 	self_box: fillColor = '#A6A9FF'
97.6971 	EXP 	other_box: fillColor = '#FFFCA6'
97.7138 	EXP 	self_box: fillColor = '#A6A9FF'
97.7138 	EXP 	other_box: fillColor = '#FFFCA6'
97.7306 	EXP 	self_box: fillColor = '#A6A9FF'
97.7306 	EXP 	other_box: fillColor = '#FFFCA6'
97.7472 	EXP 	self_box: fillColor = '#A6A9FF'
97.7472 	EXP 	other_box: fillColor = '#FFFCA6'
97.7639 	EXP 	self_box: fillColor = '#A6A9FF'
97.7639 	EXP 	other_box: fillColor = '#FFFCA6'
97.7806 	EXP 	self_box: fillColor = '#A6A9FF'
97.7806 	EXP 	other_box: fillColor = '#FFFCA6'
97.7973 	EXP 	self_box: fillColor = '#A6A9FF'
97.7973 	EXP 	other_box: fillColor = '#FFFCA6'
97.8139 	EXP 	self_box: fillColor = '#A6A9FF'
97.8139 	EXP 	other_box: fillColor = '#FFFCA6'
97.8307 	EXP 	self_box: fillColor = '#A6A9FF'
97.8307 	EXP 	other_box: fillColor = '#FFFCA6'
97.8474 	EXP 	self_box: fillColor = '#A6A9FF'
97.8474 	EXP 	other_box: fillColor = '#FFFCA6'
97.8641 	EXP 	self_box: fillColor = '#A6A9FF'
97.8641 	EXP 	other_box: fillColor = '#FFFCA6'
97.8808 	EXP 	self_box: fillColor = '#A6A9FF'
97.8808 	EXP 	other_box: fillColor = '#FFFCA6'
97.8975 	EXP 	self_box: fillColor = '#A6A9FF'
97.8975 	EXP 	other_box: fillColor = '#FFFCA6'
97.9142 	EXP 	self_box: fillColor = '#A6A9FF'
97.9142 	EXP 	other_box: fillColor = '#FFFCA6'
97.9307 	EXP 	self_box: fillColor = '#A6A9FF'
97.9307 	EXP 	other_box: fillColor = '#FFFCA6'
97.9476 	EXP 	self_box: fillColor = '#A6A9FF'
97.9476 	EXP 	other_box: fillColor = '#FFFCA6'
97.9641 	EXP 	self_box: fillColor = '#A6A9FF'
97.9641 	EXP 	other_box: fillColor = '#FFFCA6'
97.9810 	EXP 	self_box: fillColor = '#A6A9FF'
97.9810 	EXP 	other_box: fillColor = '#FFFCA6'
97.9977 	EXP 	self_box: fillColor = '#A6A9FF'
97.9977 	EXP 	other_box: fillColor = '#FFFCA6'
98.0143 	EXP 	self_box: fillColor = '#A6A9FF'
98.0143 	EXP 	other_box: fillColor = '#FFFCA6'
98.0311 	EXP 	self_box: fillColor = '#A6A9FF'
98.0311 	EXP 	other_box: fillColor = '#FFFCA6'
98.0477 	EXP 	self_box: fillColor = '#A6A9FF'
98.0477 	EXP 	other_box: fillColor = '#FFFCA6'
98.0645 	EXP 	self_box: fillColor = '#A6A9FF'
98.0645 	EXP 	other_box: fillColor = '#FFFCA6'
98.0810 	EXP 	self_box: fillColor = '#A6A9FF'
98.0810 	EXP 	other_box: fillColor = '#FFFCA6'
98.0978 	EXP 	self_box: fillColor = '#A6A9FF'
98.0978 	EXP 	other_box: fillColor = '#FFFCA6'
98.1145 	EXP 	self_box: fillColor = '#A6A9FF'
98.1145 	EXP 	other_box: fillColor = '#FFFCA6'
98.1312 	EXP 	self_box: fillColor = '#A6A9FF'
98.1312 	EXP 	other_box: fillColor = '#FFFCA6'
98.1479 	EXP 	self_box: fillColor = '#A6A9FF'
98.1479 	EXP 	other_box: fillColor = '#FFFCA6'
98.1645 	EXP 	self_box: fillColor = '#A6A9FF'
98.1645 	EXP 	other_box: fillColor = '#FFFCA6'
98.1813 	EXP 	self_box: fillColor = '#A6A9FF'
98.1813 	EXP 	other_box: fillColor = '#FFFCA6'
98.1981 	EXP 	self_box: fillColor = '#A6A9FF'
98.1981 	EXP 	other_box: fillColor = '#FFFCA6'
98.2147 	EXP 	self_box: fillColor = '#A6A9FF'
98.2147 	EXP 	other_box: fillColor = '#FFFCA6'
98.2313 	EXP 	self_box: fillColor = '#A6A9FF'
98.2313 	EXP 	other_box: fillColor = '#FFFCA6'
98.2481 	EXP 	self_box: fillColor = '#A6A9FF'
98.2481 	EXP 	other_box: fillColor = '#FFFCA6'
98.2648 	EXP 	self_box: fillColor = '#A6A9FF'
98.2648 	EXP 	other_box: fillColor = '#FFFCA6'
98.2815 	EXP 	self_box: fillColor = '#A6A9FF'
98.2815 	EXP 	other_box: fillColor = '#FFFCA6'
98.2981 	EXP 	self_box: fillColor = '#A6A9FF'
98.2981 	EXP 	other_box: fillColor = '#FFFCA6'
98.3147 	EXP 	self_box: fillColor = '#A6A9FF'
98.3147 	EXP 	other_box: fillColor = '#FFFCA6'
98.3316 	EXP 	self_box: fillColor = '#A6A9FF'
98.3316 	EXP 	other_box: fillColor = '#FFFCA6'
98.3482 	EXP 	self_box: fillColor = '#A6A9FF'
98.3482 	EXP 	other_box: fillColor = '#FFFCA6'
98.3650 	EXP 	self_box: fillColor = '#A6A9FF'
98.3650 	EXP 	other_box: fillColor = '#FFFCA6'
98.3816 	EXP 	self_box: fillColor = '#A6A9FF'
98.3816 	EXP 	other_box: fillColor = '#FFFCA6'
98.3984 	EXP 	self_box: fillColor = '#A6A9FF'
98.3984 	EXP 	other_box: fillColor = '#FFFCA6'
98.4150 	EXP 	self_box: fillColor = '#A6A9FF'
98.4150 	EXP 	other_box: fillColor = '#FFFCA6'
98.4317 	EXP 	self_box: fillColor = '#A6A9FF'
98.4317 	EXP 	other_box: fillColor = '#FFFCA6'
98.4484 	EXP 	self_box: fillColor = '#A6A9FF'
98.4484 	EXP 	other_box: fillColor = '#FFFCA6'
98.4650 	EXP 	self_box: fillColor = '#A6A9FF'
98.4650 	EXP 	other_box: fillColor = '#FFFCA6'
98.4817 	EXP 	self_box: fillColor = '#A6A9FF'
98.4817 	EXP 	other_box: fillColor = '#FFFCA6'
98.4983 	EXP 	self_box: fillColor = '#A6A9FF'
98.4983 	EXP 	other_box: fillColor = '#FFFCA6'
98.5152 	EXP 	self_box: fillColor = '#A6A9FF'
98.5152 	EXP 	other_box: fillColor = '#FFFCA6'
98.5319 	EXP 	self_box: fillColor = '#A6A9FF'
98.5319 	EXP 	other_box: fillColor = '#FFFCA6'
98.5486 	EXP 	self_box: fillColor = '#A6A9FF'
98.5486 	EXP 	other_box: fillColor = '#FFFCA6'
98.5653 	EXP 	self_box: fillColor = '#A6A9FF'
98.5653 	EXP 	other_box: fillColor = '#FFFCA6'
98.5819 	EXP 	self_box: fillColor = '#A6A9FF'
98.5819 	EXP 	other_box: fillColor = '#FFFCA6'
98.5987 	EXP 	self_box: fillColor = '#A6A9FF'
98.5987 	EXP 	other_box: fillColor = '#FFFCA6'
98.6154 	EXP 	self_box: fillColor = '#A6A9FF'
98.6154 	EXP 	other_box: fillColor = '#FFFCA6'
98.6321 	EXP 	self_box: fillColor = '#A6A9FF'
98.6321 	EXP 	other_box: fillColor = '#FFFCA6'
98.6496 	EXP 	self_box: fillColor = '#A6A9FF'
98.6496 	EXP 	other_box: fillColor = '#FFFCA6'
98.6654 	EXP 	self_box: fillColor = '#A6A9FF'
98.6654 	EXP 	other_box: fillColor = '#FFFCA6'
98.6820 	EXP 	self_box: fillColor = '#A6A9FF'
98.6820 	EXP 	other_box: fillColor = '#FFFCA6'
98.6987 	EXP 	self_box: fillColor = '#A6A9FF'
98.6987 	EXP 	other_box: fillColor = '#FFFCA6'
98.7155 	EXP 	self_box: fillColor = '#A6A9FF'
98.7155 	EXP 	other_box: fillColor = '#FFFCA6'
98.7320 	EXP 	self_box: fillColor = '#A6A9FF'
98.7320 	EXP 	other_box: fillColor = '#FFFCA6'
98.7488 	EXP 	self_box: fillColor = '#A6A9FF'
98.7488 	EXP 	other_box: fillColor = '#FFFCA6'
98.7654 	EXP 	self_box: fillColor = '#A6A9FF'
98.7654 	EXP 	other_box: fillColor = '#FFFCA6'
98.7821 	EXP 	self_box: fillColor = '#A6A9FF'
98.7821 	EXP 	other_box: fillColor = '#FFFCA6'
98.7988 	EXP 	self_box: fillColor = '#A6A9FF'
98.7988 	EXP 	other_box: fillColor = '#FFFCA6'
98.8155 	EXP 	self_box: fillColor = '#A6A9FF'
98.8155 	EXP 	other_box: fillColor = '#FFFCA6'
98.8323 	EXP 	self_box: fillColor = '#A6A9FF'
98.8323 	EXP 	other_box: fillColor = '#FFFCA6'
98.8489 	EXP 	self_box: fillColor = '#A6A9FF'
98.8489 	EXP 	other_box: fillColor = '#FFFCA6'
98.8657 	EXP 	self_box: fillColor = '#A6A9FF'
98.8657 	EXP 	other_box: fillColor = '#FFFCA6'
98.8823 	EXP 	self_box: fillColor = '#A6A9FF'
98.8823 	EXP 	other_box: fillColor = '#FFFCA6'
98.8990 	EXP 	self_box: fillColor = '#A6A9FF'
98.8990 	EXP 	other_box: fillColor = '#FFFCA6'
98.9157 	EXP 	self_box: fillColor = '#A6A9FF'
98.9157 	EXP 	other_box: fillColor = '#FFFCA6'
98.9324 	EXP 	self_box: fillColor = '#A6A9FF'
98.9324 	EXP 	other_box: fillColor = '#FFFCA6'
98.9490 	EXP 	self_box: fillColor = '#A6A9FF'
98.9490 	EXP 	other_box: fillColor = '#FFFCA6'
98.9657 	EXP 	self_box: fillColor = '#A6A9FF'
98.9657 	EXP 	other_box: fillColor = '#FFFCA6'
98.9824 	EXP 	self_box: fillColor = '#A6A9FF'
98.9824 	EXP 	other_box: fillColor = '#FFFCA6'
98.9991 	EXP 	self_box: fillColor = '#A6A9FF'
98.9991 	EXP 	other_box: fillColor = '#FFFCA6'
99.0157 	EXP 	self_box: fillColor = '#A6A9FF'
99.0157 	EXP 	other_box: fillColor = '#FFFCA6'
99.0325 	EXP 	self_box: fillColor = '#A6A9FF'
99.0325 	EXP 	other_box: fillColor = '#FFFCA6'
99.0492 	EXP 	self_box: fillColor = '#A6A9FF'
99.0492 	EXP 	other_box: fillColor = '#FFFCA6'
99.0659 	EXP 	self_box: fillColor = '#A6A9FF'
99.0659 	EXP 	other_box: fillColor = '#FFFCA6'
99.0826 	EXP 	self_box: fillColor = '#A6A9FF'
99.0826 	EXP 	other_box: fillColor = '#FFFCA6'
99.0992 	EXP 	self_box: fillColor = '#A6A9FF'
99.0992 	EXP 	other_box: fillColor = '#FFFCA6'
99.1160 	EXP 	self_box: fillColor = '#A6A9FF'
99.1160 	EXP 	other_box: fillColor = '#FFFCA6'
99.1326 	EXP 	self_box: fillColor = '#A6A9FF'
99.1326 	EXP 	other_box: fillColor = '#FFFCA6'
99.1493 	EXP 	self_box: fillColor = '#A6A9FF'
99.1493 	EXP 	other_box: fillColor = '#FFFCA6'
99.1660 	EXP 	self_box: fillColor = '#A6A9FF'
99.1660 	EXP 	other_box: fillColor = '#FFFCA6'
99.1827 	EXP 	self_box: fillColor = '#A6A9FF'
99.1827 	EXP 	other_box: fillColor = '#FFFCA6'
99.1994 	EXP 	self_box: fillColor = '#A6A9FF'
99.1994 	EXP 	other_box: fillColor = '#FFFCA6'
99.2161 	EXP 	self_box: fillColor = '#A6A9FF'
99.2161 	EXP 	other_box: fillColor = '#FFFCA6'
99.2328 	EXP 	self_box: fillColor = '#A6A9FF'
99.2328 	EXP 	other_box: fillColor = '#FFFCA6'
99.2495 	EXP 	self_box: fillColor = '#A6A9FF'
99.2495 	EXP 	other_box: fillColor = '#FFFCA6'
99.2663 	EXP 	self_box: fillColor = '#A6A9FF'
99.2663 	EXP 	other_box: fillColor = '#FFFCA6'
99.2830 	EXP 	self_box: fillColor = '#A6A9FF'
99.2830 	EXP 	other_box: fillColor = '#FFFCA6'
99.2997 	EXP 	self_box: fillColor = '#A6A9FF'
99.2997 	EXP 	other_box: fillColor = '#FFFCA6'
99.3164 	EXP 	self_box: fillColor = '#A6A9FF'
99.3164 	EXP 	other_box: fillColor = '#FFFCA6'
99.3331 	EXP 	self_box: fillColor = '#A6A9FF'
99.3331 	EXP 	other_box: fillColor = '#FAF33E'
99.3499 	EXP 	self_box: fillColor = '#A6A9FF'
99.3499 	EXP 	other_box: fillColor = '#FAF33E'
99.3665 	EXP 	self_box: fillColor = '#A6A9FF'
99.3665 	EXP 	other_box: fillColor = '#FAF33E'
99.3832 	EXP 	self_box: fillColor = '#A6A9FF'
99.3832 	EXP 	other_box: fillColor = '#FAF33E'
99.3999 	EXP 	self_box: fillColor = '#A6A9FF'
99.3999 	EXP 	other_box: fillColor = '#FAF33E'
99.4166 	EXP 	self_box: fillColor = '#A6A9FF'
99.4166 	EXP 	other_box: fillColor = '#FAF33E'
99.4333 	EXP 	self_box: fillColor = '#A6A9FF'
99.4333 	EXP 	other_box: fillColor = '#FAF33E'
99.4499 	EXP 	self_box: fillColor = '#A6A9FF'
99.4499 	EXP 	other_box: fillColor = '#FAF33E'
99.4667 	EXP 	self_box: fillColor = '#A6A9FF'
99.4667 	EXP 	other_box: fillColor = '#FAF33E'
99.4833 	EXP 	self_box: fillColor = '#A6A9FF'
99.4833 	EXP 	other_box: fillColor = '#FAF33E'
99.5000 	EXP 	self_box: fillColor = '#A6A9FF'
99.5000 	EXP 	other_box: fillColor = '#FAF33E'
99.5168 	EXP 	self_box: fillColor = '#A6A9FF'
99.5168 	EXP 	other_box: fillColor = '#FAF33E'
99.5334 	EXP 	self_box: fillColor = '#A6A9FF'
99.5334 	EXP 	other_box: fillColor = '#FAF33E'
99.5502 	EXP 	self_box: fillColor = '#A6A9FF'
99.5502 	EXP 	other_box: fillColor = '#FAF33E'
99.5669 	EXP 	self_box: fillColor = '#A6A9FF'
99.5669 	EXP 	other_box: fillColor = '#FAF33E'
99.5835 	EXP 	self_box: fillColor = '#A6A9FF'
99.5835 	EXP 	other_box: fillColor = '#FAF33E'
99.6002 	EXP 	self_box: fillColor = '#A6A9FF'
99.6002 	EXP 	other_box: fillColor = '#FAF33E'
99.6169 	EXP 	self_box: fillColor = '#A6A9FF'
99.6169 	EXP 	other_box: fillColor = '#FAF33E'
99.6336 	EXP 	self_box: fillColor = '#A6A9FF'
99.6336 	EXP 	other_box: fillColor = '#FAF33E'
99.6503 	EXP 	self_box: fillColor = '#A6A9FF'
99.6503 	EXP 	other_box: fillColor = '#FAF33E'
99.6669 	EXP 	self_box: fillColor = '#A6A9FF'
99.6669 	EXP 	other_box: fillColor = '#FAF33E'
99.6835 	EXP 	self_box: fillColor = '#A6A9FF'
99.6835 	EXP 	other_box: fillColor = '#FAF33E'
99.7003 	EXP 	self_box: fillColor = '#A6A9FF'
99.7003 	EXP 	other_box: fillColor = '#FAF33E'
99.7169 	EXP 	self_box: fillColor = '#A6A9FF'
99.7169 	EXP 	other_box: fillColor = '#FAF33E'
99.7337 	EXP 	self_box: fillColor = '#A6A9FF'
99.7337 	EXP 	other_box: fillColor = '#FAF33E'
99.7504 	EXP 	self_box: fillColor = '#A6A9FF'
99.7504 	EXP 	other_box: fillColor = '#FAF33E'
99.7671 	EXP 	self_box: fillColor = '#A6A9FF'
99.7671 	EXP 	other_box: fillColor = '#FAF33E'
99.7838 	EXP 	self_box: fillColor = '#A6A9FF'
99.7838 	EXP 	other_box: fillColor = '#FAF33E'
99.8005 	EXP 	self_box: fillColor = '#A6A9FF'
99.8005 	EXP 	other_box: fillColor = '#FAF33E'
99.8172 	EXP 	self_box: fillColor = '#A6A9FF'
99.8172 	EXP 	other_box: fillColor = '#FAF33E'
99.8338 	EXP 	self_box: fillColor = '#A6A9FF'
99.8338 	EXP 	other_box: fillColor = '#FAF33E'
99.8506 	EXP 	self_box: fillColor = '#A6A9FF'
99.8506 	EXP 	other_box: fillColor = '#FAF33E'
99.8672 	EXP 	self_box: fillColor = '#A6A9FF'
99.8672 	EXP 	other_box: fillColor = '#FAF33E'
99.8839 	EXP 	self_box: fillColor = '#A6A9FF'
99.8839 	EXP 	other_box: fillColor = '#FAF33E'
99.9006 	EXP 	self_box: fillColor = '#A6A9FF'
99.9006 	EXP 	other_box: fillColor = '#FAF33E'
99.9173 	EXP 	self_box: fillColor = '#A6A9FF'
99.9173 	EXP 	other_box: fillColor = '#FAF33E'
99.9341 	EXP 	self_box: fillColor = '#A6A9FF'
99.9341 	EXP 	other_box: fillColor = '#FAF33E'
99.9506 	EXP 	self_box: fillColor = '#A6A9FF'
99.9506 	EXP 	other_box: fillColor = '#FAF33E'
99.9673 	EXP 	self_box: fillColor = '#A6A9FF'
99.9673 	EXP 	other_box: fillColor = '#FAF33E'
99.9841 	EXP 	self_box: fillColor = '#A6A9FF'
99.9841 	EXP 	other_box: fillColor = '#FAF33E'
100.0008 	EXP 	self_box: fillColor = '#A6A9FF'
100.0008 	EXP 	other_box: fillColor = '#FAF33E'
100.0175 	EXP 	self_box: fillColor = '#A6A9FF'
100.0175 	EXP 	other_box: fillColor = '#FAF33E'
100.0343 	EXP 	self_box: fillColor = '#A6A9FF'
100.0343 	EXP 	other_box: fillColor = '#FAF33E'
100.0509 	EXP 	self_box: fillColor = '#A6A9FF'
100.0509 	EXP 	other_box: fillColor = '#FAF33E'
100.0675 	EXP 	self_box: fillColor = '#A6A9FF'
100.0675 	EXP 	other_box: fillColor = '#FAF33E'
100.0843 	EXP 	self_box: fillColor = '#A6A9FF'
100.0843 	EXP 	other_box: fillColor = '#FAF33E'
100.1010 	EXP 	self_box: fillColor = '#A6A9FF'
100.1010 	EXP 	other_box: fillColor = '#FAF33E'
100.1177 	EXP 	self_box: fillColor = '#A6A9FF'
100.1177 	EXP 	other_box: fillColor = '#FAF33E'
100.1344 	EXP 	self_box: fillColor = '#A6A9FF'
100.1344 	EXP 	other_box: fillColor = '#FAF33E'
100.1509 	EXP 	self_box: fillColor = '#A6A9FF'
100.1509 	EXP 	other_box: fillColor = '#FAF33E'
100.1676 	EXP 	self_box: fillColor = '#A6A9FF'
100.1676 	EXP 	other_box: fillColor = '#FAF33E'
100.1843 	EXP 	self_box: fillColor = '#A6A9FF'
100.1843 	EXP 	other_box: fillColor = '#FAF33E'
100.2010 	EXP 	self_box: fillColor = '#A6A9FF'
100.2010 	EXP 	other_box: fillColor = '#FAF33E'
100.2177 	EXP 	self_box: fillColor = '#A6A9FF'
100.2177 	EXP 	other_box: fillColor = '#FAF33E'
100.2345 	EXP 	self_box: fillColor = '#A6A9FF'
100.2345 	EXP 	other_box: fillColor = '#FAF33E'
100.2512 	EXP 	self_box: fillColor = '#A6A9FF'
100.2512 	EXP 	other_box: fillColor = '#FAF33E'
100.2679 	EXP 	self_box: fillColor = '#A6A9FF'
100.2679 	EXP 	other_box: fillColor = '#FAF33E'
100.2846 	EXP 	self_box: fillColor = '#A6A9FF'
100.2846 	EXP 	other_box: fillColor = '#FAF33E'
100.3012 	EXP 	self_box: fillColor = '#A6A9FF'
100.3012 	EXP 	other_box: fillColor = '#FAF33E'
100.3179 	EXP 	self_box: fillColor = '#A6A9FF'
100.3179 	EXP 	other_box: fillColor = '#FAF33E'
100.3346 	EXP 	self_box: fillColor = '#A6A9FF'
100.3346 	EXP 	other_box: fillColor = '#FAF33E'
100.3513 	EXP 	self_box: fillColor = '#A6A9FF'
100.3513 	EXP 	other_box: fillColor = '#FAF33E'
100.3680 	EXP 	self_box: fillColor = '#A6A9FF'
100.3680 	EXP 	other_box: fillColor = '#FAF33E'
100.3847 	EXP 	self_box: fillColor = '#A6A9FF'
100.3847 	EXP 	other_box: fillColor = '#FAF33E'
100.4014 	EXP 	self_box: fillColor = '#A6A9FF'
100.4014 	EXP 	other_box: fillColor = '#FAF33E'
100.4181 	EXP 	self_box: fillColor = '#A6A9FF'
100.4181 	EXP 	other_box: fillColor = '#FAF33E'
100.4348 	EXP 	self_box: fillColor = '#A6A9FF'
100.4348 	EXP 	other_box: fillColor = '#FAF33E'
100.4514 	EXP 	self_box: fillColor = '#A6A9FF'
100.4514 	EXP 	other_box: fillColor = '#FAF33E'
100.4681 	EXP 	self_box: fillColor = '#A6A9FF'
100.4681 	EXP 	other_box: fillColor = '#FAF33E'
100.4848 	EXP 	self_box: fillColor = '#A6A9FF'
100.4848 	EXP 	other_box: fillColor = '#FAF33E'
100.5015 	EXP 	self_box: fillColor = '#A6A9FF'
100.5015 	EXP 	other_box: fillColor = '#FAF33E'
100.5182 	EXP 	self_box: fillColor = '#A6A9FF'
100.5182 	EXP 	other_box: fillColor = '#FAF33E'
100.5350 	EXP 	self_box: fillColor = '#A6A9FF'
100.5350 	EXP 	other_box: fillColor = '#FAF33E'
100.5516 	EXP 	self_box: fillColor = '#A6A9FF'
100.5516 	EXP 	other_box: fillColor = '#FAF33E'
100.5683 	EXP 	self_box: fillColor = '#A6A9FF'
100.5683 	EXP 	other_box: fillColor = '#FAF33E'
100.5850 	EXP 	self_box: fillColor = '#A6A9FF'
100.5850 	EXP 	other_box: fillColor = '#FAF33E'
100.6017 	EXP 	self_box: fillColor = '#A6A9FF'
100.6017 	EXP 	other_box: fillColor = '#FAF33E'
100.6184 	EXP 	self_box: fillColor = '#A6A9FF'
100.6184 	EXP 	other_box: fillColor = '#FAF33E'
100.6350 	EXP 	self_box: fillColor = '#A6A9FF'
100.6350 	EXP 	other_box: fillColor = '#FAF33E'
100.6517 	EXP 	self_box: fillColor = '#A6A9FF'
100.6517 	EXP 	other_box: fillColor = '#FAF33E'
100.6684 	EXP 	self_box: fillColor = '#A6A9FF'
100.6684 	EXP 	other_box: fillColor = '#FAF33E'
100.6851 	EXP 	self_box: fillColor = '#A6A9FF'
100.6851 	EXP 	other_box: fillColor = '#FAF33E'
100.7018 	EXP 	self_box: fillColor = '#A6A9FF'
100.7018 	EXP 	other_box: fillColor = '#FAF33E'
100.7185 	EXP 	self_box: fillColor = '#A6A9FF'
100.7185 	EXP 	other_box: fillColor = '#FAF33E'
100.7352 	EXP 	self_box: fillColor = '#A6A9FF'
100.7352 	EXP 	other_box: fillColor = '#FAF33E'
100.7518 	EXP 	self_box: fillColor = '#A6A9FF'
100.7518 	EXP 	other_box: fillColor = '#FAF33E'
100.7686 	EXP 	self_box: fillColor = '#A6A9FF'
100.7686 	EXP 	other_box: fillColor = '#FAF33E'
100.7852 	EXP 	self_box: fillColor = '#A6A9FF'
100.7852 	EXP 	other_box: fillColor = '#FAF33E'
100.8020 	EXP 	self_box: fillColor = '#A6A9FF'
100.8020 	EXP 	other_box: fillColor = '#FAF33E'
100.8186 	EXP 	self_box: fillColor = '#A6A9FF'
100.8186 	EXP 	other_box: fillColor = '#FAF33E'
100.8353 	EXP 	self_box: fillColor = '#A6A9FF'
100.8353 	EXP 	other_box: fillColor = '#FAF33E'
100.8521 	EXP 	self_box: fillColor = '#A6A9FF'
100.8521 	EXP 	other_box: fillColor = '#FAF33E'
100.8687 	EXP 	self_box: fillColor = '#A6A9FF'
100.8687 	EXP 	other_box: fillColor = '#FAF33E'
100.8854 	EXP 	self_box: fillColor = '#A6A9FF'
100.8854 	EXP 	other_box: fillColor = '#FAF33E'
100.9021 	EXP 	self_box: fillColor = '#A6A9FF'
100.9021 	EXP 	other_box: fillColor = '#FAF33E'
100.9188 	EXP 	self_box: fillColor = '#A6A9FF'
100.9188 	EXP 	other_box: fillColor = '#FAF33E'
100.9355 	EXP 	self_box: fillColor = '#A6A9FF'
100.9355 	EXP 	other_box: fillColor = '#FAF33E'
100.9522 	EXP 	self_box: fillColor = '#A6A9FF'
100.9522 	EXP 	other_box: fillColor = '#FAF33E'
100.9689 	EXP 	self_box: fillColor = '#A6A9FF'
100.9689 	EXP 	other_box: fillColor = '#FAF33E'
100.9856 	EXP 	self_box: fillColor = '#A6A9FF'
100.9856 	EXP 	other_box: fillColor = '#FAF33E'
101.0023 	EXP 	self_box: fillColor = '#A6A9FF'
101.0023 	EXP 	other_box: fillColor = '#FAF33E'
101.0190 	EXP 	self_box: fillColor = '#A6A9FF'
101.0190 	EXP 	other_box: fillColor = '#FAF33E'
101.0357 	EXP 	self_box: fillColor = '#A6A9FF'
101.0357 	EXP 	other_box: fillColor = '#FAF33E'
101.0524 	EXP 	self_box: fillColor = '#A6A9FF'
101.0524 	EXP 	other_box: fillColor = '#FAF33E'
101.0691 	EXP 	self_box: fillColor = '#A6A9FF'
101.0691 	EXP 	other_box: fillColor = '#FAF33E'
101.0858 	EXP 	self_box: fillColor = '#A6A9FF'
101.0858 	EXP 	other_box: fillColor = '#FAF33E'
101.1024 	EXP 	self_box: fillColor = '#A6A9FF'
101.1024 	EXP 	other_box: fillColor = '#FAF33E'
101.1191 	EXP 	self_box: fillColor = '#A6A9FF'
101.1191 	EXP 	other_box: fillColor = '#FAF33E'
101.1358 	EXP 	self_box: fillColor = '#A6A9FF'
101.1358 	EXP 	other_box: fillColor = '#FAF33E'
101.1526 	EXP 	self_box: fillColor = '#A6A9FF'
101.1526 	EXP 	other_box: fillColor = '#FAF33E'
101.1692 	EXP 	self_box: fillColor = '#A6A9FF'
101.1692 	EXP 	other_box: fillColor = '#FAF33E'
101.1859 	EXP 	self_box: fillColor = '#A6A9FF'
101.1859 	EXP 	other_box: fillColor = '#FAF33E'
101.2026 	EXP 	self_box: fillColor = '#A6A9FF'
101.2026 	EXP 	other_box: fillColor = '#FAF33E'
101.2193 	EXP 	self_box: fillColor = '#A6A9FF'
101.2193 	EXP 	other_box: fillColor = '#FAF33E'
101.2360 	EXP 	self_box: fillColor = '#A6A9FF'
101.2360 	EXP 	other_box: fillColor = '#FAF33E'
101.2527 	EXP 	self_box: fillColor = '#A6A9FF'
101.2527 	EXP 	other_box: fillColor = '#FAF33E'
101.2694 	EXP 	self_box: fillColor = '#A6A9FF'
101.2694 	EXP 	other_box: fillColor = '#FAF33E'
101.2861 	EXP 	self_box: fillColor = '#A6A9FF'
101.2861 	EXP 	other_box: fillColor = '#FAF33E'
101.3028 	EXP 	self_box: fillColor = '#A6A9FF'
101.3028 	EXP 	other_box: fillColor = '#FAF33E'
101.3195 	EXP 	self_box: fillColor = '#A6A9FF'
101.3195 	EXP 	other_box: fillColor = '#FAF33E'
101.3362 	EXP 	self_box: fillColor = '#A6A9FF'
101.3362 	EXP 	other_box: fillColor = '#FAF33E'
101.3529 	EXP 	self_box: fillColor = '#A6A9FF'
101.3529 	EXP 	other_box: fillColor = '#FAF33E'
101.3696 	EXP 	self_box: fillColor = '#A6A9FF'
101.3696 	EXP 	other_box: fillColor = '#FAF33E'
101.3863 	EXP 	self_box: fillColor = '#A6A9FF'
101.3863 	EXP 	other_box: fillColor = '#FAF33E'
101.4029 	EXP 	self_box: fillColor = '#A6A9FF'
101.4029 	EXP 	other_box: fillColor = '#FAF33E'
101.4197 	EXP 	self_box: fillColor = '#A6A9FF'
101.4197 	EXP 	other_box: fillColor = '#FAF33E'
101.4363 	EXP 	self_box: fillColor = '#A6A9FF'
101.4363 	EXP 	other_box: fillColor = '#FAF33E'
101.4530 	EXP 	self_box: fillColor = '#A6A9FF'
101.4530 	EXP 	other_box: fillColor = '#FAF33E'
101.4697 	EXP 	self_box: fillColor = '#A6A9FF'
101.4697 	EXP 	other_box: fillColor = '#FAF33E'
101.4864 	EXP 	self_box: fillColor = '#A6A9FF'
101.4864 	EXP 	other_box: fillColor = '#FAF33E'
101.5031 	EXP 	self_box: fillColor = '#A6A9FF'
101.5031 	EXP 	other_box: fillColor = '#FAF33E'
101.5198 	EXP 	self_box: fillColor = '#A6A9FF'
101.5198 	EXP 	other_box: fillColor = '#FAF33E'
101.5366 	EXP 	self_box: fillColor = '#A6A9FF'
101.5366 	EXP 	other_box: fillColor = '#FAF33E'
101.5532 	EXP 	self_box: fillColor = '#A6A9FF'
101.5532 	EXP 	other_box: fillColor = '#FAF33E'
101.5700 	EXP 	self_box: fillColor = '#A6A9FF'
101.5700 	EXP 	other_box: fillColor = '#FAF33E'
101.5866 	EXP 	self_box: fillColor = '#A6A9FF'
101.5866 	EXP 	other_box: fillColor = '#FAF33E'
101.6034 	EXP 	self_box: fillColor = '#A6A9FF'
101.6034 	EXP 	other_box: fillColor = '#FAF33E'
101.6201 	EXP 	self_box: fillColor = '#A6A9FF'
101.6201 	EXP 	other_box: fillColor = '#FAF33E'
101.6367 	EXP 	self_box: fillColor = '#A6A9FF'
101.6367 	EXP 	other_box: fillColor = '#FAF33E'
101.6534 	EXP 	self_box: fillColor = '#A6A9FF'
101.6534 	EXP 	other_box: fillColor = '#FAF33E'
101.6700 	EXP 	self_box: fillColor = '#A6A9FF'
101.6700 	EXP 	other_box: fillColor = '#FAF33E'
101.6869 	EXP 	self_box: fillColor = '#A6A9FF'
101.6869 	EXP 	other_box: fillColor = '#FAF33E'
101.7035 	EXP 	self_box: fillColor = '#A6A9FF'
101.7035 	EXP 	other_box: fillColor = '#FAF33E'
101.7202 	EXP 	self_box: fillColor = '#A6A9FF'
101.7202 	EXP 	other_box: fillColor = '#FAF33E'
101.7368 	EXP 	self_box: fillColor = '#A6A9FF'
101.7368 	EXP 	other_box: fillColor = '#FAF33E'
101.7536 	EXP 	self_box: fillColor = '#A6A9FF'
101.7536 	EXP 	other_box: fillColor = '#FAF33E'
101.7703 	EXP 	self_box: fillColor = '#A6A9FF'
101.7703 	EXP 	other_box: fillColor = '#FAF33E'
101.7870 	EXP 	self_box: fillColor = '#A6A9FF'
101.7870 	EXP 	other_box: fillColor = '#FAF33E'
101.8037 	EXP 	self_box: fillColor = '#A6A9FF'
101.8037 	EXP 	other_box: fillColor = '#FAF33E'
101.8203 	EXP 	self_box: fillColor = '#A6A9FF'
101.8203 	EXP 	other_box: fillColor = '#FAF33E'
101.8371 	EXP 	self_box: fillColor = '#A6A9FF'
101.8371 	EXP 	other_box: fillColor = '#FAF33E'
101.8537 	EXP 	self_box: fillColor = '#A6A9FF'
101.8537 	EXP 	other_box: fillColor = '#FAF33E'
101.8705 	EXP 	self_box: fillColor = '#A6A9FF'
101.8705 	EXP 	other_box: fillColor = '#FAF33E'
101.8871 	EXP 	self_box: fillColor = '#A6A9FF'
101.8871 	EXP 	other_box: fillColor = '#FAF33E'
101.9038 	EXP 	self_box: fillColor = '#A6A9FF'
101.9038 	EXP 	other_box: fillColor = '#FAF33E'
101.9206 	EXP 	self_box: fillColor = '#A6A9FF'
101.9206 	EXP 	other_box: fillColor = '#FAF33E'
101.9371 	EXP 	self_box: fillColor = '#A6A9FF'
101.9371 	EXP 	other_box: fillColor = '#FAF33E'
101.9539 	EXP 	self_box: fillColor = '#A6A9FF'
101.9539 	EXP 	other_box: fillColor = '#FAF33E'
101.9706 	EXP 	self_box: fillColor = '#A6A9FF'
101.9706 	EXP 	other_box: fillColor = '#FAF33E'
101.9873 	EXP 	self_box: fillColor = '#A6A9FF'
101.9873 	EXP 	other_box: fillColor = '#FAF33E'
102.0039 	EXP 	self_box: fillColor = '#A6A9FF'
102.0039 	EXP 	other_box: fillColor = '#FAF33E'
102.0207 	EXP 	self_box: fillColor = '#A6A9FF'
102.0207 	EXP 	other_box: fillColor = '#FAF33E'
102.0374 	EXP 	self_box: fillColor = '#A6A9FF'
102.0374 	EXP 	other_box: fillColor = '#FAF33E'
102.0541 	EXP 	self_box: fillColor = '#A6A9FF'
102.0541 	EXP 	other_box: fillColor = '#FAF33E'
102.0708 	EXP 	self_box: fillColor = '#A6A9FF'
102.0708 	EXP 	other_box: fillColor = '#FAF33E'
102.0874 	EXP 	self_box: fillColor = '#A6A9FF'
102.0874 	EXP 	other_box: fillColor = '#FAF33E'
102.1042 	EXP 	self_box: fillColor = '#A6A9FF'
102.1042 	EXP 	other_box: fillColor = '#FAF33E'
102.1208 	EXP 	self_box: fillColor = '#A6A9FF'
102.1208 	EXP 	other_box: fillColor = '#FAF33E'
102.1376 	EXP 	self_box: fillColor = '#A6A9FF'
102.1376 	EXP 	other_box: fillColor = '#FAF33E'
102.1542 	EXP 	self_box: fillColor = '#A6A9FF'
102.1542 	EXP 	other_box: fillColor = '#FAF33E'
102.1710 	EXP 	self_box: fillColor = '#A6A9FF'
102.1710 	EXP 	other_box: fillColor = '#FAF33E'
102.1877 	EXP 	self_box: fillColor = '#A6A9FF'
102.1877 	EXP 	other_box: fillColor = '#FAF33E'
102.2043 	EXP 	self_box: fillColor = '#A6A9FF'
102.2043 	EXP 	other_box: fillColor = '#FAF33E'
102.2211 	EXP 	self_box: fillColor = '#A6A9FF'
102.2211 	EXP 	other_box: fillColor = '#FAF33E'
102.2376 	EXP 	self_box: fillColor = '#A6A9FF'
102.2376 	EXP 	other_box: fillColor = '#FAF33E'
102.2544 	EXP 	self_box: fillColor = '#A6A9FF'
102.2544 	EXP 	other_box: fillColor = '#FAF33E'
102.2710 	EXP 	self_box: fillColor = '#A6A9FF'
102.2710 	EXP 	other_box: fillColor = '#FAF33E'
102.2878 	EXP 	self_box: fillColor = '#A6A9FF'
102.2878 	EXP 	other_box: fillColor = '#FAF33E'
102.3045 	EXP 	self_box: fillColor = '#A6A9FF'
102.3045 	EXP 	other_box: fillColor = '#FAF33E'
102.3212 	EXP 	self_box: fillColor = '#A6A9FF'
102.3212 	EXP 	other_box: fillColor = '#FAF33E'
102.3379 	EXP 	self_box: fillColor = '#A6A9FF'
102.3379 	EXP 	other_box: fillColor = '#FAF33E'
102.3546 	EXP 	self_box: fillColor = '#A6A9FF'
102.3546 	EXP 	other_box: fillColor = '#FAF33E'
102.3713 	EXP 	self_box: fillColor = '#A6A9FF'
102.3713 	EXP 	other_box: fillColor = '#FAF33E'
102.3879 	EXP 	self_box: fillColor = '#A6A9FF'
102.3879 	EXP 	other_box: fillColor = '#FAF33E'
102.4047 	EXP 	self_box: fillColor = '#A6A9FF'
102.4047 	EXP 	other_box: fillColor = '#FAF33E'
102.4214 	EXP 	self_box: fillColor = '#A6A9FF'
102.4214 	EXP 	other_box: fillColor = '#FAF33E'
102.4381 	EXP 	self_box: fillColor = '#A6A9FF'
102.4381 	EXP 	other_box: fillColor = '#FAF33E'
102.4548 	EXP 	self_box: fillColor = '#A6A9FF'
102.4548 	EXP 	other_box: fillColor = '#FAF33E'
102.4714 	EXP 	self_box: fillColor = '#A6A9FF'
102.4714 	EXP 	other_box: fillColor = '#FAF33E'
102.4882 	EXP 	self_box: fillColor = '#A6A9FF'
102.4882 	EXP 	other_box: fillColor = '#FAF33E'
102.5047 	EXP 	self_box: fillColor = '#A6A9FF'
102.5047 	EXP 	other_box: fillColor = '#FAF33E'
102.5214 	EXP 	self_box: fillColor = '#A6A9FF'
102.5214 	EXP 	other_box: fillColor = '#FAF33E'
102.5381 	EXP 	self_box: fillColor = '#A6A9FF'
102.5381 	EXP 	other_box: fillColor = '#FAF33E'
102.5550 	EXP 	self_box: fillColor = '#A6A9FF'
102.5550 	EXP 	other_box: fillColor = '#FAF33E'
102.5716 	EXP 	self_box: fillColor = '#A6A9FF'
102.5716 	EXP 	other_box: fillColor = '#FAF33E'
102.5883 	EXP 	self_box: fillColor = '#A6A9FF'
102.5883 	EXP 	other_box: fillColor = '#FAF33E'
102.6050 	EXP 	self_box: fillColor = '#A6A9FF'
102.6050 	EXP 	other_box: fillColor = '#FAF33E'
102.6216 	EXP 	self_box: fillColor = '#A6A9FF'
102.6216 	EXP 	other_box: fillColor = '#FAF33E'
102.6383 	EXP 	self_box: fillColor = '#A6A9FF'
102.6383 	EXP 	other_box: fillColor = '#FAF33E'
102.6550 	EXP 	self_box: fillColor = '#A6A9FF'
102.6550 	EXP 	other_box: fillColor = '#FAF33E'
102.6717 	EXP 	self_box: fillColor = '#A6A9FF'
102.6717 	EXP 	other_box: fillColor = '#FAF33E'
102.6885 	EXP 	self_box: fillColor = '#A6A9FF'
102.6885 	EXP 	other_box: fillColor = '#FAF33E'
102.7051 	EXP 	self_box: fillColor = '#A6A9FF'
102.7051 	EXP 	other_box: fillColor = '#FAF33E'
102.7218 	EXP 	self_box: fillColor = '#A6A9FF'
102.7218 	EXP 	other_box: fillColor = '#FAF33E'
102.7385 	EXP 	self_box: fillColor = '#A6A9FF'
102.7385 	EXP 	other_box: fillColor = '#FAF33E'
102.7552 	EXP 	self_box: fillColor = '#A6A9FF'
102.7552 	EXP 	other_box: fillColor = '#FAF33E'
102.7718 	EXP 	self_box: fillColor = '#A6A9FF'
102.7718 	EXP 	other_box: fillColor = '#FAF33E'
102.7886 	EXP 	self_box: fillColor = '#A6A9FF'
102.7886 	EXP 	other_box: fillColor = '#FAF33E'
102.8052 	EXP 	self_box: fillColor = '#A6A9FF'
102.8052 	EXP 	other_box: fillColor = '#FAF33E'
102.8220 	EXP 	self_box: fillColor = '#A6A9FF'
102.8220 	EXP 	other_box: fillColor = '#FAF33E'
102.8386 	EXP 	self_box: fillColor = '#A6A9FF'
102.8386 	EXP 	other_box: fillColor = '#FAF33E'
102.8554 	EXP 	self_box: fillColor = '#A6A9FF'
102.8554 	EXP 	other_box: fillColor = '#FAF33E'
102.8721 	EXP 	self_box: fillColor = '#A6A9FF'
102.8721 	EXP 	other_box: fillColor = '#FAF33E'
102.8888 	EXP 	self_box: fillColor = '#A6A9FF'
102.8888 	EXP 	other_box: fillColor = '#FAF33E'
102.9054 	EXP 	self_box: fillColor = '#A6A9FF'
102.9054 	EXP 	other_box: fillColor = '#FAF33E'
102.9220 	EXP 	self_box: fillColor = '#A6A9FF'
102.9220 	EXP 	other_box: fillColor = '#FAF33E'
102.9388 	EXP 	self_box: fillColor = '#A6A9FF'
102.9388 	EXP 	other_box: fillColor = '#FAF33E'
102.9555 	EXP 	self_box: fillColor = '#A6A9FF'
102.9555 	EXP 	other_box: fillColor = '#FAF33E'
102.9723 	EXP 	self_box: fillColor = '#A6A9FF'
102.9723 	EXP 	other_box: fillColor = '#FAF33E'
102.9890 	EXP 	self_box: fillColor = '#A6A9FF'
102.9890 	EXP 	other_box: fillColor = '#FAF33E'
103.0056 	EXP 	self_box: fillColor = '#A6A9FF'
103.0056 	EXP 	other_box: fillColor = '#FAF33E'
103.0223 	EXP 	self_box: fillColor = '#A6A9FF'
103.0223 	EXP 	other_box: fillColor = '#FAF33E'
103.0390 	EXP 	self_box: fillColor = '#A6A9FF'
103.0390 	EXP 	other_box: fillColor = '#FAF33E'
103.0557 	EXP 	self_box: fillColor = '#A6A9FF'
103.0557 	EXP 	other_box: fillColor = '#FAF33E'
103.0723 	EXP 	self_box: fillColor = '#A6A9FF'
103.0723 	EXP 	other_box: fillColor = '#FAF33E'
103.0891 	EXP 	self_box: fillColor = '#A6A9FF'
103.0891 	EXP 	other_box: fillColor = '#FAF33E'
103.1058 	EXP 	self_box: fillColor = '#A6A9FF'
103.1058 	EXP 	other_box: fillColor = '#FAF33E'
103.1225 	EXP 	self_box: fillColor = '#A6A9FF'
103.1225 	EXP 	other_box: fillColor = '#FAF33E'
103.1392 	EXP 	self_box: fillColor = '#A6A9FF'
103.1392 	EXP 	other_box: fillColor = '#FAF33E'
103.1558 	EXP 	self_box: fillColor = '#A6A9FF'
103.1558 	EXP 	other_box: fillColor = '#FAF33E'
103.1725 	EXP 	self_box: fillColor = '#A6A9FF'
103.1725 	EXP 	other_box: fillColor = '#FAF33E'
103.1892 	EXP 	self_box: fillColor = '#A6A9FF'
103.1892 	EXP 	other_box: fillColor = '#FAF33E'
103.2060 	EXP 	self_box: fillColor = '#A6A9FF'
103.2060 	EXP 	other_box: fillColor = '#FAF33E'
103.2226 	EXP 	self_box: fillColor = '#A6A9FF'
103.2226 	EXP 	other_box: fillColor = '#FAF33E'
103.2394 	EXP 	self_box: fillColor = '#A6A9FF'
103.2394 	EXP 	other_box: fillColor = '#FAF33E'
103.2560 	EXP 	self_box: fillColor = '#A6A9FF'
103.2560 	EXP 	other_box: fillColor = '#FAF33E'
103.2727 	EXP 	self_box: fillColor = '#A6A9FF'
103.2727 	EXP 	other_box: fillColor = '#FAF33E'
103.2894 	EXP 	self_box: fillColor = '#A6A9FF'
103.2894 	EXP 	other_box: fillColor = '#FAF33E'
103.3061 	EXP 	self_box: fillColor = '#A6A9FF'
103.3061 	EXP 	other_box: fillColor = '#FAF33E'
103.3227 	EXP 	self_box: fillColor = '#A6A9FF'
103.3227 	EXP 	other_box: fillColor = '#FAF33E'
103.3393 	EXP 	self_box: fillColor = '#A6A9FF'
103.3393 	EXP 	other_box: fillColor = '#FAF33E'
103.3562 	EXP 	self_box: fillColor = '#A6A9FF'
103.3562 	EXP 	other_box: fillColor = '#FAF33E'
103.3729 	EXP 	self_box: fillColor = '#A6A9FF'
103.3729 	EXP 	other_box: fillColor = '#FAF33E'
103.3896 	EXP 	self_box: fillColor = '#A6A9FF'
103.3896 	EXP 	other_box: fillColor = '#FAF33E'
103.4062 	EXP 	self_box: fillColor = '#A6A9FF'
103.4062 	EXP 	other_box: fillColor = '#FAF33E'
103.4229 	EXP 	self_box: fillColor = '#A6A9FF'
103.4229 	EXP 	other_box: fillColor = '#FAF33E'
103.4397 	EXP 	self_box: fillColor = '#A6A9FF'
103.4397 	EXP 	other_box: fillColor = '#FAF33E'
103.4564 	EXP 	self_box: fillColor = '#A6A9FF'
103.4564 	EXP 	other_box: fillColor = '#FAF33E'
103.4731 	EXP 	self_box: fillColor = '#A6A9FF'
103.4731 	EXP 	other_box: fillColor = '#FAF33E'
103.4897 	EXP 	self_box: fillColor = '#A6A9FF'
103.4897 	EXP 	other_box: fillColor = '#FAF33E'
103.5065 	EXP 	self_box: fillColor = '#A6A9FF'
103.5065 	EXP 	other_box: fillColor = '#FAF33E'
103.5231 	EXP 	self_box: fillColor = '#A6A9FF'
103.5231 	EXP 	other_box: fillColor = '#FAF33E'
103.5398 	EXP 	self_box: fillColor = '#A6A9FF'
103.5398 	EXP 	other_box: fillColor = '#FAF33E'
103.5566 	EXP 	self_box: fillColor = '#A6A9FF'
103.5566 	EXP 	other_box: fillColor = '#FAF33E'
103.5731 	EXP 	self_box: fillColor = '#A6A9FF'
103.5731 	EXP 	other_box: fillColor = '#FAF33E'
103.5900 	EXP 	self_box: fillColor = '#A6A9FF'
103.5900 	EXP 	other_box: fillColor = '#FAF33E'
103.6065 	EXP 	self_box: fillColor = '#A6A9FF'
103.6065 	EXP 	other_box: fillColor = '#FAF33E'
103.6233 	EXP 	self_box: fillColor = '#A6A9FF'
103.6233 	EXP 	other_box: fillColor = '#FAF33E'
103.6400 	EXP 	self_box: fillColor = '#A6A9FF'
103.6400 	EXP 	other_box: fillColor = '#FAF33E'
103.6566 	EXP 	self_box: fillColor = '#A6A9FF'
103.6566 	EXP 	other_box: fillColor = '#FAF33E'
103.6732 	EXP 	self_box: fillColor = '#A6A9FF'
103.6732 	EXP 	other_box: fillColor = '#FAF33E'
103.6899 	EXP 	self_box: fillColor = '#A6A9FF'
103.6899 	EXP 	other_box: fillColor = '#FAF33E'
103.7067 	EXP 	self_box: fillColor = '#A6A9FF'
103.7067 	EXP 	other_box: fillColor = '#FAF33E'
103.7234 	EXP 	self_box: fillColor = '#A6A9FF'
103.7234 	EXP 	other_box: fillColor = '#FAF33E'
103.7400 	EXP 	self_box: fillColor = '#A6A9FF'
103.7400 	EXP 	other_box: fillColor = '#FAF33E'
103.7567 	EXP 	self_box: fillColor = '#A6A9FF'
103.7567 	EXP 	other_box: fillColor = '#FAF33E'
103.7735 	EXP 	self_box: fillColor = '#A6A9FF'
103.7735 	EXP 	other_box: fillColor = '#FAF33E'
103.7901 	EXP 	self_box: fillColor = '#A6A9FF'
103.7901 	EXP 	other_box: fillColor = '#FAF33E'
103.8068 	EXP 	self_box: fillColor = '#A6A9FF'
103.8068 	EXP 	other_box: fillColor = '#FAF33E'
103.8234 	EXP 	self_box: fillColor = '#A6A9FF'
103.8234 	EXP 	other_box: fillColor = '#FAF33E'
103.8401 	EXP 	self_box: fillColor = '#A6A9FF'
103.8401 	EXP 	other_box: fillColor = '#FAF33E'
103.8571 	EXP 	self_box: fillColor = '#A6A9FF'
103.8571 	EXP 	other_box: fillColor = '#FAF33E'
103.8736 	EXP 	self_box: fillColor = '#A6A9FF'
103.8736 	EXP 	other_box: fillColor = '#FAF33E'
103.8903 	EXP 	self_box: fillColor = '#A6A9FF'
103.8903 	EXP 	other_box: fillColor = '#FAF33E'
103.9070 	EXP 	self_box: fillColor = '#A6A9FF'
103.9070 	EXP 	other_box: fillColor = '#FAF33E'
103.9238 	EXP 	self_box: fillColor = '#A6A9FF'
103.9238 	EXP 	other_box: fillColor = '#FAF33E'
103.9404 	EXP 	self_box: fillColor = '#A6A9FF'
103.9404 	EXP 	other_box: fillColor = '#FAF33E'
103.9458 	DATA 	Mouse: Left button down, pos=(1123,249)
103.9571 	EXP 	self_box: fillColor = '#A6A9FF'
103.9571 	EXP 	other_box: fillColor = '#FAF33E'
103.9577 	DATA 	Mouse: Left button up, pos=(1123,249)
103.9738 	EXP 	self_box: fillColor = '#A6A9FF'
103.9738 	EXP 	other_box: fillColor = '#FAF33E'
103.9905 	EXP 	self_box: fillColor = '#A6A9FF'
103.9905 	EXP 	other_box: fillColor = '#FAF33E'
104.0072 	EXP 	self_box: fillColor = '#A6A9FF'
104.0072 	EXP 	other_box: fillColor = '#FAF33E'
104.0238 	EXP 	self_box: fillColor = '#A6A9FF'
104.0238 	EXP 	other_box: fillColor = '#FAF33E'
104.0406 	EXP 	self_box: fillColor = '#A6A9FF'
104.0406 	EXP 	other_box: fillColor = '#FAF33E'
104.0573 	EXP 	self_box: fillColor = '#A6A9FF'
104.0573 	EXP 	other_box: fillColor = '#FAF33E'
104.0740 	EXP 	self_box: fillColor = '#A6A9FF'
104.0740 	EXP 	other_box: fillColor = '#FAF33E'
104.0907 	EXP 	self_box: fillColor = '#A6A9FF'
104.0907 	EXP 	other_box: fillColor = '#FAF33E'
104.1073 	EXP 	self_box: fillColor = '#A6A9FF'
104.1073 	EXP 	other_box: fillColor = '#FAF33E'
104.1240 	EXP 	self_box: fillColor = '#A6A9FF'
104.1240 	EXP 	other_box: fillColor = '#FAF33E'
104.1407 	EXP 	self_box: fillColor = '#A6A9FF'
104.1407 	EXP 	other_box: fillColor = '#FAF33E'
104.1573 	EXP 	self_box: fillColor = '#A6A9FF'
104.1573 	EXP 	other_box: fillColor = '#FAF33E'
104.1741 	EXP 	self_box: fillColor = '#A6A9FF'
104.1741 	EXP 	other_box: fillColor = '#FAF33E'
104.1907 	EXP 	self_box: fillColor = '#A6A9FF'
104.1907 	EXP 	other_box: fillColor = '#FAF33E'
104.2074 	EXP 	self_box: fillColor = '#A6A9FF'
104.2074 	EXP 	other_box: fillColor = '#FAF33E'
104.2241 	EXP 	self_box: fillColor = '#A6A9FF'
104.2241 	EXP 	other_box: fillColor = '#FAF33E'
104.2408 	EXP 	self_box: fillColor = '#A6A9FF'
104.2408 	EXP 	other_box: fillColor = '#FAF33E'
104.2575 	EXP 	self_box: fillColor = '#A6A9FF'
104.2575 	EXP 	other_box: fillColor = '#FAF33E'
104.2741 	EXP 	self_box: fillColor = '#A6A9FF'
104.2741 	EXP 	other_box: fillColor = '#FAF33E'
104.2908 	EXP 	self_box: fillColor = '#A6A9FF'
104.2908 	EXP 	other_box: fillColor = '#FAF33E'
104.3076 	EXP 	self_box: fillColor = '#A6A9FF'
104.3076 	EXP 	other_box: fillColor = '#FAF33E'
104.3244 	EXP 	self_box: fillColor = '#A6A9FF'
104.3244 	EXP 	other_box: fillColor = '#FAF33E'
104.3409 	EXP 	self_box: fillColor = '#A6A9FF'
104.3409 	EXP 	other_box: fillColor = '#FAF33E'
104.3576 	EXP 	self_box: fillColor = '#A6A9FF'
104.3576 	EXP 	other_box: fillColor = '#FAF33E'
104.3743 	EXP 	self_box: fillColor = '#A6A9FF'
104.3743 	EXP 	other_box: fillColor = '#FAF33E'
104.3911 	EXP 	self_box: fillColor = '#A6A9FF'
104.3911 	EXP 	other_box: fillColor = '#FAF33E'
104.4077 	EXP 	self_box: fillColor = '#A6A9FF'
104.4077 	EXP 	other_box: fillColor = '#FAF33E'
104.4244 	EXP 	self_box: fillColor = '#A6A9FF'
104.4244 	EXP 	other_box: fillColor = '#FAF33E'
104.4412 	EXP 	self_box: fillColor = '#A6A9FF'
104.4412 	EXP 	other_box: fillColor = '#FAF33E'
104.4579 	EXP 	self_box: fillColor = '#A6A9FF'
104.4579 	EXP 	other_box: fillColor = '#FAF33E'
104.4746 	EXP 	self_box: fillColor = '#A6A9FF'
104.4746 	EXP 	other_box: fillColor = '#FAF33E'
104.4913 	EXP 	self_box: fillColor = '#A6A9FF'
104.4913 	EXP 	other_box: fillColor = '#FAF33E'
104.5080 	EXP 	self_box: fillColor = '#A6A9FF'
104.5080 	EXP 	other_box: fillColor = '#FAF33E'
104.5246 	EXP 	self_box: fillColor = '#A6A9FF'
104.5246 	EXP 	other_box: fillColor = '#FAF33E'
104.5413 	EXP 	self_box: fillColor = '#A6A9FF'
104.5413 	EXP 	other_box: fillColor = '#FAF33E'
104.5579 	EXP 	self_box: fillColor = '#A6A9FF'
104.5579 	EXP 	other_box: fillColor = '#FAF33E'
104.5747 	EXP 	self_box: fillColor = '#A6A9FF'
104.5747 	EXP 	other_box: fillColor = '#FAF33E'
104.5915 	EXP 	self_box: fillColor = '#A6A9FF'
104.5915 	EXP 	other_box: fillColor = '#FAF33E'
104.6081 	EXP 	self_box: fillColor = '#A6A9FF'
104.6081 	EXP 	other_box: fillColor = '#FAF33E'
104.6248 	EXP 	self_box: fillColor = '#A6A9FF'
104.6248 	EXP 	other_box: fillColor = '#FAF33E'
104.6415 	EXP 	self_box: fillColor = '#A6A9FF'
104.6415 	EXP 	other_box: fillColor = '#FAF33E'
104.6582 	EXP 	self_box: fillColor = '#A6A9FF'
104.6582 	EXP 	other_box: fillColor = '#FAF33E'
104.6747 	EXP 	self_box: fillColor = '#A6A9FF'
104.6747 	EXP 	other_box: fillColor = '#FAF33E'
104.6915 	EXP 	self_box: fillColor = '#A6A9FF'
104.6915 	EXP 	other_box: fillColor = '#FAF33E'
104.7083 	EXP 	self_box: fillColor = '#A6A9FF'
104.7083 	EXP 	other_box: fillColor = '#FAF33E'
104.7250 	EXP 	self_box: fillColor = '#A6A9FF'
104.7250 	EXP 	other_box: fillColor = '#FAF33E'
104.7417 	EXP 	self_box: fillColor = '#A6A9FF'
104.7417 	EXP 	other_box: fillColor = '#FAF33E'
104.7584 	EXP 	self_box: fillColor = '#A6A9FF'
104.7584 	EXP 	other_box: fillColor = '#FAF33E'
104.7750 	EXP 	self_box: fillColor = '#A6A9FF'
104.7750 	EXP 	other_box: fillColor = '#FAF33E'
104.7917 	EXP 	self_box: fillColor = '#A6A9FF'
104.7917 	EXP 	other_box: fillColor = '#FAF33E'
104.8084 	EXP 	self_box: fillColor = '#A6A9FF'
104.8084 	EXP 	other_box: fillColor = '#FAF33E'
104.8251 	EXP 	self_box: fillColor = '#A6A9FF'
104.8251 	EXP 	other_box: fillColor = '#FAF33E'
104.8417 	EXP 	self_box: fillColor = '#A6A9FF'
104.8417 	EXP 	other_box: fillColor = '#FAF33E'
104.8584 	EXP 	self_box: fillColor = '#A6A9FF'
104.8584 	EXP 	other_box: fillColor = '#FAF33E'
104.8592 	DATA 	Mouse: Left button down, pos=(930,169)
104.8752 	EXP 	self_box: fillColor = '#A6A9FF'
104.8752 	EXP 	other_box: fillColor = '#FAF33E'
104.8752 	EXP 	question: autoDraw = False
104.8752 	EXP 	self_box: autoDraw = False
104.8752 	EXP 	self_label: autoDraw = False
104.8752 	EXP 	other_box: autoDraw = False
104.8752 	EXP 	other_label: autoDraw = False
104.8752 	EXP 	text_3: autoDraw = True
104.9429 	DATA 	Mouse: Left button up, pos=(930,169)
109.9500 	EXP 	text_3: autoDraw = False
109.9500 	EXP 	results_text: text = '\n\runmodified: 100.00% self, 0.00% other\n\rslow_small: 0.00% self, 100.00% other\n\rslow_medium: 0.00% self, 100.00% other\n\rslow_large: 0.00% self, 100.00% other\n\rpitch_higher_small: 100.00% self, 0.00% other\n\rpitch_higher_large: 100.00% self, 0.00% other\n\rpitch_lower_small: 100.00% self, 0.00% other\n\rpitch_lower_large: 100.00% self, 0.00% other\n\r'
109.9500 	EXP 	results_text: autoDraw = True
121.4522 	DATA 	Keypress: escape
