25.9747 	WARNING 	Movie2 stim could not be imported and won't be available
27.0072 	EXP 	Created window1 = Window(allowGUI=False, allowStencil=False, autoLog=True, bitsMode=UNKNOWN, blendMode='avg', color=array([-1., -1., -1.]), colorSpace='rgb', fullscr=UNKNOWN, gamma=None, lms=UNKNOWN, monitor=<psychopy.monitors.calibTools.Monitor instance at 0xe9fb1e8>, name='window1', pos=[0, 0], screen=0, size=array([1440,  900]), stereo=False, units=u'norm', useFBO=True, viewOri=0.0, viewPos=None, viewScale=None, waitBlanking=True, winType='pyglet')
27.0072 	EXP 	window1: recordFrameIntervals = False
27.1729 	EXP 	window1: recordFrameIntervals = True
27.3570 	EXP 	window1: recordFrameIntervals = False
27.4533 	EXP 	Created text_4 = TextStim(alignHoriz='center', alignVert='center', antialias=True, autoLog=True, bold=False, color='white', colorSpace='named', contrast=1.0, depth=0.0, flipHoriz=False, flipVert=False, font='Arial', fontFiles=[], height=0.1, italic=False, name='text_4', opacity=1.0, ori=0, pos=array([ 0.,  0.]), rgb=array([ 255.,  255.,  255.]), text=u'Instructions will go here.', units=u'norm', win=Window(...), wrapWidth=1)
28.4895 	EXP 	Created text = TextStim(alignHoriz='center', alignVert='center', antialias=True, autoLog=True, bold=False, color='white', colorSpace='named', contrast=1.0, depth=-1.0, flipHoriz=False, flipVert=False, font='Arial', fontFiles=[], height=0.1, italic=False, name='text', opacity=1.0, ori=0, pos=array([ 0.,  0.]), rgb=array([ 255.,  255.,  255.]), text=u'default text', units=u'norm', win=Window(...), wrapWidth=1)
28.5023 	EXP 	Created question = TextStim(alignHoriz='center', alignVert='center', antialias=True, autoLog=True, bold=False, color='white', colorSpace='named', contrast=1.0, depth=0.0, flipHoriz=False, flipVert=False, font='Arial', fontFiles=[], height=0.1, italic=False, name='question', opacity=1.0, ori=0, pos=array([ 0. ,  0.5]), rgb=array([ 255.,  255.,  255.]), text=u'Whose voice did you hear?', units=u'norm', win=Window(...), wrapWidth=2)
28.5030 	EXP 	<method-wrapper '__getattribute__' of attributeSetter object at 0xe931dd0>: vertices = array([[-0.25,  0.25],
       [ 0.25,  0.25],
       [ 0.25, -0.25],
       [-0.25, -0.25]])
28.5054 	EXP 	Created self_box = Rect(autoDraw=False, autoLog=True, closeShape=True, contrast=1.0, depth=0, fillColor='#A6A9FF', fillColorSpace='hex', fillRGB=array([166, 169, 255]), interpolate=True, lineColor='#3E45FA', lineColorSpace='hex', lineRGB=array([ 62,  69, 250]), lineWidth=5, name='self_box', opacity=1.0, ori=array(0.0), pos=array([-0.5, -0.5]), size=array([ 1.,  1.]), units=u'norm', vertices=ndarray(...), win=Window(...))
28.5112 	EXP 	Created self_label = TextStim(alignHoriz='center', alignVert='center', antialias=True, autoLog=True, bold=False, color='black', colorSpace='named', contrast=1.0, depth=-2.0, flipHoriz=False, flipVert=False, font='Arial', fontFiles=[], height=0.1, italic=False, name='self_label', opacity=1.0, ori=0, pos=array([-0.5, -0.5]), rgb=array([ 0.,  0.,  0.]), text=u'Mine', units=u'norm', win=Window(...), wrapWidth=1)
28.5118 	EXP 	<method-wrapper '__getattribute__' of attributeSetter object at 0xe931dd0>: vertices = array([[-0.25,  0.25],
       [ 0.25,  0.25],
       [ 0.25, -0.25],
       [-0.25, -0.25]])
28.5141 	EXP 	Created other_box = Rect(autoDraw=False, autoLog=True, closeShape=True, contrast=1.0, depth=0, fillColor='#FFFCA6', fillColorSpace='hex', fillRGB=array([255, 252, 166]), interpolate=True, lineColor='#FAF33E', lineColorSpace='hex', lineRGB=array([250, 243,  62]), lineWidth=5, name='other_box', opacity=1.0, ori=array(0.0), pos=array([ 0.5, -0.5]), size=array([ 1.,  1.]), units=u'norm', vertices=ndarray(...), win=Window(...))
28.5206 	EXP 	Created other_label = TextStim(alignHoriz='center', alignVert='center', antialias=True, autoLog=True, bold=False, color='black', colorSpace='named', contrast=1.0, depth=-4.0, flipHoriz=False, flipVert=False, font='Arial', fontFiles=[], height=0.1, italic=False, name='other_label', opacity=1.0, ori=0, pos=array([ 0.5, -0.5]), rgb=array([ 0.,  0.,  0.]), text=u'Other', units=u'norm', win=Window(...), wrapWidth=1)
28.5330 	EXP 	Created text_3 = TextStim(alignHoriz='center', alignVert='center', antialias=True, autoLog=True, bold=False, color='white', colorSpace='named', contrast=1.0, depth=0.0, flipHoriz=False, flipVert=False, font='Arial', fontFiles=[], height=0.1, italic=False, name='text_3', opacity=1.0, ori=0, pos=array([ 0.,  0.]), rgb=array([ 255.,  255.,  255.]), text=u'Thank you for participating!', units=u'norm', win=Window(...), wrapWidth=1)
28.5392 	EXP 	Created results_text = TextStim(alignHoriz='center', alignVert='center', antialias=True, autoLog=True, bold=False, color=u'white', colorSpace='named', contrast=1.0, depth=0.0, flipHoriz=False, flipVert=False, font=u'Arial', fontFiles=[], height=0.1, italic=False, name='results_text', opacity=1.0, ori=0, pos=array([ 0.,  0.]), rgb=array([ 255.,  255.,  255.]), text=u'default text', units=u'norm', win=Window(...), wrapWidth=2)
28.5583 	EXP 	text_4: autoDraw = True
33.5356 	EXP 	Imported /Volumes/Macintosh HD/Users/poppe076/Desktop/source_monitoring_task/data/ok_source_monitoring_2015_Feb_05_1358_wordlist.csv as conditions, 9 conditions, 5 params
33.5364 	EXP 	Created sequence: sequential, trialTypes=9, nReps=1, seed=None
33.6400 	EXP 	New trial (rep=0, index=0): {'word': u'word1.1', 'amount': u'0.9', 'list': u'list1', 'trialtype': u'speed', 'trialtype_extended': u'slow_small'}
33.6498 	EXP 	text_4: autoDraw = False
33.6498 	EXP 	text_4: autoDraw = False
33.6498 	EXP 	text: text = u'word1.1'
34.6682 	EXP 	text: autoDraw = True
39.9265 	EXP 	text: autoDraw = False
39.9265 	EXP 	question: autoDraw = True
39.9265 	EXP 	self_box: autoDraw = True
39.9265 	EXP 	self_label: autoDraw = True
39.9265 	EXP 	other_box: autoDraw = True
39.9265 	EXP 	other_label: autoDraw = True
39.9265 	EXP 	self_box: fillColor = '#A6A9FF'
39.9265 	EXP 	other_box: fillColor = '#FFFCA6'
39.9430 	EXP 	self_box: fillColor = '#A6A9FF'
39.9430 	EXP 	other_box: fillColor = '#FFFCA6'
39.9598 	EXP 	self_box: fillColor = '#A6A9FF'
39.9598 	EXP 	other_box: fillColor = '#FFFCA6'
39.9765 	EXP 	self_box: fillColor = '#A6A9FF'
39.9765 	EXP 	other_box: fillColor = '#FFFCA6'
39.9933 	EXP 	self_box: fillColor = '#A6A9FF'
39.9933 	EXP 	other_box: fillColor = '#FFFCA6'
40.0100 	EXP 	self_box: fillColor = '#A6A9FF'
40.0100 	EXP 	other_box: fillColor = '#FFFCA6'
40.0266 	EXP 	self_box: fillColor = '#A6A9FF'
40.0266 	EXP 	other_box: fillColor = '#FFFCA6'
40.0433 	EXP 	self_box: fillColor = '#A6A9FF'
40.0433 	EXP 	other_box: fillColor = '#FFFCA6'
40.0599 	EXP 	self_box: fillColor = '#A6A9FF'
40.0599 	EXP 	other_box: fillColor = '#FFFCA6'
40.0767 	EXP 	self_box: fillColor = '#A6A9FF'
40.0767 	EXP 	other_box: fillColor = '#FFFCA6'
40.0932 	EXP 	self_box: fillColor = '#A6A9FF'
40.0932 	EXP 	other_box: fillColor = '#FFFCA6'
40.1101 	EXP 	self_box: fillColor = '#A6A9FF'
40.1101 	EXP 	other_box: fillColor = '#FFFCA6'
40.1266 	EXP 	self_box: fillColor = '#A6A9FF'
40.1266 	EXP 	other_box: fillColor = '#FFFCA6'
40.1434 	EXP 	self_box: fillColor = '#A6A9FF'
40.1434 	EXP 	other_box: fillColor = '#FFFCA6'
40.1602 	EXP 	self_box: fillColor = '#A6A9FF'
40.1602 	EXP 	other_box: fillColor = '#FFFCA6'
40.1769 	EXP 	self_box: fillColor = '#A6A9FF'
40.1769 	EXP 	other_box: fillColor = '#FFFCA6'
40.1936 	EXP 	self_box: fillColor = '#A6A9FF'
40.1936 	EXP 	other_box: fillColor = '#FFFCA6'
40.2102 	EXP 	self_box: fillColor = '#A6A9FF'
40.2102 	EXP 	other_box: fillColor = '#FFFCA6'
40.2269 	EXP 	self_box: fillColor = '#A6A9FF'
40.2269 	EXP 	other_box: fillColor = '#FFFCA6'
40.2436 	EXP 	self_box: fillColor = '#A6A9FF'
40.2436 	EXP 	other_box: fillColor = '#FFFCA6'
40.2603 	EXP 	self_box: fillColor = '#A6A9FF'
40.2603 	EXP 	other_box: fillColor = '#FFFCA6'
40.2771 	EXP 	self_box: fillColor = '#A6A9FF'
40.2771 	EXP 	other_box: fillColor = '#FFFCA6'
40.2937 	EXP 	self_box: fillColor = '#A6A9FF'
40.2937 	EXP 	other_box: fillColor = '#FFFCA6'
40.3105 	EXP 	self_box: fillColor = '#A6A9FF'
40.3105 	EXP 	other_box: fillColor = '#FFFCA6'
40.3271 	EXP 	self_box: fillColor = '#A6A9FF'
40.3271 	EXP 	other_box: fillColor = '#FFFCA6'
40.3438 	EXP 	self_box: fillColor = '#A6A9FF'
40.3438 	EXP 	other_box: fillColor = '#FFFCA6'
40.3604 	EXP 	self_box: fillColor = '#A6A9FF'
40.3604 	EXP 	other_box: fillColor = '#FFFCA6'
40.3771 	EXP 	self_box: fillColor = '#A6A9FF'
40.3771 	EXP 	other_box: fillColor = '#FFFCA6'
40.3939 	EXP 	self_box: fillColor = '#A6A9FF'
40.3939 	EXP 	other_box: fillColor = '#FFFCA6'
40.4105 	EXP 	self_box: fillColor = '#A6A9FF'
40.4105 	EXP 	other_box: fillColor = '#FFFCA6'
40.4272 	EXP 	self_box: fillColor = '#A6A9FF'
40.4272 	EXP 	other_box: fillColor = '#FFFCA6'
40.4439 	EXP 	self_box: fillColor = '#A6A9FF'
40.4439 	EXP 	other_box: fillColor = '#FFFCA6'
40.4606 	EXP 	self_box: fillColor = '#A6A9FF'
40.4606 	EXP 	other_box: fillColor = '#FFFCA6'
40.4773 	EXP 	self_box: fillColor = '#A6A9FF'
40.4773 	EXP 	other_box: fillColor = '#FFFCA6'
40.4940 	EXP 	self_box: fillColor = '#A6A9FF'
40.4940 	EXP 	other_box: fillColor = '#FFFCA6'
40.5106 	EXP 	self_box: fillColor = '#A6A9FF'
40.5106 	EXP 	other_box: fillColor = '#FFFCA6'
40.5273 	EXP 	self_box: fillColor = '#A6A9FF'
40.5273 	EXP 	other_box: fillColor = '#FFFCA6'
40.5440 	EXP 	self_box: fillColor = '#A6A9FF'
40.5440 	EXP 	other_box: fillColor = '#FFFCA6'
40.5607 	EXP 	self_box: fillColor = '#A6A9FF'
40.5607 	EXP 	other_box: fillColor = '#FFFCA6'
40.5774 	EXP 	self_box: fillColor = '#A6A9FF'
40.5774 	EXP 	other_box: fillColor = '#FFFCA6'
40.5941 	EXP 	self_box: fillColor = '#A6A9FF'
40.5941 	EXP 	other_box: fillColor = '#FFFCA6'
40.6108 	EXP 	self_box: fillColor = '#A6A9FF'
40.6108 	EXP 	other_box: fillColor = '#FFFCA6'
40.6275 	EXP 	self_box: fillColor = '#A6A9FF'
40.6275 	EXP 	other_box: fillColor = '#FFFCA6'
40.6442 	EXP 	self_box: fillColor = '#A6A9FF'
40.6442 	EXP 	other_box: fillColor = '#FFFCA6'
40.6609 	EXP 	self_box: fillColor = '#A6A9FF'
40.6609 	EXP 	other_box: fillColor = '#FFFCA6'
40.6775 	EXP 	self_box: fillColor = '#A6A9FF'
40.6775 	EXP 	other_box: fillColor = '#FFFCA6'
40.6942 	EXP 	self_box: fillColor = '#A6A9FF'
40.6942 	EXP 	other_box: fillColor = '#FFFCA6'
40.7108 	EXP 	self_box: fillColor = '#A6A9FF'
40.7108 	EXP 	other_box: fillColor = '#FFFCA6'
40.7275 	EXP 	self_box: fillColor = '#A6A9FF'
40.7275 	EXP 	other_box: fillColor = '#FFFCA6'
40.7442 	EXP 	self_box: fillColor = '#A6A9FF'
40.7442 	EXP 	other_box: fillColor = '#FFFCA6'
40.7610 	EXP 	self_box: fillColor = '#A6A9FF'
40.7610 	EXP 	other_box: fillColor = '#FFFCA6'
40.7777 	EXP 	self_box: fillColor = '#A6A9FF'
40.7777 	EXP 	other_box: fillColor = '#FFFCA6'
40.7943 	EXP 	self_box: fillColor = '#A6A9FF'
40.7943 	EXP 	other_box: fillColor = '#FFFCA6'
40.8110 	EXP 	self_box: fillColor = '#A6A9FF'
40.8110 	EXP 	other_box: fillColor = '#FFFCA6'
40.8277 	EXP 	self_box: fillColor = '#A6A9FF'
40.8277 	EXP 	other_box: fillColor = '#FFFCA6'
40.8444 	EXP 	self_box: fillColor = '#A6A9FF'
40.8444 	EXP 	other_box: fillColor = '#FFFCA6'
40.8613 	EXP 	self_box: fillColor = '#A6A9FF'
40.8613 	EXP 	other_box: fillColor = '#FFFCA6'
40.8779 	EXP 	self_box: fillColor = '#A6A9FF'
40.8779 	EXP 	other_box: fillColor = '#FFFCA6'
40.8946 	EXP 	self_box: fillColor = '#A6A9FF'
40.8946 	EXP 	other_box: fillColor = '#FFFCA6'
40.9112 	EXP 	self_box: fillColor = '#A6A9FF'
40.9112 	EXP 	other_box: fillColor = '#FFFCA6'
40.9279 	EXP 	self_box: fillColor = '#A6A9FF'
40.9279 	EXP 	other_box: fillColor = '#FFFCA6'
40.9446 	EXP 	self_box: fillColor = '#A6A9FF'
40.9446 	EXP 	other_box: fillColor = '#FFFCA6'
40.9613 	EXP 	self_box: fillColor = '#A6A9FF'
40.9613 	EXP 	other_box: fillColor = '#FFFCA6'
40.9780 	EXP 	self_box: fillColor = '#A6A9FF'
40.9780 	EXP 	other_box: fillColor = '#FFFCA6'
40.9947 	EXP 	self_box: fillColor = '#A6A9FF'
40.9947 	EXP 	other_box: fillColor = '#FFFCA6'
41.0114 	EXP 	self_box: fillColor = '#A6A9FF'
41.0114 	EXP 	other_box: fillColor = '#FFFCA6'
41.0281 	EXP 	self_box: fillColor = '#A6A9FF'
41.0281 	EXP 	other_box: fillColor = '#FFFCA6'
41.0447 	EXP 	self_box: fillColor = '#A6A9FF'
41.0447 	EXP 	other_box: fillColor = '#FFFCA6'
41.0614 	EXP 	self_box: fillColor = '#A6A9FF'
41.0614 	EXP 	other_box: fillColor = '#FFFCA6'
41.0781 	EXP 	self_box: fillColor = '#A6A9FF'
41.0781 	EXP 	other_box: fillColor = '#FFFCA6'
41.0949 	EXP 	self_box: fillColor = '#A6A9FF'
41.0949 	EXP 	other_box: fillColor = '#FFFCA6'
41.1115 	EXP 	self_box: fillColor = '#A6A9FF'
41.1115 	EXP 	other_box: fillColor = '#FFFCA6'
41.1282 	EXP 	self_box: fillColor = '#A6A9FF'
41.1282 	EXP 	other_box: fillColor = '#FFFCA6'
41.1449 	EXP 	self_box: fillColor = '#A6A9FF'
41.1449 	EXP 	other_box: fillColor = '#FFFCA6'
41.1616 	EXP 	self_box: fillColor = '#A6A9FF'
41.1616 	EXP 	other_box: fillColor = '#FFFCA6'
41.1783 	EXP 	self_box: fillColor = '#A6A9FF'
41.1783 	EXP 	other_box: fillColor = '#FFFCA6'
41.1950 	EXP 	self_box: fillColor = '#A6A9FF'
41.1950 	EXP 	other_box: fillColor = '#FFFCA6'
41.2117 	EXP 	self_box: fillColor = '#A6A9FF'
41.2117 	EXP 	other_box: fillColor = '#FFFCA6'
41.2284 	EXP 	self_box: fillColor = '#A6A9FF'
41.2284 	EXP 	other_box: fillColor = '#FFFCA6'
41.2451 	EXP 	self_box: fillColor = '#A6A9FF'
41.2451 	EXP 	other_box: fillColor = '#FFFCA6'
41.2618 	EXP 	self_box: fillColor = '#A6A9FF'
41.2618 	EXP 	other_box: fillColor = '#FFFCA6'
41.2785 	EXP 	self_box: fillColor = '#A6A9FF'
41.2785 	EXP 	other_box: fillColor = '#FFFCA6'
41.2951 	EXP 	self_box: fillColor = '#A6A9FF'
41.2951 	EXP 	other_box: fillColor = '#FFFCA6'
41.3119 	EXP 	self_box: fillColor = '#A6A9FF'
41.3119 	EXP 	other_box: fillColor = '#FFFCA6'
41.3286 	EXP 	self_box: fillColor = '#A6A9FF'
41.3286 	EXP 	other_box: fillColor = '#FFFCA6'
41.3452 	EXP 	self_box: fillColor = '#A6A9FF'
41.3452 	EXP 	other_box: fillColor = '#FFFCA6'
41.3619 	EXP 	self_box: fillColor = '#A6A9FF'
41.3619 	EXP 	other_box: fillColor = '#FFFCA6'
41.3786 	EXP 	self_box: fillColor = '#A6A9FF'
41.3786 	EXP 	other_box: fillColor = '#FFFCA6'
41.3953 	EXP 	self_box: fillColor = '#A6A9FF'
41.3953 	EXP 	other_box: fillColor = '#FFFCA6'
41.4120 	EXP 	self_box: fillColor = '#A6A9FF'
41.4120 	EXP 	other_box: fillColor = '#FFFCA6'
41.4287 	EXP 	self_box: fillColor = '#A6A9FF'
41.4287 	EXP 	other_box: fillColor = '#FFFCA6'
41.4456 	EXP 	self_box: fillColor = '#A6A9FF'
41.4456 	EXP 	other_box: fillColor = '#FFFCA6'
41.4622 	EXP 	self_box: fillColor = '#A6A9FF'
41.4622 	EXP 	other_box: fillColor = '#FFFCA6'
41.4790 	EXP 	self_box: fillColor = '#A6A9FF'
41.4790 	EXP 	other_box: fillColor = '#FFFCA6'
41.4957 	EXP 	self_box: fillColor = '#A6A9FF'
41.4957 	EXP 	other_box: fillColor = '#FFFCA6'
41.5124 	EXP 	self_box: fillColor = '#A6A9FF'
41.5124 	EXP 	other_box: fillColor = '#FFFCA6'
41.5289 	EXP 	self_box: fillColor = '#A6A9FF'
41.5289 	EXP 	other_box: fillColor = '#FFFCA6'
41.5456 	EXP 	self_box: fillColor = '#A6A9FF'
41.5456 	EXP 	other_box: fillColor = '#FFFCA6'
41.5624 	EXP 	self_box: fillColor = '#A6A9FF'
41.5624 	EXP 	other_box: fillColor = '#FFFCA6'
41.5791 	EXP 	self_box: fillColor = '#A6A9FF'
41.5791 	EXP 	other_box: fillColor = '#FFFCA6'
41.5957 	EXP 	self_box: fillColor = '#A6A9FF'
41.5957 	EXP 	other_box: fillColor = '#FFFCA6'
41.6125 	EXP 	self_box: fillColor = '#A6A9FF'
41.6125 	EXP 	other_box: fillColor = '#FFFCA6'
41.6292 	EXP 	self_box: fillColor = '#A6A9FF'
41.6292 	EXP 	other_box: fillColor = '#FFFCA6'
41.6459 	EXP 	self_box: fillColor = '#A6A9FF'
41.6459 	EXP 	other_box: fillColor = '#FFFCA6'
41.6626 	EXP 	self_box: fillColor = '#A6A9FF'
41.6626 	EXP 	other_box: fillColor = '#FFFCA6'
41.6792 	EXP 	self_box: fillColor = '#A6A9FF'
41.6792 	EXP 	other_box: fillColor = '#FFFCA6'
41.6958 	EXP 	self_box: fillColor = '#A6A9FF'
41.6958 	EXP 	other_box: fillColor = '#FFFCA6'
41.7125 	EXP 	self_box: fillColor = '#A6A9FF'
41.7125 	EXP 	other_box: fillColor = '#FFFCA6'
41.7292 	EXP 	self_box: fillColor = '#A6A9FF'
41.7292 	EXP 	other_box: fillColor = '#FFFCA6'
41.7460 	EXP 	self_box: fillColor = '#A6A9FF'
41.7460 	EXP 	other_box: fillColor = '#FFFCA6'
41.7627 	EXP 	self_box: fillColor = '#A6A9FF'
41.7627 	EXP 	other_box: fillColor = '#FFFCA6'
41.7793 	EXP 	self_box: fillColor = '#3E45FA'
41.7793 	EXP 	other_box: fillColor = '#FFFCA6'
41.7960 	EXP 	self_box: fillColor = '#3E45FA'
41.7960 	EXP 	other_box: fillColor = '#FFFCA6'
41.8129 	EXP 	self_box: fillColor = '#3E45FA'
41.8129 	EXP 	other_box: fillColor = '#FFFCA6'
41.8294 	EXP 	self_box: fillColor = '#3E45FA'
41.8294 	EXP 	other_box: fillColor = '#FFFCA6'
41.8461 	EXP 	self_box: fillColor = '#A6A9FF'
41.8461 	EXP 	other_box: fillColor = '#FFFCA6'
41.8629 	EXP 	self_box: fillColor = '#A6A9FF'
41.8629 	EXP 	other_box: fillColor = '#FFFCA6'
41.8796 	EXP 	self_box: fillColor = '#A6A9FF'
41.8796 	EXP 	other_box: fillColor = '#FFFCA6'
41.8962 	EXP 	self_box: fillColor = '#A6A9FF'
41.8962 	EXP 	other_box: fillColor = '#FFFCA6'
41.9129 	EXP 	self_box: fillColor = '#A6A9FF'
41.9129 	EXP 	other_box: fillColor = '#FFFCA6'
41.9296 	EXP 	self_box: fillColor = '#A6A9FF'
41.9296 	EXP 	other_box: fillColor = '#FFFCA6'
41.9463 	EXP 	self_box: fillColor = '#A6A9FF'
41.9463 	EXP 	other_box: fillColor = '#FFFCA6'
41.9630 	EXP 	self_box: fillColor = '#A6A9FF'
41.9630 	EXP 	other_box: fillColor = '#FFFCA6'
41.9797 	EXP 	self_box: fillColor = '#A6A9FF'
41.9797 	EXP 	other_box: fillColor = '#FFFCA6'
41.9964 	EXP 	self_box: fillColor = '#A6A9FF'
41.9964 	EXP 	other_box: fillColor = '#FFFCA6'
42.0132 	EXP 	self_box: fillColor = '#A6A9FF'
42.0132 	EXP 	other_box: fillColor = '#FFFCA6'
42.0297 	EXP 	self_box: fillColor = '#A6A9FF'
42.0297 	EXP 	other_box: fillColor = '#FFFCA6'
42.0446 	DATA 	Mouse: Left button down, pos=(156,280)
42.0632 	EXP 	self_box: fillColor = '#A6A9FF'
42.0632 	EXP 	other_box: fillColor = '#FFFCA6'
42.0799 	EXP 	self_box: fillColor = '#A6A9FF'
42.0799 	EXP 	other_box: fillColor = '#FFFCA6'
42.0965 	EXP 	self_box: fillColor = '#A6A9FF'
42.0965 	EXP 	other_box: fillColor = '#FFFCA6'
42.0972 	DATA 	Mouse: Left button up, pos=(156,280)
42.1132 	EXP 	self_box: fillColor = '#A6A9FF'
42.1132 	EXP 	other_box: fillColor = '#FFFCA6'
42.1298 	EXP 	self_box: fillColor = '#A6A9FF'
42.1298 	EXP 	other_box: fillColor = '#FFFCA6'
42.1466 	EXP 	self_box: fillColor = '#A6A9FF'
42.1466 	EXP 	other_box: fillColor = '#FFFCA6'
42.1634 	EXP 	self_box: fillColor = '#A6A9FF'
42.1634 	EXP 	other_box: fillColor = '#FFFCA6'
42.1800 	EXP 	self_box: fillColor = '#A6A9FF'
42.1800 	EXP 	other_box: fillColor = '#FFFCA6'
42.1966 	EXP 	self_box: fillColor = '#A6A9FF'
42.1966 	EXP 	other_box: fillColor = '#FFFCA6'
42.2133 	EXP 	self_box: fillColor = '#A6A9FF'
42.2133 	EXP 	other_box: fillColor = '#FFFCA6'
42.2300 	EXP 	self_box: fillColor = '#A6A9FF'
42.2300 	EXP 	other_box: fillColor = '#FFFCA6'
42.2467 	EXP 	self_box: fillColor = '#A6A9FF'
42.2467 	EXP 	other_box: fillColor = '#FFFCA6'
42.2634 	EXP 	self_box: fillColor = '#3E45FA'
42.2634 	EXP 	other_box: fillColor = '#FFFCA6'
42.2801 	EXP 	self_box: fillColor = '#3E45FA'
42.2801 	EXP 	other_box: fillColor = '#FFFCA6'
42.2968 	EXP 	self_box: fillColor = '#3E45FA'
42.2968 	EXP 	other_box: fillColor = '#FFFCA6'
42.3135 	EXP 	self_box: fillColor = '#3E45FA'
42.3135 	EXP 	other_box: fillColor = '#FFFCA6'
42.3301 	EXP 	self_box: fillColor = '#3E45FA'
42.3301 	EXP 	other_box: fillColor = '#FFFCA6'
42.3469 	EXP 	self_box: fillColor = '#3E45FA'
42.3469 	EXP 	other_box: fillColor = '#FFFCA6'
42.3473 	DATA 	Mouse: Left button down, pos=(234,281)
42.3487 	EXP 	New trial (rep=0, index=1): {'word': u'word1.1', 'amount': u'1.5', 'list': u'list1', 'trialtype': u'pitch', 'trialtype_extended': u'pitch_higher_small'}
42.3636 	EXP 	self_box: fillColor = '#3E45FA'
42.3636 	EXP 	other_box: fillColor = '#FFFCA6'
42.3636 	EXP 	question: autoDraw = False
42.3636 	EXP 	self_box: autoDraw = False
42.3636 	EXP 	self_label: autoDraw = False
42.3636 	EXP 	other_box: autoDraw = False
42.3636 	EXP 	other_label: autoDraw = False
42.3636 	EXP 	text: text = u'word1.1'
42.4142 	DATA 	Mouse: Left button up, pos=(234,281)
43.3818 	EXP 	text: autoDraw = True
46.1195 	EXP 	text: autoDraw = False
46.1195 	EXP 	question: autoDraw = True
46.1195 	EXP 	self_box: autoDraw = True
46.1195 	EXP 	self_label: autoDraw = True
46.1195 	EXP 	other_box: autoDraw = True
46.1195 	EXP 	other_label: autoDraw = True
46.1195 	EXP 	self_box: fillColor = '#A6A9FF'
46.1195 	EXP 	other_box: fillColor = '#FFFCA6'
46.1362 	EXP 	self_box: fillColor = '#A6A9FF'
46.1362 	EXP 	other_box: fillColor = '#FFFCA6'
46.1529 	EXP 	self_box: fillColor = '#A6A9FF'
46.1529 	EXP 	other_box: fillColor = '#FFFCA6'
46.1696 	EXP 	self_box: fillColor = '#A6A9FF'
46.1696 	EXP 	other_box: fillColor = '#FFFCA6'
46.1866 	EXP 	self_box: fillColor = '#A6A9FF'
46.1866 	EXP 	other_box: fillColor = '#FFFCA6'
46.2030 	EXP 	self_box: fillColor = '#A6A9FF'
46.2030 	EXP 	other_box: fillColor = '#FFFCA6'
46.2197 	EXP 	self_box: fillColor = '#A6A9FF'
46.2197 	EXP 	other_box: fillColor = '#FFFCA6'
46.2364 	EXP 	self_box: fillColor = '#A6A9FF'
46.2364 	EXP 	other_box: fillColor = '#FFFCA6'
46.2531 	EXP 	self_box: fillColor = '#A6A9FF'
46.2531 	EXP 	other_box: fillColor = '#FFFCA6'
46.2697 	EXP 	self_box: fillColor = '#A6A9FF'
46.2697 	EXP 	other_box: fillColor = '#FFFCA6'
46.2864 	EXP 	self_box: fillColor = '#A6A9FF'
46.2864 	EXP 	other_box: fillColor = '#FFFCA6'
46.3031 	EXP 	self_box: fillColor = '#A6A9FF'
46.3031 	EXP 	other_box: fillColor = '#FFFCA6'
46.3198 	EXP 	self_box: fillColor = '#A6A9FF'
46.3198 	EXP 	other_box: fillColor = '#FFFCA6'
46.3365 	EXP 	self_box: fillColor = '#A6A9FF'
46.3365 	EXP 	other_box: fillColor = '#FFFCA6'
46.3532 	EXP 	self_box: fillColor = '#A6A9FF'
46.3532 	EXP 	other_box: fillColor = '#FFFCA6'
46.3699 	EXP 	self_box: fillColor = '#A6A9FF'
46.3699 	EXP 	other_box: fillColor = '#FFFCA6'
46.3866 	EXP 	self_box: fillColor = '#A6A9FF'
46.3866 	EXP 	other_box: fillColor = '#FFFCA6'
46.4033 	EXP 	self_box: fillColor = '#A6A9FF'
46.4033 	EXP 	other_box: fillColor = '#FFFCA6'
46.4200 	EXP 	self_box: fillColor = '#A6A9FF'
46.4200 	EXP 	other_box: fillColor = '#FFFCA6'
46.4367 	EXP 	self_box: fillColor = '#A6A9FF'
46.4367 	EXP 	other_box: fillColor = '#FFFCA6'
46.4534 	EXP 	self_box: fillColor = '#A6A9FF'
46.4534 	EXP 	other_box: fillColor = '#FFFCA6'
46.4701 	EXP 	self_box: fillColor = '#A6A9FF'
46.4701 	EXP 	other_box: fillColor = '#FFFCA6'
46.4868 	EXP 	self_box: fillColor = '#A6A9FF'
46.4868 	EXP 	other_box: fillColor = '#FFFCA6'
46.5035 	EXP 	self_box: fillColor = '#A6A9FF'
46.5035 	EXP 	other_box: fillColor = '#FFFCA6'
46.5202 	EXP 	self_box: fillColor = '#A6A9FF'
46.5202 	EXP 	other_box: fillColor = '#FFFCA6'
46.5369 	EXP 	self_box: fillColor = '#A6A9FF'
46.5369 	EXP 	other_box: fillColor = '#FFFCA6'
46.5536 	EXP 	self_box: fillColor = '#A6A9FF'
46.5536 	EXP 	other_box: fillColor = '#FFFCA6'
46.5702 	EXP 	self_box: fillColor = '#A6A9FF'
46.5702 	EXP 	other_box: fillColor = '#FFFCA6'
46.5869 	EXP 	self_box: fillColor = '#A6A9FF'
46.5869 	EXP 	other_box: fillColor = '#FFFCA6'
46.6037 	EXP 	self_box: fillColor = '#A6A9FF'
46.6037 	EXP 	other_box: fillColor = '#FFFCA6'
46.6203 	EXP 	self_box: fillColor = '#A6A9FF'
46.6203 	EXP 	other_box: fillColor = '#FFFCA6'
46.6370 	EXP 	self_box: fillColor = '#A6A9FF'
46.6370 	EXP 	other_box: fillColor = '#FFFCA6'
46.6537 	EXP 	self_box: fillColor = '#A6A9FF'
46.6537 	EXP 	other_box: fillColor = '#FFFCA6'
46.6704 	EXP 	self_box: fillColor = '#3E45FA'
46.6704 	EXP 	other_box: fillColor = '#FFFCA6'
46.6870 	EXP 	self_box: fillColor = '#3E45FA'
46.6870 	EXP 	other_box: fillColor = '#FFFCA6'
46.7037 	EXP 	self_box: fillColor = '#3E45FA'
46.7037 	EXP 	other_box: fillColor = '#FFFCA6'
46.7204 	EXP 	self_box: fillColor = '#3E45FA'
46.7204 	EXP 	other_box: fillColor = '#FFFCA6'
46.7371 	EXP 	self_box: fillColor = '#3E45FA'
46.7371 	EXP 	other_box: fillColor = '#FFFCA6'
46.7538 	EXP 	self_box: fillColor = '#3E45FA'
46.7538 	EXP 	other_box: fillColor = '#FFFCA6'
46.7705 	EXP 	self_box: fillColor = '#3E45FA'
46.7705 	EXP 	other_box: fillColor = '#FFFCA6'
46.7872 	EXP 	self_box: fillColor = '#3E45FA'
46.7872 	EXP 	other_box: fillColor = '#FFFCA6'
46.7877 	DATA 	Mouse: Left button down, pos=(407,274)
46.7897 	EXP 	New trial (rep=0, index=2): {'word': u'word1.1', 'amount': u'2', 'list': u'list1', 'trialtype': u'pitch', 'trialtype_extended': u'pitch_higher_large'}
46.8039 	EXP 	self_box: fillColor = '#3E45FA'
46.8039 	EXP 	other_box: fillColor = '#FFFCA6'
46.8039 	EXP 	question: autoDraw = False
46.8039 	EXP 	self_box: autoDraw = False
46.8039 	EXP 	self_label: autoDraw = False
46.8039 	EXP 	other_box: autoDraw = False
46.8039 	EXP 	other_label: autoDraw = False
46.8039 	EXP 	text: text = u'word1.1'
46.8377 	DATA 	Mouse: Left button up, pos=(407,274)
47.8222 	EXP 	text: autoDraw = True
49.8755 	EXP 	text: autoDraw = False
49.8755 	EXP 	question: autoDraw = True
49.8755 	EXP 	self_box: autoDraw = True
49.8755 	EXP 	self_label: autoDraw = True
49.8755 	EXP 	other_box: autoDraw = True
49.8755 	EXP 	other_label: autoDraw = True
49.8755 	EXP 	self_box: fillColor = '#A6A9FF'
49.8755 	EXP 	other_box: fillColor = '#FFFCA6'
49.8922 	EXP 	self_box: fillColor = '#A6A9FF'
49.8922 	EXP 	other_box: fillColor = '#FFFCA6'
49.9088 	EXP 	self_box: fillColor = '#A6A9FF'
49.9088 	EXP 	other_box: fillColor = '#FFFCA6'
49.9256 	EXP 	self_box: fillColor = '#A6A9FF'
49.9256 	EXP 	other_box: fillColor = '#FFFCA6'
49.9422 	EXP 	self_box: fillColor = '#A6A9FF'
49.9422 	EXP 	other_box: fillColor = '#FFFCA6'
49.9589 	EXP 	self_box: fillColor = '#A6A9FF'
49.9589 	EXP 	other_box: fillColor = '#FFFCA6'
49.9756 	EXP 	self_box: fillColor = '#A6A9FF'
49.9756 	EXP 	other_box: fillColor = '#FFFCA6'
49.9923 	EXP 	self_box: fillColor = '#A6A9FF'
49.9923 	EXP 	other_box: fillColor = '#FFFCA6'
50.0090 	EXP 	self_box: fillColor = '#A6A9FF'
50.0090 	EXP 	other_box: fillColor = '#FFFCA6'
50.0257 	EXP 	self_box: fillColor = '#A6A9FF'
50.0257 	EXP 	other_box: fillColor = '#FFFCA6'
50.0424 	EXP 	self_box: fillColor = '#A6A9FF'
50.0424 	EXP 	other_box: fillColor = '#FFFCA6'
50.0591 	EXP 	self_box: fillColor = '#A6A9FF'
50.0591 	EXP 	other_box: fillColor = '#FFFCA6'
50.0758 	EXP 	self_box: fillColor = '#A6A9FF'
50.0758 	EXP 	other_box: fillColor = '#FFFCA6'
50.0925 	EXP 	self_box: fillColor = '#A6A9FF'
50.0925 	EXP 	other_box: fillColor = '#FFFCA6'
50.1092 	EXP 	self_box: fillColor = '#A6A9FF'
50.1092 	EXP 	other_box: fillColor = '#FFFCA6'
50.1259 	EXP 	self_box: fillColor = '#A6A9FF'
50.1259 	EXP 	other_box: fillColor = '#FFFCA6'
50.1425 	EXP 	self_box: fillColor = '#A6A9FF'
50.1425 	EXP 	other_box: fillColor = '#FFFCA6'
50.1593 	EXP 	self_box: fillColor = '#A6A9FF'
50.1593 	EXP 	other_box: fillColor = '#FFFCA6'
50.1760 	EXP 	self_box: fillColor = '#A6A9FF'
50.1760 	EXP 	other_box: fillColor = '#FFFCA6'
50.1927 	EXP 	self_box: fillColor = '#A6A9FF'
50.1927 	EXP 	other_box: fillColor = '#FFFCA6'
50.2094 	EXP 	self_box: fillColor = '#A6A9FF'
50.2094 	EXP 	other_box: fillColor = '#FFFCA6'
50.2260 	EXP 	self_box: fillColor = '#A6A9FF'
50.2260 	EXP 	other_box: fillColor = '#FFFCA6'
50.2427 	EXP 	self_box: fillColor = '#3E45FA'
50.2427 	EXP 	other_box: fillColor = '#FFFCA6'
50.2594 	EXP 	self_box: fillColor = '#3E45FA'
50.2594 	EXP 	other_box: fillColor = '#FFFCA6'
50.2761 	EXP 	self_box: fillColor = '#3E45FA'
50.2761 	EXP 	other_box: fillColor = '#FFFCA6'
50.2928 	EXP 	self_box: fillColor = '#3E45FA'
50.2928 	EXP 	other_box: fillColor = '#FFFCA6'
50.3096 	EXP 	self_box: fillColor = '#3E45FA'
50.3096 	EXP 	other_box: fillColor = '#FFFCA6'
50.3262 	EXP 	self_box: fillColor = '#3E45FA'
50.3262 	EXP 	other_box: fillColor = '#FFFCA6'
50.3267 	DATA 	Mouse: Left button down, pos=(496,323)
50.3286 	EXP 	New trial (rep=0, index=3): {'word': u'word8.1', 'amount': u'-1.5', 'list': u'list8', 'trialtype': u'pitch', 'trialtype_extended': u'pitch_lower_large'}
50.3428 	EXP 	self_box: fillColor = '#3E45FA'
50.3428 	EXP 	other_box: fillColor = '#FFFCA6'
50.3428 	EXP 	question: autoDraw = False
50.3428 	EXP 	self_box: autoDraw = False
50.3428 	EXP 	self_label: autoDraw = False
50.3428 	EXP 	other_box: autoDraw = False
50.3428 	EXP 	other_label: autoDraw = False
50.3428 	EXP 	text: text = u'word8.1'
50.3933 	DATA 	Mouse: Left button up, pos=(496,323)
51.3612 	EXP 	text: autoDraw = True
54.4162 	EXP 	text: autoDraw = False
54.4162 	EXP 	question: autoDraw = True
54.4162 	EXP 	self_box: autoDraw = True
54.4162 	EXP 	self_label: autoDraw = True
54.4162 	EXP 	other_box: autoDraw = True
54.4162 	EXP 	other_label: autoDraw = True
54.4162 	EXP 	self_box: fillColor = '#A6A9FF'
54.4162 	EXP 	other_box: fillColor = '#FFFCA6'
54.4329 	EXP 	self_box: fillColor = '#A6A9FF'
54.4329 	EXP 	other_box: fillColor = '#FFFCA6'
54.4496 	EXP 	self_box: fillColor = '#A6A9FF'
54.4496 	EXP 	other_box: fillColor = '#FFFCA6'
54.4663 	EXP 	self_box: fillColor = '#A6A9FF'
54.4663 	EXP 	other_box: fillColor = '#FFFCA6'
54.4830 	EXP 	self_box: fillColor = '#A6A9FF'
54.4830 	EXP 	other_box: fillColor = '#FFFCA6'
54.4997 	EXP 	self_box: fillColor = '#A6A9FF'
54.4997 	EXP 	other_box: fillColor = '#FFFCA6'
54.5164 	EXP 	self_box: fillColor = '#A6A9FF'
54.5164 	EXP 	other_box: fillColor = '#FFFCA6'
54.5331 	EXP 	self_box: fillColor = '#A6A9FF'
54.5331 	EXP 	other_box: fillColor = '#FFFCA6'
54.5498 	EXP 	self_box: fillColor = '#A6A9FF'
54.5498 	EXP 	other_box: fillColor = '#FFFCA6'
54.5665 	EXP 	self_box: fillColor = '#A6A9FF'
54.5665 	EXP 	other_box: fillColor = '#FFFCA6'
54.5831 	EXP 	self_box: fillColor = '#A6A9FF'
54.5831 	EXP 	other_box: fillColor = '#FFFCA6'
54.5998 	EXP 	self_box: fillColor = '#A6A9FF'
54.5998 	EXP 	other_box: fillColor = '#FFFCA6'
54.6164 	EXP 	self_box: fillColor = '#A6A9FF'
54.6164 	EXP 	other_box: fillColor = '#FFFCA6'
54.6331 	EXP 	self_box: fillColor = '#A6A9FF'
54.6331 	EXP 	other_box: fillColor = '#FFFCA6'
54.6498 	EXP 	self_box: fillColor = '#A6A9FF'
54.6498 	EXP 	other_box: fillColor = '#FFFCA6'
54.6665 	EXP 	self_box: fillColor = '#A6A9FF'
54.6665 	EXP 	other_box: fillColor = '#FFFCA6'
54.6833 	EXP 	self_box: fillColor = '#A6A9FF'
54.6833 	EXP 	other_box: fillColor = '#FFFCA6'
54.7000 	EXP 	self_box: fillColor = '#A6A9FF'
54.7000 	EXP 	other_box: fillColor = '#FFFCA6'
54.7166 	EXP 	self_box: fillColor = '#A6A9FF'
54.7166 	EXP 	other_box: fillColor = '#FFFCA6'
54.7333 	EXP 	self_box: fillColor = '#A6A9FF'
54.7333 	EXP 	other_box: fillColor = '#FFFCA6'
54.7500 	EXP 	self_box: fillColor = '#A6A9FF'
54.7500 	EXP 	other_box: fillColor = '#FFFCA6'
54.7666 	EXP 	self_box: fillColor = '#A6A9FF'
54.7666 	EXP 	other_box: fillColor = '#FFFCA6'
54.7834 	EXP 	self_box: fillColor = '#A6A9FF'
54.7834 	EXP 	other_box: fillColor = '#FFFCA6'
54.8001 	EXP 	self_box: fillColor = '#A6A9FF'
54.8001 	EXP 	other_box: fillColor = '#FFFCA6'
54.8168 	EXP 	self_box: fillColor = '#A6A9FF'
54.8168 	EXP 	other_box: fillColor = '#FAF33E'
54.8335 	EXP 	self_box: fillColor = '#A6A9FF'
54.8335 	EXP 	other_box: fillColor = '#FAF33E'
54.8501 	EXP 	self_box: fillColor = '#A6A9FF'
54.8501 	EXP 	other_box: fillColor = '#FAF33E'
54.8669 	EXP 	self_box: fillColor = '#A6A9FF'
54.8669 	EXP 	other_box: fillColor = '#FAF33E'
54.8835 	EXP 	self_box: fillColor = '#A6A9FF'
54.8835 	EXP 	other_box: fillColor = '#FAF33E'
54.9001 	EXP 	self_box: fillColor = '#A6A9FF'
54.9001 	EXP 	other_box: fillColor = '#FAF33E'
54.9169 	EXP 	self_box: fillColor = '#A6A9FF'
54.9169 	EXP 	other_box: fillColor = '#FAF33E'
54.9335 	EXP 	self_box: fillColor = '#A6A9FF'
54.9335 	EXP 	other_box: fillColor = '#FAF33E'
54.9339 	DATA 	Mouse: Left button down, pos=(1131,207)
54.9353 	EXP 	New trial (rep=0, index=4): {'word': u'word1.1', 'amount': u'0.8', 'list': u'list1', 'trialtype': u'speed', 'trialtype_extended': u'slow_medium'}
54.9504 	EXP 	self_box: fillColor = '#A6A9FF'
54.9504 	EXP 	other_box: fillColor = '#FAF33E'
54.9504 	EXP 	question: autoDraw = False
54.9504 	EXP 	self_box: autoDraw = False
54.9504 	EXP 	self_label: autoDraw = False
54.9504 	EXP 	other_box: autoDraw = False
54.9504 	EXP 	other_label: autoDraw = False
54.9504 	EXP 	text: text = u'word1.1'
55.0009 	DATA 	Mouse: Left button up, pos=(1131,207)
55.9688 	EXP 	text: autoDraw = True
58.6896 	EXP 	text: autoDraw = False
58.6896 	EXP 	question: autoDraw = True
58.6896 	EXP 	self_box: autoDraw = True
58.6896 	EXP 	self_label: autoDraw = True
58.6896 	EXP 	other_box: autoDraw = True
58.6896 	EXP 	other_label: autoDraw = True
58.6896 	EXP 	self_box: fillColor = '#A6A9FF'
58.6896 	EXP 	other_box: fillColor = '#FFFCA6'
58.7063 	EXP 	self_box: fillColor = '#A6A9FF'
58.7063 	EXP 	other_box: fillColor = '#FFFCA6'
58.7228 	EXP 	self_box: fillColor = '#A6A9FF'
58.7228 	EXP 	other_box: fillColor = '#FFFCA6'
58.7395 	EXP 	self_box: fillColor = '#A6A9FF'
58.7395 	EXP 	other_box: fillColor = '#FFFCA6'
58.7563 	EXP 	self_box: fillColor = '#A6A9FF'
58.7563 	EXP 	other_box: fillColor = '#FFFCA6'
58.7731 	EXP 	self_box: fillColor = '#A6A9FF'
58.7731 	EXP 	other_box: fillColor = '#FFFCA6'
58.7897 	EXP 	self_box: fillColor = '#A6A9FF'
58.7897 	EXP 	other_box: fillColor = '#FFFCA6'
58.8064 	EXP 	self_box: fillColor = '#A6A9FF'
58.8064 	EXP 	other_box: fillColor = '#FFFCA6'
58.8231 	EXP 	self_box: fillColor = '#A6A9FF'
58.8231 	EXP 	other_box: fillColor = '#FFFCA6'
58.8398 	EXP 	self_box: fillColor = '#A6A9FF'
58.8398 	EXP 	other_box: fillColor = '#FFFCA6'
58.8566 	EXP 	self_box: fillColor = '#A6A9FF'
58.8566 	EXP 	other_box: fillColor = '#FFFCA6'
58.8733 	EXP 	self_box: fillColor = '#A6A9FF'
58.8733 	EXP 	other_box: fillColor = '#FFFCA6'
58.8900 	EXP 	self_box: fillColor = '#A6A9FF'
58.8900 	EXP 	other_box: fillColor = '#FFFCA6'
58.9066 	EXP 	self_box: fillColor = '#A6A9FF'
58.9066 	EXP 	other_box: fillColor = '#FFFCA6'
58.9233 	EXP 	self_box: fillColor = '#A6A9FF'
58.9233 	EXP 	other_box: fillColor = '#FFFCA6'
58.9400 	EXP 	self_box: fillColor = '#A6A9FF'
58.9400 	EXP 	other_box: fillColor = '#FFFCA6'
58.9566 	EXP 	self_box: fillColor = '#A6A9FF'
58.9566 	EXP 	other_box: fillColor = '#FFFCA6'
58.9733 	EXP 	self_box: fillColor = '#A6A9FF'
58.9733 	EXP 	other_box: fillColor = '#FFFCA6'
58.9899 	EXP 	self_box: fillColor = '#A6A9FF'
58.9899 	EXP 	other_box: fillColor = '#FFFCA6'
59.0067 	EXP 	self_box: fillColor = '#A6A9FF'
59.0067 	EXP 	other_box: fillColor = '#FFFCA6'
59.0234 	EXP 	self_box: fillColor = '#A6A9FF'
59.0234 	EXP 	other_box: fillColor = '#FFFCA6'
59.0402 	EXP 	self_box: fillColor = '#3E45FA'
59.0402 	EXP 	other_box: fillColor = '#FFFCA6'
59.0569 	EXP 	self_box: fillColor = '#3E45FA'
59.0569 	EXP 	other_box: fillColor = '#FFFCA6'
59.0736 	EXP 	self_box: fillColor = '#3E45FA'
59.0736 	EXP 	other_box: fillColor = '#FFFCA6'
59.0903 	EXP 	self_box: fillColor = '#3E45FA'
59.0903 	EXP 	other_box: fillColor = '#FFFCA6'
59.1070 	EXP 	self_box: fillColor = '#3E45FA'
59.1070 	EXP 	other_box: fillColor = '#FFFCA6'
59.1237 	EXP 	self_box: fillColor = '#3E45FA'
59.1237 	EXP 	other_box: fillColor = '#FFFCA6'
59.1277 	DATA 	Mouse: Left button down, pos=(490,307)
59.1404 	EXP 	self_box: fillColor = '#3E45FA'
59.1404 	EXP 	other_box: fillColor = '#FFFCA6'
59.1417 	EXP 	New trial (rep=0, index=5): {'word': u'word1.1', 'amount': u'unmodified', 'list': u'list1', 'trialtype': u'unmodified', 'trialtype_extended': u'unmodified'}
59.1570 	EXP 	self_box: fillColor = '#3E45FA'
59.1570 	EXP 	other_box: fillColor = '#FFFCA6'
59.1570 	EXP 	question: autoDraw = False
59.1570 	EXP 	self_box: autoDraw = False
59.1570 	EXP 	self_label: autoDraw = False
59.1570 	EXP 	other_box: autoDraw = False
59.1570 	EXP 	other_label: autoDraw = False
59.1570 	EXP 	text: text = u'word1.1'
59.2077 	DATA 	Mouse: Left button up, pos=(490,307)
60.1585 	EXP 	text: autoDraw = True
62.4957 	EXP 	text: autoDraw = False
62.4957 	EXP 	question: autoDraw = True
62.4957 	EXP 	self_box: autoDraw = True
62.4957 	EXP 	self_label: autoDraw = True
62.4957 	EXP 	other_box: autoDraw = True
62.4957 	EXP 	other_label: autoDraw = True
62.4957 	EXP 	self_box: fillColor = '#A6A9FF'
62.4957 	EXP 	other_box: fillColor = '#FFFCA6'
62.5124 	EXP 	self_box: fillColor = '#A6A9FF'
62.5124 	EXP 	other_box: fillColor = '#FFFCA6'
62.5290 	EXP 	self_box: fillColor = '#A6A9FF'
62.5290 	EXP 	other_box: fillColor = '#FFFCA6'
62.5456 	EXP 	self_box: fillColor = '#A6A9FF'
62.5456 	EXP 	other_box: fillColor = '#FFFCA6'
62.5624 	EXP 	self_box: fillColor = '#A6A9FF'
62.5624 	EXP 	other_box: fillColor = '#FFFCA6'
62.5791 	EXP 	self_box: fillColor = '#A6A9FF'
62.5791 	EXP 	other_box: fillColor = '#FFFCA6'
62.5959 	EXP 	self_box: fillColor = '#A6A9FF'
62.5959 	EXP 	other_box: fillColor = '#FFFCA6'
62.6125 	EXP 	self_box: fillColor = '#A6A9FF'
62.6125 	EXP 	other_box: fillColor = '#FFFCA6'
62.6293 	EXP 	self_box: fillColor = '#A6A9FF'
62.6293 	EXP 	other_box: fillColor = '#FFFCA6'
62.6460 	EXP 	self_box: fillColor = '#A6A9FF'
62.6460 	EXP 	other_box: fillColor = '#FFFCA6'
62.6627 	EXP 	self_box: fillColor = '#A6A9FF'
62.6627 	EXP 	other_box: fillColor = '#FFFCA6'
62.6793 	EXP 	self_box: fillColor = '#A6A9FF'
62.6793 	EXP 	other_box: fillColor = '#FFFCA6'
62.6959 	EXP 	self_box: fillColor = '#A6A9FF'
62.6959 	EXP 	other_box: fillColor = '#FFFCA6'
62.7125 	EXP 	self_box: fillColor = '#A6A9FF'
62.7125 	EXP 	other_box: fillColor = '#FFFCA6'
62.7292 	EXP 	self_box: fillColor = '#A6A9FF'
62.7292 	EXP 	other_box: fillColor = '#FFFCA6'
62.7461 	EXP 	self_box: fillColor = '#A6A9FF'
62.7461 	EXP 	other_box: fillColor = '#FFFCA6'
62.7626 	EXP 	self_box: fillColor = '#A6A9FF'
62.7626 	EXP 	other_box: fillColor = '#FFFCA6'
62.7794 	EXP 	self_box: fillColor = '#A6A9FF'
62.7794 	EXP 	other_box: fillColor = '#FFFCA6'
62.7961 	EXP 	self_box: fillColor = '#A6A9FF'
62.7961 	EXP 	other_box: fillColor = '#FAF33E'
62.8128 	EXP 	self_box: fillColor = '#A6A9FF'
62.8128 	EXP 	other_box: fillColor = '#FAF33E'
62.8295 	EXP 	self_box: fillColor = '#A6A9FF'
62.8295 	EXP 	other_box: fillColor = '#FAF33E'
62.8462 	EXP 	self_box: fillColor = '#A6A9FF'
62.8462 	EXP 	other_box: fillColor = '#FAF33E'
62.8628 	EXP 	self_box: fillColor = '#A6A9FF'
62.8628 	EXP 	other_box: fillColor = '#FAF33E'
62.8795 	EXP 	self_box: fillColor = '#A6A9FF'
62.8795 	EXP 	other_box: fillColor = '#FAF33E'
62.8962 	EXP 	self_box: fillColor = '#A6A9FF'
62.8962 	EXP 	other_box: fillColor = '#FAF33E'
62.9131 	EXP 	self_box: fillColor = '#A6A9FF'
62.9131 	EXP 	other_box: fillColor = '#FAF33E'
62.9296 	EXP 	self_box: fillColor = '#A6A9FF'
62.9296 	EXP 	other_box: fillColor = '#FAF33E'
62.9464 	EXP 	self_box: fillColor = '#A6A9FF'
62.9464 	EXP 	other_box: fillColor = '#FAF33E'
62.9633 	EXP 	self_box: fillColor = '#A6A9FF'
62.9633 	EXP 	other_box: fillColor = '#FAF33E'
62.9797 	EXP 	self_box: fillColor = '#A6A9FF'
62.9797 	EXP 	other_box: fillColor = '#FAF33E'
62.9964 	EXP 	self_box: fillColor = '#A6A9FF'
62.9964 	EXP 	other_box: fillColor = '#FAF33E'
63.0131 	EXP 	self_box: fillColor = '#A6A9FF'
63.0131 	EXP 	other_box: fillColor = '#FAF33E'
63.0297 	EXP 	self_box: fillColor = '#A6A9FF'
63.0297 	EXP 	other_box: fillColor = '#FAF33E'
63.0464 	EXP 	self_box: fillColor = '#A6A9FF'
63.0464 	EXP 	other_box: fillColor = '#FAF33E'
63.0632 	EXP 	self_box: fillColor = '#A6A9FF'
63.0632 	EXP 	other_box: fillColor = '#FAF33E'
63.0800 	EXP 	self_box: fillColor = '#A6A9FF'
63.0800 	EXP 	other_box: fillColor = '#FAF33E'
63.0966 	EXP 	self_box: fillColor = '#A6A9FF'
63.0966 	EXP 	other_box: fillColor = '#FAF33E'
63.1133 	EXP 	self_box: fillColor = '#A6A9FF'
63.1133 	EXP 	other_box: fillColor = '#FAF33E'
63.1300 	EXP 	self_box: fillColor = '#A6A9FF'
63.1300 	EXP 	other_box: fillColor = '#FAF33E'
63.1467 	EXP 	self_box: fillColor = '#A6A9FF'
63.1467 	EXP 	other_box: fillColor = '#FAF33E'
63.1635 	EXP 	self_box: fillColor = '#A6A9FF'
63.1635 	EXP 	other_box: fillColor = '#FAF33E'
63.1801 	EXP 	self_box: fillColor = '#A6A9FF'
63.1801 	EXP 	other_box: fillColor = '#FAF33E'
63.1967 	EXP 	self_box: fillColor = '#A6A9FF'
63.1967 	EXP 	other_box: fillColor = '#FAF33E'
63.2134 	EXP 	self_box: fillColor = '#A6A9FF'
63.2134 	EXP 	other_box: fillColor = '#FAF33E'
63.2300 	EXP 	self_box: fillColor = '#A6A9FF'
63.2300 	EXP 	other_box: fillColor = '#FAF33E'
63.2467 	EXP 	self_box: fillColor = '#A6A9FF'
63.2467 	EXP 	other_box: fillColor = '#FAF33E'
63.2594 	DATA 	Mouse: Left button down, pos=(998,286)
63.2609 	EXP 	New trial (rep=0, index=6): {'word': u'word1.1', 'amount': u'0.7', 'list': u'list1', 'trialtype': u'speed', 'trialtype_extended': u'slow_large'}
63.2803 	EXP 	self_box: fillColor = '#A6A9FF'
63.2803 	EXP 	other_box: fillColor = '#FAF33E'
63.2803 	EXP 	question: autoDraw = False
63.2803 	EXP 	self_box: autoDraw = False
63.2803 	EXP 	self_label: autoDraw = False
63.2803 	EXP 	other_box: autoDraw = False
63.2803 	EXP 	other_label: autoDraw = False
63.2803 	EXP 	text: text = u'word1.1'
63.2973 	DATA 	Mouse: Left button up, pos=(998,286)
64.2819 	EXP 	text: autoDraw = True
67.1196 	EXP 	text: autoDraw = False
67.1196 	EXP 	question: autoDraw = True
67.1196 	EXP 	self_box: autoDraw = True
67.1196 	EXP 	self_label: autoDraw = True
67.1196 	EXP 	other_box: autoDraw = True
67.1196 	EXP 	other_label: autoDraw = True
67.1196 	EXP 	self_box: fillColor = '#A6A9FF'
67.1196 	EXP 	other_box: fillColor = '#FFFCA6'
67.1363 	EXP 	self_box: fillColor = '#A6A9FF'
67.1363 	EXP 	other_box: fillColor = '#FFFCA6'
67.1530 	EXP 	self_box: fillColor = '#A6A9FF'
67.1530 	EXP 	other_box: fillColor = '#FFFCA6'
67.1697 	EXP 	self_box: fillColor = '#A6A9FF'
67.1697 	EXP 	other_box: fillColor = '#FFFCA6'
67.1863 	EXP 	self_box: fillColor = '#A6A9FF'
67.1863 	EXP 	other_box: fillColor = '#FFFCA6'
67.2031 	EXP 	self_box: fillColor = '#A6A9FF'
67.2031 	EXP 	other_box: fillColor = '#FFFCA6'
67.2198 	EXP 	self_box: fillColor = '#A6A9FF'
67.2198 	EXP 	other_box: fillColor = '#FFFCA6'
67.2365 	EXP 	self_box: fillColor = '#A6A9FF'
67.2365 	EXP 	other_box: fillColor = '#FFFCA6'
67.2531 	EXP 	self_box: fillColor = '#A6A9FF'
67.2531 	EXP 	other_box: fillColor = '#FFFCA6'
67.2698 	EXP 	self_box: fillColor = '#A6A9FF'
67.2698 	EXP 	other_box: fillColor = '#FFFCA6'
67.2865 	EXP 	self_box: fillColor = '#A6A9FF'
67.2865 	EXP 	other_box: fillColor = '#FFFCA6'
67.3032 	EXP 	self_box: fillColor = '#A6A9FF'
67.3032 	EXP 	other_box: fillColor = '#FFFCA6'
67.3199 	EXP 	self_box: fillColor = '#A6A9FF'
67.3199 	EXP 	other_box: fillColor = '#FFFCA6'
67.3366 	EXP 	self_box: fillColor = '#A6A9FF'
67.3366 	EXP 	other_box: fillColor = '#FFFCA6'
67.3534 	EXP 	self_box: fillColor = '#A6A9FF'
67.3534 	EXP 	other_box: fillColor = '#FFFCA6'
67.3700 	EXP 	self_box: fillColor = '#A6A9FF'
67.3700 	EXP 	other_box: fillColor = '#FFFCA6'
67.3867 	EXP 	self_box: fillColor = '#A6A9FF'
67.3867 	EXP 	other_box: fillColor = '#FFFCA6'
67.4034 	EXP 	self_box: fillColor = '#A6A9FF'
67.4034 	EXP 	other_box: fillColor = '#FFFCA6'
67.4201 	EXP 	self_box: fillColor = '#A6A9FF'
67.4201 	EXP 	other_box: fillColor = '#FFFCA6'
67.4368 	EXP 	self_box: fillColor = '#A6A9FF'
67.4368 	EXP 	other_box: fillColor = '#FFFCA6'
67.4535 	EXP 	self_box: fillColor = '#A6A9FF'
67.4535 	EXP 	other_box: fillColor = '#FFFCA6'
67.4702 	EXP 	self_box: fillColor = '#A6A9FF'
67.4702 	EXP 	other_box: fillColor = '#FFFCA6'
67.4869 	EXP 	self_box: fillColor = '#A6A9FF'
67.4869 	EXP 	other_box: fillColor = '#FFFCA6'
67.5037 	EXP 	self_box: fillColor = '#A6A9FF'
67.5037 	EXP 	other_box: fillColor = '#FFFCA6'
67.5204 	EXP 	self_box: fillColor = '#A6A9FF'
67.5204 	EXP 	other_box: fillColor = '#FFFCA6'
67.5370 	EXP 	self_box: fillColor = '#A6A9FF'
67.5370 	EXP 	other_box: fillColor = '#FFFCA6'
67.5538 	EXP 	self_box: fillColor = '#A6A9FF'
67.5538 	EXP 	other_box: fillColor = '#FFFCA6'
67.5704 	EXP 	self_box: fillColor = '#A6A9FF'
67.5704 	EXP 	other_box: fillColor = '#FFFCA6'
67.5870 	EXP 	self_box: fillColor = '#A6A9FF'
67.5870 	EXP 	other_box: fillColor = '#FFFCA6'
67.6037 	EXP 	self_box: fillColor = '#3E45FA'
67.6037 	EXP 	other_box: fillColor = '#FFFCA6'
67.6204 	EXP 	self_box: fillColor = '#3E45FA'
67.6204 	EXP 	other_box: fillColor = '#FFFCA6'
67.6371 	EXP 	self_box: fillColor = '#3E45FA'
67.6371 	EXP 	other_box: fillColor = '#FFFCA6'
67.6540 	EXP 	self_box: fillColor = '#3E45FA'
67.6540 	EXP 	other_box: fillColor = '#FFFCA6'
67.6707 	EXP 	self_box: fillColor = '#3E45FA'
67.6707 	EXP 	other_box: fillColor = '#FFFCA6'
67.6872 	EXP 	self_box: fillColor = '#3E45FA'
67.6872 	EXP 	other_box: fillColor = '#FFFCA6'
67.7038 	EXP 	self_box: fillColor = '#3E45FA'
67.7038 	EXP 	other_box: fillColor = '#FFFCA6'
67.7043 	DATA 	Mouse: Left button down, pos=(410,233)
67.7056 	EXP 	New trial (rep=0, index=7): {'word': u'word1.1', 'amount': u'-1.5', 'list': u'list1', 'trialtype': u'pitch', 'trialtype_extended': u'pitch_lower_small'}
67.7205 	EXP 	self_box: fillColor = '#3E45FA'
67.7205 	EXP 	other_box: fillColor = '#FFFCA6'
67.7205 	EXP 	question: autoDraw = False
67.7205 	EXP 	self_box: autoDraw = False
67.7205 	EXP 	self_label: autoDraw = False
67.7205 	EXP 	other_box: autoDraw = False
67.7205 	EXP 	other_label: autoDraw = False
67.7205 	EXP 	text: text = u'word1.1'
67.7710 	DATA 	Mouse: Left button up, pos=(410,233)
68.7389 	EXP 	text: autoDraw = True
70.8757 	EXP 	text: autoDraw = False
70.8757 	EXP 	question: autoDraw = True
70.8757 	EXP 	self_box: autoDraw = True
70.8757 	EXP 	self_label: autoDraw = True
70.8757 	EXP 	other_box: autoDraw = True
70.8757 	EXP 	other_label: autoDraw = True
70.8757 	EXP 	self_box: fillColor = '#A6A9FF'
70.8757 	EXP 	other_box: fillColor = '#FFFCA6'
70.8923 	EXP 	self_box: fillColor = '#A6A9FF'
70.8923 	EXP 	other_box: fillColor = '#FFFCA6'
70.9091 	EXP 	self_box: fillColor = '#A6A9FF'
70.9091 	EXP 	other_box: fillColor = '#FFFCA6'
70.9257 	EXP 	self_box: fillColor = '#A6A9FF'
70.9257 	EXP 	other_box: fillColor = '#FFFCA6'
70.9424 	EXP 	self_box: fillColor = '#A6A9FF'
70.9424 	EXP 	other_box: fillColor = '#FFFCA6'
70.9592 	EXP 	self_box: fillColor = '#A6A9FF'
70.9592 	EXP 	other_box: fillColor = '#FFFCA6'
70.9758 	EXP 	self_box: fillColor = '#A6A9FF'
70.9758 	EXP 	other_box: fillColor = '#FFFCA6'
70.9925 	EXP 	self_box: fillColor = '#A6A9FF'
70.9925 	EXP 	other_box: fillColor = '#FFFCA6'
71.0093 	EXP 	self_box: fillColor = '#A6A9FF'
71.0093 	EXP 	other_box: fillColor = '#FFFCA6'
71.0259 	EXP 	self_box: fillColor = '#A6A9FF'
71.0259 	EXP 	other_box: fillColor = '#FFFCA6'
71.0426 	EXP 	self_box: fillColor = '#A6A9FF'
71.0426 	EXP 	other_box: fillColor = '#FFFCA6'
71.0593 	EXP 	self_box: fillColor = '#A6A9FF'
71.0593 	EXP 	other_box: fillColor = '#FFFCA6'
71.0760 	EXP 	self_box: fillColor = '#A6A9FF'
71.0760 	EXP 	other_box: fillColor = '#FFFCA6'
71.0927 	EXP 	self_box: fillColor = '#A6A9FF'
71.0927 	EXP 	other_box: fillColor = '#FFFCA6'
71.1094 	EXP 	self_box: fillColor = '#A6A9FF'
71.1094 	EXP 	other_box: fillColor = '#FFFCA6'
71.1260 	EXP 	self_box: fillColor = '#A6A9FF'
71.1260 	EXP 	other_box: fillColor = '#FFFCA6'
71.1428 	EXP 	self_box: fillColor = '#A6A9FF'
71.1428 	EXP 	other_box: fillColor = '#FFFCA6'
71.1595 	EXP 	self_box: fillColor = '#A6A9FF'
71.1595 	EXP 	other_box: fillColor = '#FFFCA6'
71.1762 	EXP 	self_box: fillColor = '#A6A9FF'
71.1762 	EXP 	other_box: fillColor = '#FFFCA6'
71.1929 	EXP 	self_box: fillColor = '#A6A9FF'
71.1929 	EXP 	other_box: fillColor = '#FFFCA6'
71.2095 	EXP 	self_box: fillColor = '#A6A9FF'
71.2095 	EXP 	other_box: fillColor = '#FFFCA6'
71.2262 	EXP 	self_box: fillColor = '#A6A9FF'
71.2262 	EXP 	other_box: fillColor = '#FFFCA6'
71.2430 	EXP 	self_box: fillColor = '#A6A9FF'
71.2430 	EXP 	other_box: fillColor = '#FFFCA6'
71.2597 	EXP 	self_box: fillColor = '#A6A9FF'
71.2597 	EXP 	other_box: fillColor = '#FFFCA6'
71.2763 	EXP 	self_box: fillColor = '#A6A9FF'
71.2763 	EXP 	other_box: fillColor = '#FFFCA6'
71.2931 	EXP 	self_box: fillColor = '#A6A9FF'
71.2931 	EXP 	other_box: fillColor = '#FFFCA6'
71.3096 	EXP 	self_box: fillColor = '#A6A9FF'
71.3096 	EXP 	other_box: fillColor = '#FFFCA6'
71.3263 	EXP 	self_box: fillColor = '#A6A9FF'
71.3263 	EXP 	other_box: fillColor = '#FFFCA6'
71.3430 	EXP 	self_box: fillColor = '#A6A9FF'
71.3430 	EXP 	other_box: fillColor = '#FFFCA6'
71.3598 	EXP 	self_box: fillColor = '#A6A9FF'
71.3598 	EXP 	other_box: fillColor = '#FFFCA6'
71.3766 	EXP 	self_box: fillColor = '#A6A9FF'
71.3766 	EXP 	other_box: fillColor = '#FFFCA6'
71.3932 	EXP 	self_box: fillColor = '#3E45FA'
71.3932 	EXP 	other_box: fillColor = '#FFFCA6'
71.4099 	EXP 	self_box: fillColor = '#3E45FA'
71.4099 	EXP 	other_box: fillColor = '#FFFCA6'
71.4265 	EXP 	self_box: fillColor = '#3E45FA'
71.4265 	EXP 	other_box: fillColor = '#FFFCA6'
71.4433 	EXP 	self_box: fillColor = '#3E45FA'
71.4433 	EXP 	other_box: fillColor = '#FFFCA6'
71.4600 	EXP 	self_box: fillColor = '#3E45FA'
71.4600 	EXP 	other_box: fillColor = '#FFFCA6'
71.4768 	EXP 	self_box: fillColor = '#3E45FA'
71.4768 	EXP 	other_box: fillColor = '#FFFCA6'
71.4932 	EXP 	self_box: fillColor = '#3E45FA'
71.4932 	EXP 	other_box: fillColor = '#FFFCA6'
71.5099 	EXP 	self_box: fillColor = '#3E45FA'
71.5099 	EXP 	other_box: fillColor = '#FFFCA6'
71.5104 	DATA 	Mouse: Left button down, pos=(411,266)
71.5119 	EXP 	New trial (rep=0, index=8): {'word': u'word1.1', 'amount': u'unmodified', 'list': u'list1', 'trialtype': u'unmodified', 'trialtype_extended': u'unmodified'}
71.5267 	EXP 	self_box: fillColor = '#3E45FA'
71.5267 	EXP 	other_box: fillColor = '#FFFCA6'
71.5267 	EXP 	question: autoDraw = False
71.5267 	EXP 	self_box: autoDraw = False
71.5267 	EXP 	self_label: autoDraw = False
71.5267 	EXP 	other_box: autoDraw = False
71.5267 	EXP 	other_label: autoDraw = False
71.5267 	EXP 	text: text = u'word1.1'
71.5772 	DATA 	Mouse: Left button up, pos=(411,266)
72.5451 	EXP 	text: autoDraw = True
74.9654 	EXP 	text: autoDraw = False
74.9654 	EXP 	question: autoDraw = True
74.9654 	EXP 	self_box: autoDraw = True
74.9654 	EXP 	self_label: autoDraw = True
74.9654 	EXP 	other_box: autoDraw = True
74.9654 	EXP 	other_label: autoDraw = True
74.9654 	EXP 	self_box: fillColor = '#A6A9FF'
74.9654 	EXP 	other_box: fillColor = '#FFFCA6'
74.9822 	EXP 	self_box: fillColor = '#A6A9FF'
74.9822 	EXP 	other_box: fillColor = '#FFFCA6'
74.9988 	EXP 	self_box: fillColor = '#A6A9FF'
74.9988 	EXP 	other_box: fillColor = '#FFFCA6'
75.0155 	EXP 	self_box: fillColor = '#A6A9FF'
75.0155 	EXP 	other_box: fillColor = '#FFFCA6'
75.0322 	EXP 	self_box: fillColor = '#A6A9FF'
75.0322 	EXP 	other_box: fillColor = '#FFFCA6'
75.0489 	EXP 	self_box: fillColor = '#A6A9FF'
75.0489 	EXP 	other_box: fillColor = '#FFFCA6'
75.0656 	EXP 	self_box: fillColor = '#A6A9FF'
75.0656 	EXP 	other_box: fillColor = '#FFFCA6'
75.0823 	EXP 	self_box: fillColor = '#A6A9FF'
75.0823 	EXP 	other_box: fillColor = '#FFFCA6'
75.0991 	EXP 	self_box: fillColor = '#A6A9FF'
75.0991 	EXP 	other_box: fillColor = '#FFFCA6'
75.1158 	EXP 	self_box: fillColor = '#A6A9FF'
75.1158 	EXP 	other_box: fillColor = '#FFFCA6'
75.1325 	EXP 	self_box: fillColor = '#A6A9FF'
75.1325 	EXP 	other_box: fillColor = '#FFFCA6'
75.1492 	EXP 	self_box: fillColor = '#A6A9FF'
75.1492 	EXP 	other_box: fillColor = '#FFFCA6'
75.1659 	EXP 	self_box: fillColor = '#A6A9FF'
75.1659 	EXP 	other_box: fillColor = '#FFFCA6'
75.1827 	EXP 	self_box: fillColor = '#A6A9FF'
75.1827 	EXP 	other_box: fillColor = '#FFFCA6'
75.1992 	EXP 	self_box: fillColor = '#A6A9FF'
75.1992 	EXP 	other_box: fillColor = '#FAF33E'
75.2159 	EXP 	self_box: fillColor = '#A6A9FF'
75.2159 	EXP 	other_box: fillColor = '#FAF33E'
75.2326 	EXP 	self_box: fillColor = '#A6A9FF'
75.2326 	EXP 	other_box: fillColor = '#FAF33E'
75.2493 	EXP 	self_box: fillColor = '#A6A9FF'
75.2493 	EXP 	other_box: fillColor = '#FAF33E'
75.2659 	EXP 	self_box: fillColor = '#A6A9FF'
75.2659 	EXP 	other_box: fillColor = '#FAF33E'
75.2825 	EXP 	self_box: fillColor = '#A6A9FF'
75.2825 	EXP 	other_box: fillColor = '#FAF33E'
75.2966 	DATA 	Mouse: Left button down, pos=(1028,287)
75.3160 	EXP 	self_box: fillColor = '#A6A9FF'
75.3160 	EXP 	other_box: fillColor = '#FAF33E'
75.3160 	EXP 	question: autoDraw = False
75.3160 	EXP 	self_box: autoDraw = False
75.3160 	EXP 	self_label: autoDraw = False
75.3160 	EXP 	other_box: autoDraw = False
75.3160 	EXP 	other_label: autoDraw = False
75.3160 	EXP 	text_3: autoDraw = True
75.3500 	DATA 	Mouse: Left button up, pos=(1028,287)
80.3908 	EXP 	text_3: autoDraw = False
80.3908 	EXP 	text_3: autoDraw = False
80.3908 	EXP 	results_text: text = '\n\runmodified: 0.00% self, 100.00% other\n\rslow_small: 100.00% self, 0.00% other\n\rslow_medium: 100.00% self, 0.00% other\n\rslow_large: 100.00% self, 0.00% other\n\rpitch_higher_small: 100.00% self, 0.00% other\n\rpitch_higher_large: 100.00% self, 0.00% other\n\rpitch_lower_small: 100.00% self, 0.00% other\n\rpitch_lower_large: 0.00% self, 100.00% other\n\r'
80.3908 	EXP 	results_text: autoDraw = True
84.0472 	DATA 	Keypress: escape
