2.6626 	WARNING 	Movie2 stim could not be imported and won't be available
3.6518 	WARNING 	TextBox stim could not be imported and won't be available.
3.6518 	WARNING 	TextBox Font Manager Found No Fonts.
5.6149 	WARNING 	Couldn't measure a consistent frame rate.
  - Is your graphics card set to sync to vertical blank?
  - Are you running other processes on your computer?

5.6159 	EXP 	Created window1 = Window(allowGUI=False, allowStencil=False, autoLog=True, bitsMode=UNKNOWN, blendMode='avg', color=array([-1., -1., -1.]), colorSpace='rgb', fullscr=UNKNOWN, gamma=None, lms=UNKNOWN, monitor=<psychopy.monitors.calibTools.Monitor instance at 0x106a40f8>, name='window1', pos=[0, 0], screen=0, size=array([1440,  900]), stereo=False, units=u'norm', useFBO=True, viewOri=0.0, viewPos=None, viewScale=None, waitBlanking=True, winType='pyglet')
5.6159 	EXP 	window1: recordFrameIntervals = False
5.7838 	EXP 	window1: recordFrameIntervals = True
5.8506 	WARNING 	t of last frame was 21.07ms (=1/47)
5.9837 	WARNING 	t of last frame was 20.56ms (=1/48)
6.0505 	WARNING 	t of last frame was 21.51ms (=1/46)
6.1839 	WARNING 	t of last frame was 20.90ms (=1/47)
6.5519 	WARNING 	Multiple dropped frames have occurred - I'll stop bothering you about them!
7.4544 	WARNING 	Couldn't measure a consistent frame rate.
  - Is your graphics card set to sync to vertical blank?
  - Are you running other processes on your computer?

7.5859 	EXP 	Created text_4 = TextStim(alignHoriz='center', alignVert='center', antialias=True, autoLog=True, bold=False, color='white', colorSpace='named', contrast=1.0, depth=0.0, flipHoriz=False, flipVert=False, font='Arial', fontFiles=[], height=0.1, italic=False, name='text_4', opacity=1.0, ori=0, pos=array([ 0.,  0.]), rgb=array([ 255.,  255.,  255.]), text=u'Instructions will go here.', units=u'norm', win=Window(...), wrapWidth=1)
7.6095 	EXP 	Created text = TextStim(alignHoriz='center', alignVert='center', antialias=True, autoLog=True, bold=False, color='white', colorSpace='named', contrast=1.0, depth=-1.0, flipHoriz=False, flipVert=False, font='Arial', fontFiles=[], height=0.1, italic=False, name='text', opacity=1.0, ori=0, pos=array([ 0.,  0.]), rgb=array([ 255.,  255.,  255.]), text=u'default text', units=u'norm', win=Window(...), wrapWidth=1)
7.6208 	EXP 	Created question = TextStim(alignHoriz='center', alignVert='center', antialias=True, autoLog=True, bold=False, color='white', colorSpace='named', contrast=1.0, depth=0.0, flipHoriz=False, flipVert=False, font='Arial', fontFiles=[], height=0.1, italic=False, name='question', opacity=1.0, ori=0, pos=array([ 0. ,  0.5]), rgb=array([ 255.,  255.,  255.]), text=u'Whose voice did you hear?', units=u'norm', win=Window(...), wrapWidth=2)
7.6214 	EXP 	<method-wrapper '__getattribute__' of attributeSetter object at 0xa2e5af0>: vertices = array([[-0.25,  0.25],
       [ 0.25,  0.25],
       [ 0.25, -0.25],
       [-0.25, -0.25]])
7.6235 	EXP 	Created self_box = Rect(autoDraw=False, autoLog=True, closeShape=True, contrast=1.0, depth=-1.0, fillColor='#A6A9FF', fillColorSpace='hex', fillRGB=array([166, 169, 255]), interpolate=True, lineColor='#3E45FA', lineColorSpace='hex', lineRGB=array([ 62,  69, 250]), lineWidth=5, name='self_box', opacity=1.0, ori=array(0.0), pos=array([-0.5, -0.5]), size=array([ 1.,  1.]), units=u'norm', vertices=ndarray(...), win=Window(...))
7.6284 	EXP 	Created self_label = TextStim(alignHoriz='center', alignVert='center', antialias=True, autoLog=True, bold=False, color='black', colorSpace='named', contrast=1.0, depth=-2.0, flipHoriz=False, flipVert=False, font='Arial', fontFiles=[], height=0.1, italic=False, name='self_label', opacity=1.0, ori=0, pos=array([-0.5, -0.5]), rgb=array([ 0.,  0.,  0.]), text=u'Mine', units=u'norm', win=Window(...), wrapWidth=1)
7.6290 	EXP 	<method-wrapper '__getattribute__' of attributeSetter object at 0xa2e5af0>: vertices = array([[-0.25,  0.25],
       [ 0.25,  0.25],
       [ 0.25, -0.25],
       [-0.25, -0.25]])
7.6311 	EXP 	Created other_box = Rect(autoDraw=False, autoLog=True, closeShape=True, contrast=1.0, depth=-3.0, fillColor='#FFFCA6', fillColorSpace='hex', fillRGB=array([255, 252, 166]), interpolate=True, lineColor='#FAF33E', lineColorSpace='hex', lineRGB=array([250, 243,  62]), lineWidth=5, name='other_box', opacity=1.0, ori=array(0.0), pos=array([ 0.5, -0.5]), size=array([ 1.,  1.]), units=u'norm', vertices=ndarray(...), win=Window(...))
7.6364 	EXP 	Created other_label = TextStim(alignHoriz='center', alignVert='center', antialias=True, autoLog=True, bold=False, color='black', colorSpace='named', contrast=1.0, depth=-4.0, flipHoriz=False, flipVert=False, font='Arial', fontFiles=[], height=0.1, italic=False, name='other_label', opacity=1.0, ori=0, pos=array([ 0.5, -0.5]), rgb=array([ 0.,  0.,  0.]), text=u'Other', units=u'norm', win=Window(...), wrapWidth=1)
7.6494 	EXP 	Created text_3 = TextStim(alignHoriz='center', alignVert='center', antialias=True, autoLog=True, bold=False, color=u'white', colorSpace='named', contrast=1.0, depth=0.0, flipHoriz=False, flipVert=False, font=u'Arial', fontFiles=[], height=0.1, italic=False, name='text_3', opacity=1.0, ori=0, pos=array([ 0.,  0.]), rgb=array([ 255.,  255.,  255.]), text=u'Thank you for participating!', units=u'norm', win=Window(...), wrapWidth=1)
7.6559 	EXP 	Created results_text = TextStim(alignHoriz='center', alignVert='center', antialias=True, autoLog=True, bold=False, color=u'white', colorSpace='named', contrast=1.0, depth=0.0, flipHoriz=False, flipVert=False, font=u'Arial', fontFiles=[], height=0.1, italic=False, name='results_text', opacity=1.0, ori=0, pos=array([ 0.,  0.]), rgb=array([ 255.,  255.,  255.]), text=u'default text', units=u'norm', win=Window(...), wrapWidth=2)
7.6703 	EXP 	text_4: autoDraw = True
12.6658 	EXP 	Imported /Volumes/Macintosh HD/Users/poppe076/Desktop/source_monitoring_task/data/ok_source_monitoring_2015_Jun_24_1539_wordlist.csv as conditions, 90 conditions, 5 params
12.6670 	EXP 	Created sequence: sequential, trialTypes=90, nReps=1, seed=None
12.7943 	EXP 	New trial (rep=0, index=0): {'word': 'word3.26', 'amount': 0.5, 'list': 'list3', 'trialtype': 'pitch higher', 'block': 0}
12.8285 	EXP 	text_4: autoDraw = False
12.8285 	EXP 	text: text = 'word3.26'
13.8305 	EXP 	text: autoDraw = True
15.8953 	EXP 	text: autoDraw = False
15.8953 	EXP 	question: autoDraw = True
15.8953 	EXP 	self_box: autoDraw = True
15.8953 	EXP 	self_label: autoDraw = True
15.8953 	EXP 	other_box: autoDraw = True
15.8953 	EXP 	other_label: autoDraw = True
15.8953 	EXP 	self_box: fillColor = '#A6A9FF'
15.8953 	EXP 	other_box: fillColor = '#FFFCA6'
15.9124 	EXP 	self_box: fillColor = '#A6A9FF'
15.9124 	EXP 	other_box: fillColor = '#FFFCA6'
15.9286 	EXP 	self_box: fillColor = '#A6A9FF'
15.9286 	EXP 	other_box: fillColor = '#FFFCA6'
15.9504 	EXP 	self_box: fillColor = '#A6A9FF'
15.9504 	EXP 	other_box: fillColor = '#FFFCA6'
15.9662 	EXP 	self_box: fillColor = '#A6A9FF'
15.9662 	EXP 	other_box: fillColor = '#FFFCA6'
15.9798 	EXP 	self_box: fillColor = '#A6A9FF'
15.9798 	EXP 	other_box: fillColor = '#FFFCA6'
15.9958 	EXP 	self_box: fillColor = '#A6A9FF'
15.9958 	EXP 	other_box: fillColor = '#FFFCA6'
16.0132 	EXP 	self_box: fillColor = '#A6A9FF'
16.0132 	EXP 	other_box: fillColor = '#FFFCA6'
16.0320 	EXP 	self_box: fillColor = '#A6A9FF'
16.0320 	EXP 	other_box: fillColor = '#FFFCA6'
16.0515 	EXP 	self_box: fillColor = '#A6A9FF'
16.0515 	EXP 	other_box: fillColor = '#FFFCA6'
16.0630 	EXP 	self_box: fillColor = '#A6A9FF'
16.0630 	EXP 	other_box: fillColor = '#FFFCA6'
16.0792 	EXP 	self_box: fillColor = '#A6A9FF'
16.0792 	EXP 	other_box: fillColor = '#FFFCA6'
16.0959 	EXP 	self_box: fillColor = '#A6A9FF'
16.0959 	EXP 	other_box: fillColor = '#FFFCA6'
16.1134 	EXP 	self_box: fillColor = '#A6A9FF'
16.1134 	EXP 	other_box: fillColor = '#FFFCA6'
16.1345 	EXP 	self_box: fillColor = '#A6A9FF'
16.1345 	EXP 	other_box: fillColor = '#FFFCA6'
16.1498 	EXP 	self_box: fillColor = '#A6A9FF'
16.1498 	EXP 	other_box: fillColor = '#FFFCA6'
16.1626 	EXP 	self_box: fillColor = '#A6A9FF'
16.1626 	EXP 	other_box: fillColor = '#FFFCA6'
16.1803 	EXP 	self_box: fillColor = '#A6A9FF'
16.1803 	EXP 	other_box: fillColor = '#FFFCA6'
16.1988 	EXP 	self_box: fillColor = '#A6A9FF'
16.1988 	EXP 	other_box: fillColor = '#FFFCA6'
16.2188 	EXP 	self_box: fillColor = '#A6A9FF'
16.2188 	EXP 	other_box: fillColor = '#FFFCA6'
16.2489 	EXP 	self_box: fillColor = '#A6A9FF'
16.2489 	EXP 	other_box: fillColor = '#FFFCA6'
16.2669 	EXP 	self_box: fillColor = '#A6A9FF'
16.2669 	EXP 	other_box: fillColor = '#FFFCA6'
16.2803 	EXP 	self_box: fillColor = '#A6A9FF'
16.2803 	EXP 	other_box: fillColor = '#FFFCA6'
16.2962 	EXP 	self_box: fillColor = '#A6A9FF'
16.2962 	EXP 	other_box: fillColor = '#FFFCA6'
16.3132 	EXP 	self_box: fillColor = '#A6A9FF'
16.3132 	EXP 	other_box: fillColor = '#FFFCA6'
16.3345 	EXP 	self_box: fillColor = '#A6A9FF'
16.3345 	EXP 	other_box: fillColor = '#FFFCA6'
16.3522 	EXP 	self_box: fillColor = '#A6A9FF'
16.3522 	EXP 	other_box: fillColor = '#FFFCA6'
16.3629 	EXP 	self_box: fillColor = '#A6A9FF'
16.3629 	EXP 	other_box: fillColor = '#FFFCA6'
16.3796 	EXP 	self_box: fillColor = '#A6A9FF'
16.3796 	EXP 	other_box: fillColor = '#FFFCA6'
16.3962 	EXP 	self_box: fillColor = '#A6A9FF'
16.3962 	EXP 	other_box: fillColor = '#FFFCA6'
16.4134 	EXP 	self_box: fillColor = '#A6A9FF'
16.4134 	EXP 	other_box: fillColor = '#FFFCA6'
16.4343 	EXP 	self_box: fillColor = '#A6A9FF'
16.4343 	EXP 	other_box: fillColor = '#FFFCA6'
16.4522 	EXP 	self_box: fillColor = '#A6A9FF'
16.4522 	EXP 	other_box: fillColor = '#FFFCA6'
16.4628 	EXP 	self_box: fillColor = '#A6A9FF'
16.4628 	EXP 	other_box: fillColor = '#FFFCA6'
16.4796 	EXP 	self_box: fillColor = '#A6A9FF'
16.4796 	EXP 	other_box: fillColor = '#FFFCA6'
16.4966 	EXP 	self_box: fillColor = '#A6A9FF'
16.4966 	EXP 	other_box: fillColor = '#FFFCA6'
16.5138 	EXP 	self_box: fillColor = '#A6A9FF'
16.5138 	EXP 	other_box: fillColor = '#FAF33E'
16.5329 	EXP 	self_box: fillColor = '#A6A9FF'
16.5329 	EXP 	other_box: fillColor = '#FAF33E'
16.5522 	EXP 	self_box: fillColor = '#A6A9FF'
16.5522 	EXP 	other_box: fillColor = '#FAF33E'
16.5640 	EXP 	self_box: fillColor = '#A6A9FF'
16.5640 	EXP 	other_box: fillColor = '#FAF33E'
16.5798 	EXP 	self_box: fillColor = '#A6A9FF'
16.5798 	EXP 	other_box: fillColor = '#FAF33E'
16.5975 	EXP 	self_box: fillColor = '#A6A9FF'
16.5975 	EXP 	other_box: fillColor = '#FAF33E'
16.6164 	EXP 	self_box: fillColor = '#A6A9FF'
16.6164 	EXP 	other_box: fillColor = '#FAF33E'
16.6358 	EXP 	self_box: fillColor = '#A6A9FF'
16.6358 	EXP 	other_box: fillColor = '#FAF33E'
16.6470 	EXP 	self_box: fillColor = '#A6A9FF'
16.6470 	EXP 	other_box: fillColor = '#FAF33E'
16.6633 	EXP 	self_box: fillColor = '#A6A9FF'
16.6633 	EXP 	other_box: fillColor = '#FAF33E'
16.6808 	EXP 	self_box: fillColor = '#A6A9FF'
16.6808 	EXP 	other_box: fillColor = '#FAF33E'
16.6997 	EXP 	self_box: fillColor = '#A6A9FF'
16.6997 	EXP 	other_box: fillColor = '#FAF33E'
16.7189 	EXP 	self_box: fillColor = '#A6A9FF'
16.7189 	EXP 	other_box: fillColor = '#FAF33E'
16.7306 	EXP 	self_box: fillColor = '#A6A9FF'
16.7306 	EXP 	other_box: fillColor = '#FAF33E'
16.7469 	EXP 	self_box: fillColor = '#A6A9FF'
16.7469 	EXP 	other_box: fillColor = '#FAF33E'
16.7640 	EXP 	self_box: fillColor = '#A6A9FF'
16.7640 	EXP 	other_box: fillColor = '#FAF33E'
16.7647 	DATA 	Mouse: Left button down, pos=(997,236)
16.7663 	EXP 	New trial (rep=0, index=1): {'word': 'word2.29', 'amount': 0.0, 'list': 'list2', 'trialtype': 'unmodified', 'block': 0}
16.7834 	EXP 	self_box: fillColor = '#A6A9FF'
16.7834 	EXP 	other_box: fillColor = '#FAF33E'
16.7834 	EXP 	question: autoDraw = False
16.7834 	EXP 	self_box: autoDraw = False
16.7834 	EXP 	self_label: autoDraw = False
16.7834 	EXP 	other_box: autoDraw = False
16.7834 	EXP 	other_label: autoDraw = False
16.7834 	EXP 	text: text = 'word2.29'
16.8809 	DATA 	Mouse: Left button up, pos=(999,236)
17.7817 	EXP 	text: autoDraw = True
21.7778 	EXP 	text: autoDraw = False
21.7778 	EXP 	question: autoDraw = True
21.7778 	EXP 	self_box: autoDraw = True
21.7778 	EXP 	self_label: autoDraw = True
21.7778 	EXP 	other_box: autoDraw = True
21.7778 	EXP 	other_label: autoDraw = True
21.7778 	EXP 	self_box: fillColor = '#A6A9FF'
21.7778 	EXP 	other_box: fillColor = '#FAF33E'
21.7894 	EXP 	self_box: fillColor = '#A6A9FF'
21.7894 	EXP 	other_box: fillColor = '#FAF33E'
21.8052 	EXP 	self_box: fillColor = '#A6A9FF'
21.8052 	EXP 	other_box: fillColor = '#FAF33E'
21.8228 	EXP 	self_box: fillColor = '#A6A9FF'
21.8228 	EXP 	other_box: fillColor = '#FAF33E'
21.8419 	EXP 	self_box: fillColor = '#A6A9FF'
21.8419 	EXP 	other_box: fillColor = '#FAF33E'
21.8610 	EXP 	self_box: fillColor = '#A6A9FF'
21.8610 	EXP 	other_box: fillColor = '#FAF33E'
21.8722 	EXP 	self_box: fillColor = '#A6A9FF'
21.8722 	EXP 	other_box: fillColor = '#FAF33E'
21.8889 	EXP 	self_box: fillColor = '#A6A9FF'
21.8889 	EXP 	other_box: fillColor = '#FAF33E'
21.9103 	EXP 	self_box: fillColor = '#A6A9FF'
21.9103 	EXP 	other_box: fillColor = '#FAF33E'
21.9279 	EXP 	self_box: fillColor = '#A6A9FF'
21.9279 	EXP 	other_box: fillColor = '#FAF33E'
21.9387 	EXP 	self_box: fillColor = '#A6A9FF'
21.9387 	EXP 	other_box: fillColor = '#FAF33E'
21.9561 	EXP 	self_box: fillColor = '#A6A9FF'
21.9561 	EXP 	other_box: fillColor = '#FAF33E'
21.9774 	EXP 	self_box: fillColor = '#A6A9FF'
21.9774 	EXP 	other_box: fillColor = '#FAF33E'
21.9947 	EXP 	self_box: fillColor = '#A6A9FF'
21.9947 	EXP 	other_box: fillColor = '#FAF33E'
22.0062 	EXP 	self_box: fillColor = '#A6A9FF'
22.0062 	EXP 	other_box: fillColor = '#FAF33E'
22.0222 	EXP 	self_box: fillColor = '#A6A9FF'
22.0222 	EXP 	other_box: fillColor = '#FAF33E'
22.0387 	EXP 	self_box: fillColor = '#A6A9FF'
22.0387 	EXP 	other_box: fillColor = '#FAF33E'
22.0565 	EXP 	self_box: fillColor = '#A6A9FF'
22.0565 	EXP 	other_box: fillColor = '#FAF33E'
22.0776 	EXP 	self_box: fillColor = '#A6A9FF'
22.0776 	EXP 	other_box: fillColor = '#FAF33E'
22.0945 	EXP 	self_box: fillColor = '#A6A9FF'
22.0945 	EXP 	other_box: fillColor = '#FAF33E'
22.1061 	EXP 	self_box: fillColor = '#A6A9FF'
22.1061 	EXP 	other_box: fillColor = '#FAF33E'
22.1224 	EXP 	self_box: fillColor = '#A6A9FF'
22.1224 	EXP 	other_box: fillColor = '#FAF33E'
22.1399 	EXP 	self_box: fillColor = '#A6A9FF'
22.1399 	EXP 	other_box: fillColor = '#FAF33E'
22.1607 	EXP 	self_box: fillColor = '#A6A9FF'
22.1607 	EXP 	other_box: fillColor = '#FAF33E'
22.1762 	EXP 	self_box: fillColor = '#A6A9FF'
22.1762 	EXP 	other_box: fillColor = '#FAF33E'
22.1891 	EXP 	self_box: fillColor = '#A6A9FF'
22.1891 	EXP 	other_box: fillColor = '#FAF33E'
22.2059 	EXP 	self_box: fillColor = '#A6A9FF'
22.2059 	EXP 	other_box: fillColor = '#FAF33E'
22.2224 	EXP 	self_box: fillColor = '#A6A9FF'
22.2224 	EXP 	other_box: fillColor = '#FAF33E'
22.2396 	EXP 	self_box: fillColor = '#A6A9FF'
22.2396 	EXP 	other_box: fillColor = '#FAF33E'
22.2607 	EXP 	self_box: fillColor = '#A6A9FF'
22.2607 	EXP 	other_box: fillColor = '#FAF33E'
22.2767 	EXP 	self_box: fillColor = '#A6A9FF'
22.2767 	EXP 	other_box: fillColor = '#FAF33E'
22.2896 	EXP 	self_box: fillColor = '#A6A9FF'
22.2896 	EXP 	other_box: fillColor = '#FAF33E'
22.3061 	EXP 	self_box: fillColor = '#A6A9FF'
22.3061 	EXP 	other_box: fillColor = '#FAF33E'
22.3228 	EXP 	self_box: fillColor = '#A6A9FF'
22.3228 	EXP 	other_box: fillColor = '#FAF33E'
22.3395 	EXP 	self_box: fillColor = '#A6A9FF'
22.3395 	EXP 	other_box: fillColor = '#FAF33E'
22.3590 	EXP 	self_box: fillColor = '#A6A9FF'
22.3590 	EXP 	other_box: fillColor = '#FAF33E'
22.3790 	EXP 	self_box: fillColor = '#A6A9FF'
22.3790 	EXP 	other_box: fillColor = '#FAF33E'
22.3795 	DATA 	Mouse: Left button down, pos=(1087,245)
22.3809 	EXP 	New trial (rep=0, index=2): {'word': 'word1.29', 'amount': -0.5, 'list': 'list1', 'trialtype': 'pitch lower', 'block': 0}
22.4108 	EXP 	self_box: fillColor = '#A6A9FF'
22.4108 	EXP 	other_box: fillColor = '#FAF33E'
22.4108 	EXP 	question: autoDraw = False
22.4108 	EXP 	self_box: autoDraw = False
22.4108 	EXP 	self_label: autoDraw = False
22.4108 	EXP 	other_box: autoDraw = False
22.4108 	EXP 	other_label: autoDraw = False
22.4108 	EXP 	text: text = 'word1.29'
22.4571 	DATA 	Mouse: Left button up, pos=(1087,245)
23.4081 	EXP 	text: autoDraw = True
26.1132 	EXP 	text: autoDraw = False
26.1132 	EXP 	question: autoDraw = True
26.1132 	EXP 	self_box: autoDraw = True
26.1132 	EXP 	self_label: autoDraw = True
26.1132 	EXP 	other_box: autoDraw = True
26.1132 	EXP 	other_label: autoDraw = True
26.1132 	EXP 	self_box: fillColor = '#A6A9FF'
26.1132 	EXP 	other_box: fillColor = '#FFFCA6'
26.1301 	EXP 	self_box: fillColor = '#A6A9FF'
26.1301 	EXP 	other_box: fillColor = '#FFFCA6'
26.1458 	EXP 	self_box: fillColor = '#A6A9FF'
26.1458 	EXP 	other_box: fillColor = '#FFFCA6'
26.1624 	EXP 	self_box: fillColor = '#A6A9FF'
26.1624 	EXP 	other_box: fillColor = '#FFFCA6'
26.1844 	EXP 	self_box: fillColor = '#A6A9FF'
26.1844 	EXP 	other_box: fillColor = '#FFFCA6'
26.2022 	EXP 	self_box: fillColor = '#A6A9FF'
26.2022 	EXP 	other_box: fillColor = '#FFFCA6'
26.2132 	EXP 	self_box: fillColor = '#A6A9FF'
26.2132 	EXP 	other_box: fillColor = '#FFFCA6'
26.2302 	EXP 	self_box: fillColor = '#A6A9FF'
26.2302 	EXP 	other_box: fillColor = '#FFFCA6'
26.2505 	EXP 	self_box: fillColor = '#A6A9FF'
26.2505 	EXP 	other_box: fillColor = '#FFFCA6'
26.2664 	EXP 	self_box: fillColor = '#A6A9FF'
26.2664 	EXP 	other_box: fillColor = '#FFFCA6'
26.2794 	EXP 	self_box: fillColor = '#A6A9FF'
26.2794 	EXP 	other_box: fillColor = '#FFFCA6'
26.2958 	EXP 	self_box: fillColor = '#A6A9FF'
26.2958 	EXP 	other_box: fillColor = '#FFFCA6'
26.3128 	EXP 	self_box: fillColor = '#A6A9FF'
26.3128 	EXP 	other_box: fillColor = '#FFFCA6'
26.3340 	EXP 	self_box: fillColor = '#A6A9FF'
26.3340 	EXP 	other_box: fillColor = '#FFFCA6'
26.3520 	EXP 	self_box: fillColor = '#A6A9FF'
26.3520 	EXP 	other_box: fillColor = '#FFFCA6'
26.3635 	EXP 	self_box: fillColor = '#A6A9FF'
26.3635 	EXP 	other_box: fillColor = '#FFFCA6'
26.3806 	EXP 	self_box: fillColor = '#A6A9FF'
26.3806 	EXP 	other_box: fillColor = '#FFFCA6'
26.4007 	EXP 	self_box: fillColor = '#A6A9FF'
26.4007 	EXP 	other_box: fillColor = '#FFFCA6'
26.4189 	EXP 	self_box: fillColor = '#A6A9FF'
26.4189 	EXP 	other_box: fillColor = '#FFFCA6'
26.4297 	EXP 	self_box: fillColor = '#A6A9FF'
26.4297 	EXP 	other_box: fillColor = '#FFFCA6'
26.4462 	EXP 	self_box: fillColor = '#A6A9FF'
26.4462 	EXP 	other_box: fillColor = '#FFFCA6'
26.4631 	EXP 	self_box: fillColor = '#A6A9FF'
26.4631 	EXP 	other_box: fillColor = '#FFFCA6'
26.4799 	EXP 	self_box: fillColor = '#A6A9FF'
26.4799 	EXP 	other_box: fillColor = '#FFFCA6'
26.4989 	EXP 	self_box: fillColor = '#A6A9FF'
26.4989 	EXP 	other_box: fillColor = '#FFFCA6'
26.5186 	EXP 	self_box: fillColor = '#A6A9FF'
26.5186 	EXP 	other_box: fillColor = '#FFFCA6'
26.5305 	EXP 	self_box: fillColor = '#A6A9FF'
26.5305 	EXP 	other_box: fillColor = '#FFFCA6'
26.5473 	EXP 	self_box: fillColor = '#A6A9FF'
26.5473 	EXP 	other_box: fillColor = '#FFFCA6'
26.5632 	EXP 	self_box: fillColor = '#A6A9FF'
26.5632 	EXP 	other_box: fillColor = '#FFFCA6'
26.5799 	EXP 	self_box: fillColor = '#A6A9FF'
26.5799 	EXP 	other_box: fillColor = '#FFFCA6'
26.5990 	EXP 	self_box: fillColor = '#A6A9FF'
26.5990 	EXP 	other_box: fillColor = '#FFFCA6'
26.6189 	EXP 	self_box: fillColor = '#A6A9FF'
26.6189 	EXP 	other_box: fillColor = '#FAF33E'
26.6297 	EXP 	self_box: fillColor = '#A6A9FF'
26.6297 	EXP 	other_box: fillColor = '#FAF33E'
26.6476 	EXP 	self_box: fillColor = '#A6A9FF'
26.6476 	EXP 	other_box: fillColor = '#FAF33E'
26.6677 	EXP 	self_box: fillColor = '#A6A9FF'
26.6677 	EXP 	other_box: fillColor = '#FAF33E'
26.6841 	EXP 	self_box: fillColor = '#A6A9FF'
26.6841 	EXP 	other_box: fillColor = '#FAF33E'
26.6965 	EXP 	self_box: fillColor = '#A6A9FF'
26.6965 	EXP 	other_box: fillColor = '#FAF33E'
26.7136 	EXP 	self_box: fillColor = '#A6A9FF'
26.7136 	EXP 	other_box: fillColor = '#FAF33E'
26.7350 	EXP 	self_box: fillColor = '#A6A9FF'
26.7350 	EXP 	other_box: fillColor = '#FAF33E'
26.7529 	EXP 	self_box: fillColor = '#A6A9FF'
26.7529 	EXP 	other_box: fillColor = '#FAF33E'
26.7636 	EXP 	self_box: fillColor = '#A6A9FF'
26.7636 	EXP 	other_box: fillColor = '#FAF33E'
26.7813 	EXP 	self_box: fillColor = '#A6A9FF'
26.7813 	EXP 	other_box: fillColor = '#FAF33E'
26.7998 	EXP 	self_box: fillColor = '#A6A9FF'
26.7998 	EXP 	other_box: fillColor = '#FAF33E'
26.8194 	EXP 	self_box: fillColor = '#A6A9FF'
26.8194 	EXP 	other_box: fillColor = '#FAF33E'
26.8201 	DATA 	Mouse: Left button down, pos=(1088,303)
26.8215 	EXP 	New trial (rep=0, index=3): {'word': 'word1.13', 'amount': -0.5, 'list': 'list1', 'trialtype': 'pitch lower', 'block': 0}
26.8309 	EXP 	self_box: fillColor = '#A6A9FF'
26.8309 	EXP 	other_box: fillColor = '#FAF33E'
26.8309 	EXP 	question: autoDraw = False
26.8309 	EXP 	self_box: autoDraw = False
26.8309 	EXP 	self_label: autoDraw = False
26.8309 	EXP 	other_box: autoDraw = False
26.8309 	EXP 	other_label: autoDraw = False
26.8309 	EXP 	text: text = 'word1.13'
26.8870 	DATA 	Mouse: Left button up, pos=(1088,303)
27.8534 	EXP 	text: autoDraw = True
30.0413 	EXP 	text: autoDraw = False
30.0413 	EXP 	question: autoDraw = True
30.0413 	EXP 	self_box: autoDraw = True
30.0413 	EXP 	self_label: autoDraw = True
30.0413 	EXP 	other_box: autoDraw = True
30.0413 	EXP 	other_label: autoDraw = True
30.0413 	EXP 	self_box: fillColor = '#A6A9FF'
30.0413 	EXP 	other_box: fillColor = '#FAF33E'
30.0539 	EXP 	self_box: fillColor = '#A6A9FF'
30.0539 	EXP 	other_box: fillColor = '#FAF33E'
30.0685 	EXP 	self_box: fillColor = '#A6A9FF'
30.0685 	EXP 	other_box: fillColor = '#FAF33E'
30.0850 	EXP 	self_box: fillColor = '#A6A9FF'
30.0850 	EXP 	other_box: fillColor = '#FAF33E'
30.1026 	EXP 	self_box: fillColor = '#A6A9FF'
30.1026 	EXP 	other_box: fillColor = '#FAF33E'
30.1184 	EXP 	self_box: fillColor = '#A6A9FF'
30.1184 	EXP 	other_box: fillColor = '#FAF33E'
30.1360 	EXP 	self_box: fillColor = '#A6A9FF'
30.1360 	EXP 	other_box: fillColor = '#FAF33E'
30.1519 	EXP 	self_box: fillColor = '#A6A9FF'
30.1519 	EXP 	other_box: fillColor = '#FAF33E'
30.1684 	EXP 	self_box: fillColor = '#A6A9FF'
30.1684 	EXP 	other_box: fillColor = '#FAF33E'
30.1860 	EXP 	self_box: fillColor = '#A6A9FF'
30.1860 	EXP 	other_box: fillColor = '#FAF33E'
30.2021 	EXP 	self_box: fillColor = '#A6A9FF'
30.2021 	EXP 	other_box: fillColor = '#FAF33E'
30.2185 	EXP 	self_box: fillColor = '#A6A9FF'
30.2185 	EXP 	other_box: fillColor = '#FAF33E'
30.2356 	EXP 	self_box: fillColor = '#A6A9FF'
30.2356 	EXP 	other_box: fillColor = '#FAF33E'
30.2528 	EXP 	self_box: fillColor = '#A6A9FF'
30.2528 	EXP 	other_box: fillColor = '#FAF33E'
30.2696 	EXP 	self_box: fillColor = '#A6A9FF'
30.2696 	EXP 	other_box: fillColor = '#FAF33E'
30.2857 	EXP 	self_box: fillColor = '#A6A9FF'
30.2857 	EXP 	other_box: fillColor = '#FAF33E'
30.3046 	EXP 	self_box: fillColor = '#A6A9FF'
30.3046 	EXP 	other_box: fillColor = '#FAF33E'
30.3186 	EXP 	self_box: fillColor = '#A6A9FF'
30.3186 	EXP 	other_box: fillColor = '#FAF33E'
30.3354 	EXP 	self_box: fillColor = '#A6A9FF'
30.3354 	EXP 	other_box: fillColor = '#FAF33E'
30.3525 	EXP 	self_box: fillColor = '#A6A9FF'
30.3525 	EXP 	other_box: fillColor = '#FAF33E'
30.3697 	EXP 	self_box: fillColor = '#A6A9FF'
30.3697 	EXP 	other_box: fillColor = '#FAF33E'
30.3858 	EXP 	self_box: fillColor = '#A6A9FF'
30.3858 	EXP 	other_box: fillColor = '#FAF33E'
30.4029 	EXP 	self_box: fillColor = '#A6A9FF'
30.4029 	EXP 	other_box: fillColor = '#FAF33E'
30.4191 	EXP 	self_box: fillColor = '#A6A9FF'
30.4191 	EXP 	other_box: fillColor = '#FAF33E'
30.4363 	EXP 	self_box: fillColor = '#A6A9FF'
30.4363 	EXP 	other_box: fillColor = '#FAF33E'
30.4529 	EXP 	self_box: fillColor = '#A6A9FF'
30.4529 	EXP 	other_box: fillColor = '#FAF33E'
30.4698 	EXP 	self_box: fillColor = '#A6A9FF'
30.4698 	EXP 	other_box: fillColor = '#FAF33E'
30.4868 	EXP 	self_box: fillColor = '#A6A9FF'
30.4868 	EXP 	other_box: fillColor = '#FAF33E'
30.5025 	EXP 	self_box: fillColor = '#A6A9FF'
30.5025 	EXP 	other_box: fillColor = '#FAF33E'
30.5198 	EXP 	self_box: fillColor = '#A6A9FF'
30.5198 	EXP 	other_box: fillColor = '#FAF33E'
30.5366 	EXP 	self_box: fillColor = '#A6A9FF'
30.5366 	EXP 	other_box: fillColor = '#FAF33E'
30.5527 	EXP 	self_box: fillColor = '#A6A9FF'
30.5527 	EXP 	other_box: fillColor = '#FAF33E'
30.5567 	DATA 	Mouse: Left button down, pos=(1091,239)
30.5723 	EXP 	self_box: fillColor = '#A6A9FF'
30.5723 	EXP 	other_box: fillColor = '#FAF33E'
30.5737 	EXP 	New trial (rep=0, index=4): {'word': 'word3.5', 'amount': 0.5, 'list': 'list3', 'trialtype': 'pitch higher', 'block': 0}
30.5864 	EXP 	self_box: fillColor = '#A6A9FF'
30.5864 	EXP 	other_box: fillColor = '#FAF33E'
30.5864 	EXP 	question: autoDraw = False
30.5864 	EXP 	self_box: autoDraw = False
30.5864 	EXP 	self_label: autoDraw = False
30.5864 	EXP 	other_box: autoDraw = False
30.5864 	EXP 	other_label: autoDraw = False
30.5864 	EXP 	text: text = 'word3.5'
30.6364 	DATA 	Mouse: Left button up, pos=(1091,239)
31.6045 	EXP 	text: autoDraw = True
33.8085 	EXP 	text: autoDraw = False
33.8085 	EXP 	question: autoDraw = True
33.8085 	EXP 	self_box: autoDraw = True
33.8085 	EXP 	self_label: autoDraw = True
33.8085 	EXP 	other_box: autoDraw = True
33.8085 	EXP 	other_label: autoDraw = True
33.8085 	EXP 	self_box: fillColor = '#A6A9FF'
33.8085 	EXP 	other_box: fillColor = '#FAF33E'
33.8256 	EXP 	self_box: fillColor = '#A6A9FF'
33.8256 	EXP 	other_box: fillColor = '#FAF33E'
33.8465 	EXP 	self_box: fillColor = '#A6A9FF'
33.8465 	EXP 	other_box: fillColor = '#FAF33E'
33.8645 	EXP 	self_box: fillColor = '#A6A9FF'
33.8645 	EXP 	other_box: fillColor = '#FAF33E'
33.8754 	EXP 	self_box: fillColor = '#A6A9FF'
33.8754 	EXP 	other_box: fillColor = '#FAF33E'
33.8920 	EXP 	self_box: fillColor = '#A6A9FF'
33.8920 	EXP 	other_box: fillColor = '#FAF33E'
33.9092 	EXP 	self_box: fillColor = '#A6A9FF'
33.9092 	EXP 	other_box: fillColor = '#FAF33E'
33.9299 	EXP 	self_box: fillColor = '#A6A9FF'
33.9299 	EXP 	other_box: fillColor = '#FAF33E'
33.9461 	EXP 	self_box: fillColor = '#A6A9FF'
33.9461 	EXP 	other_box: fillColor = '#FAF33E'
33.9592 	EXP 	self_box: fillColor = '#A6A9FF'
33.9592 	EXP 	other_box: fillColor = '#FAF33E'
33.9756 	EXP 	self_box: fillColor = '#A6A9FF'
33.9756 	EXP 	other_box: fillColor = '#FAF33E'
33.9924 	EXP 	self_box: fillColor = '#A6A9FF'
33.9924 	EXP 	other_box: fillColor = '#FAF33E'
34.0093 	EXP 	self_box: fillColor = '#A6A9FF'
34.0093 	EXP 	other_box: fillColor = '#FAF33E'
34.0256 	EXP 	self_box: fillColor = '#A6A9FF'
34.0256 	EXP 	other_box: fillColor = '#FAF33E'
34.0449 	EXP 	self_box: fillColor = '#A6A9FF'
34.0449 	EXP 	other_box: fillColor = '#FAF33E'
34.0650 	EXP 	self_box: fillColor = '#A6A9FF'
34.0650 	EXP 	other_box: fillColor = '#FAF33E'
34.0755 	EXP 	self_box: fillColor = '#A6A9FF'
34.0755 	EXP 	other_box: fillColor = '#FAF33E'
34.0923 	EXP 	self_box: fillColor = '#A6A9FF'
34.0923 	EXP 	other_box: fillColor = '#FAF33E'
34.1089 	EXP 	self_box: fillColor = '#A6A9FF'
34.1089 	EXP 	other_box: fillColor = '#FAF33E'
34.1257 	EXP 	self_box: fillColor = '#A6A9FF'
34.1257 	EXP 	other_box: fillColor = '#FAF33E'
34.1455 	EXP 	self_box: fillColor = '#A6A9FF'
34.1455 	EXP 	other_box: fillColor = '#FAF33E'
34.1629 	EXP 	self_box: fillColor = '#A6A9FF'
34.1629 	EXP 	other_box: fillColor = '#FAF33E'
34.1758 	EXP 	self_box: fillColor = '#A6A9FF'
34.1758 	EXP 	other_box: fillColor = '#FAF33E'
34.1924 	EXP 	self_box: fillColor = '#A6A9FF'
34.1924 	EXP 	other_box: fillColor = '#FAF33E'
34.2122 	EXP 	self_box: fillColor = '#A6A9FF'
34.2122 	EXP 	other_box: fillColor = '#FAF33E'
34.2298 	EXP 	self_box: fillColor = '#A6A9FF'
34.2298 	EXP 	other_box: fillColor = '#FAF33E'
34.2427 	EXP 	self_box: fillColor = '#A6A9FF'
34.2427 	EXP 	other_box: fillColor = '#FAF33E'
34.2589 	EXP 	self_box: fillColor = '#A6A9FF'
34.2589 	EXP 	other_box: fillColor = '#FAF33E'
34.2759 	EXP 	self_box: fillColor = '#A6A9FF'
34.2759 	EXP 	other_box: fillColor = '#FAF33E'
34.2972 	EXP 	self_box: fillColor = '#A6A9FF'
34.2972 	EXP 	other_box: fillColor = '#FAF33E'
34.3132 	EXP 	self_box: fillColor = '#A6A9FF'
34.3132 	EXP 	other_box: fillColor = '#FAF33E'
34.3260 	EXP 	self_box: fillColor = '#A6A9FF'
34.3260 	EXP 	other_box: fillColor = '#FAF33E'
34.3432 	EXP 	self_box: fillColor = '#A6A9FF'
34.3432 	EXP 	other_box: fillColor = '#FAF33E'
34.3623 	EXP 	self_box: fillColor = '#A6A9FF'
34.3623 	EXP 	other_box: fillColor = '#FAF33E'
34.3798 	EXP 	self_box: fillColor = '#A6A9FF'
34.3798 	EXP 	other_box: fillColor = '#FAF33E'
34.3926 	EXP 	self_box: fillColor = '#A6A9FF'
34.3926 	EXP 	other_box: fillColor = '#FAF33E'
34.4096 	EXP 	self_box: fillColor = '#A6A9FF'
34.4096 	EXP 	other_box: fillColor = '#FAF33E'
34.4259 	EXP 	self_box: fillColor = '#A6A9FF'
34.4259 	EXP 	other_box: fillColor = '#FAF33E'
34.4428 	EXP 	self_box: fillColor = '#A6A9FF'
34.4428 	EXP 	other_box: fillColor = '#FAF33E'
34.4626 	EXP 	self_box: fillColor = '#A6A9FF'
34.4626 	EXP 	other_box: fillColor = '#FAF33E'
34.4817 	EXP 	self_box: fillColor = '#A6A9FF'
34.4817 	EXP 	other_box: fillColor = '#FAF33E'
34.4926 	EXP 	self_box: fillColor = '#A6A9FF'
34.4926 	EXP 	other_box: fillColor = '#FAF33E'
34.5095 	EXP 	self_box: fillColor = '#A6A9FF'
34.5095 	EXP 	other_box: fillColor = '#FAF33E'
34.5259 	EXP 	self_box: fillColor = '#A6A9FF'
34.5259 	EXP 	other_box: fillColor = '#FAF33E'
34.5481 	EXP 	self_box: fillColor = '#A6A9FF'
34.5481 	EXP 	other_box: fillColor = '#FAF33E'
34.5653 	EXP 	self_box: fillColor = '#A6A9FF'
34.5653 	EXP 	other_box: fillColor = '#FAF33E'
34.5769 	EXP 	self_box: fillColor = '#A6A9FF'
34.5769 	EXP 	other_box: fillColor = '#FAF33E'
34.5931 	EXP 	self_box: fillColor = '#A6A9FF'
34.5931 	EXP 	other_box: fillColor = '#FAF33E'
34.6097 	EXP 	self_box: fillColor = '#A6A9FF'
34.6097 	EXP 	other_box: fillColor = '#FAF33E'
34.6270 	EXP 	self_box: fillColor = '#A6A9FF'
34.6270 	EXP 	other_box: fillColor = '#FAF33E'
34.6275 	DATA 	Mouse: Left button down, pos=(1092,226)
34.6290 	EXP 	New trial (rep=0, index=5): {'word': 'word2.12', 'amount': 0.0, 'list': 'list2', 'trialtype': 'unmodified', 'block': 0}
34.6458 	EXP 	self_box: fillColor = '#A6A9FF'
34.6458 	EXP 	other_box: fillColor = '#FAF33E'
34.6458 	EXP 	question: autoDraw = False
34.6458 	EXP 	self_box: autoDraw = False
34.6458 	EXP 	self_label: autoDraw = False
34.6458 	EXP 	other_box: autoDraw = False
34.6458 	EXP 	other_label: autoDraw = False
34.6458 	EXP 	text: text = 'word2.12'
34.6940 	DATA 	Mouse: Left button up, pos=(1092,226)
35.6509 	EXP 	text: autoDraw = True
37.8377 	EXP 	text: autoDraw = False
37.8377 	EXP 	question: autoDraw = True
37.8377 	EXP 	self_box: autoDraw = True
37.8377 	EXP 	self_label: autoDraw = True
37.8377 	EXP 	other_box: autoDraw = True
37.8377 	EXP 	other_label: autoDraw = True
37.8377 	EXP 	self_box: fillColor = '#A6A9FF'
37.8377 	EXP 	other_box: fillColor = '#FAF33E'
37.8491 	EXP 	self_box: fillColor = '#A6A9FF'
37.8491 	EXP 	other_box: fillColor = '#FAF33E'
37.8656 	EXP 	self_box: fillColor = '#A6A9FF'
37.8656 	EXP 	other_box: fillColor = '#FAF33E'
37.8824 	EXP 	self_box: fillColor = '#A6A9FF'
37.8824 	EXP 	other_box: fillColor = '#FAF33E'
37.9039 	EXP 	self_box: fillColor = '#A6A9FF'
37.9039 	EXP 	other_box: fillColor = '#FAF33E'
37.9215 	EXP 	self_box: fillColor = '#A6A9FF'
37.9215 	EXP 	other_box: fillColor = '#FAF33E'
37.9322 	EXP 	self_box: fillColor = '#A6A9FF'
37.9322 	EXP 	other_box: fillColor = '#FAF33E'
37.9490 	EXP 	self_box: fillColor = '#A6A9FF'
37.9490 	EXP 	other_box: fillColor = '#FAF33E'
37.9685 	EXP 	self_box: fillColor = '#A6A9FF'
37.9685 	EXP 	other_box: fillColor = '#FAF33E'
37.9860 	EXP 	self_box: fillColor = '#A6A9FF'
37.9860 	EXP 	other_box: fillColor = '#FAF33E'
37.9988 	EXP 	self_box: fillColor = '#A6A9FF'
37.9988 	EXP 	other_box: fillColor = '#FAF33E'
38.0152 	EXP 	self_box: fillColor = '#A6A9FF'
38.0152 	EXP 	other_box: fillColor = '#FAF33E'
38.0324 	EXP 	self_box: fillColor = '#A6A9FF'
38.0324 	EXP 	other_box: fillColor = '#FAF33E'
38.0537 	EXP 	self_box: fillColor = '#A6A9FF'
38.0537 	EXP 	other_box: fillColor = '#FAF33E'
38.0721 	EXP 	self_box: fillColor = '#A6A9FF'
38.0721 	EXP 	other_box: fillColor = '#FAF33E'
38.0824 	EXP 	self_box: fillColor = '#A6A9FF'
38.0824 	EXP 	other_box: fillColor = '#FAF33E'
38.0997 	EXP 	self_box: fillColor = '#A6A9FF'
38.0997 	EXP 	other_box: fillColor = '#FAF33E'
38.1185 	EXP 	self_box: fillColor = '#A6A9FF'
38.1185 	EXP 	other_box: fillColor = '#FAF33E'
38.1365 	EXP 	self_box: fillColor = '#A6A9FF'
38.1365 	EXP 	other_box: fillColor = '#FAF33E'
38.1370 	DATA 	Mouse: Left button down, pos=(1115,194)
38.1386 	EXP 	New trial (rep=0, index=6): {'word': 'word1.2', 'amount': -0.5, 'list': 'list1', 'trialtype': 'pitch lower', 'block': 0}
38.1498 	EXP 	self_box: fillColor = '#A6A9FF'
38.1498 	EXP 	other_box: fillColor = '#FAF33E'
38.1498 	EXP 	question: autoDraw = False
38.1498 	EXP 	self_box: autoDraw = False
38.1498 	EXP 	self_label: autoDraw = False
38.1498 	EXP 	other_box: autoDraw = False
38.1498 	EXP 	other_label: autoDraw = False
38.1498 	EXP 	text: text = 'word1.2'
38.2165 	DATA 	Mouse: Left button up, pos=(1115,194)
39.1505 	EXP 	text: autoDraw = True
41.3052 	EXP 	text: autoDraw = False
41.3052 	EXP 	question: autoDraw = True
41.3052 	EXP 	self_box: autoDraw = True
41.3052 	EXP 	self_label: autoDraw = True
41.3052 	EXP 	other_box: autoDraw = True
41.3052 	EXP 	other_label: autoDraw = True
41.3052 	EXP 	self_box: fillColor = '#A6A9FF'
41.3052 	EXP 	other_box: fillColor = '#FAF33E'
41.3216 	EXP 	self_box: fillColor = '#A6A9FF'
41.3216 	EXP 	other_box: fillColor = '#FAF33E'
41.3383 	EXP 	self_box: fillColor = '#A6A9FF'
41.3383 	EXP 	other_box: fillColor = '#FAF33E'
41.3569 	EXP 	self_box: fillColor = '#A6A9FF'
41.3569 	EXP 	other_box: fillColor = '#FAF33E'
41.3752 	EXP 	self_box: fillColor = '#A6A9FF'
41.3752 	EXP 	other_box: fillColor = '#FAF33E'
41.3886 	EXP 	self_box: fillColor = '#A6A9FF'
41.3886 	EXP 	other_box: fillColor = '#FAF33E'
41.4044 	EXP 	self_box: fillColor = '#A6A9FF'
41.4044 	EXP 	other_box: fillColor = '#FAF33E'
41.4212 	EXP 	self_box: fillColor = '#A6A9FF'
41.4212 	EXP 	other_box: fillColor = '#FAF33E'
41.4386 	EXP 	self_box: fillColor = '#A6A9FF'
41.4386 	EXP 	other_box: fillColor = '#FAF33E'
41.4572 	EXP 	self_box: fillColor = '#A6A9FF'
41.4572 	EXP 	other_box: fillColor = '#FAF33E'
41.4768 	EXP 	self_box: fillColor = '#A6A9FF'
41.4768 	EXP 	other_box: fillColor = '#FAF33E'
41.5098 	EXP 	self_box: fillColor = '#A6A9FF'
41.5098 	EXP 	other_box: fillColor = '#FAF33E'
41.5277 	EXP 	self_box: fillColor = '#A6A9FF'
41.5277 	EXP 	other_box: fillColor = '#FAF33E'
41.5387 	EXP 	self_box: fillColor = '#A6A9FF'
41.5387 	EXP 	other_box: fillColor = '#FAF33E'
41.5545 	EXP 	self_box: fillColor = '#A6A9FF'
41.5545 	EXP 	other_box: fillColor = '#FAF33E'
41.5715 	EXP 	self_box: fillColor = '#A6A9FF'
41.5715 	EXP 	other_box: fillColor = '#FAF33E'
41.5888 	EXP 	self_box: fillColor = '#A6A9FF'
41.5888 	EXP 	other_box: fillColor = '#FAF33E'
41.6053 	EXP 	self_box: fillColor = '#A6A9FF'
41.6053 	EXP 	other_box: fillColor = '#FAF33E'
41.6224 	EXP 	self_box: fillColor = '#A6A9FF'
41.6224 	EXP 	other_box: fillColor = '#FAF33E'
41.6428 	EXP 	self_box: fillColor = '#A6A9FF'
41.6428 	EXP 	other_box: fillColor = '#FAF33E'
41.6609 	EXP 	self_box: fillColor = '#A6A9FF'
41.6609 	EXP 	other_box: fillColor = '#FAF33E'
41.6627 	DATA 	Mouse: Left button down, pos=(1085,190)
41.6932 	EXP 	self_box: fillColor = '#A6A9FF'
41.6932 	EXP 	other_box: fillColor = '#FAF33E'
41.6948 	EXP 	New trial (rep=0, index=7): {'word': 'word3.23', 'amount': 0.5, 'list': 'list3', 'trialtype': 'pitch higher', 'block': 0}
41.7105 	EXP 	self_box: fillColor = '#A6A9FF'
41.7105 	EXP 	other_box: fillColor = '#FAF33E'
41.7105 	EXP 	question: autoDraw = False
41.7105 	EXP 	self_box: autoDraw = False
41.7105 	EXP 	self_label: autoDraw = False
41.7105 	EXP 	other_box: autoDraw = False
41.7105 	EXP 	other_label: autoDraw = False
41.7105 	EXP 	text: text = 'word3.23'
41.7392 	DATA 	Mouse: Left button up, pos=(1085,190)
42.7231 	EXP 	text: autoDraw = True
44.7325 	EXP 	text: autoDraw = False
44.7325 	EXP 	question: autoDraw = True
44.7325 	EXP 	self_box: autoDraw = True
44.7325 	EXP 	self_label: autoDraw = True
44.7325 	EXP 	other_box: autoDraw = True
44.7325 	EXP 	other_label: autoDraw = True
44.7325 	EXP 	self_box: fillColor = '#A6A9FF'
44.7325 	EXP 	other_box: fillColor = '#FAF33E'
44.7434 	EXP 	self_box: fillColor = '#A6A9FF'
44.7434 	EXP 	other_box: fillColor = '#FAF33E'
44.7608 	EXP 	self_box: fillColor = '#A6A9FF'
44.7608 	EXP 	other_box: fillColor = '#FAF33E'
44.7814 	EXP 	self_box: fillColor = '#A6A9FF'
44.7814 	EXP 	other_box: fillColor = '#FAF33E'
44.7987 	EXP 	self_box: fillColor = '#A6A9FF'
44.7987 	EXP 	other_box: fillColor = '#FAF33E'
44.8102 	EXP 	self_box: fillColor = '#A6A9FF'
44.8102 	EXP 	other_box: fillColor = '#FAF33E'
44.8268 	EXP 	self_box: fillColor = '#A6A9FF'
44.8268 	EXP 	other_box: fillColor = '#FAF33E'
44.8446 	EXP 	self_box: fillColor = '#A6A9FF'
44.8446 	EXP 	other_box: fillColor = '#FAF33E'
44.8648 	EXP 	self_box: fillColor = '#A6A9FF'
44.8648 	EXP 	other_box: fillColor = '#FAF33E'
44.8827 	EXP 	self_box: fillColor = '#A6A9FF'
44.8827 	EXP 	other_box: fillColor = '#FAF33E'
44.8934 	EXP 	self_box: fillColor = '#A6A9FF'
44.8934 	EXP 	other_box: fillColor = '#FAF33E'
44.9116 	EXP 	self_box: fillColor = '#A6A9FF'
44.9116 	EXP 	other_box: fillColor = '#FAF33E'
44.9298 	EXP 	self_box: fillColor = '#A6A9FF'
44.9298 	EXP 	other_box: fillColor = '#FAF33E'
44.9475 	EXP 	self_box: fillColor = '#A6A9FF'
44.9475 	EXP 	other_box: fillColor = '#FAF33E'
44.9603 	EXP 	self_box: fillColor = '#A6A9FF'
44.9603 	EXP 	other_box: fillColor = '#FAF33E'
44.9783 	EXP 	self_box: fillColor = '#A6A9FF'
44.9783 	EXP 	other_box: fillColor = '#FAF33E'
44.9965 	EXP 	self_box: fillColor = '#A6A9FF'
44.9965 	EXP 	other_box: fillColor = '#FAF33E'
45.0157 	EXP 	self_box: fillColor = '#A6A9FF'
45.0157 	EXP 	other_box: fillColor = '#FAF33E'
45.0285 	EXP 	self_box: fillColor = '#A6A9FF'
45.0285 	EXP 	other_box: fillColor = '#FAF33E'
45.0442 	EXP 	self_box: fillColor = '#A6A9FF'
45.0442 	EXP 	other_box: fillColor = '#FAF33E'
45.0453 	DATA 	Mouse: Left button down, pos=(1085,189)
45.0489 	EXP 	New trial (rep=0, index=8): {'word': 'word2.10', 'amount': 0.0, 'list': 'list2', 'trialtype': 'unmodified', 'block': 0}
45.0818 	EXP 	self_box: fillColor = '#A6A9FF'
45.0818 	EXP 	other_box: fillColor = '#FAF33E'
45.0818 	EXP 	question: autoDraw = False
45.0818 	EXP 	self_box: autoDraw = False
45.0818 	EXP 	self_label: autoDraw = False
45.0818 	EXP 	other_box: autoDraw = False
45.0818 	EXP 	other_label: autoDraw = False
45.0818 	EXP 	text: text = 'word2.10'
45.1288 	DATA 	Mouse: Left button up, pos=(1085,189)
46.0679 	EXP 	text: autoDraw = True
48.1824 	EXP 	text: autoDraw = False
48.1824 	EXP 	question: autoDraw = True
48.1824 	EXP 	self_box: autoDraw = True
48.1824 	EXP 	self_label: autoDraw = True
48.1824 	EXP 	other_box: autoDraw = True
48.1824 	EXP 	other_label: autoDraw = True
48.1824 	EXP 	self_box: fillColor = '#A6A9FF'
48.1824 	EXP 	other_box: fillColor = '#FAF33E'
48.1991 	EXP 	self_box: fillColor = '#A6A9FF'
48.1991 	EXP 	other_box: fillColor = '#FAF33E'
48.2184 	EXP 	self_box: fillColor = '#A6A9FF'
48.2184 	EXP 	other_box: fillColor = '#FAF33E'
48.2380 	EXP 	self_box: fillColor = '#A6A9FF'
48.2380 	EXP 	other_box: fillColor = '#FAF33E'
48.2494 	EXP 	self_box: fillColor = '#A6A9FF'
48.2494 	EXP 	other_box: fillColor = '#FAF33E'
48.2658 	EXP 	self_box: fillColor = '#A6A9FF'
48.2658 	EXP 	other_box: fillColor = '#FAF33E'
48.2830 	EXP 	self_box: fillColor = '#A6A9FF'
48.2830 	EXP 	other_box: fillColor = '#FAF33E'
48.3037 	EXP 	self_box: fillColor = '#A6A9FF'
48.3037 	EXP 	other_box: fillColor = '#FAF33E'
48.3219 	EXP 	self_box: fillColor = '#A6A9FF'
48.3219 	EXP 	other_box: fillColor = '#FAF33E'
48.3334 	EXP 	self_box: fillColor = '#A6A9FF'
48.3334 	EXP 	other_box: fillColor = '#FAF33E'
48.3501 	EXP 	self_box: fillColor = '#A6A9FF'
48.3501 	EXP 	other_box: fillColor = '#FAF33E'
48.3661 	EXP 	self_box: fillColor = '#A6A9FF'
48.3661 	EXP 	other_box: fillColor = '#FAF33E'
48.3835 	EXP 	self_box: fillColor = '#A6A9FF'
48.3835 	EXP 	other_box: fillColor = '#FAF33E'
48.4024 	EXP 	self_box: fillColor = '#A6A9FF'
48.4024 	EXP 	other_box: fillColor = '#FAF33E'
48.4221 	EXP 	self_box: fillColor = '#A6A9FF'
48.4221 	EXP 	other_box: fillColor = '#FAF33E'
48.4331 	EXP 	self_box: fillColor = '#A6A9FF'
48.4331 	EXP 	other_box: fillColor = '#FAF33E'
48.4502 	EXP 	self_box: fillColor = '#A6A9FF'
48.4502 	EXP 	other_box: fillColor = '#FAF33E'
48.4690 	EXP 	self_box: fillColor = '#A6A9FF'
48.4690 	EXP 	other_box: fillColor = '#FAF33E'
48.4884 	EXP 	self_box: fillColor = '#A6A9FF'
48.4884 	EXP 	other_box: fillColor = '#FAF33E'
48.5003 	EXP 	self_box: fillColor = '#A6A9FF'
48.5003 	EXP 	other_box: fillColor = '#FAF33E'
48.5169 	EXP 	self_box: fillColor = '#A6A9FF'
48.5169 	EXP 	other_box: fillColor = '#FAF33E'
48.5329 	EXP 	self_box: fillColor = '#A6A9FF'
48.5329 	EXP 	other_box: fillColor = '#FAF33E'
48.5364 	DATA 	Mouse: Left button down, pos=(1085,196)
48.5500 	EXP 	self_box: fillColor = '#A6A9FF'
48.5500 	EXP 	other_box: fillColor = '#FAF33E'
48.5515 	EXP 	New trial (rep=0, index=9): {'word': 'word3.10', 'amount': 1.0, 'list': 'list3', 'trialtype': 'pitch higher', 'block': 1}
48.5668 	EXP 	self_box: fillColor = '#A6A9FF'
48.5668 	EXP 	other_box: fillColor = '#FAF33E'
48.5668 	EXP 	question: autoDraw = False
48.5668 	EXP 	self_box: autoDraw = False
48.5668 	EXP 	self_label: autoDraw = False
48.5668 	EXP 	other_box: autoDraw = False
48.5668 	EXP 	other_label: autoDraw = False
48.5668 	EXP 	text: text = 'word3.10'
48.6175 	DATA 	Mouse: Left button up, pos=(1085,196)
49.5689 	EXP 	text: autoDraw = True
51.5609 	EXP 	text: autoDraw = False
51.5609 	EXP 	question: autoDraw = True
51.5609 	EXP 	self_box: autoDraw = True
51.5609 	EXP 	self_label: autoDraw = True
51.5609 	EXP 	other_box: autoDraw = True
51.5609 	EXP 	other_label: autoDraw = True
51.5609 	EXP 	self_box: fillColor = '#A6A9FF'
51.5609 	EXP 	other_box: fillColor = '#FAF33E'
51.5715 	EXP 	self_box: fillColor = '#A6A9FF'
51.5715 	EXP 	other_box: fillColor = '#FAF33E'
51.5879 	EXP 	self_box: fillColor = '#A6A9FF'
51.5879 	EXP 	other_box: fillColor = '#FAF33E'
51.6052 	EXP 	self_box: fillColor = '#A6A9FF'
51.6052 	EXP 	other_box: fillColor = '#FAF33E'
51.6242 	EXP 	self_box: fillColor = '#A6A9FF'
51.6242 	EXP 	other_box: fillColor = '#FAF33E'
51.6438 	EXP 	self_box: fillColor = '#A6A9FF'
51.6438 	EXP 	other_box: fillColor = '#FAF33E'
51.6553 	EXP 	self_box: fillColor = '#A6A9FF'
51.6553 	EXP 	other_box: fillColor = '#FAF33E'
51.6717 	EXP 	self_box: fillColor = '#A6A9FF'
51.6717 	EXP 	other_box: fillColor = '#FAF33E'
51.6886 	EXP 	self_box: fillColor = '#A6A9FF'
51.6886 	EXP 	other_box: fillColor = '#FAF33E'
51.7094 	EXP 	self_box: fillColor = '#A6A9FF'
51.7094 	EXP 	other_box: fillColor = '#FAF33E'
51.7276 	EXP 	self_box: fillColor = '#A6A9FF'
51.7276 	EXP 	other_box: fillColor = '#FAF33E'
51.7388 	EXP 	self_box: fillColor = '#A6A9FF'
51.7388 	EXP 	other_box: fillColor = '#FAF33E'
51.7549 	EXP 	self_box: fillColor = '#A6A9FF'
51.7549 	EXP 	other_box: fillColor = '#FAF33E'
51.7716 	EXP 	self_box: fillColor = '#A6A9FF'
51.7716 	EXP 	other_box: fillColor = '#FAF33E'
51.7886 	EXP 	self_box: fillColor = '#A6A9FF'
51.7886 	EXP 	other_box: fillColor = '#FAF33E'
51.8103 	EXP 	self_box: fillColor = '#A6A9FF'
51.8103 	EXP 	other_box: fillColor = '#FAF33E'
51.8280 	EXP 	self_box: fillColor = '#A6A9FF'
51.8280 	EXP 	other_box: fillColor = '#FAF33E'
51.8389 	EXP 	self_box: fillColor = '#A6A9FF'
51.8389 	EXP 	other_box: fillColor = '#FAF33E'
51.8557 	EXP 	self_box: fillColor = '#A6A9FF'
51.8557 	EXP 	other_box: fillColor = '#FAF33E'
51.8748 	EXP 	self_box: fillColor = '#A6A9FF'
51.8748 	EXP 	other_box: fillColor = '#FAF33E'
51.8943 	EXP 	self_box: fillColor = '#A6A9FF'
51.8943 	EXP 	other_box: fillColor = '#FAF33E'
51.9059 	EXP 	self_box: fillColor = '#A6A9FF'
51.9059 	EXP 	other_box: fillColor = '#FAF33E'
51.9225 	EXP 	self_box: fillColor = '#A6A9FF'
51.9225 	EXP 	other_box: fillColor = '#FAF33E'
51.9386 	EXP 	self_box: fillColor = '#A6A9FF'
51.9386 	EXP 	other_box: fillColor = '#FAF33E'
51.9394 	DATA 	Mouse: Left button down, pos=(1085,196)
51.9556 	EXP 	self_box: fillColor = '#A6A9FF'
51.9556 	EXP 	other_box: fillColor = '#FAF33E'
51.9556 	EXP 	question: autoDraw = False
51.9556 	EXP 	self_box: autoDraw = False
51.9556 	EXP 	self_label: autoDraw = False
51.9556 	EXP 	other_box: autoDraw = False
51.9556 	EXP 	other_label: autoDraw = False
51.9556 	EXP 	text_3: autoDraw = True
52.0602 	DATA 	Mouse: Left button up, pos=(1085,196)
57.0018 	EXP 	text_3: autoDraw = False
57.0018 	EXP 	results_text: text = '\n\rPitch (higher) block = 0\n\rPitch (lower) block = 0\n\r\n\rPitch (higher) amount = 0.0\n\rPitch (lower) amount = 0.0\n\r'
57.0018 	EXP 	results_text: autoDraw = True
84.7611 	DATA 	Keypress: escape
