4.4593 	WARNING 	Movie2 stim could not be imported and won't be available
5.4697 	EXP 	Created window1 = Window(allowGUI=False, allowStencil=False, autoLog=True, bitsMode=UNKNOWN, blendMode='avg', color=array([-1., -1., -1.]), colorSpace='rgb', fullscr=UNKNOWN, gamma=None, lms=UNKNOWN, monitor=<psychopy.monitors.calibTools.Monitor instance at 0xefd9ad0>, name='window1', pos=[0, 0], screen=0, size=array([1440,  900]), stereo=False, units=u'norm', useFBO=True, viewOri=0.0, viewPos=None, viewScale=None, waitBlanking=True, winType='pyglet')
5.4697 	EXP 	window1: recordFrameIntervals = False
5.6350 	EXP 	window1: recordFrameIntervals = True
5.8190 	EXP 	window1: recordFrameIntervals = False
5.9063 	EXP 	Created text_4 = TextStim(alignHoriz='center', alignVert='center', antialias=True, autoLog=True, bold=False, color='white', colorSpace='named', contrast=1.0, depth=0.0, flipHoriz=False, flipVert=False, font='Arial', fontFiles=[], height=0.1, italic=False, name='text_4', opacity=1.0, ori=0, pos=array([ 0.,  0.]), rgb=array([ 255.,  255.,  255.]), text=u'Instructions will go here.', units=u'norm', win=Window(...), wrapWidth=1)
6.9453 	EXP 	Created text = TextStim(alignHoriz='center', alignVert='center', antialias=True, autoLog=True, bold=False, color='white', colorSpace='named', contrast=1.0, depth=-1.0, flipHoriz=False, flipVert=False, font='Arial', fontFiles=[], height=0.1, italic=False, name='text', opacity=1.0, ori=0, pos=array([ 0.,  0.]), rgb=array([ 255.,  255.,  255.]), text=u'default text', units=u'norm', win=Window(...), wrapWidth=1)
6.9566 	EXP 	Created question = TextStim(alignHoriz='center', alignVert='center', antialias=True, autoLog=True, bold=False, color='white', colorSpace='named', contrast=1.0, depth=0.0, flipHoriz=False, flipVert=False, font='Arial', fontFiles=[], height=0.1, italic=False, name='question', opacity=1.0, ori=0, pos=array([ 0. ,  0.5]), rgb=array([ 255.,  255.,  255.]), text=u'Whose voice did you hear?', units=u'norm', win=Window(...), wrapWidth=2)
6.9572 	EXP 	<method-wrapper '__getattribute__' of attributeSetter object at 0xd7d3ad0>: vertices = array([[-0.25,  0.25],
       [ 0.25,  0.25],
       [ 0.25, -0.25],
       [-0.25, -0.25]])
6.9593 	EXP 	Created self_box = Rect(autoDraw=False, autoLog=True, closeShape=True, contrast=1.0, depth=0, fillColor='#A6A9FF', fillColorSpace='hex', fillRGB=array([166, 169, 255]), interpolate=True, lineColor='#3E45FA', lineColorSpace='hex', lineRGB=array([ 62,  69, 250]), lineWidth=5, name='self_box', opacity=1.0, ori=array(0.0), pos=array([-0.5, -0.5]), size=array([ 1.,  1.]), units=u'norm', vertices=ndarray(...), win=Window(...))
6.9690 	EXP 	Created self_label = TextStim(alignHoriz='center', alignVert='center', antialias=True, autoLog=True, bold=False, color='black', colorSpace='named', contrast=1.0, depth=-2.0, flipHoriz=False, flipVert=False, font='Arial', fontFiles=[], height=0.1, italic=False, name='self_label', opacity=1.0, ori=0, pos=array([-0.5, -0.5]), rgb=array([ 0.,  0.,  0.]), text=u'Mine', units=u'norm', win=Window(...), wrapWidth=1)
6.9699 	EXP 	<method-wrapper '__getattribute__' of attributeSetter object at 0xd7d3ad0>: vertices = array([[-0.25,  0.25],
       [ 0.25,  0.25],
       [ 0.25, -0.25],
       [-0.25, -0.25]])
6.9734 	EXP 	Created other_box = Rect(autoDraw=False, autoLog=True, closeShape=True, contrast=1.0, depth=0, fillColor='#FFFCA6', fillColorSpace='hex', fillRGB=array([255, 252, 166]), interpolate=True, lineColor='#FAF33E', lineColorSpace='hex', lineRGB=array([250, 243,  62]), lineWidth=5, name='other_box', opacity=1.0, ori=array(0.0), pos=array([ 0.5, -0.5]), size=array([ 1.,  1.]), units=u'norm', vertices=ndarray(...), win=Window(...))
6.9792 	EXP 	Created other_label = TextStim(alignHoriz='center', alignVert='center', antialias=True, autoLog=True, bold=False, color='black', colorSpace='named', contrast=1.0, depth=-4.0, flipHoriz=False, flipVert=False, font='Arial', fontFiles=[], height=0.1, italic=False, name='other_label', opacity=1.0, ori=0, pos=array([ 0.5, -0.5]), rgb=array([ 0.,  0.,  0.]), text=u'Other', units=u'norm', win=Window(...), wrapWidth=1)
6.9914 	EXP 	Created text_3 = TextStim(alignHoriz='center', alignVert='center', antialias=True, autoLog=True, bold=False, color='white', colorSpace='named', contrast=1.0, depth=0.0, flipHoriz=False, flipVert=False, font='Arial', fontFiles=[], height=0.1, italic=False, name='text_3', opacity=1.0, ori=0, pos=array([ 0.,  0.]), rgb=array([ 255.,  255.,  255.]), text=u'Thank you for participating!', units=u'norm', win=Window(...), wrapWidth=1)
6.9978 	EXP 	Created results_text = TextStim(alignHoriz='center', alignVert='center', antialias=True, autoLog=True, bold=False, color=u'white', colorSpace='named', contrast=1.0, depth=0.0, flipHoriz=False, flipVert=False, font=u'Arial', fontFiles=[], height=0.1, italic=False, name='results_text', opacity=1.0, ori=0, pos=array([ 0.,  0.]), rgb=array([ 255.,  255.,  255.]), text=u'default text', units=u'norm', win=Window(...), wrapWidth=2)
7.0038 	EXP 	text_4: autoDraw = True
11.9981 	EXP 	Imported /Volumes/Macintosh HD/Users/poppe076/Desktop/source_monitoring_task/data/ok_source_monitoring_2015_Feb_05_1440_wordlist.csv as conditions, 9 conditions, 5 params
11.9992 	EXP 	Created sequence: sequential, trialTypes=9, nReps=1, seed=None
12.1133 	EXP 	New trial (rep=0, index=0): {'word': u'word5.1', 'amount': u'0.8', 'list': u'list5', 'trialtype': u'speed', 'trialtype_extended': u'slow_medium'}
12.1287 	EXP 	text_4: autoDraw = False
12.1287 	EXP 	text_4: autoDraw = False
12.1287 	EXP 	text: text = u'word5.1'
13.1302 	EXP 	text: autoDraw = True
15.3506 	EXP 	text: autoDraw = False
15.3506 	EXP 	question: autoDraw = True
15.3506 	EXP 	self_box: autoDraw = True
15.3506 	EXP 	self_label: autoDraw = True
15.3506 	EXP 	other_box: autoDraw = True
15.3506 	EXP 	other_label: autoDraw = True
15.3506 	EXP 	self_box: fillColor = '#A6A9FF'
15.3506 	EXP 	other_box: fillColor = '#FFFCA6'
15.3672 	EXP 	self_box: fillColor = '#A6A9FF'
15.3672 	EXP 	other_box: fillColor = '#FFFCA6'
15.3838 	EXP 	self_box: fillColor = '#A6A9FF'
15.3838 	EXP 	other_box: fillColor = '#FFFCA6'
15.4006 	EXP 	self_box: fillColor = '#A6A9FF'
15.4006 	EXP 	other_box: fillColor = '#FFFCA6'
15.4173 	EXP 	self_box: fillColor = '#A6A9FF'
15.4173 	EXP 	other_box: fillColor = '#FFFCA6'
15.4340 	EXP 	self_box: fillColor = '#A6A9FF'
15.4340 	EXP 	other_box: fillColor = '#FFFCA6'
15.4506 	EXP 	self_box: fillColor = '#A6A9FF'
15.4506 	EXP 	other_box: fillColor = '#FFFCA6'
15.4674 	EXP 	self_box: fillColor = '#A6A9FF'
15.4674 	EXP 	other_box: fillColor = '#FFFCA6'
15.4841 	EXP 	self_box: fillColor = '#A6A9FF'
15.4841 	EXP 	other_box: fillColor = '#FFFCA6'
15.5008 	EXP 	self_box: fillColor = '#A6A9FF'
15.5008 	EXP 	other_box: fillColor = '#FFFCA6'
15.5174 	EXP 	self_box: fillColor = '#A6A9FF'
15.5174 	EXP 	other_box: fillColor = '#FFFCA6'
15.5342 	EXP 	self_box: fillColor = '#A6A9FF'
15.5342 	EXP 	other_box: fillColor = '#FFFCA6'
15.5507 	EXP 	self_box: fillColor = '#A6A9FF'
15.5507 	EXP 	other_box: fillColor = '#FFFCA6'
15.5676 	EXP 	self_box: fillColor = '#A6A9FF'
15.5676 	EXP 	other_box: fillColor = '#FFFCA6'
15.5843 	EXP 	self_box: fillColor = '#A6A9FF'
15.5843 	EXP 	other_box: fillColor = '#FFFCA6'
15.6009 	EXP 	self_box: fillColor = '#A6A9FF'
15.6009 	EXP 	other_box: fillColor = '#FFFCA6'
15.6177 	EXP 	self_box: fillColor = '#A6A9FF'
15.6177 	EXP 	other_box: fillColor = '#FFFCA6'
15.6343 	EXP 	self_box: fillColor = '#A6A9FF'
15.6343 	EXP 	other_box: fillColor = '#FFFCA6'
15.6510 	EXP 	self_box: fillColor = '#A6A9FF'
15.6510 	EXP 	other_box: fillColor = '#FFFCA6'
15.6678 	EXP 	self_box: fillColor = '#A6A9FF'
15.6678 	EXP 	other_box: fillColor = '#FFFCA6'
15.6845 	EXP 	self_box: fillColor = '#A6A9FF'
15.6845 	EXP 	other_box: fillColor = '#FFFCA6'
15.7011 	EXP 	self_box: fillColor = '#A6A9FF'
15.7011 	EXP 	other_box: fillColor = '#FFFCA6'
15.7178 	EXP 	self_box: fillColor = '#A6A9FF'
15.7178 	EXP 	other_box: fillColor = '#FFFCA6'
15.7345 	EXP 	self_box: fillColor = '#A6A9FF'
15.7345 	EXP 	other_box: fillColor = '#FFFCA6'
15.7512 	EXP 	self_box: fillColor = '#A6A9FF'
15.7512 	EXP 	other_box: fillColor = '#FFFCA6'
15.7679 	EXP 	self_box: fillColor = '#A6A9FF'
15.7679 	EXP 	other_box: fillColor = '#FFFCA6'
15.7845 	EXP 	self_box: fillColor = '#A6A9FF'
15.7845 	EXP 	other_box: fillColor = '#FFFCA6'
15.8013 	EXP 	self_box: fillColor = '#A6A9FF'
15.8013 	EXP 	other_box: fillColor = '#FFFCA6'
15.8178 	EXP 	self_box: fillColor = '#A6A9FF'
15.8178 	EXP 	other_box: fillColor = '#FFFCA6'
15.8346 	EXP 	self_box: fillColor = '#A6A9FF'
15.8346 	EXP 	other_box: fillColor = '#FFFCA6'
15.8512 	EXP 	self_box: fillColor = '#A6A9FF'
15.8512 	EXP 	other_box: fillColor = '#FFFCA6'
15.8680 	EXP 	self_box: fillColor = '#A6A9FF'
15.8680 	EXP 	other_box: fillColor = '#FFFCA6'
15.8846 	EXP 	self_box: fillColor = '#A6A9FF'
15.8846 	EXP 	other_box: fillColor = '#FFFCA6'
15.9013 	EXP 	self_box: fillColor = '#A6A9FF'
15.9013 	EXP 	other_box: fillColor = '#FFFCA6'
15.9180 	EXP 	self_box: fillColor = '#A6A9FF'
15.9180 	EXP 	other_box: fillColor = '#FFFCA6'
15.9346 	EXP 	self_box: fillColor = '#A6A9FF'
15.9346 	EXP 	other_box: fillColor = '#FFFCA6'
15.9513 	EXP 	self_box: fillColor = '#A6A9FF'
15.9513 	EXP 	other_box: fillColor = '#FFFCA6'
15.9680 	EXP 	self_box: fillColor = '#A6A9FF'
15.9680 	EXP 	other_box: fillColor = '#FFFCA6'
15.9847 	EXP 	self_box: fillColor = '#A6A9FF'
15.9847 	EXP 	other_box: fillColor = '#FFFCA6'
16.0014 	EXP 	self_box: fillColor = '#A6A9FF'
16.0014 	EXP 	other_box: fillColor = '#FFFCA6'
16.0182 	EXP 	self_box: fillColor = '#A6A9FF'
16.0182 	EXP 	other_box: fillColor = '#FFFCA6'
16.0348 	EXP 	self_box: fillColor = '#A6A9FF'
16.0348 	EXP 	other_box: fillColor = '#FFFCA6'
16.0515 	EXP 	self_box: fillColor = '#A6A9FF'
16.0515 	EXP 	other_box: fillColor = '#FFFCA6'
16.0682 	EXP 	self_box: fillColor = '#A6A9FF'
16.0682 	EXP 	other_box: fillColor = '#FFFCA6'
16.0849 	EXP 	self_box: fillColor = '#A6A9FF'
16.0849 	EXP 	other_box: fillColor = '#FFFCA6'
16.1016 	EXP 	self_box: fillColor = '#A6A9FF'
16.1016 	EXP 	other_box: fillColor = '#FFFCA6'
16.1183 	EXP 	self_box: fillColor = '#A6A9FF'
16.1183 	EXP 	other_box: fillColor = '#FFFCA6'
16.1350 	EXP 	self_box: fillColor = '#A6A9FF'
16.1350 	EXP 	other_box: fillColor = '#FFFCA6'
16.1517 	EXP 	self_box: fillColor = '#A6A9FF'
16.1517 	EXP 	other_box: fillColor = '#FFFCA6'
16.1684 	EXP 	self_box: fillColor = '#A6A9FF'
16.1684 	EXP 	other_box: fillColor = '#FFFCA6'
16.1851 	EXP 	self_box: fillColor = '#A6A9FF'
16.1851 	EXP 	other_box: fillColor = '#FFFCA6'
16.2017 	EXP 	self_box: fillColor = '#A6A9FF'
16.2017 	EXP 	other_box: fillColor = '#FFFCA6'
16.2185 	EXP 	self_box: fillColor = '#A6A9FF'
16.2185 	EXP 	other_box: fillColor = '#FFFCA6'
16.2351 	EXP 	self_box: fillColor = '#A6A9FF'
16.2351 	EXP 	other_box: fillColor = '#FFFCA6'
16.2518 	EXP 	self_box: fillColor = '#A6A9FF'
16.2518 	EXP 	other_box: fillColor = '#FFFCA6'
16.2686 	EXP 	self_box: fillColor = '#A6A9FF'
16.2686 	EXP 	other_box: fillColor = '#FFFCA6'
16.2852 	EXP 	self_box: fillColor = '#A6A9FF'
16.2852 	EXP 	other_box: fillColor = '#FFFCA6'
16.3019 	EXP 	self_box: fillColor = '#A6A9FF'
16.3019 	EXP 	other_box: fillColor = '#FFFCA6'
16.3186 	EXP 	self_box: fillColor = '#A6A9FF'
16.3186 	EXP 	other_box: fillColor = '#FFFCA6'
16.3353 	EXP 	self_box: fillColor = '#A6A9FF'
16.3353 	EXP 	other_box: fillColor = '#FFFCA6'
16.3520 	EXP 	self_box: fillColor = '#A6A9FF'
16.3520 	EXP 	other_box: fillColor = '#FFFCA6'
16.3687 	EXP 	self_box: fillColor = '#A6A9FF'
16.3687 	EXP 	other_box: fillColor = '#FFFCA6'
16.3854 	EXP 	self_box: fillColor = '#A6A9FF'
16.3854 	EXP 	other_box: fillColor = '#FFFCA6'
16.4021 	EXP 	self_box: fillColor = '#A6A9FF'
16.4021 	EXP 	other_box: fillColor = '#FFFCA6'
16.4188 	EXP 	self_box: fillColor = '#A6A9FF'
16.4188 	EXP 	other_box: fillColor = '#FFFCA6'
16.4355 	EXP 	self_box: fillColor = '#A6A9FF'
16.4355 	EXP 	other_box: fillColor = '#FFFCA6'
16.4522 	EXP 	self_box: fillColor = '#A6A9FF'
16.4522 	EXP 	other_box: fillColor = '#FFFCA6'
16.4688 	EXP 	self_box: fillColor = '#A6A9FF'
16.4688 	EXP 	other_box: fillColor = '#FFFCA6'
16.4856 	EXP 	self_box: fillColor = '#A6A9FF'
16.4856 	EXP 	other_box: fillColor = '#FFFCA6'
16.5022 	EXP 	self_box: fillColor = '#A6A9FF'
16.5022 	EXP 	other_box: fillColor = '#FFFCA6'
16.5190 	EXP 	self_box: fillColor = '#A6A9FF'
16.5190 	EXP 	other_box: fillColor = '#FFFCA6'
16.5357 	EXP 	self_box: fillColor = '#A6A9FF'
16.5357 	EXP 	other_box: fillColor = '#FFFCA6'
16.5523 	EXP 	self_box: fillColor = '#A6A9FF'
16.5523 	EXP 	other_box: fillColor = '#FFFCA6'
16.5690 	EXP 	self_box: fillColor = '#A6A9FF'
16.5690 	EXP 	other_box: fillColor = '#FFFCA6'
16.5857 	EXP 	self_box: fillColor = '#A6A9FF'
16.5857 	EXP 	other_box: fillColor = '#FFFCA6'
16.6024 	EXP 	self_box: fillColor = '#A6A9FF'
16.6024 	EXP 	other_box: fillColor = '#FFFCA6'
16.6191 	EXP 	self_box: fillColor = '#A6A9FF'
16.6191 	EXP 	other_box: fillColor = '#FFFCA6'
16.6358 	EXP 	self_box: fillColor = '#A6A9FF'
16.6358 	EXP 	other_box: fillColor = '#FFFCA6'
16.6525 	EXP 	self_box: fillColor = '#A6A9FF'
16.6525 	EXP 	other_box: fillColor = '#FFFCA6'
16.6692 	EXP 	self_box: fillColor = '#A6A9FF'
16.6692 	EXP 	other_box: fillColor = '#FFFCA6'
16.6859 	EXP 	self_box: fillColor = '#A6A9FF'
16.6859 	EXP 	other_box: fillColor = '#FFFCA6'
16.7026 	EXP 	self_box: fillColor = '#A6A9FF'
16.7026 	EXP 	other_box: fillColor = '#FFFCA6'
16.7193 	EXP 	self_box: fillColor = '#A6A9FF'
16.7193 	EXP 	other_box: fillColor = '#FFFCA6'
16.7360 	EXP 	self_box: fillColor = '#A6A9FF'
16.7360 	EXP 	other_box: fillColor = '#FFFCA6'
16.7527 	EXP 	self_box: fillColor = '#A6A9FF'
16.7527 	EXP 	other_box: fillColor = '#FFFCA6'
16.7694 	EXP 	self_box: fillColor = '#A6A9FF'
16.7694 	EXP 	other_box: fillColor = '#FFFCA6'
16.7861 	EXP 	self_box: fillColor = '#A6A9FF'
16.7861 	EXP 	other_box: fillColor = '#FFFCA6'
16.8028 	EXP 	self_box: fillColor = '#A6A9FF'
16.8028 	EXP 	other_box: fillColor = '#FFFCA6'
16.8195 	EXP 	self_box: fillColor = '#A6A9FF'
16.8195 	EXP 	other_box: fillColor = '#FFFCA6'
16.8361 	EXP 	self_box: fillColor = '#A6A9FF'
16.8361 	EXP 	other_box: fillColor = '#FFFCA6'
16.8529 	EXP 	self_box: fillColor = '#A6A9FF'
16.8529 	EXP 	other_box: fillColor = '#FFFCA6'
16.8695 	EXP 	self_box: fillColor = '#A6A9FF'
16.8695 	EXP 	other_box: fillColor = '#FFFCA6'
16.8862 	EXP 	self_box: fillColor = '#A6A9FF'
16.8862 	EXP 	other_box: fillColor = '#FFFCA6'
16.9028 	EXP 	self_box: fillColor = '#A6A9FF'
16.9028 	EXP 	other_box: fillColor = '#FFFCA6'
16.9195 	EXP 	self_box: fillColor = '#A6A9FF'
16.9195 	EXP 	other_box: fillColor = '#FFFCA6'
16.9363 	EXP 	self_box: fillColor = '#A6A9FF'
16.9363 	EXP 	other_box: fillColor = '#FFFCA6'
16.9529 	EXP 	self_box: fillColor = '#A6A9FF'
16.9529 	EXP 	other_box: fillColor = '#FFFCA6'
16.9696 	EXP 	self_box: fillColor = '#A6A9FF'
16.9696 	EXP 	other_box: fillColor = '#FFFCA6'
16.9863 	EXP 	self_box: fillColor = '#A6A9FF'
16.9863 	EXP 	other_box: fillColor = '#FFFCA6'
17.0030 	EXP 	self_box: fillColor = '#A6A9FF'
17.0030 	EXP 	other_box: fillColor = '#FFFCA6'
17.0197 	EXP 	self_box: fillColor = '#A6A9FF'
17.0197 	EXP 	other_box: fillColor = '#FFFCA6'
17.0364 	EXP 	self_box: fillColor = '#A6A9FF'
17.0364 	EXP 	other_box: fillColor = '#FFFCA6'
17.0531 	EXP 	self_box: fillColor = '#A6A9FF'
17.0531 	EXP 	other_box: fillColor = '#FFFCA6'
17.0698 	EXP 	self_box: fillColor = '#A6A9FF'
17.0698 	EXP 	other_box: fillColor = '#FFFCA6'
17.0865 	EXP 	self_box: fillColor = '#A6A9FF'
17.0865 	EXP 	other_box: fillColor = '#FFFCA6'
17.1032 	EXP 	self_box: fillColor = '#A6A9FF'
17.1032 	EXP 	other_box: fillColor = '#FFFCA6'
17.1199 	EXP 	self_box: fillColor = '#A6A9FF'
17.1199 	EXP 	other_box: fillColor = '#FFFCA6'
17.1366 	EXP 	self_box: fillColor = '#A6A9FF'
17.1366 	EXP 	other_box: fillColor = '#FFFCA6'
17.1533 	EXP 	self_box: fillColor = '#A6A9FF'
17.1533 	EXP 	other_box: fillColor = '#FFFCA6'
17.1699 	EXP 	self_box: fillColor = '#A6A9FF'
17.1699 	EXP 	other_box: fillColor = '#FFFCA6'
17.1867 	EXP 	self_box: fillColor = '#A6A9FF'
17.1867 	EXP 	other_box: fillColor = '#FFFCA6'
17.2033 	EXP 	self_box: fillColor = '#A6A9FF'
17.2033 	EXP 	other_box: fillColor = '#FFFCA6'
17.2200 	EXP 	self_box: fillColor = '#A6A9FF'
17.2200 	EXP 	other_box: fillColor = '#FFFCA6'
17.2367 	EXP 	self_box: fillColor = '#A6A9FF'
17.2367 	EXP 	other_box: fillColor = '#FFFCA6'
17.2536 	EXP 	self_box: fillColor = '#A6A9FF'
17.2536 	EXP 	other_box: fillColor = '#FFFCA6'
17.2702 	EXP 	self_box: fillColor = '#A6A9FF'
17.2702 	EXP 	other_box: fillColor = '#FFFCA6'
17.2869 	EXP 	self_box: fillColor = '#A6A9FF'
17.2869 	EXP 	other_box: fillColor = '#FFFCA6'
17.3036 	EXP 	self_box: fillColor = '#A6A9FF'
17.3036 	EXP 	other_box: fillColor = '#FFFCA6'
17.3204 	EXP 	self_box: fillColor = '#A6A9FF'
17.3204 	EXP 	other_box: fillColor = '#FFFCA6'
17.3370 	EXP 	self_box: fillColor = '#A6A9FF'
17.3370 	EXP 	other_box: fillColor = '#FFFCA6'
17.3537 	EXP 	self_box: fillColor = '#A6A9FF'
17.3537 	EXP 	other_box: fillColor = '#FFFCA6'
17.3704 	EXP 	self_box: fillColor = '#A6A9FF'
17.3704 	EXP 	other_box: fillColor = '#FFFCA6'
17.3870 	EXP 	self_box: fillColor = '#A6A9FF'
17.3870 	EXP 	other_box: fillColor = '#FFFCA6'
17.4039 	EXP 	self_box: fillColor = '#A6A9FF'
17.4039 	EXP 	other_box: fillColor = '#FFFCA6'
17.4205 	EXP 	self_box: fillColor = '#A6A9FF'
17.4205 	EXP 	other_box: fillColor = '#FFFCA6'
17.4371 	EXP 	self_box: fillColor = '#A6A9FF'
17.4371 	EXP 	other_box: fillColor = '#FFFCA6'
17.4539 	EXP 	self_box: fillColor = '#A6A9FF'
17.4539 	EXP 	other_box: fillColor = '#FFFCA6'
17.4706 	EXP 	self_box: fillColor = '#A6A9FF'
17.4706 	EXP 	other_box: fillColor = '#FFFCA6'
17.4873 	EXP 	self_box: fillColor = '#A6A9FF'
17.4873 	EXP 	other_box: fillColor = '#FFFCA6'
17.5040 	EXP 	self_box: fillColor = '#A6A9FF'
17.5040 	EXP 	other_box: fillColor = '#FFFCA6'
17.5207 	EXP 	self_box: fillColor = '#A6A9FF'
17.5207 	EXP 	other_box: fillColor = '#FFFCA6'
17.5373 	EXP 	self_box: fillColor = '#A6A9FF'
17.5373 	EXP 	other_box: fillColor = '#FFFCA6'
17.5541 	EXP 	self_box: fillColor = '#A6A9FF'
17.5541 	EXP 	other_box: fillColor = '#FFFCA6'
17.5708 	EXP 	self_box: fillColor = '#A6A9FF'
17.5708 	EXP 	other_box: fillColor = '#FFFCA6'
17.5875 	EXP 	self_box: fillColor = '#A6A9FF'
17.5875 	EXP 	other_box: fillColor = '#FFFCA6'
17.6042 	EXP 	self_box: fillColor = '#A6A9FF'
17.6042 	EXP 	other_box: fillColor = '#FFFCA6'
17.6209 	EXP 	self_box: fillColor = '#A6A9FF'
17.6209 	EXP 	other_box: fillColor = '#FFFCA6'
17.6376 	EXP 	self_box: fillColor = '#A6A9FF'
17.6376 	EXP 	other_box: fillColor = '#FFFCA6'
17.6541 	EXP 	self_box: fillColor = '#A6A9FF'
17.6541 	EXP 	other_box: fillColor = '#FFFCA6'
17.6709 	EXP 	self_box: fillColor = '#A6A9FF'
17.6709 	EXP 	other_box: fillColor = '#FFFCA6'
17.6877 	EXP 	self_box: fillColor = '#A6A9FF'
17.6877 	EXP 	other_box: fillColor = '#FFFCA6'
17.7044 	EXP 	self_box: fillColor = '#A6A9FF'
17.7044 	EXP 	other_box: fillColor = '#FFFCA6'
17.7211 	EXP 	self_box: fillColor = '#A6A9FF'
17.7211 	EXP 	other_box: fillColor = '#FFFCA6'
17.7377 	EXP 	self_box: fillColor = '#A6A9FF'
17.7377 	EXP 	other_box: fillColor = '#FFFCA6'
17.7544 	EXP 	self_box: fillColor = '#A6A9FF'
17.7544 	EXP 	other_box: fillColor = '#FFFCA6'
17.7711 	EXP 	self_box: fillColor = '#A6A9FF'
17.7711 	EXP 	other_box: fillColor = '#FFFCA6'
17.7879 	EXP 	self_box: fillColor = '#A6A9FF'
17.7879 	EXP 	other_box: fillColor = '#FFFCA6'
17.8044 	EXP 	self_box: fillColor = '#A6A9FF'
17.8044 	EXP 	other_box: fillColor = '#FFFCA6'
17.8212 	EXP 	self_box: fillColor = '#A6A9FF'
17.8212 	EXP 	other_box: fillColor = '#FFFCA6'
17.8379 	EXP 	self_box: fillColor = '#A6A9FF'
17.8379 	EXP 	other_box: fillColor = '#FFFCA6'
17.8546 	EXP 	self_box: fillColor = '#A6A9FF'
17.8546 	EXP 	other_box: fillColor = '#FFFCA6'
17.8712 	EXP 	self_box: fillColor = '#A6A9FF'
17.8712 	EXP 	other_box: fillColor = '#FFFCA6'
17.8878 	EXP 	self_box: fillColor = '#A6A9FF'
17.8878 	EXP 	other_box: fillColor = '#FFFCA6'
17.9045 	EXP 	self_box: fillColor = '#A6A9FF'
17.9045 	EXP 	other_box: fillColor = '#FFFCA6'
17.9213 	EXP 	self_box: fillColor = '#A6A9FF'
17.9213 	EXP 	other_box: fillColor = '#FFFCA6'
17.9380 	EXP 	self_box: fillColor = '#A6A9FF'
17.9380 	EXP 	other_box: fillColor = '#FFFCA6'
17.9552 	EXP 	self_box: fillColor = '#A6A9FF'
17.9552 	EXP 	other_box: fillColor = '#FFFCA6'
17.9713 	EXP 	self_box: fillColor = '#A6A9FF'
17.9713 	EXP 	other_box: fillColor = '#FFFCA6'
17.9882 	EXP 	self_box: fillColor = '#A6A9FF'
17.9882 	EXP 	other_box: fillColor = '#FFFCA6'
18.0046 	EXP 	self_box: fillColor = '#A6A9FF'
18.0046 	EXP 	other_box: fillColor = '#FFFCA6'
18.0215 	EXP 	self_box: fillColor = '#A6A9FF'
18.0215 	EXP 	other_box: fillColor = '#FFFCA6'
18.0382 	EXP 	self_box: fillColor = '#A6A9FF'
18.0382 	EXP 	other_box: fillColor = '#FFFCA6'
18.0548 	EXP 	self_box: fillColor = '#A6A9FF'
18.0548 	EXP 	other_box: fillColor = '#FFFCA6'
18.0715 	EXP 	self_box: fillColor = '#A6A9FF'
18.0715 	EXP 	other_box: fillColor = '#FFFCA6'
18.0883 	EXP 	self_box: fillColor = '#A6A9FF'
18.0883 	EXP 	other_box: fillColor = '#FFFCA6'
18.1049 	EXP 	self_box: fillColor = '#A6A9FF'
18.1049 	EXP 	other_box: fillColor = '#FFFCA6'
18.1216 	EXP 	self_box: fillColor = '#A6A9FF'
18.1216 	EXP 	other_box: fillColor = '#FFFCA6'
18.1383 	EXP 	self_box: fillColor = '#A6A9FF'
18.1383 	EXP 	other_box: fillColor = '#FFFCA6'
18.1550 	EXP 	self_box: fillColor = '#A6A9FF'
18.1550 	EXP 	other_box: fillColor = '#FFFCA6'
18.1717 	EXP 	self_box: fillColor = '#A6A9FF'
18.1717 	EXP 	other_box: fillColor = '#FFFCA6'
18.1883 	EXP 	self_box: fillColor = '#A6A9FF'
18.1883 	EXP 	other_box: fillColor = '#FFFCA6'
18.2051 	EXP 	self_box: fillColor = '#A6A9FF'
18.2051 	EXP 	other_box: fillColor = '#FFFCA6'
18.2217 	EXP 	self_box: fillColor = '#A6A9FF'
18.2217 	EXP 	other_box: fillColor = '#FFFCA6'
18.2385 	EXP 	self_box: fillColor = '#A6A9FF'
18.2385 	EXP 	other_box: fillColor = '#FFFCA6'
18.2551 	EXP 	self_box: fillColor = '#A6A9FF'
18.2551 	EXP 	other_box: fillColor = '#FFFCA6'
18.2719 	EXP 	self_box: fillColor = '#A6A9FF'
18.2719 	EXP 	other_box: fillColor = '#FFFCA6'
18.2886 	EXP 	self_box: fillColor = '#A6A9FF'
18.2886 	EXP 	other_box: fillColor = '#FFFCA6'
18.3051 	EXP 	self_box: fillColor = '#A6A9FF'
18.3051 	EXP 	other_box: fillColor = '#FFFCA6'
18.3220 	EXP 	self_box: fillColor = '#A6A9FF'
18.3220 	EXP 	other_box: fillColor = '#FFFCA6'
18.3385 	EXP 	self_box: fillColor = '#A6A9FF'
18.3385 	EXP 	other_box: fillColor = '#FFFCA6'
18.3553 	EXP 	self_box: fillColor = '#A6A9FF'
18.3553 	EXP 	other_box: fillColor = '#FFFCA6'
18.3719 	EXP 	self_box: fillColor = '#A6A9FF'
18.3719 	EXP 	other_box: fillColor = '#FFFCA6'
18.3887 	EXP 	self_box: fillColor = '#A6A9FF'
18.3887 	EXP 	other_box: fillColor = '#FFFCA6'
18.4055 	EXP 	self_box: fillColor = '#A6A9FF'
18.4055 	EXP 	other_box: fillColor = '#FFFCA6'
18.4222 	EXP 	self_box: fillColor = '#A6A9FF'
18.4222 	EXP 	other_box: fillColor = '#FFFCA6'
18.4388 	EXP 	self_box: fillColor = '#A6A9FF'
18.4388 	EXP 	other_box: fillColor = '#FFFCA6'
18.4555 	EXP 	self_box: fillColor = '#A6A9FF'
18.4555 	EXP 	other_box: fillColor = '#FFFCA6'
18.4721 	EXP 	self_box: fillColor = '#A6A9FF'
18.4721 	EXP 	other_box: fillColor = '#FFFCA6'
18.4888 	EXP 	self_box: fillColor = '#A6A9FF'
18.4888 	EXP 	other_box: fillColor = '#FFFCA6'
18.5055 	EXP 	self_box: fillColor = '#A6A9FF'
18.5055 	EXP 	other_box: fillColor = '#FFFCA6'
18.5222 	EXP 	self_box: fillColor = '#A6A9FF'
18.5222 	EXP 	other_box: fillColor = '#FFFCA6'
18.5389 	EXP 	self_box: fillColor = '#A6A9FF'
18.5389 	EXP 	other_box: fillColor = '#FFFCA6'
18.5557 	EXP 	self_box: fillColor = '#A6A9FF'
18.5557 	EXP 	other_box: fillColor = '#FFFCA6'
18.5723 	EXP 	self_box: fillColor = '#A6A9FF'
18.5723 	EXP 	other_box: fillColor = '#FFFCA6'
18.5891 	EXP 	self_box: fillColor = '#A6A9FF'
18.5891 	EXP 	other_box: fillColor = '#FFFCA6'
18.6057 	EXP 	self_box: fillColor = '#A6A9FF'
18.6057 	EXP 	other_box: fillColor = '#FFFCA6'
18.6225 	EXP 	self_box: fillColor = '#A6A9FF'
18.6225 	EXP 	other_box: fillColor = '#FFFCA6'
18.6390 	EXP 	self_box: fillColor = '#A6A9FF'
18.6390 	EXP 	other_box: fillColor = '#FFFCA6'
18.6558 	EXP 	self_box: fillColor = '#A6A9FF'
18.6558 	EXP 	other_box: fillColor = '#FFFCA6'
18.6726 	EXP 	self_box: fillColor = '#A6A9FF'
18.6726 	EXP 	other_box: fillColor = '#FFFCA6'
18.6891 	EXP 	self_box: fillColor = '#A6A9FF'
18.6891 	EXP 	other_box: fillColor = '#FFFCA6'
18.7058 	EXP 	self_box: fillColor = '#A6A9FF'
18.7058 	EXP 	other_box: fillColor = '#FFFCA6'
18.7226 	EXP 	self_box: fillColor = '#A6A9FF'
18.7226 	EXP 	other_box: fillColor = '#FFFCA6'
18.7393 	EXP 	self_box: fillColor = '#A6A9FF'
18.7393 	EXP 	other_box: fillColor = '#FFFCA6'
18.7558 	EXP 	self_box: fillColor = '#A6A9FF'
18.7558 	EXP 	other_box: fillColor = '#FFFCA6'
18.7726 	EXP 	self_box: fillColor = '#A6A9FF'
18.7726 	EXP 	other_box: fillColor = '#FFFCA6'
18.7892 	EXP 	self_box: fillColor = '#A6A9FF'
18.7892 	EXP 	other_box: fillColor = '#FFFCA6'
18.8060 	EXP 	self_box: fillColor = '#A6A9FF'
18.8060 	EXP 	other_box: fillColor = '#FFFCA6'
18.8228 	EXP 	self_box: fillColor = '#A6A9FF'
18.8228 	EXP 	other_box: fillColor = '#FFFCA6'
18.8395 	EXP 	self_box: fillColor = '#A6A9FF'
18.8395 	EXP 	other_box: fillColor = '#FFFCA6'
18.8562 	EXP 	self_box: fillColor = '#A6A9FF'
18.8562 	EXP 	other_box: fillColor = '#FFFCA6'
18.8728 	EXP 	self_box: fillColor = '#A6A9FF'
18.8728 	EXP 	other_box: fillColor = '#FFFCA6'
18.8895 	EXP 	self_box: fillColor = '#A6A9FF'
18.8895 	EXP 	other_box: fillColor = '#FFFCA6'
18.9060 	EXP 	self_box: fillColor = '#A6A9FF'
18.9060 	EXP 	other_box: fillColor = '#FFFCA6'
18.9229 	EXP 	self_box: fillColor = '#A6A9FF'
18.9229 	EXP 	other_box: fillColor = '#FFFCA6'
18.9394 	EXP 	self_box: fillColor = '#A6A9FF'
18.9394 	EXP 	other_box: fillColor = '#FFFCA6'
18.9562 	EXP 	self_box: fillColor = '#A6A9FF'
18.9562 	EXP 	other_box: fillColor = '#FFFCA6'
18.9728 	EXP 	self_box: fillColor = '#A6A9FF'
18.9728 	EXP 	other_box: fillColor = '#FFFCA6'
18.9897 	EXP 	self_box: fillColor = '#A6A9FF'
18.9897 	EXP 	other_box: fillColor = '#FFFCA6'
19.0063 	EXP 	self_box: fillColor = '#A6A9FF'
19.0063 	EXP 	other_box: fillColor = '#FAF33E'
19.0229 	EXP 	self_box: fillColor = '#A6A9FF'
19.0229 	EXP 	other_box: fillColor = '#FAF33E'
19.0397 	EXP 	self_box: fillColor = '#A6A9FF'
19.0397 	EXP 	other_box: fillColor = '#FAF33E'
19.0563 	EXP 	self_box: fillColor = '#A6A9FF'
19.0563 	EXP 	other_box: fillColor = '#FAF33E'
19.0731 	EXP 	self_box: fillColor = '#A6A9FF'
19.0731 	EXP 	other_box: fillColor = '#FAF33E'
19.0898 	EXP 	self_box: fillColor = '#A6A9FF'
19.0898 	EXP 	other_box: fillColor = '#FAF33E'
19.1065 	EXP 	self_box: fillColor = '#A6A9FF'
19.1065 	EXP 	other_box: fillColor = '#FAF33E'
19.1231 	EXP 	self_box: fillColor = '#A6A9FF'
19.1231 	EXP 	other_box: fillColor = '#FAF33E'
19.1398 	EXP 	self_box: fillColor = '#A6A9FF'
19.1398 	EXP 	other_box: fillColor = '#FAF33E'
19.1565 	EXP 	self_box: fillColor = '#A6A9FF'
19.1565 	EXP 	other_box: fillColor = '#FAF33E'
19.1732 	EXP 	self_box: fillColor = '#A6A9FF'
19.1732 	EXP 	other_box: fillColor = '#FAF33E'
19.1900 	EXP 	self_box: fillColor = '#A6A9FF'
19.1900 	EXP 	other_box: fillColor = '#FAF33E'
19.2067 	EXP 	self_box: fillColor = '#A6A9FF'
19.2067 	EXP 	other_box: fillColor = '#FAF33E'
19.2234 	EXP 	self_box: fillColor = '#A6A9FF'
19.2234 	EXP 	other_box: fillColor = '#FAF33E'
19.2400 	EXP 	self_box: fillColor = '#A6A9FF'
19.2400 	EXP 	other_box: fillColor = '#FAF33E'
19.2568 	EXP 	self_box: fillColor = '#A6A9FF'
19.2568 	EXP 	other_box: fillColor = '#FAF33E'
19.2735 	EXP 	self_box: fillColor = '#A6A9FF'
19.2735 	EXP 	other_box: fillColor = '#FAF33E'
19.2900 	EXP 	self_box: fillColor = '#A6A9FF'
19.2900 	EXP 	other_box: fillColor = '#FAF33E'
19.3069 	EXP 	self_box: fillColor = '#A6A9FF'
19.3069 	EXP 	other_box: fillColor = '#FAF33E'
19.3235 	EXP 	self_box: fillColor = '#A6A9FF'
19.3235 	EXP 	other_box: fillColor = '#FAF33E'
19.3401 	EXP 	self_box: fillColor = '#A6A9FF'
19.3401 	EXP 	other_box: fillColor = '#FAF33E'
19.3568 	EXP 	self_box: fillColor = '#A6A9FF'
19.3568 	EXP 	other_box: fillColor = '#FAF33E'
19.3736 	EXP 	self_box: fillColor = '#A6A9FF'
19.3736 	EXP 	other_box: fillColor = '#FAF33E'
19.3903 	EXP 	self_box: fillColor = '#A6A9FF'
19.3903 	EXP 	other_box: fillColor = '#FAF33E'
19.4070 	EXP 	self_box: fillColor = '#A6A9FF'
19.4070 	EXP 	other_box: fillColor = '#FAF33E'
19.4237 	EXP 	self_box: fillColor = '#A6A9FF'
19.4237 	EXP 	other_box: fillColor = '#FAF33E'
19.4403 	EXP 	self_box: fillColor = '#A6A9FF'
19.4403 	EXP 	other_box: fillColor = '#FAF33E'
19.4570 	EXP 	self_box: fillColor = '#A6A9FF'
19.4570 	EXP 	other_box: fillColor = '#FAF33E'
19.4737 	EXP 	self_box: fillColor = '#A6A9FF'
19.4737 	EXP 	other_box: fillColor = '#FAF33E'
19.4905 	EXP 	self_box: fillColor = '#A6A9FF'
19.4905 	EXP 	other_box: fillColor = '#FAF33E'
19.5070 	EXP 	self_box: fillColor = '#A6A9FF'
19.5070 	EXP 	other_box: fillColor = '#FAF33E'
19.5238 	EXP 	self_box: fillColor = '#A6A9FF'
19.5238 	EXP 	other_box: fillColor = '#FAF33E'
19.5405 	EXP 	self_box: fillColor = '#A6A9FF'
19.5405 	EXP 	other_box: fillColor = '#FAF33E'
19.5571 	EXP 	self_box: fillColor = '#A6A9FF'
19.5571 	EXP 	other_box: fillColor = '#FAF33E'
19.5739 	EXP 	self_box: fillColor = '#A6A9FF'
19.5739 	EXP 	other_box: fillColor = '#FAF33E'
19.5906 	EXP 	self_box: fillColor = '#A6A9FF'
19.5906 	EXP 	other_box: fillColor = '#FAF33E'
19.6073 	EXP 	self_box: fillColor = '#A6A9FF'
19.6073 	EXP 	other_box: fillColor = '#FAF33E'
19.6240 	EXP 	self_box: fillColor = '#A6A9FF'
19.6240 	EXP 	other_box: fillColor = '#FAF33E'
19.6407 	EXP 	self_box: fillColor = '#A6A9FF'
19.6407 	EXP 	other_box: fillColor = '#FAF33E'
19.6573 	EXP 	self_box: fillColor = '#A6A9FF'
19.6573 	EXP 	other_box: fillColor = '#FAF33E'
19.6741 	EXP 	self_box: fillColor = '#A6A9FF'
19.6741 	EXP 	other_box: fillColor = '#FAF33E'
19.6909 	EXP 	self_box: fillColor = '#A6A9FF'
19.6909 	EXP 	other_box: fillColor = '#FAF33E'
19.7075 	EXP 	self_box: fillColor = '#A6A9FF'
19.7075 	EXP 	other_box: fillColor = '#FAF33E'
19.7242 	EXP 	self_box: fillColor = '#A6A9FF'
19.7242 	EXP 	other_box: fillColor = '#FAF33E'
19.7410 	EXP 	self_box: fillColor = '#A6A9FF'
19.7410 	EXP 	other_box: fillColor = '#FAF33E'
19.7576 	EXP 	self_box: fillColor = '#A6A9FF'
19.7576 	EXP 	other_box: fillColor = '#FAF33E'
19.7742 	EXP 	self_box: fillColor = '#A6A9FF'
19.7742 	EXP 	other_box: fillColor = '#FAF33E'
19.7910 	EXP 	self_box: fillColor = '#A6A9FF'
19.7910 	EXP 	other_box: fillColor = '#FAF33E'
19.8077 	EXP 	self_box: fillColor = '#A6A9FF'
19.8077 	EXP 	other_box: fillColor = '#FAF33E'
19.8243 	EXP 	self_box: fillColor = '#A6A9FF'
19.8243 	EXP 	other_box: fillColor = '#FAF33E'
19.8410 	EXP 	self_box: fillColor = '#A6A9FF'
19.8410 	EXP 	other_box: fillColor = '#FAF33E'
19.8577 	EXP 	self_box: fillColor = '#A6A9FF'
19.8577 	EXP 	other_box: fillColor = '#FAF33E'
19.8744 	EXP 	self_box: fillColor = '#A6A9FF'
19.8744 	EXP 	other_box: fillColor = '#FAF33E'
19.8909 	EXP 	self_box: fillColor = '#A6A9FF'
19.8909 	EXP 	other_box: fillColor = '#FAF33E'
19.9077 	EXP 	self_box: fillColor = '#A6A9FF'
19.9077 	EXP 	other_box: fillColor = '#FAF33E'
19.9244 	EXP 	self_box: fillColor = '#A6A9FF'
19.9244 	EXP 	other_box: fillColor = '#FAF33E'
19.9410 	EXP 	self_box: fillColor = '#A6A9FF'
19.9410 	EXP 	other_box: fillColor = '#FAF33E'
19.9578 	EXP 	self_box: fillColor = '#A6A9FF'
19.9578 	EXP 	other_box: fillColor = '#FAF33E'
19.9744 	EXP 	self_box: fillColor = '#A6A9FF'
19.9744 	EXP 	other_box: fillColor = '#FAF33E'
19.9913 	EXP 	self_box: fillColor = '#A6A9FF'
19.9913 	EXP 	other_box: fillColor = '#FAF33E'
20.0079 	EXP 	self_box: fillColor = '#A6A9FF'
20.0079 	EXP 	other_box: fillColor = '#FAF33E'
20.0246 	EXP 	self_box: fillColor = '#A6A9FF'
20.0246 	EXP 	other_box: fillColor = '#FAF33E'
20.0414 	EXP 	self_box: fillColor = '#A6A9FF'
20.0414 	EXP 	other_box: fillColor = '#FAF33E'
20.0580 	EXP 	self_box: fillColor = '#A6A9FF'
20.0580 	EXP 	other_box: fillColor = '#FAF33E'
20.0747 	EXP 	self_box: fillColor = '#A6A9FF'
20.0747 	EXP 	other_box: fillColor = '#FAF33E'
20.0913 	EXP 	self_box: fillColor = '#A6A9FF'
20.0913 	EXP 	other_box: fillColor = '#FAF33E'
20.1082 	EXP 	self_box: fillColor = '#A6A9FF'
20.1082 	EXP 	other_box: fillColor = '#FAF33E'
20.1247 	EXP 	self_box: fillColor = '#A6A9FF'
20.1247 	EXP 	other_box: fillColor = '#FAF33E'
20.1415 	EXP 	self_box: fillColor = '#A6A9FF'
20.1415 	EXP 	other_box: fillColor = '#FAF33E'
20.1582 	EXP 	self_box: fillColor = '#A6A9FF'
20.1582 	EXP 	other_box: fillColor = '#FAF33E'
20.1748 	EXP 	self_box: fillColor = '#A6A9FF'
20.1748 	EXP 	other_box: fillColor = '#FAF33E'
20.1916 	EXP 	self_box: fillColor = '#A6A9FF'
20.1916 	EXP 	other_box: fillColor = '#FAF33E'
20.2082 	EXP 	self_box: fillColor = '#A6A9FF'
20.2082 	EXP 	other_box: fillColor = '#FAF33E'
20.2250 	EXP 	self_box: fillColor = '#A6A9FF'
20.2250 	EXP 	other_box: fillColor = '#FAF33E'
20.2417 	EXP 	self_box: fillColor = '#A6A9FF'
20.2417 	EXP 	other_box: fillColor = '#FAF33E'
20.2583 	EXP 	self_box: fillColor = '#A6A9FF'
20.2583 	EXP 	other_box: fillColor = '#FAF33E'
20.2750 	EXP 	self_box: fillColor = '#A6A9FF'
20.2750 	EXP 	other_box: fillColor = '#FAF33E'
20.2917 	EXP 	self_box: fillColor = '#A6A9FF'
20.2917 	EXP 	other_box: fillColor = '#FAF33E'
20.3083 	EXP 	self_box: fillColor = '#A6A9FF'
20.3083 	EXP 	other_box: fillColor = '#FAF33E'
20.3250 	EXP 	self_box: fillColor = '#A6A9FF'
20.3250 	EXP 	other_box: fillColor = '#FFFCA6'
20.3418 	EXP 	self_box: fillColor = '#A6A9FF'
20.3418 	EXP 	other_box: fillColor = '#FFFCA6'
20.3584 	EXP 	self_box: fillColor = '#A6A9FF'
20.3584 	EXP 	other_box: fillColor = '#FFFCA6'
20.3752 	EXP 	self_box: fillColor = '#A6A9FF'
20.3752 	EXP 	other_box: fillColor = '#FFFCA6'
20.3918 	EXP 	self_box: fillColor = '#A6A9FF'
20.3918 	EXP 	other_box: fillColor = '#FFFCA6'
20.4086 	EXP 	self_box: fillColor = '#A6A9FF'
20.4086 	EXP 	other_box: fillColor = '#FFFCA6'
20.4254 	EXP 	self_box: fillColor = '#A6A9FF'
20.4254 	EXP 	other_box: fillColor = '#FFFCA6'
20.4420 	EXP 	self_box: fillColor = '#A6A9FF'
20.4420 	EXP 	other_box: fillColor = '#FFFCA6'
20.4586 	EXP 	self_box: fillColor = '#A6A9FF'
20.4586 	EXP 	other_box: fillColor = '#FFFCA6'
20.4753 	EXP 	self_box: fillColor = '#A6A9FF'
20.4753 	EXP 	other_box: fillColor = '#FFFCA6'
20.4921 	EXP 	self_box: fillColor = '#A6A9FF'
20.4921 	EXP 	other_box: fillColor = '#FFFCA6'
20.5088 	EXP 	self_box: fillColor = '#A6A9FF'
20.5088 	EXP 	other_box: fillColor = '#FFFCA6'
20.5254 	EXP 	self_box: fillColor = '#A6A9FF'
20.5254 	EXP 	other_box: fillColor = '#FFFCA6'
20.5422 	EXP 	self_box: fillColor = '#A6A9FF'
20.5422 	EXP 	other_box: fillColor = '#FFFCA6'
20.5588 	EXP 	self_box: fillColor = '#A6A9FF'
20.5588 	EXP 	other_box: fillColor = '#FFFCA6'
20.5754 	EXP 	self_box: fillColor = '#A6A9FF'
20.5754 	EXP 	other_box: fillColor = '#FFFCA6'
20.5921 	EXP 	self_box: fillColor = '#A6A9FF'
20.5921 	EXP 	other_box: fillColor = '#FFFCA6'
20.6089 	EXP 	self_box: fillColor = '#A6A9FF'
20.6089 	EXP 	other_box: fillColor = '#FFFCA6'
20.6255 	EXP 	self_box: fillColor = '#A6A9FF'
20.6255 	EXP 	other_box: fillColor = '#FFFCA6'
20.6424 	EXP 	self_box: fillColor = '#A6A9FF'
20.6424 	EXP 	other_box: fillColor = '#FFFCA6'
20.6589 	EXP 	self_box: fillColor = '#A6A9FF'
20.6589 	EXP 	other_box: fillColor = '#FFFCA6'
20.6756 	EXP 	self_box: fillColor = '#A6A9FF'
20.6756 	EXP 	other_box: fillColor = '#FFFCA6'
20.6923 	EXP 	self_box: fillColor = '#A6A9FF'
20.6923 	EXP 	other_box: fillColor = '#FFFCA6'
20.7089 	EXP 	self_box: fillColor = '#A6A9FF'
20.7089 	EXP 	other_box: fillColor = '#FFFCA6'
20.7257 	EXP 	self_box: fillColor = '#A6A9FF'
20.7257 	EXP 	other_box: fillColor = '#FFFCA6'
20.7424 	EXP 	self_box: fillColor = '#A6A9FF'
20.7424 	EXP 	other_box: fillColor = '#FFFCA6'
20.7592 	EXP 	self_box: fillColor = '#A6A9FF'
20.7592 	EXP 	other_box: fillColor = '#FFFCA6'
20.7758 	EXP 	self_box: fillColor = '#A6A9FF'
20.7758 	EXP 	other_box: fillColor = '#FFFCA6'
20.7926 	EXP 	self_box: fillColor = '#A6A9FF'
20.7926 	EXP 	other_box: fillColor = '#FFFCA6'
20.8092 	EXP 	self_box: fillColor = '#A6A9FF'
20.8092 	EXP 	other_box: fillColor = '#FFFCA6'
20.8259 	EXP 	self_box: fillColor = '#A6A9FF'
20.8259 	EXP 	other_box: fillColor = '#FFFCA6'
20.8426 	EXP 	self_box: fillColor = '#A6A9FF'
20.8426 	EXP 	other_box: fillColor = '#FFFCA6'
20.8593 	EXP 	self_box: fillColor = '#A6A9FF'
20.8593 	EXP 	other_box: fillColor = '#FFFCA6'
20.8759 	EXP 	self_box: fillColor = '#A6A9FF'
20.8759 	EXP 	other_box: fillColor = '#FFFCA6'
20.8927 	EXP 	self_box: fillColor = '#A6A9FF'
20.8927 	EXP 	other_box: fillColor = '#FFFCA6'
20.9093 	EXP 	self_box: fillColor = '#A6A9FF'
20.9093 	EXP 	other_box: fillColor = '#FFFCA6'
20.9260 	EXP 	self_box: fillColor = '#A6A9FF'
20.9260 	EXP 	other_box: fillColor = '#FFFCA6'
20.9427 	EXP 	self_box: fillColor = '#A6A9FF'
20.9427 	EXP 	other_box: fillColor = '#FFFCA6'
20.9594 	EXP 	self_box: fillColor = '#A6A9FF'
20.9594 	EXP 	other_box: fillColor = '#FFFCA6'
20.9760 	EXP 	self_box: fillColor = '#A6A9FF'
20.9760 	EXP 	other_box: fillColor = '#FFFCA6'
20.9928 	EXP 	self_box: fillColor = '#A6A9FF'
20.9928 	EXP 	other_box: fillColor = '#FFFCA6'
21.0095 	EXP 	self_box: fillColor = '#A6A9FF'
21.0095 	EXP 	other_box: fillColor = '#FFFCA6'
21.0261 	EXP 	self_box: fillColor = '#A6A9FF'
21.0261 	EXP 	other_box: fillColor = '#FFFCA6'
21.0428 	EXP 	self_box: fillColor = '#A6A9FF'
21.0428 	EXP 	other_box: fillColor = '#FFFCA6'
21.0596 	EXP 	self_box: fillColor = '#A6A9FF'
21.0596 	EXP 	other_box: fillColor = '#FFFCA6'
21.0762 	EXP 	self_box: fillColor = '#A6A9FF'
21.0762 	EXP 	other_box: fillColor = '#FFFCA6'
21.0930 	EXP 	self_box: fillColor = '#A6A9FF'
21.0930 	EXP 	other_box: fillColor = '#FFFCA6'
21.1097 	EXP 	self_box: fillColor = '#A6A9FF'
21.1097 	EXP 	other_box: fillColor = '#FFFCA6'
21.1263 	EXP 	self_box: fillColor = '#A6A9FF'
21.1263 	EXP 	other_box: fillColor = '#FFFCA6'
21.1431 	EXP 	self_box: fillColor = '#A6A9FF'
21.1431 	EXP 	other_box: fillColor = '#FFFCA6'
21.1597 	EXP 	self_box: fillColor = '#A6A9FF'
21.1597 	EXP 	other_box: fillColor = '#FFFCA6'
21.1765 	EXP 	self_box: fillColor = '#A6A9FF'
21.1765 	EXP 	other_box: fillColor = '#FFFCA6'
21.1931 	EXP 	self_box: fillColor = '#A6A9FF'
21.1931 	EXP 	other_box: fillColor = '#FFFCA6'
21.2097 	EXP 	self_box: fillColor = '#A6A9FF'
21.2097 	EXP 	other_box: fillColor = '#FFFCA6'
21.2264 	EXP 	self_box: fillColor = '#A6A9FF'
21.2264 	EXP 	other_box: fillColor = '#FFFCA6'
21.2433 	EXP 	self_box: fillColor = '#A6A9FF'
21.2433 	EXP 	other_box: fillColor = '#FFFCA6'
21.2599 	EXP 	self_box: fillColor = '#A6A9FF'
21.2599 	EXP 	other_box: fillColor = '#FFFCA6'
21.2765 	EXP 	self_box: fillColor = '#A6A9FF'
21.2765 	EXP 	other_box: fillColor = '#FFFCA6'
21.2933 	EXP 	self_box: fillColor = '#A6A9FF'
21.2933 	EXP 	other_box: fillColor = '#FFFCA6'
21.3099 	EXP 	self_box: fillColor = '#A6A9FF'
21.3099 	EXP 	other_box: fillColor = '#FFFCA6'
21.3267 	EXP 	self_box: fillColor = '#A6A9FF'
21.3267 	EXP 	other_box: fillColor = '#FFFCA6'
21.3433 	EXP 	self_box: fillColor = '#A6A9FF'
21.3433 	EXP 	other_box: fillColor = '#FFFCA6'
21.3601 	EXP 	self_box: fillColor = '#A6A9FF'
21.3601 	EXP 	other_box: fillColor = '#FAF33E'
21.3768 	EXP 	self_box: fillColor = '#A6A9FF'
21.3768 	EXP 	other_box: fillColor = '#FAF33E'
21.3935 	EXP 	self_box: fillColor = '#A6A9FF'
21.3935 	EXP 	other_box: fillColor = '#FAF33E'
21.4101 	EXP 	self_box: fillColor = '#A6A9FF'
21.4101 	EXP 	other_box: fillColor = '#FAF33E'
21.4268 	EXP 	self_box: fillColor = '#A6A9FF'
21.4268 	EXP 	other_box: fillColor = '#FAF33E'
21.4436 	EXP 	self_box: fillColor = '#A6A9FF'
21.4436 	EXP 	other_box: fillColor = '#FAF33E'
21.4603 	EXP 	self_box: fillColor = '#A6A9FF'
21.4603 	EXP 	other_box: fillColor = '#FAF33E'
21.4769 	EXP 	self_box: fillColor = '#A6A9FF'
21.4769 	EXP 	other_box: fillColor = '#FAF33E'
21.4936 	EXP 	self_box: fillColor = '#A6A9FF'
21.4936 	EXP 	other_box: fillColor = '#FAF33E'
21.5103 	EXP 	self_box: fillColor = '#A6A9FF'
21.5103 	EXP 	other_box: fillColor = '#FAF33E'
21.5271 	EXP 	self_box: fillColor = '#A6A9FF'
21.5271 	EXP 	other_box: fillColor = '#FAF33E'
21.5437 	EXP 	self_box: fillColor = '#A6A9FF'
21.5437 	EXP 	other_box: fillColor = '#FAF33E'
21.5604 	EXP 	self_box: fillColor = '#A6A9FF'
21.5604 	EXP 	other_box: fillColor = '#FAF33E'
21.5770 	EXP 	self_box: fillColor = '#A6A9FF'
21.5770 	EXP 	other_box: fillColor = '#FAF33E'
21.5938 	EXP 	self_box: fillColor = '#A6A9FF'
21.5938 	EXP 	other_box: fillColor = '#FAF33E'
21.6104 	EXP 	self_box: fillColor = '#A6A9FF'
21.6104 	EXP 	other_box: fillColor = '#FAF33E'
21.6272 	EXP 	self_box: fillColor = '#A6A9FF'
21.6272 	EXP 	other_box: fillColor = '#FAF33E'
21.6439 	EXP 	self_box: fillColor = '#A6A9FF'
21.6439 	EXP 	other_box: fillColor = '#FAF33E'
21.6607 	EXP 	self_box: fillColor = '#A6A9FF'
21.6607 	EXP 	other_box: fillColor = '#FAF33E'
21.6773 	EXP 	self_box: fillColor = '#A6A9FF'
21.6773 	EXP 	other_box: fillColor = '#FAF33E'
21.6939 	EXP 	self_box: fillColor = '#A6A9FF'
21.6939 	EXP 	other_box: fillColor = '#FAF33E'
21.7107 	EXP 	self_box: fillColor = '#A6A9FF'
21.7107 	EXP 	other_box: fillColor = '#FAF33E'
21.7273 	EXP 	self_box: fillColor = '#A6A9FF'
21.7273 	EXP 	other_box: fillColor = '#FAF33E'
21.7441 	EXP 	self_box: fillColor = '#A6A9FF'
21.7441 	EXP 	other_box: fillColor = '#FAF33E'
21.7608 	EXP 	self_box: fillColor = '#A6A9FF'
21.7608 	EXP 	other_box: fillColor = '#FAF33E'
21.7775 	EXP 	self_box: fillColor = '#A6A9FF'
21.7775 	EXP 	other_box: fillColor = '#FAF33E'
21.7941 	EXP 	self_box: fillColor = '#A6A9FF'
21.7941 	EXP 	other_box: fillColor = '#FAF33E'
21.8108 	EXP 	self_box: fillColor = '#A6A9FF'
21.8108 	EXP 	other_box: fillColor = '#FAF33E'
21.8275 	EXP 	self_box: fillColor = '#A6A9FF'
21.8275 	EXP 	other_box: fillColor = '#FAF33E'
21.8443 	EXP 	self_box: fillColor = '#A6A9FF'
21.8443 	EXP 	other_box: fillColor = '#FAF33E'
21.8608 	EXP 	self_box: fillColor = '#A6A9FF'
21.8608 	EXP 	other_box: fillColor = '#FAF33E'
21.8775 	EXP 	self_box: fillColor = '#A6A9FF'
21.8775 	EXP 	other_box: fillColor = '#FAF33E'
21.8942 	EXP 	self_box: fillColor = '#A6A9FF'
21.8942 	EXP 	other_box: fillColor = '#FAF33E'
21.9109 	EXP 	self_box: fillColor = '#A6A9FF'
21.9109 	EXP 	other_box: fillColor = '#FAF33E'
21.9276 	EXP 	self_box: fillColor = '#A6A9FF'
21.9276 	EXP 	other_box: fillColor = '#FAF33E'
21.9444 	EXP 	self_box: fillColor = '#A6A9FF'
21.9444 	EXP 	other_box: fillColor = '#FAF33E'
21.9610 	EXP 	self_box: fillColor = '#A6A9FF'
21.9610 	EXP 	other_box: fillColor = '#FAF33E'
21.9777 	EXP 	self_box: fillColor = '#A6A9FF'
21.9777 	EXP 	other_box: fillColor = '#FAF33E'
21.9943 	EXP 	self_box: fillColor = '#A6A9FF'
21.9943 	EXP 	other_box: fillColor = '#FAF33E'
21.9948 	DATA 	Mouse: Left button down, pos=(1024,228)
21.9965 	EXP 	New trial (rep=0, index=1): {'word': u'word6.1', 'amount': u'unmodified', 'list': u'list6', 'trialtype': u'unmodified', 'trialtype_extended': u'unmodified'}
22.0111 	EXP 	self_box: fillColor = '#A6A9FF'
22.0111 	EXP 	other_box: fillColor = '#FAF33E'
22.0111 	EXP 	question: autoDraw = False
22.0111 	EXP 	self_box: autoDraw = False
22.0111 	EXP 	self_label: autoDraw = False
22.0111 	EXP 	other_box: autoDraw = False
22.0111 	EXP 	other_label: autoDraw = False
22.0111 	EXP 	text: text = u'word6.1'
22.0617 	DATA 	Mouse: Left button up, pos=(1024,228)
23.0293 	EXP 	text: autoDraw = True
25.3330 	EXP 	text: autoDraw = False
25.3330 	EXP 	question: autoDraw = True
25.3330 	EXP 	self_box: autoDraw = True
25.3330 	EXP 	self_label: autoDraw = True
25.3330 	EXP 	other_box: autoDraw = True
25.3330 	EXP 	other_label: autoDraw = True
25.3330 	EXP 	self_box: fillColor = '#A6A9FF'
25.3330 	EXP 	other_box: fillColor = '#FFFCA6'
25.3496 	EXP 	self_box: fillColor = '#A6A9FF'
25.3496 	EXP 	other_box: fillColor = '#FFFCA6'
25.3665 	EXP 	self_box: fillColor = '#A6A9FF'
25.3665 	EXP 	other_box: fillColor = '#FFFCA6'
25.3832 	EXP 	self_box: fillColor = '#A6A9FF'
25.3832 	EXP 	other_box: fillColor = '#FFFCA6'
25.3998 	EXP 	self_box: fillColor = '#A6A9FF'
25.3998 	EXP 	other_box: fillColor = '#FFFCA6'
25.4165 	EXP 	self_box: fillColor = '#A6A9FF'
25.4165 	EXP 	other_box: fillColor = '#FFFCA6'
25.4333 	EXP 	self_box: fillColor = '#A6A9FF'
25.4333 	EXP 	other_box: fillColor = '#FFFCA6'
25.4499 	EXP 	self_box: fillColor = '#A6A9FF'
25.4499 	EXP 	other_box: fillColor = '#FFFCA6'
25.4666 	EXP 	self_box: fillColor = '#A6A9FF'
25.4666 	EXP 	other_box: fillColor = '#FFFCA6'
25.4833 	EXP 	self_box: fillColor = '#A6A9FF'
25.4833 	EXP 	other_box: fillColor = '#FFFCA6'
25.5000 	EXP 	self_box: fillColor = '#A6A9FF'
25.5000 	EXP 	other_box: fillColor = '#FFFCA6'
25.5167 	EXP 	self_box: fillColor = '#A6A9FF'
25.5167 	EXP 	other_box: fillColor = '#FFFCA6'
25.5335 	EXP 	self_box: fillColor = '#A6A9FF'
25.5335 	EXP 	other_box: fillColor = '#FFFCA6'
25.5501 	EXP 	self_box: fillColor = '#A6A9FF'
25.5501 	EXP 	other_box: fillColor = '#FFFCA6'
25.5668 	EXP 	self_box: fillColor = '#A6A9FF'
25.5668 	EXP 	other_box: fillColor = '#FFFCA6'
25.5835 	EXP 	self_box: fillColor = '#A6A9FF'
25.5835 	EXP 	other_box: fillColor = '#FFFCA6'
25.6001 	EXP 	self_box: fillColor = '#A6A9FF'
25.6001 	EXP 	other_box: fillColor = '#FFFCA6'
25.6168 	EXP 	self_box: fillColor = '#A6A9FF'
25.6168 	EXP 	other_box: fillColor = '#FFFCA6'
25.6336 	EXP 	self_box: fillColor = '#A6A9FF'
25.6336 	EXP 	other_box: fillColor = '#FFFCA6'
25.6502 	EXP 	self_box: fillColor = '#A6A9FF'
25.6502 	EXP 	other_box: fillColor = '#FFFCA6'
25.6670 	EXP 	self_box: fillColor = '#A6A9FF'
25.6670 	EXP 	other_box: fillColor = '#FFFCA6'
25.6837 	EXP 	self_box: fillColor = '#A6A9FF'
25.6837 	EXP 	other_box: fillColor = '#FFFCA6'
25.7004 	EXP 	self_box: fillColor = '#A6A9FF'
25.7004 	EXP 	other_box: fillColor = '#FFFCA6'
25.7170 	EXP 	self_box: fillColor = '#A6A9FF'
25.7170 	EXP 	other_box: fillColor = '#FFFCA6'
25.7337 	EXP 	self_box: fillColor = '#A6A9FF'
25.7337 	EXP 	other_box: fillColor = '#FFFCA6'
25.7504 	EXP 	self_box: fillColor = '#A6A9FF'
25.7504 	EXP 	other_box: fillColor = '#FFFCA6'
25.7671 	EXP 	self_box: fillColor = '#A6A9FF'
25.7671 	EXP 	other_box: fillColor = '#FFFCA6'
25.7838 	EXP 	self_box: fillColor = '#A6A9FF'
25.7838 	EXP 	other_box: fillColor = '#FFFCA6'
25.8004 	EXP 	self_box: fillColor = '#A6A9FF'
25.8004 	EXP 	other_box: fillColor = '#FFFCA6'
25.8172 	EXP 	self_box: fillColor = '#A6A9FF'
25.8172 	EXP 	other_box: fillColor = '#FFFCA6'
25.8339 	EXP 	self_box: fillColor = '#A6A9FF'
25.8339 	EXP 	other_box: fillColor = '#FFFCA6'
25.8506 	EXP 	self_box: fillColor = '#A6A9FF'
25.8506 	EXP 	other_box: fillColor = '#FFFCA6'
25.8673 	EXP 	self_box: fillColor = '#A6A9FF'
25.8673 	EXP 	other_box: fillColor = '#FFFCA6'
25.8838 	EXP 	self_box: fillColor = '#A6A9FF'
25.8838 	EXP 	other_box: fillColor = '#FFFCA6'
25.9005 	EXP 	self_box: fillColor = '#A6A9FF'
25.9005 	EXP 	other_box: fillColor = '#FFFCA6'
25.9172 	EXP 	self_box: fillColor = '#A6A9FF'
25.9172 	EXP 	other_box: fillColor = '#FFFCA6'
25.9340 	EXP 	self_box: fillColor = '#A6A9FF'
25.9340 	EXP 	other_box: fillColor = '#FFFCA6'
25.9506 	EXP 	self_box: fillColor = '#A6A9FF'
25.9506 	EXP 	other_box: fillColor = '#FFFCA6'
25.9674 	EXP 	self_box: fillColor = '#A6A9FF'
25.9674 	EXP 	other_box: fillColor = '#FFFCA6'
25.9841 	EXP 	self_box: fillColor = '#A6A9FF'
25.9841 	EXP 	other_box: fillColor = '#FFFCA6'
26.0006 	EXP 	self_box: fillColor = '#A6A9FF'
26.0006 	EXP 	other_box: fillColor = '#FFFCA6'
26.0176 	EXP 	self_box: fillColor = '#A6A9FF'
26.0176 	EXP 	other_box: fillColor = '#FFFCA6'
26.0341 	EXP 	self_box: fillColor = '#A6A9FF'
26.0341 	EXP 	other_box: fillColor = '#FFFCA6'
26.0509 	EXP 	self_box: fillColor = '#A6A9FF'
26.0509 	EXP 	other_box: fillColor = '#FFFCA6'
26.0675 	EXP 	self_box: fillColor = '#3E45FA'
26.0675 	EXP 	other_box: fillColor = '#FFFCA6'
26.0843 	EXP 	self_box: fillColor = '#3E45FA'
26.0843 	EXP 	other_box: fillColor = '#FFFCA6'
26.1010 	EXP 	self_box: fillColor = '#3E45FA'
26.1010 	EXP 	other_box: fillColor = '#FFFCA6'
26.1177 	EXP 	self_box: fillColor = '#3E45FA'
26.1177 	EXP 	other_box: fillColor = '#FFFCA6'
26.1344 	EXP 	self_box: fillColor = '#3E45FA'
26.1344 	EXP 	other_box: fillColor = '#FFFCA6'
26.1509 	EXP 	self_box: fillColor = '#3E45FA'
26.1509 	EXP 	other_box: fillColor = '#FFFCA6'
26.1677 	EXP 	self_box: fillColor = '#3E45FA'
26.1677 	EXP 	other_box: fillColor = '#FFFCA6'
26.1844 	EXP 	self_box: fillColor = '#3E45FA'
26.1844 	EXP 	other_box: fillColor = '#FFFCA6'
26.2011 	EXP 	self_box: fillColor = '#3E45FA'
26.2011 	EXP 	other_box: fillColor = '#FFFCA6'
26.2179 	EXP 	self_box: fillColor = '#3E45FA'
26.2179 	EXP 	other_box: fillColor = '#FFFCA6'
26.2345 	EXP 	self_box: fillColor = '#3E45FA'
26.2345 	EXP 	other_box: fillColor = '#FFFCA6'
26.2512 	EXP 	self_box: fillColor = '#3E45FA'
26.2512 	EXP 	other_box: fillColor = '#FFFCA6'
26.2679 	EXP 	self_box: fillColor = '#3E45FA'
26.2679 	EXP 	other_box: fillColor = '#FFFCA6'
26.2846 	EXP 	self_box: fillColor = '#3E45FA'
26.2846 	EXP 	other_box: fillColor = '#FFFCA6'
26.2887 	DATA 	Mouse: Left button down, pos=(490,290)
26.3012 	EXP 	self_box: fillColor = '#3E45FA'
26.3012 	EXP 	other_box: fillColor = '#FFFCA6'
26.3024 	EXP 	New trial (rep=0, index=2): {'word': u'word8.1', 'amount': u'unmodified', 'list': u'list8', 'trialtype': u'unmodified', 'trialtype_extended': u'unmodified'}
26.3179 	EXP 	self_box: fillColor = '#3E45FA'
26.3179 	EXP 	other_box: fillColor = '#FFFCA6'
26.3179 	EXP 	question: autoDraw = False
26.3179 	EXP 	self_box: autoDraw = False
26.3179 	EXP 	self_label: autoDraw = False
26.3179 	EXP 	other_box: autoDraw = False
26.3179 	EXP 	other_label: autoDraw = False
26.3179 	EXP 	text: text = u'word8.1'
26.3851 	DATA 	Mouse: Left button up, pos=(490,290)
27.3195 	EXP 	text: autoDraw = True
29.6734 	EXP 	text: autoDraw = False
29.6734 	EXP 	question: autoDraw = True
29.6734 	EXP 	self_box: autoDraw = True
29.6734 	EXP 	self_label: autoDraw = True
29.6734 	EXP 	other_box: autoDraw = True
29.6734 	EXP 	other_label: autoDraw = True
29.6734 	EXP 	self_box: fillColor = '#A6A9FF'
29.6734 	EXP 	other_box: fillColor = '#FFFCA6'
29.6901 	EXP 	self_box: fillColor = '#A6A9FF'
29.6901 	EXP 	other_box: fillColor = '#FFFCA6'
29.7067 	EXP 	self_box: fillColor = '#A6A9FF'
29.7067 	EXP 	other_box: fillColor = '#FFFCA6'
29.7235 	EXP 	self_box: fillColor = '#A6A9FF'
29.7235 	EXP 	other_box: fillColor = '#FFFCA6'
29.7401 	EXP 	self_box: fillColor = '#A6A9FF'
29.7401 	EXP 	other_box: fillColor = '#FFFCA6'
29.7568 	EXP 	self_box: fillColor = '#A6A9FF'
29.7568 	EXP 	other_box: fillColor = '#FFFCA6'
29.7734 	EXP 	self_box: fillColor = '#A6A9FF'
29.7734 	EXP 	other_box: fillColor = '#FFFCA6'
29.7902 	EXP 	self_box: fillColor = '#A6A9FF'
29.7902 	EXP 	other_box: fillColor = '#FFFCA6'
29.8068 	EXP 	self_box: fillColor = '#A6A9FF'
29.8068 	EXP 	other_box: fillColor = '#FFFCA6'
29.8236 	EXP 	self_box: fillColor = '#A6A9FF'
29.8236 	EXP 	other_box: fillColor = '#FFFCA6'
29.8404 	EXP 	self_box: fillColor = '#A6A9FF'
29.8404 	EXP 	other_box: fillColor = '#FFFCA6'
29.8570 	EXP 	self_box: fillColor = '#A6A9FF'
29.8570 	EXP 	other_box: fillColor = '#FFFCA6'
29.8736 	EXP 	self_box: fillColor = '#A6A9FF'
29.8736 	EXP 	other_box: fillColor = '#FFFCA6'
29.8904 	EXP 	self_box: fillColor = '#A6A9FF'
29.8904 	EXP 	other_box: fillColor = '#FFFCA6'
29.9070 	EXP 	self_box: fillColor = '#A6A9FF'
29.9070 	EXP 	other_box: fillColor = '#FFFCA6'
29.9236 	EXP 	self_box: fillColor = '#A6A9FF'
29.9236 	EXP 	other_box: fillColor = '#FFFCA6'
29.9403 	EXP 	self_box: fillColor = '#A6A9FF'
29.9403 	EXP 	other_box: fillColor = '#FFFCA6'
29.9573 	EXP 	self_box: fillColor = '#A6A9FF'
29.9573 	EXP 	other_box: fillColor = '#FFFCA6'
29.9738 	EXP 	self_box: fillColor = '#A6A9FF'
29.9738 	EXP 	other_box: fillColor = '#FFFCA6'
29.9905 	EXP 	self_box: fillColor = '#A6A9FF'
29.9905 	EXP 	other_box: fillColor = '#FFFCA6'
30.0071 	EXP 	self_box: fillColor = '#A6A9FF'
30.0071 	EXP 	other_box: fillColor = '#FFFCA6'
30.0239 	EXP 	self_box: fillColor = '#A6A9FF'
30.0239 	EXP 	other_box: fillColor = '#FFFCA6'
30.0405 	EXP 	self_box: fillColor = '#A6A9FF'
30.0405 	EXP 	other_box: fillColor = '#FFFCA6'
30.0573 	EXP 	self_box: fillColor = '#A6A9FF'
30.0573 	EXP 	other_box: fillColor = '#FFFCA6'
30.0739 	EXP 	self_box: fillColor = '#A6A9FF'
30.0739 	EXP 	other_box: fillColor = '#FFFCA6'
30.0907 	EXP 	self_box: fillColor = '#A6A9FF'
30.0907 	EXP 	other_box: fillColor = '#FFFCA6'
30.1072 	EXP 	self_box: fillColor = '#A6A9FF'
30.1072 	EXP 	other_box: fillColor = '#FFFCA6'
30.1240 	EXP 	self_box: fillColor = '#A6A9FF'
30.1240 	EXP 	other_box: fillColor = '#FFFCA6'
30.1409 	EXP 	self_box: fillColor = '#A6A9FF'
30.1409 	EXP 	other_box: fillColor = '#FFFCA6'
30.1574 	EXP 	self_box: fillColor = '#A6A9FF'
30.1574 	EXP 	other_box: fillColor = '#FFFCA6'
30.1740 	EXP 	self_box: fillColor = '#A6A9FF'
30.1740 	EXP 	other_box: fillColor = '#FFFCA6'
30.1907 	EXP 	self_box: fillColor = '#3E45FA'
30.1907 	EXP 	other_box: fillColor = '#FFFCA6'
30.2075 	EXP 	self_box: fillColor = '#3E45FA'
30.2075 	EXP 	other_box: fillColor = '#FFFCA6'
30.2241 	EXP 	self_box: fillColor = '#3E45FA'
30.2241 	EXP 	other_box: fillColor = '#FFFCA6'
30.2409 	EXP 	self_box: fillColor = '#3E45FA'
30.2409 	EXP 	other_box: fillColor = '#FFFCA6'
30.2576 	EXP 	self_box: fillColor = '#3E45FA'
30.2576 	EXP 	other_box: fillColor = '#FFFCA6'
30.2742 	EXP 	self_box: fillColor = '#3E45FA'
30.2742 	EXP 	other_box: fillColor = '#FFFCA6'
30.2909 	EXP 	self_box: fillColor = '#3E45FA'
30.2909 	EXP 	other_box: fillColor = '#FFFCA6'
30.3077 	EXP 	self_box: fillColor = '#3E45FA'
30.3077 	EXP 	other_box: fillColor = '#FFFCA6'
30.3099 	DATA 	Mouse: Left button down, pos=(395,302)
30.3243 	EXP 	self_box: fillColor = '#3E45FA'
30.3243 	EXP 	other_box: fillColor = '#FFFCA6'
30.3257 	EXP 	New trial (rep=0, index=3): {'word': u'word3.1', 'amount': u'0.9', 'list': u'list3', 'trialtype': u'speed', 'trialtype_extended': u'slow_small'}
30.3409 	EXP 	self_box: fillColor = '#3E45FA'
30.3409 	EXP 	other_box: fillColor = '#FFFCA6'
30.3409 	EXP 	question: autoDraw = False
30.3409 	EXP 	self_box: autoDraw = False
30.3409 	EXP 	self_label: autoDraw = False
30.3409 	EXP 	other_box: autoDraw = False
30.3409 	EXP 	other_label: autoDraw = False
30.3409 	EXP 	text: text = u'word3.1'
30.4083 	DATA 	Mouse: Left button up, pos=(395,302)
31.3426 	EXP 	text: autoDraw = True
34.0969 	EXP 	text: autoDraw = False
34.0969 	EXP 	question: autoDraw = True
34.0969 	EXP 	self_box: autoDraw = True
34.0969 	EXP 	self_label: autoDraw = True
34.0969 	EXP 	other_box: autoDraw = True
34.0969 	EXP 	other_label: autoDraw = True
34.0969 	EXP 	self_box: fillColor = '#A6A9FF'
34.0969 	EXP 	other_box: fillColor = '#FFFCA6'
34.1136 	EXP 	self_box: fillColor = '#A6A9FF'
34.1136 	EXP 	other_box: fillColor = '#FFFCA6'
34.1303 	EXP 	self_box: fillColor = '#A6A9FF'
34.1303 	EXP 	other_box: fillColor = '#FFFCA6'
34.1470 	EXP 	self_box: fillColor = '#A6A9FF'
34.1470 	EXP 	other_box: fillColor = '#FFFCA6'
34.1637 	EXP 	self_box: fillColor = '#A6A9FF'
34.1637 	EXP 	other_box: fillColor = '#FFFCA6'
34.1804 	EXP 	self_box: fillColor = '#A6A9FF'
34.1804 	EXP 	other_box: fillColor = '#FFFCA6'
34.1971 	EXP 	self_box: fillColor = '#A6A9FF'
34.1971 	EXP 	other_box: fillColor = '#FFFCA6'
34.2138 	EXP 	self_box: fillColor = '#A6A9FF'
34.2138 	EXP 	other_box: fillColor = '#FFFCA6'
34.2304 	EXP 	self_box: fillColor = '#A6A9FF'
34.2304 	EXP 	other_box: fillColor = '#FFFCA6'
34.2471 	EXP 	self_box: fillColor = '#A6A9FF'
34.2471 	EXP 	other_box: fillColor = '#FFFCA6'
34.2638 	EXP 	self_box: fillColor = '#A6A9FF'
34.2638 	EXP 	other_box: fillColor = '#FFFCA6'
34.2805 	EXP 	self_box: fillColor = '#A6A9FF'
34.2805 	EXP 	other_box: fillColor = '#FFFCA6'
34.2972 	EXP 	self_box: fillColor = '#A6A9FF'
34.2972 	EXP 	other_box: fillColor = '#FFFCA6'
34.3139 	EXP 	self_box: fillColor = '#A6A9FF'
34.3139 	EXP 	other_box: fillColor = '#FFFCA6'
34.3306 	EXP 	self_box: fillColor = '#A6A9FF'
34.3306 	EXP 	other_box: fillColor = '#FFFCA6'
34.3473 	EXP 	self_box: fillColor = '#A6A9FF'
34.3473 	EXP 	other_box: fillColor = '#FFFCA6'
34.3640 	EXP 	self_box: fillColor = '#A6A9FF'
34.3640 	EXP 	other_box: fillColor = '#FFFCA6'
34.3807 	EXP 	self_box: fillColor = '#A6A9FF'
34.3807 	EXP 	other_box: fillColor = '#FFFCA6'
34.3974 	EXP 	self_box: fillColor = '#A6A9FF'
34.3974 	EXP 	other_box: fillColor = '#FFFCA6'
34.4141 	EXP 	self_box: fillColor = '#A6A9FF'
34.4141 	EXP 	other_box: fillColor = '#FFFCA6'
34.4308 	EXP 	self_box: fillColor = '#A6A9FF'
34.4308 	EXP 	other_box: fillColor = '#FFFCA6'
34.4475 	EXP 	self_box: fillColor = '#A6A9FF'
34.4475 	EXP 	other_box: fillColor = '#FFFCA6'
34.4641 	EXP 	self_box: fillColor = '#A6A9FF'
34.4641 	EXP 	other_box: fillColor = '#FFFCA6'
34.4810 	EXP 	self_box: fillColor = '#A6A9FF'
34.4810 	EXP 	other_box: fillColor = '#FFFCA6'
34.4976 	EXP 	self_box: fillColor = '#A6A9FF'
34.4976 	EXP 	other_box: fillColor = '#FFFCA6'
34.5144 	EXP 	self_box: fillColor = '#A6A9FF'
34.5144 	EXP 	other_box: fillColor = '#FFFCA6'
34.5310 	EXP 	self_box: fillColor = '#A6A9FF'
34.5310 	EXP 	other_box: fillColor = '#FFFCA6'
34.5478 	EXP 	self_box: fillColor = '#A6A9FF'
34.5478 	EXP 	other_box: fillColor = '#FFFCA6'
34.5644 	EXP 	self_box: fillColor = '#A6A9FF'
34.5644 	EXP 	other_box: fillColor = '#FFFCA6'
34.5811 	EXP 	self_box: fillColor = '#A6A9FF'
34.5811 	EXP 	other_box: fillColor = '#FFFCA6'
34.5979 	EXP 	self_box: fillColor = '#A6A9FF'
34.5979 	EXP 	other_box: fillColor = '#FFFCA6'
34.6146 	EXP 	self_box: fillColor = '#A6A9FF'
34.6146 	EXP 	other_box: fillColor = '#FFFCA6'
34.6312 	EXP 	self_box: fillColor = '#A6A9FF'
34.6312 	EXP 	other_box: fillColor = '#FFFCA6'
34.6479 	EXP 	self_box: fillColor = '#A6A9FF'
34.6479 	EXP 	other_box: fillColor = '#FFFCA6'
34.6645 	EXP 	self_box: fillColor = '#A6A9FF'
34.6645 	EXP 	other_box: fillColor = '#FFFCA6'
34.6813 	EXP 	self_box: fillColor = '#A6A9FF'
34.6813 	EXP 	other_box: fillColor = '#FFFCA6'
34.6980 	EXP 	self_box: fillColor = '#A6A9FF'
34.6980 	EXP 	other_box: fillColor = '#FFFCA6'
34.7148 	EXP 	self_box: fillColor = '#A6A9FF'
34.7148 	EXP 	other_box: fillColor = '#FFFCA6'
34.7314 	EXP 	self_box: fillColor = '#A6A9FF'
34.7314 	EXP 	other_box: fillColor = '#FFFCA6'
34.7481 	EXP 	self_box: fillColor = '#A6A9FF'
34.7481 	EXP 	other_box: fillColor = '#FFFCA6'
34.7647 	EXP 	self_box: fillColor = '#A6A9FF'
34.7647 	EXP 	other_box: fillColor = '#FFFCA6'
34.7816 	EXP 	self_box: fillColor = '#A6A9FF'
34.7816 	EXP 	other_box: fillColor = '#FFFCA6'
34.7982 	EXP 	self_box: fillColor = '#A6A9FF'
34.7982 	EXP 	other_box: fillColor = '#FFFCA6'
34.8148 	EXP 	self_box: fillColor = '#A6A9FF'
34.8148 	EXP 	other_box: fillColor = '#FFFCA6'
34.8316 	EXP 	self_box: fillColor = '#A6A9FF'
34.8316 	EXP 	other_box: fillColor = '#FAF33E'
34.8483 	EXP 	self_box: fillColor = '#A6A9FF'
34.8483 	EXP 	other_box: fillColor = '#FAF33E'
34.8648 	EXP 	self_box: fillColor = '#A6A9FF'
34.8648 	EXP 	other_box: fillColor = '#FAF33E'
34.8815 	EXP 	self_box: fillColor = '#A6A9FF'
34.8815 	EXP 	other_box: fillColor = '#FAF33E'
34.8983 	EXP 	self_box: fillColor = '#A6A9FF'
34.8983 	EXP 	other_box: fillColor = '#FAF33E'
34.9149 	EXP 	self_box: fillColor = '#A6A9FF'
34.9149 	EXP 	other_box: fillColor = '#FAF33E'
34.9317 	EXP 	self_box: fillColor = '#A6A9FF'
34.9317 	EXP 	other_box: fillColor = '#FAF33E'
34.9484 	EXP 	self_box: fillColor = '#A6A9FF'
34.9484 	EXP 	other_box: fillColor = '#FAF33E'
34.9651 	EXP 	self_box: fillColor = '#A6A9FF'
34.9651 	EXP 	other_box: fillColor = '#FAF33E'
34.9817 	EXP 	self_box: fillColor = '#A6A9FF'
34.9817 	EXP 	other_box: fillColor = '#FAF33E'
34.9984 	EXP 	self_box: fillColor = '#A6A9FF'
34.9984 	EXP 	other_box: fillColor = '#FAF33E'
35.0151 	EXP 	self_box: fillColor = '#A6A9FF'
35.0151 	EXP 	other_box: fillColor = '#FAF33E'
35.0318 	EXP 	self_box: fillColor = '#A6A9FF'
35.0318 	EXP 	other_box: fillColor = '#FAF33E'
35.0486 	EXP 	self_box: fillColor = '#A6A9FF'
35.0486 	EXP 	other_box: fillColor = '#FAF33E'
35.0651 	EXP 	self_box: fillColor = '#A6A9FF'
35.0651 	EXP 	other_box: fillColor = '#FAF33E'
35.0818 	EXP 	self_box: fillColor = '#A6A9FF'
35.0818 	EXP 	other_box: fillColor = '#FAF33E'
35.0986 	EXP 	self_box: fillColor = '#A6A9FF'
35.0986 	EXP 	other_box: fillColor = '#FAF33E'
35.1152 	EXP 	self_box: fillColor = '#A6A9FF'
35.1152 	EXP 	other_box: fillColor = '#FAF33E'
35.1319 	EXP 	self_box: fillColor = '#A6A9FF'
35.1319 	EXP 	other_box: fillColor = '#FAF33E'
35.1487 	EXP 	self_box: fillColor = '#A6A9FF'
35.1487 	EXP 	other_box: fillColor = '#FAF33E'
35.1653 	EXP 	self_box: fillColor = '#A6A9FF'
35.1653 	EXP 	other_box: fillColor = '#FAF33E'
35.1721 	DATA 	Mouse: Left button down, pos=(991,311)
35.1736 	EXP 	New trial (rep=0, index=4): {'word': u'word1.1', 'amount': u'-1.5', 'list': u'list1', 'trialtype': u'pitch', 'trialtype_extended': u'pitch_lower_small'}
35.1820 	EXP 	self_box: fillColor = '#A6A9FF'
35.1820 	EXP 	other_box: fillColor = '#FAF33E'
35.1820 	EXP 	question: autoDraw = False
35.1820 	EXP 	self_box: autoDraw = False
35.1820 	EXP 	self_label: autoDraw = False
35.1820 	EXP 	other_box: autoDraw = False
35.1820 	EXP 	other_label: autoDraw = False
35.1820 	EXP 	text: text = u'word1.1'
35.2328 	DATA 	Mouse: Left button up, pos=(991,311)
36.2004 	EXP 	text: autoDraw = True
38.3370 	EXP 	text: autoDraw = False
38.3370 	EXP 	question: autoDraw = True
38.3370 	EXP 	self_box: autoDraw = True
38.3370 	EXP 	self_label: autoDraw = True
38.3370 	EXP 	other_box: autoDraw = True
38.3370 	EXP 	other_label: autoDraw = True
38.3370 	EXP 	self_box: fillColor = '#A6A9FF'
38.3370 	EXP 	other_box: fillColor = '#FFFCA6'
38.3538 	EXP 	self_box: fillColor = '#A6A9FF'
38.3538 	EXP 	other_box: fillColor = '#FFFCA6'
38.3705 	EXP 	self_box: fillColor = '#A6A9FF'
38.3705 	EXP 	other_box: fillColor = '#FFFCA6'
38.3871 	EXP 	self_box: fillColor = '#A6A9FF'
38.3871 	EXP 	other_box: fillColor = '#FFFCA6'
38.4039 	EXP 	self_box: fillColor = '#A6A9FF'
38.4039 	EXP 	other_box: fillColor = '#FFFCA6'
38.4205 	EXP 	self_box: fillColor = '#A6A9FF'
38.4205 	EXP 	other_box: fillColor = '#FFFCA6'
38.4373 	EXP 	self_box: fillColor = '#A6A9FF'
38.4373 	EXP 	other_box: fillColor = '#FFFCA6'
38.4540 	EXP 	self_box: fillColor = '#A6A9FF'
38.4540 	EXP 	other_box: fillColor = '#FFFCA6'
38.4706 	EXP 	self_box: fillColor = '#A6A9FF'
38.4706 	EXP 	other_box: fillColor = '#FFFCA6'
38.4874 	EXP 	self_box: fillColor = '#A6A9FF'
38.4874 	EXP 	other_box: fillColor = '#FFFCA6'
38.5039 	EXP 	self_box: fillColor = '#A6A9FF'
38.5039 	EXP 	other_box: fillColor = '#FFFCA6'
38.5208 	EXP 	self_box: fillColor = '#A6A9FF'
38.5208 	EXP 	other_box: fillColor = '#FFFCA6'
38.5373 	EXP 	self_box: fillColor = '#A6A9FF'
38.5373 	EXP 	other_box: fillColor = '#FFFCA6'
38.5542 	EXP 	self_box: fillColor = '#A6A9FF'
38.5542 	EXP 	other_box: fillColor = '#FFFCA6'
38.5709 	EXP 	self_box: fillColor = '#A6A9FF'
38.5709 	EXP 	other_box: fillColor = '#FFFCA6'
38.5876 	EXP 	self_box: fillColor = '#A6A9FF'
38.5876 	EXP 	other_box: fillColor = '#FFFCA6'
38.6042 	EXP 	self_box: fillColor = '#A6A9FF'
38.6042 	EXP 	other_box: fillColor = '#FFFCA6'
38.6209 	EXP 	self_box: fillColor = '#A6A9FF'
38.6209 	EXP 	other_box: fillColor = '#FFFCA6'
38.6375 	EXP 	self_box: fillColor = '#A6A9FF'
38.6375 	EXP 	other_box: fillColor = '#FFFCA6'
38.6542 	EXP 	self_box: fillColor = '#A6A9FF'
38.6542 	EXP 	other_box: fillColor = '#FFFCA6'
38.6711 	EXP 	self_box: fillColor = '#A6A9FF'
38.6711 	EXP 	other_box: fillColor = '#FFFCA6'
38.6876 	EXP 	self_box: fillColor = '#A6A9FF'
38.6876 	EXP 	other_box: fillColor = '#FFFCA6'
38.7044 	EXP 	self_box: fillColor = '#A6A9FF'
38.7044 	EXP 	other_box: fillColor = '#FFFCA6'
38.7211 	EXP 	self_box: fillColor = '#A6A9FF'
38.7211 	EXP 	other_box: fillColor = '#FFFCA6'
38.7378 	EXP 	self_box: fillColor = '#A6A9FF'
38.7378 	EXP 	other_box: fillColor = '#FFFCA6'
38.7544 	EXP 	self_box: fillColor = '#A6A9FF'
38.7544 	EXP 	other_box: fillColor = '#FFFCA6'
38.7711 	EXP 	self_box: fillColor = '#A6A9FF'
38.7711 	EXP 	other_box: fillColor = '#FFFCA6'
38.7880 	EXP 	self_box: fillColor = '#A6A9FF'
38.7880 	EXP 	other_box: fillColor = '#FFFCA6'
38.8046 	EXP 	self_box: fillColor = '#A6A9FF'
38.8046 	EXP 	other_box: fillColor = '#FFFCA6'
38.8213 	EXP 	self_box: fillColor = '#A6A9FF'
38.8213 	EXP 	other_box: fillColor = '#FFFCA6'
38.8379 	EXP 	self_box: fillColor = '#3E45FA'
38.8379 	EXP 	other_box: fillColor = '#FFFCA6'
38.8546 	EXP 	self_box: fillColor = '#3E45FA'
38.8546 	EXP 	other_box: fillColor = '#FFFCA6'
38.8713 	EXP 	self_box: fillColor = '#3E45FA'
38.8713 	EXP 	other_box: fillColor = '#FFFCA6'
38.8879 	EXP 	self_box: fillColor = '#3E45FA'
38.8879 	EXP 	other_box: fillColor = '#FFFCA6'
38.9047 	EXP 	self_box: fillColor = '#3E45FA'
38.9047 	EXP 	other_box: fillColor = '#FFFCA6'
38.9213 	EXP 	self_box: fillColor = '#3E45FA'
38.9213 	EXP 	other_box: fillColor = '#FFFCA6'
38.9381 	EXP 	self_box: fillColor = '#3E45FA'
38.9381 	EXP 	other_box: fillColor = '#FFFCA6'
38.9546 	EXP 	self_box: fillColor = '#3E45FA'
38.9546 	EXP 	other_box: fillColor = '#FFFCA6'
38.9715 	EXP 	self_box: fillColor = '#3E45FA'
38.9715 	EXP 	other_box: fillColor = '#FFFCA6'
38.9881 	EXP 	self_box: fillColor = '#3E45FA'
38.9881 	EXP 	other_box: fillColor = '#FFFCA6'
39.0048 	EXP 	self_box: fillColor = '#3E45FA'
39.0048 	EXP 	other_box: fillColor = '#FFFCA6'
39.0215 	EXP 	self_box: fillColor = '#3E45FA'
39.0215 	EXP 	other_box: fillColor = '#FFFCA6'
39.0382 	EXP 	self_box: fillColor = '#3E45FA'
39.0382 	EXP 	other_box: fillColor = '#FFFCA6'
39.0548 	EXP 	self_box: fillColor = '#3E45FA'
39.0548 	EXP 	other_box: fillColor = '#FFFCA6'
39.0715 	EXP 	self_box: fillColor = '#3E45FA'
39.0715 	EXP 	other_box: fillColor = '#FFFCA6'
39.0884 	EXP 	self_box: fillColor = '#3E45FA'
39.0884 	EXP 	other_box: fillColor = '#FFFCA6'
39.0889 	DATA 	Mouse: Left button down, pos=(366,242)
39.0902 	EXP 	New trial (rep=0, index=5): {'word': u'word4.1', 'amount': u'1.5', 'list': u'list4', 'trialtype': u'pitch', 'trialtype_extended': u'pitch_higher_small'}
39.1049 	EXP 	self_box: fillColor = '#3E45FA'
39.1049 	EXP 	other_box: fillColor = '#FFFCA6'
39.1049 	EXP 	question: autoDraw = False
39.1049 	EXP 	self_box: autoDraw = False
39.1049 	EXP 	self_label: autoDraw = False
39.1049 	EXP 	other_box: autoDraw = False
39.1049 	EXP 	other_label: autoDraw = False
39.1049 	EXP 	text: text = u'word4.1'
39.1724 	DATA 	Mouse: Left button up, pos=(366,242)
40.1233 	EXP 	text: autoDraw = True
41.7593 	EXP 	text: autoDraw = False
41.7593 	EXP 	question: autoDraw = True
41.7593 	EXP 	self_box: autoDraw = True
41.7593 	EXP 	self_label: autoDraw = True
41.7593 	EXP 	other_box: autoDraw = True
41.7593 	EXP 	other_label: autoDraw = True
41.7593 	EXP 	self_box: fillColor = '#A6A9FF'
41.7593 	EXP 	other_box: fillColor = '#FFFCA6'
41.7760 	EXP 	self_box: fillColor = '#A6A9FF'
41.7760 	EXP 	other_box: fillColor = '#FFFCA6'
41.7927 	EXP 	self_box: fillColor = '#A6A9FF'
41.7927 	EXP 	other_box: fillColor = '#FFFCA6'
41.8094 	EXP 	self_box: fillColor = '#A6A9FF'
41.8094 	EXP 	other_box: fillColor = '#FFFCA6'
41.8261 	EXP 	self_box: fillColor = '#A6A9FF'
41.8261 	EXP 	other_box: fillColor = '#FFFCA6'
41.8428 	EXP 	self_box: fillColor = '#A6A9FF'
41.8428 	EXP 	other_box: fillColor = '#FFFCA6'
41.8595 	EXP 	self_box: fillColor = '#A6A9FF'
41.8595 	EXP 	other_box: fillColor = '#FFFCA6'
41.8761 	EXP 	self_box: fillColor = '#A6A9FF'
41.8761 	EXP 	other_box: fillColor = '#FFFCA6'
41.8927 	EXP 	self_box: fillColor = '#A6A9FF'
41.8927 	EXP 	other_box: fillColor = '#FFFCA6'
41.9095 	EXP 	self_box: fillColor = '#A6A9FF'
41.9095 	EXP 	other_box: fillColor = '#FFFCA6'
41.9260 	EXP 	self_box: fillColor = '#A6A9FF'
41.9260 	EXP 	other_box: fillColor = '#FFFCA6'
41.9429 	EXP 	self_box: fillColor = '#A6A9FF'
41.9429 	EXP 	other_box: fillColor = '#FFFCA6'
41.9596 	EXP 	self_box: fillColor = '#A6A9FF'
41.9596 	EXP 	other_box: fillColor = '#FFFCA6'
41.9762 	EXP 	self_box: fillColor = '#A6A9FF'
41.9762 	EXP 	other_box: fillColor = '#FFFCA6'
41.9930 	EXP 	self_box: fillColor = '#A6A9FF'
41.9930 	EXP 	other_box: fillColor = '#FFFCA6'
42.0096 	EXP 	self_box: fillColor = '#A6A9FF'
42.0096 	EXP 	other_box: fillColor = '#FFFCA6'
42.0263 	EXP 	self_box: fillColor = '#A6A9FF'
42.0263 	EXP 	other_box: fillColor = '#FFFCA6'
42.0431 	EXP 	self_box: fillColor = '#A6A9FF'
42.0431 	EXP 	other_box: fillColor = '#FFFCA6'
42.0597 	EXP 	self_box: fillColor = '#A6A9FF'
42.0597 	EXP 	other_box: fillColor = '#FFFCA6'
42.0764 	EXP 	self_box: fillColor = '#A6A9FF'
42.0764 	EXP 	other_box: fillColor = '#FFFCA6'
42.0931 	EXP 	self_box: fillColor = '#A6A9FF'
42.0931 	EXP 	other_box: fillColor = '#FFFCA6'
42.1098 	EXP 	self_box: fillColor = '#A6A9FF'
42.1098 	EXP 	other_box: fillColor = '#FFFCA6'
42.1264 	EXP 	self_box: fillColor = '#A6A9FF'
42.1264 	EXP 	other_box: fillColor = '#FFFCA6'
42.1432 	EXP 	self_box: fillColor = '#A6A9FF'
42.1432 	EXP 	other_box: fillColor = '#FFFCA6'
42.1598 	EXP 	self_box: fillColor = '#A6A9FF'
42.1598 	EXP 	other_box: fillColor = '#FFFCA6'
42.1766 	EXP 	self_box: fillColor = '#A6A9FF'
42.1766 	EXP 	other_box: fillColor = '#FFFCA6'
42.1931 	EXP 	self_box: fillColor = '#A6A9FF'
42.1931 	EXP 	other_box: fillColor = '#FFFCA6'
42.2100 	EXP 	self_box: fillColor = '#A6A9FF'
42.2100 	EXP 	other_box: fillColor = '#FFFCA6'
42.2265 	EXP 	self_box: fillColor = '#A6A9FF'
42.2265 	EXP 	other_box: fillColor = '#FFFCA6'
42.2433 	EXP 	self_box: fillColor = '#3E45FA'
42.2433 	EXP 	other_box: fillColor = '#FFFCA6'
42.2601 	EXP 	self_box: fillColor = '#3E45FA'
42.2601 	EXP 	other_box: fillColor = '#FFFCA6'
42.2766 	EXP 	self_box: fillColor = '#3E45FA'
42.2766 	EXP 	other_box: fillColor = '#FFFCA6'
42.2935 	EXP 	self_box: fillColor = '#3E45FA'
42.2935 	EXP 	other_box: fillColor = '#FFFCA6'
42.3101 	EXP 	self_box: fillColor = '#3E45FA'
42.3101 	EXP 	other_box: fillColor = '#FFFCA6'
42.3269 	EXP 	self_box: fillColor = '#3E45FA'
42.3269 	EXP 	other_box: fillColor = '#FFFCA6'
42.3435 	EXP 	self_box: fillColor = '#3E45FA'
42.3435 	EXP 	other_box: fillColor = '#FFFCA6'
42.3602 	EXP 	self_box: fillColor = '#3E45FA'
42.3602 	EXP 	other_box: fillColor = '#FFFCA6'
42.3770 	EXP 	self_box: fillColor = '#3E45FA'
42.3770 	EXP 	other_box: fillColor = '#FFFCA6'
42.3934 	EXP 	self_box: fillColor = '#3E45FA'
42.3934 	EXP 	other_box: fillColor = '#FFFCA6'
42.3939 	DATA 	Mouse: Left button down, pos=(338,260)
42.4065 	EXP 	New trial (rep=0, index=6): {'word': u'word7.1', 'amount': u'-1.5', 'list': u'list7', 'trialtype': u'pitch', 'trialtype_extended': u'pitch_lower_large'}
42.4268 	EXP 	self_box: fillColor = '#3E45FA'
42.4268 	EXP 	other_box: fillColor = '#FFFCA6'
42.4268 	EXP 	question: autoDraw = False
42.4268 	EXP 	self_box: autoDraw = False
42.4268 	EXP 	self_label: autoDraw = False
42.4268 	EXP 	other_box: autoDraw = False
42.4268 	EXP 	other_label: autoDraw = False
42.4268 	EXP 	text: text = u'word7.1'
42.4443 	DATA 	Mouse: Left button up, pos=(338,259)
43.4286 	EXP 	text: autoDraw = True
45.6990 	EXP 	text: autoDraw = False
45.6990 	EXP 	question: autoDraw = True
45.6990 	EXP 	self_box: autoDraw = True
45.6990 	EXP 	self_label: autoDraw = True
45.6990 	EXP 	other_box: autoDraw = True
45.6990 	EXP 	other_label: autoDraw = True
45.6990 	EXP 	self_box: fillColor = '#A6A9FF'
45.6990 	EXP 	other_box: fillColor = '#FFFCA6'
45.7157 	EXP 	self_box: fillColor = '#A6A9FF'
45.7157 	EXP 	other_box: fillColor = '#FFFCA6'
45.7323 	EXP 	self_box: fillColor = '#A6A9FF'
45.7323 	EXP 	other_box: fillColor = '#FFFCA6'
45.7490 	EXP 	self_box: fillColor = '#A6A9FF'
45.7490 	EXP 	other_box: fillColor = '#FFFCA6'
45.7657 	EXP 	self_box: fillColor = '#A6A9FF'
45.7657 	EXP 	other_box: fillColor = '#FFFCA6'
45.7823 	EXP 	self_box: fillColor = '#A6A9FF'
45.7823 	EXP 	other_box: fillColor = '#FFFCA6'
45.7990 	EXP 	self_box: fillColor = '#A6A9FF'
45.7990 	EXP 	other_box: fillColor = '#FFFCA6'
45.8157 	EXP 	self_box: fillColor = '#A6A9FF'
45.8157 	EXP 	other_box: fillColor = '#FFFCA6'
45.8324 	EXP 	self_box: fillColor = '#A6A9FF'
45.8324 	EXP 	other_box: fillColor = '#FFFCA6'
45.8492 	EXP 	self_box: fillColor = '#A6A9FF'
45.8492 	EXP 	other_box: fillColor = '#FFFCA6'
45.8657 	EXP 	self_box: fillColor = '#A6A9FF'
45.8657 	EXP 	other_box: fillColor = '#FFFCA6'
45.8825 	EXP 	self_box: fillColor = '#A6A9FF'
45.8825 	EXP 	other_box: fillColor = '#FFFCA6'
45.8992 	EXP 	self_box: fillColor = '#A6A9FF'
45.8992 	EXP 	other_box: fillColor = '#FFFCA6'
45.9159 	EXP 	self_box: fillColor = '#A6A9FF'
45.9159 	EXP 	other_box: fillColor = '#FFFCA6'
45.9325 	EXP 	self_box: fillColor = '#A6A9FF'
45.9325 	EXP 	other_box: fillColor = '#FFFCA6'
45.9492 	EXP 	self_box: fillColor = '#A6A9FF'
45.9492 	EXP 	other_box: fillColor = '#FFFCA6'
45.9658 	EXP 	self_box: fillColor = '#A6A9FF'
45.9658 	EXP 	other_box: fillColor = '#FFFCA6'
45.9826 	EXP 	self_box: fillColor = '#A6A9FF'
45.9826 	EXP 	other_box: fillColor = '#FFFCA6'
45.9993 	EXP 	self_box: fillColor = '#A6A9FF'
45.9993 	EXP 	other_box: fillColor = '#FFFCA6'
46.0160 	EXP 	self_box: fillColor = '#A6A9FF'
46.0160 	EXP 	other_box: fillColor = '#FFFCA6'
46.0327 	EXP 	self_box: fillColor = '#A6A9FF'
46.0327 	EXP 	other_box: fillColor = '#FFFCA6'
46.0494 	EXP 	self_box: fillColor = '#A6A9FF'
46.0494 	EXP 	other_box: fillColor = '#FFFCA6'
46.0662 	EXP 	self_box: fillColor = '#A6A9FF'
46.0662 	EXP 	other_box: fillColor = '#FFFCA6'
46.0828 	EXP 	self_box: fillColor = '#A6A9FF'
46.0828 	EXP 	other_box: fillColor = '#FFFCA6'
46.0994 	EXP 	self_box: fillColor = '#A6A9FF'
46.0994 	EXP 	other_box: fillColor = '#FFFCA6'
46.1161 	EXP 	self_box: fillColor = '#A6A9FF'
46.1161 	EXP 	other_box: fillColor = '#FFFCA6'
46.1329 	EXP 	self_box: fillColor = '#A6A9FF'
46.1329 	EXP 	other_box: fillColor = '#FFFCA6'
46.1494 	EXP 	self_box: fillColor = '#A6A9FF'
46.1494 	EXP 	other_box: fillColor = '#FFFCA6'
46.1662 	EXP 	self_box: fillColor = '#A6A9FF'
46.1662 	EXP 	other_box: fillColor = '#FFFCA6'
46.1830 	EXP 	self_box: fillColor = '#3E45FA'
46.1830 	EXP 	other_box: fillColor = '#FFFCA6'
46.1995 	EXP 	self_box: fillColor = '#3E45FA'
46.1995 	EXP 	other_box: fillColor = '#FFFCA6'
46.2163 	EXP 	self_box: fillColor = '#3E45FA'
46.2163 	EXP 	other_box: fillColor = '#FFFCA6'
46.2329 	EXP 	self_box: fillColor = '#3E45FA'
46.2329 	EXP 	other_box: fillColor = '#FFFCA6'
46.2497 	EXP 	self_box: fillColor = '#3E45FA'
46.2497 	EXP 	other_box: fillColor = '#FFFCA6'
46.2665 	EXP 	self_box: fillColor = '#3E45FA'
46.2665 	EXP 	other_box: fillColor = '#FFFCA6'
46.2831 	EXP 	self_box: fillColor = '#3E45FA'
46.2831 	EXP 	other_box: fillColor = '#FFFCA6'
46.2998 	EXP 	self_box: fillColor = '#3E45FA'
46.2998 	EXP 	other_box: fillColor = '#FFFCA6'
46.3165 	EXP 	self_box: fillColor = '#3E45FA'
46.3165 	EXP 	other_box: fillColor = '#FFFCA6'
46.3332 	EXP 	self_box: fillColor = '#3E45FA'
46.3332 	EXP 	other_box: fillColor = '#FFFCA6'
46.3499 	EXP 	self_box: fillColor = '#3E45FA'
46.3499 	EXP 	other_box: fillColor = '#FFFCA6'
46.3534 	DATA 	Mouse: Left button down, pos=(308,229)
46.3664 	EXP 	self_box: fillColor = '#3E45FA'
46.3664 	EXP 	other_box: fillColor = '#FFFCA6'
46.3679 	EXP 	New trial (rep=0, index=7): {'word': u'word2.1', 'amount': u'0.7', 'list': u'list2', 'trialtype': u'speed', 'trialtype_extended': u'slow_large'}
46.3830 	EXP 	self_box: fillColor = '#3E45FA'
46.3830 	EXP 	other_box: fillColor = '#FFFCA6'
46.3830 	EXP 	question: autoDraw = False
46.3830 	EXP 	self_box: autoDraw = False
46.3830 	EXP 	self_label: autoDraw = False
46.3830 	EXP 	other_box: autoDraw = False
46.3830 	EXP 	other_label: autoDraw = False
46.3830 	EXP 	text: text = u'word2.1'
46.4171 	DATA 	Mouse: Left button up, pos=(308,228)
47.3848 	EXP 	text: autoDraw = True
50.1225 	EXP 	text: autoDraw = False
50.1225 	EXP 	question: autoDraw = True
50.1225 	EXP 	self_box: autoDraw = True
50.1225 	EXP 	self_label: autoDraw = True
50.1225 	EXP 	other_box: autoDraw = True
50.1225 	EXP 	other_label: autoDraw = True
50.1225 	EXP 	self_box: fillColor = '#A6A9FF'
50.1225 	EXP 	other_box: fillColor = '#FFFCA6'
50.1393 	EXP 	self_box: fillColor = '#A6A9FF'
50.1393 	EXP 	other_box: fillColor = '#FFFCA6'
50.1560 	EXP 	self_box: fillColor = '#A6A9FF'
50.1560 	EXP 	other_box: fillColor = '#FFFCA6'
50.1725 	EXP 	self_box: fillColor = '#A6A9FF'
50.1725 	EXP 	other_box: fillColor = '#FFFCA6'
50.1894 	EXP 	self_box: fillColor = '#A6A9FF'
50.1894 	EXP 	other_box: fillColor = '#FFFCA6'
50.2060 	EXP 	self_box: fillColor = '#A6A9FF'
50.2060 	EXP 	other_box: fillColor = '#FFFCA6'
50.2228 	EXP 	self_box: fillColor = '#A6A9FF'
50.2228 	EXP 	other_box: fillColor = '#FFFCA6'
50.2394 	EXP 	self_box: fillColor = '#A6A9FF'
50.2394 	EXP 	other_box: fillColor = '#FFFCA6'
50.2561 	EXP 	self_box: fillColor = '#A6A9FF'
50.2561 	EXP 	other_box: fillColor = '#FFFCA6'
50.2728 	EXP 	self_box: fillColor = '#A6A9FF'
50.2728 	EXP 	other_box: fillColor = '#FFFCA6'
50.2896 	EXP 	self_box: fillColor = '#A6A9FF'
50.2896 	EXP 	other_box: fillColor = '#FFFCA6'
50.3063 	EXP 	self_box: fillColor = '#A6A9FF'
50.3063 	EXP 	other_box: fillColor = '#FFFCA6'
50.3229 	EXP 	self_box: fillColor = '#A6A9FF'
50.3229 	EXP 	other_box: fillColor = '#FFFCA6'
50.3396 	EXP 	self_box: fillColor = '#A6A9FF'
50.3396 	EXP 	other_box: fillColor = '#FFFCA6'
50.3562 	EXP 	self_box: fillColor = '#A6A9FF'
50.3562 	EXP 	other_box: fillColor = '#FFFCA6'
50.3730 	EXP 	self_box: fillColor = '#A6A9FF'
50.3730 	EXP 	other_box: fillColor = '#FFFCA6'
50.3896 	EXP 	self_box: fillColor = '#A6A9FF'
50.3896 	EXP 	other_box: fillColor = '#FFFCA6'
50.4063 	EXP 	self_box: fillColor = '#A6A9FF'
50.4063 	EXP 	other_box: fillColor = '#FFFCA6'
50.4230 	EXP 	self_box: fillColor = '#A6A9FF'
50.4230 	EXP 	other_box: fillColor = '#FFFCA6'
50.4397 	EXP 	self_box: fillColor = '#A6A9FF'
50.4397 	EXP 	other_box: fillColor = '#FFFCA6'
50.4564 	EXP 	self_box: fillColor = '#A6A9FF'
50.4564 	EXP 	other_box: fillColor = '#FFFCA6'
50.4730 	EXP 	self_box: fillColor = '#A6A9FF'
50.4730 	EXP 	other_box: fillColor = '#FFFCA6'
50.4899 	EXP 	self_box: fillColor = '#A6A9FF'
50.4899 	EXP 	other_box: fillColor = '#FFFCA6'
50.5064 	EXP 	self_box: fillColor = '#A6A9FF'
50.5064 	EXP 	other_box: fillColor = '#FFFCA6'
50.5231 	EXP 	self_box: fillColor = '#A6A9FF'
50.5231 	EXP 	other_box: fillColor = '#FFFCA6'
50.5398 	EXP 	self_box: fillColor = '#A6A9FF'
50.5398 	EXP 	other_box: fillColor = '#FFFCA6'
50.5566 	EXP 	self_box: fillColor = '#A6A9FF'
50.5566 	EXP 	other_box: fillColor = '#FFFCA6'
50.5733 	EXP 	self_box: fillColor = '#A6A9FF'
50.5733 	EXP 	other_box: fillColor = '#FFFCA6'
50.5900 	EXP 	self_box: fillColor = '#A6A9FF'
50.5900 	EXP 	other_box: fillColor = '#FFFCA6'
50.6067 	EXP 	self_box: fillColor = '#A6A9FF'
50.6067 	EXP 	other_box: fillColor = '#FFFCA6'
50.6233 	EXP 	self_box: fillColor = '#A6A9FF'
50.6233 	EXP 	other_box: fillColor = '#FFFCA6'
50.6401 	EXP 	self_box: fillColor = '#A6A9FF'
50.6401 	EXP 	other_box: fillColor = '#FFFCA6'
50.6567 	EXP 	self_box: fillColor = '#A6A9FF'
50.6567 	EXP 	other_box: fillColor = '#FAF33E'
50.6734 	EXP 	self_box: fillColor = '#A6A9FF'
50.6734 	EXP 	other_box: fillColor = '#FAF33E'
50.6902 	EXP 	self_box: fillColor = '#A6A9FF'
50.6902 	EXP 	other_box: fillColor = '#FAF33E'
50.7069 	EXP 	self_box: fillColor = '#A6A9FF'
50.7069 	EXP 	other_box: fillColor = '#FAF33E'
50.7236 	EXP 	self_box: fillColor = '#A6A9FF'
50.7236 	EXP 	other_box: fillColor = '#FAF33E'
50.7402 	EXP 	self_box: fillColor = '#A6A9FF'
50.7402 	EXP 	other_box: fillColor = '#FAF33E'
50.7568 	EXP 	self_box: fillColor = '#A6A9FF'
50.7568 	EXP 	other_box: fillColor = '#FAF33E'
50.7735 	EXP 	self_box: fillColor = '#A6A9FF'
50.7735 	EXP 	other_box: fillColor = '#FAF33E'
50.7903 	EXP 	self_box: fillColor = '#A6A9FF'
50.7903 	EXP 	other_box: fillColor = '#FAF33E'
50.8069 	EXP 	self_box: fillColor = '#A6A9FF'
50.8069 	EXP 	other_box: fillColor = '#FAF33E'
50.8238 	EXP 	self_box: fillColor = '#A6A9FF'
50.8238 	EXP 	other_box: fillColor = '#FAF33E'
50.8405 	EXP 	self_box: fillColor = '#A6A9FF'
50.8405 	EXP 	other_box: fillColor = '#FAF33E'
50.8572 	EXP 	self_box: fillColor = '#A6A9FF'
50.8572 	EXP 	other_box: fillColor = '#FAF33E'
50.8736 	EXP 	self_box: fillColor = '#A6A9FF'
50.8736 	EXP 	other_box: fillColor = '#FAF33E'
50.8741 	DATA 	Mouse: Left button down, pos=(985,314)
50.8764 	EXP 	New trial (rep=0, index=8): {'word': u'word9.1', 'amount': u'2', 'list': u'list9', 'trialtype': u'pitch', 'trialtype_extended': u'pitch_higher_large'}
50.8904 	EXP 	self_box: fillColor = '#A6A9FF'
50.8904 	EXP 	other_box: fillColor = '#FAF33E'
50.8904 	EXP 	question: autoDraw = False
50.8904 	EXP 	self_box: autoDraw = False
50.8904 	EXP 	self_label: autoDraw = False
50.8904 	EXP 	other_box: autoDraw = False
50.8904 	EXP 	other_label: autoDraw = False
50.8904 	EXP 	text: text = u'word9.1'
50.9916 	DATA 	Mouse: Left button up, pos=(984,313)
51.9086 	EXP 	text: autoDraw = True
54.4962 	EXP 	text: autoDraw = False
54.4962 	EXP 	question: autoDraw = True
54.4962 	EXP 	self_box: autoDraw = True
54.4962 	EXP 	self_label: autoDraw = True
54.4962 	EXP 	other_box: autoDraw = True
54.4962 	EXP 	other_label: autoDraw = True
54.4962 	EXP 	self_box: fillColor = '#A6A9FF'
54.4962 	EXP 	other_box: fillColor = '#FFFCA6'
54.5128 	EXP 	self_box: fillColor = '#A6A9FF'
54.5128 	EXP 	other_box: fillColor = '#FFFCA6'
54.5295 	EXP 	self_box: fillColor = '#A6A9FF'
54.5295 	EXP 	other_box: fillColor = '#FFFCA6'
54.5463 	EXP 	self_box: fillColor = '#A6A9FF'
54.5463 	EXP 	other_box: fillColor = '#FFFCA6'
54.5630 	EXP 	self_box: fillColor = '#A6A9FF'
54.5630 	EXP 	other_box: fillColor = '#FFFCA6'
54.5795 	EXP 	self_box: fillColor = '#A6A9FF'
54.5795 	EXP 	other_box: fillColor = '#FFFCA6'
54.5964 	EXP 	self_box: fillColor = '#A6A9FF'
54.5964 	EXP 	other_box: fillColor = '#FFFCA6'
54.6131 	EXP 	self_box: fillColor = '#A6A9FF'
54.6131 	EXP 	other_box: fillColor = '#FFFCA6'
54.6297 	EXP 	self_box: fillColor = '#A6A9FF'
54.6297 	EXP 	other_box: fillColor = '#FFFCA6'
54.6464 	EXP 	self_box: fillColor = '#A6A9FF'
54.6464 	EXP 	other_box: fillColor = '#FFFCA6'
54.6631 	EXP 	self_box: fillColor = '#A6A9FF'
54.6631 	EXP 	other_box: fillColor = '#FFFCA6'
54.6797 	EXP 	self_box: fillColor = '#A6A9FF'
54.6797 	EXP 	other_box: fillColor = '#FFFCA6'
54.6965 	EXP 	self_box: fillColor = '#A6A9FF'
54.6965 	EXP 	other_box: fillColor = '#FFFCA6'
54.7133 	EXP 	self_box: fillColor = '#A6A9FF'
54.7133 	EXP 	other_box: fillColor = '#FFFCA6'
54.7299 	EXP 	self_box: fillColor = '#A6A9FF'
54.7299 	EXP 	other_box: fillColor = '#FFFCA6'
54.7466 	EXP 	self_box: fillColor = '#A6A9FF'
54.7466 	EXP 	other_box: fillColor = '#FFFCA6'
54.7633 	EXP 	self_box: fillColor = '#A6A9FF'
54.7633 	EXP 	other_box: fillColor = '#FFFCA6'
54.7799 	EXP 	self_box: fillColor = '#A6A9FF'
54.7799 	EXP 	other_box: fillColor = '#FFFCA6'
54.7967 	EXP 	self_box: fillColor = '#3E45FA'
54.7967 	EXP 	other_box: fillColor = '#FFFCA6'
54.8134 	EXP 	self_box: fillColor = '#3E45FA'
54.8134 	EXP 	other_box: fillColor = '#FFFCA6'
54.8301 	EXP 	self_box: fillColor = '#3E45FA'
54.8301 	EXP 	other_box: fillColor = '#FFFCA6'
54.8469 	EXP 	self_box: fillColor = '#3E45FA'
54.8469 	EXP 	other_box: fillColor = '#FFFCA6'
54.8635 	EXP 	self_box: fillColor = '#3E45FA'
54.8635 	EXP 	other_box: fillColor = '#FFFCA6'
54.8802 	EXP 	self_box: fillColor = '#3E45FA'
54.8802 	EXP 	other_box: fillColor = '#FFFCA6'
54.8967 	EXP 	self_box: fillColor = '#3E45FA'
54.8967 	EXP 	other_box: fillColor = '#FFFCA6'
54.8973 	DATA 	Mouse: Left button down, pos=(376,237)
54.9134 	EXP 	self_box: fillColor = '#3E45FA'
54.9134 	EXP 	other_box: fillColor = '#FFFCA6'
54.9134 	EXP 	question: autoDraw = False
54.9134 	EXP 	self_box: autoDraw = False
54.9134 	EXP 	self_label: autoDraw = False
54.9134 	EXP 	other_box: autoDraw = False
54.9134 	EXP 	other_label: autoDraw = False
54.9134 	EXP 	text_3: autoDraw = True
54.9643 	DATA 	Mouse: Left button up, pos=(376,236)
59.9881 	EXP 	text_3: autoDraw = False
59.9881 	EXP 	text_3: autoDraw = False
59.9881 	EXP 	results_text: text = '\n\runmodified: 100.00% self, 0.00% other\n\rslow_small: 0.00% self, 100.00% other\n\rslow_medium: 0.00% self, 100.00% other\n\rslow_large: 0.00% self, 100.00% other\n\rpitch_higher_small: 100.00% self, 0.00% other\n\rpitch_higher_large: 100.00% self, 0.00% other\n\rpitch_lower_small: 100.00% self, 0.00% other\n\rpitch_lower_large: 100.00% self, 0.00% other\n\r'
59.9881 	EXP 	results_text: autoDraw = True
72.0079 	DATA 	Keypress: escape
