3.6580 	WARNING 	Movie2 stim could not be imported and won't be available
4.6840 	WARNING 	TextBox stim could not be imported and won't be available.
4.6840 	WARNING 	TextBox Font Manager Found No Fonts.
5.5375 	EXP 	Created window1 = Window(allowGUI=False, allowStencil=False, autoLog=True, bitsMode=UNKNOWN, blendMode='avg', color=array([-1., -1., -1.]), colorSpace='rgb', fullscr=UNKNOWN, gamma=None, lms=UNKNOWN, monitor=<psychopy.monitors.calibTools.Monitor instance at 0xfeef490>, name='window1', pos=[0, 0], screen=0, size=array([1440,  900]), stereo=False, units=u'norm', useFBO=True, viewOri=0.0, viewPos=None, viewScale=None, waitBlanking=True, winType='pyglet')
5.5375 	EXP 	window1: recordFrameIntervals = False
5.7034 	EXP 	window1: recordFrameIntervals = True
5.8869 	EXP 	window1: recordFrameIntervals = False
6.0396 	EXP 	Created text_4 = TextStim(alignHoriz='center', alignVert='center', antialias=True, autoLog=True, bold=False, color='white', colorSpace='named', contrast=1.0, depth=0.0, flipHoriz=False, flipVert=False, font='Arial', fontFiles=[], height=0.1, italic=False, name='text_4', opacity=1.0, ori=0, pos=array([ 0.,  0.]), rgb=array([ 255.,  255.,  255.]), text=u'Instructions will go here.', units=u'norm', win=Window(...), wrapWidth=1)
7.0468 	EXP 	Created text = TextStim(alignHoriz='center', alignVert='center', antialias=True, autoLog=True, bold=False, color='white', colorSpace='named', contrast=1.0, depth=-1.0, flipHoriz=False, flipVert=False, font='Arial', fontFiles=[], height=0.1, italic=False, name='text', opacity=1.0, ori=0, pos=array([ 0.,  0.]), rgb=array([ 255.,  255.,  255.]), text=u'default text', units=u'norm', win=Window(...), wrapWidth=1)
7.0584 	EXP 	Created question = TextStim(alignHoriz='center', alignVert='center', antialias=True, autoLog=True, bold=False, color='white', colorSpace='named', contrast=1.0, depth=0.0, flipHoriz=False, flipVert=False, font='Arial', fontFiles=[], height=0.1, italic=False, name='question', opacity=1.0, ori=0, pos=array([ 0. ,  0.5]), rgb=array([ 255.,  255.,  255.]), text=u'Whose voice did you hear?', units=u'norm', win=Window(...), wrapWidth=2)
7.0590 	EXP 	<method-wrapper '__getattribute__' of attributeSetter object at 0xa2aaaf0>: vertices = array([[-0.25,  0.25],
       [ 0.25,  0.25],
       [ 0.25, -0.25],
       [-0.25, -0.25]])
7.0614 	EXP 	Created self_box = Rect(autoDraw=False, autoLog=True, closeShape=True, contrast=1.0, depth=-1.0, fillColor='#A6A9FF', fillColorSpace='hex', fillRGB=array([166, 169, 255]), interpolate=True, lineColor='#3E45FA', lineColorSpace='hex', lineRGB=array([ 62,  69, 250]), lineWidth=5, name='self_box', opacity=1.0, ori=array(0.0), pos=array([-0.5, -0.5]), size=array([ 1.,  1.]), units=u'norm', vertices=ndarray(...), win=Window(...))
7.0663 	EXP 	Created self_label = TextStim(alignHoriz='center', alignVert='center', antialias=True, autoLog=True, bold=False, color='black', colorSpace='named', contrast=1.0, depth=-2.0, flipHoriz=False, flipVert=False, font='Arial', fontFiles=[], height=0.1, italic=False, name='self_label', opacity=1.0, ori=0, pos=array([-0.5, -0.5]), rgb=array([ 0.,  0.,  0.]), text=u'Mine', units=u'norm', win=Window(...), wrapWidth=1)
7.0669 	EXP 	<method-wrapper '__getattribute__' of attributeSetter object at 0xa2aaaf0>: vertices = array([[-0.25,  0.25],
       [ 0.25,  0.25],
       [ 0.25, -0.25],
       [-0.25, -0.25]])
7.0692 	EXP 	Created other_box = Rect(autoDraw=False, autoLog=True, closeShape=True, contrast=1.0, depth=-3.0, fillColor='#FFFCA6', fillColorSpace='hex', fillRGB=array([255, 252, 166]), interpolate=True, lineColor='#FAF33E', lineColorSpace='hex', lineRGB=array([250, 243,  62]), lineWidth=5, name='other_box', opacity=1.0, ori=array(0.0), pos=array([ 0.5, -0.5]), size=array([ 1.,  1.]), units=u'norm', vertices=ndarray(...), win=Window(...))
7.0752 	EXP 	Created other_label = TextStim(alignHoriz='center', alignVert='center', antialias=True, autoLog=True, bold=False, color='black', colorSpace='named', contrast=1.0, depth=-4.0, flipHoriz=False, flipVert=False, font='Arial', fontFiles=[], height=0.1, italic=False, name='other_label', opacity=1.0, ori=0, pos=array([ 0.5, -0.5]), rgb=array([ 0.,  0.,  0.]), text=u'Other', units=u'norm', win=Window(...), wrapWidth=1)
7.0883 	EXP 	Created text_3 = TextStim(alignHoriz='center', alignVert='center', antialias=True, autoLog=True, bold=False, color=u'white', colorSpace='named', contrast=1.0, depth=0.0, flipHoriz=False, flipVert=False, font=u'Arial', fontFiles=[], height=0.1, italic=False, name='text_3', opacity=1.0, ori=0, pos=array([ 0.,  0.]), rgb=array([ 255.,  255.,  255.]), text=u'Thank you for participating!', units=u'norm', win=Window(...), wrapWidth=1)
7.0946 	EXP 	Created results_text = TextStim(alignHoriz='center', alignVert='center', antialias=True, autoLog=True, bold=False, color=u'white', colorSpace='named', contrast=1.0, depth=0.0, flipHoriz=False, flipVert=False, font=u'Arial', fontFiles=[], height=0.1, italic=False, name='results_text', opacity=1.0, ori=0, pos=array([ 0.,  0.]), rgb=array([ 255.,  255.,  255.]), text=u'default text', units=u'norm', win=Window(...), wrapWidth=2)
7.1057 	EXP 	text_4: autoDraw = True
12.1074 	EXP 	Imported /Volumes/Macintosh HD/Users/poppe076/Desktop/source_monitoring_task/data/ok_source_monitoring_2015_Jun_24_1618_wordlist.csv as conditions, 90 conditions, 5 params
12.1084 	EXP 	Created sequence: sequential, trialTypes=90, nReps=1, seed=None
12.2394 	EXP 	New trial (rep=0, index=0): {'word': 'word2.11', 'amount': 0.5, 'list': 'list2', 'trialtype': 'pitch higher', 'block': 1}
12.2693 	EXP 	text_4: autoDraw = False
12.2693 	EXP 	text: text = 'word2.11'
13.2661 	EXP 	text: autoDraw = True
15.8252 	EXP 	text: autoDraw = False
15.8252 	EXP 	question: autoDraw = True
15.8252 	EXP 	self_box: autoDraw = True
15.8252 	EXP 	self_label: autoDraw = True
15.8252 	EXP 	other_box: autoDraw = True
15.8252 	EXP 	other_label: autoDraw = True
15.8252 	EXP 	self_box: fillColor = '#A6A9FF'
15.8252 	EXP 	other_box: fillColor = '#FFFCA6'
15.8425 	EXP 	self_box: fillColor = '#A6A9FF'
15.8425 	EXP 	other_box: fillColor = '#FFFCA6'
15.8538 	EXP 	self_box: fillColor = '#A6A9FF'
15.8538 	EXP 	other_box: fillColor = '#FFFCA6'
15.8714 	EXP 	self_box: fillColor = '#A6A9FF'
15.8714 	EXP 	other_box: fillColor = '#FFFCA6'
15.8901 	EXP 	self_box: fillColor = '#A6A9FF'
15.8901 	EXP 	other_box: fillColor = '#FFFCA6'
15.9097 	EXP 	self_box: fillColor = '#A6A9FF'
15.9097 	EXP 	other_box: fillColor = '#FFFCA6'
15.9203 	EXP 	self_box: fillColor = '#A6A9FF'
15.9203 	EXP 	other_box: fillColor = '#FFFCA6'
15.9371 	EXP 	self_box: fillColor = '#A6A9FF'
15.9371 	EXP 	other_box: fillColor = '#FFFCA6'
15.9538 	EXP 	self_box: fillColor = '#A6A9FF'
15.9538 	EXP 	other_box: fillColor = '#FFFCA6'
15.9705 	EXP 	self_box: fillColor = '#A6A9FF'
15.9705 	EXP 	other_box: fillColor = '#FFFCA6'
15.9900 	EXP 	self_box: fillColor = '#A6A9FF'
15.9900 	EXP 	other_box: fillColor = '#FFFCA6'
16.0078 	EXP 	self_box: fillColor = '#A6A9FF'
16.0078 	EXP 	other_box: fillColor = '#FFFCA6'
16.0208 	EXP 	self_box: fillColor = '#A6A9FF'
16.0208 	EXP 	other_box: fillColor = '#FFFCA6'
16.0374 	EXP 	self_box: fillColor = '#A6A9FF'
16.0374 	EXP 	other_box: fillColor = '#FFFCA6'
16.0592 	EXP 	self_box: fillColor = '#A6A9FF'
16.0592 	EXP 	other_box: fillColor = '#FFFCA6'
16.0764 	EXP 	self_box: fillColor = '#A6A9FF'
16.0764 	EXP 	other_box: fillColor = '#FFFCA6'
16.0872 	EXP 	self_box: fillColor = '#A6A9FF'
16.0872 	EXP 	other_box: fillColor = '#FFFCA6'
16.1050 	EXP 	self_box: fillColor = '#A6A9FF'
16.1050 	EXP 	other_box: fillColor = '#FFFCA6'
16.1237 	EXP 	self_box: fillColor = '#A6A9FF'
16.1237 	EXP 	other_box: fillColor = '#FFFCA6'
16.1434 	EXP 	self_box: fillColor = '#A6A9FF'
16.1434 	EXP 	other_box: fillColor = '#FFFCA6'
16.1545 	EXP 	self_box: fillColor = '#A6A9FF'
16.1545 	EXP 	other_box: fillColor = '#FFFCA6'
16.1713 	EXP 	self_box: fillColor = '#A6A9FF'
16.1713 	EXP 	other_box: fillColor = '#FFFCA6'
16.1925 	EXP 	self_box: fillColor = '#A6A9FF'
16.1925 	EXP 	other_box: fillColor = '#FFFCA6'
16.2081 	EXP 	self_box: fillColor = '#A6A9FF'
16.2081 	EXP 	other_box: fillColor = '#FFFCA6'
16.2210 	EXP 	self_box: fillColor = '#A6A9FF'
16.2210 	EXP 	other_box: fillColor = '#FFFCA6'
16.2386 	EXP 	self_box: fillColor = '#A6A9FF'
16.2386 	EXP 	other_box: fillColor = '#FFFCA6'
16.2591 	EXP 	self_box: fillColor = '#A6A9FF'
16.2591 	EXP 	other_box: fillColor = '#FFFCA6'
16.2748 	EXP 	self_box: fillColor = '#A6A9FF'
16.2748 	EXP 	other_box: fillColor = '#FFFCA6'
16.2882 	EXP 	self_box: fillColor = '#A6A9FF'
16.2882 	EXP 	other_box: fillColor = '#FFFCA6'
16.3051 	EXP 	self_box: fillColor = '#A6A9FF'
16.3051 	EXP 	other_box: fillColor = '#FFFCA6'
16.3242 	EXP 	self_box: fillColor = '#A6A9FF'
16.3242 	EXP 	other_box: fillColor = '#FFFCA6'
16.3434 	EXP 	self_box: fillColor = '#A6A9FF'
16.3434 	EXP 	other_box: fillColor = '#FFFCA6'
16.3552 	EXP 	self_box: fillColor = '#A6A9FF'
16.3552 	EXP 	other_box: fillColor = '#FFFCA6'
16.3715 	EXP 	self_box: fillColor = '#A6A9FF'
16.3715 	EXP 	other_box: fillColor = '#FFFCA6'
16.3882 	EXP 	self_box: fillColor = '#A6A9FF'
16.3882 	EXP 	other_box: fillColor = '#FFFCA6'
16.4054 	EXP 	self_box: fillColor = '#A6A9FF'
16.4054 	EXP 	other_box: fillColor = '#FFFCA6'
16.4267 	EXP 	self_box: fillColor = '#A6A9FF'
16.4267 	EXP 	other_box: fillColor = '#FFFCA6'
16.4442 	EXP 	self_box: fillColor = '#A6A9FF'
16.4442 	EXP 	other_box: fillColor = '#FFFCA6'
16.4556 	EXP 	self_box: fillColor = '#A6A9FF'
16.4556 	EXP 	other_box: fillColor = '#FFFCA6'
16.4714 	EXP 	self_box: fillColor = '#A6A9FF'
16.4714 	EXP 	other_box: fillColor = '#FFFCA6'
16.4888 	EXP 	self_box: fillColor = '#A6A9FF'
16.4888 	EXP 	other_box: fillColor = '#FFFCA6'
16.5076 	EXP 	self_box: fillColor = '#A6A9FF'
16.5076 	EXP 	other_box: fillColor = '#FFFCA6'
16.5253 	EXP 	self_box: fillColor = '#A6A9FF'
16.5253 	EXP 	other_box: fillColor = '#FFFCA6'
16.5387 	EXP 	self_box: fillColor = '#A6A9FF'
16.5387 	EXP 	other_box: fillColor = '#FFFCA6'
16.5552 	EXP 	self_box: fillColor = '#A6A9FF'
16.5552 	EXP 	other_box: fillColor = '#FFFCA6'
16.5713 	EXP 	self_box: fillColor = '#A6A9FF'
16.5713 	EXP 	other_box: fillColor = '#FFFCA6'
16.5880 	EXP 	self_box: fillColor = '#A6A9FF'
16.5880 	EXP 	other_box: fillColor = '#FFFCA6'
16.6095 	EXP 	self_box: fillColor = '#A6A9FF'
16.6095 	EXP 	other_box: fillColor = '#FFFCA6'
16.6382 	EXP 	self_box: fillColor = '#A6A9FF'
16.6382 	EXP 	other_box: fillColor = '#FFFCA6'
16.6555 	EXP 	self_box: fillColor = '#A6A9FF'
16.6555 	EXP 	other_box: fillColor = '#FFFCA6'
16.6745 	EXP 	self_box: fillColor = '#A6A9FF'
16.6745 	EXP 	other_box: fillColor = '#FFFCA6'
16.6939 	EXP 	self_box: fillColor = '#A6A9FF'
16.6939 	EXP 	other_box: fillColor = '#FFFCA6'
16.7059 	EXP 	self_box: fillColor = '#A6A9FF'
16.7059 	EXP 	other_box: fillColor = '#FFFCA6'
16.7224 	EXP 	self_box: fillColor = '#A6A9FF'
16.7224 	EXP 	other_box: fillColor = '#FFFCA6'
16.7386 	EXP 	self_box: fillColor = '#A6A9FF'
16.7386 	EXP 	other_box: fillColor = '#FFFCA6'
16.7555 	EXP 	self_box: fillColor = '#A6A9FF'
16.7555 	EXP 	other_box: fillColor = '#FFFCA6'
16.7770 	EXP 	self_box: fillColor = '#A6A9FF'
16.7770 	EXP 	other_box: fillColor = '#FFFCA6'
16.7941 	EXP 	self_box: fillColor = '#A6A9FF'
16.7941 	EXP 	other_box: fillColor = '#FFFCA6'
16.8057 	EXP 	self_box: fillColor = '#A6A9FF'
16.8057 	EXP 	other_box: fillColor = '#FFFCA6'
16.8221 	EXP 	self_box: fillColor = '#A6A9FF'
16.8221 	EXP 	other_box: fillColor = '#FFFCA6'
16.8413 	EXP 	self_box: fillColor = '#A6A9FF'
16.8413 	EXP 	other_box: fillColor = '#FFFCA6'
16.8609 	EXP 	self_box: fillColor = '#A6A9FF'
16.8609 	EXP 	other_box: fillColor = '#FFFCA6'
16.8727 	EXP 	self_box: fillColor = '#A6A9FF'
16.8727 	EXP 	other_box: fillColor = '#FFFCA6'
16.8888 	EXP 	self_box: fillColor = '#A6A9FF'
16.8888 	EXP 	other_box: fillColor = '#FFFCA6'
16.9063 	EXP 	self_box: fillColor = '#A6A9FF'
16.9063 	EXP 	other_box: fillColor = '#FFFCA6'
16.9250 	EXP 	self_box: fillColor = '#A6A9FF'
16.9250 	EXP 	other_box: fillColor = '#FFFCA6'
16.9447 	EXP 	self_box: fillColor = '#A6A9FF'
16.9447 	EXP 	other_box: fillColor = '#FFFCA6'
16.9555 	EXP 	self_box: fillColor = '#A6A9FF'
16.9555 	EXP 	other_box: fillColor = '#FFFCA6'
16.9724 	EXP 	self_box: fillColor = '#A6A9FF'
16.9724 	EXP 	other_box: fillColor = '#FFFCA6'
16.9938 	EXP 	self_box: fillColor = '#A6A9FF'
16.9938 	EXP 	other_box: fillColor = '#FFFCA6'
17.0112 	EXP 	self_box: fillColor = '#A6A9FF'
17.0112 	EXP 	other_box: fillColor = '#FFFCA6'
17.0223 	EXP 	self_box: fillColor = '#A6A9FF'
17.0223 	EXP 	other_box: fillColor = '#FFFCA6'
17.0399 	EXP 	self_box: fillColor = '#A6A9FF'
17.0399 	EXP 	other_box: fillColor = '#FFFCA6'
17.0585 	EXP 	self_box: fillColor = '#A6A9FF'
17.0585 	EXP 	other_box: fillColor = '#FFFCA6'
17.0762 	EXP 	self_box: fillColor = '#A6A9FF'
17.0762 	EXP 	other_box: fillColor = '#FFFCA6'
17.0890 	EXP 	self_box: fillColor = '#A6A9FF'
17.0890 	EXP 	other_box: fillColor = '#FFFCA6'
17.1064 	EXP 	self_box: fillColor = '#A6A9FF'
17.1064 	EXP 	other_box: fillColor = '#FFFCA6'
17.1273 	EXP 	self_box: fillColor = '#A6A9FF'
17.1273 	EXP 	other_box: fillColor = '#FFFCA6'
17.1449 	EXP 	self_box: fillColor = '#A6A9FF'
17.1449 	EXP 	other_box: fillColor = '#FFFCA6'
17.1562 	EXP 	self_box: fillColor = '#A6A9FF'
17.1562 	EXP 	other_box: fillColor = '#FFFCA6'
17.1725 	EXP 	self_box: fillColor = '#A6A9FF'
17.1725 	EXP 	other_box: fillColor = '#FFFCA6'
17.1901 	EXP 	self_box: fillColor = '#A6A9FF'
17.1901 	EXP 	other_box: fillColor = '#FFFCA6'
17.2087 	EXP 	self_box: fillColor = '#A6A9FF'
17.2087 	EXP 	other_box: fillColor = '#FFFCA6'
17.2285 	EXP 	self_box: fillColor = '#A6A9FF'
17.2285 	EXP 	other_box: fillColor = '#FFFCA6'
17.2392 	EXP 	self_box: fillColor = '#A6A9FF'
17.2392 	EXP 	other_box: fillColor = '#FFFCA6'
17.2562 	EXP 	self_box: fillColor = '#A6A9FF'
17.2562 	EXP 	other_box: fillColor = '#FFFCA6'
17.2755 	EXP 	self_box: fillColor = '#A6A9FF'
17.2755 	EXP 	other_box: fillColor = '#FFFCA6'
17.2948 	EXP 	self_box: fillColor = '#A6A9FF'
17.2948 	EXP 	other_box: fillColor = '#FFFCA6'
17.3069 	EXP 	self_box: fillColor = '#A6A9FF'
17.3069 	EXP 	other_box: fillColor = '#FFFCA6'
17.3230 	EXP 	self_box: fillColor = '#A6A9FF'
17.3230 	EXP 	other_box: fillColor = '#FFFCA6'
17.3395 	EXP 	self_box: fillColor = '#A6A9FF'
17.3395 	EXP 	other_box: fillColor = '#FFFCA6'
17.3569 	EXP 	self_box: fillColor = '#A6A9FF'
17.3569 	EXP 	other_box: fillColor = '#FFFCA6'
17.3759 	EXP 	self_box: fillColor = '#A6A9FF'
17.3759 	EXP 	other_box: fillColor = '#FFFCA6'
17.3932 	EXP 	self_box: fillColor = '#A6A9FF'
17.3932 	EXP 	other_box: fillColor = '#FFFCA6'
17.4063 	EXP 	self_box: fillColor = '#A6A9FF'
17.4063 	EXP 	other_box: fillColor = '#FFFCA6'
17.4233 	EXP 	self_box: fillColor = '#A6A9FF'
17.4233 	EXP 	other_box: fillColor = '#FFFCA6'
17.4447 	EXP 	self_box: fillColor = '#A6A9FF'
17.4447 	EXP 	other_box: fillColor = '#FFFCA6'
17.4604 	EXP 	self_box: fillColor = '#A6A9FF'
17.4604 	EXP 	other_box: fillColor = '#FFFCA6'
17.4736 	EXP 	self_box: fillColor = '#A6A9FF'
17.4736 	EXP 	other_box: fillColor = '#FFFCA6'
17.4900 	EXP 	self_box: fillColor = '#A6A9FF'
17.4900 	EXP 	other_box: fillColor = '#FFFCA6'
17.5064 	EXP 	self_box: fillColor = '#A6A9FF'
17.5064 	EXP 	other_box: fillColor = '#FFFCA6'
17.5240 	EXP 	self_box: fillColor = '#A6A9FF'
17.5240 	EXP 	other_box: fillColor = '#FFFCA6'
17.5425 	EXP 	self_box: fillColor = '#A6A9FF'
17.5425 	EXP 	other_box: fillColor = '#FFFCA6'
17.5605 	EXP 	self_box: fillColor = '#A6A9FF'
17.5605 	EXP 	other_box: fillColor = '#FFFCA6'
17.5732 	EXP 	self_box: fillColor = '#A6A9FF'
17.5732 	EXP 	other_box: fillColor = '#FFFCA6'
17.5903 	EXP 	self_box: fillColor = '#A6A9FF'
17.5903 	EXP 	other_box: fillColor = '#FFFCA6'
17.6095 	EXP 	self_box: fillColor = '#A6A9FF'
17.6095 	EXP 	other_box: fillColor = '#FFFCA6'
17.6291 	EXP 	self_box: fillColor = '#A6A9FF'
17.6291 	EXP 	other_box: fillColor = '#FFFCA6'
17.6403 	EXP 	self_box: fillColor = '#A6A9FF'
17.6403 	EXP 	other_box: fillColor = '#FFFCA6'
17.6566 	EXP 	self_box: fillColor = '#A6A9FF'
17.6566 	EXP 	other_box: fillColor = '#FAF33E'
17.6733 	EXP 	self_box: fillColor = '#A6A9FF'
17.6733 	EXP 	other_box: fillColor = '#FAF33E'
17.6908 	EXP 	self_box: fillColor = '#A6A9FF'
17.6908 	EXP 	other_box: fillColor = '#FAF33E'
17.7115 	EXP 	self_box: fillColor = '#A6A9FF'
17.7115 	EXP 	other_box: fillColor = '#FAF33E'
17.7288 	EXP 	self_box: fillColor = '#A6A9FF'
17.7288 	EXP 	other_box: fillColor = '#FAF33E'
17.7404 	EXP 	self_box: fillColor = '#A6A9FF'
17.7404 	EXP 	other_box: fillColor = '#FAF33E'
17.7569 	EXP 	self_box: fillColor = '#A6A9FF'
17.7569 	EXP 	other_box: fillColor = '#FAF33E'
17.7781 	EXP 	self_box: fillColor = '#A6A9FF'
17.7781 	EXP 	other_box: fillColor = '#FAF33E'
17.7960 	EXP 	self_box: fillColor = '#A6A9FF'
17.7960 	EXP 	other_box: fillColor = '#FAF33E'
17.7975 	DATA 	Mouse: Left button down, pos=(962,229)
17.8070 	EXP 	self_box: fillColor = '#A6A9FF'
17.8070 	EXP 	other_box: fillColor = '#FAF33E'
17.8086 	EXP 	New trial (rep=0, index=1): {'word': 'word3.8', 'amount': -0.5, 'list': 'list3', 'trialtype': 'pitch lower', 'block': 1}
17.8236 	EXP 	self_box: fillColor = '#A6A9FF'
17.8236 	EXP 	other_box: fillColor = '#FAF33E'
17.8236 	EXP 	question: autoDraw = False
17.8236 	EXP 	self_box: autoDraw = False
17.8236 	EXP 	self_label: autoDraw = False
17.8236 	EXP 	other_box: autoDraw = False
17.8236 	EXP 	other_label: autoDraw = False
17.8236 	EXP 	text: text = 'word3.8'
17.8916 	DATA 	Mouse: Left button up, pos=(962,229)
18.8258 	EXP 	text: autoDraw = True
21.1507 	EXP 	text: autoDraw = False
21.1507 	EXP 	question: autoDraw = True
21.1507 	EXP 	self_box: autoDraw = True
21.1507 	EXP 	self_label: autoDraw = True
21.1507 	EXP 	other_box: autoDraw = True
21.1507 	EXP 	other_label: autoDraw = True
21.1507 	EXP 	self_box: fillColor = '#A6A9FF'
21.1507 	EXP 	other_box: fillColor = '#FFFCA6'
21.1662 	EXP 	self_box: fillColor = '#A6A9FF'
21.1662 	EXP 	other_box: fillColor = '#FFFCA6'
21.1796 	EXP 	self_box: fillColor = '#A6A9FF'
21.1796 	EXP 	other_box: fillColor = '#FFFCA6'
21.1963 	EXP 	self_box: fillColor = '#A6A9FF'
21.1963 	EXP 	other_box: fillColor = '#FFFCA6'
21.2121 	EXP 	self_box: fillColor = '#A6A9FF'
21.2121 	EXP 	other_box: fillColor = '#FFFCA6'
21.2299 	EXP 	self_box: fillColor = '#A6A9FF'
21.2299 	EXP 	other_box: fillColor = '#FFFCA6'
21.2484 	EXP 	self_box: fillColor = '#A6A9FF'
21.2484 	EXP 	other_box: fillColor = '#FFFCA6'
21.2685 	EXP 	self_box: fillColor = '#A6A9FF'
21.2685 	EXP 	other_box: fillColor = '#FFFCA6'
21.2796 	EXP 	self_box: fillColor = '#A6A9FF'
21.2796 	EXP 	other_box: fillColor = '#FFFCA6'
21.2958 	EXP 	self_box: fillColor = '#A6A9FF'
21.2958 	EXP 	other_box: fillColor = '#FFFCA6'
21.3149 	EXP 	self_box: fillColor = '#A6A9FF'
21.3149 	EXP 	other_box: fillColor = '#FFFCA6'
21.3301 	EXP 	self_box: fillColor = '#A6A9FF'
21.3301 	EXP 	other_box: fillColor = '#FFFCA6'
21.3458 	EXP 	self_box: fillColor = '#A6A9FF'
21.3458 	EXP 	other_box: fillColor = '#FFFCA6'
21.3634 	EXP 	self_box: fillColor = '#A6A9FF'
21.3634 	EXP 	other_box: fillColor = '#FFFCA6'
21.3825 	EXP 	self_box: fillColor = '#A6A9FF'
21.3825 	EXP 	other_box: fillColor = '#FFFCA6'
21.3998 	EXP 	self_box: fillColor = '#A6A9FF'
21.3998 	EXP 	other_box: fillColor = '#FFFCA6'
21.4133 	EXP 	self_box: fillColor = '#A6A9FF'
21.4133 	EXP 	other_box: fillColor = '#FFFCA6'
21.4298 	EXP 	self_box: fillColor = '#A6A9FF'
21.4298 	EXP 	other_box: fillColor = '#FFFCA6'
21.4465 	EXP 	self_box: fillColor = '#A6A9FF'
21.4465 	EXP 	other_box: fillColor = '#FFFCA6'
21.4626 	EXP 	self_box: fillColor = '#A6A9FF'
21.4626 	EXP 	other_box: fillColor = '#FFFCA6'
21.4798 	EXP 	self_box: fillColor = '#A6A9FF'
21.4798 	EXP 	other_box: fillColor = '#FFFCA6'
21.5009 	EXP 	self_box: fillColor = '#A6A9FF'
21.5009 	EXP 	other_box: fillColor = '#FFFCA6'
21.5185 	EXP 	self_box: fillColor = '#A6A9FF'
21.5185 	EXP 	other_box: fillColor = '#FFFCA6'
21.5295 	EXP 	self_box: fillColor = '#A6A9FF'
21.5295 	EXP 	other_box: fillColor = '#FFFCA6'
21.5462 	EXP 	self_box: fillColor = '#A6A9FF'
21.5462 	EXP 	other_box: fillColor = '#FFFCA6'
21.5635 	EXP 	self_box: fillColor = '#A6A9FF'
21.5635 	EXP 	other_box: fillColor = '#FFFCA6'
21.5823 	EXP 	self_box: fillColor = '#A6A9FF'
21.5823 	EXP 	other_box: fillColor = '#FFFCA6'
21.6024 	EXP 	self_box: fillColor = '#A6A9FF'
21.6024 	EXP 	other_box: fillColor = '#FFFCA6'
21.6131 	EXP 	self_box: fillColor = '#A6A9FF'
21.6131 	EXP 	other_box: fillColor = '#FFFCA6'
21.6299 	EXP 	self_box: fillColor = '#A6A9FF'
21.6299 	EXP 	other_box: fillColor = '#FFFCA6'
21.6516 	EXP 	self_box: fillColor = '#A6A9FF'
21.6516 	EXP 	other_box: fillColor = '#FFFCA6'
21.6689 	EXP 	self_box: fillColor = '#A6A9FF'
21.6689 	EXP 	other_box: fillColor = '#FAF33E'
21.6806 	EXP 	self_box: fillColor = '#A6A9FF'
21.6806 	EXP 	other_box: fillColor = '#FAF33E'
21.6965 	EXP 	self_box: fillColor = '#A6A9FF'
21.6965 	EXP 	other_box: fillColor = '#FAF33E'
21.7139 	EXP 	self_box: fillColor = '#A6A9FF'
21.7139 	EXP 	other_box: fillColor = '#FAF33E'
21.7348 	EXP 	self_box: fillColor = '#A6A9FF'
21.7348 	EXP 	other_box: fillColor = '#FAF33E'
21.7508 	EXP 	self_box: fillColor = '#A6A9FF'
21.7508 	EXP 	other_box: fillColor = '#FAF33E'
21.7643 	EXP 	self_box: fillColor = '#A6A9FF'
21.7643 	EXP 	other_box: fillColor = '#FAF33E'
21.7803 	EXP 	self_box: fillColor = '#A6A9FF'
21.7803 	EXP 	other_box: fillColor = '#FAF33E'
21.7974 	EXP 	self_box: fillColor = '#A6A9FF'
21.7974 	EXP 	other_box: fillColor = '#FAF33E'
21.8163 	EXP 	self_box: fillColor = '#A6A9FF'
21.8163 	EXP 	other_box: fillColor = '#FAF33E'
21.8358 	EXP 	self_box: fillColor = '#A6A9FF'
21.8358 	EXP 	other_box: fillColor = '#FAF33E'
21.8476 	EXP 	self_box: fillColor = '#A6A9FF'
21.8476 	EXP 	other_box: fillColor = '#FAF33E'
21.8636 	EXP 	self_box: fillColor = '#A6A9FF'
21.8636 	EXP 	other_box: fillColor = '#FAF33E'
21.8806 	EXP 	self_box: fillColor = '#A6A9FF'
21.8806 	EXP 	other_box: fillColor = '#FAF33E'
21.8974 	EXP 	self_box: fillColor = '#A6A9FF'
21.8974 	EXP 	other_box: fillColor = '#FAF33E'
21.9166 	EXP 	self_box: fillColor = '#A6A9FF'
21.9166 	EXP 	other_box: fillColor = '#FAF33E'
21.9342 	EXP 	self_box: fillColor = '#A6A9FF'
21.9342 	EXP 	other_box: fillColor = '#FAF33E'
21.9475 	EXP 	self_box: fillColor = '#A6A9FF'
21.9475 	EXP 	other_box: fillColor = '#FAF33E'
21.9634 	EXP 	self_box: fillColor = '#A6A9FF'
21.9634 	EXP 	other_box: fillColor = '#FAF33E'
21.9899 	EXP 	self_box: fillColor = '#A6A9FF'
21.9899 	EXP 	other_box: fillColor = '#FAF33E'
21.9904 	DATA 	Mouse: Left button down, pos=(1130,273)
21.9919 	EXP 	New trial (rep=0, index=2): {'word': 'word1.14', 'amount': 0.0, 'list': 'list1', 'trialtype': 'unmodified', 'block': 1}
22.0180 	EXP 	self_box: fillColor = '#A6A9FF'
22.0180 	EXP 	other_box: fillColor = '#FAF33E'
22.0180 	EXP 	question: autoDraw = False
22.0180 	EXP 	self_box: autoDraw = False
22.0180 	EXP 	self_label: autoDraw = False
22.0180 	EXP 	other_box: autoDraw = False
22.0180 	EXP 	other_label: autoDraw = False
22.0180 	EXP 	text: text = 'word1.14'
22.0312 	DATA 	Mouse: Left button up, pos=(1130,273)
23.0196 	EXP 	text: autoDraw = True
25.6039 	EXP 	text: autoDraw = False
25.6039 	EXP 	question: autoDraw = True
25.6039 	EXP 	self_box: autoDraw = True
25.6039 	EXP 	self_label: autoDraw = True
25.6039 	EXP 	other_box: autoDraw = True
25.6039 	EXP 	other_label: autoDraw = True
25.6039 	EXP 	self_box: fillColor = '#A6A9FF'
25.6039 	EXP 	other_box: fillColor = '#FFFCA6'
25.6199 	EXP 	self_box: fillColor = '#A6A9FF'
25.6199 	EXP 	other_box: fillColor = '#FFFCA6'
25.6373 	EXP 	self_box: fillColor = '#A6A9FF'
25.6373 	EXP 	other_box: fillColor = '#FFFCA6'
25.6561 	EXP 	self_box: fillColor = '#A6A9FF'
25.6561 	EXP 	other_box: fillColor = '#FFFCA6'
25.6759 	EXP 	self_box: fillColor = '#A6A9FF'
25.6759 	EXP 	other_box: fillColor = '#FFFCA6'
25.6874 	EXP 	self_box: fillColor = '#A6A9FF'
25.6874 	EXP 	other_box: fillColor = '#FFFCA6'
25.7032 	EXP 	self_box: fillColor = '#A6A9FF'
25.7032 	EXP 	other_box: fillColor = '#FFFCA6'
25.7208 	EXP 	self_box: fillColor = '#A6A9FF'
25.7208 	EXP 	other_box: fillColor = '#FFFCA6'
25.7413 	EXP 	self_box: fillColor = '#A6A9FF'
25.7413 	EXP 	other_box: fillColor = '#FFFCA6'
25.7572 	EXP 	self_box: fillColor = '#A6A9FF'
25.7572 	EXP 	other_box: fillColor = '#FFFCA6'
25.7701 	EXP 	self_box: fillColor = '#A6A9FF'
25.7701 	EXP 	other_box: fillColor = '#FFFCA6'
25.7867 	EXP 	self_box: fillColor = '#A6A9FF'
25.7867 	EXP 	other_box: fillColor = '#FFFCA6'
25.8041 	EXP 	self_box: fillColor = '#A6A9FF'
25.8041 	EXP 	other_box: fillColor = '#FFFCA6'
25.8257 	EXP 	self_box: fillColor = '#A6A9FF'
25.8257 	EXP 	other_box: fillColor = '#FFFCA6'
25.8431 	EXP 	self_box: fillColor = '#A6A9FF'
25.8431 	EXP 	other_box: fillColor = '#FFFCA6'
25.8544 	EXP 	self_box: fillColor = '#A6A9FF'
25.8544 	EXP 	other_box: fillColor = '#FFFCA6'
25.8711 	EXP 	self_box: fillColor = '#A6A9FF'
25.8711 	EXP 	other_box: fillColor = '#FFFCA6'
25.8870 	EXP 	self_box: fillColor = '#A6A9FF'
25.8870 	EXP 	other_box: fillColor = '#FFFCA6'
25.9036 	EXP 	self_box: fillColor = '#A6A9FF'
25.9036 	EXP 	other_box: fillColor = '#FFFCA6'
25.9233 	EXP 	self_box: fillColor = '#A6A9FF'
25.9233 	EXP 	other_box: fillColor = '#FFFCA6'
25.9428 	EXP 	self_box: fillColor = '#A6A9FF'
25.9428 	EXP 	other_box: fillColor = '#FFFCA6'
25.9543 	EXP 	self_box: fillColor = '#A6A9FF'
25.9543 	EXP 	other_box: fillColor = '#FFFCA6'
25.9710 	EXP 	self_box: fillColor = '#A6A9FF'
25.9710 	EXP 	other_box: fillColor = '#FFFCA6'
25.9876 	EXP 	self_box: fillColor = '#A6A9FF'
25.9876 	EXP 	other_box: fillColor = '#FFFCA6'
26.0070 	EXP 	self_box: fillColor = '#A6A9FF'
26.0070 	EXP 	other_box: fillColor = '#FFFCA6'
26.0260 	EXP 	self_box: fillColor = '#A6A9FF'
26.0260 	EXP 	other_box: fillColor = '#FFFCA6'
26.0372 	EXP 	self_box: fillColor = '#A6A9FF'
26.0372 	EXP 	other_box: fillColor = '#FFFCA6'
26.0539 	EXP 	self_box: fillColor = '#A6A9FF'
26.0539 	EXP 	other_box: fillColor = '#FFFCA6'
26.0709 	EXP 	self_box: fillColor = '#A6A9FF'
26.0709 	EXP 	other_box: fillColor = '#FFFCA6'
26.0880 	EXP 	self_box: fillColor = '#A6A9FF'
26.0880 	EXP 	other_box: fillColor = '#FFFCA6'
26.1068 	EXP 	self_box: fillColor = '#A6A9FF'
26.1068 	EXP 	other_box: fillColor = '#FFFCA6'
26.1247 	EXP 	self_box: fillColor = '#A6A9FF'
26.1247 	EXP 	other_box: fillColor = '#FFFCA6'
26.1381 	EXP 	self_box: fillColor = '#A6A9FF'
26.1381 	EXP 	other_box: fillColor = '#FFFCA6'
26.1544 	EXP 	self_box: fillColor = '#A6A9FF'
26.1544 	EXP 	other_box: fillColor = '#FFFCA6'
26.1707 	EXP 	self_box: fillColor = '#A6A9FF'
26.1707 	EXP 	other_box: fillColor = '#FFFCA6'
26.1874 	EXP 	self_box: fillColor = '#A6A9FF'
26.1874 	EXP 	other_box: fillColor = '#FFFCA6'
26.2087 	EXP 	self_box: fillColor = '#A6A9FF'
26.2087 	EXP 	other_box: fillColor = '#FFFCA6'
26.2267 	EXP 	self_box: fillColor = '#A6A9FF'
26.2267 	EXP 	other_box: fillColor = '#FFFCA6'
26.2374 	EXP 	self_box: fillColor = '#A6A9FF'
26.2374 	EXP 	other_box: fillColor = '#FAF33E'
26.2550 	EXP 	self_box: fillColor = '#A6A9FF'
26.2550 	EXP 	other_box: fillColor = '#FAF33E'
26.2738 	EXP 	self_box: fillColor = '#A6A9FF'
26.2738 	EXP 	other_box: fillColor = '#FAF33E'
26.2915 	EXP 	self_box: fillColor = '#A6A9FF'
26.2915 	EXP 	other_box: fillColor = '#FAF33E'
26.3045 	EXP 	self_box: fillColor = '#A6A9FF'
26.3045 	EXP 	other_box: fillColor = '#FAF33E'
26.3216 	EXP 	self_box: fillColor = '#A6A9FF'
26.3216 	EXP 	other_box: fillColor = '#FAF33E'
26.3428 	EXP 	self_box: fillColor = '#A6A9FF'
26.3428 	EXP 	other_box: fillColor = '#FAF33E'
26.3434 	DATA 	Mouse: Left button down, pos=(1123,266)
26.3450 	EXP 	New trial (rep=0, index=3): {'word': 'word2.1', 'amount': 0.5, 'list': 'list2', 'trialtype': 'pitch higher', 'block': 1}
26.3605 	EXP 	self_box: fillColor = '#A6A9FF'
26.3605 	EXP 	other_box: fillColor = '#FAF33E'
26.3605 	EXP 	question: autoDraw = False
26.3605 	EXP 	self_box: autoDraw = False
26.3605 	EXP 	self_label: autoDraw = False
26.3605 	EXP 	other_box: autoDraw = False
26.3605 	EXP 	other_label: autoDraw = False
26.3605 	EXP 	text: text = 'word2.1'
26.4079 	DATA 	Mouse: Left button up, pos=(1123,266)
27.3767 	EXP 	text: autoDraw = True
29.5323 	EXP 	text: autoDraw = False
29.5323 	EXP 	question: autoDraw = True
29.5323 	EXP 	self_box: autoDraw = True
29.5323 	EXP 	self_label: autoDraw = True
29.5323 	EXP 	other_box: autoDraw = True
29.5323 	EXP 	other_label: autoDraw = True
29.5323 	EXP 	self_box: fillColor = '#A6A9FF'
29.5323 	EXP 	other_box: fillColor = '#FFFCA6'
29.5430 	EXP 	self_box: fillColor = '#A6A9FF'
29.5430 	EXP 	other_box: fillColor = '#FFFCA6'
29.5606 	EXP 	self_box: fillColor = '#A6A9FF'
29.5606 	EXP 	other_box: fillColor = '#FFFCA6'
29.5813 	EXP 	self_box: fillColor = '#A6A9FF'
29.5813 	EXP 	other_box: fillColor = '#FFFCA6'
29.5990 	EXP 	self_box: fillColor = '#A6A9FF'
29.5990 	EXP 	other_box: fillColor = '#FFFCA6'
29.6098 	EXP 	self_box: fillColor = '#A6A9FF'
29.6098 	EXP 	other_box: fillColor = '#FFFCA6'
29.6264 	EXP 	self_box: fillColor = '#A6A9FF'
29.6264 	EXP 	other_box: fillColor = '#FFFCA6'
29.6430 	EXP 	self_box: fillColor = '#A6A9FF'
29.6430 	EXP 	other_box: fillColor = '#FFFCA6'
29.6598 	EXP 	self_box: fillColor = '#A6A9FF'
29.6598 	EXP 	other_box: fillColor = '#FFFCA6'
29.6793 	EXP 	self_box: fillColor = '#A6A9FF'
29.6793 	EXP 	other_box: fillColor = '#FFFCA6'
29.6993 	EXP 	self_box: fillColor = '#A6A9FF'
29.6993 	EXP 	other_box: fillColor = '#FFFCA6'
29.7101 	EXP 	self_box: fillColor = '#A6A9FF'
29.7101 	EXP 	other_box: fillColor = '#FFFCA6'
29.7273 	EXP 	self_box: fillColor = '#A6A9FF'
29.7273 	EXP 	other_box: fillColor = '#FFFCA6'
29.7461 	EXP 	self_box: fillColor = '#A6A9FF'
29.7461 	EXP 	other_box: fillColor = '#FFFCA6'
29.7659 	EXP 	self_box: fillColor = '#A6A9FF'
29.7659 	EXP 	other_box: fillColor = '#FFFCA6'
29.7770 	EXP 	self_box: fillColor = '#A6A9FF'
29.7770 	EXP 	other_box: fillColor = '#FFFCA6'
29.7934 	EXP 	self_box: fillColor = '#A6A9FF'
29.7934 	EXP 	other_box: fillColor = '#FFFCA6'
29.8100 	EXP 	self_box: fillColor = '#A6A9FF'
29.8100 	EXP 	other_box: fillColor = '#FFFCA6'
29.8269 	EXP 	self_box: fillColor = '#A6A9FF'
29.8269 	EXP 	other_box: fillColor = '#FFFCA6'
29.8463 	EXP 	self_box: fillColor = '#A6A9FF'
29.8463 	EXP 	other_box: fillColor = '#FFFCA6'
29.8642 	EXP 	self_box: fillColor = '#A6A9FF'
29.8642 	EXP 	other_box: fillColor = '#FFFCA6'
29.8768 	EXP 	self_box: fillColor = '#A6A9FF'
29.8768 	EXP 	other_box: fillColor = '#FFFCA6'
29.8944 	EXP 	self_box: fillColor = '#A6A9FF'
29.8944 	EXP 	other_box: fillColor = '#FFFCA6'
29.9158 	EXP 	self_box: fillColor = '#A6A9FF'
29.9158 	EXP 	other_box: fillColor = '#FFFCA6'
29.9329 	EXP 	self_box: fillColor = '#A6A9FF'
29.9329 	EXP 	other_box: fillColor = '#FFFCA6'
29.9436 	EXP 	self_box: fillColor = '#A6A9FF'
29.9436 	EXP 	other_box: fillColor = '#FFFCA6'
29.9605 	EXP 	self_box: fillColor = '#A6A9FF'
29.9605 	EXP 	other_box: fillColor = '#FFFCA6'
29.9816 	EXP 	self_box: fillColor = '#A6A9FF'
29.9816 	EXP 	other_box: fillColor = '#FFFCA6'
29.9994 	EXP 	self_box: fillColor = '#A6A9FF'
29.9994 	EXP 	other_box: fillColor = '#FFFCA6'
30.0113 	EXP 	self_box: fillColor = '#A6A9FF'
30.0113 	EXP 	other_box: fillColor = '#FFFCA6'
30.0274 	EXP 	self_box: fillColor = '#A6A9FF'
30.0274 	EXP 	other_box: fillColor = '#FFFCA6'
30.0445 	EXP 	self_box: fillColor = '#A6A9FF'
30.0445 	EXP 	other_box: fillColor = '#FFFCA6'
30.0636 	EXP 	self_box: fillColor = '#A6A9FF'
30.0636 	EXP 	other_box: fillColor = '#FFFCA6'
30.0826 	EXP 	self_box: fillColor = '#A6A9FF'
30.0826 	EXP 	other_box: fillColor = '#FAF33E'
30.0943 	EXP 	self_box: fillColor = '#A6A9FF'
30.0943 	EXP 	other_box: fillColor = '#FAF33E'
30.1114 	EXP 	self_box: fillColor = '#A6A9FF'
30.1114 	EXP 	other_box: fillColor = '#FAF33E'
30.1321 	EXP 	self_box: fillColor = '#A6A9FF'
30.1321 	EXP 	other_box: fillColor = '#FAF33E'
30.1500 	EXP 	self_box: fillColor = '#A6A9FF'
30.1500 	EXP 	other_box: fillColor = '#FAF33E'
30.1614 	EXP 	self_box: fillColor = '#A6A9FF'
30.1614 	EXP 	other_box: fillColor = '#FAF33E'
30.1783 	EXP 	self_box: fillColor = '#A6A9FF'
30.1783 	EXP 	other_box: fillColor = '#FAF33E'
30.1789 	DATA 	Mouse: Left button down, pos=(1119,298)
30.1803 	EXP 	New trial (rep=0, index=4): {'word': 'word1.30', 'amount': 0.0, 'list': 'list1', 'trialtype': 'unmodified', 'block': 1}
30.1943 	EXP 	self_box: fillColor = '#A6A9FF'
30.1943 	EXP 	other_box: fillColor = '#FAF33E'
30.1943 	EXP 	question: autoDraw = False
30.1943 	EXP 	self_box: autoDraw = False
30.1943 	EXP 	self_label: autoDraw = False
30.1943 	EXP 	other_box: autoDraw = False
30.1943 	EXP 	other_label: autoDraw = False
30.1943 	EXP 	text: text = 'word1.30'
30.2335 	DATA 	Mouse: Left button up, pos=(1119,298)
31.1998 	EXP 	text: autoDraw = True
33.2714 	EXP 	text: autoDraw = False
33.2714 	EXP 	question: autoDraw = True
33.2714 	EXP 	self_box: autoDraw = True
33.2714 	EXP 	self_label: autoDraw = True
33.2714 	EXP 	other_box: autoDraw = True
33.2714 	EXP 	other_label: autoDraw = True
33.2714 	EXP 	self_box: fillColor = '#A6A9FF'
33.2714 	EXP 	other_box: fillColor = '#FFFCA6'
33.2824 	EXP 	self_box: fillColor = '#A6A9FF'
33.2824 	EXP 	other_box: fillColor = '#FFFCA6'
33.2991 	EXP 	self_box: fillColor = '#A6A9FF'
33.2991 	EXP 	other_box: fillColor = '#FFFCA6'
33.3163 	EXP 	self_box: fillColor = '#A6A9FF'
33.3163 	EXP 	other_box: fillColor = '#FFFCA6'
33.3355 	EXP 	self_box: fillColor = '#A6A9FF'
33.3355 	EXP 	other_box: fillColor = '#FFFCA6'
33.3550 	EXP 	self_box: fillColor = '#A6A9FF'
33.3550 	EXP 	other_box: fillColor = '#FFFCA6'
33.3668 	EXP 	self_box: fillColor = '#A6A9FF'
33.3668 	EXP 	other_box: fillColor = '#FFFCA6'
33.3827 	EXP 	self_box: fillColor = '#A6A9FF'
33.3827 	EXP 	other_box: fillColor = '#FFFCA6'
33.3992 	EXP 	self_box: fillColor = '#A6A9FF'
33.3992 	EXP 	other_box: fillColor = '#FFFCA6'
33.4159 	EXP 	self_box: fillColor = '#A6A9FF'
33.4159 	EXP 	other_box: fillColor = '#FFFCA6'
33.4354 	EXP 	self_box: fillColor = '#A6A9FF'
33.4354 	EXP 	other_box: fillColor = '#FFFCA6'
33.4554 	EXP 	self_box: fillColor = '#A6A9FF'
33.4554 	EXP 	other_box: fillColor = '#FFFCA6'
33.4664 	EXP 	self_box: fillColor = '#A6A9FF'
33.4664 	EXP 	other_box: fillColor = '#FFFCA6'
33.4826 	EXP 	self_box: fillColor = '#A6A9FF'
33.4826 	EXP 	other_box: fillColor = '#FFFCA6'
33.4993 	EXP 	self_box: fillColor = '#A6A9FF'
33.4993 	EXP 	other_box: fillColor = '#FFFCA6'
33.5161 	EXP 	self_box: fillColor = '#A6A9FF'
33.5161 	EXP 	other_box: fillColor = '#FFFCA6'
33.5359 	EXP 	self_box: fillColor = '#A6A9FF'
33.5359 	EXP 	other_box: fillColor = '#FFFCA6'
33.5554 	EXP 	self_box: fillColor = '#A6A9FF'
33.5554 	EXP 	other_box: fillColor = '#FFFCA6'
33.5662 	EXP 	self_box: fillColor = '#A6A9FF'
33.5662 	EXP 	other_box: fillColor = '#FFFCA6'
33.5833 	EXP 	self_box: fillColor = '#A6A9FF'
33.5833 	EXP 	other_box: fillColor = '#FFFCA6'
33.6022 	EXP 	self_box: fillColor = '#A6A9FF'
33.6022 	EXP 	other_box: fillColor = '#FFFCA6'
33.6202 	EXP 	self_box: fillColor = '#A6A9FF'
33.6202 	EXP 	other_box: fillColor = '#FFFCA6'
33.6333 	EXP 	self_box: fillColor = '#A6A9FF'
33.6333 	EXP 	other_box: fillColor = '#FFFCA6'
33.6504 	EXP 	self_box: fillColor = '#A6A9FF'
33.6504 	EXP 	other_box: fillColor = '#FFFCA6'
33.6692 	EXP 	self_box: fillColor = '#A6A9FF'
33.6692 	EXP 	other_box: fillColor = '#FFFCA6'
33.6868 	EXP 	self_box: fillColor = '#A6A9FF'
33.6868 	EXP 	other_box: fillColor = '#FFFCA6'
33.6998 	EXP 	self_box: fillColor = '#A6A9FF'
33.6998 	EXP 	other_box: fillColor = '#FAF33E'
33.7170 	EXP 	self_box: fillColor = '#A6A9FF'
33.7170 	EXP 	other_box: fillColor = '#FAF33E'
33.7358 	EXP 	self_box: fillColor = '#A6A9FF'
33.7358 	EXP 	other_box: fillColor = '#FAF33E'
33.7372 	DATA 	Mouse: Left button down, pos=(1069,328)
33.7553 	EXP 	self_box: fillColor = '#A6A9FF'
33.7553 	EXP 	other_box: fillColor = '#FAF33E'
33.7568 	EXP 	New trial (rep=0, index=5): {'word': 'word3.25', 'amount': -0.5, 'list': 'list3', 'trialtype': 'pitch lower', 'block': 1}
33.7668 	EXP 	self_box: fillColor = '#A6A9FF'
33.7668 	EXP 	other_box: fillColor = '#FAF33E'
33.7668 	EXP 	question: autoDraw = False
33.7668 	EXP 	self_box: autoDraw = False
33.7668 	EXP 	self_label: autoDraw = False
33.7668 	EXP 	other_box: autoDraw = False
33.7668 	EXP 	other_label: autoDraw = False
33.7668 	EXP 	text: text = 'word3.25'
33.8212 	DATA 	Mouse: Left button up, pos=(1069,328)
34.7888 	EXP 	text: autoDraw = True
36.7912 	EXP 	text: autoDraw = False
36.7912 	EXP 	question: autoDraw = True
36.7912 	EXP 	self_box: autoDraw = True
36.7912 	EXP 	self_label: autoDraw = True
36.7912 	EXP 	other_box: autoDraw = True
36.7912 	EXP 	other_label: autoDraw = True
36.7912 	EXP 	self_box: fillColor = '#A6A9FF'
36.7912 	EXP 	other_box: fillColor = '#FFFCA6'
36.8108 	EXP 	self_box: fillColor = '#A6A9FF'
36.8108 	EXP 	other_box: fillColor = '#FFFCA6'
36.8219 	EXP 	self_box: fillColor = '#A6A9FF'
36.8219 	EXP 	other_box: fillColor = '#FFFCA6'
36.8383 	EXP 	self_box: fillColor = '#A6A9FF'
36.8383 	EXP 	other_box: fillColor = '#FFFCA6'
36.8558 	EXP 	self_box: fillColor = '#A6A9FF'
36.8558 	EXP 	other_box: fillColor = '#FFFCA6'
36.8767 	EXP 	self_box: fillColor = '#A6A9FF'
36.8767 	EXP 	other_box: fillColor = '#FFFCA6'
36.8924 	EXP 	self_box: fillColor = '#A6A9FF'
36.8924 	EXP 	other_box: fillColor = '#FFFCA6'
36.9057 	EXP 	self_box: fillColor = '#A6A9FF'
36.9057 	EXP 	other_box: fillColor = '#FFFCA6'
36.9220 	EXP 	self_box: fillColor = '#A6A9FF'
36.9220 	EXP 	other_box: fillColor = '#FFFCA6'
36.9383 	EXP 	self_box: fillColor = '#A6A9FF'
36.9383 	EXP 	other_box: fillColor = '#FFFCA6'
36.9552 	EXP 	self_box: fillColor = '#A6A9FF'
36.9552 	EXP 	other_box: fillColor = '#FFFCA6'
36.9748 	EXP 	self_box: fillColor = '#A6A9FF'
36.9748 	EXP 	other_box: fillColor = '#FFFCA6'
36.9943 	EXP 	self_box: fillColor = '#A6A9FF'
36.9943 	EXP 	other_box: fillColor = '#FFFCA6'
37.0053 	EXP 	self_box: fillColor = '#A6A9FF'
37.0053 	EXP 	other_box: fillColor = '#FFFCA6'
37.0223 	EXP 	self_box: fillColor = '#A6A9FF'
37.0223 	EXP 	other_box: fillColor = '#FFFCA6'
37.0435 	EXP 	self_box: fillColor = '#A6A9FF'
37.0435 	EXP 	other_box: fillColor = '#FFFCA6'
37.0594 	EXP 	self_box: fillColor = '#A6A9FF'
37.0594 	EXP 	other_box: fillColor = '#FFFCA6'
37.0719 	EXP 	self_box: fillColor = '#A6A9FF'
37.0719 	EXP 	other_box: fillColor = '#FFFCA6'
37.0892 	EXP 	self_box: fillColor = '#A6A9FF'
37.0892 	EXP 	other_box: fillColor = '#FFFCA6'
37.1104 	EXP 	self_box: fillColor = '#A6A9FF'
37.1104 	EXP 	other_box: fillColor = '#FFFCA6'
37.1279 	EXP 	self_box: fillColor = '#A6A9FF'
37.1279 	EXP 	other_box: fillColor = '#FFFCA6'
37.1388 	EXP 	self_box: fillColor = '#A6A9FF'
37.1388 	EXP 	other_box: fillColor = '#FFFCA6'
37.1562 	EXP 	self_box: fillColor = '#A6A9FF'
37.1562 	EXP 	other_box: fillColor = '#FFFCA6'
37.1753 	EXP 	self_box: fillColor = '#A6A9FF'
37.1753 	EXP 	other_box: fillColor = '#FFFCA6'
37.1943 	EXP 	self_box: fillColor = '#A6A9FF'
37.1943 	EXP 	other_box: fillColor = '#FFFCA6'
37.2057 	EXP 	self_box: fillColor = '#A6A9FF'
37.2057 	EXP 	other_box: fillColor = '#FFFCA6'
37.2229 	EXP 	self_box: fillColor = '#A6A9FF'
37.2229 	EXP 	other_box: fillColor = '#FFFCA6'
37.2437 	EXP 	self_box: fillColor = '#A6A9FF'
37.2437 	EXP 	other_box: fillColor = '#FFFCA6'
37.2597 	EXP 	self_box: fillColor = '#A6A9FF'
37.2597 	EXP 	other_box: fillColor = '#FFFCA6'
37.2724 	EXP 	self_box: fillColor = '#A6A9FF'
37.2724 	EXP 	other_box: fillColor = '#FFFCA6'
37.2888 	EXP 	self_box: fillColor = '#A6A9FF'
37.2888 	EXP 	other_box: fillColor = '#FAF33E'
37.3060 	EXP 	self_box: fillColor = '#A6A9FF'
37.3060 	EXP 	other_box: fillColor = '#FAF33E'
37.3273 	EXP 	self_box: fillColor = '#A6A9FF'
37.3273 	EXP 	other_box: fillColor = '#FAF33E'
37.3431 	EXP 	self_box: fillColor = '#A6A9FF'
37.3431 	EXP 	other_box: fillColor = '#FAF33E'
37.3437 	DATA 	Mouse: Left button down, pos=(1091,330)
37.3543 	EXP 	New trial (rep=0, index=6): {'word': 'word2.28', 'amount': 0.5, 'list': 'list2', 'trialtype': 'pitch higher', 'block': 1}
37.3752 	EXP 	self_box: fillColor = '#A6A9FF'
37.3752 	EXP 	other_box: fillColor = '#FAF33E'
37.3752 	EXP 	question: autoDraw = False
37.3752 	EXP 	self_box: autoDraw = False
37.3752 	EXP 	self_label: autoDraw = False
37.3752 	EXP 	other_box: autoDraw = False
37.3752 	EXP 	other_label: autoDraw = False
37.3752 	EXP 	text: text = 'word2.28'
37.4236 	DATA 	Mouse: Left button up, pos=(1090,329)
38.3750 	EXP 	text: autoDraw = True
40.3825 	EXP 	text: autoDraw = False
40.3825 	EXP 	question: autoDraw = True
40.3825 	EXP 	self_box: autoDraw = True
40.3825 	EXP 	self_label: autoDraw = True
40.3825 	EXP 	other_box: autoDraw = True
40.3825 	EXP 	other_label: autoDraw = True
40.3825 	EXP 	self_box: fillColor = '#A6A9FF'
40.3825 	EXP 	other_box: fillColor = '#FFFCA6'
40.3982 	EXP 	self_box: fillColor = '#A6A9FF'
40.3982 	EXP 	other_box: fillColor = '#FFFCA6'
40.4109 	EXP 	self_box: fillColor = '#A6A9FF'
40.4109 	EXP 	other_box: fillColor = '#FFFCA6'
40.4279 	EXP 	self_box: fillColor = '#A6A9FF'
40.4279 	EXP 	other_box: fillColor = '#FFFCA6'
40.4494 	EXP 	self_box: fillColor = '#A6A9FF'
40.4494 	EXP 	other_box: fillColor = '#FFFCA6'
40.4671 	EXP 	self_box: fillColor = '#A6A9FF'
40.4671 	EXP 	other_box: fillColor = '#FFFCA6'
40.4781 	EXP 	self_box: fillColor = '#A6A9FF'
40.4781 	EXP 	other_box: fillColor = '#FFFCA6'
40.4953 	EXP 	self_box: fillColor = '#A6A9FF'
40.4953 	EXP 	other_box: fillColor = '#FFFCA6'
40.5138 	EXP 	self_box: fillColor = '#A6A9FF'
40.5138 	EXP 	other_box: fillColor = '#FFFCA6'
40.5336 	EXP 	self_box: fillColor = '#A6A9FF'
40.5336 	EXP 	other_box: fillColor = '#FFFCA6'
40.5444 	EXP 	self_box: fillColor = '#A6A9FF'
40.5444 	EXP 	other_box: fillColor = '#FFFCA6'
40.5610 	EXP 	self_box: fillColor = '#A6A9FF'
40.5610 	EXP 	other_box: fillColor = '#FFFCA6'
40.5784 	EXP 	self_box: fillColor = '#A6A9FF'
40.5784 	EXP 	other_box: fillColor = '#FFFCA6'
40.5975 	EXP 	self_box: fillColor = '#A6A9FF'
40.5975 	EXP 	other_box: fillColor = '#FFFCA6'
40.6173 	EXP 	self_box: fillColor = '#A6A9FF'
40.6173 	EXP 	other_box: fillColor = '#FFFCA6'
40.6281 	EXP 	self_box: fillColor = '#A6A9FF'
40.6281 	EXP 	other_box: fillColor = '#FFFCA6'
40.6451 	EXP 	self_box: fillColor = '#A6A9FF'
40.6451 	EXP 	other_box: fillColor = '#FFFCA6'
40.6664 	EXP 	self_box: fillColor = '#A6A9FF'
40.6664 	EXP 	other_box: fillColor = '#FAF33E'
40.6819 	EXP 	self_box: fillColor = '#A6A9FF'
40.6819 	EXP 	other_box: fillColor = '#FAF33E'
40.6953 	EXP 	self_box: fillColor = '#A6A9FF'
40.6953 	EXP 	other_box: fillColor = '#FAF33E'
40.7123 	EXP 	self_box: fillColor = '#A6A9FF'
40.7123 	EXP 	other_box: fillColor = '#FAF33E'
40.7282 	EXP 	self_box: fillColor = '#A6A9FF'
40.7282 	EXP 	other_box: fillColor = '#FAF33E'
40.7287 	DATA 	Mouse: Left button down, pos=(1055,317)
40.7304 	EXP 	New trial (rep=0, index=7): {'word': 'word1.12', 'amount': 0.0, 'list': 'list1', 'trialtype': 'unmodified', 'block': 1}
40.7447 	EXP 	self_box: fillColor = '#A6A9FF'
40.7447 	EXP 	other_box: fillColor = '#FAF33E'
40.7447 	EXP 	question: autoDraw = False
40.7447 	EXP 	self_box: autoDraw = False
40.7447 	EXP 	self_label: autoDraw = False
40.7447 	EXP 	other_box: autoDraw = False
40.7447 	EXP 	other_label: autoDraw = False
40.7447 	EXP 	text: text = 'word1.12'
40.8133 	DATA 	Mouse: Left button up, pos=(1055,317)
41.7524 	EXP 	text: autoDraw = True
43.8667 	EXP 	text: autoDraw = False
43.8667 	EXP 	question: autoDraw = True
43.8667 	EXP 	self_box: autoDraw = True
43.8667 	EXP 	self_label: autoDraw = True
43.8667 	EXP 	other_box: autoDraw = True
43.8667 	EXP 	other_label: autoDraw = True
43.8667 	EXP 	self_box: fillColor = '#A6A9FF'
43.8667 	EXP 	other_box: fillColor = '#FFFCA6'
43.8832 	EXP 	self_box: fillColor = '#A6A9FF'
43.8832 	EXP 	other_box: fillColor = '#FFFCA6'
43.9001 	EXP 	self_box: fillColor = '#A6A9FF'
43.9001 	EXP 	other_box: fillColor = '#FFFCA6'
43.9167 	EXP 	self_box: fillColor = '#A6A9FF'
43.9167 	EXP 	other_box: fillColor = '#FFFCA6'
43.9335 	EXP 	self_box: fillColor = '#A6A9FF'
43.9335 	EXP 	other_box: fillColor = '#FFFCA6'
43.9550 	EXP 	self_box: fillColor = '#A6A9FF'
43.9550 	EXP 	other_box: fillColor = '#FFFCA6'
43.9709 	EXP 	self_box: fillColor = '#A6A9FF'
43.9709 	EXP 	other_box: fillColor = '#FFFCA6'
43.9835 	EXP 	self_box: fillColor = '#A6A9FF'
43.9835 	EXP 	other_box: fillColor = '#FFFCA6'
44.0000 	EXP 	self_box: fillColor = '#A6A9FF'
44.0000 	EXP 	other_box: fillColor = '#FFFCA6'
44.0177 	EXP 	self_box: fillColor = '#A6A9FF'
44.0177 	EXP 	other_box: fillColor = '#FFFCA6'
44.0386 	EXP 	self_box: fillColor = '#A6A9FF'
44.0386 	EXP 	other_box: fillColor = '#FFFCA6'
44.0561 	EXP 	self_box: fillColor = '#A6A9FF'
44.0561 	EXP 	other_box: fillColor = '#FFFCA6'
44.0671 	EXP 	self_box: fillColor = '#A6A9FF'
44.0671 	EXP 	other_box: fillColor = '#FFFCA6'
44.0841 	EXP 	self_box: fillColor = '#A6A9FF'
44.0841 	EXP 	other_box: fillColor = '#FFFCA6'
44.1055 	EXP 	self_box: fillColor = '#A6A9FF'
44.1055 	EXP 	other_box: fillColor = '#FFFCA6'
44.1226 	EXP 	self_box: fillColor = '#A6A9FF'
44.1226 	EXP 	other_box: fillColor = '#FFFCA6'
44.1342 	EXP 	self_box: fillColor = '#A6A9FF'
44.1342 	EXP 	other_box: fillColor = '#FFFCA6'
44.1509 	EXP 	self_box: fillColor = '#A6A9FF'
44.1509 	EXP 	other_box: fillColor = '#FFFCA6'
44.1700 	EXP 	self_box: fillColor = '#A6A9FF'
44.1700 	EXP 	other_box: fillColor = '#FFFCA6'
44.1895 	EXP 	self_box: fillColor = '#A6A9FF'
44.1895 	EXP 	other_box: fillColor = '#FFFCA6'
44.2012 	EXP 	self_box: fillColor = '#A6A9FF'
44.2012 	EXP 	other_box: fillColor = '#FFFCA6'
44.2176 	EXP 	self_box: fillColor = '#A6A9FF'
44.2176 	EXP 	other_box: fillColor = '#FFFCA6'
44.2339 	EXP 	self_box: fillColor = '#A6A9FF'
44.2339 	EXP 	other_box: fillColor = '#FFFCA6'
44.2506 	EXP 	self_box: fillColor = '#A6A9FF'
44.2506 	EXP 	other_box: fillColor = '#FFFCA6'
44.2702 	EXP 	self_box: fillColor = '#A6A9FF'
44.2702 	EXP 	other_box: fillColor = '#FFFCA6'
44.2898 	EXP 	self_box: fillColor = '#A6A9FF'
44.2898 	EXP 	other_box: fillColor = '#FFFCA6'
44.3008 	EXP 	self_box: fillColor = '#A6A9FF'
44.3008 	EXP 	other_box: fillColor = '#FFFCA6'
44.3176 	EXP 	self_box: fillColor = '#A6A9FF'
44.3176 	EXP 	other_box: fillColor = '#FFFCA6'
44.3368 	EXP 	self_box: fillColor = '#A6A9FF'
44.3368 	EXP 	other_box: fillColor = '#FFFCA6'
44.3572 	EXP 	self_box: fillColor = '#A6A9FF'
44.3572 	EXP 	other_box: fillColor = '#FFFCA6'
44.3685 	EXP 	self_box: fillColor = '#A6A9FF'
44.3685 	EXP 	other_box: fillColor = '#FFFCA6'
44.3847 	EXP 	self_box: fillColor = '#A6A9FF'
44.3847 	EXP 	other_box: fillColor = '#FFFCA6'
44.4006 	EXP 	self_box: fillColor = '#A6A9FF'
44.4006 	EXP 	other_box: fillColor = '#FAF33E'
44.4184 	EXP 	self_box: fillColor = '#A6A9FF'
44.4184 	EXP 	other_box: fillColor = '#FAF33E'
44.4374 	EXP 	self_box: fillColor = '#A6A9FF'
44.4374 	EXP 	other_box: fillColor = '#FAF33E'
44.4569 	EXP 	self_box: fillColor = '#A6A9FF'
44.4569 	EXP 	other_box: fillColor = '#FAF33E'
44.4679 	EXP 	self_box: fillColor = '#A6A9FF'
44.4679 	EXP 	other_box: fillColor = '#FAF33E'
44.4848 	EXP 	self_box: fillColor = '#A6A9FF'
44.4848 	EXP 	other_box: fillColor = '#FAF33E'
44.5061 	EXP 	self_box: fillColor = '#A6A9FF'
44.5061 	EXP 	other_box: fillColor = '#FAF33E'
44.5238 	EXP 	self_box: fillColor = '#A6A9FF'
44.5238 	EXP 	other_box: fillColor = '#FAF33E'
44.5351 	EXP 	self_box: fillColor = '#A6A9FF'
44.5351 	EXP 	other_box: fillColor = '#FAF33E'
44.5509 	EXP 	self_box: fillColor = '#A6A9FF'
44.5509 	EXP 	other_box: fillColor = '#FAF33E'
44.5685 	EXP 	self_box: fillColor = '#A6A9FF'
44.5685 	EXP 	other_box: fillColor = '#FAF33E'
44.5876 	EXP 	self_box: fillColor = '#A6A9FF'
44.5876 	EXP 	other_box: fillColor = '#FAF33E'
44.6069 	EXP 	self_box: fillColor = '#A6A9FF'
44.6069 	EXP 	other_box: fillColor = '#FAF33E'
44.6178 	EXP 	self_box: fillColor = '#A6A9FF'
44.6178 	EXP 	other_box: fillColor = '#FAF33E'
44.6352 	EXP 	self_box: fillColor = '#A6A9FF'
44.6352 	EXP 	other_box: fillColor = '#FAF33E'
44.6671 	EXP 	self_box: fillColor = '#A6A9FF'
44.6671 	EXP 	other_box: fillColor = '#FAF33E'
44.6677 	DATA 	Mouse: Left button down, pos=(928,148)
44.6693 	EXP 	New trial (rep=0, index=8): {'word': 'word3.15', 'amount': -0.5, 'list': 'list3', 'trialtype': 'pitch lower', 'block': 1}
44.6851 	EXP 	self_box: fillColor = '#A6A9FF'
44.6851 	EXP 	other_box: fillColor = '#FAF33E'
44.6851 	EXP 	question: autoDraw = False
44.6851 	EXP 	self_box: autoDraw = False
44.6851 	EXP 	self_label: autoDraw = False
44.6851 	EXP 	other_box: autoDraw = False
44.6851 	EXP 	other_label: autoDraw = False
44.6851 	EXP 	text: text = 'word3.15'
44.7019 	DATA 	Mouse: Left button up, pos=(928,148)
45.6923 	EXP 	text: autoDraw = True
47.8908 	EXP 	text: autoDraw = False
47.8908 	EXP 	question: autoDraw = True
47.8908 	EXP 	self_box: autoDraw = True
47.8908 	EXP 	self_label: autoDraw = True
47.8908 	EXP 	other_box: autoDraw = True
47.8908 	EXP 	other_label: autoDraw = True
47.8908 	EXP 	self_box: fillColor = '#A6A9FF'
47.8908 	EXP 	other_box: fillColor = '#FFFCA6'
47.9063 	EXP 	self_box: fillColor = '#A6A9FF'
47.9063 	EXP 	other_box: fillColor = '#FFFCA6'
47.9237 	EXP 	self_box: fillColor = '#A6A9FF'
47.9237 	EXP 	other_box: fillColor = '#FFFCA6'
47.9429 	EXP 	self_box: fillColor = '#A6A9FF'
47.9429 	EXP 	other_box: fillColor = '#FFFCA6'
47.9627 	EXP 	self_box: fillColor = '#A6A9FF'
47.9627 	EXP 	other_box: fillColor = '#FFFCA6'
47.9736 	EXP 	self_box: fillColor = '#A6A9FF'
47.9736 	EXP 	other_box: fillColor = '#FFFCA6'
47.9902 	EXP 	self_box: fillColor = '#A6A9FF'
47.9902 	EXP 	other_box: fillColor = '#FFFCA6'
48.0077 	EXP 	self_box: fillColor = '#A6A9FF'
48.0077 	EXP 	other_box: fillColor = '#FFFCA6'
48.0283 	EXP 	self_box: fillColor = '#A6A9FF'
48.0283 	EXP 	other_box: fillColor = '#FFFCA6'
48.0441 	EXP 	self_box: fillColor = '#A6A9FF'
48.0441 	EXP 	other_box: fillColor = '#FFFCA6'
48.0567 	EXP 	self_box: fillColor = '#A6A9FF'
48.0567 	EXP 	other_box: fillColor = '#FFFCA6'
48.0742 	EXP 	self_box: fillColor = '#A6A9FF'
48.0742 	EXP 	other_box: fillColor = '#FFFCA6'
48.0950 	EXP 	self_box: fillColor = '#A6A9FF'
48.0950 	EXP 	other_box: fillColor = '#FFFCA6'
48.1126 	EXP 	self_box: fillColor = '#A6A9FF'
48.1126 	EXP 	other_box: fillColor = '#FFFCA6'
48.1236 	EXP 	self_box: fillColor = '#A6A9FF'
48.1236 	EXP 	other_box: fillColor = '#FFFCA6'
48.1407 	EXP 	self_box: fillColor = '#A6A9FF'
48.1407 	EXP 	other_box: fillColor = '#FFFCA6'
48.1618 	EXP 	self_box: fillColor = '#A6A9FF'
48.1618 	EXP 	other_box: fillColor = '#FFFCA6'
48.1777 	EXP 	self_box: fillColor = '#A6A9FF'
48.1777 	EXP 	other_box: fillColor = '#FFFCA6'
48.1904 	EXP 	self_box: fillColor = '#A6A9FF'
48.1904 	EXP 	other_box: fillColor = '#FFFCA6'
48.2079 	EXP 	self_box: fillColor = '#A6A9FF'
48.2079 	EXP 	other_box: fillColor = '#FFFCA6'
48.2292 	EXP 	self_box: fillColor = '#A6A9FF'
48.2292 	EXP 	other_box: fillColor = '#FFFCA6'
48.2464 	EXP 	self_box: fillColor = '#A6A9FF'
48.2464 	EXP 	other_box: fillColor = '#FFFCA6'
48.2577 	EXP 	self_box: fillColor = '#A6A9FF'
48.2577 	EXP 	other_box: fillColor = '#FFFCA6'
48.2739 	EXP 	self_box: fillColor = '#A6A9FF'
48.2739 	EXP 	other_box: fillColor = '#FFFCA6'
48.2914 	EXP 	self_box: fillColor = '#A6A9FF'
48.2914 	EXP 	other_box: fillColor = '#FFFCA6'
48.3103 	EXP 	self_box: fillColor = '#A6A9FF'
48.3103 	EXP 	other_box: fillColor = '#FFFCA6'
48.3296 	EXP 	self_box: fillColor = '#A6A9FF'
48.3296 	EXP 	other_box: fillColor = '#FFFCA6'
48.3414 	EXP 	self_box: fillColor = '#A6A9FF'
48.3414 	EXP 	other_box: fillColor = '#FFFCA6'
48.3577 	EXP 	self_box: fillColor = '#A6A9FF'
48.3577 	EXP 	other_box: fillColor = '#FFFCA6'
48.3747 	EXP 	self_box: fillColor = '#A6A9FF'
48.3747 	EXP 	other_box: fillColor = '#FFFCA6'
48.3938 	EXP 	self_box: fillColor = '#A6A9FF'
48.3938 	EXP 	other_box: fillColor = '#FFFCA6'
48.4115 	EXP 	self_box: fillColor = '#A6A9FF'
48.4115 	EXP 	other_box: fillColor = '#FFFCA6'
48.4249 	EXP 	self_box: fillColor = '#A6A9FF'
48.4249 	EXP 	other_box: fillColor = '#FFFCA6'
48.4412 	EXP 	self_box: fillColor = '#A6A9FF'
48.4412 	EXP 	other_box: fillColor = '#FFFCA6'
48.4579 	EXP 	self_box: fillColor = '#A6A9FF'
48.4579 	EXP 	other_box: fillColor = '#FFFCA6'
48.4752 	EXP 	self_box: fillColor = '#A6A9FF'
48.4752 	EXP 	other_box: fillColor = '#FFFCA6'
48.4941 	EXP 	self_box: fillColor = '#A6A9FF'
48.4941 	EXP 	other_box: fillColor = '#FAF33E'
48.5132 	EXP 	self_box: fillColor = '#A6A9FF'
48.5132 	EXP 	other_box: fillColor = '#FAF33E'
48.5248 	EXP 	self_box: fillColor = '#A6A9FF'
48.5248 	EXP 	other_box: fillColor = '#FAF33E'
48.5411 	EXP 	self_box: fillColor = '#A6A9FF'
48.5411 	EXP 	other_box: fillColor = '#FAF33E'
48.5584 	EXP 	self_box: fillColor = '#A6A9FF'
48.5584 	EXP 	other_box: fillColor = '#FAF33E'
48.5775 	EXP 	self_box: fillColor = '#A6A9FF'
48.5775 	EXP 	other_box: fillColor = '#FAF33E'
48.5967 	EXP 	self_box: fillColor = '#A6A9FF'
48.5967 	EXP 	other_box: fillColor = '#FAF33E'
48.6078 	EXP 	self_box: fillColor = '#A6A9FF'
48.6078 	EXP 	other_box: fillColor = '#FAF33E'
48.6249 	EXP 	self_box: fillColor = '#A6A9FF'
48.6249 	EXP 	other_box: fillColor = '#FAF33E'
48.6439 	EXP 	self_box: fillColor = '#A6A9FF'
48.6439 	EXP 	other_box: fillColor = '#FAF33E'
48.6637 	EXP 	self_box: fillColor = '#A6A9FF'
48.6637 	EXP 	other_box: fillColor = '#FAF33E'
48.6754 	EXP 	self_box: fillColor = '#A6A9FF'
48.6754 	EXP 	other_box: fillColor = '#FAF33E'
48.6910 	EXP 	self_box: fillColor = '#A6A9FF'
48.6910 	EXP 	other_box: fillColor = '#FAF33E'
48.7078 	EXP 	self_box: fillColor = '#A6A9FF'
48.7078 	EXP 	other_box: fillColor = '#FAF33E'
48.7274 	EXP 	self_box: fillColor = '#A6A9FF'
48.7274 	EXP 	other_box: fillColor = '#FAF33E'
48.7454 	EXP 	self_box: fillColor = '#A6A9FF'
48.7454 	EXP 	other_box: fillColor = '#FAF33E'
48.7462 	DATA 	Mouse: Left button down, pos=(1008,255)
48.7589 	EXP 	self_box: fillColor = '#A6A9FF'
48.7589 	EXP 	other_box: fillColor = '#FAF33E'
48.7589 	EXP 	question: autoDraw = False
48.7589 	EXP 	self_box: autoDraw = False
48.7589 	EXP 	self_label: autoDraw = False
48.7589 	EXP 	other_box: autoDraw = False
48.7589 	EXP 	other_label: autoDraw = False
48.7589 	EXP 	text_3: autoDraw = True
48.8315 	DATA 	Mouse: Left button up, pos=(1008,255)
53.8217 	EXP 	text_3: autoDraw = False
53.8217 	EXP 	results_text: text = '\n\rPitch (higher) block = 1\n\rPitch (lower) block = 1\n\r\n\rPitch (higher) amount = -0.5\n\rPitch (lower) amount = -0.5\n\r'
53.8217 	EXP 	results_text: autoDraw = True
119.1468 	DATA 	Keypress: escape
