0.5250 	WARNING 	Movie2 stim could not be imported and won't be available
5.1387 	EXP 	Created window1 = Window(allowGUI=False, allowStencil=False, autoLog=True, bitsMode=UNKNOWN, blendMode='avg', color=array([-1., -1., -1.]), colorSpace='rgb', fullscr=UNKNOWN, gamma=None, lms=UNKNOWN, monitor=<psychopy.monitors.calibTools.Monitor instance at 0xc8b59b8>, name='window1', pos=[0, 0], screen=0, size=array([1440,  900]), stereo=False, units=u'norm', useFBO=True, viewOri=0.0, viewPos=None, viewScale=None, waitBlanking=True, winType='pyglet')
5.1387 	EXP 	window1: recordFrameIntervals = False
5.3044 	EXP 	window1: recordFrameIntervals = True
5.4883 	EXP 	window1: recordFrameIntervals = False
5.5948 	EXP 	Created text_4 = TextStim(alignHoriz='center', alignVert='center', antialias=True, autoLog=True, bold=False, color=u'white', colorSpace='named', contrast=1.0, depth=0.0, flipHoriz=False, flipVert=False, font=u'Arial', fontFiles=[], height=0.1, italic=False, name='text_4', opacity=1.0, ori=0, pos=array([ 0.,  0.]), rgb=array([ 255.,  255.,  255.]), text=u'Instructions will go here.', units=u'norm', win=Window(...), wrapWidth=1)
6.6408 	EXP 	Created text = TextStim(alignHoriz='center', alignVert='center', antialias=True, autoLog=True, bold=False, color=u'white', colorSpace='named', contrast=1.0, depth=-1.0, flipHoriz=False, flipVert=False, font=u'Arial', fontFiles=[], height=0.1, italic=False, name='text', opacity=1.0, ori=0, pos=array([ 0.,  0.]), rgb=array([ 255.,  255.,  255.]), text=u'default text', units=u'norm', win=Window(...), wrapWidth=1)
6.6529 	EXP 	Created question = TextStim(alignHoriz='center', alignVert='center', antialias=True, autoLog=True, bold=False, color=u'white', colorSpace='named', contrast=1.0, depth=0.0, flipHoriz=False, flipVert=False, font=u'Arial', fontFiles=[], height=0.1, italic=False, name='question', opacity=1.0, ori=0, pos=array([ 0. ,  0.5]), rgb=array([ 255.,  255.,  255.]), text=u'Whose voice did you hear?', units=u'norm', win=Window(...), wrapWidth=2)
6.6535 	EXP 	<method-wrapper '__getattribute__' of attributeSetter object at 0x4030f90>: vertices = array([[-0.25,  0.25],
       [ 0.25,  0.25],
       [ 0.25, -0.25],
       [-0.25, -0.25]])
6.6558 	EXP 	Created self_box = Rect(autoDraw=False, autoLog=True, closeShape=True, contrast=1.0, depth=0, fillColor='#A6A9FF', fillColorSpace='hex', fillRGB=array([166, 169, 255]), interpolate=True, lineColor='#3E45FA', lineColorSpace='hex', lineRGB=array([ 62,  69, 250]), lineWidth=5, name='self_box', opacity=1.0, ori=array(0.0), pos=array([-0.5, -0.5]), size=array([ 1.,  1.]), units=u'norm', vertices=ndarray(...), win=Window(...))
6.6610 	EXP 	Created self_label = TextStim(alignHoriz='center', alignVert='center', antialias=True, autoLog=True, bold=False, color=u'black', colorSpace='named', contrast=1.0, depth=-2.0, flipHoriz=False, flipVert=False, font=u'Arial', fontFiles=[], height=0.1, italic=False, name='self_label', opacity=1.0, ori=0, pos=array([-0.5, -0.5]), rgb=array([ 0.,  0.,  0.]), text=u'Mine', units=u'norm', win=Window(...), wrapWidth=1)
6.6616 	EXP 	<method-wrapper '__getattribute__' of attributeSetter object at 0x4030f90>: vertices = array([[-0.25,  0.25],
       [ 0.25,  0.25],
       [ 0.25, -0.25],
       [-0.25, -0.25]])
6.6638 	EXP 	Created other_box = Rect(autoDraw=False, autoLog=True, closeShape=True, contrast=1.0, depth=0, fillColor='#FFFCA6', fillColorSpace='hex', fillRGB=array([255, 252, 166]), interpolate=True, lineColor='#FAF33E', lineColorSpace='hex', lineRGB=array([250, 243,  62]), lineWidth=5, name='other_box', opacity=1.0, ori=array(0.0), pos=array([ 0.5, -0.5]), size=array([ 1.,  1.]), units=u'norm', vertices=ndarray(...), win=Window(...))
6.6699 	EXP 	Created other_label = TextStim(alignHoriz='center', alignVert='center', antialias=True, autoLog=True, bold=False, color=u'black', colorSpace='named', contrast=1.0, depth=-4.0, flipHoriz=False, flipVert=False, font=u'Arial', fontFiles=[], height=0.1, italic=False, name='other_label', opacity=1.0, ori=0, pos=array([ 0.5, -0.5]), rgb=array([ 0.,  0.,  0.]), text=u'Other', units=u'norm', win=Window(...), wrapWidth=1)
6.6859 	EXP 	Created text_3 = TextStim(alignHoriz='center', alignVert='center', antialias=True, autoLog=True, bold=False, color=u'white', colorSpace='named', contrast=1.0, depth=0.0, flipHoriz=False, flipVert=False, font=u'Arial', fontFiles=[], height=0.1, italic=False, name='text_3', opacity=1.0, ori=0, pos=array([ 0.,  0.]), rgb=array([ 255.,  255.,  255.]), text=u'Thank you for participating!', units=u'norm', win=Window(...), wrapWidth=1)
6.7067 	EXP 	text_4: autoDraw = True
11.6827 	EXP 	Imported /Volumes/Macintosh HD/Users/poppe076/Desktop/source_monitoring_task/data/ok_source_monitoring_2015_Feb_05_1219_wordlist.csv as conditions, 9 conditions, 5 params
11.6832 	EXP 	Created sequence: sequential, trialTypes=9, nReps=1, seed=None
11.6839 	EXP 	New trial (rep=0, index=0): {'word': u'word2.1', 'amount': u'2', 'list': u'list2', 'trialtype': u'pitch', 'trialtype_extended': u'pitch_higher_large'}
11.6979 	EXP 	text_4: autoDraw = False
11.6979 	EXP 	text_4: autoDraw = False
11.6979 	EXP 	text: text = u'word2.1'
12.7163 	EXP 	text: autoDraw = True
15.2871 	EXP 	text: autoDraw = False
15.2871 	EXP 	question: autoDraw = True
15.2871 	EXP 	self_box: autoDraw = True
15.2871 	EXP 	self_label: autoDraw = True
15.2871 	EXP 	other_box: autoDraw = True
15.2871 	EXP 	other_label: autoDraw = True
15.2871 	EXP 	self_box: fillColor = '#A6A9FF'
15.2871 	EXP 	other_box: fillColor = '#FFFCA6'
15.3036 	EXP 	self_box: fillColor = '#A6A9FF'
15.3036 	EXP 	other_box: fillColor = '#FFFCA6'
15.3203 	EXP 	self_box: fillColor = '#A6A9FF'
15.3203 	EXP 	other_box: fillColor = '#FFFCA6'
15.3372 	EXP 	self_box: fillColor = '#A6A9FF'
15.3372 	EXP 	other_box: fillColor = '#FFFCA6'
15.3537 	EXP 	self_box: fillColor = '#A6A9FF'
15.3537 	EXP 	other_box: fillColor = '#FFFCA6'
15.3704 	EXP 	self_box: fillColor = '#A6A9FF'
15.3704 	EXP 	other_box: fillColor = '#FFFCA6'
15.3872 	EXP 	self_box: fillColor = '#A6A9FF'
15.3872 	EXP 	other_box: fillColor = '#FFFCA6'
15.4039 	EXP 	self_box: fillColor = '#A6A9FF'
15.4039 	EXP 	other_box: fillColor = '#FFFCA6'
15.4204 	EXP 	self_box: fillColor = '#A6A9FF'
15.4204 	EXP 	other_box: fillColor = '#FFFCA6'
15.4372 	EXP 	self_box: fillColor = '#A6A9FF'
15.4372 	EXP 	other_box: fillColor = '#FFFCA6'
15.4539 	EXP 	self_box: fillColor = '#A6A9FF'
15.4539 	EXP 	other_box: fillColor = '#FFFCA6'
15.4706 	EXP 	self_box: fillColor = '#A6A9FF'
15.4706 	EXP 	other_box: fillColor = '#FFFCA6'
15.4874 	EXP 	self_box: fillColor = '#A6A9FF'
15.4874 	EXP 	other_box: fillColor = '#FFFCA6'
15.5040 	EXP 	self_box: fillColor = '#A6A9FF'
15.5040 	EXP 	other_box: fillColor = '#FFFCA6'
15.5206 	EXP 	self_box: fillColor = '#A6A9FF'
15.5206 	EXP 	other_box: fillColor = '#FFFCA6'
15.5374 	EXP 	self_box: fillColor = '#A6A9FF'
15.5374 	EXP 	other_box: fillColor = '#FFFCA6'
15.5541 	EXP 	self_box: fillColor = '#A6A9FF'
15.5541 	EXP 	other_box: fillColor = '#FFFCA6'
15.5708 	EXP 	self_box: fillColor = '#A6A9FF'
15.5708 	EXP 	other_box: fillColor = '#FFFCA6'
15.5875 	EXP 	self_box: fillColor = '#A6A9FF'
15.5875 	EXP 	other_box: fillColor = '#FFFCA6'
15.6041 	EXP 	self_box: fillColor = '#A6A9FF'
15.6041 	EXP 	other_box: fillColor = '#FFFCA6'
15.6209 	EXP 	self_box: fillColor = '#A6A9FF'
15.6209 	EXP 	other_box: fillColor = '#FFFCA6'
15.6376 	EXP 	self_box: fillColor = '#A6A9FF'
15.6376 	EXP 	other_box: fillColor = '#FFFCA6'
15.6543 	EXP 	self_box: fillColor = '#A6A9FF'
15.6543 	EXP 	other_box: fillColor = '#FFFCA6'
15.6709 	EXP 	self_box: fillColor = '#A6A9FF'
15.6709 	EXP 	other_box: fillColor = '#FFFCA6'
15.6877 	EXP 	self_box: fillColor = '#A6A9FF'
15.6877 	EXP 	other_box: fillColor = '#FFFCA6'
15.7043 	EXP 	self_box: fillColor = '#A6A9FF'
15.7043 	EXP 	other_box: fillColor = '#FFFCA6'
15.7210 	EXP 	self_box: fillColor = '#A6A9FF'
15.7210 	EXP 	other_box: fillColor = '#FFFCA6'
15.7377 	EXP 	self_box: fillColor = '#A6A9FF'
15.7377 	EXP 	other_box: fillColor = '#FFFCA6'
15.7544 	EXP 	self_box: fillColor = '#A6A9FF'
15.7544 	EXP 	other_box: fillColor = '#FFFCA6'
15.7711 	EXP 	self_box: fillColor = '#A6A9FF'
15.7711 	EXP 	other_box: fillColor = '#FFFCA6'
15.7877 	EXP 	self_box: fillColor = '#A6A9FF'
15.7877 	EXP 	other_box: fillColor = '#FFFCA6'
15.8044 	EXP 	self_box: fillColor = '#A6A9FF'
15.8044 	EXP 	other_box: fillColor = '#FFFCA6'
15.8211 	EXP 	self_box: fillColor = '#A6A9FF'
15.8211 	EXP 	other_box: fillColor = '#FFFCA6'
15.8379 	EXP 	self_box: fillColor = '#A6A9FF'
15.8379 	EXP 	other_box: fillColor = '#FFFCA6'
15.8546 	EXP 	self_box: fillColor = '#A6A9FF'
15.8546 	EXP 	other_box: fillColor = '#FFFCA6'
15.8712 	EXP 	self_box: fillColor = '#A6A9FF'
15.8712 	EXP 	other_box: fillColor = '#FFFCA6'
15.8879 	EXP 	self_box: fillColor = '#A6A9FF'
15.8879 	EXP 	other_box: fillColor = '#FFFCA6'
15.9046 	EXP 	self_box: fillColor = '#A6A9FF'
15.9046 	EXP 	other_box: fillColor = '#FFFCA6'
15.9213 	EXP 	self_box: fillColor = '#A6A9FF'
15.9213 	EXP 	other_box: fillColor = '#FFFCA6'
15.9380 	EXP 	self_box: fillColor = '#A6A9FF'
15.9380 	EXP 	other_box: fillColor = '#FFFCA6'
15.9547 	EXP 	self_box: fillColor = '#A6A9FF'
15.9547 	EXP 	other_box: fillColor = '#FFFCA6'
15.9713 	EXP 	self_box: fillColor = '#A6A9FF'
15.9713 	EXP 	other_box: fillColor = '#FFFCA6'
15.9881 	EXP 	self_box: fillColor = '#A6A9FF'
15.9881 	EXP 	other_box: fillColor = '#FFFCA6'
16.0047 	EXP 	self_box: fillColor = '#A6A9FF'
16.0047 	EXP 	other_box: fillColor = '#FFFCA6'
16.0214 	EXP 	self_box: fillColor = '#A6A9FF'
16.0214 	EXP 	other_box: fillColor = '#FFFCA6'
16.0381 	EXP 	self_box: fillColor = '#A6A9FF'
16.0381 	EXP 	other_box: fillColor = '#FFFCA6'
16.0548 	EXP 	self_box: fillColor = '#A6A9FF'
16.0548 	EXP 	other_box: fillColor = '#FFFCA6'
16.0715 	EXP 	self_box: fillColor = '#A6A9FF'
16.0715 	EXP 	other_box: fillColor = '#FFFCA6'
16.0882 	EXP 	self_box: fillColor = '#A6A9FF'
16.0882 	EXP 	other_box: fillColor = '#FFFCA6'
16.1049 	EXP 	self_box: fillColor = '#A6A9FF'
16.1049 	EXP 	other_box: fillColor = '#FFFCA6'
16.1216 	EXP 	self_box: fillColor = '#A6A9FF'
16.1216 	EXP 	other_box: fillColor = '#FFFCA6'
16.1384 	EXP 	self_box: fillColor = '#A6A9FF'
16.1384 	EXP 	other_box: fillColor = '#FFFCA6'
16.1550 	EXP 	self_box: fillColor = '#A6A9FF'
16.1550 	EXP 	other_box: fillColor = '#FFFCA6'
16.1717 	EXP 	self_box: fillColor = '#A6A9FF'
16.1717 	EXP 	other_box: fillColor = '#FFFCA6'
16.1883 	EXP 	self_box: fillColor = '#A6A9FF'
16.1883 	EXP 	other_box: fillColor = '#FFFCA6'
16.2051 	EXP 	self_box: fillColor = '#A6A9FF'
16.2051 	EXP 	other_box: fillColor = '#FFFCA6'
16.2218 	EXP 	self_box: fillColor = '#A6A9FF'
16.2218 	EXP 	other_box: fillColor = '#FFFCA6'
16.2385 	EXP 	self_box: fillColor = '#A6A9FF'
16.2385 	EXP 	other_box: fillColor = '#FFFCA6'
16.2552 	EXP 	self_box: fillColor = '#A6A9FF'
16.2552 	EXP 	other_box: fillColor = '#FFFCA6'
16.2718 	EXP 	self_box: fillColor = '#A6A9FF'
16.2718 	EXP 	other_box: fillColor = '#FFFCA6'
16.2885 	EXP 	self_box: fillColor = '#A6A9FF'
16.2885 	EXP 	other_box: fillColor = '#FFFCA6'
16.3052 	EXP 	self_box: fillColor = '#A6A9FF'
16.3052 	EXP 	other_box: fillColor = '#FFFCA6'
16.3220 	EXP 	self_box: fillColor = '#A6A9FF'
16.3220 	EXP 	other_box: fillColor = '#FFFCA6'
16.3386 	EXP 	self_box: fillColor = '#A6A9FF'
16.3386 	EXP 	other_box: fillColor = '#FFFCA6'
16.3554 	EXP 	self_box: fillColor = '#A6A9FF'
16.3554 	EXP 	other_box: fillColor = '#FFFCA6'
16.3721 	EXP 	self_box: fillColor = '#A6A9FF'
16.3721 	EXP 	other_box: fillColor = '#FFFCA6'
16.3888 	EXP 	self_box: fillColor = '#A6A9FF'
16.3888 	EXP 	other_box: fillColor = '#FFFCA6'
16.4054 	EXP 	self_box: fillColor = '#A6A9FF'
16.4054 	EXP 	other_box: fillColor = '#FFFCA6'
16.4221 	EXP 	self_box: fillColor = '#A6A9FF'
16.4221 	EXP 	other_box: fillColor = '#FFFCA6'
16.4388 	EXP 	self_box: fillColor = '#A6A9FF'
16.4388 	EXP 	other_box: fillColor = '#FFFCA6'
16.4556 	EXP 	self_box: fillColor = '#A6A9FF'
16.4556 	EXP 	other_box: fillColor = '#FFFCA6'
16.4722 	EXP 	self_box: fillColor = '#A6A9FF'
16.4722 	EXP 	other_box: fillColor = '#FFFCA6'
16.4889 	EXP 	self_box: fillColor = '#A6A9FF'
16.4889 	EXP 	other_box: fillColor = '#FFFCA6'
16.5056 	EXP 	self_box: fillColor = '#A6A9FF'
16.5056 	EXP 	other_box: fillColor = '#FFFCA6'
16.5223 	EXP 	self_box: fillColor = '#A6A9FF'
16.5223 	EXP 	other_box: fillColor = '#FFFCA6'
16.5389 	EXP 	self_box: fillColor = '#A6A9FF'
16.5389 	EXP 	other_box: fillColor = '#FFFCA6'
16.5556 	EXP 	self_box: fillColor = '#A6A9FF'
16.5556 	EXP 	other_box: fillColor = '#FFFCA6'
16.5723 	EXP 	self_box: fillColor = '#A6A9FF'
16.5723 	EXP 	other_box: fillColor = '#FFFCA6'
16.5890 	EXP 	self_box: fillColor = '#A6A9FF'
16.5890 	EXP 	other_box: fillColor = '#FFFCA6'
16.6057 	EXP 	self_box: fillColor = '#A6A9FF'
16.6057 	EXP 	other_box: fillColor = '#FFFCA6'
16.6224 	EXP 	self_box: fillColor = '#A6A9FF'
16.6224 	EXP 	other_box: fillColor = '#FFFCA6'
16.6391 	EXP 	self_box: fillColor = '#A6A9FF'
16.6391 	EXP 	other_box: fillColor = '#FFFCA6'
16.6558 	EXP 	self_box: fillColor = '#A6A9FF'
16.6558 	EXP 	other_box: fillColor = '#FFFCA6'
16.6725 	EXP 	self_box: fillColor = '#A6A9FF'
16.6725 	EXP 	other_box: fillColor = '#FFFCA6'
16.6892 	EXP 	self_box: fillColor = '#A6A9FF'
16.6892 	EXP 	other_box: fillColor = '#FFFCA6'
16.7059 	EXP 	self_box: fillColor = '#A6A9FF'
16.7059 	EXP 	other_box: fillColor = '#FFFCA6'
16.7226 	EXP 	self_box: fillColor = '#A6A9FF'
16.7226 	EXP 	other_box: fillColor = '#FFFCA6'
16.7393 	EXP 	self_box: fillColor = '#A6A9FF'
16.7393 	EXP 	other_box: fillColor = '#FFFCA6'
16.7560 	EXP 	self_box: fillColor = '#A6A9FF'
16.7560 	EXP 	other_box: fillColor = '#FFFCA6'
16.7727 	EXP 	self_box: fillColor = '#A6A9FF'
16.7727 	EXP 	other_box: fillColor = '#FFFCA6'
16.7893 	EXP 	self_box: fillColor = '#A6A9FF'
16.7893 	EXP 	other_box: fillColor = '#FFFCA6'
16.8060 	EXP 	self_box: fillColor = '#A6A9FF'
16.8060 	EXP 	other_box: fillColor = '#FFFCA6'
16.8227 	EXP 	self_box: fillColor = '#A6A9FF'
16.8227 	EXP 	other_box: fillColor = '#FFFCA6'
16.8394 	EXP 	self_box: fillColor = '#3E45FA'
16.8394 	EXP 	other_box: fillColor = '#FFFCA6'
16.8561 	EXP 	self_box: fillColor = '#3E45FA'
16.8561 	EXP 	other_box: fillColor = '#FFFCA6'
16.8728 	EXP 	self_box: fillColor = '#3E45FA'
16.8728 	EXP 	other_box: fillColor = '#FFFCA6'
16.8896 	EXP 	self_box: fillColor = '#3E45FA'
16.8896 	EXP 	other_box: fillColor = '#FFFCA6'
16.9062 	EXP 	self_box: fillColor = '#3E45FA'
16.9062 	EXP 	other_box: fillColor = '#FFFCA6'
16.9229 	EXP 	self_box: fillColor = '#3E45FA'
16.9229 	EXP 	other_box: fillColor = '#FFFCA6'
16.9395 	EXP 	self_box: fillColor = '#3E45FA'
16.9395 	EXP 	other_box: fillColor = '#FFFCA6'
16.9564 	EXP 	self_box: fillColor = '#3E45FA'
16.9564 	EXP 	other_box: fillColor = '#FFFCA6'
16.9730 	EXP 	self_box: fillColor = '#3E45FA'
16.9730 	EXP 	other_box: fillColor = '#FFFCA6'
16.9896 	EXP 	self_box: fillColor = '#3E45FA'
16.9896 	EXP 	other_box: fillColor = '#FFFCA6'
17.0063 	EXP 	self_box: fillColor = '#3E45FA'
17.0063 	EXP 	other_box: fillColor = '#FFFCA6'
17.0231 	EXP 	self_box: fillColor = '#3E45FA'
17.0231 	EXP 	other_box: fillColor = '#FFFCA6'
17.0398 	EXP 	self_box: fillColor = '#3E45FA'
17.0398 	EXP 	other_box: fillColor = '#FFFCA6'
17.0565 	EXP 	self_box: fillColor = '#3E45FA'
17.0565 	EXP 	other_box: fillColor = '#FFFCA6'
17.0731 	EXP 	self_box: fillColor = '#3E45FA'
17.0731 	EXP 	other_box: fillColor = '#FFFCA6'
17.0899 	EXP 	self_box: fillColor = '#3E45FA'
17.0899 	EXP 	other_box: fillColor = '#FFFCA6'
17.1065 	EXP 	self_box: fillColor = '#3E45FA'
17.1065 	EXP 	other_box: fillColor = '#FFFCA6'
17.1232 	EXP 	self_box: fillColor = '#3E45FA'
17.1232 	EXP 	other_box: fillColor = '#FFFCA6'
17.1399 	EXP 	self_box: fillColor = '#3E45FA'
17.1399 	EXP 	other_box: fillColor = '#FFFCA6'
17.1566 	EXP 	self_box: fillColor = '#3E45FA'
17.1566 	EXP 	other_box: fillColor = '#FFFCA6'
17.1733 	EXP 	self_box: fillColor = '#3E45FA'
17.1733 	EXP 	other_box: fillColor = '#FFFCA6'
17.1901 	EXP 	self_box: fillColor = '#3E45FA'
17.1901 	EXP 	other_box: fillColor = '#FFFCA6'
17.2066 	EXP 	self_box: fillColor = '#3E45FA'
17.2066 	EXP 	other_box: fillColor = '#FFFCA6'
17.2234 	EXP 	self_box: fillColor = '#3E45FA'
17.2234 	EXP 	other_box: fillColor = '#FFFCA6'
17.2401 	EXP 	self_box: fillColor = '#3E45FA'
17.2401 	EXP 	other_box: fillColor = '#FFFCA6'
17.2567 	EXP 	self_box: fillColor = '#3E45FA'
17.2567 	EXP 	other_box: fillColor = '#FFFCA6'
17.2734 	EXP 	self_box: fillColor = '#3E45FA'
17.2734 	EXP 	other_box: fillColor = '#FFFCA6'
17.2902 	EXP 	self_box: fillColor = '#3E45FA'
17.2902 	EXP 	other_box: fillColor = '#FFFCA6'
17.3068 	EXP 	self_box: fillColor = '#3E45FA'
17.3068 	EXP 	other_box: fillColor = '#FFFCA6'
17.3236 	EXP 	self_box: fillColor = '#3E45FA'
17.3236 	EXP 	other_box: fillColor = '#FFFCA6'
17.3403 	EXP 	self_box: fillColor = '#3E45FA'
17.3403 	EXP 	other_box: fillColor = '#FFFCA6'
17.3570 	EXP 	self_box: fillColor = '#3E45FA'
17.3570 	EXP 	other_box: fillColor = '#FFFCA6'
17.3736 	EXP 	self_box: fillColor = '#3E45FA'
17.3736 	EXP 	other_box: fillColor = '#FFFCA6'
17.3903 	EXP 	self_box: fillColor = '#3E45FA'
17.3903 	EXP 	other_box: fillColor = '#FFFCA6'
17.4071 	EXP 	self_box: fillColor = '#3E45FA'
17.4071 	EXP 	other_box: fillColor = '#FFFCA6'
17.4084 	DATA 	Mouse: Left button down, pos=(478,266)
17.4237 	EXP 	self_box: fillColor = '#3E45FA'
17.4237 	EXP 	other_box: fillColor = '#FFFCA6'
17.4251 	EXP 	New trial (rep=0, index=1): {'word': u'word8.1', 'amount': u'unmodified', 'list': u'list8', 'trialtype': u'unmodified', 'trialtype_extended': u'unmodified'}
17.4404 	EXP 	self_box: fillColor = '#3E45FA'
17.4404 	EXP 	other_box: fillColor = '#FFFCA6'
17.4404 	EXP 	question: autoDraw = False
17.4404 	EXP 	self_box: autoDraw = False
17.4404 	EXP 	self_label: autoDraw = False
17.4404 	EXP 	other_box: autoDraw = False
17.4404 	EXP 	other_label: autoDraw = False
17.4404 	EXP 	text: text = u'word8.1'
17.4742 	DATA 	Mouse: Left button up, pos=(478,266)
18.4420 	EXP 	text: autoDraw = True
21.0795 	EXP 	text: autoDraw = False
21.0795 	EXP 	question: autoDraw = True
21.0795 	EXP 	self_box: autoDraw = True
21.0795 	EXP 	self_label: autoDraw = True
21.0795 	EXP 	other_box: autoDraw = True
21.0795 	EXP 	other_label: autoDraw = True
21.0795 	EXP 	self_box: fillColor = '#A6A9FF'
21.0795 	EXP 	other_box: fillColor = '#FFFCA6'
21.0962 	EXP 	self_box: fillColor = '#A6A9FF'
21.0962 	EXP 	other_box: fillColor = '#FFFCA6'
21.1128 	EXP 	self_box: fillColor = '#A6A9FF'
21.1128 	EXP 	other_box: fillColor = '#FFFCA6'
21.1296 	EXP 	self_box: fillColor = '#A6A9FF'
21.1296 	EXP 	other_box: fillColor = '#FFFCA6'
21.1463 	EXP 	self_box: fillColor = '#A6A9FF'
21.1463 	EXP 	other_box: fillColor = '#FFFCA6'
21.1629 	EXP 	self_box: fillColor = '#A6A9FF'
21.1629 	EXP 	other_box: fillColor = '#FFFCA6'
21.1797 	EXP 	self_box: fillColor = '#A6A9FF'
21.1797 	EXP 	other_box: fillColor = '#FFFCA6'
21.1963 	EXP 	self_box: fillColor = '#A6A9FF'
21.1963 	EXP 	other_box: fillColor = '#FFFCA6'
21.2130 	EXP 	self_box: fillColor = '#A6A9FF'
21.2130 	EXP 	other_box: fillColor = '#FFFCA6'
21.2298 	EXP 	self_box: fillColor = '#A6A9FF'
21.2298 	EXP 	other_box: fillColor = '#FFFCA6'
21.2464 	EXP 	self_box: fillColor = '#A6A9FF'
21.2464 	EXP 	other_box: fillColor = '#FFFCA6'
21.2631 	EXP 	self_box: fillColor = '#A6A9FF'
21.2631 	EXP 	other_box: fillColor = '#FFFCA6'
21.2798 	EXP 	self_box: fillColor = '#A6A9FF'
21.2798 	EXP 	other_box: fillColor = '#FFFCA6'
21.2966 	EXP 	self_box: fillColor = '#A6A9FF'
21.2966 	EXP 	other_box: fillColor = '#FFFCA6'
21.3132 	EXP 	self_box: fillColor = '#A6A9FF'
21.3132 	EXP 	other_box: fillColor = '#FFFCA6'
21.3301 	EXP 	self_box: fillColor = '#A6A9FF'
21.3301 	EXP 	other_box: fillColor = '#FFFCA6'
21.3466 	EXP 	self_box: fillColor = '#A6A9FF'
21.3466 	EXP 	other_box: fillColor = '#FFFCA6'
21.3632 	EXP 	self_box: fillColor = '#A6A9FF'
21.3632 	EXP 	other_box: fillColor = '#FFFCA6'
21.3799 	EXP 	self_box: fillColor = '#A6A9FF'
21.3799 	EXP 	other_box: fillColor = '#FFFCA6'
21.3966 	EXP 	self_box: fillColor = '#A6A9FF'
21.3966 	EXP 	other_box: fillColor = '#FFFCA6'
21.4133 	EXP 	self_box: fillColor = '#A6A9FF'
21.4133 	EXP 	other_box: fillColor = '#FFFCA6'
21.4300 	EXP 	self_box: fillColor = '#A6A9FF'
21.4300 	EXP 	other_box: fillColor = '#FFFCA6'
21.4467 	EXP 	self_box: fillColor = '#A6A9FF'
21.4467 	EXP 	other_box: fillColor = '#FFFCA6'
21.4634 	EXP 	self_box: fillColor = '#A6A9FF'
21.4634 	EXP 	other_box: fillColor = '#FFFCA6'
21.4801 	EXP 	self_box: fillColor = '#A6A9FF'
21.4801 	EXP 	other_box: fillColor = '#FFFCA6'
21.4968 	EXP 	self_box: fillColor = '#A6A9FF'
21.4968 	EXP 	other_box: fillColor = '#FFFCA6'
21.5135 	EXP 	self_box: fillColor = '#A6A9FF'
21.5135 	EXP 	other_box: fillColor = '#FFFCA6'
21.5302 	EXP 	self_box: fillColor = '#A6A9FF'
21.5302 	EXP 	other_box: fillColor = '#FFFCA6'
21.5469 	EXP 	self_box: fillColor = '#A6A9FF'
21.5469 	EXP 	other_box: fillColor = '#FFFCA6'
21.5636 	EXP 	self_box: fillColor = '#A6A9FF'
21.5636 	EXP 	other_box: fillColor = '#FFFCA6'
21.5803 	EXP 	self_box: fillColor = '#A6A9FF'
21.5803 	EXP 	other_box: fillColor = '#FFFCA6'
21.5970 	EXP 	self_box: fillColor = '#A6A9FF'
21.5970 	EXP 	other_box: fillColor = '#FFFCA6'
21.6137 	EXP 	self_box: fillColor = '#A6A9FF'
21.6137 	EXP 	other_box: fillColor = '#FFFCA6'
21.6303 	EXP 	self_box: fillColor = '#A6A9FF'
21.6303 	EXP 	other_box: fillColor = '#FFFCA6'
21.6470 	EXP 	self_box: fillColor = '#A6A9FF'
21.6470 	EXP 	other_box: fillColor = '#FFFCA6'
21.6637 	EXP 	self_box: fillColor = '#A6A9FF'
21.6637 	EXP 	other_box: fillColor = '#FFFCA6'
21.6804 	EXP 	self_box: fillColor = '#A6A9FF'
21.6804 	EXP 	other_box: fillColor = '#FFFCA6'
21.6971 	EXP 	self_box: fillColor = '#A6A9FF'
21.6971 	EXP 	other_box: fillColor = '#FFFCA6'
21.7138 	EXP 	self_box: fillColor = '#A6A9FF'
21.7138 	EXP 	other_box: fillColor = '#FFFCA6'
21.7305 	EXP 	self_box: fillColor = '#A6A9FF'
21.7305 	EXP 	other_box: fillColor = '#FFFCA6'
21.7472 	EXP 	self_box: fillColor = '#A6A9FF'
21.7472 	EXP 	other_box: fillColor = '#FFFCA6'
21.7639 	EXP 	self_box: fillColor = '#A6A9FF'
21.7639 	EXP 	other_box: fillColor = '#FFFCA6'
21.7805 	EXP 	self_box: fillColor = '#A6A9FF'
21.7805 	EXP 	other_box: fillColor = '#FFFCA6'
21.7972 	EXP 	self_box: fillColor = '#A6A9FF'
21.7972 	EXP 	other_box: fillColor = '#FFFCA6'
21.8139 	EXP 	self_box: fillColor = '#A6A9FF'
21.8139 	EXP 	other_box: fillColor = '#FFFCA6'
21.8306 	EXP 	self_box: fillColor = '#A6A9FF'
21.8306 	EXP 	other_box: fillColor = '#FFFCA6'
21.8473 	EXP 	self_box: fillColor = '#A6A9FF'
21.8473 	EXP 	other_box: fillColor = '#FFFCA6'
21.8640 	EXP 	self_box: fillColor = '#A6A9FF'
21.8640 	EXP 	other_box: fillColor = '#FFFCA6'
21.8808 	EXP 	self_box: fillColor = '#A6A9FF'
21.8808 	EXP 	other_box: fillColor = '#FFFCA6'
21.8974 	EXP 	self_box: fillColor = '#A6A9FF'
21.8974 	EXP 	other_box: fillColor = '#FFFCA6'
21.9141 	EXP 	self_box: fillColor = '#A6A9FF'
21.9141 	EXP 	other_box: fillColor = '#FFFCA6'
21.9308 	EXP 	self_box: fillColor = '#A6A9FF'
21.9308 	EXP 	other_box: fillColor = '#FFFCA6'
21.9476 	EXP 	self_box: fillColor = '#A6A9FF'
21.9476 	EXP 	other_box: fillColor = '#FFFCA6'
21.9642 	EXP 	self_box: fillColor = '#A6A9FF'
21.9642 	EXP 	other_box: fillColor = '#FFFCA6'
21.9810 	EXP 	self_box: fillColor = '#A6A9FF'
21.9810 	EXP 	other_box: fillColor = '#FFFCA6'
21.9977 	EXP 	self_box: fillColor = '#A6A9FF'
21.9977 	EXP 	other_box: fillColor = '#FFFCA6'
22.0143 	EXP 	self_box: fillColor = '#A6A9FF'
22.0143 	EXP 	other_box: fillColor = '#FAF33E'
22.0309 	EXP 	self_box: fillColor = '#A6A9FF'
22.0309 	EXP 	other_box: fillColor = '#FAF33E'
22.0476 	EXP 	self_box: fillColor = '#A6A9FF'
22.0476 	EXP 	other_box: fillColor = '#FAF33E'
22.0644 	EXP 	self_box: fillColor = '#A6A9FF'
22.0644 	EXP 	other_box: fillColor = '#FAF33E'
22.0812 	EXP 	self_box: fillColor = '#A6A9FF'
22.0812 	EXP 	other_box: fillColor = '#FAF33E'
22.0979 	EXP 	self_box: fillColor = '#A6A9FF'
22.0979 	EXP 	other_box: fillColor = '#FAF33E'
22.1144 	EXP 	self_box: fillColor = '#A6A9FF'
22.1144 	EXP 	other_box: fillColor = '#FAF33E'
22.1312 	EXP 	self_box: fillColor = '#A6A9FF'
22.1312 	EXP 	other_box: fillColor = '#FAF33E'
22.1479 	EXP 	self_box: fillColor = '#A6A9FF'
22.1479 	EXP 	other_box: fillColor = '#FAF33E'
22.1645 	EXP 	self_box: fillColor = '#A6A9FF'
22.1645 	EXP 	other_box: fillColor = '#FAF33E'
22.1813 	EXP 	self_box: fillColor = '#A6A9FF'
22.1813 	EXP 	other_box: fillColor = '#FAF33E'
22.1846 	DATA 	Mouse: Left button down, pos=(961,248)
22.1980 	EXP 	self_box: fillColor = '#A6A9FF'
22.1980 	EXP 	other_box: fillColor = '#FAF33E'
22.1995 	EXP 	New trial (rep=0, index=2): {'word': u'word1.1', 'amount': u'1.5', 'list': u'list1', 'trialtype': u'pitch', 'trialtype_extended': u'pitch_higher_small'}
22.2146 	EXP 	self_box: fillColor = '#A6A9FF'
22.2146 	EXP 	other_box: fillColor = '#FAF33E'
22.2146 	EXP 	question: autoDraw = False
22.2146 	EXP 	self_box: autoDraw = False
22.2146 	EXP 	self_label: autoDraw = False
22.2146 	EXP 	other_box: autoDraw = False
22.2146 	EXP 	other_label: autoDraw = False
22.2146 	EXP 	text: text = u'word1.1'
22.2485 	DATA 	Mouse: Left button up, pos=(961,248)
23.2329 	EXP 	text: autoDraw = True
25.8205 	EXP 	text: autoDraw = False
25.8205 	EXP 	question: autoDraw = True
25.8205 	EXP 	self_box: autoDraw = True
25.8205 	EXP 	self_label: autoDraw = True
25.8205 	EXP 	other_box: autoDraw = True
25.8205 	EXP 	other_label: autoDraw = True
25.8205 	EXP 	self_box: fillColor = '#A6A9FF'
25.8205 	EXP 	other_box: fillColor = '#FFFCA6'
25.8371 	EXP 	self_box: fillColor = '#A6A9FF'
25.8371 	EXP 	other_box: fillColor = '#FFFCA6'
25.8537 	EXP 	self_box: fillColor = '#A6A9FF'
25.8537 	EXP 	other_box: fillColor = '#FFFCA6'
25.8705 	EXP 	self_box: fillColor = '#A6A9FF'
25.8705 	EXP 	other_box: fillColor = '#FFFCA6'
25.8871 	EXP 	self_box: fillColor = '#A6A9FF'
25.8871 	EXP 	other_box: fillColor = '#FFFCA6'
25.9038 	EXP 	self_box: fillColor = '#A6A9FF'
25.9038 	EXP 	other_box: fillColor = '#FFFCA6'
25.9206 	EXP 	self_box: fillColor = '#A6A9FF'
25.9206 	EXP 	other_box: fillColor = '#FFFCA6'
25.9372 	EXP 	self_box: fillColor = '#A6A9FF'
25.9372 	EXP 	other_box: fillColor = '#FFFCA6'
25.9540 	EXP 	self_box: fillColor = '#A6A9FF'
25.9540 	EXP 	other_box: fillColor = '#FFFCA6'
25.9706 	EXP 	self_box: fillColor = '#A6A9FF'
25.9706 	EXP 	other_box: fillColor = '#FFFCA6'
25.9873 	EXP 	self_box: fillColor = '#A6A9FF'
25.9873 	EXP 	other_box: fillColor = '#FFFCA6'
26.0039 	EXP 	self_box: fillColor = '#A6A9FF'
26.0039 	EXP 	other_box: fillColor = '#FFFCA6'
26.0207 	EXP 	self_box: fillColor = '#A6A9FF'
26.0207 	EXP 	other_box: fillColor = '#FFFCA6'
26.0375 	EXP 	self_box: fillColor = '#A6A9FF'
26.0375 	EXP 	other_box: fillColor = '#FFFCA6'
26.0542 	EXP 	self_box: fillColor = '#A6A9FF'
26.0542 	EXP 	other_box: fillColor = '#FFFCA6'
26.0708 	EXP 	self_box: fillColor = '#A6A9FF'
26.0708 	EXP 	other_box: fillColor = '#FFFCA6'
26.0875 	EXP 	self_box: fillColor = '#A6A9FF'
26.0875 	EXP 	other_box: fillColor = '#FFFCA6'
26.1041 	EXP 	self_box: fillColor = '#A6A9FF'
26.1041 	EXP 	other_box: fillColor = '#FFFCA6'
26.1208 	EXP 	self_box: fillColor = '#A6A9FF'
26.1208 	EXP 	other_box: fillColor = '#FFFCA6'
26.1376 	EXP 	self_box: fillColor = '#A6A9FF'
26.1376 	EXP 	other_box: fillColor = '#FFFCA6'
26.1543 	EXP 	self_box: fillColor = '#A6A9FF'
26.1543 	EXP 	other_box: fillColor = '#FFFCA6'
26.1710 	EXP 	self_box: fillColor = '#A6A9FF'
26.1710 	EXP 	other_box: fillColor = '#FFFCA6'
26.1876 	EXP 	self_box: fillColor = '#A6A9FF'
26.1876 	EXP 	other_box: fillColor = '#FFFCA6'
26.2043 	EXP 	self_box: fillColor = '#A6A9FF'
26.2043 	EXP 	other_box: fillColor = '#FFFCA6'
26.2210 	EXP 	self_box: fillColor = '#A6A9FF'
26.2210 	EXP 	other_box: fillColor = '#FFFCA6'
26.2378 	EXP 	self_box: fillColor = '#A6A9FF'
26.2378 	EXP 	other_box: fillColor = '#FFFCA6'
26.2544 	EXP 	self_box: fillColor = '#A6A9FF'
26.2544 	EXP 	other_box: fillColor = '#FFFCA6'
26.2711 	EXP 	self_box: fillColor = '#A6A9FF'
26.2711 	EXP 	other_box: fillColor = '#FFFCA6'
26.2878 	EXP 	self_box: fillColor = '#A6A9FF'
26.2878 	EXP 	other_box: fillColor = '#FFFCA6'
26.3045 	EXP 	self_box: fillColor = '#A6A9FF'
26.3045 	EXP 	other_box: fillColor = '#FFFCA6'
26.3211 	EXP 	self_box: fillColor = '#A6A9FF'
26.3211 	EXP 	other_box: fillColor = '#FFFCA6'
26.3378 	EXP 	self_box: fillColor = '#A6A9FF'
26.3378 	EXP 	other_box: fillColor = '#FFFCA6'
26.3546 	EXP 	self_box: fillColor = '#A6A9FF'
26.3546 	EXP 	other_box: fillColor = '#FFFCA6'
26.3713 	EXP 	self_box: fillColor = '#A6A9FF'
26.3713 	EXP 	other_box: fillColor = '#FFFCA6'
26.3880 	EXP 	self_box: fillColor = '#A6A9FF'
26.3880 	EXP 	other_box: fillColor = '#FFFCA6'
26.4047 	EXP 	self_box: fillColor = '#A6A9FF'
26.4047 	EXP 	other_box: fillColor = '#FFFCA6'
26.4215 	EXP 	self_box: fillColor = '#A6A9FF'
26.4215 	EXP 	other_box: fillColor = '#FFFCA6'
26.4381 	EXP 	self_box: fillColor = '#A6A9FF'
26.4381 	EXP 	other_box: fillColor = '#FFFCA6'
26.4549 	EXP 	self_box: fillColor = '#A6A9FF'
26.4549 	EXP 	other_box: fillColor = '#FFFCA6'
26.4715 	EXP 	self_box: fillColor = '#A6A9FF'
26.4715 	EXP 	other_box: fillColor = '#FFFCA6'
26.4881 	EXP 	self_box: fillColor = '#A6A9FF'
26.4881 	EXP 	other_box: fillColor = '#FFFCA6'
26.5049 	EXP 	self_box: fillColor = '#A6A9FF'
26.5049 	EXP 	other_box: fillColor = '#FFFCA6'
26.5214 	EXP 	self_box: fillColor = '#A6A9FF'
26.5214 	EXP 	other_box: fillColor = '#FFFCA6'
26.5382 	EXP 	self_box: fillColor = '#A6A9FF'
26.5382 	EXP 	other_box: fillColor = '#FFFCA6'
26.5550 	EXP 	self_box: fillColor = '#A6A9FF'
26.5550 	EXP 	other_box: fillColor = '#FFFCA6'
26.5717 	EXP 	self_box: fillColor = '#A6A9FF'
26.5717 	EXP 	other_box: fillColor = '#FFFCA6'
26.5882 	EXP 	self_box: fillColor = '#A6A9FF'
26.5882 	EXP 	other_box: fillColor = '#FFFCA6'
26.6050 	EXP 	self_box: fillColor = '#A6A9FF'
26.6050 	EXP 	other_box: fillColor = '#FFFCA6'
26.6216 	EXP 	self_box: fillColor = '#A6A9FF'
26.6216 	EXP 	other_box: fillColor = '#FFFCA6'
26.6384 	EXP 	self_box: fillColor = '#A6A9FF'
26.6384 	EXP 	other_box: fillColor = '#FFFCA6'
26.6552 	EXP 	self_box: fillColor = '#3E45FA'
26.6552 	EXP 	other_box: fillColor = '#FFFCA6'
26.6719 	EXP 	self_box: fillColor = '#3E45FA'
26.6719 	EXP 	other_box: fillColor = '#FFFCA6'
26.6885 	EXP 	self_box: fillColor = '#3E45FA'
26.6885 	EXP 	other_box: fillColor = '#FFFCA6'
26.7052 	EXP 	self_box: fillColor = '#3E45FA'
26.7052 	EXP 	other_box: fillColor = '#FFFCA6'
26.7218 	EXP 	self_box: fillColor = '#3E45FA'
26.7218 	EXP 	other_box: fillColor = '#FFFCA6'
26.7385 	EXP 	self_box: fillColor = '#3E45FA'
26.7385 	EXP 	other_box: fillColor = '#FFFCA6'
26.7553 	EXP 	self_box: fillColor = '#3E45FA'
26.7553 	EXP 	other_box: fillColor = '#FFFCA6'
26.7719 	EXP 	self_box: fillColor = '#3E45FA'
26.7719 	EXP 	other_box: fillColor = '#FFFCA6'
26.7886 	EXP 	self_box: fillColor = '#3E45FA'
26.7886 	EXP 	other_box: fillColor = '#FFFCA6'
26.8053 	EXP 	self_box: fillColor = '#3E45FA'
26.8053 	EXP 	other_box: fillColor = '#FFFCA6'
26.8219 	EXP 	self_box: fillColor = '#3E45FA'
26.8219 	EXP 	other_box: fillColor = '#FFFCA6'
26.8386 	EXP 	self_box: fillColor = '#3E45FA'
26.8386 	EXP 	other_box: fillColor = '#FFFCA6'
26.8392 	DATA 	Mouse: Left button down, pos=(311,191)
26.8405 	EXP 	New trial (rep=0, index=3): {'word': u'word5.1', 'amount': u'-1.5', 'list': u'list5', 'trialtype': u'pitch', 'trialtype_extended': u'pitch_lower_small'}
26.8554 	EXP 	self_box: fillColor = '#3E45FA'
26.8554 	EXP 	other_box: fillColor = '#FFFCA6'
26.8554 	EXP 	question: autoDraw = False
26.8554 	EXP 	self_box: autoDraw = False
26.8554 	EXP 	self_label: autoDraw = False
26.8554 	EXP 	other_box: autoDraw = False
26.8554 	EXP 	other_label: autoDraw = False
26.8554 	EXP 	text: text = u'word5.1'
26.8892 	DATA 	Mouse: Left button up, pos=(311,191)
27.8736 	EXP 	text: autoDraw = True
30.2942 	EXP 	text: autoDraw = False
30.2942 	EXP 	question: autoDraw = True
30.2942 	EXP 	self_box: autoDraw = True
30.2942 	EXP 	self_label: autoDraw = True
30.2942 	EXP 	other_box: autoDraw = True
30.2942 	EXP 	other_label: autoDraw = True
30.2942 	EXP 	self_box: fillColor = '#A6A9FF'
30.2942 	EXP 	other_box: fillColor = '#FFFCA6'
30.3108 	EXP 	self_box: fillColor = '#A6A9FF'
30.3108 	EXP 	other_box: fillColor = '#FFFCA6'
30.3276 	EXP 	self_box: fillColor = '#A6A9FF'
30.3276 	EXP 	other_box: fillColor = '#FFFCA6'
30.3443 	EXP 	self_box: fillColor = '#A6A9FF'
30.3443 	EXP 	other_box: fillColor = '#FFFCA6'
30.3609 	EXP 	self_box: fillColor = '#A6A9FF'
30.3609 	EXP 	other_box: fillColor = '#FFFCA6'
30.3776 	EXP 	self_box: fillColor = '#A6A9FF'
30.3776 	EXP 	other_box: fillColor = '#FFFCA6'
30.3943 	EXP 	self_box: fillColor = '#A6A9FF'
30.3943 	EXP 	other_box: fillColor = '#FFFCA6'
30.4112 	EXP 	self_box: fillColor = '#A6A9FF'
30.4112 	EXP 	other_box: fillColor = '#FFFCA6'
30.4277 	EXP 	self_box: fillColor = '#A6A9FF'
30.4277 	EXP 	other_box: fillColor = '#FFFCA6'
30.4444 	EXP 	self_box: fillColor = '#A6A9FF'
30.4444 	EXP 	other_box: fillColor = '#FFFCA6'
30.4612 	EXP 	self_box: fillColor = '#A6A9FF'
30.4612 	EXP 	other_box: fillColor = '#FFFCA6'
30.4778 	EXP 	self_box: fillColor = '#A6A9FF'
30.4778 	EXP 	other_box: fillColor = '#FFFCA6'
30.4945 	EXP 	self_box: fillColor = '#A6A9FF'
30.4945 	EXP 	other_box: fillColor = '#FFFCA6'
30.5113 	EXP 	self_box: fillColor = '#A6A9FF'
30.5113 	EXP 	other_box: fillColor = '#FFFCA6'
30.5279 	EXP 	self_box: fillColor = '#A6A9FF'
30.5279 	EXP 	other_box: fillColor = '#FFFCA6'
30.5446 	EXP 	self_box: fillColor = '#A6A9FF'
30.5446 	EXP 	other_box: fillColor = '#FFFCA6'
30.5613 	EXP 	self_box: fillColor = '#A6A9FF'
30.5613 	EXP 	other_box: fillColor = '#FFFCA6'
30.5779 	EXP 	self_box: fillColor = '#A6A9FF'
30.5779 	EXP 	other_box: fillColor = '#FFFCA6'
30.5947 	EXP 	self_box: fillColor = '#A6A9FF'
30.5947 	EXP 	other_box: fillColor = '#FFFCA6'
30.6114 	EXP 	self_box: fillColor = '#A6A9FF'
30.6114 	EXP 	other_box: fillColor = '#FFFCA6'
30.6281 	EXP 	self_box: fillColor = '#A6A9FF'
30.6281 	EXP 	other_box: fillColor = '#FFFCA6'
30.6448 	EXP 	self_box: fillColor = '#A6A9FF'
30.6448 	EXP 	other_box: fillColor = '#FFFCA6'
30.6614 	EXP 	self_box: fillColor = '#A6A9FF'
30.6614 	EXP 	other_box: fillColor = '#FFFCA6'
30.6782 	EXP 	self_box: fillColor = '#A6A9FF'
30.6782 	EXP 	other_box: fillColor = '#FFFCA6'
30.6948 	EXP 	self_box: fillColor = '#A6A9FF'
30.6948 	EXP 	other_box: fillColor = '#FFFCA6'
30.7116 	EXP 	self_box: fillColor = '#A6A9FF'
30.7116 	EXP 	other_box: fillColor = '#FFFCA6'
30.7282 	EXP 	self_box: fillColor = '#A6A9FF'
30.7282 	EXP 	other_box: fillColor = '#FFFCA6'
30.7449 	EXP 	self_box: fillColor = '#A6A9FF'
30.7449 	EXP 	other_box: fillColor = '#FFFCA6'
30.7617 	EXP 	self_box: fillColor = '#A6A9FF'
30.7617 	EXP 	other_box: fillColor = '#FFFCA6'
30.7783 	EXP 	self_box: fillColor = '#A6A9FF'
30.7783 	EXP 	other_box: fillColor = '#FFFCA6'
30.7949 	EXP 	self_box: fillColor = '#A6A9FF'
30.7949 	EXP 	other_box: fillColor = '#FFFCA6'
30.8116 	EXP 	self_box: fillColor = '#A6A9FF'
30.8116 	EXP 	other_box: fillColor = '#FFFCA6'
30.8284 	EXP 	self_box: fillColor = '#A6A9FF'
30.8284 	EXP 	other_box: fillColor = '#FFFCA6'
30.8449 	EXP 	self_box: fillColor = '#A6A9FF'
30.8449 	EXP 	other_box: fillColor = '#FFFCA6'
30.8617 	EXP 	self_box: fillColor = '#A6A9FF'
30.8617 	EXP 	other_box: fillColor = '#FFFCA6'
30.8784 	EXP 	self_box: fillColor = '#A6A9FF'
30.8784 	EXP 	other_box: fillColor = '#FFFCA6'
30.8951 	EXP 	self_box: fillColor = '#A6A9FF'
30.8951 	EXP 	other_box: fillColor = '#FFFCA6'
30.9118 	EXP 	self_box: fillColor = '#A6A9FF'
30.9118 	EXP 	other_box: fillColor = '#FFFCA6'
30.9284 	EXP 	self_box: fillColor = '#A6A9FF'
30.9284 	EXP 	other_box: fillColor = '#FFFCA6'
30.9453 	EXP 	self_box: fillColor = '#A6A9FF'
30.9453 	EXP 	other_box: fillColor = '#FFFCA6'
30.9619 	EXP 	self_box: fillColor = '#A6A9FF'
30.9619 	EXP 	other_box: fillColor = '#FFFCA6'
30.9786 	EXP 	self_box: fillColor = '#A6A9FF'
30.9786 	EXP 	other_box: fillColor = '#FFFCA6'
30.9953 	EXP 	self_box: fillColor = '#A6A9FF'
30.9953 	EXP 	other_box: fillColor = '#FFFCA6'
31.0119 	EXP 	self_box: fillColor = '#A6A9FF'
31.0119 	EXP 	other_box: fillColor = '#FFFCA6'
31.0288 	EXP 	self_box: fillColor = '#A6A9FF'
31.0288 	EXP 	other_box: fillColor = '#FFFCA6'
31.0453 	EXP 	self_box: fillColor = '#A6A9FF'
31.0453 	EXP 	other_box: fillColor = '#FFFCA6'
31.0620 	EXP 	self_box: fillColor = '#A6A9FF'
31.0620 	EXP 	other_box: fillColor = '#FFFCA6'
31.0788 	EXP 	self_box: fillColor = '#A6A9FF'
31.0788 	EXP 	other_box: fillColor = '#FFFCA6'
31.0954 	EXP 	self_box: fillColor = '#A6A9FF'
31.0954 	EXP 	other_box: fillColor = '#FFFCA6'
31.1121 	EXP 	self_box: fillColor = '#A6A9FF'
31.1121 	EXP 	other_box: fillColor = '#FFFCA6'
31.1288 	EXP 	self_box: fillColor = '#A6A9FF'
31.1288 	EXP 	other_box: fillColor = '#FFFCA6'
31.1455 	EXP 	self_box: fillColor = '#3E45FA'
31.1455 	EXP 	other_box: fillColor = '#FFFCA6'
31.1622 	EXP 	self_box: fillColor = '#3E45FA'
31.1622 	EXP 	other_box: fillColor = '#FFFCA6'
31.1788 	EXP 	self_box: fillColor = '#3E45FA'
31.1788 	EXP 	other_box: fillColor = '#FFFCA6'
31.1955 	EXP 	self_box: fillColor = '#3E45FA'
31.1955 	EXP 	other_box: fillColor = '#FFFCA6'
31.2123 	EXP 	self_box: fillColor = '#3E45FA'
31.2123 	EXP 	other_box: fillColor = '#FFFCA6'
31.2290 	EXP 	self_box: fillColor = '#3E45FA'
31.2290 	EXP 	other_box: fillColor = '#FFFCA6'
31.2457 	EXP 	self_box: fillColor = '#3E45FA'
31.2457 	EXP 	other_box: fillColor = '#FFFCA6'
31.2624 	EXP 	self_box: fillColor = '#3E45FA'
31.2624 	EXP 	other_box: fillColor = '#FFFCA6'
31.2791 	EXP 	self_box: fillColor = '#3E45FA'
31.2791 	EXP 	other_box: fillColor = '#FFFCA6'
31.2957 	EXP 	self_box: fillColor = '#3E45FA'
31.2957 	EXP 	other_box: fillColor = '#FFFCA6'
31.3124 	EXP 	self_box: fillColor = '#3E45FA'
31.3124 	EXP 	other_box: fillColor = '#FFFCA6'
31.3292 	EXP 	self_box: fillColor = '#3E45FA'
31.3292 	EXP 	other_box: fillColor = '#FFFCA6'
31.3459 	EXP 	self_box: fillColor = '#3E45FA'
31.3459 	EXP 	other_box: fillColor = '#FFFCA6'
31.3625 	EXP 	self_box: fillColor = '#3E45FA'
31.3625 	EXP 	other_box: fillColor = '#FFFCA6'
31.3792 	EXP 	self_box: fillColor = '#3E45FA'
31.3792 	EXP 	other_box: fillColor = '#FFFCA6'
31.3959 	EXP 	self_box: fillColor = '#3E45FA'
31.3959 	EXP 	other_box: fillColor = '#FFFCA6'
31.4126 	EXP 	self_box: fillColor = '#3E45FA'
31.4126 	EXP 	other_box: fillColor = '#FFFCA6'
31.4130 	DATA 	Mouse: Left button down, pos=(374,186)
31.4144 	EXP 	New trial (rep=0, index=4): {'word': u'word9.1', 'amount': u'unmodified', 'list': u'list9', 'trialtype': u'unmodified', 'trialtype_extended': u'unmodified'}
31.4211 	DATA 	Mouse: Left button up, pos=(374,186)
31.4292 	EXP 	self_box: fillColor = '#3E45FA'
31.4292 	EXP 	other_box: fillColor = '#FFFCA6'
31.4292 	EXP 	question: autoDraw = False
31.4292 	EXP 	self_box: autoDraw = False
31.4292 	EXP 	self_label: autoDraw = False
31.4292 	EXP 	other_box: autoDraw = False
31.4292 	EXP 	other_label: autoDraw = False
31.4292 	EXP 	text: text = u'word9.1'
32.4476 	EXP 	text: autoDraw = True
34.9850 	EXP 	text: autoDraw = False
34.9850 	EXP 	question: autoDraw = True
34.9850 	EXP 	self_box: autoDraw = True
34.9850 	EXP 	self_label: autoDraw = True
34.9850 	EXP 	other_box: autoDraw = True
34.9850 	EXP 	other_label: autoDraw = True
34.9850 	EXP 	self_box: fillColor = '#A6A9FF'
34.9850 	EXP 	other_box: fillColor = '#FFFCA6'
35.0016 	EXP 	self_box: fillColor = '#A6A9FF'
35.0016 	EXP 	other_box: fillColor = '#FFFCA6'
35.0184 	EXP 	self_box: fillColor = '#A6A9FF'
35.0184 	EXP 	other_box: fillColor = '#FFFCA6'
35.0350 	EXP 	self_box: fillColor = '#A6A9FF'
35.0350 	EXP 	other_box: fillColor = '#FFFCA6'
35.0517 	EXP 	self_box: fillColor = '#A6A9FF'
35.0517 	EXP 	other_box: fillColor = '#FFFCA6'
35.0684 	EXP 	self_box: fillColor = '#A6A9FF'
35.0684 	EXP 	other_box: fillColor = '#FFFCA6'
35.0851 	EXP 	self_box: fillColor = '#A6A9FF'
35.0851 	EXP 	other_box: fillColor = '#FFFCA6'
35.1017 	EXP 	self_box: fillColor = '#A6A9FF'
35.1017 	EXP 	other_box: fillColor = '#FFFCA6'
35.1184 	EXP 	self_box: fillColor = '#A6A9FF'
35.1184 	EXP 	other_box: fillColor = '#FFFCA6'
35.1353 	EXP 	self_box: fillColor = '#A6A9FF'
35.1353 	EXP 	other_box: fillColor = '#FFFCA6'
35.1519 	EXP 	self_box: fillColor = '#A6A9FF'
35.1519 	EXP 	other_box: fillColor = '#FFFCA6'
35.1686 	EXP 	self_box: fillColor = '#A6A9FF'
35.1686 	EXP 	other_box: fillColor = '#FFFCA6'
35.1853 	EXP 	self_box: fillColor = '#A6A9FF'
35.1853 	EXP 	other_box: fillColor = '#FFFCA6'
35.2019 	EXP 	self_box: fillColor = '#A6A9FF'
35.2019 	EXP 	other_box: fillColor = '#FFFCA6'
35.2187 	EXP 	self_box: fillColor = '#A6A9FF'
35.2187 	EXP 	other_box: fillColor = '#FFFCA6'
35.2354 	EXP 	self_box: fillColor = '#A6A9FF'
35.2354 	EXP 	other_box: fillColor = '#FFFCA6'
35.2520 	EXP 	self_box: fillColor = '#A6A9FF'
35.2520 	EXP 	other_box: fillColor = '#FFFCA6'
35.2687 	EXP 	self_box: fillColor = '#A6A9FF'
35.2687 	EXP 	other_box: fillColor = '#FFFCA6'
35.2856 	EXP 	self_box: fillColor = '#A6A9FF'
35.2856 	EXP 	other_box: fillColor = '#FFFCA6'
35.3022 	EXP 	self_box: fillColor = '#A6A9FF'
35.3022 	EXP 	other_box: fillColor = '#FFFCA6'
35.3188 	EXP 	self_box: fillColor = '#A6A9FF'
35.3188 	EXP 	other_box: fillColor = '#FAF33E'
35.3356 	EXP 	self_box: fillColor = '#A6A9FF'
35.3356 	EXP 	other_box: fillColor = '#FAF33E'
35.3522 	EXP 	self_box: fillColor = '#A6A9FF'
35.3522 	EXP 	other_box: fillColor = '#FAF33E'
35.3690 	EXP 	self_box: fillColor = '#A6A9FF'
35.3690 	EXP 	other_box: fillColor = '#FAF33E'
35.3857 	EXP 	self_box: fillColor = '#A6A9FF'
35.3857 	EXP 	other_box: fillColor = '#FAF33E'
35.4022 	EXP 	self_box: fillColor = '#A6A9FF'
35.4022 	EXP 	other_box: fillColor = '#FAF33E'
35.4190 	EXP 	self_box: fillColor = '#A6A9FF'
35.4190 	EXP 	other_box: fillColor = '#FAF33E'
35.4357 	EXP 	self_box: fillColor = '#A6A9FF'
35.4357 	EXP 	other_box: fillColor = '#FAF33E'
35.4523 	EXP 	self_box: fillColor = '#A6A9FF'
35.4523 	EXP 	other_box: fillColor = '#FAF33E'
35.4691 	EXP 	self_box: fillColor = '#A6A9FF'
35.4691 	EXP 	other_box: fillColor = '#FAF33E'
35.4858 	EXP 	self_box: fillColor = '#A6A9FF'
35.4858 	EXP 	other_box: fillColor = '#FAF33E'
35.5024 	EXP 	self_box: fillColor = '#A6A9FF'
35.5024 	EXP 	other_box: fillColor = '#FAF33E'
35.5192 	EXP 	self_box: fillColor = '#A6A9FF'
35.5192 	EXP 	other_box: fillColor = '#FAF33E'
35.5359 	EXP 	self_box: fillColor = '#A6A9FF'
35.5359 	EXP 	other_box: fillColor = '#FAF33E'
35.5526 	EXP 	self_box: fillColor = '#A6A9FF'
35.5526 	EXP 	other_box: fillColor = '#FAF33E'
35.5532 	DATA 	Mouse: Left button down, pos=(1042,247)
35.5551 	EXP 	New trial (rep=0, index=5): {'word': u'word6.1', 'amount': u'-1.5', 'list': u'list6', 'trialtype': u'pitch', 'trialtype_extended': u'pitch_lower_large'}
35.5617 	DATA 	Mouse: Left button up, pos=(1042,247)
35.5692 	EXP 	self_box: fillColor = '#A6A9FF'
35.5692 	EXP 	other_box: fillColor = '#FAF33E'
35.5692 	EXP 	question: autoDraw = False
35.5692 	EXP 	self_box: autoDraw = False
35.5692 	EXP 	self_label: autoDraw = False
35.5692 	EXP 	other_box: autoDraw = False
35.5692 	EXP 	other_label: autoDraw = False
35.5692 	EXP 	text: text = u'word6.1'
36.5876 	EXP 	text: autoDraw = True
38.9078 	EXP 	text: autoDraw = False
38.9078 	EXP 	question: autoDraw = True
38.9078 	EXP 	self_box: autoDraw = True
38.9078 	EXP 	self_label: autoDraw = True
38.9078 	EXP 	other_box: autoDraw = True
38.9078 	EXP 	other_label: autoDraw = True
38.9078 	EXP 	self_box: fillColor = '#A6A9FF'
38.9078 	EXP 	other_box: fillColor = '#FFFCA6'
38.9245 	EXP 	self_box: fillColor = '#A6A9FF'
38.9245 	EXP 	other_box: fillColor = '#FFFCA6'
38.9412 	EXP 	self_box: fillColor = '#A6A9FF'
38.9412 	EXP 	other_box: fillColor = '#FFFCA6'
38.9580 	EXP 	self_box: fillColor = '#A6A9FF'
38.9580 	EXP 	other_box: fillColor = '#FFFCA6'
38.9746 	EXP 	self_box: fillColor = '#A6A9FF'
38.9746 	EXP 	other_box: fillColor = '#FFFCA6'
38.9912 	EXP 	self_box: fillColor = '#A6A9FF'
38.9912 	EXP 	other_box: fillColor = '#FFFCA6'
39.0080 	EXP 	self_box: fillColor = '#A6A9FF'
39.0080 	EXP 	other_box: fillColor = '#FFFCA6'
39.0248 	EXP 	self_box: fillColor = '#A6A9FF'
39.0248 	EXP 	other_box: fillColor = '#FFFCA6'
39.0414 	EXP 	self_box: fillColor = '#A6A9FF'
39.0414 	EXP 	other_box: fillColor = '#FFFCA6'
39.0582 	EXP 	self_box: fillColor = '#A6A9FF'
39.0582 	EXP 	other_box: fillColor = '#FFFCA6'
39.0747 	EXP 	self_box: fillColor = '#A6A9FF'
39.0747 	EXP 	other_box: fillColor = '#FFFCA6'
39.0915 	EXP 	self_box: fillColor = '#A6A9FF'
39.0915 	EXP 	other_box: fillColor = '#FFFCA6'
39.1083 	EXP 	self_box: fillColor = '#A6A9FF'
39.1083 	EXP 	other_box: fillColor = '#FFFCA6'
39.1249 	EXP 	self_box: fillColor = '#A6A9FF'
39.1249 	EXP 	other_box: fillColor = '#FFFCA6'
39.1415 	EXP 	self_box: fillColor = '#A6A9FF'
39.1415 	EXP 	other_box: fillColor = '#FFFCA6'
39.1583 	EXP 	self_box: fillColor = '#A6A9FF'
39.1583 	EXP 	other_box: fillColor = '#FFFCA6'
39.1749 	EXP 	self_box: fillColor = '#A6A9FF'
39.1749 	EXP 	other_box: fillColor = '#FFFCA6'
39.1916 	EXP 	self_box: fillColor = '#A6A9FF'
39.1916 	EXP 	other_box: fillColor = '#FFFCA6'
39.2083 	EXP 	self_box: fillColor = '#A6A9FF'
39.2083 	EXP 	other_box: fillColor = '#FFFCA6'
39.2251 	EXP 	self_box: fillColor = '#A6A9FF'
39.2251 	EXP 	other_box: fillColor = '#FFFCA6'
39.2418 	EXP 	self_box: fillColor = '#A6A9FF'
39.2418 	EXP 	other_box: fillColor = '#FFFCA6'
39.2585 	EXP 	self_box: fillColor = '#A6A9FF'
39.2585 	EXP 	other_box: fillColor = '#FFFCA6'
39.2751 	EXP 	self_box: fillColor = '#A6A9FF'
39.2751 	EXP 	other_box: fillColor = '#FFFCA6'
39.2917 	EXP 	self_box: fillColor = '#A6A9FF'
39.2917 	EXP 	other_box: fillColor = '#FFFCA6'
39.3085 	EXP 	self_box: fillColor = '#A6A9FF'
39.3085 	EXP 	other_box: fillColor = '#FFFCA6'
39.3253 	EXP 	self_box: fillColor = '#A6A9FF'
39.3253 	EXP 	other_box: fillColor = '#FFFCA6'
39.3419 	EXP 	self_box: fillColor = '#A6A9FF'
39.3419 	EXP 	other_box: fillColor = '#FFFCA6'
39.3586 	EXP 	self_box: fillColor = '#A6A9FF'
39.3586 	EXP 	other_box: fillColor = '#FFFCA6'
39.3753 	EXP 	self_box: fillColor = '#A6A9FF'
39.3753 	EXP 	other_box: fillColor = '#FFFCA6'
39.3920 	EXP 	self_box: fillColor = '#3E45FA'
39.3920 	EXP 	other_box: fillColor = '#FFFCA6'
39.4087 	EXP 	self_box: fillColor = '#3E45FA'
39.4087 	EXP 	other_box: fillColor = '#FFFCA6'
39.4255 	EXP 	self_box: fillColor = '#3E45FA'
39.4255 	EXP 	other_box: fillColor = '#FFFCA6'
39.4421 	EXP 	self_box: fillColor = '#3E45FA'
39.4421 	EXP 	other_box: fillColor = '#FFFCA6'
39.4589 	EXP 	self_box: fillColor = '#3E45FA'
39.4589 	EXP 	other_box: fillColor = '#FFFCA6'
39.4755 	EXP 	self_box: fillColor = '#3E45FA'
39.4755 	EXP 	other_box: fillColor = '#FFFCA6'
39.4921 	EXP 	self_box: fillColor = '#3E45FA'
39.4921 	EXP 	other_box: fillColor = '#FFFCA6'
39.5088 	EXP 	self_box: fillColor = '#3E45FA'
39.5088 	EXP 	other_box: fillColor = '#FFFCA6'
39.5256 	EXP 	self_box: fillColor = '#3E45FA'
39.5256 	EXP 	other_box: fillColor = '#FFFCA6'
39.5423 	EXP 	self_box: fillColor = '#3E45FA'
39.5423 	EXP 	other_box: fillColor = '#FFFCA6'
39.5589 	EXP 	self_box: fillColor = '#3E45FA'
39.5589 	EXP 	other_box: fillColor = '#FFFCA6'
39.5756 	EXP 	self_box: fillColor = '#3E45FA'
39.5756 	EXP 	other_box: fillColor = '#FFFCA6'
39.5924 	EXP 	self_box: fillColor = '#3E45FA'
39.5924 	EXP 	other_box: fillColor = '#FFFCA6'
39.6091 	EXP 	self_box: fillColor = '#3E45FA'
39.6091 	EXP 	other_box: fillColor = '#FFFCA6'
39.6257 	EXP 	self_box: fillColor = '#3E45FA'
39.6257 	EXP 	other_box: fillColor = '#FFFCA6'
39.6424 	EXP 	self_box: fillColor = '#3E45FA'
39.6424 	EXP 	other_box: fillColor = '#FFFCA6'
39.6590 	EXP 	self_box: fillColor = '#3E45FA'
39.6590 	EXP 	other_box: fillColor = '#FFFCA6'
39.6595 	DATA 	Mouse: Left button down, pos=(383,260)
39.6597 	DATA 	Mouse: Left button up, pos=(383,260)
39.6756 	EXP 	self_box: fillColor = '#3E45FA'
39.6756 	EXP 	other_box: fillColor = '#FFFCA6'
39.6924 	EXP 	self_box: fillColor = '#3E45FA'
39.6924 	EXP 	other_box: fillColor = '#FFFCA6'
39.7091 	EXP 	self_box: fillColor = '#3E45FA'
39.7091 	EXP 	other_box: fillColor = '#FFFCA6'
39.7257 	EXP 	self_box: fillColor = '#3E45FA'
39.7257 	EXP 	other_box: fillColor = '#FFFCA6'
39.7425 	EXP 	self_box: fillColor = '#3E45FA'
39.7425 	EXP 	other_box: fillColor = '#FFFCA6'
39.7592 	EXP 	self_box: fillColor = '#3E45FA'
39.7592 	EXP 	other_box: fillColor = '#FFFCA6'
39.7759 	EXP 	self_box: fillColor = '#3E45FA'
39.7759 	EXP 	other_box: fillColor = '#FFFCA6'
39.7927 	EXP 	self_box: fillColor = '#3E45FA'
39.7927 	EXP 	other_box: fillColor = '#FFFCA6'
39.8093 	EXP 	self_box: fillColor = '#3E45FA'
39.8093 	EXP 	other_box: fillColor = '#FFFCA6'
39.8260 	EXP 	self_box: fillColor = '#3E45FA'
39.8260 	EXP 	other_box: fillColor = '#FFFCA6'
39.8426 	EXP 	self_box: fillColor = '#3E45FA'
39.8426 	EXP 	other_box: fillColor = '#FFFCA6'
39.8593 	EXP 	self_box: fillColor = '#3E45FA'
39.8593 	EXP 	other_box: fillColor = '#FFFCA6'
39.8760 	EXP 	self_box: fillColor = '#3E45FA'
39.8760 	EXP 	other_box: fillColor = '#FFFCA6'
39.8927 	EXP 	self_box: fillColor = '#3E45FA'
39.8927 	EXP 	other_box: fillColor = '#FFFCA6'
39.9094 	EXP 	self_box: fillColor = '#3E45FA'
39.9094 	EXP 	other_box: fillColor = '#FFFCA6'
39.9261 	EXP 	self_box: fillColor = '#3E45FA'
39.9261 	EXP 	other_box: fillColor = '#FFFCA6'
39.9429 	EXP 	self_box: fillColor = '#A6A9FF'
39.9429 	EXP 	other_box: fillColor = '#FFFCA6'
39.9596 	EXP 	self_box: fillColor = '#A6A9FF'
39.9596 	EXP 	other_box: fillColor = '#FFFCA6'
39.9762 	EXP 	self_box: fillColor = '#A6A9FF'
39.9762 	EXP 	other_box: fillColor = '#FFFCA6'
39.9929 	EXP 	self_box: fillColor = '#A6A9FF'
39.9929 	EXP 	other_box: fillColor = '#FFFCA6'
40.0095 	EXP 	self_box: fillColor = '#A6A9FF'
40.0095 	EXP 	other_box: fillColor = '#FFFCA6'
40.0263 	EXP 	self_box: fillColor = '#A6A9FF'
40.0263 	EXP 	other_box: fillColor = '#FFFCA6'
40.0431 	EXP 	self_box: fillColor = '#A6A9FF'
40.0431 	EXP 	other_box: fillColor = '#FFFCA6'
40.0597 	EXP 	self_box: fillColor = '#A6A9FF'
40.0597 	EXP 	other_box: fillColor = '#FFFCA6'
40.0764 	EXP 	self_box: fillColor = '#A6A9FF'
40.0764 	EXP 	other_box: fillColor = '#FFFCA6'
40.0931 	EXP 	self_box: fillColor = '#A6A9FF'
40.0931 	EXP 	other_box: fillColor = '#FFFCA6'
40.1098 	EXP 	self_box: fillColor = '#A6A9FF'
40.1098 	EXP 	other_box: fillColor = '#FFFCA6'
40.1265 	EXP 	self_box: fillColor = '#A6A9FF'
40.1265 	EXP 	other_box: fillColor = '#FFFCA6'
40.1432 	EXP 	self_box: fillColor = '#A6A9FF'
40.1432 	EXP 	other_box: fillColor = '#FFFCA6'
40.1598 	EXP 	self_box: fillColor = '#A6A9FF'
40.1598 	EXP 	other_box: fillColor = '#FFFCA6'
40.1766 	EXP 	self_box: fillColor = '#A6A9FF'
40.1766 	EXP 	other_box: fillColor = '#FFFCA6'
40.1933 	EXP 	self_box: fillColor = '#A6A9FF'
40.1933 	EXP 	other_box: fillColor = '#FFFCA6'
40.2099 	EXP 	self_box: fillColor = '#A6A9FF'
40.2099 	EXP 	other_box: fillColor = '#FFFCA6'
40.2267 	EXP 	self_box: fillColor = '#A6A9FF'
40.2267 	EXP 	other_box: fillColor = '#FFFCA6'
40.2433 	EXP 	self_box: fillColor = '#A6A9FF'
40.2433 	EXP 	other_box: fillColor = '#FFFCA6'
40.2600 	EXP 	self_box: fillColor = '#A6A9FF'
40.2600 	EXP 	other_box: fillColor = '#FFFCA6'
40.2767 	EXP 	self_box: fillColor = '#A6A9FF'
40.2767 	EXP 	other_box: fillColor = '#FFFCA6'
40.2934 	EXP 	self_box: fillColor = '#A6A9FF'
40.2934 	EXP 	other_box: fillColor = '#FFFCA6'
40.3101 	EXP 	self_box: fillColor = '#A6A9FF'
40.3101 	EXP 	other_box: fillColor = '#FFFCA6'
40.3268 	EXP 	self_box: fillColor = '#3E45FA'
40.3268 	EXP 	other_box: fillColor = '#FFFCA6'
40.3434 	EXP 	self_box: fillColor = '#3E45FA'
40.3434 	EXP 	other_box: fillColor = '#FFFCA6'
40.3602 	EXP 	self_box: fillColor = '#3E45FA'
40.3602 	EXP 	other_box: fillColor = '#FFFCA6'
40.3769 	EXP 	self_box: fillColor = '#3E45FA'
40.3769 	EXP 	other_box: fillColor = '#FFFCA6'
40.3936 	EXP 	self_box: fillColor = '#3E45FA'
40.3936 	EXP 	other_box: fillColor = '#FFFCA6'
40.4103 	EXP 	self_box: fillColor = '#3E45FA'
40.4103 	EXP 	other_box: fillColor = '#FFFCA6'
40.4270 	EXP 	self_box: fillColor = '#3E45FA'
40.4270 	EXP 	other_box: fillColor = '#FFFCA6'
40.4436 	EXP 	self_box: fillColor = '#3E45FA'
40.4436 	EXP 	other_box: fillColor = '#FFFCA6'
40.4603 	EXP 	self_box: fillColor = '#3E45FA'
40.4603 	EXP 	other_box: fillColor = '#FFFCA6'
40.4770 	EXP 	self_box: fillColor = '#3E45FA'
40.4770 	EXP 	other_box: fillColor = '#FFFCA6'
40.4937 	EXP 	self_box: fillColor = '#3E45FA'
40.4937 	EXP 	other_box: fillColor = '#FFFCA6'
40.5104 	EXP 	self_box: fillColor = '#3E45FA'
40.5104 	EXP 	other_box: fillColor = '#FFFCA6'
40.5271 	EXP 	self_box: fillColor = '#3E45FA'
40.5271 	EXP 	other_box: fillColor = '#FFFCA6'
40.5276 	DATA 	Mouse: Left button down, pos=(406,267)
40.5289 	EXP 	New trial (rep=0, index=6): {'word': u'word3.1', 'amount': u'0.9', 'list': u'list3', 'trialtype': u'speed', 'trialtype_extended': u'slow_small'}
40.5439 	EXP 	self_box: fillColor = '#3E45FA'
40.5439 	EXP 	other_box: fillColor = '#FFFCA6'
40.5439 	EXP 	question: autoDraw = False
40.5439 	EXP 	self_box: autoDraw = False
40.5439 	EXP 	self_label: autoDraw = False
40.5439 	EXP 	other_box: autoDraw = False
40.5439 	EXP 	other_label: autoDraw = False
40.5439 	EXP 	text: text = u'word3.1'
40.5777 	DATA 	Mouse: Left button up, pos=(406,267)
41.5621 	EXP 	text: autoDraw = True
47.2211 	EXP 	text: autoDraw = False
47.2211 	EXP 	question: autoDraw = True
47.2211 	EXP 	self_box: autoDraw = True
47.2211 	EXP 	self_label: autoDraw = True
47.2211 	EXP 	other_box: autoDraw = True
47.2211 	EXP 	other_label: autoDraw = True
47.2211 	EXP 	self_box: fillColor = '#A6A9FF'
47.2211 	EXP 	other_box: fillColor = '#FFFCA6'
47.2377 	EXP 	self_box: fillColor = '#A6A9FF'
47.2377 	EXP 	other_box: fillColor = '#FFFCA6'
47.2545 	EXP 	self_box: fillColor = '#A6A9FF'
47.2545 	EXP 	other_box: fillColor = '#FFFCA6'
47.2711 	EXP 	self_box: fillColor = '#A6A9FF'
47.2711 	EXP 	other_box: fillColor = '#FFFCA6'
47.2879 	EXP 	self_box: fillColor = '#A6A9FF'
47.2879 	EXP 	other_box: fillColor = '#FFFCA6'
47.3045 	EXP 	self_box: fillColor = '#A6A9FF'
47.3045 	EXP 	other_box: fillColor = '#FFFCA6'
47.3212 	EXP 	self_box: fillColor = '#A6A9FF'
47.3212 	EXP 	other_box: fillColor = '#FFFCA6'
47.3379 	EXP 	self_box: fillColor = '#A6A9FF'
47.3379 	EXP 	other_box: fillColor = '#FFFCA6'
47.3546 	EXP 	self_box: fillColor = '#A6A9FF'
47.3546 	EXP 	other_box: fillColor = '#FFFCA6'
47.3713 	EXP 	self_box: fillColor = '#A6A9FF'
47.3713 	EXP 	other_box: fillColor = '#FFFCA6'
47.3880 	EXP 	self_box: fillColor = '#A6A9FF'
47.3880 	EXP 	other_box: fillColor = '#FFFCA6'
47.4047 	EXP 	self_box: fillColor = '#A6A9FF'
47.4047 	EXP 	other_box: fillColor = '#FFFCA6'
47.4214 	EXP 	self_box: fillColor = '#A6A9FF'
47.4214 	EXP 	other_box: fillColor = '#FFFCA6'
47.4381 	EXP 	self_box: fillColor = '#A6A9FF'
47.4381 	EXP 	other_box: fillColor = '#FFFCA6'
47.4548 	EXP 	self_box: fillColor = '#A6A9FF'
47.4548 	EXP 	other_box: fillColor = '#FFFCA6'
47.4714 	EXP 	self_box: fillColor = '#A6A9FF'
47.4714 	EXP 	other_box: fillColor = '#FFFCA6'
47.4881 	EXP 	self_box: fillColor = '#A6A9FF'
47.4881 	EXP 	other_box: fillColor = '#FFFCA6'
47.5049 	EXP 	self_box: fillColor = '#A6A9FF'
47.5049 	EXP 	other_box: fillColor = '#FFFCA6'
47.5216 	EXP 	self_box: fillColor = '#A6A9FF'
47.5216 	EXP 	other_box: fillColor = '#FFFCA6'
47.5383 	EXP 	self_box: fillColor = '#A6A9FF'
47.5383 	EXP 	other_box: fillColor = '#FFFCA6'
47.5549 	EXP 	self_box: fillColor = '#A6A9FF'
47.5549 	EXP 	other_box: fillColor = '#FFFCA6'
47.5716 	EXP 	self_box: fillColor = '#A6A9FF'
47.5716 	EXP 	other_box: fillColor = '#FFFCA6'
47.5883 	EXP 	self_box: fillColor = '#A6A9FF'
47.5883 	EXP 	other_box: fillColor = '#FFFCA6'
47.6050 	EXP 	self_box: fillColor = '#A6A9FF'
47.6050 	EXP 	other_box: fillColor = '#FFFCA6'
47.6217 	EXP 	self_box: fillColor = '#A6A9FF'
47.6217 	EXP 	other_box: fillColor = '#FFFCA6'
47.6384 	EXP 	self_box: fillColor = '#A6A9FF'
47.6384 	EXP 	other_box: fillColor = '#FFFCA6'
47.6551 	EXP 	self_box: fillColor = '#A6A9FF'
47.6551 	EXP 	other_box: fillColor = '#FFFCA6'
47.6718 	EXP 	self_box: fillColor = '#A6A9FF'
47.6718 	EXP 	other_box: fillColor = '#FFFCA6'
47.6886 	EXP 	self_box: fillColor = '#A6A9FF'
47.6886 	EXP 	other_box: fillColor = '#FFFCA6'
47.7053 	EXP 	self_box: fillColor = '#A6A9FF'
47.7053 	EXP 	other_box: fillColor = '#FFFCA6'
47.7219 	EXP 	self_box: fillColor = '#A6A9FF'
47.7219 	EXP 	other_box: fillColor = '#FFFCA6'
47.7387 	EXP 	self_box: fillColor = '#A6A9FF'
47.7387 	EXP 	other_box: fillColor = '#FFFCA6'
47.7556 	EXP 	self_box: fillColor = '#A6A9FF'
47.7556 	EXP 	other_box: fillColor = '#FFFCA6'
47.7719 	EXP 	self_box: fillColor = '#A6A9FF'
47.7719 	EXP 	other_box: fillColor = '#FFFCA6'
47.7886 	EXP 	self_box: fillColor = '#A6A9FF'
47.7886 	EXP 	other_box: fillColor = '#FFFCA6'
47.8053 	EXP 	self_box: fillColor = '#A6A9FF'
47.8053 	EXP 	other_box: fillColor = '#FFFCA6'
47.8221 	EXP 	self_box: fillColor = '#A6A9FF'
47.8221 	EXP 	other_box: fillColor = '#FFFCA6'
47.8388 	EXP 	self_box: fillColor = '#A6A9FF'
47.8388 	EXP 	other_box: fillColor = '#FFFCA6'
47.8554 	EXP 	self_box: fillColor = '#A6A9FF'
47.8554 	EXP 	other_box: fillColor = '#FFFCA6'
47.8721 	EXP 	self_box: fillColor = '#A6A9FF'
47.8721 	EXP 	other_box: fillColor = '#FFFCA6'
47.8888 	EXP 	self_box: fillColor = '#A6A9FF'
47.8888 	EXP 	other_box: fillColor = '#FFFCA6'
47.9055 	EXP 	self_box: fillColor = '#A6A9FF'
47.9055 	EXP 	other_box: fillColor = '#FFFCA6'
47.9222 	EXP 	self_box: fillColor = '#A6A9FF'
47.9222 	EXP 	other_box: fillColor = '#FFFCA6'
47.9389 	EXP 	self_box: fillColor = '#A6A9FF'
47.9389 	EXP 	other_box: fillColor = '#FFFCA6'
47.9556 	EXP 	self_box: fillColor = '#A6A9FF'
47.9556 	EXP 	other_box: fillColor = '#FFFCA6'
47.9722 	EXP 	self_box: fillColor = '#A6A9FF'
47.9722 	EXP 	other_box: fillColor = '#FFFCA6'
47.9889 	EXP 	self_box: fillColor = '#A6A9FF'
47.9889 	EXP 	other_box: fillColor = '#FFFCA6'
48.0056 	EXP 	self_box: fillColor = '#A6A9FF'
48.0056 	EXP 	other_box: fillColor = '#FFFCA6'
48.0223 	EXP 	self_box: fillColor = '#A6A9FF'
48.0223 	EXP 	other_box: fillColor = '#FFFCA6'
48.0390 	EXP 	self_box: fillColor = '#A6A9FF'
48.0390 	EXP 	other_box: fillColor = '#FFFCA6'
48.0557 	EXP 	self_box: fillColor = '#A6A9FF'
48.0557 	EXP 	other_box: fillColor = '#FFFCA6'
48.0724 	EXP 	self_box: fillColor = '#A6A9FF'
48.0724 	EXP 	other_box: fillColor = '#FFFCA6'
48.0891 	EXP 	self_box: fillColor = '#A6A9FF'
48.0891 	EXP 	other_box: fillColor = '#FFFCA6'
48.1058 	EXP 	self_box: fillColor = '#A6A9FF'
48.1058 	EXP 	other_box: fillColor = '#FFFCA6'
48.1224 	EXP 	self_box: fillColor = '#A6A9FF'
48.1224 	EXP 	other_box: fillColor = '#FFFCA6'
48.1391 	EXP 	self_box: fillColor = '#A6A9FF'
48.1391 	EXP 	other_box: fillColor = '#FFFCA6'
48.1560 	EXP 	self_box: fillColor = '#A6A9FF'
48.1560 	EXP 	other_box: fillColor = '#FFFCA6'
48.1726 	EXP 	self_box: fillColor = '#A6A9FF'
48.1726 	EXP 	other_box: fillColor = '#FFFCA6'
48.1893 	EXP 	self_box: fillColor = '#A6A9FF'
48.1893 	EXP 	other_box: fillColor = '#FFFCA6'
48.2059 	EXP 	self_box: fillColor = '#A6A9FF'
48.2059 	EXP 	other_box: fillColor = '#FFFCA6'
48.2226 	EXP 	self_box: fillColor = '#A6A9FF'
48.2226 	EXP 	other_box: fillColor = '#FFFCA6'
48.2393 	EXP 	self_box: fillColor = '#A6A9FF'
48.2393 	EXP 	other_box: fillColor = '#FFFCA6'
48.2561 	EXP 	self_box: fillColor = '#A6A9FF'
48.2561 	EXP 	other_box: fillColor = '#FFFCA6'
48.2727 	EXP 	self_box: fillColor = '#A6A9FF'
48.2727 	EXP 	other_box: fillColor = '#FFFCA6'
48.2895 	EXP 	self_box: fillColor = '#A6A9FF'
48.2895 	EXP 	other_box: fillColor = '#FFFCA6'
48.3061 	EXP 	self_box: fillColor = '#A6A9FF'
48.3061 	EXP 	other_box: fillColor = '#FFFCA6'
48.3228 	EXP 	self_box: fillColor = '#A6A9FF'
48.3228 	EXP 	other_box: fillColor = '#FFFCA6'
48.3395 	EXP 	self_box: fillColor = '#A6A9FF'
48.3395 	EXP 	other_box: fillColor = '#FFFCA6'
48.3562 	EXP 	self_box: fillColor = '#A6A9FF'
48.3562 	EXP 	other_box: fillColor = '#FFFCA6'
48.3729 	EXP 	self_box: fillColor = '#A6A9FF'
48.3729 	EXP 	other_box: fillColor = '#FAF33E'
48.3896 	EXP 	self_box: fillColor = '#A6A9FF'
48.3896 	EXP 	other_box: fillColor = '#FAF33E'
48.4063 	EXP 	self_box: fillColor = '#A6A9FF'
48.4063 	EXP 	other_box: fillColor = '#FAF33E'
48.4231 	EXP 	self_box: fillColor = '#A6A9FF'
48.4231 	EXP 	other_box: fillColor = '#FAF33E'
48.4396 	EXP 	self_box: fillColor = '#A6A9FF'
48.4396 	EXP 	other_box: fillColor = '#FAF33E'
48.4564 	EXP 	self_box: fillColor = '#A6A9FF'
48.4564 	EXP 	other_box: fillColor = '#FAF33E'
48.4730 	EXP 	self_box: fillColor = '#A6A9FF'
48.4730 	EXP 	other_box: fillColor = '#FAF33E'
48.4897 	EXP 	self_box: fillColor = '#A6A9FF'
48.4897 	EXP 	other_box: fillColor = '#FAF33E'
48.5064 	EXP 	self_box: fillColor = '#A6A9FF'
48.5064 	EXP 	other_box: fillColor = '#FAF33E'
48.5231 	EXP 	self_box: fillColor = '#A6A9FF'
48.5231 	EXP 	other_box: fillColor = '#FAF33E'
48.5399 	EXP 	self_box: fillColor = '#A6A9FF'
48.5399 	EXP 	other_box: fillColor = '#FAF33E'
48.5565 	EXP 	self_box: fillColor = '#A6A9FF'
48.5565 	EXP 	other_box: fillColor = '#FAF33E'
48.5784 	DATA 	Mouse: Left button down, pos=(1054,253)
48.5885 	EXP 	New trial (rep=0, index=7): {'word': u'word4.1', 'amount': u'0.8', 'list': u'list4', 'trialtype': u'speed', 'trialtype_extended': u'slow_medium'}
48.6065 	EXP 	self_box: fillColor = '#A6A9FF'
48.6065 	EXP 	other_box: fillColor = '#FAF33E'
48.6065 	EXP 	question: autoDraw = False
48.6065 	EXP 	self_box: autoDraw = False
48.6065 	EXP 	self_label: autoDraw = False
48.6065 	EXP 	other_box: autoDraw = False
48.6065 	EXP 	other_label: autoDraw = False
48.6065 	EXP 	text: text = u'word4.1'
48.6737 	DATA 	Mouse: Left button up, pos=(1052,252)
49.6082 	EXP 	text: autoDraw = True
56.1525 	DATA 	Keypress: escape
